2026/03/10 16:08:30 - __main__ - INFO - 155 - main - Namespace(batch_size=1024, dataset='ml-1m', decay_step=100, description='Diffu_norm_score', device='cuda', diffusion_steps=32, diversity_measure=False, dropout=0.1, emb_dropout=0.3, epoch_time_avg=False, epochs=300, eval_interval=2, gamma=0.1, hidden_act='gelu', hidden_size=128, item_num=3706, lambda_contra=0.05, lambda_history=1.0, lambda_intent=0.6, log_file='log/', long_head=False, loss_lambda=0.001, lr=0.001, max_len=50, metric_ks=[5, 10, 20], momentum=None, noise_schedule='trunc_lin', num_blocks=4, num_cluster=8, num_gpu=1, num_hidden_layers=1, num_iter=20, optimizer='Adam', patience=10, random_seed=1997, rescale_timesteps=True, schedule_sampler_name='lossaware', weight_decay=0)
2026/03/10 16:08:39 - __main__ - INFO - 124 - trainer - Epoch: 0
2026/03/10 16:08:40 - __main__ - INFO - 142 - trainer - [0/960] Loss: 54.9991 Loss_contra: 0.0053
2026/03/10 16:09:15 - __main__ - INFO - 142 - trainer - [193/960] Loss: 16.5191 Loss_contra: 3.5502
2026/03/10 16:09:50 - __main__ - INFO - 142 - trainer - [386/960] Loss: 11.9058 Loss_contra: 3.5965
2026/03/10 16:10:25 - __main__ - INFO - 142 - trainer - [579/960] Loss: 8.6720 Loss_contra: 2.8216
2026/03/10 16:11:01 - __main__ - INFO - 142 - trainer - [772/960] Loss: 8.2349 Loss_contra: 2.2594
2026/03/10 16:11:35 - __main__ - INFO - 124 - trainer - Epoch: 1
2026/03/10 16:11:35 - __main__ - INFO - 142 - trainer - [0/960] Loss: 7.9877 Loss_contra: 2.4009
2026/03/10 16:12:10 - __main__ - INFO - 142 - trainer - [193/960] Loss: 7.8842 Loss_contra: 2.2643
2026/03/10 16:12:45 - __main__ - INFO - 142 - trainer - [386/960] Loss: 7.7351 Loss_contra: 2.0375
2026/03/10 16:13:20 - __main__ - INFO - 142 - trainer - [579/960] Loss: 7.6392 Loss_contra: 1.7696
2026/03/10 16:13:56 - __main__ - INFO - 142 - trainer - [772/960] Loss: 7.5167 Loss_contra: 1.5786
2026/03/10 16:14:30 - __main__ - INFO - 124 - trainer - Epoch: 2
2026/03/10 16:14:30 - __main__ - INFO - 142 - trainer - [0/960] Loss: 7.4330 Loss_contra: 1.3244
2026/03/10 16:15:06 - __main__ - INFO - 142 - trainer - [193/960] Loss: 7.3074 Loss_contra: 1.1848
2026/03/10 16:15:41 - __main__ - INFO - 142 - trainer - [386/960] Loss: 7.1690 Loss_contra: 1.0414
2026/03/10 16:16:16 - __main__ - INFO - 142 - trainer - [579/960] Loss: 7.1335 Loss_contra: 0.9226
2026/03/10 16:16:52 - __main__ - INFO - 142 - trainer - [772/960] Loss: 6.8981 Loss_contra: 0.9428
2026/03/10 16:17:26 - __main__ - INFO - 152 - trainer - start predicting: 2026-03-10 16:17:26.377040
2026/03/10 16:17:33 - __main__ - INFO - 187 - trainer - {'Best_HR@5': 5.0667, 'Best_NDCG@5': 3.1098, 'Best_HR@10': 9.3048, 'Best_NDCG@10': 4.4743, 'Best_HR@20': 15.8046, 'Best_NDCG@20': 6.108}
2026/03/10 16:17:33 - __main__ - INFO - 188 - trainer - {'Best_epoch_HR@5': 2, 'Best_epoch_NDCG@5': 2, 'Best_epoch_HR@10': 2, 'Best_epoch_NDCG@10': 2, 'Best_epoch_HR@20': 2, 'Best_epoch_NDCG@20': 2}
2026/03/10 16:17:33 - __main__ - INFO - 124 - trainer - Epoch: 3
2026/03/10 16:17:33 - __main__ - INFO - 142 - trainer - [0/960] Loss: 6.9127 Loss_contra: 0.7186
2026/03/10 16:18:08 - __main__ - INFO - 142 - trainer - [193/960] Loss: 6.8821 Loss_contra: 0.7907
2026/03/10 16:18:43 - __main__ - INFO - 142 - trainer - [386/960] Loss: 6.6979 Loss_contra: 0.7535
2026/03/10 16:19:19 - __main__ - INFO - 142 - trainer - [579/960] Loss: 6.7466 Loss_contra: 0.7121
2026/03/10 16:19:54 - __main__ - INFO - 142 - trainer - [772/960] Loss: 6.7218 Loss_contra: 0.6290
2026/03/10 16:20:28 - __main__ - INFO - 124 - trainer - Epoch: 4
2026/03/10 16:20:29 - __main__ - INFO - 142 - trainer - [0/960] Loss: 6.6565 Loss_contra: 0.5788
2026/03/10 16:21:04 - __main__ - INFO - 142 - trainer - [193/960] Loss: 6.5741 Loss_contra: 0.5994
2026/03/10 16:21:39 - __main__ - INFO - 142 - trainer - [386/960] Loss: 6.4115 Loss_contra: 0.5911
2026/03/10 16:22:16 - __main__ - INFO - 142 - trainer - [579/960] Loss: 6.4069 Loss_contra: 0.5791
2026/03/10 16:22:51 - __main__ - INFO - 142 - trainer - [772/960] Loss: 6.4334 Loss_contra: 0.5700
2026/03/10 16:23:25 - __main__ - INFO - 152 - trainer - start predicting: 2026-03-10 16:23:25.482312
2026/03/10 16:23:32 - __main__ - INFO - 187 - trainer - {'Best_HR@5': 8.6249, 'Best_NDCG@5': 5.2854, 'Best_HR@10': 14.8619, 'Best_NDCG@10': 7.2771, 'Best_HR@20': 23.523, 'Best_NDCG@20': 9.4559}
2026/03/10 16:23:32 - __main__ - INFO - 188 - trainer - {'Best_epoch_HR@5': 4, 'Best_epoch_NDCG@5': 4, 'Best_epoch_HR@10': 4, 'Best_epoch_NDCG@10': 4, 'Best_epoch_HR@20': 4, 'Best_epoch_NDCG@20': 4}
2026/03/10 16:23:32 - __main__ - INFO - 124 - trainer - Epoch: 5
2026/03/10 16:23:32 - __main__ - INFO - 142 - trainer - [0/960] Loss: 6.4616 Loss_contra: 0.5937
2026/03/10 16:24:09 - __main__ - INFO - 142 - trainer - [193/960] Loss: 6.3889 Loss_contra: 0.5313
2026/03/10 16:24:45 - __main__ - INFO - 142 - trainer - [386/960] Loss: 6.3938 Loss_contra: 0.4897
2026/03/10 16:25:20 - __main__ - INFO - 142 - trainer - [579/960] Loss: 6.2778 Loss_contra: 0.4666
2026/03/10 16:25:57 - __main__ - INFO - 142 - trainer - [772/960] Loss: 6.3119 Loss_contra: 0.5105
2026/03/10 16:26:32 - __main__ - INFO - 124 - trainer - Epoch: 6
2026/03/10 16:26:32 - __main__ - INFO - 142 - trainer - [0/960] Loss: 6.2348 Loss_contra: 0.4414
2026/03/10 16:27:08 - __main__ - INFO - 142 - trainer - [193/960] Loss: 6.2514 Loss_contra: 0.4524
2026/03/10 16:27:43 - __main__ - INFO - 142 - trainer - [386/960] Loss: 6.2606 Loss_contra: 0.4047
2026/03/10 16:28:19 - __main__ - INFO - 142 - trainer - [579/960] Loss: 6.1163 Loss_contra: 0.4035
2026/03/10 16:28:56 - __main__ - INFO - 142 - trainer - [772/960] Loss: 6.1795 Loss_contra: 0.4153
2026/03/10 16:29:31 - __main__ - INFO - 152 - trainer - start predicting: 2026-03-10 16:29:31.274486
2026/03/10 16:29:37 - __main__ - INFO - 187 - trainer - {'Best_HR@5': 10.3326, 'Best_NDCG@5': 6.3727, 'Best_HR@10': 17.2209, 'Best_NDCG@10': 8.5822, 'Best_HR@20': 28.0363, 'Best_NDCG@20': 11.3076}
2026/03/10 16:29:37 - __main__ - INFO - 188 - trainer - {'Best_epoch_HR@5': 6, 'Best_epoch_NDCG@5': 6, 'Best_epoch_HR@10': 6, 'Best_epoch_NDCG@10': 6, 'Best_epoch_HR@20': 6, 'Best_epoch_NDCG@20': 6}
2026/03/10 16:29:37 - __main__ - INFO - 124 - trainer - Epoch: 7
2026/03/10 16:29:38 - __main__ - INFO - 142 - trainer - [0/960] Loss: 6.1210 Loss_contra: 0.4036
2026/03/10 16:30:13 - __main__ - INFO - 142 - trainer - [193/960] Loss: 6.1525 Loss_contra: 0.4224
2026/03/10 16:30:49 - __main__ - INFO - 142 - trainer - [386/960] Loss: 6.0797 Loss_contra: 0.3822
2026/03/10 16:31:25 - __main__ - INFO - 142 - trainer - [579/960] Loss: 6.1298 Loss_contra: 0.4132
2026/03/10 16:32:00 - __main__ - INFO - 142 - trainer - [772/960] Loss: 6.0528 Loss_contra: 0.4092
2026/03/10 16:32:35 - __main__ - INFO - 124 - trainer - Epoch: 8
2026/03/10 16:32:36 - __main__ - INFO - 142 - trainer - [0/960] Loss: 5.9524 Loss_contra: 0.3974
2026/03/10 16:33:12 - __main__ - INFO - 142 - trainer - [193/960] Loss: 6.1065 Loss_contra: 0.4044
2026/03/10 16:33:48 - __main__ - INFO - 142 - trainer - [386/960] Loss: 5.9103 Loss_contra: 0.3714
2026/03/10 16:34:23 - __main__ - INFO - 142 - trainer - [579/960] Loss: 5.9915 Loss_contra: 0.3902
2026/03/10 16:34:59 - __main__ - INFO - 142 - trainer - [772/960] Loss: 6.0706 Loss_contra: 0.3415
2026/03/10 16:35:34 - __main__ - INFO - 152 - trainer - start predicting: 2026-03-10 16:35:34.933876
2026/03/10 16:35:41 - __main__ - INFO - 187 - trainer - {'Best_HR@5': 10.7846, 'Best_NDCG@5': 6.7976, 'Best_HR@10': 18.55, 'Best_NDCG@10': 9.2932, 'Best_HR@20': 29.6608, 'Best_NDCG@20': 12.107}
2026/03/10 16:35:41 - __main__ - INFO - 188 - trainer - {'Best_epoch_HR@5': 8, 'Best_epoch_NDCG@5': 8, 'Best_epoch_HR@10': 8, 'Best_epoch_NDCG@10': 8, 'Best_epoch_HR@20': 8, 'Best_epoch_NDCG@20': 8}
2026/03/10 16:35:41 - __main__ - INFO - 124 - trainer - Epoch: 9
2026/03/10 16:35:41 - __main__ - INFO - 142 - trainer - [0/960] Loss: 5.9816 Loss_contra: 0.3538
2026/03/10 16:36:16 - __main__ - INFO - 142 - trainer - [193/960] Loss: 6.0426 Loss_contra: 0.3819
2026/03/10 16:36:53 - __main__ - INFO - 142 - trainer - [386/960] Loss: 5.9028 Loss_contra: 0.3412
2026/03/10 16:37:29 - __main__ - INFO - 142 - trainer - [579/960] Loss: 5.9931 Loss_contra: 0.3457
2026/03/10 16:38:05 - __main__ - INFO - 142 - trainer - [772/960] Loss: 6.0542 Loss_contra: 0.3655
2026/03/10 16:38:39 - __main__ - INFO - 124 - trainer - Epoch: 10
2026/03/10 16:38:39 - __main__ - INFO - 142 - trainer - [0/960] Loss: 6.0373 Loss_contra: 0.3683
2026/03/10 16:39:16 - __main__ - INFO - 142 - trainer - [193/960] Loss: 5.9946 Loss_contra: 0.3267
2026/03/10 16:39:52 - __main__ - INFO - 142 - trainer - [386/960] Loss: 5.8988 Loss_contra: 0.3436
2026/03/10 16:40:28 - __main__ - INFO - 142 - trainer - [579/960] Loss: 5.9070 Loss_contra: 0.3070
2026/03/10 16:41:04 - __main__ - INFO - 142 - trainer - [772/960] Loss: 5.9378 Loss_contra: 0.3448
2026/03/10 16:41:38 - __main__ - INFO - 152 - trainer - start predicting: 2026-03-10 16:41:38.972491
2026/03/10 16:41:45 - __main__ - INFO - 187 - trainer - {'Best_HR@5': 11.6076, 'Best_NDCG@5': 7.3037, 'Best_HR@10': 19.9936, 'Best_NDCG@10': 10.0073, 'Best_HR@20': 31.6685, 'Best_NDCG@20': 12.9427}
2026/03/10 16:41:45 - __main__ - INFO - 188 - trainer - {'Best_epoch_HR@5': 10, 'Best_epoch_NDCG@5': 10, 'Best_epoch_HR@10': 10, 'Best_epoch_NDCG@10': 10, 'Best_epoch_HR@20': 10, 'Best_epoch_NDCG@20': 10}
2026/03/10 16:41:45 - __main__ - INFO - 124 - trainer - Epoch: 11
2026/03/10 16:41:46 - __main__ - INFO - 142 - trainer - [0/960] Loss: 5.9649 Loss_contra: 0.3573
2026/03/10 16:42:22 - __main__ - INFO - 142 - trainer - [193/960] Loss: 5.8864 Loss_contra: 0.3456
2026/03/10 16:42:59 - __main__ - INFO - 142 - trainer - [386/960] Loss: 5.8827 Loss_contra: 0.3482
2026/03/10 16:43:33 - __main__ - INFO - 142 - trainer - [579/960] Loss: 5.9115 Loss_contra: 0.3190
2026/03/10 16:44:09 - __main__ - INFO - 142 - trainer - [772/960] Loss: 5.8773 Loss_contra: 0.3358
2026/03/10 16:44:45 - __main__ - INFO - 124 - trainer - Epoch: 12
2026/03/10 16:44:45 - __main__ - INFO - 142 - trainer - [0/960] Loss: 5.8569 Loss_contra: 0.3344
2026/03/10 16:45:21 - __main__ - INFO - 142 - trainer - [193/960] Loss: 5.8498 Loss_contra: 0.3277
2026/03/10 16:45:56 - __main__ - INFO - 142 - trainer - [386/960] Loss: 5.7324 Loss_contra: 0.3272
2026/03/10 16:46:32 - __main__ - INFO - 142 - trainer - [579/960] Loss: 5.8588 Loss_contra: 0.3263
2026/03/10 16:47:09 - __main__ - INFO - 142 - trainer - [772/960] Loss: 5.8631 Loss_contra: 0.3430
2026/03/10 16:47:44 - __main__ - INFO - 152 - trainer - start predicting: 2026-03-10 16:47:44.422202
2026/03/10 16:47:51 - __main__ - INFO - 187 - trainer - {'Best_HR@5': 12.8176, 'Best_NDCG@5': 7.8964, 'Best_HR@10': 21.3501, 'Best_NDCG@10': 10.6294, 'Best_HR@20': 32.6364, 'Best_NDCG@20': 13.4729}
2026/03/10 16:47:51 - __main__ - INFO - 188 - trainer - {'Best_epoch_HR@5': 12, 'Best_epoch_NDCG@5': 12, 'Best_epoch_HR@10': 12, 'Best_epoch_NDCG@10': 12, 'Best_epoch_HR@20': 12, 'Best_epoch_NDCG@20': 12}
2026/03/10 16:47:51 - __main__ - INFO - 124 - trainer - Epoch: 13
2026/03/10 16:47:51 - __main__ - INFO - 142 - trainer - [0/960] Loss: 5.8825 Loss_contra: 0.3367
2026/03/10 16:48:26 - __main__ - INFO - 142 - trainer - [193/960] Loss: 5.8329 Loss_contra: 0.3341
2026/03/10 16:49:02 - __main__ - INFO - 142 - trainer - [386/960] Loss: 5.7775 Loss_contra: 0.3242
2026/03/10 16:49:39 - __main__ - INFO - 142 - trainer - [579/960] Loss: 5.8369 Loss_contra: 0.3309
2026/03/10 16:50:14 - __main__ - INFO - 142 - trainer - [772/960] Loss: 5.7532 Loss_contra: 0.3543
2026/03/10 16:50:49 - __main__ - INFO - 124 - trainer - Epoch: 14
2026/03/10 16:50:50 - __main__ - INFO - 142 - trainer - [0/960] Loss: 5.7313 Loss_contra: 0.3056
2026/03/10 16:51:26 - __main__ - INFO - 142 - trainer - [193/960] Loss: 5.7895 Loss_contra: 0.3075
2026/03/10 16:52:02 - __main__ - INFO - 142 - trainer - [386/960] Loss: 5.7004 Loss_contra: 0.3348
2026/03/10 16:52:37 - __main__ - INFO - 142 - trainer - [579/960] Loss: 5.6828 Loss_contra: 0.2961
2026/03/10 16:53:13 - __main__ - INFO - 142 - trainer - [772/960] Loss: 5.7280 Loss_contra: 0.3346
2026/03/10 16:53:48 - __main__ - INFO - 152 - trainer - start predicting: 2026-03-10 16:53:48.567516
2026/03/10 16:53:55 - __main__ - INFO - 187 - trainer - {'Best_HR@5': 13.2355, 'Best_NDCG@5': 8.1439, 'Best_HR@10': 21.4317, 'Best_NDCG@10': 10.764, 'Best_HR@20': 33.4481, 'Best_NDCG@20': 13.7975}
2026/03/10 16:53:55 - __main__ - INFO - 188 - trainer - {'Best_epoch_HR@5': 14, 'Best_epoch_NDCG@5': 14, 'Best_epoch_HR@10': 14, 'Best_epoch_NDCG@10': 14, 'Best_epoch_HR@20': 14, 'Best_epoch_NDCG@20': 14}
2026/03/10 16:53:55 - __main__ - INFO - 124 - trainer - Epoch: 15
2026/03/10 16:53:55 - __main__ - INFO - 142 - trainer - [0/960] Loss: 5.7786 Loss_contra: 0.3058
2026/03/10 16:54:30 - __main__ - INFO - 142 - trainer - [193/960] Loss: 5.7544 Loss_contra: 0.2913
2026/03/10 16:55:07 - __main__ - INFO - 142 - trainer - [386/960] Loss: 5.6640 Loss_contra: 0.3158
2026/03/10 16:55:43 - __main__ - INFO - 142 - trainer - [579/960] Loss: 5.6814 Loss_contra: 0.3302
2026/03/10 16:56:19 - __main__ - INFO - 142 - trainer - [772/960] Loss: 5.6658 Loss_contra: 0.3127
2026/03/10 16:56:53 - __main__ - INFO - 124 - trainer - Epoch: 16
2026/03/10 16:56:53 - __main__ - INFO - 142 - trainer - [0/960] Loss: 5.6898 Loss_contra: 0.3368
2026/03/10 16:57:29 - __main__ - INFO - 142 - trainer - [193/960] Loss: 5.7900 Loss_contra: 0.3284
2026/03/10 16:58:05 - __main__ - INFO - 142 - trainer - [386/960] Loss: 5.6984 Loss_contra: 0.3025
2026/03/10 16:58:42 - __main__ - INFO - 142 - trainer - [579/960] Loss: 5.6561 Loss_contra: 0.3175
2026/03/10 16:59:18 - __main__ - INFO - 142 - trainer - [772/960] Loss: 5.6337 Loss_contra: 0.3289
2026/03/10 16:59:52 - __main__ - INFO - 152 - trainer - start predicting: 2026-03-10 16:59:52.484499
2026/03/10 16:59:59 - __main__ - INFO - 187 - trainer - {'Best_HR@5': 13.2355, 'Best_NDCG@5': 8.1439, 'Best_HR@10': 22.2547, 'Best_NDCG@10': 11.0166, 'Best_HR@20': 33.5715, 'Best_NDCG@20': 13.8679}
2026/03/10 16:59:59 - __main__ - INFO - 188 - trainer - {'Best_epoch_HR@5': 14, 'Best_epoch_NDCG@5': 14, 'Best_epoch_HR@10': 16, 'Best_epoch_NDCG@10': 16, 'Best_epoch_HR@20': 16, 'Best_epoch_NDCG@20': 16}
2026/03/10 16:59:59 - __main__ - INFO - 124 - trainer - Epoch: 17
2026/03/10 16:59:59 - __main__ - INFO - 142 - trainer - [0/960] Loss: 5.5689 Loss_contra: 0.3058
2026/03/10 17:00:35 - __main__ - INFO - 142 - trainer - [193/960] Loss: 5.7473 Loss_contra: 0.3063
2026/03/10 17:01:12 - __main__ - INFO - 142 - trainer - [386/960] Loss: 5.7531 Loss_contra: 0.2943
2026/03/10 17:01:47 - __main__ - INFO - 142 - trainer - [579/960] Loss: 5.6731 Loss_contra: 0.3116
2026/03/10 17:02:23 - __main__ - INFO - 142 - trainer - [772/960] Loss: 5.6921 Loss_contra: 0.2936
2026/03/10 17:02:58 - __main__ - INFO - 124 - trainer - Epoch: 18
2026/03/10 17:02:58 - __main__ - INFO - 142 - trainer - [0/960] Loss: 5.6744 Loss_contra: 0.2847
2026/03/10 17:03:35 - __main__ - INFO - 142 - trainer - [193/960] Loss: 5.6202 Loss_contra: 0.2721
2026/03/10 17:04:10 - __main__ - INFO - 142 - trainer - [386/960] Loss: 5.6192 Loss_contra: 0.2951
2026/03/10 17:04:47 - __main__ - INFO - 142 - trainer - [579/960] Loss: 5.5781 Loss_contra: 0.2699
2026/03/10 17:05:23 - __main__ - INFO - 142 - trainer - [772/960] Loss: 5.6427 Loss_contra: 0.2986
2026/03/10 17:05:58 - __main__ - INFO - 152 - trainer - start predicting: 2026-03-10 17:05:58.933990
2026/03/10 17:06:05 - __main__ - INFO - 187 - trainer - {'Best_HR@5': 13.9157, 'Best_NDCG@5': 8.6945, 'Best_HR@10': 22.5784, 'Best_NDCG@10': 11.4737, 'Best_HR@20': 34.3187, 'Best_NDCG@20': 14.4307}
2026/03/10 17:06:05 - __main__ - INFO - 188 - trainer - {'Best_epoch_HR@5': 18, 'Best_epoch_NDCG@5': 18, 'Best_epoch_HR@10': 18, 'Best_epoch_NDCG@10': 18, 'Best_epoch_HR@20': 18, 'Best_epoch_NDCG@20': 18}
2026/03/10 17:06:05 - __main__ - INFO - 124 - trainer - Epoch: 19
2026/03/10 17:06:06 - __main__ - INFO - 142 - trainer - [0/960] Loss: 5.6131 Loss_contra: 0.2878
2026/03/10 17:06:41 - __main__ - INFO - 142 - trainer - [193/960] Loss: 5.5834 Loss_contra: 0.2924
2026/03/10 17:07:17 - __main__ - INFO - 142 - trainer - [386/960] Loss: 5.5915 Loss_contra: 0.2822
2026/03/10 17:07:54 - __main__ - INFO - 142 - trainer - [579/960] Loss: 5.6168 Loss_contra: 0.2739
2026/03/10 17:08:29 - __main__ - INFO - 142 - trainer - [772/960] Loss: 5.6614 Loss_contra: 0.2711
2026/03/10 17:09:04 - __main__ - INFO - 124 - trainer - Epoch: 20
2026/03/10 17:09:05 - __main__ - INFO - 142 - trainer - [0/960] Loss: 5.5738 Loss_contra: 0.3077
2026/03/10 17:09:41 - __main__ - INFO - 142 - trainer - [193/960] Loss: 5.5180 Loss_contra: 0.2452
2026/03/10 17:10:18 - __main__ - INFO - 142 - trainer - [386/960] Loss: 5.6686 Loss_contra: 0.2558
2026/03/10 17:10:53 - __main__ - INFO - 142 - trainer - [579/960] Loss: 5.6237 Loss_contra: 0.2835
2026/03/10 17:11:29 - __main__ - INFO - 142 - trainer - [772/960] Loss: 5.6796 Loss_contra: 0.2878
2026/03/10 17:12:05 - __main__ - INFO - 152 - trainer - start predicting: 2026-03-10 17:12:05.206582
2026/03/10 17:12:11 - __main__ - INFO - 187 - trainer - {'Best_HR@5': 13.9157, 'Best_NDCG@5': 8.6945, 'Best_HR@10': 22.6889, 'Best_NDCG@10': 11.4737, 'Best_HR@20': 34.3187, 'Best_NDCG@20': 14.4307}
2026/03/10 17:12:11 - __main__ - INFO - 188 - trainer - {'Best_epoch_HR@5': 18, 'Best_epoch_NDCG@5': 18, 'Best_epoch_HR@10': 20, 'Best_epoch_NDCG@10': 18, 'Best_epoch_HR@20': 18, 'Best_epoch_NDCG@20': 18}
2026/03/10 17:12:11 - __main__ - INFO - 124 - trainer - Epoch: 21
2026/03/10 17:12:12 - __main__ - INFO - 142 - trainer - [0/960] Loss: 5.6393 Loss_contra: 0.2457
2026/03/10 17:12:47 - __main__ - INFO - 142 - trainer - [193/960] Loss: 5.5861 Loss_contra: 0.2664
2026/03/10 17:13:23 - __main__ - INFO - 142 - trainer - [386/960] Loss: 5.6852 Loss_contra: 0.2540
2026/03/10 17:14:00 - __main__ - INFO - 142 - trainer - [579/960] Loss: 5.5248 Loss_contra: 0.2289
2026/03/10 17:14:36 - __main__ - INFO - 142 - trainer - [772/960] Loss: 5.6528 Loss_contra: 0.2492
2026/03/10 17:15:10 - __main__ - INFO - 124 - trainer - Epoch: 22
2026/03/10 17:15:10 - __main__ - INFO - 142 - trainer - [0/960] Loss: 5.5616 Loss_contra: 0.2716
2026/03/10 17:15:46 - __main__ - INFO - 142 - trainer - [193/960] Loss: 5.5422 Loss_contra: 0.2725
2026/03/10 17:16:23 - __main__ - INFO - 142 - trainer - [386/960] Loss: 5.6396 Loss_contra: 0.2392
2026/03/10 17:16:59 - __main__ - INFO - 142 - trainer - [579/960] Loss: 5.5519 Loss_contra: 0.2368
2026/03/10 17:17:35 - __main__ - INFO - 142 - trainer - [772/960] Loss: 5.5683 Loss_contra: 0.2851
2026/03/10 17:18:09 - __main__ - INFO - 152 - trainer - start predicting: 2026-03-10 17:18:09.445625
2026/03/10 17:18:16 - __main__ - INFO - 187 - trainer - {'Best_HR@5': 14.455, 'Best_NDCG@5': 9.0704, 'Best_HR@10': 23.0943, 'Best_NDCG@10': 11.8438, 'Best_HR@20': 34.9356, 'Best_NDCG@20': 14.835}
2026/03/10 17:18:16 - __main__ - INFO - 188 - trainer - {'Best_epoch_HR@5': 22, 'Best_epoch_NDCG@5': 22, 'Best_epoch_HR@10': 22, 'Best_epoch_NDCG@10': 22, 'Best_epoch_HR@20': 22, 'Best_epoch_NDCG@20': 22}
2026/03/10 17:18:16 - __main__ - INFO - 124 - trainer - Epoch: 23
2026/03/10 17:18:16 - __main__ - INFO - 142 - trainer - [0/960] Loss: 5.5462 Loss_contra: 0.2479
2026/03/10 17:18:52 - __main__ - INFO - 142 - trainer - [193/960] Loss: 5.6302 Loss_contra: 0.2491
2026/03/10 17:19:28 - __main__ - INFO - 142 - trainer - [386/960] Loss: 5.6459 Loss_contra: 0.2799
2026/03/10 17:20:03 - __main__ - INFO - 142 - trainer - [579/960] Loss: 5.5543 Loss_contra: 0.2514
2026/03/10 17:20:40 - __main__ - INFO - 142 - trainer - [772/960] Loss: 5.5327 Loss_contra: 0.2414
2026/03/10 17:21:15 - __main__ - INFO - 124 - trainer - Epoch: 24
2026/03/10 17:21:15 - __main__ - INFO - 142 - trainer - [0/960] Loss: 5.5678 Loss_contra: 0.2563
2026/03/10 17:21:51 - __main__ - INFO - 142 - trainer - [193/960] Loss: 5.4599 Loss_contra: 0.2447
2026/03/10 17:22:27 - __main__ - INFO - 142 - trainer - [386/960] Loss: 5.6421 Loss_contra: 0.2513
2026/03/10 17:23:03 - __main__ - INFO - 142 - trainer - [579/960] Loss: 5.5163 Loss_contra: 0.2713
2026/03/10 17:23:39 - __main__ - INFO - 142 - trainer - [772/960] Loss: 5.4920 Loss_contra: 0.2416
2026/03/10 17:24:14 - __main__ - INFO - 152 - trainer - start predicting: 2026-03-10 17:24:14.634854
2026/03/10 17:24:21 - __main__ - INFO - 187 - trainer - {'Best_HR@5': 14.455, 'Best_NDCG@5': 9.0704, 'Best_HR@10': 23.5356, 'Best_NDCG@10': 11.9207, 'Best_HR@20': 35.415, 'Best_NDCG@20': 14.9083}
2026/03/10 17:24:21 - __main__ - INFO - 188 - trainer - {'Best_epoch_HR@5': 22, 'Best_epoch_NDCG@5': 22, 'Best_epoch_HR@10': 24, 'Best_epoch_NDCG@10': 24, 'Best_epoch_HR@20': 24, 'Best_epoch_NDCG@20': 24}
2026/03/10 17:24:21 - __main__ - INFO - 124 - trainer - Epoch: 25
2026/03/10 17:24:21 - __main__ - INFO - 142 - trainer - [0/960] Loss: 5.4886 Loss_contra: 0.2501
2026/03/10 17:24:56 - __main__ - INFO - 142 - trainer - [193/960] Loss: 5.5822 Loss_contra: 0.2449
2026/03/10 17:25:32 - __main__ - INFO - 142 - trainer - [386/960] Loss: 5.5484 Loss_contra: 0.2401
2026/03/10 17:26:09 - __main__ - INFO - 142 - trainer - [579/960] Loss: 5.5941 Loss_contra: 0.2420
2026/03/10 17:26:44 - __main__ - INFO - 142 - trainer - [772/960] Loss: 5.6497 Loss_contra: 0.2365
2026/03/10 17:27:19 - __main__ - INFO - 124 - trainer - Epoch: 26
2026/03/10 17:27:20 - __main__ - INFO - 142 - trainer - [0/960] Loss: 5.5628 Loss_contra: 0.2343
2026/03/10 17:27:56 - __main__ - INFO - 142 - trainer - [193/960] Loss: 5.5853 Loss_contra: 0.2276
2026/03/10 17:28:32 - __main__ - INFO - 142 - trainer - [386/960] Loss: 5.5849 Loss_contra: 0.2252
2026/03/10 17:29:07 - __main__ - INFO - 142 - trainer - [579/960] Loss: 5.5658 Loss_contra: 0.2410
2026/03/10 17:29:44 - __main__ - INFO - 142 - trainer - [772/960] Loss: 5.5791 Loss_contra: 0.2220
2026/03/10 17:30:19 - __main__ - INFO - 152 - trainer - start predicting: 2026-03-10 17:30:19.692680
2026/03/10 17:30:26 - __main__ - INFO - 187 - trainer - {'Best_HR@5': 15.1388, 'Best_NDCG@5': 9.4956, 'Best_HR@10': 23.6587, 'Best_NDCG@10': 12.2223, 'Best_HR@20': 35.4985, 'Best_NDCG@20': 15.1967}
2026/03/10 17:30:26 - __main__ - INFO - 188 - trainer - {'Best_epoch_HR@5': 26, 'Best_epoch_NDCG@5': 26, 'Best_epoch_HR@10': 26, 'Best_epoch_NDCG@10': 26, 'Best_epoch_HR@20': 26, 'Best_epoch_NDCG@20': 26}
2026/03/10 17:30:26 - __main__ - INFO - 124 - trainer - Epoch: 27
2026/03/10 17:30:26 - __main__ - INFO - 142 - trainer - [0/960] Loss: 5.3765 Loss_contra: 0.2284
2026/03/10 17:31:01 - __main__ - INFO - 142 - trainer - [193/960] Loss: 5.5497 Loss_contra: 0.2343
2026/03/10 17:31:38 - __main__ - INFO - 142 - trainer - [386/960] Loss: 5.6299 Loss_contra: 0.2124
2026/03/10 17:32:14 - __main__ - INFO - 142 - trainer - [579/960] Loss: 5.5016 Loss_contra: 0.2324
2026/03/10 17:32:51 - __main__ - INFO - 142 - trainer - [772/960] Loss: 5.5821 Loss_contra: 0.2486
2026/03/10 17:33:25 - __main__ - INFO - 124 - trainer - Epoch: 28
2026/03/10 17:33:25 - __main__ - INFO - 142 - trainer - [0/960] Loss: 5.5160 Loss_contra: 0.2144
2026/03/10 17:34:02 - __main__ - INFO - 142 - trainer - [193/960] Loss: 5.6395 Loss_contra: 0.2204
2026/03/10 17:34:38 - __main__ - INFO - 142 - trainer - [386/960] Loss: 5.5447 Loss_contra: 0.2307
2026/03/10 17:35:15 - __main__ - INFO - 142 - trainer - [579/960] Loss: 5.4511 Loss_contra: 0.2291
2026/03/10 17:35:51 - __main__ - INFO - 142 - trainer - [772/960] Loss: 5.5702 Loss_contra: 0.2081
2026/03/10 17:36:25 - __main__ - INFO - 152 - trainer - start predicting: 2026-03-10 17:36:25.737935
2026/03/10 17:36:32 - __main__ - INFO - 187 - trainer - {'Best_HR@5': 15.1388, 'Best_NDCG@5': 9.4956, 'Best_HR@10': 23.8307, 'Best_NDCG@10': 12.2223, 'Best_HR@20': 35.5615, 'Best_NDCG@20': 15.1967}
2026/03/10 17:36:32 - __main__ - INFO - 188 - trainer - {'Best_epoch_HR@5': 26, 'Best_epoch_NDCG@5': 26, 'Best_epoch_HR@10': 28, 'Best_epoch_NDCG@10': 26, 'Best_epoch_HR@20': 28, 'Best_epoch_NDCG@20': 26}
2026/03/10 17:36:32 - __main__ - INFO - 124 - trainer - Epoch: 29
2026/03/10 17:36:32 - __main__ - INFO - 142 - trainer - [0/960] Loss: 5.4875 Loss_contra: 0.2115
2026/03/10 17:37:09 - __main__ - INFO - 142 - trainer - [193/960] Loss: 5.5735 Loss_contra: 0.2099
2026/03/10 17:37:45 - __main__ - INFO - 142 - trainer - [386/960] Loss: 5.6000 Loss_contra: 0.2199
2026/03/10 17:38:20 - __main__ - INFO - 142 - trainer - [579/960] Loss: 5.4876 Loss_contra: 0.2232
2026/03/10 17:38:56 - __main__ - INFO - 142 - trainer - [772/960] Loss: 5.6202 Loss_contra: 0.2220
2026/03/10 17:39:31 - __main__ - INFO - 124 - trainer - Epoch: 30
2026/03/10 17:39:31 - __main__ - INFO - 142 - trainer - [0/960] Loss: 5.4656 Loss_contra: 0.2343
2026/03/10 17:40:08 - __main__ - INFO - 142 - trainer - [193/960] Loss: 5.5362 Loss_contra: 0.2179
2026/03/10 17:40:43 - __main__ - INFO - 142 - trainer - [386/960] Loss: 5.5707 Loss_contra: 0.2113
2026/03/10 17:41:20 - __main__ - INFO - 142 - trainer - [579/960] Loss: 5.5593 Loss_contra: 0.2053
2026/03/10 17:41:56 - __main__ - INFO - 142 - trainer - [772/960] Loss: 5.4554 Loss_contra: 0.2225
2026/03/10 17:42:31 - __main__ - INFO - 152 - trainer - start predicting: 2026-03-10 17:42:31.800068
2026/03/10 17:42:38 - __main__ - INFO - 187 - trainer - {'Best_HR@5': 15.1388, 'Best_NDCG@5': 9.4956, 'Best_HR@10': 24.6951, 'Best_NDCG@10': 12.4887, 'Best_HR@20': 36.0734, 'Best_NDCG@20': 15.3455}
2026/03/10 17:42:38 - __main__ - INFO - 188 - trainer - {'Best_epoch_HR@5': 26, 'Best_epoch_NDCG@5': 26, 'Best_epoch_HR@10': 30, 'Best_epoch_NDCG@10': 30, 'Best_epoch_HR@20': 30, 'Best_epoch_NDCG@20': 30}
2026/03/10 17:42:38 - __main__ - INFO - 124 - trainer - Epoch: 31
2026/03/10 17:42:38 - __main__ - INFO - 142 - trainer - [0/960] Loss: 5.4490 Loss_contra: 0.2212
2026/03/10 17:43:13 - __main__ - INFO - 142 - trainer - [193/960] Loss: 5.5439 Loss_contra: 0.2238
2026/03/10 17:43:50 - __main__ - INFO - 142 - trainer - [386/960] Loss: 5.4734 Loss_contra: 0.2305
2026/03/10 17:44:26 - __main__ - INFO - 142 - trainer - [579/960] Loss: 5.4723 Loss_contra: 0.2176
2026/03/10 17:45:01 - __main__ - INFO - 142 - trainer - [772/960] Loss: 5.4301 Loss_contra: 0.2060
2026/03/10 17:45:37 - __main__ - INFO - 124 - trainer - Epoch: 32
2026/03/10 17:45:37 - __main__ - INFO - 142 - trainer - [0/960] Loss: 5.5959 Loss_contra: 0.2059
2026/03/10 17:46:14 - __main__ - INFO - 142 - trainer - [193/960] Loss: 5.6218 Loss_contra: 0.1910
2026/03/10 17:46:50 - __main__ - INFO - 142 - trainer - [386/960] Loss: 5.4047 Loss_contra: 0.2157
2026/03/10 17:47:25 - __main__ - INFO - 142 - trainer - [579/960] Loss: 5.4494 Loss_contra: 0.2095
2026/03/10 17:48:02 - __main__ - INFO - 142 - trainer - [772/960] Loss: 5.4609 Loss_contra: 0.2131
2026/03/10 17:48:37 - __main__ - INFO - 152 - trainer - start predicting: 2026-03-10 17:48:37.310337
2026/03/10 17:48:44 - __main__ - INFO - 187 - trainer - {'Best_HR@5': 15.3342, 'Best_NDCG@5': 9.4956, 'Best_HR@10': 24.6951, 'Best_NDCG@10': 12.4887, 'Best_HR@20': 36.3249, 'Best_NDCG@20': 15.3594}
2026/03/10 17:48:44 - __main__ - INFO - 188 - trainer - {'Best_epoch_HR@5': 32, 'Best_epoch_NDCG@5': 26, 'Best_epoch_HR@10': 30, 'Best_epoch_NDCG@10': 30, 'Best_epoch_HR@20': 32, 'Best_epoch_NDCG@20': 32}
2026/03/10 17:48:44 - __main__ - INFO - 124 - trainer - Epoch: 33
2026/03/10 17:48:44 - __main__ - INFO - 142 - trainer - [0/960] Loss: 5.5448 Loss_contra: 0.2183
2026/03/10 17:49:19 - __main__ - INFO - 142 - trainer - [193/960] Loss: 5.5113 Loss_contra: 0.2130
2026/03/10 17:49:55 - __main__ - INFO - 142 - trainer - [386/960] Loss: 5.4078 Loss_contra: 0.2028
2026/03/10 17:50:31 - __main__ - INFO - 142 - trainer - [579/960] Loss: 5.3580 Loss_contra: 0.1896
2026/03/10 17:51:08 - __main__ - INFO - 142 - trainer - [772/960] Loss: 5.5161 Loss_contra: 0.1867
2026/03/10 17:51:42 - __main__ - INFO - 124 - trainer - Epoch: 34
2026/03/10 17:51:42 - __main__ - INFO - 142 - trainer - [0/960] Loss: 5.5085 Loss_contra: 0.2292
2026/03/10 17:52:19 - __main__ - INFO - 142 - trainer - [193/960] Loss: 5.5162 Loss_contra: 0.2075
2026/03/10 17:52:55 - __main__ - INFO - 142 - trainer - [386/960] Loss: 5.5008 Loss_contra: 0.2079
2026/03/10 17:53:32 - __main__ - INFO - 142 - trainer - [579/960] Loss: 5.5574 Loss_contra: 0.2021
2026/03/10 17:54:08 - __main__ - INFO - 142 - trainer - [772/960] Loss: 5.3811 Loss_contra: 0.1839
2026/03/10 17:54:42 - __main__ - INFO - 152 - trainer - start predicting: 2026-03-10 17:54:42.298990
2026/03/10 17:54:49 - __main__ - INFO - 124 - trainer - Epoch: 35
2026/03/10 17:54:49 - __main__ - INFO - 142 - trainer - [0/960] Loss: 5.4458 Loss_contra: 0.2143
2026/03/10 17:55:25 - __main__ - INFO - 142 - trainer - [193/960] Loss: 5.3787 Loss_contra: 0.1868
2026/03/10 17:56:00 - __main__ - INFO - 142 - trainer - [386/960] Loss: 5.4444 Loss_contra: 0.1954
2026/03/10 17:56:35 - __main__ - INFO - 142 - trainer - [579/960] Loss: 5.4878 Loss_contra: 0.1984
2026/03/10 17:57:10 - __main__ - INFO - 142 - trainer - [772/960] Loss: 5.3782 Loss_contra: 0.1871
2026/03/10 17:57:44 - __main__ - INFO - 124 - trainer - Epoch: 36
2026/03/10 17:57:44 - __main__ - INFO - 142 - trainer - [0/960] Loss: 5.3732 Loss_contra: 0.1987
2026/03/10 17:58:21 - __main__ - INFO - 142 - trainer - [193/960] Loss: 5.3565 Loss_contra: 0.1934
2026/03/10 17:58:56 - __main__ - INFO - 142 - trainer - [386/960] Loss: 5.5409 Loss_contra: 0.1931
2026/03/10 17:59:31 - __main__ - INFO - 142 - trainer - [579/960] Loss: 5.4572 Loss_contra: 0.1904
2026/03/10 18:00:06 - __main__ - INFO - 142 - trainer - [772/960] Loss: 5.5164 Loss_contra: 0.1925
2026/03/10 18:00:40 - __main__ - INFO - 152 - trainer - start predicting: 2026-03-10 18:00:40.815033
2026/03/10 18:00:47 - __main__ - INFO - 187 - trainer - {'Best_HR@5': 15.3342, 'Best_NDCG@5': 9.4956, 'Best_HR@10': 24.6951, 'Best_NDCG@10': 12.5139, 'Best_HR@20': 36.4062, 'Best_NDCG@20': 15.4634}
2026/03/10 18:00:47 - __main__ - INFO - 188 - trainer - {'Best_epoch_HR@5': 32, 'Best_epoch_NDCG@5': 26, 'Best_epoch_HR@10': 30, 'Best_epoch_NDCG@10': 36, 'Best_epoch_HR@20': 36, 'Best_epoch_NDCG@20': 36}
2026/03/10 18:00:47 - __main__ - INFO - 124 - trainer - Epoch: 37
2026/03/10 18:00:47 - __main__ - INFO - 142 - trainer - [0/960] Loss: 5.5787 Loss_contra: 0.1932
2026/03/10 18:01:24 - __main__ - INFO - 142 - trainer - [193/960] Loss: 5.4071 Loss_contra: 0.1814
2026/03/10 18:02:00 - __main__ - INFO - 142 - trainer - [386/960] Loss: 5.3420 Loss_contra: 0.1782
2026/03/10 18:02:37 - __main__ - INFO - 142 - trainer - [579/960] Loss: 5.4915 Loss_contra: 0.1908
2026/03/10 18:03:13 - __main__ - INFO - 142 - trainer - [772/960] Loss: 5.4413 Loss_contra: 0.1767
2026/03/10 18:03:47 - __main__ - INFO - 124 - trainer - Epoch: 38
2026/03/10 18:03:48 - __main__ - INFO - 142 - trainer - [0/960] Loss: 5.3409 Loss_contra: 0.2032
2026/03/10 18:04:24 - __main__ - INFO - 142 - trainer - [193/960] Loss: 5.5665 Loss_contra: 0.1806
2026/03/10 18:05:01 - __main__ - INFO - 142 - trainer - [386/960] Loss: 5.3965 Loss_contra: 0.1790
2026/03/10 18:05:37 - __main__ - INFO - 142 - trainer - [579/960] Loss: 5.4091 Loss_contra: 0.1809
2026/03/10 18:06:13 - __main__ - INFO - 142 - trainer - [772/960] Loss: 5.5185 Loss_contra: 0.1866
2026/03/10 18:06:47 - __main__ - INFO - 152 - trainer - start predicting: 2026-03-10 18:06:47.954532
2026/03/10 18:06:54 - __main__ - INFO - 187 - trainer - {'Best_HR@5': 15.3342, 'Best_NDCG@5': 9.4956, 'Best_HR@10': 24.8779, 'Best_NDCG@10': 12.5963, 'Best_HR@20': 36.8859, 'Best_NDCG@20': 15.6087}
2026/03/10 18:06:54 - __main__ - INFO - 188 - trainer - {'Best_epoch_HR@5': 32, 'Best_epoch_NDCG@5': 26, 'Best_epoch_HR@10': 38, 'Best_epoch_NDCG@10': 38, 'Best_epoch_HR@20': 38, 'Best_epoch_NDCG@20': 38}
2026/03/10 18:06:54 - __main__ - INFO - 124 - trainer - Epoch: 39
2026/03/10 18:06:55 - __main__ - INFO - 142 - trainer - [0/960] Loss: 5.4647 Loss_contra: 0.1943
2026/03/10 18:07:31 - __main__ - INFO - 142 - trainer - [193/960] Loss: 5.3915 Loss_contra: 0.1813
2026/03/10 18:08:07 - __main__ - INFO - 142 - trainer - [386/960] Loss: 5.3715 Loss_contra: 0.1774
2026/03/10 18:08:42 - __main__ - INFO - 142 - trainer - [579/960] Loss: 5.4593 Loss_contra: 0.1813
2026/03/10 18:09:19 - __main__ - INFO - 142 - trainer - [772/960] Loss: 5.4812 Loss_contra: 0.1887
2026/03/10 18:09:54 - __main__ - INFO - 124 - trainer - Epoch: 40
2026/03/10 18:09:54 - __main__ - INFO - 142 - trainer - [0/960] Loss: 5.4890 Loss_contra: 0.1788
2026/03/10 18:10:31 - __main__ - INFO - 142 - trainer - [193/960] Loss: 5.4844 Loss_contra: 0.1913
2026/03/10 18:11:07 - __main__ - INFO - 142 - trainer - [386/960] Loss: 5.5809 Loss_contra: 0.1798
2026/03/10 18:11:42 - __main__ - INFO - 142 - trainer - [579/960] Loss: 5.3809 Loss_contra: 0.1789
2026/03/10 18:12:19 - __main__ - INFO - 142 - trainer - [772/960] Loss: 5.5300 Loss_contra: 0.1586
2026/03/10 18:12:54 - __main__ - INFO - 152 - trainer - start predicting: 2026-03-10 18:12:54.514022
2026/03/10 18:13:01 - __main__ - INFO - 187 - trainer - {'Best_HR@5': 15.4321, 'Best_NDCG@5': 9.7396, 'Best_HR@10': 24.8779, 'Best_NDCG@10': 12.6964, 'Best_HR@20': 36.8859, 'Best_NDCG@20': 15.7953}
2026/03/10 18:13:01 - __main__ - INFO - 188 - trainer - {'Best_epoch_HR@5': 40, 'Best_epoch_NDCG@5': 40, 'Best_epoch_HR@10': 38, 'Best_epoch_NDCG@10': 40, 'Best_epoch_HR@20': 38, 'Best_epoch_NDCG@20': 40}
2026/03/10 18:13:01 - __main__ - INFO - 124 - trainer - Epoch: 41
2026/03/10 18:13:01 - __main__ - INFO - 142 - trainer - [0/960] Loss: 5.3456 Loss_contra: 0.1727
2026/03/10 18:13:36 - __main__ - INFO - 142 - trainer - [193/960] Loss: 5.4411 Loss_contra: 0.1758
2026/03/10 18:14:13 - __main__ - INFO - 142 - trainer - [386/960] Loss: 5.4011 Loss_contra: 0.1840
2026/03/10 18:14:49 - __main__ - INFO - 142 - trainer - [579/960] Loss: 5.4551 Loss_contra: 0.1772
2026/03/10 18:15:24 - __main__ - INFO - 142 - trainer - [772/960] Loss: 5.3842 Loss_contra: 0.1820
2026/03/10 18:16:00 - __main__ - INFO - 124 - trainer - Epoch: 42
2026/03/10 18:16:00 - __main__ - INFO - 142 - trainer - [0/960] Loss: 5.4517 Loss_contra: 0.1814
2026/03/10 18:16:36 - __main__ - INFO - 142 - trainer - [193/960] Loss: 5.3929 Loss_contra: 0.1728
2026/03/10 18:17:13 - __main__ - INFO - 142 - trainer - [386/960] Loss: 5.4179 Loss_contra: 0.1795
2026/03/10 18:17:50 - __main__ - INFO - 142 - trainer - [579/960] Loss: 5.4091 Loss_contra: 0.1826
2026/03/10 18:18:25 - __main__ - INFO - 142 - trainer - [772/960] Loss: 5.4394 Loss_contra: 0.1812
2026/03/10 18:19:00 - __main__ - INFO - 152 - trainer - start predicting: 2026-03-10 18:19:00.609785
2026/03/10 18:19:07 - __main__ - INFO - 187 - trainer - {'Best_HR@5': 15.66, 'Best_NDCG@5': 9.7396, 'Best_HR@10': 24.8779, 'Best_NDCG@10': 12.6964, 'Best_HR@20': 36.9276, 'Best_NDCG@20': 15.7953}
2026/03/10 18:19:07 - __main__ - INFO - 188 - trainer - {'Best_epoch_HR@5': 42, 'Best_epoch_NDCG@5': 40, 'Best_epoch_HR@10': 38, 'Best_epoch_NDCG@10': 40, 'Best_epoch_HR@20': 42, 'Best_epoch_NDCG@20': 40}
2026/03/10 18:19:07 - __main__ - INFO - 124 - trainer - Epoch: 43
2026/03/10 18:19:07 - __main__ - INFO - 142 - trainer - [0/960] Loss: 5.4075 Loss_contra: 0.1727
2026/03/10 18:19:44 - __main__ - INFO - 142 - trainer - [193/960] Loss: 5.4022 Loss_contra: 0.1855
2026/03/10 18:20:19 - __main__ - INFO - 142 - trainer - [386/960] Loss: 5.4530 Loss_contra: 0.1723
2026/03/10 18:20:55 - __main__ - INFO - 142 - trainer - [579/960] Loss: 5.3565 Loss_contra: 0.1638
2026/03/10 18:21:32 - __main__ - INFO - 142 - trainer - [772/960] Loss: 5.4553 Loss_contra: 0.1830
2026/03/10 18:22:07 - __main__ - INFO - 124 - trainer - Epoch: 44
2026/03/10 18:22:07 - __main__ - INFO - 142 - trainer - [0/960] Loss: 5.3273 Loss_contra: 0.1774
2026/03/10 18:22:42 - __main__ - INFO - 142 - trainer - [193/960] Loss: 5.3835 Loss_contra: 0.1593
2026/03/10 18:23:19 - __main__ - INFO - 142 - trainer - [386/960] Loss: 5.4667 Loss_contra: 0.1503
2026/03/10 18:23:55 - __main__ - INFO - 142 - trainer - [579/960] Loss: 5.5427 Loss_contra: 0.1565
2026/03/10 18:24:32 - __main__ - INFO - 142 - trainer - [772/960] Loss: 5.3419 Loss_contra: 0.1798
2026/03/10 18:25:07 - __main__ - INFO - 152 - trainer - start predicting: 2026-03-10 18:25:07.601779
2026/03/10 18:25:14 - __main__ - INFO - 187 - trainer - {'Best_HR@5': 15.66, 'Best_NDCG@5': 9.8285, 'Best_HR@10': 24.8779, 'Best_NDCG@10': 12.8176, 'Best_HR@20': 36.9473, 'Best_NDCG@20': 15.8742}
2026/03/10 18:25:14 - __main__ - INFO - 188 - trainer - {'Best_epoch_HR@5': 42, 'Best_epoch_NDCG@5': 44, 'Best_epoch_HR@10': 38, 'Best_epoch_NDCG@10': 44, 'Best_epoch_HR@20': 44, 'Best_epoch_NDCG@20': 44}
2026/03/10 18:25:14 - __main__ - INFO - 124 - trainer - Epoch: 45
2026/03/10 18:25:14 - __main__ - INFO - 142 - trainer - [0/960] Loss: 5.4349 Loss_contra: 0.1776
2026/03/10 18:25:49 - __main__ - INFO - 142 - trainer - [193/960] Loss: 5.4314 Loss_contra: 0.1509
2026/03/10 18:26:24 - __main__ - INFO - 142 - trainer - [386/960] Loss: 5.4062 Loss_contra: 0.1671
2026/03/10 18:27:01 - __main__ - INFO - 142 - trainer - [579/960] Loss: 5.4032 Loss_contra: 0.1643
2026/03/10 18:27:37 - __main__ - INFO - 142 - trainer - [772/960] Loss: 5.3638 Loss_contra: 0.1592
2026/03/10 18:28:13 - __main__ - INFO - 124 - trainer - Epoch: 46
2026/03/10 18:28:13 - __main__ - INFO - 142 - trainer - [0/960] Loss: 5.4508 Loss_contra: 0.1744
2026/03/10 18:28:48 - __main__ - INFO - 142 - trainer - [193/960] Loss: 5.3329 Loss_contra: 0.1455
2026/03/10 18:29:25 - __main__ - INFO - 142 - trainer - [386/960] Loss: 5.4109 Loss_contra: 0.1637
2026/03/10 18:30:01 - __main__ - INFO - 142 - trainer - [579/960] Loss: 5.4126 Loss_contra: 0.1570
2026/03/10 18:30:38 - __main__ - INFO - 142 - trainer - [772/960] Loss: 5.4875 Loss_contra: 0.1496
2026/03/10 18:31:12 - __main__ - INFO - 152 - trainer - start predicting: 2026-03-10 18:31:12.200456
2026/03/10 18:31:18 - __main__ - INFO - 187 - trainer - {'Best_HR@5': 15.7938, 'Best_NDCG@5': 9.887, 'Best_HR@10': 25.0047, 'Best_NDCG@10': 12.8395, 'Best_HR@20': 37.2206, 'Best_NDCG@20': 15.9234}
2026/03/10 18:31:18 - __main__ - INFO - 188 - trainer - {'Best_epoch_HR@5': 46, 'Best_epoch_NDCG@5': 46, 'Best_epoch_HR@10': 46, 'Best_epoch_NDCG@10': 46, 'Best_epoch_HR@20': 46, 'Best_epoch_NDCG@20': 46}
2026/03/10 18:31:18 - __main__ - INFO - 124 - trainer - Epoch: 47
2026/03/10 18:31:19 - __main__ - INFO - 142 - trainer - [0/960] Loss: 5.3840 Loss_contra: 0.1557
2026/03/10 18:31:55 - __main__ - INFO - 142 - trainer - [193/960] Loss: 5.4305 Loss_contra: 0.1712
2026/03/10 18:32:32 - __main__ - INFO - 142 - trainer - [386/960] Loss: 5.4360 Loss_contra: 0.1425
2026/03/10 18:33:09 - __main__ - INFO - 142 - trainer - [579/960] Loss: 5.4167 Loss_contra: 0.1614
2026/03/10 18:33:44 - __main__ - INFO - 142 - trainer - [772/960] Loss: 5.3323 Loss_contra: 0.1569
2026/03/10 18:34:19 - __main__ - INFO - 124 - trainer - Epoch: 48
2026/03/10 18:34:19 - __main__ - INFO - 142 - trainer - [0/960] Loss: 5.3106 Loss_contra: 0.1538
2026/03/10 18:34:56 - __main__ - INFO - 142 - trainer - [193/960] Loss: 5.4211 Loss_contra: 0.1639
2026/03/10 18:35:32 - __main__ - INFO - 142 - trainer - [386/960] Loss: 5.2849 Loss_contra: 0.1499
2026/03/10 18:36:09 - __main__ - INFO - 142 - trainer - [579/960] Loss: 5.4833 Loss_contra: 0.1510
2026/03/10 18:36:44 - __main__ - INFO - 142 - trainer - [772/960] Loss: 5.4035 Loss_contra: 0.1579
2026/03/10 18:37:19 - __main__ - INFO - 152 - trainer - start predicting: 2026-03-10 18:37:19.494678
2026/03/10 18:37:26 - __main__ - INFO - 187 - trainer - {'Best_HR@5': 15.9096, 'Best_NDCG@5': 10.0318, 'Best_HR@10': 25.4549, 'Best_NDCG@10': 13.1113, 'Best_HR@20': 37.2206, 'Best_NDCG@20': 16.0376}
2026/03/10 18:37:26 - __main__ - INFO - 188 - trainer - {'Best_epoch_HR@5': 48, 'Best_epoch_NDCG@5': 48, 'Best_epoch_HR@10': 48, 'Best_epoch_NDCG@10': 48, 'Best_epoch_HR@20': 46, 'Best_epoch_NDCG@20': 48}
2026/03/10 18:37:26 - __main__ - INFO - 124 - trainer - Epoch: 49
2026/03/10 18:37:26 - __main__ - INFO - 142 - trainer - [0/960] Loss: 5.3482 Loss_contra: 0.1542
2026/03/10 18:38:03 - __main__ - INFO - 142 - trainer - [193/960] Loss: 5.4307 Loss_contra: 0.1451
2026/03/10 18:38:38 - __main__ - INFO - 142 - trainer - [386/960] Loss: 5.3383 Loss_contra: 0.1552
2026/03/10 18:39:14 - __main__ - INFO - 142 - trainer - [579/960] Loss: 5.4812 Loss_contra: 0.1434
2026/03/10 18:39:51 - __main__ - INFO - 142 - trainer - [772/960] Loss: 5.3323 Loss_contra: 0.1542
2026/03/10 18:40:26 - __main__ - INFO - 124 - trainer - Epoch: 50
2026/03/10 18:40:27 - __main__ - INFO - 142 - trainer - [0/960] Loss: 5.3792 Loss_contra: 0.1584
2026/03/10 18:41:02 - __main__ - INFO - 142 - trainer - [193/960] Loss: 5.3179 Loss_contra: 0.1528
2026/03/10 18:41:38 - __main__ - INFO - 142 - trainer - [386/960] Loss: 5.4128 Loss_contra: 0.1511
2026/03/10 18:42:15 - __main__ - INFO - 142 - trainer - [579/960] Loss: 5.3187 Loss_contra: 0.1544
2026/03/10 18:42:52 - __main__ - INFO - 142 - trainer - [772/960] Loss: 5.3885 Loss_contra: 0.1541
2026/03/10 18:43:27 - __main__ - INFO - 152 - trainer - start predicting: 2026-03-10 18:43:27.544500
2026/03/10 18:43:34 - __main__ - INFO - 187 - trainer - {'Best_HR@5': 15.9241, 'Best_NDCG@5': 10.0934, 'Best_HR@10': 26.0666, 'Best_NDCG@10': 13.3321, 'Best_HR@20': 37.3075, 'Best_NDCG@20': 16.169}
2026/03/10 18:43:34 - __main__ - INFO - 188 - trainer - {'Best_epoch_HR@5': 50, 'Best_epoch_NDCG@5': 50, 'Best_epoch_HR@10': 50, 'Best_epoch_NDCG@10': 50, 'Best_epoch_HR@20': 50, 'Best_epoch_NDCG@20': 50}
2026/03/10 18:43:34 - __main__ - INFO - 124 - trainer - Epoch: 51
2026/03/10 18:43:34 - __main__ - INFO - 142 - trainer - [0/960] Loss: 5.3429 Loss_contra: 0.1486
2026/03/10 18:44:09 - __main__ - INFO - 142 - trainer - [193/960] Loss: 5.3873 Loss_contra: 0.1498
2026/03/10 18:44:45 - __main__ - INFO - 142 - trainer - [386/960] Loss: 5.4357 Loss_contra: 0.1382
2026/03/10 18:45:21 - __main__ - INFO - 142 - trainer - [579/960] Loss: 5.4442 Loss_contra: 0.1476
2026/03/10 18:45:58 - __main__ - INFO - 142 - trainer - [772/960] Loss: 5.3523 Loss_contra: 0.1401
2026/03/10 18:46:32 - __main__ - INFO - 124 - trainer - Epoch: 52
2026/03/10 18:46:32 - __main__ - INFO - 142 - trainer - [0/960] Loss: 5.4974 Loss_contra: 0.1375
2026/03/10 18:47:08 - __main__ - INFO - 142 - trainer - [193/960] Loss: 5.3674 Loss_contra: 0.1477
2026/03/10 18:47:45 - __main__ - INFO - 142 - trainer - [386/960] Loss: 5.4740 Loss_contra: 0.1576
2026/03/10 18:48:21 - __main__ - INFO - 142 - trainer - [579/960] Loss: 5.4193 Loss_contra: 0.1453
2026/03/10 18:48:57 - __main__ - INFO - 142 - trainer - [772/960] Loss: 5.4923 Loss_contra: 0.1355
2026/03/10 18:49:31 - __main__ - INFO - 152 - trainer - start predicting: 2026-03-10 18:49:31.892953
2026/03/10 18:49:38 - __main__ - INFO - 124 - trainer - Epoch: 53
2026/03/10 18:49:38 - __main__ - INFO - 142 - trainer - [0/960] Loss: 5.3951 Loss_contra: 0.1296
2026/03/10 18:50:15 - __main__ - INFO - 142 - trainer - [193/960] Loss: 5.4142 Loss_contra: 0.1426
2026/03/10 18:50:50 - __main__ - INFO - 142 - trainer - [386/960] Loss: 5.3009 Loss_contra: 0.1669
2026/03/10 18:51:25 - __main__ - INFO - 142 - trainer - [579/960] Loss: 5.3032 Loss_contra: 0.1375
2026/03/10 18:52:00 - __main__ - INFO - 142 - trainer - [772/960] Loss: 5.3882 Loss_contra: 0.1484
2026/03/10 18:52:35 - __main__ - INFO - 124 - trainer - Epoch: 54
2026/03/10 18:52:35 - __main__ - INFO - 142 - trainer - [0/960] Loss: 5.3978 Loss_contra: 0.1620
2026/03/10 18:53:11 - __main__ - INFO - 142 - trainer - [193/960] Loss: 5.3375 Loss_contra: 0.1421
2026/03/10 18:53:46 - __main__ - INFO - 142 - trainer - [386/960] Loss: 5.4182 Loss_contra: 0.1367
2026/03/10 18:54:21 - __main__ - INFO - 142 - trainer - [579/960] Loss: 5.3099 Loss_contra: 0.1478
2026/03/10 18:54:56 - __main__ - INFO - 142 - trainer - [772/960] Loss: 5.3846 Loss_contra: 0.1490
2026/03/10 18:55:32 - __main__ - INFO - 152 - trainer - start predicting: 2026-03-10 18:55:32.040020
2026/03/10 18:55:38 - __main__ - INFO - 124 - trainer - Epoch: 55
2026/03/10 18:55:39 - __main__ - INFO - 142 - trainer - [0/960] Loss: 5.3823 Loss_contra: 0.1480
2026/03/10 18:56:14 - __main__ - INFO - 142 - trainer - [193/960] Loss: 5.3693 Loss_contra: 0.1389
2026/03/10 18:56:49 - __main__ - INFO - 142 - trainer - [386/960] Loss: 5.3687 Loss_contra: 0.1345
2026/03/10 18:57:26 - __main__ - INFO - 142 - trainer - [579/960] Loss: 5.2358 Loss_contra: 0.1419
2026/03/10 18:58:02 - __main__ - INFO - 142 - trainer - [772/960] Loss: 5.4385 Loss_contra: 0.1415
2026/03/10 18:58:36 - __main__ - INFO - 124 - trainer - Epoch: 56
2026/03/10 18:58:36 - __main__ - INFO - 142 - trainer - [0/960] Loss: 5.4554 Loss_contra: 0.1368
2026/03/10 18:59:12 - __main__ - INFO - 142 - trainer - [193/960] Loss: 5.4275 Loss_contra: 0.1337
2026/03/10 18:59:49 - __main__ - INFO - 142 - trainer - [386/960] Loss: 5.3547 Loss_contra: 0.1215
2026/03/10 19:00:25 - __main__ - INFO - 142 - trainer - [579/960] Loss: 5.3889 Loss_contra: 0.1363
2026/03/10 19:01:02 - __main__ - INFO - 142 - trainer - [772/960] Loss: 5.3709 Loss_contra: 0.1425
2026/03/10 19:01:36 - __main__ - INFO - 152 - trainer - start predicting: 2026-03-10 19:01:36.281666
2026/03/10 19:01:42 - __main__ - INFO - 187 - trainer - {'Best_HR@5': 16.4071, 'Best_NDCG@5': 10.1143, 'Best_HR@10': 26.0666, 'Best_NDCG@10': 13.3321, 'Best_HR@20': 37.3309, 'Best_NDCG@20': 16.169}
2026/03/10 19:01:42 - __main__ - INFO - 188 - trainer - {'Best_epoch_HR@5': 56, 'Best_epoch_NDCG@5': 56, 'Best_epoch_HR@10': 50, 'Best_epoch_NDCG@10': 50, 'Best_epoch_HR@20': 56, 'Best_epoch_NDCG@20': 50}
2026/03/10 19:01:42 - __main__ - INFO - 124 - trainer - Epoch: 57
2026/03/10 19:01:43 - __main__ - INFO - 142 - trainer - [0/960] Loss: 5.4790 Loss_contra: 0.1480
2026/03/10 19:02:19 - __main__ - INFO - 142 - trainer - [193/960] Loss: 5.3828 Loss_contra: 0.1442
2026/03/10 19:02:56 - __main__ - INFO - 142 - trainer - [386/960] Loss: 5.3624 Loss_contra: 0.1450
2026/03/10 19:03:31 - __main__ - INFO - 142 - trainer - [579/960] Loss: 5.3803 Loss_contra: 0.1285
2026/03/10 19:04:07 - __main__ - INFO - 142 - trainer - [772/960] Loss: 5.3610 Loss_contra: 0.1445
2026/03/10 19:04:43 - __main__ - INFO - 124 - trainer - Epoch: 58
2026/03/10 19:04:43 - __main__ - INFO - 142 - trainer - [0/960] Loss: 5.4222 Loss_contra: 0.1498
2026/03/10 19:05:20 - __main__ - INFO - 142 - trainer - [193/960] Loss: 5.3474 Loss_contra: 0.1322
2026/03/10 19:05:56 - __main__ - INFO - 142 - trainer - [386/960] Loss: 5.4294 Loss_contra: 0.1325
2026/03/10 19:06:31 - __main__ - INFO - 142 - trainer - [579/960] Loss: 5.4731 Loss_contra: 0.1490
2026/03/10 19:07:07 - __main__ - INFO - 142 - trainer - [772/960] Loss: 5.4131 Loss_contra: 0.1228
2026/03/10 19:07:42 - __main__ - INFO - 152 - trainer - start predicting: 2026-03-10 19:07:42.893898
2026/03/10 19:07:49 - __main__ - INFO - 187 - trainer - {'Best_HR@5': 16.5152, 'Best_NDCG@5': 10.3669, 'Best_HR@10': 26.0666, 'Best_NDCG@10': 13.3321, 'Best_HR@20': 37.6616, 'Best_NDCG@20': 16.323}
2026/03/10 19:07:49 - __main__ - INFO - 188 - trainer - {'Best_epoch_HR@5': 58, 'Best_epoch_NDCG@5': 58, 'Best_epoch_HR@10': 50, 'Best_epoch_NDCG@10': 50, 'Best_epoch_HR@20': 58, 'Best_epoch_NDCG@20': 58}
2026/03/10 19:07:49 - __main__ - INFO - 124 - trainer - Epoch: 59
2026/03/10 19:07:49 - __main__ - INFO - 142 - trainer - [0/960] Loss: 5.4074 Loss_contra: 0.1440
2026/03/10 19:08:24 - __main__ - INFO - 142 - trainer - [193/960] Loss: 5.3049 Loss_contra: 0.1285
2026/03/10 19:09:01 - __main__ - INFO - 142 - trainer - [386/960] Loss: 5.3624 Loss_contra: 0.1356
2026/03/10 19:09:38 - __main__ - INFO - 142 - trainer - [579/960] Loss: 5.3716 Loss_contra: 0.1291
2026/03/10 19:10:13 - __main__ - INFO - 142 - trainer - [772/960] Loss: 5.3478 Loss_contra: 0.1299
2026/03/10 19:10:48 - __main__ - INFO - 124 - trainer - Epoch: 60
2026/03/10 19:10:48 - __main__ - INFO - 142 - trainer - [0/960] Loss: 5.4357 Loss_contra: 0.1400
2026/03/10 19:11:25 - __main__ - INFO - 142 - trainer - [193/960] Loss: 5.3419 Loss_contra: 0.1380
2026/03/10 19:12:01 - __main__ - INFO - 142 - trainer - [386/960] Loss: 5.3244 Loss_contra: 0.1328
2026/03/10 19:12:38 - __main__ - INFO - 142 - trainer - [579/960] Loss: 5.4426 Loss_contra: 0.1350
2026/03/10 19:13:13 - __main__ - INFO - 142 - trainer - [772/960] Loss: 5.4935 Loss_contra: 0.1441
2026/03/10 19:13:49 - __main__ - INFO - 152 - trainer - start predicting: 2026-03-10 19:13:49.455303
2026/03/10 19:13:56 - __main__ - INFO - 124 - trainer - Epoch: 61
2026/03/10 19:13:56 - __main__ - INFO - 142 - trainer - [0/960] Loss: 5.4917 Loss_contra: 0.1291
2026/03/10 19:14:31 - __main__ - INFO - 142 - trainer - [193/960] Loss: 5.3813 Loss_contra: 0.1315
2026/03/10 19:15:07 - __main__ - INFO - 142 - trainer - [386/960] Loss: 5.3395 Loss_contra: 0.1246
2026/03/10 19:15:42 - __main__ - INFO - 142 - trainer - [579/960] Loss: 5.3336 Loss_contra: 0.1266
2026/03/10 19:16:18 - __main__ - INFO - 142 - trainer - [772/960] Loss: 5.3159 Loss_contra: 0.1344
2026/03/10 19:16:51 - __main__ - INFO - 124 - trainer - Epoch: 62
2026/03/10 19:16:52 - __main__ - INFO - 142 - trainer - [0/960] Loss: 5.4715 Loss_contra: 0.1225
2026/03/10 19:17:27 - __main__ - INFO - 142 - trainer - [193/960] Loss: 5.3200 Loss_contra: 0.1383
2026/03/10 19:18:04 - __main__ - INFO - 142 - trainer - [386/960] Loss: 5.3634 Loss_contra: 0.1299
2026/03/10 19:18:39 - __main__ - INFO - 142 - trainer - [579/960] Loss: 5.3764 Loss_contra: 0.1388
2026/03/10 19:19:14 - __main__ - INFO - 142 - trainer - [772/960] Loss: 5.3783 Loss_contra: 0.1191
2026/03/10 19:19:48 - __main__ - INFO - 152 - trainer - start predicting: 2026-03-10 19:19:48.033180
2026/03/10 19:19:54 - __main__ - INFO - 187 - trainer - {'Best_HR@5': 16.5152, 'Best_NDCG@5': 10.3669, 'Best_HR@10': 26.2005, 'Best_NDCG@10': 13.3991, 'Best_HR@20': 37.6616, 'Best_NDCG@20': 16.323}
2026/03/10 19:19:54 - __main__ - INFO - 188 - trainer - {'Best_epoch_HR@5': 58, 'Best_epoch_NDCG@5': 58, 'Best_epoch_HR@10': 62, 'Best_epoch_NDCG@10': 62, 'Best_epoch_HR@20': 58, 'Best_epoch_NDCG@20': 58}
2026/03/10 19:19:54 - __main__ - INFO - 124 - trainer - Epoch: 63
2026/03/10 19:19:55 - __main__ - INFO - 142 - trainer - [0/960] Loss: 5.2802 Loss_contra: 0.1285
2026/03/10 19:20:31 - __main__ - INFO - 142 - trainer - [193/960] Loss: 5.3787 Loss_contra: 0.1346
2026/03/10 19:21:07 - __main__ - INFO - 142 - trainer - [386/960] Loss: 5.4046 Loss_contra: 0.1253
2026/03/10 19:21:44 - __main__ - INFO - 142 - trainer - [579/960] Loss: 5.3961 Loss_contra: 0.1243
2026/03/10 19:22:19 - __main__ - INFO - 142 - trainer - [772/960] Loss: 5.3921 Loss_contra: 0.1266
2026/03/10 19:22:54 - __main__ - INFO - 124 - trainer - Epoch: 64
2026/03/10 19:22:54 - __main__ - INFO - 142 - trainer - [0/960] Loss: 5.4270 Loss_contra: 0.1245
2026/03/10 19:23:30 - __main__ - INFO - 142 - trainer - [193/960] Loss: 5.3772 Loss_contra: 0.1317
2026/03/10 19:24:06 - __main__ - INFO - 142 - trainer - [386/960] Loss: 5.3351 Loss_contra: 0.1285
2026/03/10 19:24:43 - __main__ - INFO - 142 - trainer - [579/960] Loss: 5.3193 Loss_contra: 0.1306
2026/03/10 19:25:18 - __main__ - INFO - 142 - trainer - [772/960] Loss: 5.3329 Loss_contra: 0.1282
2026/03/10 19:25:53 - __main__ - INFO - 152 - trainer - start predicting: 2026-03-10 19:25:53.689636
2026/03/10 19:26:00 - __main__ - INFO - 124 - trainer - Epoch: 65
2026/03/10 19:26:00 - __main__ - INFO - 142 - trainer - [0/960] Loss: 5.3538 Loss_contra: 0.1213
2026/03/10 19:26:35 - __main__ - INFO - 142 - trainer - [193/960] Loss: 5.3764 Loss_contra: 0.1213
2026/03/10 19:27:12 - __main__ - INFO - 142 - trainer - [386/960] Loss: 5.3027 Loss_contra: 0.1305
2026/03/10 19:27:47 - __main__ - INFO - 142 - trainer - [579/960] Loss: 5.4783 Loss_contra: 0.1309
2026/03/10 19:28:22 - __main__ - INFO - 142 - trainer - [772/960] Loss: 5.3456 Loss_contra: 0.1209
2026/03/10 19:28:56 - __main__ - INFO - 124 - trainer - Epoch: 66
2026/03/10 19:28:56 - __main__ - INFO - 142 - trainer - [0/960] Loss: 5.3645 Loss_contra: 0.1404
2026/03/10 19:29:31 - __main__ - INFO - 142 - trainer - [193/960] Loss: 5.2898 Loss_contra: 0.1255
2026/03/10 19:30:08 - __main__ - INFO - 142 - trainer - [386/960] Loss: 5.2852 Loss_contra: 0.1131
2026/03/10 19:30:43 - __main__ - INFO - 142 - trainer - [579/960] Loss: 5.3405 Loss_contra: 0.1278
2026/03/10 19:31:18 - __main__ - INFO - 142 - trainer - [772/960] Loss: 5.3179 Loss_contra: 0.1232
2026/03/10 19:31:52 - __main__ - INFO - 152 - trainer - start predicting: 2026-03-10 19:31:52.997664
2026/03/10 19:31:59 - __main__ - INFO - 187 - trainer - {'Best_HR@5': 16.5152, 'Best_NDCG@5': 10.3723, 'Best_HR@10': 26.2005, 'Best_NDCG@10': 13.3991, 'Best_HR@20': 37.6616, 'Best_NDCG@20': 16.335}
2026/03/10 19:31:59 - __main__ - INFO - 188 - trainer - {'Best_epoch_HR@5': 58, 'Best_epoch_NDCG@5': 66, 'Best_epoch_HR@10': 62, 'Best_epoch_NDCG@10': 62, 'Best_epoch_HR@20': 58, 'Best_epoch_NDCG@20': 66}
2026/03/10 19:31:59 - __main__ - INFO - 124 - trainer - Epoch: 67
2026/03/10 19:32:00 - __main__ - INFO - 142 - trainer - [0/960] Loss: 5.3900 Loss_contra: 0.1385
2026/03/10 19:32:36 - __main__ - INFO - 142 - trainer - [193/960] Loss: 5.3733 Loss_contra: 0.1185
2026/03/10 19:33:12 - __main__ - INFO - 142 - trainer - [386/960] Loss: 5.4308 Loss_contra: 0.1255
2026/03/10 19:33:49 - __main__ - INFO - 142 - trainer - [579/960] Loss: 5.2401 Loss_contra: 0.1261
2026/03/10 19:34:23 - __main__ - INFO - 142 - trainer - [772/960] Loss: 5.4177 Loss_contra: 0.1289
2026/03/10 19:34:58 - __main__ - INFO - 124 - trainer - Epoch: 68
2026/03/10 19:34:59 - __main__ - INFO - 142 - trainer - [0/960] Loss: 5.3348 Loss_contra: 0.1317
2026/03/10 19:35:35 - __main__ - INFO - 142 - trainer - [193/960] Loss: 5.2656 Loss_contra: 0.1180
2026/03/10 19:36:11 - __main__ - INFO - 142 - trainer - [386/960] Loss: 5.3405 Loss_contra: 0.1308
2026/03/10 19:36:48 - __main__ - INFO - 142 - trainer - [579/960] Loss: 5.3661 Loss_contra: 0.1133
2026/03/10 19:37:23 - __main__ - INFO - 142 - trainer - [772/960] Loss: 5.3816 Loss_contra: 0.1145
2026/03/10 19:37:58 - __main__ - INFO - 152 - trainer - start predicting: 2026-03-10 19:37:58.892597
2026/03/10 19:38:05 - __main__ - INFO - 187 - trainer - {'Best_HR@5': 16.5751, 'Best_NDCG@5': 10.3946, 'Best_HR@10': 26.2005, 'Best_NDCG@10': 13.3991, 'Best_HR@20': 37.6616, 'Best_NDCG@20': 16.3364}
2026/03/10 19:38:05 - __main__ - INFO - 188 - trainer - {'Best_epoch_HR@5': 68, 'Best_epoch_NDCG@5': 68, 'Best_epoch_HR@10': 62, 'Best_epoch_NDCG@10': 62, 'Best_epoch_HR@20': 58, 'Best_epoch_NDCG@20': 68}
2026/03/10 19:38:05 - __main__ - INFO - 124 - trainer - Epoch: 69
2026/03/10 19:38:05 - __main__ - INFO - 142 - trainer - [0/960] Loss: 5.1543 Loss_contra: 0.1173
2026/03/10 19:38:42 - __main__ - INFO - 142 - trainer - [193/960] Loss: 5.3256 Loss_contra: 0.1166
2026/03/10 19:39:17 - __main__ - INFO - 142 - trainer - [386/960] Loss: 5.3712 Loss_contra: 0.1274
2026/03/10 19:39:54 - __main__ - INFO - 142 - trainer - [579/960] Loss: 5.4509 Loss_contra: 0.1173
2026/03/10 19:40:30 - __main__ - INFO - 142 - trainer - [772/960] Loss: 5.3303 Loss_contra: 0.1158
2026/03/10 19:41:06 - __main__ - INFO - 124 - trainer - Epoch: 70
2026/03/10 19:41:06 - __main__ - INFO - 142 - trainer - [0/960] Loss: 5.3543 Loss_contra: 0.1241
2026/03/10 19:41:41 - __main__ - INFO - 142 - trainer - [193/960] Loss: 5.3395 Loss_contra: 0.1207
2026/03/10 19:42:18 - __main__ - INFO - 142 - trainer - [386/960] Loss: 5.2969 Loss_contra: 0.1225
2026/03/10 19:42:55 - __main__ - INFO - 142 - trainer - [579/960] Loss: 5.3970 Loss_contra: 0.1164
2026/03/10 19:43:31 - __main__ - INFO - 142 - trainer - [772/960] Loss: 5.3245 Loss_contra: 0.1157
2026/03/10 19:44:06 - __main__ - INFO - 152 - trainer - start predicting: 2026-03-10 19:44:06.692772
2026/03/10 19:44:13 - __main__ - INFO - 187 - trainer - {'Best_HR@5': 16.5751, 'Best_NDCG@5': 10.3946, 'Best_HR@10': 26.2005, 'Best_NDCG@10': 13.3991, 'Best_HR@20': 37.9641, 'Best_NDCG@20': 16.4557}
2026/03/10 19:44:13 - __main__ - INFO - 188 - trainer - {'Best_epoch_HR@5': 68, 'Best_epoch_NDCG@5': 68, 'Best_epoch_HR@10': 62, 'Best_epoch_NDCG@10': 62, 'Best_epoch_HR@20': 70, 'Best_epoch_NDCG@20': 70}
2026/03/10 19:44:13 - __main__ - INFO - 124 - trainer - Epoch: 71
2026/03/10 19:44:13 - __main__ - INFO - 142 - trainer - [0/960] Loss: 5.2905 Loss_contra: 0.1184
2026/03/10 19:44:48 - __main__ - INFO - 142 - trainer - [193/960] Loss: 5.4276 Loss_contra: 0.1157
2026/03/10 19:45:24 - __main__ - INFO - 142 - trainer - [386/960] Loss: 5.3602 Loss_contra: 0.1197
2026/03/10 19:45:59 - __main__ - INFO - 142 - trainer - [579/960] Loss: 5.3827 Loss_contra: 0.1222
2026/03/10 19:46:36 - __main__ - INFO - 142 - trainer - [772/960] Loss: 5.2780 Loss_contra: 0.1102
2026/03/10 19:47:11 - __main__ - INFO - 124 - trainer - Epoch: 72
2026/03/10 19:47:11 - __main__ - INFO - 142 - trainer - [0/960] Loss: 5.3806 Loss_contra: 0.1233
2026/03/10 19:47:45 - __main__ - INFO - 142 - trainer - [193/960] Loss: 5.4123 Loss_contra: 0.1183
2026/03/10 19:48:22 - __main__ - INFO - 142 - trainer - [386/960] Loss: 5.4125 Loss_contra: 0.1211
2026/03/10 19:48:58 - __main__ - INFO - 142 - trainer - [579/960] Loss: 5.2669 Loss_contra: 0.1285
2026/03/10 19:49:34 - __main__ - INFO - 142 - trainer - [772/960] Loss: 5.3429 Loss_contra: 0.1203
2026/03/10 19:50:09 - __main__ - INFO - 152 - trainer - start predicting: 2026-03-10 19:50:09.321634
2026/03/10 19:50:16 - __main__ - INFO - 124 - trainer - Epoch: 73
2026/03/10 19:50:16 - __main__ - INFO - 142 - trainer - [0/960] Loss: 5.3046 Loss_contra: 0.1112
2026/03/10 19:50:51 - __main__ - INFO - 142 - trainer - [193/960] Loss: 5.2385 Loss_contra: 0.1109
2026/03/10 19:51:26 - __main__ - INFO - 142 - trainer - [386/960] Loss: 5.3676 Loss_contra: 0.1128
2026/03/10 19:52:01 - __main__ - INFO - 142 - trainer - [579/960] Loss: 5.3374 Loss_contra: 0.1179
2026/03/10 19:52:36 - __main__ - INFO - 142 - trainer - [772/960] Loss: 5.3600 Loss_contra: 0.1201
2026/03/10 19:53:12 - __main__ - INFO - 124 - trainer - Epoch: 74
2026/03/10 19:53:12 - __main__ - INFO - 142 - trainer - [0/960] Loss: 5.2894 Loss_contra: 0.1199
2026/03/10 19:53:47 - __main__ - INFO - 142 - trainer - [193/960] Loss: 5.3583 Loss_contra: 0.1251
2026/03/10 19:54:22 - __main__ - INFO - 142 - trainer - [386/960] Loss: 5.4406 Loss_contra: 0.1145
2026/03/10 19:54:57 - __main__ - INFO - 142 - trainer - [579/960] Loss: 5.4201 Loss_contra: 0.1277
2026/03/10 19:55:34 - __main__ - INFO - 142 - trainer - [772/960] Loss: 5.2880 Loss_contra: 0.1186
2026/03/10 19:56:08 - __main__ - INFO - 152 - trainer - start predicting: 2026-03-10 19:56:08.079266
2026/03/10 19:56:14 - __main__ - INFO - 124 - trainer - Epoch: 75
2026/03/10 19:56:15 - __main__ - INFO - 142 - trainer - [0/960] Loss: 5.2731 Loss_contra: 0.1215
2026/03/10 19:56:50 - __main__ - INFO - 142 - trainer - [193/960] Loss: 5.3468 Loss_contra: 0.1128
2026/03/10 19:57:26 - __main__ - INFO - 142 - trainer - [386/960] Loss: 5.3208 Loss_contra: 0.1124
2026/03/10 19:58:01 - __main__ - INFO - 142 - trainer - [579/960] Loss: 5.2451 Loss_contra: 0.1174
2026/03/10 19:58:37 - __main__ - INFO - 142 - trainer - [772/960] Loss: 5.4373 Loss_contra: 0.1072
2026/03/10 19:59:13 - __main__ - INFO - 124 - trainer - Epoch: 76
2026/03/10 19:59:13 - __main__ - INFO - 142 - trainer - [0/960] Loss: 5.4327 Loss_contra: 0.1200
2026/03/10 19:59:51 - __main__ - INFO - 142 - trainer - [193/960] Loss: 5.4217 Loss_contra: 0.1078
2026/03/10 20:00:26 - __main__ - INFO - 142 - trainer - [386/960] Loss: 5.3381 Loss_contra: 0.1163
2026/03/10 20:01:03 - __main__ - INFO - 142 - trainer - [579/960] Loss: 5.4513 Loss_contra: 0.1182
2026/03/10 20:01:40 - __main__ - INFO - 142 - trainer - [772/960] Loss: 5.3263 Loss_contra: 0.1136
2026/03/10 20:02:15 - __main__ - INFO - 152 - trainer - start predicting: 2026-03-10 20:02:15.668191
2026/03/10 20:02:22 - __main__ - INFO - 187 - trainer - {'Best_HR@5': 16.5751, 'Best_NDCG@5': 10.4051, 'Best_HR@10': 26.2005, 'Best_NDCG@10': 13.5667, 'Best_HR@20': 37.9966, 'Best_NDCG@20': 16.5506}
2026/03/10 20:02:22 - __main__ - INFO - 188 - trainer - {'Best_epoch_HR@5': 68, 'Best_epoch_NDCG@5': 76, 'Best_epoch_HR@10': 62, 'Best_epoch_NDCG@10': 76, 'Best_epoch_HR@20': 76, 'Best_epoch_NDCG@20': 76}
2026/03/10 20:02:22 - __main__ - INFO - 124 - trainer - Epoch: 77
2026/03/10 20:02:22 - __main__ - INFO - 142 - trainer - [0/960] Loss: 5.3016 Loss_contra: 0.1128
2026/03/10 20:02:57 - __main__ - INFO - 142 - trainer - [193/960] Loss: 5.3637 Loss_contra: 0.1196
2026/03/10 20:03:34 - __main__ - INFO - 142 - trainer - [386/960] Loss: 5.1734 Loss_contra: 0.1136
2026/03/10 20:04:09 - __main__ - INFO - 142 - trainer - [579/960] Loss: 5.3507 Loss_contra: 0.1122
2026/03/10 20:04:45 - __main__ - INFO - 142 - trainer - [772/960] Loss: 5.4149 Loss_contra: 0.1281
2026/03/10 20:05:21 - __main__ - INFO - 124 - trainer - Epoch: 78
2026/03/10 20:05:21 - __main__ - INFO - 142 - trainer - [0/960] Loss: 5.3944 Loss_contra: 0.1135
2026/03/10 20:05:58 - __main__ - INFO - 142 - trainer - [193/960] Loss: 5.3447 Loss_contra: 0.1154
2026/03/10 20:06:34 - __main__ - INFO - 142 - trainer - [386/960] Loss: 5.2824 Loss_contra: 0.1064
2026/03/10 20:07:09 - __main__ - INFO - 142 - trainer - [579/960] Loss: 5.3110 Loss_contra: 0.1169
2026/03/10 20:07:46 - __main__ - INFO - 142 - trainer - [772/960] Loss: 5.3321 Loss_contra: 0.1117
2026/03/10 20:08:21 - __main__ - INFO - 152 - trainer - start predicting: 2026-03-10 20:08:21.801837
2026/03/10 20:08:28 - __main__ - INFO - 124 - trainer - Epoch: 79
2026/03/10 20:08:28 - __main__ - INFO - 142 - trainer - [0/960] Loss: 5.2667 Loss_contra: 0.1147
2026/03/10 20:09:03 - __main__ - INFO - 142 - trainer - [193/960] Loss: 5.4326 Loss_contra: 0.1137
2026/03/10 20:09:38 - __main__ - INFO - 142 - trainer - [386/960] Loss: 5.3457 Loss_contra: 0.1202
2026/03/10 20:10:14 - __main__ - INFO - 142 - trainer - [579/960] Loss: 5.3182 Loss_contra: 0.1103
2026/03/10 20:10:49 - __main__ - INFO - 142 - trainer - [772/960] Loss: 5.2845 Loss_contra: 0.1236
