2026/03/23 13:48:24 - __main__ - INFO - 168 - main - Namespace(batch_size=1024, dataset='ml-1m', decay_step=100, description='Diffu_norm_score', device='cuda', diffusion_steps=32, diversity_measure=False, dropout=0.1, emb_dropout=0.3, epoch_time_avg=False, epochs=300, eval_interval=1, gamma=0.1, hidden_act='gelu', hidden_size=128, item_num=3706, lambda_contra=1, lambda_history=1, lambda_intent=1, log_file='log/', long_head=False, loss_lambda=0.001, lr=0.001, max_len=50, metric_ks=[5, 10, 20], momentum=None, noise_schedule='trunc_lin', num_blocks=4, num_cluster=2, num_gpu=1, num_hidden_layers=1, num_iter=20, optimizer='Adam', patience=10, random_seed=1997, rep_pad=True, rep_pad_delimiter=False, rep_pad_fixed_num=1, rep_pad_mode='rand_0_max', rescale_timesteps=True, schedule_sampler_name='lossaware', weight_decay=0)
2026/03/23 13:48:41 - __main__ - INFO - 124 - trainer - Epoch: 0
2026/03/23 13:48:46 - __main__ - INFO - 142 - trainer - [0/960] Loss: 55.2641 Loss_contra: 0.0048
2026/03/23 13:49:49 - __main__ - INFO - 142 - trainer - [193/960] Loss: 19.8356 Loss_contra: 3.1976
2026/03/23 13:50:51 - __main__ - INFO - 142 - trainer - [386/960] Loss: 13.3415 Loss_contra: 1.3201
2026/03/23 13:51:55 - __main__ - INFO - 142 - trainer - [579/960] Loss: 9.2030 Loss_contra: 0.0280
2026/03/23 13:52:56 - __main__ - INFO - 142 - trainer - [772/960] Loss: 8.6406 Loss_contra: 0.0559
2026/03/23 13:53:56 - __main__ - INFO - 124 - trainer - Epoch: 1
2026/03/23 13:53:56 - __main__ - INFO - 142 - trainer - [0/960] Loss: 8.3630 Loss_contra: 0.0972
2026/03/23 13:54:59 - __main__ - INFO - 142 - trainer - [193/960] Loss: 8.1560 Loss_contra: 0.0879
2026/03/23 13:56:01 - __main__ - INFO - 142 - trainer - [386/960] Loss: 8.0098 Loss_contra: 0.0844
2026/03/23 13:57:06 - __main__ - INFO - 142 - trainer - [579/960] Loss: 7.7828 Loss_contra: 0.0767
2026/03/23 13:58:07 - __main__ - INFO - 142 - trainer - [772/960] Loss: 7.6471 Loss_contra: 0.0863
2026/03/23 13:59:06 - __main__ - INFO - 152 - trainer - start predicting: 2026-03-23 13:59:06.958795
2026/03/23 13:59:15 - __main__ - INFO - 187 - trainer - {'Best_HR@5': 3.8656, 'Best_NDCG@5': 2.324, 'Best_HR@10': 6.8232, 'Best_NDCG@10': 3.2712, 'Best_HR@20': 11.311, 'Best_NDCG@20': 4.3936}
2026/03/23 13:59:15 - __main__ - INFO - 188 - trainer - {'Best_epoch_HR@5': 1, 'Best_epoch_NDCG@5': 1, 'Best_epoch_HR@10': 1, 'Best_epoch_NDCG@10': 1, 'Best_epoch_HR@20': 1, 'Best_epoch_NDCG@20': 1}
2026/03/23 13:59:15 - __main__ - INFO - 124 - trainer - Epoch: 2
2026/03/23 13:59:15 - __main__ - INFO - 142 - trainer - [0/960] Loss: 7.5410 Loss_contra: 0.1066
2026/03/23 14:00:15 - __main__ - INFO - 142 - trainer - [193/960] Loss: 7.3527 Loss_contra: 0.0888
2026/03/23 14:01:15 - __main__ - INFO - 142 - trainer - [386/960] Loss: 7.3646 Loss_contra: 0.0724
2026/03/23 14:02:16 - __main__ - INFO - 142 - trainer - [579/960] Loss: 7.2144 Loss_contra: 0.0847
2026/03/23 14:03:16 - __main__ - INFO - 142 - trainer - [772/960] Loss: 7.1006 Loss_contra: 0.0875
2026/03/23 14:04:13 - __main__ - INFO - 152 - trainer - start predicting: 2026-03-23 14:04:13.809987
2026/03/23 14:04:22 - __main__ - INFO - 187 - trainer - {'Best_HR@5': 6.8865, 'Best_NDCG@5': 4.2529, 'Best_HR@10': 11.6943, 'Best_NDCG@10': 5.794, 'Best_HR@20': 18.1087, 'Best_NDCG@20': 7.4117}
2026/03/23 14:04:22 - __main__ - INFO - 188 - trainer - {'Best_epoch_HR@5': 2, 'Best_epoch_NDCG@5': 2, 'Best_epoch_HR@10': 2, 'Best_epoch_NDCG@10': 2, 'Best_epoch_HR@20': 2, 'Best_epoch_NDCG@20': 2}
2026/03/23 14:04:22 - __main__ - INFO - 124 - trainer - Epoch: 3
2026/03/23 14:04:22 - __main__ - INFO - 142 - trainer - [0/960] Loss: 7.1222 Loss_contra: 0.1014
2026/03/23 14:05:26 - __main__ - INFO - 142 - trainer - [193/960] Loss: 6.9899 Loss_contra: 0.0807
2026/03/23 14:06:30 - __main__ - INFO - 142 - trainer - [386/960] Loss: 6.7290 Loss_contra: 0.0889
2026/03/23 14:07:33 - __main__ - INFO - 142 - trainer - [579/960] Loss: 6.8332 Loss_contra: 0.0828
2026/03/23 14:08:35 - __main__ - INFO - 142 - trainer - [772/960] Loss: 6.7213 Loss_contra: 0.0752
2026/03/23 14:09:38 - __main__ - INFO - 152 - trainer - start predicting: 2026-03-23 14:09:38.211105
2026/03/23 14:09:46 - __main__ - INFO - 187 - trainer - {'Best_HR@5': 8.2214, 'Best_NDCG@5': 5.1215, 'Best_HR@10': 13.9609, 'Best_NDCG@10': 6.9613, 'Best_HR@20': 22.5136, 'Best_NDCG@20': 9.1066}
2026/03/23 14:09:46 - __main__ - INFO - 188 - trainer - {'Best_epoch_HR@5': 3, 'Best_epoch_NDCG@5': 3, 'Best_epoch_HR@10': 3, 'Best_epoch_NDCG@10': 3, 'Best_epoch_HR@20': 3, 'Best_epoch_NDCG@20': 3}
2026/03/23 14:09:46 - __main__ - INFO - 124 - trainer - Epoch: 4
2026/03/23 14:09:46 - __main__ - INFO - 142 - trainer - [0/960] Loss: 6.7333 Loss_contra: 0.0911
2026/03/23 14:10:47 - __main__ - INFO - 142 - trainer - [193/960] Loss: 6.5831 Loss_contra: 0.0919
2026/03/23 14:11:49 - __main__ - INFO - 142 - trainer - [386/960] Loss: 6.6122 Loss_contra: 0.0865
2026/03/23 14:12:53 - __main__ - INFO - 142 - trainer - [579/960] Loss: 6.5313 Loss_contra: 0.0871
2026/03/23 14:13:56 - __main__ - INFO - 142 - trainer - [772/960] Loss: 6.5294 Loss_contra: 0.0822
2026/03/23 14:14:56 - __main__ - INFO - 152 - trainer - start predicting: 2026-03-23 14:14:56.705163
2026/03/23 14:15:04 - __main__ - INFO - 187 - trainer - {'Best_HR@5': 9.8713, 'Best_NDCG@5': 6.1338, 'Best_HR@10': 16.0521, 'Best_NDCG@10': 8.1084, 'Best_HR@20': 24.7133, 'Best_NDCG@20': 10.3019}
2026/03/23 14:15:04 - __main__ - INFO - 188 - trainer - {'Best_epoch_HR@5': 4, 'Best_epoch_NDCG@5': 4, 'Best_epoch_HR@10': 4, 'Best_epoch_NDCG@10': 4, 'Best_epoch_HR@20': 4, 'Best_epoch_NDCG@20': 4}
2026/03/23 14:15:04 - __main__ - INFO - 124 - trainer - Epoch: 5
2026/03/23 14:15:05 - __main__ - INFO - 142 - trainer - [0/960] Loss: 6.5367 Loss_contra: 0.0823
2026/03/23 14:16:07 - __main__ - INFO - 142 - trainer - [193/960] Loss: 6.4982 Loss_contra: 0.0800
2026/03/23 14:17:06 - __main__ - INFO - 142 - trainer - [386/960] Loss: 6.3461 Loss_contra: 0.0750
2026/03/23 14:18:06 - __main__ - INFO - 142 - trainer - [579/960] Loss: 6.3358 Loss_contra: 0.0792
2026/03/23 14:19:06 - __main__ - INFO - 142 - trainer - [772/960] Loss: 6.2977 Loss_contra: 0.0779
2026/03/23 14:20:06 - __main__ - INFO - 152 - trainer - start predicting: 2026-03-23 14:20:06.216838
2026/03/23 14:20:14 - __main__ - INFO - 187 - trainer - {'Best_HR@5': 10.2565, 'Best_NDCG@5': 6.5218, 'Best_HR@10': 17.4251, 'Best_NDCG@10': 8.8225, 'Best_HR@20': 27.4847, 'Best_NDCG@20': 11.3533}
2026/03/23 14:20:14 - __main__ - INFO - 188 - trainer - {'Best_epoch_HR@5': 5, 'Best_epoch_NDCG@5': 5, 'Best_epoch_HR@10': 5, 'Best_epoch_NDCG@10': 5, 'Best_epoch_HR@20': 5, 'Best_epoch_NDCG@20': 5}
2026/03/23 14:20:14 - __main__ - INFO - 124 - trainer - Epoch: 6
2026/03/23 14:20:15 - __main__ - INFO - 142 - trainer - [0/960] Loss: 6.3134 Loss_contra: 0.0728
2026/03/23 14:21:15 - __main__ - INFO - 142 - trainer - [193/960] Loss: 6.4101 Loss_contra: 0.0799
2026/03/23 14:22:16 - __main__ - INFO - 142 - trainer - [386/960] Loss: 6.2837 Loss_contra: 0.0721
2026/03/23 14:23:16 - __main__ - INFO - 142 - trainer - [579/960] Loss: 6.0764 Loss_contra: 0.0760
2026/03/23 14:24:17 - __main__ - INFO - 142 - trainer - [772/960] Loss: 6.2449 Loss_contra: 0.0809
2026/03/23 14:25:16 - __main__ - INFO - 152 - trainer - start predicting: 2026-03-23 14:25:16.603762
2026/03/23 14:25:24 - __main__ - INFO - 187 - trainer - {'Best_HR@5': 11.5174, 'Best_NDCG@5': 7.1586, 'Best_HR@10': 19.1688, 'Best_NDCG@10': 9.6204, 'Best_HR@20': 28.776, 'Best_NDCG@20': 12.0498}
2026/03/23 14:25:24 - __main__ - INFO - 188 - trainer - {'Best_epoch_HR@5': 6, 'Best_epoch_NDCG@5': 6, 'Best_epoch_HR@10': 6, 'Best_epoch_NDCG@10': 6, 'Best_epoch_HR@20': 6, 'Best_epoch_NDCG@20': 6}
2026/03/23 14:25:25 - __main__ - INFO - 124 - trainer - Epoch: 7
2026/03/23 14:25:25 - __main__ - INFO - 142 - trainer - [0/960] Loss: 6.1166 Loss_contra: 0.0729
2026/03/23 14:26:24 - __main__ - INFO - 142 - trainer - [193/960] Loss: 6.0843 Loss_contra: 0.0671
2026/03/23 14:27:26 - __main__ - INFO - 142 - trainer - [386/960] Loss: 6.1160 Loss_contra: 0.0721
2026/03/23 14:28:26 - __main__ - INFO - 142 - trainer - [579/960] Loss: 6.0982 Loss_contra: 0.0683
2026/03/23 14:29:26 - __main__ - INFO - 142 - trainer - [772/960] Loss: 6.1259 Loss_contra: 0.0742
2026/03/23 14:30:21 - __main__ - INFO - 152 - trainer - start predicting: 2026-03-23 14:30:21.614490
2026/03/23 14:30:30 - __main__ - INFO - 187 - trainer - {'Best_HR@5': 11.7074, 'Best_NDCG@5': 7.3203, 'Best_HR@10': 19.728, 'Best_NDCG@10': 9.8872, 'Best_HR@20': 29.8705, 'Best_NDCG@20': 12.4364}
2026/03/23 14:30:30 - __main__ - INFO - 188 - trainer - {'Best_epoch_HR@5': 7, 'Best_epoch_NDCG@5': 7, 'Best_epoch_HR@10': 7, 'Best_epoch_NDCG@10': 7, 'Best_epoch_HR@20': 7, 'Best_epoch_NDCG@20': 7}
2026/03/23 14:30:30 - __main__ - INFO - 124 - trainer - Epoch: 8
2026/03/23 14:30:30 - __main__ - INFO - 142 - trainer - [0/960] Loss: 6.1820 Loss_contra: 0.0676
2026/03/23 14:31:31 - __main__ - INFO - 142 - trainer - [193/960] Loss: 6.0854 Loss_contra: 0.0659
2026/03/23 14:32:32 - __main__ - INFO - 142 - trainer - [386/960] Loss: 6.0065 Loss_contra: 0.0672
2026/03/23 14:33:30 - __main__ - INFO - 142 - trainer - [579/960] Loss: 6.1519 Loss_contra: 0.0663
2026/03/23 14:34:30 - __main__ - INFO - 142 - trainer - [772/960] Loss: 6.1678 Loss_contra: 0.0703
2026/03/23 14:35:28 - __main__ - INFO - 152 - trainer - start predicting: 2026-03-23 14:35:28.370000
2026/03/23 14:35:36 - __main__ - INFO - 187 - trainer - {'Best_HR@5': 11.8137, 'Best_NDCG@5': 7.5327, 'Best_HR@10': 20.426, 'Best_NDCG@10': 10.3107, 'Best_HR@20': 31.0983, 'Best_NDCG@20': 12.9952}
2026/03/23 14:35:36 - __main__ - INFO - 188 - trainer - {'Best_epoch_HR@5': 8, 'Best_epoch_NDCG@5': 8, 'Best_epoch_HR@10': 8, 'Best_epoch_NDCG@10': 8, 'Best_epoch_HR@20': 8, 'Best_epoch_NDCG@20': 8}
2026/03/23 14:35:36 - __main__ - INFO - 124 - trainer - Epoch: 9
2026/03/23 14:35:36 - __main__ - INFO - 142 - trainer - [0/960] Loss: 6.0774 Loss_contra: 0.0677
2026/03/23 14:36:34 - __main__ - INFO - 142 - trainer - [193/960] Loss: 6.0075 Loss_contra: 0.0622
2026/03/23 14:37:35 - __main__ - INFO - 142 - trainer - [386/960] Loss: 6.0995 Loss_contra: 0.0588
2026/03/23 14:38:37 - __main__ - INFO - 142 - trainer - [579/960] Loss: 5.9414 Loss_contra: 0.0623
2026/03/23 14:39:37 - __main__ - INFO - 142 - trainer - [772/960] Loss: 6.0315 Loss_contra: 0.0619
2026/03/23 14:40:24 - __main__ - INFO - 152 - trainer - start predicting: 2026-03-23 14:40:24.902345
2026/03/23 14:40:32 - __main__ - INFO - 187 - trainer - {'Best_HR@5': 12.3658, 'Best_NDCG@5': 7.8202, 'Best_HR@10': 20.8907, 'Best_NDCG@10': 10.5702, 'Best_HR@20': 31.3771, 'Best_NDCG@20': 13.2175}
2026/03/23 14:40:32 - __main__ - INFO - 188 - trainer - {'Best_epoch_HR@5': 9, 'Best_epoch_NDCG@5': 9, 'Best_epoch_HR@10': 9, 'Best_epoch_NDCG@10': 9, 'Best_epoch_HR@20': 9, 'Best_epoch_NDCG@20': 9}
2026/03/23 14:40:32 - __main__ - INFO - 124 - trainer - Epoch: 10
2026/03/23 14:40:32 - __main__ - INFO - 142 - trainer - [0/960] Loss: 5.9951 Loss_contra: 0.0598
2026/03/23 14:41:23 - __main__ - INFO - 142 - trainer - [193/960] Loss: 6.0303 Loss_contra: 0.0595
2026/03/23 14:42:17 - __main__ - INFO - 142 - trainer - [386/960] Loss: 5.8942 Loss_contra: 0.0635
2026/03/23 14:43:03 - __main__ - INFO - 142 - trainer - [579/960] Loss: 5.8850 Loss_contra: 0.0579
2026/03/23 14:43:48 - __main__ - INFO - 142 - trainer - [772/960] Loss: 6.0260 Loss_contra: 0.0592
2026/03/23 14:44:33 - __main__ - INFO - 152 - trainer - start predicting: 2026-03-23 14:44:33.904288
2026/03/23 14:44:41 - __main__ - INFO - 187 - trainer - {'Best_HR@5': 12.9174, 'Best_NDCG@5': 8.1238, 'Best_HR@10': 21.2165, 'Best_NDCG@10': 10.797, 'Best_HR@20': 32.665, 'Best_NDCG@20': 13.6917}
2026/03/23 14:44:41 - __main__ - INFO - 188 - trainer - {'Best_epoch_HR@5': 10, 'Best_epoch_NDCG@5': 10, 'Best_epoch_HR@10': 10, 'Best_epoch_NDCG@10': 10, 'Best_epoch_HR@20': 10, 'Best_epoch_NDCG@20': 10}
2026/03/23 14:44:41 - __main__ - INFO - 124 - trainer - Epoch: 11
2026/03/23 14:44:41 - __main__ - INFO - 142 - trainer - [0/960] Loss: 5.9508 Loss_contra: 0.0603
2026/03/23 14:45:34 - __main__ - INFO - 142 - trainer - [193/960] Loss: 5.8612 Loss_contra: 0.0543
2026/03/23 14:46:27 - __main__ - INFO - 142 - trainer - [386/960] Loss: 5.8887 Loss_contra: 0.0562
2026/03/23 14:47:18 - __main__ - INFO - 142 - trainer - [579/960] Loss: 5.8416 Loss_contra: 0.0574
2026/03/23 14:48:08 - __main__ - INFO - 142 - trainer - [772/960] Loss: 5.8347 Loss_contra: 0.0590
2026/03/23 14:48:58 - __main__ - INFO - 152 - trainer - start predicting: 2026-03-23 14:48:58.408332
2026/03/23 14:49:05 - __main__ - INFO - 187 - trainer - {'Best_HR@5': 12.9174, 'Best_NDCG@5': 8.1238, 'Best_HR@10': 21.5333, 'Best_NDCG@10': 10.797, 'Best_HR@20': 32.665, 'Best_NDCG@20': 13.6917}
2026/03/23 14:49:05 - __main__ - INFO - 188 - trainer - {'Best_epoch_HR@5': 10, 'Best_epoch_NDCG@5': 10, 'Best_epoch_HR@10': 11, 'Best_epoch_NDCG@10': 10, 'Best_epoch_HR@20': 10, 'Best_epoch_NDCG@20': 10}
2026/03/23 14:49:05 - __main__ - INFO - 124 - trainer - Epoch: 12
2026/03/23 14:49:06 - __main__ - INFO - 142 - trainer - [0/960] Loss: 5.9640 Loss_contra: 0.0579
2026/03/23 14:49:59 - __main__ - INFO - 142 - trainer - [193/960] Loss: 5.7557 Loss_contra: 0.0544
2026/03/23 14:50:49 - __main__ - INFO - 142 - trainer - [386/960] Loss: 5.7699 Loss_contra: 0.0554
2026/03/23 14:51:40 - __main__ - INFO - 142 - trainer - [579/960] Loss: 5.8850 Loss_contra: 0.0560
2026/03/23 14:52:33 - __main__ - INFO - 142 - trainer - [772/960] Loss: 5.8682 Loss_contra: 0.0560
2026/03/23 14:53:24 - __main__ - INFO - 152 - trainer - start predicting: 2026-03-23 14:53:24.089066
2026/03/23 14:53:31 - __main__ - INFO - 187 - trainer - {'Best_HR@5': 13.3062, 'Best_NDCG@5': 8.2917, 'Best_HR@10': 21.904, 'Best_NDCG@10': 11.0509, 'Best_HR@20': 33.7487, 'Best_NDCG@20': 14.0206}
2026/03/23 14:53:31 - __main__ - INFO - 188 - trainer - {'Best_epoch_HR@5': 12, 'Best_epoch_NDCG@5': 12, 'Best_epoch_HR@10': 12, 'Best_epoch_NDCG@10': 12, 'Best_epoch_HR@20': 12, 'Best_epoch_NDCG@20': 12}
2026/03/23 14:53:31 - __main__ - INFO - 124 - trainer - Epoch: 13
2026/03/23 14:53:31 - __main__ - INFO - 142 - trainer - [0/960] Loss: 5.8204 Loss_contra: 0.0557
2026/03/23 14:54:21 - __main__ - INFO - 142 - trainer - [193/960] Loss: 5.8157 Loss_contra: 0.0511
2026/03/23 14:55:13 - __main__ - INFO - 142 - trainer - [386/960] Loss: 5.8761 Loss_contra: 0.0518
2026/03/23 14:56:02 - __main__ - INFO - 142 - trainer - [579/960] Loss: 5.8368 Loss_contra: 0.0520
2026/03/23 14:56:55 - __main__ - INFO - 142 - trainer - [772/960] Loss: 5.8106 Loss_contra: 0.0542
2026/03/23 14:57:47 - __main__ - INFO - 152 - trainer - start predicting: 2026-03-23 14:57:47.959044
2026/03/23 14:57:55 - __main__ - INFO - 187 - trainer - {'Best_HR@5': 13.4459, 'Best_NDCG@5': 8.4123, 'Best_HR@10': 21.904, 'Best_NDCG@10': 11.118, 'Best_HR@20': 33.7487, 'Best_NDCG@20': 14.0967}
2026/03/23 14:57:55 - __main__ - INFO - 188 - trainer - {'Best_epoch_HR@5': 13, 'Best_epoch_NDCG@5': 13, 'Best_epoch_HR@10': 12, 'Best_epoch_NDCG@10': 13, 'Best_epoch_HR@20': 12, 'Best_epoch_NDCG@20': 13}
2026/03/23 14:57:55 - __main__ - INFO - 124 - trainer - Epoch: 14
2026/03/23 14:57:55 - __main__ - INFO - 142 - trainer - [0/960] Loss: 5.7364 Loss_contra: 0.0486
2026/03/23 14:58:45 - __main__ - INFO - 142 - trainer - [193/960] Loss: 5.7893 Loss_contra: 0.0520
2026/03/23 14:59:37 - __main__ - INFO - 142 - trainer - [386/960] Loss: 5.8132 Loss_contra: 0.0483
2026/03/23 15:00:27 - __main__ - INFO - 142 - trainer - [579/960] Loss: 5.8036 Loss_contra: 0.0498
2026/03/23 15:01:18 - __main__ - INFO - 142 - trainer - [772/960] Loss: 5.7626 Loss_contra: 0.0500
2026/03/23 15:02:07 - __main__ - INFO - 152 - trainer - start predicting: 2026-03-23 15:02:07.350346
2026/03/23 15:02:14 - __main__ - INFO - 187 - trainer - {'Best_HR@5': 13.4459, 'Best_NDCG@5': 8.4123, 'Best_HR@10': 21.931, 'Best_NDCG@10': 11.118, 'Best_HR@20': 33.8034, 'Best_NDCG@20': 14.0967}
2026/03/23 15:02:14 - __main__ - INFO - 188 - trainer - {'Best_epoch_HR@5': 13, 'Best_epoch_NDCG@5': 13, 'Best_epoch_HR@10': 14, 'Best_epoch_NDCG@10': 13, 'Best_epoch_HR@20': 14, 'Best_epoch_NDCG@20': 13}
2026/03/23 15:02:14 - __main__ - INFO - 124 - trainer - Epoch: 15
2026/03/23 15:02:15 - __main__ - INFO - 142 - trainer - [0/960] Loss: 5.8121 Loss_contra: 0.0509
2026/03/23 15:03:04 - __main__ - INFO - 142 - trainer - [193/960] Loss: 5.7510 Loss_contra: 0.0483
2026/03/23 15:03:56 - __main__ - INFO - 142 - trainer - [386/960] Loss: 5.7392 Loss_contra: 0.0472
2026/03/23 15:04:46 - __main__ - INFO - 142 - trainer - [579/960] Loss: 5.8140 Loss_contra: 0.0466
2026/03/23 15:05:39 - __main__ - INFO - 142 - trainer - [772/960] Loss: 5.7229 Loss_contra: 0.0471
2026/03/23 15:06:18 - __main__ - INFO - 152 - trainer - start predicting: 2026-03-23 15:06:18.147839
2026/03/23 15:06:24 - __main__ - INFO - 187 - trainer - {'Best_HR@5': 14.0551, 'Best_NDCG@5': 8.7952, 'Best_HR@10': 22.5769, 'Best_NDCG@10': 11.5312, 'Best_HR@20': 34.0152, 'Best_NDCG@20': 14.4162}
2026/03/23 15:06:24 - __main__ - INFO - 188 - trainer - {'Best_epoch_HR@5': 15, 'Best_epoch_NDCG@5': 15, 'Best_epoch_HR@10': 15, 'Best_epoch_NDCG@10': 15, 'Best_epoch_HR@20': 15, 'Best_epoch_NDCG@20': 15}
2026/03/23 15:06:24 - __main__ - INFO - 124 - trainer - Epoch: 16
2026/03/23 15:06:25 - __main__ - INFO - 142 - trainer - [0/960] Loss: 5.7239 Loss_contra: 0.0481
2026/03/23 15:07:01 - __main__ - INFO - 142 - trainer - [193/960] Loss: 5.7176 Loss_contra: 0.0477
2026/03/23 15:07:40 - __main__ - INFO - 142 - trainer - [386/960] Loss: 5.7569 Loss_contra: 0.0446
2026/03/23 15:08:18 - __main__ - INFO - 142 - trainer - [579/960] Loss: 5.7341 Loss_contra: 0.0481
2026/03/23 15:08:55 - __main__ - INFO - 142 - trainer - [772/960] Loss: 5.7978 Loss_contra: 0.0443
2026/03/23 15:09:31 - __main__ - INFO - 152 - trainer - start predicting: 2026-03-23 15:09:31.757507
2026/03/23 15:09:38 - __main__ - INFO - 187 - trainer - {'Best_HR@5': 14.1061, 'Best_NDCG@5': 8.7952, 'Best_HR@10': 23.0421, 'Best_NDCG@10': 11.5782, 'Best_HR@20': 34.3334, 'Best_NDCG@20': 14.419}
2026/03/23 15:09:38 - __main__ - INFO - 188 - trainer - {'Best_epoch_HR@5': 16, 'Best_epoch_NDCG@5': 15, 'Best_epoch_HR@10': 16, 'Best_epoch_NDCG@10': 16, 'Best_epoch_HR@20': 16, 'Best_epoch_NDCG@20': 16}
2026/03/23 15:09:38 - __main__ - INFO - 124 - trainer - Epoch: 17
2026/03/23 15:09:38 - __main__ - INFO - 142 - trainer - [0/960] Loss: 5.7923 Loss_contra: 0.0487
2026/03/23 15:10:16 - __main__ - INFO - 142 - trainer - [193/960] Loss: 5.8433 Loss_contra: 0.0420
2026/03/23 15:10:53 - __main__ - INFO - 142 - trainer - [386/960] Loss: 5.7583 Loss_contra: 0.0436
2026/03/23 15:11:29 - __main__ - INFO - 142 - trainer - [579/960] Loss: 5.7104 Loss_contra: 0.0458
2026/03/23 15:12:07 - __main__ - INFO - 142 - trainer - [772/960] Loss: 5.7492 Loss_contra: 0.0427
2026/03/23 15:12:44 - __main__ - INFO - 152 - trainer - start predicting: 2026-03-23 15:12:44.065919
2026/03/23 15:12:50 - __main__ - INFO - 187 - trainer - {'Best_HR@5': 14.2127, 'Best_NDCG@5': 8.8514, 'Best_HR@10': 23.0421, 'Best_NDCG@10': 11.6596, 'Best_HR@20': 34.6626, 'Best_NDCG@20': 14.6247}
2026/03/23 15:12:50 - __main__ - INFO - 188 - trainer - {'Best_epoch_HR@5': 17, 'Best_epoch_NDCG@5': 17, 'Best_epoch_HR@10': 16, 'Best_epoch_NDCG@10': 17, 'Best_epoch_HR@20': 17, 'Best_epoch_NDCG@20': 17}
2026/03/23 15:12:50 - __main__ - INFO - 124 - trainer - Epoch: 18
2026/03/23 15:12:51 - __main__ - INFO - 142 - trainer - [0/960] Loss: 5.7070 Loss_contra: 0.0444
2026/03/23 15:13:29 - __main__ - INFO - 142 - trainer - [193/960] Loss: 5.6880 Loss_contra: 0.0443
2026/03/23 15:14:07 - __main__ - INFO - 142 - trainer - [386/960] Loss: 5.6860 Loss_contra: 0.0438
2026/03/23 15:14:43 - __main__ - INFO - 142 - trainer - [579/960] Loss: 5.7462 Loss_contra: 0.0443
2026/03/23 15:15:21 - __main__ - INFO - 142 - trainer - [772/960] Loss: 5.7332 Loss_contra: 0.0420
2026/03/23 15:15:58 - __main__ - INFO - 152 - trainer - start predicting: 2026-03-23 15:15:58.956881
2026/03/23 15:16:05 - __main__ - INFO - 187 - trainer - {'Best_HR@5': 14.2127, 'Best_NDCG@5': 8.8514, 'Best_HR@10': 23.0421, 'Best_NDCG@10': 11.6596, 'Best_HR@20': 35.301, 'Best_NDCG@20': 14.7521}
2026/03/23 15:16:05 - __main__ - INFO - 188 - trainer - {'Best_epoch_HR@5': 17, 'Best_epoch_NDCG@5': 17, 'Best_epoch_HR@10': 16, 'Best_epoch_NDCG@10': 17, 'Best_epoch_HR@20': 18, 'Best_epoch_NDCG@20': 18}
2026/03/23 15:16:05 - __main__ - INFO - 124 - trainer - Epoch: 19
2026/03/23 15:16:05 - __main__ - INFO - 142 - trainer - [0/960] Loss: 5.6335 Loss_contra: 0.0427
2026/03/23 15:16:42 - __main__ - INFO - 142 - trainer - [193/960] Loss: 5.6610 Loss_contra: 0.0470
2026/03/23 15:17:20 - __main__ - INFO - 142 - trainer - [386/960] Loss: 5.6187 Loss_contra: 0.0408
2026/03/23 15:17:57 - __main__ - INFO - 142 - trainer - [579/960] Loss: 5.6284 Loss_contra: 0.0431
2026/03/23 15:18:36 - __main__ - INFO - 142 - trainer - [772/960] Loss: 5.6344 Loss_contra: 0.0432
2026/03/23 15:19:26 - __main__ - INFO - 152 - trainer - start predicting: 2026-03-23 15:19:26.326681
2026/03/23 15:19:33 - __main__ - INFO - 187 - trainer - {'Best_HR@5': 14.6217, 'Best_NDCG@5': 9.1513, 'Best_HR@10': 23.2733, 'Best_NDCG@10': 11.9259, 'Best_HR@20': 35.301, 'Best_NDCG@20': 14.821}
2026/03/23 15:19:33 - __main__ - INFO - 188 - trainer - {'Best_epoch_HR@5': 19, 'Best_epoch_NDCG@5': 19, 'Best_epoch_HR@10': 19, 'Best_epoch_NDCG@10': 19, 'Best_epoch_HR@20': 18, 'Best_epoch_NDCG@20': 19}
2026/03/23 15:19:33 - __main__ - INFO - 124 - trainer - Epoch: 20
2026/03/23 15:19:34 - __main__ - INFO - 142 - trainer - [0/960] Loss: 5.6188 Loss_contra: 0.0441
2026/03/23 15:20:22 - __main__ - INFO - 142 - trainer - [193/960] Loss: 5.6684 Loss_contra: 0.0375
2026/03/23 15:21:13 - __main__ - INFO - 142 - trainer - [386/960] Loss: 5.7752 Loss_contra: 0.0404
2026/03/23 15:22:01 - __main__ - INFO - 142 - trainer - [579/960] Loss: 5.7065 Loss_contra: 0.0388
2026/03/23 15:22:53 - __main__ - INFO - 142 - trainer - [772/960] Loss: 5.6438 Loss_contra: 0.0392
2026/03/23 15:23:41 - __main__ - INFO - 152 - trainer - start predicting: 2026-03-23 15:23:41.943130
2026/03/23 15:23:49 - __main__ - INFO - 124 - trainer - Epoch: 21
2026/03/23 15:23:49 - __main__ - INFO - 142 - trainer - [0/960] Loss: 5.7582 Loss_contra: 0.0423
2026/03/23 15:24:37 - __main__ - INFO - 142 - trainer - [193/960] Loss: 5.5801 Loss_contra: 0.0396
2026/03/23 15:25:26 - __main__ - INFO - 142 - trainer - [386/960] Loss: 5.6826 Loss_contra: 0.0400
2026/03/23 15:26:16 - __main__ - INFO - 142 - trainer - [579/960] Loss: 5.6734 Loss_contra: 0.0369
2026/03/23 15:27:04 - __main__ - INFO - 142 - trainer - [772/960] Loss: 5.7062 Loss_contra: 0.0396
2026/03/23 15:27:52 - __main__ - INFO - 152 - trainer - start predicting: 2026-03-23 15:27:52.602809
2026/03/23 15:28:00 - __main__ - INFO - 187 - trainer - {'Best_HR@5': 14.6217, 'Best_NDCG@5': 9.1513, 'Best_HR@10': 23.2733, 'Best_NDCG@10': 11.9259, 'Best_HR@20': 35.5888, 'Best_NDCG@20': 14.9534}
2026/03/23 15:28:00 - __main__ - INFO - 188 - trainer - {'Best_epoch_HR@5': 19, 'Best_epoch_NDCG@5': 19, 'Best_epoch_HR@10': 19, 'Best_epoch_NDCG@10': 19, 'Best_epoch_HR@20': 21, 'Best_epoch_NDCG@20': 21}
2026/03/23 15:28:00 - __main__ - INFO - 124 - trainer - Epoch: 22
2026/03/23 15:28:00 - __main__ - INFO - 142 - trainer - [0/960] Loss: 5.6220 Loss_contra: 0.0371
2026/03/23 15:28:50 - __main__ - INFO - 142 - trainer - [193/960] Loss: 5.6509 Loss_contra: 0.0399
2026/03/23 15:29:41 - __main__ - INFO - 142 - trainer - [386/960] Loss: 5.5680 Loss_contra: 0.0355
2026/03/23 15:30:28 - __main__ - INFO - 142 - trainer - [579/960] Loss: 5.6410 Loss_contra: 0.0378
2026/03/23 15:31:19 - __main__ - INFO - 142 - trainer - [772/960] Loss: 5.7347 Loss_contra: 0.0397
2026/03/23 15:32:10 - __main__ - INFO - 152 - trainer - start predicting: 2026-03-23 15:32:10.729863
2026/03/23 15:32:18 - __main__ - INFO - 187 - trainer - {'Best_HR@5': 14.6217, 'Best_NDCG@5': 9.1513, 'Best_HR@10': 23.5887, 'Best_NDCG@10': 12.0563, 'Best_HR@20': 35.7914, 'Best_NDCG@20': 15.1355}
2026/03/23 15:32:18 - __main__ - INFO - 188 - trainer - {'Best_epoch_HR@5': 19, 'Best_epoch_NDCG@5': 19, 'Best_epoch_HR@10': 22, 'Best_epoch_NDCG@10': 22, 'Best_epoch_HR@20': 22, 'Best_epoch_NDCG@20': 22}
2026/03/23 15:32:18 - __main__ - INFO - 124 - trainer - Epoch: 23
2026/03/23 15:32:18 - __main__ - INFO - 142 - trainer - [0/960] Loss: 5.5882 Loss_contra: 0.0386
2026/03/23 15:33:09 - __main__ - INFO - 142 - trainer - [193/960] Loss: 5.5924 Loss_contra: 0.0362
2026/03/23 15:34:01 - __main__ - INFO - 142 - trainer - [386/960] Loss: 5.6227 Loss_contra: 0.0378
2026/03/23 15:34:54 - __main__ - INFO - 142 - trainer - [579/960] Loss: 5.6404 Loss_contra: 0.0377
2026/03/23 15:35:44 - __main__ - INFO - 142 - trainer - [772/960] Loss: 5.5886 Loss_contra: 0.0380
2026/03/23 15:36:33 - __main__ - INFO - 152 - trainer - start predicting: 2026-03-23 15:36:33.852526
2026/03/23 15:36:41 - __main__ - INFO - 187 - trainer - {'Best_HR@5': 14.9527, 'Best_NDCG@5': 9.4315, 'Best_HR@10': 24.0115, 'Best_NDCG@10': 12.3639, 'Best_HR@20': 35.7914, 'Best_NDCG@20': 15.2515}
2026/03/23 15:36:41 - __main__ - INFO - 188 - trainer - {'Best_epoch_HR@5': 23, 'Best_epoch_NDCG@5': 23, 'Best_epoch_HR@10': 23, 'Best_epoch_NDCG@10': 23, 'Best_epoch_HR@20': 22, 'Best_epoch_NDCG@20': 23}
2026/03/23 15:36:41 - __main__ - INFO - 124 - trainer - Epoch: 24
2026/03/23 15:36:42 - __main__ - INFO - 142 - trainer - [0/960] Loss: 5.5671 Loss_contra: 0.0380
2026/03/23 15:37:33 - __main__ - INFO - 142 - trainer - [193/960] Loss: 5.5851 Loss_contra: 0.0393
2026/03/23 15:38:21 - __main__ - INFO - 142 - trainer - [386/960] Loss: 5.5675 Loss_contra: 0.0377
2026/03/23 15:39:12 - __main__ - INFO - 142 - trainer - [579/960] Loss: 5.6537 Loss_contra: 0.0349
2026/03/23 15:40:01 - __main__ - INFO - 142 - trainer - [772/960] Loss: 5.6797 Loss_contra: 0.0390
2026/03/23 15:40:50 - __main__ - INFO - 152 - trainer - start predicting: 2026-03-23 15:40:50.863107
2026/03/23 15:40:58 - __main__ - INFO - 124 - trainer - Epoch: 25
2026/03/23 15:40:58 - __main__ - INFO - 142 - trainer - [0/960] Loss: 5.5253 Loss_contra: 0.0363
2026/03/23 15:41:48 - __main__ - INFO - 142 - trainer - [193/960] Loss: 5.5991 Loss_contra: 0.0363
2026/03/23 15:42:37 - __main__ - INFO - 142 - trainer - [386/960] Loss: 5.5987 Loss_contra: 0.0358
2026/03/23 15:43:25 - __main__ - INFO - 142 - trainer - [579/960] Loss: 5.5328 Loss_contra: 0.0349
2026/03/23 15:44:16 - __main__ - INFO - 142 - trainer - [772/960] Loss: 5.5701 Loss_contra: 0.0366
2026/03/23 15:45:01 - __main__ - INFO - 152 - trainer - start predicting: 2026-03-23 15:45:01.340228
2026/03/23 15:45:09 - __main__ - INFO - 187 - trainer - {'Best_HR@5': 15.0685, 'Best_NDCG@5': 9.4315, 'Best_HR@10': 24.2686, 'Best_NDCG@10': 12.3639, 'Best_HR@20': 35.987, 'Best_NDCG@20': 15.2515}
2026/03/23 15:45:11 - __main__ - INFO - 188 - trainer - {'Best_epoch_HR@5': 25, 'Best_epoch_NDCG@5': 23, 'Best_epoch_HR@10': 25, 'Best_epoch_NDCG@10': 23, 'Best_epoch_HR@20': 25, 'Best_epoch_NDCG@20': 23}
2026/03/23 15:45:11 - __main__ - INFO - 124 - trainer - Epoch: 26
2026/03/23 15:45:11 - __main__ - INFO - 142 - trainer - [0/960] Loss: 5.6007 Loss_contra: 0.0357
2026/03/23 15:45:59 - __main__ - INFO - 142 - trainer - [193/960] Loss: 5.6455 Loss_contra: 0.0350
2026/03/23 15:46:48 - __main__ - INFO - 142 - trainer - [386/960] Loss: 5.5448 Loss_contra: 0.0366
2026/03/23 15:47:40 - __main__ - INFO - 142 - trainer - [579/960] Loss: 5.4505 Loss_contra: 0.0341
2026/03/23 15:48:32 - __main__ - INFO - 142 - trainer - [772/960] Loss: 5.5004 Loss_contra: 0.0343
2026/03/23 15:49:22 - __main__ - INFO - 152 - trainer - start predicting: 2026-03-23 15:49:22.100507
2026/03/23 15:49:29 - __main__ - INFO - 187 - trainer - {'Best_HR@5': 15.0885, 'Best_NDCG@5': 9.4547, 'Best_HR@10': 24.2686, 'Best_NDCG@10': 12.3772, 'Best_HR@20': 36.4173, 'Best_NDCG@20': 15.4544}
2026/03/23 15:49:29 - __main__ - INFO - 188 - trainer - {'Best_epoch_HR@5': 26, 'Best_epoch_NDCG@5': 26, 'Best_epoch_HR@10': 25, 'Best_epoch_NDCG@10': 26, 'Best_epoch_HR@20': 26, 'Best_epoch_NDCG@20': 26}
2026/03/23 15:49:29 - __main__ - INFO - 124 - trainer - Epoch: 27
2026/03/23 15:49:29 - __main__ - INFO - 142 - trainer - [0/960] Loss: 5.5004 Loss_contra: 0.0358
2026/03/23 15:50:18 - __main__ - INFO - 142 - trainer - [193/960] Loss: 5.5659 Loss_contra: 0.0344
2026/03/23 15:51:06 - __main__ - INFO - 142 - trainer - [386/960] Loss: 5.5536 Loss_contra: 0.0344
2026/03/23 15:51:56 - __main__ - INFO - 142 - trainer - [579/960] Loss: 5.5722 Loss_contra: 0.0356
2026/03/23 15:52:47 - __main__ - INFO - 142 - trainer - [772/960] Loss: 5.5752 Loss_contra: 0.0345
2026/03/23 15:53:35 - __main__ - INFO - 152 - trainer - start predicting: 2026-03-23 15:53:35.537421
2026/03/23 15:53:42 - __main__ - INFO - 187 - trainer - {'Best_HR@5': 15.0885, 'Best_NDCG@5': 9.5153, 'Best_HR@10': 24.404, 'Best_NDCG@10': 12.5636, 'Best_HR@20': 36.4173, 'Best_NDCG@20': 15.5406}
2026/03/23 15:53:42 - __main__ - INFO - 188 - trainer - {'Best_epoch_HR@5': 26, 'Best_epoch_NDCG@5': 27, 'Best_epoch_HR@10': 27, 'Best_epoch_NDCG@10': 27, 'Best_epoch_HR@20': 26, 'Best_epoch_NDCG@20': 27}
2026/03/23 15:53:42 - __main__ - INFO - 124 - trainer - Epoch: 28
2026/03/23 15:53:43 - __main__ - INFO - 142 - trainer - [0/960] Loss: 5.4958 Loss_contra: 0.0321
2026/03/23 15:54:30 - __main__ - INFO - 142 - trainer - [193/960] Loss: 5.5294 Loss_contra: 0.0346
2026/03/23 15:55:19 - __main__ - INFO - 142 - trainer - [386/960] Loss: 5.6498 Loss_contra: 0.0336
2026/03/23 15:56:09 - __main__ - INFO - 142 - trainer - [579/960] Loss: 5.5167 Loss_contra: 0.0304
2026/03/23 15:56:58 - __main__ - INFO - 142 - trainer - [772/960] Loss: 5.5394 Loss_contra: 0.0319
2026/03/23 15:57:46 - __main__ - INFO - 152 - trainer - start predicting: 2026-03-23 15:57:46.104926
2026/03/23 15:57:53 - __main__ - INFO - 187 - trainer - {'Best_HR@5': 15.0885, 'Best_NDCG@5': 9.5153, 'Best_HR@10': 24.5652, 'Best_NDCG@10': 12.5636, 'Best_HR@20': 36.4173, 'Best_NDCG@20': 15.5406}
2026/03/23 15:57:53 - __main__ - INFO - 188 - trainer - {'Best_epoch_HR@5': 26, 'Best_epoch_NDCG@5': 27, 'Best_epoch_HR@10': 28, 'Best_epoch_NDCG@10': 27, 'Best_epoch_HR@20': 26, 'Best_epoch_NDCG@20': 27}
2026/03/23 15:57:53 - __main__ - INFO - 124 - trainer - Epoch: 29
2026/03/23 15:57:53 - __main__ - INFO - 142 - trainer - [0/960] Loss: 5.5443 Loss_contra: 0.0353
2026/03/23 15:58:42 - __main__ - INFO - 142 - trainer - [193/960] Loss: 5.6382 Loss_contra: 0.0325
2026/03/23 15:59:30 - __main__ - INFO - 142 - trainer - [386/960] Loss: 5.5053 Loss_contra: 0.0297
2026/03/23 16:00:22 - __main__ - INFO - 142 - trainer - [579/960] Loss: 5.5779 Loss_contra: 0.0339
2026/03/23 16:01:14 - __main__ - INFO - 142 - trainer - [772/960] Loss: 5.5254 Loss_contra: 0.0357
2026/03/23 16:02:05 - __main__ - INFO - 152 - trainer - start predicting: 2026-03-23 16:02:05.081641
2026/03/23 16:02:12 - __main__ - INFO - 187 - trainer - {'Best_HR@5': 15.0885, 'Best_NDCG@5': 9.577, 'Best_HR@10': 24.6954, 'Best_NDCG@10': 12.6781, 'Best_HR@20': 36.4845, 'Best_NDCG@20': 15.6569}
2026/03/23 16:02:12 - __main__ - INFO - 188 - trainer - {'Best_epoch_HR@5': 26, 'Best_epoch_NDCG@5': 29, 'Best_epoch_HR@10': 29, 'Best_epoch_NDCG@10': 29, 'Best_epoch_HR@20': 29, 'Best_epoch_NDCG@20': 29}
2026/03/23 16:02:12 - __main__ - INFO - 124 - trainer - Epoch: 30
2026/03/23 16:02:13 - __main__ - INFO - 142 - trainer - [0/960] Loss: 5.5545 Loss_contra: 0.0323
2026/03/23 16:03:02 - __main__ - INFO - 142 - trainer - [193/960] Loss: 5.4437 Loss_contra: 0.0351
2026/03/23 16:03:50 - __main__ - INFO - 142 - trainer - [386/960] Loss: 5.4236 Loss_contra: 0.0326
2026/03/23 16:04:40 - __main__ - INFO - 142 - trainer - [579/960] Loss: 5.4730 Loss_contra: 0.0318
2026/03/23 16:05:30 - __main__ - INFO - 142 - trainer - [772/960] Loss: 5.5330 Loss_contra: 0.0325
2026/03/23 16:06:16 - __main__ - INFO - 152 - trainer - start predicting: 2026-03-23 16:06:16.659953
2026/03/23 16:06:23 - __main__ - INFO - 187 - trainer - {'Best_HR@5': 15.0885, 'Best_NDCG@5': 9.577, 'Best_HR@10': 24.6954, 'Best_NDCG@10': 12.6781, 'Best_HR@20': 36.8822, 'Best_NDCG@20': 15.6772}
2026/03/23 16:06:23 - __main__ - INFO - 188 - trainer - {'Best_epoch_HR@5': 26, 'Best_epoch_NDCG@5': 29, 'Best_epoch_HR@10': 29, 'Best_epoch_NDCG@10': 29, 'Best_epoch_HR@20': 30, 'Best_epoch_NDCG@20': 30}
2026/03/23 16:06:23 - __main__ - INFO - 124 - trainer - Epoch: 31
2026/03/23 16:06:24 - __main__ - INFO - 142 - trainer - [0/960] Loss: 5.4564 Loss_contra: 0.0331
2026/03/23 16:07:13 - __main__ - INFO - 142 - trainer - [193/960] Loss: 5.4613 Loss_contra: 0.0323
2026/03/23 16:08:03 - __main__ - INFO - 142 - trainer - [386/960] Loss: 5.6107 Loss_contra: 0.0319
2026/03/23 16:08:53 - __main__ - INFO - 142 - trainer - [579/960] Loss: 5.5976 Loss_contra: 0.0318
2026/03/23 16:09:40 - __main__ - INFO - 142 - trainer - [772/960] Loss: 5.6325 Loss_contra: 0.0284
2026/03/23 16:10:28 - __main__ - INFO - 152 - trainer - start predicting: 2026-03-23 16:10:28.817347
2026/03/23 16:10:36 - __main__ - INFO - 187 - trainer - {'Best_HR@5': 15.3418, 'Best_NDCG@5': 9.6134, 'Best_HR@10': 24.7372, 'Best_NDCG@10': 12.6781, 'Best_HR@20': 36.8822, 'Best_NDCG@20': 15.6772}
2026/03/23 16:10:36 - __main__ - INFO - 188 - trainer - {'Best_epoch_HR@5': 31, 'Best_epoch_NDCG@5': 31, 'Best_epoch_HR@10': 31, 'Best_epoch_NDCG@10': 29, 'Best_epoch_HR@20': 30, 'Best_epoch_NDCG@20': 30}
2026/03/23 16:10:36 - __main__ - INFO - 124 - trainer - Epoch: 32
2026/03/23 16:10:36 - __main__ - INFO - 142 - trainer - [0/960] Loss: 5.5487 Loss_contra: 0.0303
2026/03/23 16:11:25 - __main__ - INFO - 142 - trainer - [193/960] Loss: 5.4983 Loss_contra: 0.0291
2026/03/23 16:12:11 - __main__ - INFO - 142 - trainer - [386/960] Loss: 5.5219 Loss_contra: 0.0305
2026/03/23 16:13:01 - __main__ - INFO - 142 - trainer - [579/960] Loss: 5.5087 Loss_contra: 0.0330
2026/03/23 16:13:50 - __main__ - INFO - 142 - trainer - [772/960] Loss: 5.5493 Loss_contra: 0.0301
2026/03/23 16:14:37 - __main__ - INFO - 152 - trainer - start predicting: 2026-03-23 16:14:37.715354
2026/03/23 16:14:45 - __main__ - INFO - 187 - trainer - {'Best_HR@5': 15.3418, 'Best_NDCG@5': 9.6134, 'Best_HR@10': 25.0827, 'Best_NDCG@10': 12.6781, 'Best_HR@20': 36.8822, 'Best_NDCG@20': 15.6772}
2026/03/23 16:14:45 - __main__ - INFO - 188 - trainer - {'Best_epoch_HR@5': 31, 'Best_epoch_NDCG@5': 31, 'Best_epoch_HR@10': 32, 'Best_epoch_NDCG@10': 29, 'Best_epoch_HR@20': 30, 'Best_epoch_NDCG@20': 30}
2026/03/23 16:14:45 - __main__ - INFO - 124 - trainer - Epoch: 33
2026/03/23 16:14:45 - __main__ - INFO - 142 - trainer - [0/960] Loss: 5.5050 Loss_contra: 0.0326
2026/03/23 16:15:33 - __main__ - INFO - 142 - trainer - [193/960] Loss: 5.4630 Loss_contra: 0.0306
2026/03/23 16:16:21 - __main__ - INFO - 142 - trainer - [386/960] Loss: 5.5280 Loss_contra: 0.0293
2026/03/23 16:17:08 - __main__ - INFO - 142 - trainer - [579/960] Loss: 5.5470 Loss_contra: 0.0293
2026/03/23 16:17:57 - __main__ - INFO - 142 - trainer - [772/960] Loss: 5.4351 Loss_contra: 0.0304
2026/03/23 16:18:45 - __main__ - INFO - 152 - trainer - start predicting: 2026-03-23 16:18:45.599740
2026/03/23 16:18:52 - __main__ - INFO - 187 - trainer - {'Best_HR@5': 15.7595, 'Best_NDCG@5': 9.9258, 'Best_HR@10': 25.3504, 'Best_NDCG@10': 13.0306, 'Best_HR@20': 37.2243, 'Best_NDCG@20': 16.026}
2026/03/23 16:18:52 - __main__ - INFO - 188 - trainer - {'Best_epoch_HR@5': 33, 'Best_epoch_NDCG@5': 33, 'Best_epoch_HR@10': 33, 'Best_epoch_NDCG@10': 33, 'Best_epoch_HR@20': 33, 'Best_epoch_NDCG@20': 33}
2026/03/23 16:18:52 - __main__ - INFO - 124 - trainer - Epoch: 34
2026/03/23 16:18:53 - __main__ - INFO - 142 - trainer - [0/960] Loss: 5.4600 Loss_contra: 0.0320
2026/03/23 16:19:40 - __main__ - INFO - 142 - trainer - [193/960] Loss: 5.4476 Loss_contra: 0.0300
2026/03/23 16:20:29 - __main__ - INFO - 142 - trainer - [386/960] Loss: 5.4856 Loss_contra: 0.0318
2026/03/23 16:21:17 - __main__ - INFO - 142 - trainer - [579/960] Loss: 5.4111 Loss_contra: 0.0296
2026/03/23 16:22:07 - __main__ - INFO - 142 - trainer - [772/960] Loss: 5.4371 Loss_contra: 0.0292
2026/03/23 16:22:55 - __main__ - INFO - 152 - trainer - start predicting: 2026-03-23 16:22:55.227631
2026/03/23 16:23:02 - __main__ - INFO - 187 - trainer - {'Best_HR@5': 15.9241, 'Best_NDCG@5': 9.9258, 'Best_HR@10': 25.4862, 'Best_NDCG@10': 13.0306, 'Best_HR@20': 37.2243, 'Best_NDCG@20': 16.026}
2026/03/23 16:23:02 - __main__ - INFO - 188 - trainer - {'Best_epoch_HR@5': 34, 'Best_epoch_NDCG@5': 33, 'Best_epoch_HR@10': 34, 'Best_epoch_NDCG@10': 33, 'Best_epoch_HR@20': 33, 'Best_epoch_NDCG@20': 33}
2026/03/23 16:23:02 - __main__ - INFO - 124 - trainer - Epoch: 35
2026/03/23 16:23:02 - __main__ - INFO - 142 - trainer - [0/960] Loss: 5.5082 Loss_contra: 0.0294
2026/03/23 16:23:50 - __main__ - INFO - 142 - trainer - [193/960] Loss: 5.4667 Loss_contra: 0.0287
2026/03/23 16:24:40 - __main__ - INFO - 142 - trainer - [386/960] Loss: 5.4859 Loss_contra: 0.0287
2026/03/23 16:25:29 - __main__ - INFO - 142 - trainer - [579/960] Loss: 5.4811 Loss_contra: 0.0285
2026/03/23 16:26:17 - __main__ - INFO - 142 - trainer - [772/960] Loss: 5.4300 Loss_contra: 0.0298
2026/03/23 16:27:07 - __main__ - INFO - 152 - trainer - start predicting: 2026-03-23 16:27:07.401979
2026/03/23 16:27:14 - __main__ - INFO - 187 - trainer - {'Best_HR@5': 15.9241, 'Best_NDCG@5': 9.9258, 'Best_HR@10': 25.4862, 'Best_NDCG@10': 13.0306, 'Best_HR@20': 37.4304, 'Best_NDCG@20': 16.026}
2026/03/23 16:27:14 - __main__ - INFO - 188 - trainer - {'Best_epoch_HR@5': 34, 'Best_epoch_NDCG@5': 33, 'Best_epoch_HR@10': 34, 'Best_epoch_NDCG@10': 33, 'Best_epoch_HR@20': 35, 'Best_epoch_NDCG@20': 33}
2026/03/23 16:27:14 - __main__ - INFO - 124 - trainer - Epoch: 36
2026/03/23 16:27:15 - __main__ - INFO - 142 - trainer - [0/960] Loss: 5.4052 Loss_contra: 0.0288
2026/03/23 16:28:06 - __main__ - INFO - 142 - trainer - [193/960] Loss: 5.5344 Loss_contra: 0.0265
2026/03/23 16:28:56 - __main__ - INFO - 142 - trainer - [386/960] Loss: 5.5108 Loss_contra: 0.0273
2026/03/23 16:29:47 - __main__ - INFO - 142 - trainer - [579/960] Loss: 5.4330 Loss_contra: 0.0275
2026/03/23 16:30:38 - __main__ - INFO - 142 - trainer - [772/960] Loss: 5.5751 Loss_contra: 0.0279
2026/03/23 16:31:25 - __main__ - INFO - 152 - trainer - start predicting: 2026-03-23 16:31:25.837709
2026/03/23 16:31:33 - __main__ - INFO - 124 - trainer - Epoch: 37
2026/03/23 16:31:33 - __main__ - INFO - 142 - trainer - [0/960] Loss: 5.4785 Loss_contra: 0.0289
2026/03/23 16:32:20 - __main__ - INFO - 142 - trainer - [193/960] Loss: 5.4889 Loss_contra: 0.0282
2026/03/23 16:33:07 - __main__ - INFO - 142 - trainer - [386/960] Loss: 5.4047 Loss_contra: 0.0284
2026/03/23 16:33:56 - __main__ - INFO - 142 - trainer - [579/960] Loss: 5.4423 Loss_contra: 0.0263
2026/03/23 16:34:45 - __main__ - INFO - 142 - trainer - [772/960] Loss: 5.4727 Loss_contra: 0.0285
2026/03/23 16:35:31 - __main__ - INFO - 152 - trainer - start predicting: 2026-03-23 16:35:31.000294
2026/03/23 16:35:38 - __main__ - INFO - 124 - trainer - Epoch: 38
2026/03/23 16:35:38 - __main__ - INFO - 142 - trainer - [0/960] Loss: 5.4653 Loss_contra: 0.0274
2026/03/23 16:36:25 - __main__ - INFO - 142 - trainer - [193/960] Loss: 5.4193 Loss_contra: 0.0279
2026/03/23 16:37:14 - __main__ - INFO - 142 - trainer - [386/960] Loss: 5.4554 Loss_contra: 0.0272
2026/03/23 16:38:02 - __main__ - INFO - 142 - trainer - [579/960] Loss: 5.4495 Loss_contra: 0.0287
2026/03/23 16:38:51 - __main__ - INFO - 142 - trainer - [772/960] Loss: 5.4345 Loss_contra: 0.0281
2026/03/23 16:39:40 - __main__ - INFO - 152 - trainer - start predicting: 2026-03-23 16:39:40.050943
2026/03/23 16:39:47 - __main__ - INFO - 187 - trainer - {'Best_HR@5': 15.9241, 'Best_NDCG@5': 9.9258, 'Best_HR@10': 25.4862, 'Best_NDCG@10': 13.0306, 'Best_HR@20': 37.5876, 'Best_NDCG@20': 16.026}
2026/03/23 16:39:47 - __main__ - INFO - 188 - trainer - {'Best_epoch_HR@5': 34, 'Best_epoch_NDCG@5': 33, 'Best_epoch_HR@10': 34, 'Best_epoch_NDCG@10': 33, 'Best_epoch_HR@20': 38, 'Best_epoch_NDCG@20': 33}
2026/03/23 16:39:47 - __main__ - INFO - 124 - trainer - Epoch: 39
2026/03/23 16:39:47 - __main__ - INFO - 142 - trainer - [0/960] Loss: 5.2646 Loss_contra: 0.0290
2026/03/23 16:40:36 - __main__ - INFO - 142 - trainer - [193/960] Loss: 5.5069 Loss_contra: 0.0264
2026/03/23 16:41:25 - __main__ - INFO - 142 - trainer - [386/960] Loss: 5.4537 Loss_contra: 0.0256
2026/03/23 16:42:13 - __main__ - INFO - 142 - trainer - [579/960] Loss: 5.4596 Loss_contra: 0.0274
2026/03/23 16:43:02 - __main__ - INFO - 142 - trainer - [772/960] Loss: 5.4828 Loss_contra: 0.0282
2026/03/23 16:43:54 - __main__ - INFO - 152 - trainer - start predicting: 2026-03-23 16:43:54.630866
2026/03/23 16:44:02 - __main__ - INFO - 124 - trainer - Epoch: 40
2026/03/23 16:44:02 - __main__ - INFO - 142 - trainer - [0/960] Loss: 5.4625 Loss_contra: 0.0282
2026/03/23 16:44:50 - __main__ - INFO - 142 - trainer - [193/960] Loss: 5.4017 Loss_contra: 0.0264
2026/03/23 16:45:40 - __main__ - INFO - 142 - trainer - [386/960] Loss: 5.4786 Loss_contra: 0.0257
2026/03/23 16:46:30 - __main__ - INFO - 142 - trainer - [579/960] Loss: 5.3891 Loss_contra: 0.0242
2026/03/23 16:47:18 - __main__ - INFO - 142 - trainer - [772/960] Loss: 5.4474 Loss_contra: 0.0267
2026/03/23 16:48:05 - __main__ - INFO - 152 - trainer - start predicting: 2026-03-23 16:48:05.445625
2026/03/23 16:48:12 - __main__ - INFO - 124 - trainer - Epoch: 41
2026/03/23 16:48:13 - __main__ - INFO - 142 - trainer - [0/960] Loss: 5.4824 Loss_contra: 0.0283
2026/03/23 16:49:03 - __main__ - INFO - 142 - trainer - [193/960] Loss: 5.4699 Loss_contra: 0.0289
2026/03/23 16:49:51 - __main__ - INFO - 142 - trainer - [386/960] Loss: 5.4353 Loss_contra: 0.0255
2026/03/23 16:50:41 - __main__ - INFO - 142 - trainer - [579/960] Loss: 5.4037 Loss_contra: 0.0252
2026/03/23 16:51:31 - __main__ - INFO - 142 - trainer - [772/960] Loss: 5.4218 Loss_contra: 0.0263
2026/03/23 16:52:17 - __main__ - INFO - 152 - trainer - start predicting: 2026-03-23 16:52:17.293782
2026/03/23 16:52:24 - __main__ - INFO - 124 - trainer - Epoch: 42
2026/03/23 16:52:25 - __main__ - INFO - 142 - trainer - [0/960] Loss: 5.4757 Loss_contra: 0.0267
2026/03/23 16:53:16 - __main__ - INFO - 142 - trainer - [193/960] Loss: 5.4312 Loss_contra: 0.0259
2026/03/23 16:54:06 - __main__ - INFO - 142 - trainer - [386/960] Loss: 5.3919 Loss_contra: 0.0252
2026/03/23 16:54:57 - __main__ - INFO - 142 - trainer - [579/960] Loss: 5.4662 Loss_contra: 0.0260
2026/03/23 16:55:47 - __main__ - INFO - 142 - trainer - [772/960] Loss: 5.5291 Loss_contra: 0.0273
2026/03/23 16:56:38 - __main__ - INFO - 152 - trainer - start predicting: 2026-03-23 16:56:38.655521
2026/03/23 16:56:46 - __main__ - INFO - 187 - trainer - {'Best_HR@5': 15.9241, 'Best_NDCG@5': 9.9258, 'Best_HR@10': 25.4862, 'Best_NDCG@10': 13.0306, 'Best_HR@20': 37.6766, 'Best_NDCG@20': 16.0417}
2026/03/23 16:56:46 - __main__ - INFO - 188 - trainer - {'Best_epoch_HR@5': 34, 'Best_epoch_NDCG@5': 33, 'Best_epoch_HR@10': 34, 'Best_epoch_NDCG@10': 33, 'Best_epoch_HR@20': 42, 'Best_epoch_NDCG@20': 42}
2026/03/23 16:56:46 - __main__ - INFO - 124 - trainer - Epoch: 43
2026/03/23 16:56:46 - __main__ - INFO - 142 - trainer - [0/960] Loss: 5.4182 Loss_contra: 0.0283
2026/03/23 16:57:38 - __main__ - INFO - 142 - trainer - [193/960] Loss: 5.5021 Loss_contra: 0.0225
2026/03/23 16:58:29 - __main__ - INFO - 142 - trainer - [386/960] Loss: 5.4166 Loss_contra: 0.0249
2026/03/23 16:59:18 - __main__ - INFO - 142 - trainer - [579/960] Loss: 5.4338 Loss_contra: 0.0252
2026/03/23 17:00:06 - __main__ - INFO - 142 - trainer - [772/960] Loss: 5.4181 Loss_contra: 0.0250
2026/03/23 17:00:54 - __main__ - INFO - 152 - trainer - start predicting: 2026-03-23 17:00:54.315181
2026/03/23 17:01:01 - __main__ - INFO - 124 - trainer - Epoch: 44
2026/03/23 17:01:02 - __main__ - INFO - 142 - trainer - [0/960] Loss: 5.4803 Loss_contra: 0.0269
2026/03/23 17:01:50 - __main__ - INFO - 142 - trainer - [193/960] Loss: 5.4848 Loss_contra: 0.0252
2026/03/23 17:02:39 - __main__ - INFO - 142 - trainer - [386/960] Loss: 5.4229 Loss_contra: 0.0247
2026/03/23 17:03:19 - __main__ - INFO - 142 - trainer - [579/960] Loss: 5.4005 Loss_contra: 0.0255
2026/03/23 17:03:59 - __main__ - INFO - 142 - trainer - [772/960] Loss: 5.3767 Loss_contra: 0.0240
2026/03/23 17:04:38 - __main__ - INFO - 152 - trainer - start predicting: 2026-03-23 17:04:38.410152
2026/03/23 17:04:45 - __main__ - INFO - 124 - trainer - Epoch: 45
2026/03/23 17:04:45 - __main__ - INFO - 142 - trainer - [0/960] Loss: 5.3872 Loss_contra: 0.0261
2026/03/23 17:05:27 - __main__ - INFO - 142 - trainer - [193/960] Loss: 5.5113 Loss_contra: 0.0254
2026/03/23 17:06:10 - __main__ - INFO - 142 - trainer - [386/960] Loss: 5.3212 Loss_contra: 0.0247
2026/03/23 17:06:50 - __main__ - INFO - 142 - trainer - [579/960] Loss: 5.6003 Loss_contra: 0.0242
2026/03/23 17:07:30 - __main__ - INFO - 142 - trainer - [772/960] Loss: 5.4108 Loss_contra: 0.0238
2026/03/23 17:08:09 - __main__ - INFO - 152 - trainer - start predicting: 2026-03-23 17:08:09.874984
2026/03/23 17:08:16 - __main__ - INFO - 124 - trainer - Epoch: 46
2026/03/23 17:08:17 - __main__ - INFO - 142 - trainer - [0/960] Loss: 5.3968 Loss_contra: 0.0247
2026/03/23 17:08:55 - __main__ - INFO - 142 - trainer - [193/960] Loss: 5.4611 Loss_contra: 0.0244
2026/03/23 17:09:35 - __main__ - INFO - 142 - trainer - [386/960] Loss: 5.4324 Loss_contra: 0.0247
2026/03/23 17:10:16 - __main__ - INFO - 142 - trainer - [579/960] Loss: 5.3802 Loss_contra: 0.0232
2026/03/23 17:10:58 - __main__ - INFO - 142 - trainer - [772/960] Loss: 5.4375 Loss_contra: 0.0247
2026/03/23 17:11:38 - __main__ - INFO - 152 - trainer - start predicting: 2026-03-23 17:11:38.273797
2026/03/23 17:11:45 - __main__ - INFO - 187 - trainer - {'Best_HR@5': 15.9241, 'Best_NDCG@5': 9.9927, 'Best_HR@10': 25.4862, 'Best_NDCG@10': 13.0306, 'Best_HR@20': 37.8483, 'Best_NDCG@20': 16.1778}
2026/03/23 17:11:45 - __main__ - INFO - 188 - trainer - {'Best_epoch_HR@5': 34, 'Best_epoch_NDCG@5': 46, 'Best_epoch_HR@10': 34, 'Best_epoch_NDCG@10': 33, 'Best_epoch_HR@20': 46, 'Best_epoch_NDCG@20': 46}
2026/03/23 17:11:45 - __main__ - INFO - 124 - trainer - Epoch: 47
2026/03/23 17:11:45 - __main__ - INFO - 142 - trainer - [0/960] Loss: 5.3917 Loss_contra: 0.0261
2026/03/23 17:12:28 - __main__ - INFO - 142 - trainer - [193/960] Loss: 5.3922 Loss_contra: 0.0239
2026/03/23 17:13:09 - __main__ - INFO - 142 - trainer - [386/960] Loss: 5.5253 Loss_contra: 0.0223
2026/03/23 17:13:49 - __main__ - INFO - 142 - trainer - [579/960] Loss: 5.4868 Loss_contra: 0.0239
2026/03/23 17:14:31 - __main__ - INFO - 142 - trainer - [772/960] Loss: 5.4394 Loss_contra: 0.0245
2026/03/23 17:15:12 - __main__ - INFO - 152 - trainer - start predicting: 2026-03-23 17:15:12.043502
2026/03/23 17:15:18 - __main__ - INFO - 124 - trainer - Epoch: 48
2026/03/23 17:15:19 - __main__ - INFO - 142 - trainer - [0/960] Loss: 5.3790 Loss_contra: 0.0231
2026/03/23 17:15:56 - __main__ - INFO - 142 - trainer - [193/960] Loss: 5.3623 Loss_contra: 0.0239
2026/03/23 17:16:35 - __main__ - INFO - 142 - trainer - [386/960] Loss: 5.4029 Loss_contra: 0.0250
2026/03/23 17:17:15 - __main__ - INFO - 142 - trainer - [579/960] Loss: 5.4822 Loss_contra: 0.0237
2026/03/23 17:17:54 - __main__ - INFO - 142 - trainer - [772/960] Loss: 5.4408 Loss_contra: 0.0229
2026/03/23 17:18:35 - __main__ - INFO - 152 - trainer - start predicting: 2026-03-23 17:18:35.712491
2026/03/23 17:18:42 - __main__ - INFO - 124 - trainer - Epoch: 49
2026/03/23 17:18:43 - __main__ - INFO - 142 - trainer - [0/960] Loss: 5.4165 Loss_contra: 0.0242
2026/03/23 17:19:23 - __main__ - INFO - 142 - trainer - [193/960] Loss: 5.4089 Loss_contra: 0.0236
2026/03/23 17:20:05 - __main__ - INFO - 142 - trainer - [386/960] Loss: 5.4154 Loss_contra: 0.0219
2026/03/23 17:20:47 - __main__ - INFO - 142 - trainer - [579/960] Loss: 5.4334 Loss_contra: 0.0229
2026/03/23 17:21:29 - __main__ - INFO - 142 - trainer - [772/960] Loss: 5.4707 Loss_contra: 0.0230
2026/03/23 17:22:08 - __main__ - INFO - 152 - trainer - start predicting: 2026-03-23 17:22:08.453071
2026/03/23 17:22:15 - __main__ - INFO - 187 - trainer - {'Best_HR@5': 15.9241, 'Best_NDCG@5': 9.9927, 'Best_HR@10': 25.5439, 'Best_NDCG@10': 13.0309, 'Best_HR@20': 37.8483, 'Best_NDCG@20': 16.1778}
2026/03/23 17:22:15 - __main__ - INFO - 188 - trainer - {'Best_epoch_HR@5': 34, 'Best_epoch_NDCG@5': 46, 'Best_epoch_HR@10': 49, 'Best_epoch_NDCG@10': 49, 'Best_epoch_HR@20': 46, 'Best_epoch_NDCG@20': 46}
2026/03/23 17:22:15 - __main__ - INFO - 124 - trainer - Epoch: 50
2026/03/23 17:22:15 - __main__ - INFO - 142 - trainer - [0/960] Loss: 5.2913 Loss_contra: 0.0252
2026/03/23 17:22:57 - __main__ - INFO - 142 - trainer - [193/960] Loss: 5.3665 Loss_contra: 0.0238
2026/03/23 17:23:37 - __main__ - INFO - 142 - trainer - [386/960] Loss: 5.4580 Loss_contra: 0.0234
2026/03/23 17:24:14 - __main__ - INFO - 142 - trainer - [579/960] Loss: 5.3801 Loss_contra: 0.0243
2026/03/23 17:24:53 - __main__ - INFO - 142 - trainer - [772/960] Loss: 5.3584 Loss_contra: 0.0229
2026/03/23 17:25:32 - __main__ - INFO - 152 - trainer - start predicting: 2026-03-23 17:25:32.020853
2026/03/23 17:25:38 - __main__ - INFO - 124 - trainer - Epoch: 51
2026/03/23 17:25:39 - __main__ - INFO - 142 - trainer - [0/960] Loss: 5.3932 Loss_contra: 0.0230
2026/03/23 17:26:20 - __main__ - INFO - 142 - trainer - [193/960] Loss: 5.4065 Loss_contra: 0.0244
2026/03/23 17:27:00 - __main__ - INFO - 142 - trainer - [386/960] Loss: 5.3888 Loss_contra: 0.0239
2026/03/23 17:27:43 - __main__ - INFO - 142 - trainer - [579/960] Loss: 5.3674 Loss_contra: 0.0241
2026/03/23 17:28:23 - __main__ - INFO - 142 - trainer - [772/960] Loss: 5.4196 Loss_contra: 0.0218
2026/03/23 17:29:02 - __main__ - INFO - 152 - trainer - start predicting: 2026-03-23 17:29:02.872941
2026/03/23 17:29:09 - __main__ - INFO - 187 - trainer - {'Best_HR@5': 15.9241, 'Best_NDCG@5': 9.9927, 'Best_HR@10': 25.6977, 'Best_NDCG@10': 13.0915, 'Best_HR@20': 37.8483, 'Best_NDCG@20': 16.1778}
2026/03/23 17:29:09 - __main__ - INFO - 188 - trainer - {'Best_epoch_HR@5': 34, 'Best_epoch_NDCG@5': 46, 'Best_epoch_HR@10': 51, 'Best_epoch_NDCG@10': 51, 'Best_epoch_HR@20': 46, 'Best_epoch_NDCG@20': 46}
2026/03/23 17:29:09 - __main__ - INFO - 124 - trainer - Epoch: 52
2026/03/23 17:29:10 - __main__ - INFO - 142 - trainer - [0/960] Loss: 5.3734 Loss_contra: 0.0216
2026/03/23 17:29:51 - __main__ - INFO - 142 - trainer - [193/960] Loss: 5.5539 Loss_contra: 0.0220
2026/03/23 17:30:32 - __main__ - INFO - 142 - trainer - [386/960] Loss: 5.3790 Loss_contra: 0.0228
2026/03/23 17:31:13 - __main__ - INFO - 142 - trainer - [579/960] Loss: 5.4168 Loss_contra: 0.0238
2026/03/23 17:31:53 - __main__ - INFO - 142 - trainer - [772/960] Loss: 5.3598 Loss_contra: 0.0226
2026/03/23 17:32:32 - __main__ - INFO - 152 - trainer - start predicting: 2026-03-23 17:32:32.360163
2026/03/23 17:32:39 - __main__ - INFO - 187 - trainer - {'Best_HR@5': 16.2625, 'Best_NDCG@5': 10.1758, 'Best_HR@10': 25.6977, 'Best_NDCG@10': 13.2021, 'Best_HR@20': 37.9779, 'Best_NDCG@20': 16.3202}
2026/03/23 17:32:39 - __main__ - INFO - 188 - trainer - {'Best_epoch_HR@5': 52, 'Best_epoch_NDCG@5': 52, 'Best_epoch_HR@10': 51, 'Best_epoch_NDCG@10': 52, 'Best_epoch_HR@20': 52, 'Best_epoch_NDCG@20': 52}
2026/03/23 17:32:39 - __main__ - INFO - 124 - trainer - Epoch: 53
2026/03/23 17:32:39 - __main__ - INFO - 142 - trainer - [0/960] Loss: 5.4096 Loss_contra: 0.0223
2026/03/23 17:33:17 - __main__ - INFO - 142 - trainer - [193/960] Loss: 5.3627 Loss_contra: 0.0222
2026/03/23 17:33:58 - __main__ - INFO - 142 - trainer - [386/960] Loss: 5.4294 Loss_contra: 0.0228
2026/03/23 17:34:39 - __main__ - INFO - 142 - trainer - [579/960] Loss: 5.3641 Loss_contra: 0.0221
2026/03/23 17:35:20 - __main__ - INFO - 142 - trainer - [772/960] Loss: 5.5225 Loss_contra: 0.0220
2026/03/23 17:36:00 - __main__ - INFO - 152 - trainer - start predicting: 2026-03-23 17:36:00.671509
2026/03/23 17:36:07 - __main__ - INFO - 187 - trainer - {'Best_HR@5': 16.2625, 'Best_NDCG@5': 10.1915, 'Best_HR@10': 26.0647, 'Best_NDCG@10': 13.4035, 'Best_HR@20': 37.9779, 'Best_NDCG@20': 16.3703}
2026/03/23 17:36:07 - __main__ - INFO - 188 - trainer - {'Best_epoch_HR@5': 52, 'Best_epoch_NDCG@5': 53, 'Best_epoch_HR@10': 53, 'Best_epoch_NDCG@10': 53, 'Best_epoch_HR@20': 52, 'Best_epoch_NDCG@20': 53}
2026/03/23 17:36:07 - __main__ - INFO - 124 - trainer - Epoch: 54
2026/03/23 17:36:07 - __main__ - INFO - 142 - trainer - [0/960] Loss: 5.3015 Loss_contra: 0.0219
2026/03/23 17:36:47 - __main__ - INFO - 142 - trainer - [193/960] Loss: 5.4650 Loss_contra: 0.0214
2026/03/23 17:37:29 - __main__ - INFO - 142 - trainer - [386/960] Loss: 5.3913 Loss_contra: 0.0202
2026/03/23 17:38:11 - __main__ - INFO - 142 - trainer - [579/960] Loss: 5.3697 Loss_contra: 0.0210
2026/03/23 17:38:52 - __main__ - INFO - 142 - trainer - [772/960] Loss: 5.4168 Loss_contra: 0.0225
2026/03/23 17:39:33 - __main__ - INFO - 152 - trainer - start predicting: 2026-03-23 17:39:33.286794
2026/03/23 17:39:40 - __main__ - INFO - 187 - trainer - {'Best_HR@5': 16.5284, 'Best_NDCG@5': 10.3322, 'Best_HR@10': 26.3202, 'Best_NDCG@10': 13.4808, 'Best_HR@20': 38.1867, 'Best_NDCG@20': 16.4684}
2026/03/23 17:39:40 - __main__ - INFO - 188 - trainer - {'Best_epoch_HR@5': 54, 'Best_epoch_NDCG@5': 54, 'Best_epoch_HR@10': 54, 'Best_epoch_NDCG@10': 54, 'Best_epoch_HR@20': 54, 'Best_epoch_NDCG@20': 54}
2026/03/23 17:39:40 - __main__ - INFO - 124 - trainer - Epoch: 55
2026/03/23 17:39:40 - __main__ - INFO - 142 - trainer - [0/960] Loss: 5.3569 Loss_contra: 0.0228
2026/03/23 17:40:20 - __main__ - INFO - 142 - trainer - [193/960] Loss: 5.3698 Loss_contra: 0.0219
2026/03/23 17:40:59 - __main__ - INFO - 142 - trainer - [386/960] Loss: 5.4041 Loss_contra: 0.0205
2026/03/23 17:41:38 - __main__ - INFO - 142 - trainer - [579/960] Loss: 5.4452 Loss_contra: 0.0233
2026/03/23 17:42:22 - __main__ - INFO - 142 - trainer - [772/960] Loss: 5.4145 Loss_contra: 0.0225
2026/03/23 17:43:03 - __main__ - INFO - 152 - trainer - start predicting: 2026-03-23 17:43:03.449253
2026/03/23 17:43:10 - __main__ - INFO - 124 - trainer - Epoch: 56
2026/03/23 17:43:10 - __main__ - INFO - 142 - trainer - [0/960] Loss: 5.4653 Loss_contra: 0.0224
2026/03/23 17:43:51 - __main__ - INFO - 142 - trainer - [193/960] Loss: 5.2858 Loss_contra: 0.0225
2026/03/23 17:44:33 - __main__ - INFO - 142 - trainer - [386/960] Loss: 5.3321 Loss_contra: 0.0215
2026/03/23 17:45:14 - __main__ - INFO - 142 - trainer - [579/960] Loss: 5.4386 Loss_contra: 0.0233
2026/03/23 17:45:57 - __main__ - INFO - 142 - trainer - [772/960] Loss: 5.3963 Loss_contra: 0.0197
2026/03/23 17:46:36 - __main__ - INFO - 152 - trainer - start predicting: 2026-03-23 17:46:36.939714
2026/03/23 17:46:43 - __main__ - INFO - 124 - trainer - Epoch: 57
2026/03/23 17:46:44 - __main__ - INFO - 142 - trainer - [0/960] Loss: 5.3978 Loss_contra: 0.0222
2026/03/23 17:47:22 - __main__ - INFO - 142 - trainer - [193/960] Loss: 5.4402 Loss_contra: 0.0206
2026/03/23 17:48:03 - __main__ - INFO - 142 - trainer - [386/960] Loss: 5.3377 Loss_contra: 0.0207
2026/03/23 17:48:42 - __main__ - INFO - 142 - trainer - [579/960] Loss: 5.4120 Loss_contra: 0.0226
2026/03/23 17:49:21 - __main__ - INFO - 142 - trainer - [772/960] Loss: 5.4042 Loss_contra: 0.0207
2026/03/23 17:50:03 - __main__ - INFO - 152 - trainer - start predicting: 2026-03-23 17:50:03.344616
2026/03/23 17:50:10 - __main__ - INFO - 187 - trainer - {'Best_HR@5': 16.5284, 'Best_NDCG@5': 10.4079, 'Best_HR@10': 26.3202, 'Best_NDCG@10': 13.4808, 'Best_HR@20': 38.1867, 'Best_NDCG@20': 16.4684}
2026/03/23 17:50:10 - __main__ - INFO - 188 - trainer - {'Best_epoch_HR@5': 54, 'Best_epoch_NDCG@5': 57, 'Best_epoch_HR@10': 54, 'Best_epoch_NDCG@10': 54, 'Best_epoch_HR@20': 54, 'Best_epoch_NDCG@20': 54}
2026/03/23 17:50:10 - __main__ - INFO - 124 - trainer - Epoch: 58
2026/03/23 17:50:10 - __main__ - INFO - 142 - trainer - [0/960] Loss: 5.3689 Loss_contra: 0.0215
2026/03/23 17:50:50 - __main__ - INFO - 142 - trainer - [193/960] Loss: 5.4143 Loss_contra: 0.0216
2026/03/23 17:51:32 - __main__ - INFO - 142 - trainer - [386/960] Loss: 5.2861 Loss_contra: 0.0226
2026/03/23 17:52:14 - __main__ - INFO - 142 - trainer - [579/960] Loss: 5.3955 Loss_contra: 0.0225
2026/03/23 17:52:55 - __main__ - INFO - 142 - trainer - [772/960] Loss: 5.4026 Loss_contra: 0.0225
2026/03/23 17:53:36 - __main__ - INFO - 152 - trainer - start predicting: 2026-03-23 17:53:36.608625
2026/03/23 17:53:43 - __main__ - INFO - 124 - trainer - Epoch: 59
2026/03/23 17:53:43 - __main__ - INFO - 142 - trainer - [0/960] Loss: 5.3823 Loss_contra: 0.0204
2026/03/23 17:54:24 - __main__ - INFO - 142 - trainer - [193/960] Loss: 5.3653 Loss_contra: 0.0205
2026/03/23 17:55:04 - __main__ - INFO - 142 - trainer - [386/960] Loss: 5.3990 Loss_contra: 0.0211
2026/03/23 17:55:43 - __main__ - INFO - 142 - trainer - [579/960] Loss: 5.3686 Loss_contra: 0.0215
2026/03/23 17:56:21 - __main__ - INFO - 142 - trainer - [772/960] Loss: 5.4134 Loss_contra: 0.0198
2026/03/23 17:56:58 - __main__ - INFO - 152 - trainer - start predicting: 2026-03-23 17:56:58.603959
2026/03/23 17:57:05 - __main__ - INFO - 124 - trainer - Epoch: 60
2026/03/23 17:57:05 - __main__ - INFO - 142 - trainer - [0/960] Loss: 5.3303 Loss_contra: 0.0210
2026/03/23 17:57:50 - __main__ - INFO - 142 - trainer - [193/960] Loss: 5.3726 Loss_contra: 0.0207
2026/03/23 17:58:33 - __main__ - INFO - 142 - trainer - [386/960] Loss: 5.3292 Loss_contra: 0.0217
2026/03/23 17:59:15 - __main__ - INFO - 142 - trainer - [579/960] Loss: 5.3055 Loss_contra: 0.0201
2026/03/23 17:59:57 - __main__ - INFO - 142 - trainer - [772/960] Loss: 5.4801 Loss_contra: 0.0201
2026/03/23 18:00:38 - __main__ - INFO - 152 - trainer - start predicting: 2026-03-23 18:00:38.229389
2026/03/23 18:00:45 - __main__ - INFO - 187 - trainer - {'Best_HR@5': 16.5284, 'Best_NDCG@5': 10.4079, 'Best_HR@10': 26.3202, 'Best_NDCG@10': 13.4808, 'Best_HR@20': 38.3925, 'Best_NDCG@20': 16.4684}
2026/03/23 18:00:45 - __main__ - INFO - 188 - trainer - {'Best_epoch_HR@5': 54, 'Best_epoch_NDCG@5': 57, 'Best_epoch_HR@10': 54, 'Best_epoch_NDCG@10': 54, 'Best_epoch_HR@20': 60, 'Best_epoch_NDCG@20': 54}
2026/03/23 18:00:45 - __main__ - INFO - 124 - trainer - Epoch: 61
2026/03/23 18:00:45 - __main__ - INFO - 142 - trainer - [0/960] Loss: 5.4210 Loss_contra: 0.0212
2026/03/23 18:01:25 - __main__ - INFO - 142 - trainer - [193/960] Loss: 5.3597 Loss_contra: 0.0214
2026/03/23 18:02:06 - __main__ - INFO - 142 - trainer - [386/960] Loss: 5.3614 Loss_contra: 0.0210
2026/03/23 18:02:47 - __main__ - INFO - 142 - trainer - [579/960] Loss: 5.3205 Loss_contra: 0.0213
2026/03/23 18:03:24 - __main__ - INFO - 142 - trainer - [772/960] Loss: 5.4362 Loss_contra: 0.0205
2026/03/23 18:04:02 - __main__ - INFO - 152 - trainer - start predicting: 2026-03-23 18:04:02.940379
2026/03/23 18:04:09 - __main__ - INFO - 187 - trainer - {'Best_HR@5': 16.6531, 'Best_NDCG@5': 10.4897, 'Best_HR@10': 26.763, 'Best_NDCG@10': 13.7258, 'Best_HR@20': 38.3925, 'Best_NDCG@20': 16.6457}
2026/03/23 18:04:09 - __main__ - INFO - 188 - trainer - {'Best_epoch_HR@5': 61, 'Best_epoch_NDCG@5': 61, 'Best_epoch_HR@10': 61, 'Best_epoch_NDCG@10': 61, 'Best_epoch_HR@20': 60, 'Best_epoch_NDCG@20': 61}
2026/03/23 18:04:09 - __main__ - INFO - 124 - trainer - Epoch: 62
2026/03/23 18:04:10 - __main__ - INFO - 142 - trainer - [0/960] Loss: 5.2460 Loss_contra: 0.0224
2026/03/23 18:04:51 - __main__ - INFO - 142 - trainer - [193/960] Loss: 5.2871 Loss_contra: 0.0210
2026/03/23 18:05:32 - __main__ - INFO - 142 - trainer - [386/960] Loss: 5.3686 Loss_contra: 0.0196
2026/03/23 18:06:13 - __main__ - INFO - 142 - trainer - [579/960] Loss: 5.3163 Loss_contra: 0.0209
2026/03/23 18:06:55 - __main__ - INFO - 142 - trainer - [772/960] Loss: 5.3477 Loss_contra: 0.0208
2026/03/23 18:07:35 - __main__ - INFO - 152 - trainer - start predicting: 2026-03-23 18:07:35.517307
2026/03/23 18:07:42 - __main__ - INFO - 124 - trainer - Epoch: 63
2026/03/23 18:07:42 - __main__ - INFO - 142 - trainer - [0/960] Loss: 5.2742 Loss_contra: 0.0212
2026/03/23 18:08:23 - __main__ - INFO - 142 - trainer - [193/960] Loss: 5.3055 Loss_contra: 0.0200
2026/03/23 18:09:04 - __main__ - INFO - 142 - trainer - [386/960] Loss: 5.3400 Loss_contra: 0.0201
2026/03/23 18:09:44 - __main__ - INFO - 142 - trainer - [579/960] Loss: 5.4160 Loss_contra: 0.0206
2026/03/23 18:10:24 - __main__ - INFO - 142 - trainer - [772/960] Loss: 5.4043 Loss_contra: 0.0197
2026/03/23 18:11:01 - __main__ - INFO - 152 - trainer - start predicting: 2026-03-23 18:11:01.778560
2026/03/23 18:11:08 - __main__ - INFO - 124 - trainer - Epoch: 64
2026/03/23 18:11:09 - __main__ - INFO - 142 - trainer - [0/960] Loss: 5.3556 Loss_contra: 0.0210
2026/03/23 18:11:46 - __main__ - INFO - 142 - trainer - [193/960] Loss: 5.3977 Loss_contra: 0.0202
2026/03/23 18:12:26 - __main__ - INFO - 142 - trainer - [386/960] Loss: 5.2163 Loss_contra: 0.0196
2026/03/23 18:13:07 - __main__ - INFO - 142 - trainer - [579/960] Loss: 5.3533 Loss_contra: 0.0213
2026/03/23 18:13:49 - __main__ - INFO - 142 - trainer - [772/960] Loss: 5.3784 Loss_contra: 0.0191
2026/03/23 18:14:29 - __main__ - INFO - 152 - trainer - start predicting: 2026-03-23 18:14:29.435014
2026/03/23 18:14:36 - __main__ - INFO - 124 - trainer - Epoch: 65
2026/03/23 18:14:36 - __main__ - INFO - 142 - trainer - [0/960] Loss: 5.3606 Loss_contra: 0.0203
2026/03/23 18:15:17 - __main__ - INFO - 142 - trainer - [193/960] Loss: 5.3682 Loss_contra: 0.0202
2026/03/23 18:15:58 - __main__ - INFO - 142 - trainer - [386/960] Loss: 5.4587 Loss_contra: 0.0185
2026/03/23 18:16:39 - __main__ - INFO - 142 - trainer - [579/960] Loss: 5.3375 Loss_contra: 0.0199
2026/03/23 18:17:19 - __main__ - INFO - 142 - trainer - [772/960] Loss: 5.3707 Loss_contra: 0.0203
2026/03/23 18:17:59 - __main__ - INFO - 152 - trainer - start predicting: 2026-03-23 18:17:59.564516
2026/03/23 18:18:06 - __main__ - INFO - 124 - trainer - Epoch: 66
2026/03/23 18:18:06 - __main__ - INFO - 142 - trainer - [0/960] Loss: 5.2806 Loss_contra: 0.0204
2026/03/23 18:18:46 - __main__ - INFO - 142 - trainer - [193/960] Loss: 5.4201 Loss_contra: 0.0199
2026/03/23 18:19:26 - __main__ - INFO - 142 - trainer - [386/960] Loss: 5.4342 Loss_contra: 0.0194
2026/03/23 18:20:05 - __main__ - INFO - 142 - trainer - [579/960] Loss: 5.3515 Loss_contra: 0.0189
2026/03/23 18:20:48 - __main__ - INFO - 142 - trainer - [772/960] Loss: 5.3019 Loss_contra: 0.0211
2026/03/23 18:21:28 - __main__ - INFO - 152 - trainer - start predicting: 2026-03-23 18:21:28.453820
2026/03/23 18:21:35 - __main__ - INFO - 187 - trainer - {'Best_HR@5': 16.7127, 'Best_NDCG@5': 10.497, 'Best_HR@10': 26.763, 'Best_NDCG@10': 13.7258, 'Best_HR@20': 38.3925, 'Best_NDCG@20': 16.6457}
2026/03/23 18:21:35 - __main__ - INFO - 188 - trainer - {'Best_epoch_HR@5': 66, 'Best_epoch_NDCG@5': 66, 'Best_epoch_HR@10': 61, 'Best_epoch_NDCG@10': 61, 'Best_epoch_HR@20': 60, 'Best_epoch_NDCG@20': 61}
2026/03/23 18:21:35 - __main__ - INFO - 124 - trainer - Epoch: 67
2026/03/23 18:21:35 - __main__ - INFO - 142 - trainer - [0/960] Loss: 5.3265 Loss_contra: 0.0189
2026/03/23 18:22:17 - __main__ - INFO - 142 - trainer - [193/960] Loss: 5.3618 Loss_contra: 0.0188
2026/03/23 18:22:58 - __main__ - INFO - 142 - trainer - [386/960] Loss: 5.2344 Loss_contra: 0.0181
2026/03/23 18:23:38 - __main__ - INFO - 142 - trainer - [579/960] Loss: 5.3602 Loss_contra: 0.0190
2026/03/23 18:24:19 - __main__ - INFO - 142 - trainer - [772/960] Loss: 5.4369 Loss_contra: 0.0200
2026/03/23 18:25:00 - __main__ - INFO - 152 - trainer - start predicting: 2026-03-23 18:25:00.701484
2026/03/23 18:25:07 - __main__ - INFO - 124 - trainer - Epoch: 68
2026/03/23 18:25:07 - __main__ - INFO - 142 - trainer - [0/960] Loss: 5.3487 Loss_contra: 0.0208
2026/03/23 18:25:48 - __main__ - INFO - 142 - trainer - [193/960] Loss: 5.3209 Loss_contra: 0.0198
2026/03/23 18:26:27 - __main__ - INFO - 142 - trainer - [386/960] Loss: 5.3990 Loss_contra: 0.0183
2026/03/23 18:27:06 - __main__ - INFO - 142 - trainer - [579/960] Loss: 5.3410 Loss_contra: 0.0187
2026/03/23 18:27:45 - __main__ - INFO - 142 - trainer - [772/960] Loss: 5.4130 Loss_contra: 0.0203
2026/03/23 18:28:22 - __main__ - INFO - 152 - trainer - start predicting: 2026-03-23 18:28:22.005937
2026/03/23 18:28:29 - __main__ - INFO - 124 - trainer - Epoch: 69
2026/03/23 18:28:29 - __main__ - INFO - 142 - trainer - [0/960] Loss: 5.3310 Loss_contra: 0.0201
2026/03/23 18:29:10 - __main__ - INFO - 142 - trainer - [193/960] Loss: 5.3046 Loss_contra: 0.0189
2026/03/23 18:29:53 - __main__ - INFO - 142 - trainer - [386/960] Loss: 5.3411 Loss_contra: 0.0192
2026/03/23 18:30:35 - __main__ - INFO - 142 - trainer - [579/960] Loss: 5.3949 Loss_contra: 0.0185
2026/03/23 18:31:15 - __main__ - INFO - 142 - trainer - [772/960] Loss: 5.3242 Loss_contra: 0.0186
2026/03/23 18:31:55 - __main__ - INFO - 152 - trainer - start predicting: 2026-03-23 18:31:55.570228
2026/03/23 18:32:02 - __main__ - INFO - 187 - trainer - {'Best_HR@5': 16.7127, 'Best_NDCG@5': 10.5965, 'Best_HR@10': 26.763, 'Best_NDCG@10': 13.7258, 'Best_HR@20': 38.3925, 'Best_NDCG@20': 16.6457}
2026/03/23 18:32:02 - __main__ - INFO - 188 - trainer - {'Best_epoch_HR@5': 66, 'Best_epoch_NDCG@5': 69, 'Best_epoch_HR@10': 61, 'Best_epoch_NDCG@10': 61, 'Best_epoch_HR@20': 60, 'Best_epoch_NDCG@20': 61}
2026/03/23 18:32:02 - __main__ - INFO - 124 - trainer - Epoch: 70
2026/03/23 18:32:02 - __main__ - INFO - 142 - trainer - [0/960] Loss: 5.3095 Loss_contra: 0.0205
2026/03/23 18:32:44 - __main__ - INFO - 142 - trainer - [193/960] Loss: 5.3344 Loss_contra: 0.0187
2026/03/23 18:33:24 - __main__ - INFO - 142 - trainer - [386/960] Loss: 5.3331 Loss_contra: 0.0185
2026/03/23 18:34:04 - __main__ - INFO - 142 - trainer - [579/960] Loss: 5.3838 Loss_contra: 0.0191
2026/03/23 18:34:45 - __main__ - INFO - 142 - trainer - [772/960] Loss: 5.3467 Loss_contra: 0.0190
2026/03/23 18:35:23 - __main__ - INFO - 152 - trainer - start predicting: 2026-03-23 18:35:23.516559
2026/03/23 18:35:30 - __main__ - INFO - 187 - trainer - {'Best_HR@5': 16.7221, 'Best_NDCG@5': 10.5965, 'Best_HR@10': 26.763, 'Best_NDCG@10': 13.7258, 'Best_HR@20': 38.3925, 'Best_NDCG@20': 16.6457}
2026/03/23 18:35:30 - __main__ - INFO - 188 - trainer - {'Best_epoch_HR@5': 70, 'Best_epoch_NDCG@5': 69, 'Best_epoch_HR@10': 61, 'Best_epoch_NDCG@10': 61, 'Best_epoch_HR@20': 60, 'Best_epoch_NDCG@20': 61}
2026/03/23 18:35:30 - __main__ - INFO - 124 - trainer - Epoch: 71
2026/03/23 18:35:30 - __main__ - INFO - 142 - trainer - [0/960] Loss: 5.2597 Loss_contra: 0.0198
2026/03/23 18:36:09 - __main__ - INFO - 142 - trainer - [193/960] Loss: 5.3086 Loss_contra: 0.0203
2026/03/23 18:36:52 - __main__ - INFO - 142 - trainer - [386/960] Loss: 5.3160 Loss_contra: 0.0202
2026/03/23 18:37:33 - __main__ - INFO - 142 - trainer - [579/960] Loss: 5.3214 Loss_contra: 0.0190
2026/03/23 18:38:16 - __main__ - INFO - 142 - trainer - [772/960] Loss: 5.2819 Loss_contra: 0.0215
2026/03/23 18:38:57 - __main__ - INFO - 152 - trainer - start predicting: 2026-03-23 18:38:57.769210
2026/03/23 18:39:04 - __main__ - INFO - 124 - trainer - Epoch: 72
2026/03/23 18:39:04 - __main__ - INFO - 142 - trainer - [0/960] Loss: 5.4095 Loss_contra: 0.0195
2026/03/23 18:39:45 - __main__ - INFO - 142 - trainer - [193/960] Loss: 5.3968 Loss_contra: 0.0177
2026/03/23 18:40:25 - __main__ - INFO - 142 - trainer - [386/960] Loss: 5.4063 Loss_contra: 0.0186
2026/03/23 18:41:07 - __main__ - INFO - 142 - trainer - [579/960] Loss: 5.3222 Loss_contra: 0.0196
2026/03/23 18:41:45 - __main__ - INFO - 142 - trainer - [772/960] Loss: 5.3714 Loss_contra: 0.0196
2026/03/23 18:42:22 - __main__ - INFO - 152 - trainer - start predicting: 2026-03-23 18:42:22.467109
2026/03/23 18:42:29 - __main__ - INFO - 124 - trainer - Epoch: 73
2026/03/23 18:42:29 - __main__ - INFO - 142 - trainer - [0/960] Loss: 5.3160 Loss_contra: 0.0191
2026/03/23 18:43:08 - __main__ - INFO - 142 - trainer - [193/960] Loss: 5.3404 Loss_contra: 0.0180
2026/03/23 18:43:46 - __main__ - INFO - 142 - trainer - [386/960] Loss: 5.2640 Loss_contra: 0.0180
2026/03/23 18:44:30 - __main__ - INFO - 142 - trainer - [579/960] Loss: 5.4240 Loss_contra: 0.0194
2026/03/23 18:45:13 - __main__ - INFO - 142 - trainer - [772/960] Loss: 5.2766 Loss_contra: 0.0198
2026/03/23 18:45:51 - __main__ - INFO - 152 - trainer - start predicting: 2026-03-23 18:45:51.482228
2026/03/23 18:46:00 - __main__ - INFO - 124 - trainer - Epoch: 74
2026/03/23 18:46:00 - __main__ - INFO - 142 - trainer - [0/960] Loss: 5.2185 Loss_contra: 0.0196
2026/03/23 18:46:41 - __main__ - INFO - 142 - trainer - [193/960] Loss: 5.3661 Loss_contra: 0.0179
2026/03/23 18:47:20 - __main__ - INFO - 142 - trainer - [386/960] Loss: 5.2599 Loss_contra: 0.0180
2026/03/23 18:48:00 - __main__ - INFO - 142 - trainer - [579/960] Loss: 5.2322 Loss_contra: 0.0186
2026/03/23 18:48:40 - __main__ - INFO - 142 - trainer - [772/960] Loss: 5.3514 Loss_contra: 0.0194
2026/03/23 18:49:19 - __main__ - INFO - 152 - trainer - start predicting: 2026-03-23 18:49:19.638780
2026/03/23 18:49:26 - __main__ - INFO - 124 - trainer - Epoch: 75
2026/03/23 18:49:26 - __main__ - INFO - 142 - trainer - [0/960] Loss: 5.3521 Loss_contra: 0.0193
2026/03/23 18:50:04 - __main__ - INFO - 142 - trainer - [193/960] Loss: 5.2745 Loss_contra: 0.0174
2026/03/23 18:50:42 - __main__ - INFO - 142 - trainer - [386/960] Loss: 5.2520 Loss_contra: 0.0184
2026/03/23 18:51:22 - __main__ - INFO - 142 - trainer - [579/960] Loss: 5.3620 Loss_contra: 0.0183
2026/03/23 18:52:05 - __main__ - INFO - 142 - trainer - [772/960] Loss: 5.3322 Loss_contra: 0.0199
2026/03/23 18:52:45 - __main__ - INFO - 152 - trainer - start predicting: 2026-03-23 18:52:45.658610
2026/03/23 18:52:52 - __main__ - INFO - 124 - trainer - Epoch: 76
2026/03/23 18:52:52 - __main__ - INFO - 142 - trainer - [0/960] Loss: 5.2942 Loss_contra: 0.0190
2026/03/23 18:53:33 - __main__ - INFO - 142 - trainer - [193/960] Loss: 5.3106 Loss_contra: 0.0173
2026/03/23 18:54:12 - __main__ - INFO - 142 - trainer - [386/960] Loss: 5.1898 Loss_contra: 0.0185
2026/03/23 18:54:51 - __main__ - INFO - 142 - trainer - [579/960] Loss: 5.3618 Loss_contra: 0.0183
2026/03/23 18:55:31 - __main__ - INFO - 142 - trainer - [772/960] Loss: 5.4028 Loss_contra: 0.0186
2026/03/23 18:56:12 - __main__ - INFO - 152 - trainer - start predicting: 2026-03-23 18:56:12.235582
2026/03/23 18:56:19 - __main__ - INFO - 124 - trainer - Epoch: 77
2026/03/23 18:56:19 - __main__ - INFO - 142 - trainer - [0/960] Loss: 5.2779 Loss_contra: 0.0195
2026/03/23 18:56:59 - __main__ - INFO - 142 - trainer - [193/960] Loss: 5.1950 Loss_contra: 0.0178
2026/03/23 18:57:38 - __main__ - INFO - 142 - trainer - [386/960] Loss: 5.3522 Loss_contra: 0.0189
2026/03/23 18:58:18 - __main__ - INFO - 142 - trainer - [579/960] Loss: 5.3234 Loss_contra: 0.0192
2026/03/23 18:58:59 - __main__ - INFO - 142 - trainer - [772/960] Loss: 5.3854 Loss_contra: 0.0197
2026/03/23 18:59:40 - __main__ - INFO - 152 - trainer - start predicting: 2026-03-23 18:59:40.674365
2026/03/23 18:59:47 - __main__ - INFO - 124 - trainer - Epoch: 78
2026/03/23 18:59:48 - __main__ - INFO - 142 - trainer - [0/960] Loss: 5.2981 Loss_contra: 0.0184
2026/03/23 19:00:28 - __main__ - INFO - 142 - trainer - [193/960] Loss: 5.3045 Loss_contra: 0.0173
2026/03/23 19:01:09 - __main__ - INFO - 142 - trainer - [386/960] Loss: 5.3230 Loss_contra: 0.0179
2026/03/23 19:01:49 - __main__ - INFO - 142 - trainer - [579/960] Loss: 5.2634 Loss_contra: 0.0182
2026/03/23 19:02:30 - __main__ - INFO - 142 - trainer - [772/960] Loss: 5.3131 Loss_contra: 0.0176
2026/03/23 19:03:11 - __main__ - INFO - 152 - trainer - start predicting: 2026-03-23 19:03:11.510250
2026/03/23 19:03:18 - __main__ - INFO - 187 - trainer - {'Best_HR@5': 16.7221, 'Best_NDCG@5': 10.5965, 'Best_HR@10': 26.763, 'Best_NDCG@10': 13.7258, 'Best_HR@20': 38.3925, 'Best_NDCG@20': 16.6523}
2026/03/23 19:03:18 - __main__ - INFO - 188 - trainer - {'Best_epoch_HR@5': 70, 'Best_epoch_NDCG@5': 69, 'Best_epoch_HR@10': 61, 'Best_epoch_NDCG@10': 61, 'Best_epoch_HR@20': 60, 'Best_epoch_NDCG@20': 78}
2026/03/23 19:03:18 - __main__ - INFO - 124 - trainer - Epoch: 79
2026/03/23 19:03:18 - __main__ - INFO - 142 - trainer - [0/960] Loss: 5.3330 Loss_contra: 0.0190
2026/03/23 19:03:57 - __main__ - INFO - 142 - trainer - [193/960] Loss: 5.3502 Loss_contra: 0.0182
2026/03/23 19:04:38 - __main__ - INFO - 142 - trainer - [386/960] Loss: 5.3300 Loss_contra: 0.0176
2026/03/23 19:05:18 - __main__ - INFO - 142 - trainer - [579/960] Loss: 5.3903 Loss_contra: 0.0191
2026/03/23 19:05:57 - __main__ - INFO - 142 - trainer - [772/960] Loss: 5.3097 Loss_contra: 0.0189
2026/03/23 19:06:35 - __main__ - INFO - 152 - trainer - start predicting: 2026-03-23 19:06:35.207018
2026/03/23 19:06:43 - __main__ - INFO - 187 - trainer - {'Best_HR@5': 16.7221, 'Best_NDCG@5': 10.5965, 'Best_HR@10': 26.763, 'Best_NDCG@10': 13.7258, 'Best_HR@20': 38.4453, 'Best_NDCG@20': 16.6523}
2026/03/23 19:06:43 - __main__ - INFO - 188 - trainer - {'Best_epoch_HR@5': 70, 'Best_epoch_NDCG@5': 69, 'Best_epoch_HR@10': 61, 'Best_epoch_NDCG@10': 61, 'Best_epoch_HR@20': 79, 'Best_epoch_NDCG@20': 78}
2026/03/23 19:06:43 - __main__ - INFO - 124 - trainer - Epoch: 80
2026/03/23 19:06:44 - __main__ - INFO - 142 - trainer - [0/960] Loss: 5.2113 Loss_contra: 0.0181
2026/03/23 19:07:25 - __main__ - INFO - 142 - trainer - [193/960] Loss: 5.3223 Loss_contra: 0.0188
2026/03/23 19:08:05 - __main__ - INFO - 142 - trainer - [386/960] Loss: 5.3417 Loss_contra: 0.0181
2026/03/23 19:08:48 - __main__ - INFO - 142 - trainer - [579/960] Loss: 5.2728 Loss_contra: 0.0177
2026/03/23 19:09:29 - __main__ - INFO - 142 - trainer - [772/960] Loss: 5.3797 Loss_contra: 0.0183
2026/03/23 19:10:09 - __main__ - INFO - 152 - trainer - start predicting: 2026-03-23 19:10:09.207768
2026/03/23 19:10:16 - __main__ - INFO - 124 - trainer - Epoch: 81
2026/03/23 19:10:16 - __main__ - INFO - 142 - trainer - [0/960] Loss: 5.3048 Loss_contra: 0.0185
2026/03/23 19:10:58 - __main__ - INFO - 142 - trainer - [193/960] Loss: 5.2501 Loss_contra: 0.0190
2026/03/23 19:11:38 - __main__ - INFO - 142 - trainer - [386/960] Loss: 5.2848 Loss_contra: 0.0195
2026/03/23 19:12:19 - __main__ - INFO - 142 - trainer - [579/960] Loss: 5.2957 Loss_contra: 0.0171
2026/03/23 19:12:57 - __main__ - INFO - 142 - trainer - [772/960] Loss: 5.3338 Loss_contra: 0.0185
2026/03/23 19:13:33 - __main__ - INFO - 152 - trainer - start predicting: 2026-03-23 19:13:33.079745
2026/03/23 19:13:40 - __main__ - INFO - 124 - trainer - Epoch: 82
2026/03/23 19:13:40 - __main__ - INFO - 142 - trainer - [0/960] Loss: 5.3759 Loss_contra: 0.0168
2026/03/23 19:14:20 - __main__ - INFO - 142 - trainer - [193/960] Loss: 5.2522 Loss_contra: 0.0175
2026/03/23 19:15:01 - __main__ - INFO - 142 - trainer - [386/960] Loss: 5.2723 Loss_contra: 0.0193
2026/03/23 19:15:42 - __main__ - INFO - 142 - trainer - [579/960] Loss: 5.3062 Loss_contra: 0.0186
2026/03/23 19:16:22 - __main__ - INFO - 142 - trainer - [772/960] Loss: 5.3271 Loss_contra: 0.0173
2026/03/23 19:17:05 - __main__ - INFO - 152 - trainer - start predicting: 2026-03-23 19:17:05.225806
2026/03/23 19:17:12 - __main__ - INFO - 124 - trainer - Epoch: 83
2026/03/23 19:17:12 - __main__ - INFO - 142 - trainer - [0/960] Loss: 5.2962 Loss_contra: 0.0177
2026/03/23 19:17:54 - __main__ - INFO - 142 - trainer - [193/960] Loss: 5.1982 Loss_contra: 0.0175
2026/03/23 19:18:38 - __main__ - INFO - 142 - trainer - [386/960] Loss: 5.3307 Loss_contra: 0.0174
2026/03/23 19:19:18 - __main__ - INFO - 142 - trainer - [579/960] Loss: 5.3144 Loss_contra: 0.0175
2026/03/23 19:19:57 - __main__ - INFO - 142 - trainer - [772/960] Loss: 5.3693 Loss_contra: 0.0186
2026/03/23 19:20:34 - __main__ - INFO - 152 - trainer - start predicting: 2026-03-23 19:20:34.247021
2026/03/23 19:20:41 - __main__ - INFO - 124 - trainer - Epoch: 84
2026/03/23 19:20:41 - __main__ - INFO - 142 - trainer - [0/960] Loss: 5.2419 Loss_contra: 0.0178
2026/03/23 19:21:19 - __main__ - INFO - 142 - trainer - [193/960] Loss: 5.3448 Loss_contra: 0.0174
2026/03/23 19:21:58 - __main__ - INFO - 142 - trainer - [386/960] Loss: 5.2621 Loss_contra: 0.0171
2026/03/23 19:22:39 - __main__ - INFO - 142 - trainer - [579/960] Loss: 5.3960 Loss_contra: 0.0182
2026/03/23 19:23:19 - __main__ - INFO - 142 - trainer - [772/960] Loss: 5.2961 Loss_contra: 0.0184
2026/03/23 19:23:59 - __main__ - INFO - 152 - trainer - start predicting: 2026-03-23 19:23:59.538009
2026/03/23 19:24:06 - __main__ - INFO - 124 - trainer - Epoch: 85
2026/03/23 19:24:06 - __main__ - INFO - 142 - trainer - [0/960] Loss: 5.3523 Loss_contra: 0.0178
2026/03/23 19:24:44 - __main__ - INFO - 142 - trainer - [193/960] Loss: 5.3248 Loss_contra: 0.0168
2026/03/23 19:25:22 - __main__ - INFO - 142 - trainer - [386/960] Loss: 5.2184 Loss_contra: 0.0182
2026/03/23 19:26:02 - __main__ - INFO - 142 - trainer - [579/960] Loss: 5.2663 Loss_contra: 0.0171
2026/03/23 19:26:40 - __main__ - INFO - 142 - trainer - [772/960] Loss: 5.1652 Loss_contra: 0.0175
2026/03/23 19:27:17 - __main__ - INFO - 152 - trainer - start predicting: 2026-03-23 19:27:17.443881
2026/03/23 19:27:24 - __main__ - INFO - 124 - trainer - Epoch: 86
2026/03/23 19:27:24 - __main__ - INFO - 142 - trainer - [0/960] Loss: 5.3975 Loss_contra: 0.0180
2026/03/23 19:28:02 - __main__ - INFO - 142 - trainer - [193/960] Loss: 5.3440 Loss_contra: 0.0180
2026/03/23 19:28:41 - __main__ - INFO - 142 - trainer - [386/960] Loss: 5.2381 Loss_contra: 0.0170
2026/03/23 19:29:20 - __main__ - INFO - 142 - trainer - [579/960] Loss: 5.3042 Loss_contra: 0.0167
2026/03/23 19:29:58 - __main__ - INFO - 142 - trainer - [772/960] Loss: 5.2084 Loss_contra: 0.0177
2026/03/23 19:30:39 - __main__ - INFO - 152 - trainer - start predicting: 2026-03-23 19:30:39.614830
2026/03/23 19:30:46 - __main__ - INFO - 124 - trainer - Epoch: 87
2026/03/23 19:30:46 - __main__ - INFO - 142 - trainer - [0/960] Loss: 5.1988 Loss_contra: 0.0184
2026/03/23 19:31:27 - __main__ - INFO - 142 - trainer - [193/960] Loss: 5.3106 Loss_contra: 0.0163
2026/03/23 19:32:09 - __main__ - INFO - 142 - trainer - [386/960] Loss: 5.3558 Loss_contra: 0.0170
2026/03/23 19:32:49 - __main__ - INFO - 142 - trainer - [579/960] Loss: 5.1513 Loss_contra: 0.0169
2026/03/23 19:33:30 - __main__ - INFO - 142 - trainer - [772/960] Loss: 5.2850 Loss_contra: 0.0191
2026/03/23 19:34:09 - __main__ - INFO - 152 - trainer - start predicting: 2026-03-23 19:34:09.517962
2026/03/23 19:34:16 - __main__ - INFO - 124 - trainer - Epoch: 88
2026/03/23 19:34:16 - __main__ - INFO - 142 - trainer - [0/960] Loss: 5.3379 Loss_contra: 0.0180
2026/03/23 19:34:59 - __main__ - INFO - 142 - trainer - [193/960] Loss: 5.2818 Loss_contra: 0.0176
2026/03/23 19:35:37 - __main__ - INFO - 142 - trainer - [386/960] Loss: 5.3189 Loss_contra: 0.0183
2026/03/23 19:36:25 - __main__ - INFO - 142 - trainer - [579/960] Loss: 5.2299 Loss_contra: 0.0167
2026/03/23 19:37:16 - __main__ - INFO - 142 - trainer - [772/960] Loss: 5.2845 Loss_contra: 0.0172
2026/03/23 19:38:06 - __main__ - INFO - 152 - trainer - start predicting: 2026-03-23 19:38:06.069458
2026/03/23 19:38:13 - __main__ - INFO - 124 - trainer - Epoch: 89
2026/03/23 19:38:14 - __main__ - INFO - 142 - trainer - [0/960] Loss: 5.1913 Loss_contra: 0.0186
2026/03/23 19:39:04 - __main__ - INFO - 142 - trainer - [193/960] Loss: 5.1972 Loss_contra: 0.0180
2026/03/23 19:39:53 - __main__ - INFO - 142 - trainer - [386/960] Loss: 5.2534 Loss_contra: 0.0169
2026/03/23 19:40:39 - __main__ - INFO - 142 - trainer - [579/960] Loss: 5.3482 Loss_contra: 0.0163
2026/03/23 19:41:26 - __main__ - INFO - 142 - trainer - [772/960] Loss: 5.3199 Loss_contra: 0.0176
2026/03/23 19:42:11 - __main__ - INFO - 152 - trainer - start predicting: 2026-03-23 19:42:11.296104
2026/03/23 19:42:18 - __main__ - INFO - 195 - trainer - {'Best_HR@5': 16.7221, 'Best_NDCG@5': 10.5965, 'Best_HR@10': 26.763, 'Best_NDCG@10': 13.7258, 'Best_HR@20': 38.4453, 'Best_NDCG@20': 16.6523}
2026/03/23 19:42:18 - __main__ - INFO - 196 - trainer - {'Best_epoch_HR@5': 70, 'Best_epoch_NDCG@5': 69, 'Best_epoch_HR@10': 61, 'Best_epoch_NDCG@10': 61, 'Best_epoch_HR@20': 79, 'Best_epoch_NDCG@20': 78}
2026/03/23 19:42:25 - __main__ - INFO - 223 - trainer - Test------------------------------------------------------
2026/03/23 19:42:25 - __main__ - INFO - 225 - trainer - {'HR@5': 16.2874, 'NDCG@5': 10.9264, 'HR@10': 25.0249, 'NDCG@10': 13.7298, 'HR@20': 36.443, 'NDCG@20': 16.598}
2026/03/23 19:42:25 - __main__ - INFO - 227 - trainer - Best Eval---------------------------------------------------------
2026/03/23 19:42:25 - __main__ - INFO - 230 - trainer - {'Best_HR@5': 16.7221, 'Best_NDCG@5': 10.5965, 'Best_HR@10': 26.763, 'Best_NDCG@10': 13.7258, 'Best_HR@20': 38.4453, 'Best_NDCG@20': 16.6523}
2026/03/23 19:42:25 - __main__ - INFO - 231 - trainer - {'Best_epoch_HR@5': 70, 'Best_epoch_NDCG@5': 69, 'Best_epoch_HR@10': 61, 'Best_epoch_NDCG@10': 61, 'Best_epoch_HR@20': 79, 'Best_epoch_NDCG@20': 78}
