2026/03/25 17:01:25 - __main__ - INFO - 170 - main - Namespace(batch_size=1024, dataset='ml-1m', decay_step=100, description='Diffu_norm_score', device='cuda', diffusion_steps=32, diversity_measure=False, dropout=0.1, emb_dropout=0.3, epoch_time_avg=False, epochs=300, eval_interval=2, gamma=0.1, hidden_act='gelu', hidden_size=128, item_num=3706, lambda_contra=1.0, lambda_history=0.6, lambda_intent=0.4, log_file='log/', long_head=False, loss_lambda=0.001, lr=0.001, max_len=50, metric_ks=[5, 10, 20], momentum=None, noise_schedule='trunc_lin', num_blocks=4, num_cluster=32, num_gpu=1, num_hidden_layers=1, num_iter=20, optimizer='Adam', patience=10, random_seed=1997, rep_pad=False, rep_pad_delimiter=False, rep_pad_fixed_num=1, rep_pad_mode='rand_1_max', rescale_timesteps=True, schedule_sampler_name='lossaware', use_last_item_for_code=True, weight_decay=0)
2026/03/25 17:01:34 - __main__ - INFO - 124 - trainer - Epoch: 0
2026/03/25 17:01:34 - __main__ - INFO - 142 - trainer - [0/960] Loss: 44.7080 Loss_contra: 0.0111
2026/03/25 17:02:14 - __main__ - INFO - 142 - trainer - [193/960] Loss: 19.6186 Loss_contra: 3.0254
2026/03/25 17:02:56 - __main__ - INFO - 142 - trainer - [386/960] Loss: 12.8352 Loss_contra: 0.9286
2026/03/25 17:03:38 - __main__ - INFO - 142 - trainer - [579/960] Loss: 9.0346 Loss_contra: 0.0196
2026/03/25 17:04:18 - __main__ - INFO - 142 - trainer - [772/960] Loss: 8.5866 Loss_contra: 0.0483
2026/03/25 17:04:59 - __main__ - INFO - 124 - trainer - Epoch: 1
2026/03/25 17:04:59 - __main__ - INFO - 142 - trainer - [0/960] Loss: 8.1791 Loss_contra: 0.0819
2026/03/25 17:05:41 - __main__ - INFO - 142 - trainer - [193/960] Loss: 8.0156 Loss_contra: 0.0725
2026/03/25 17:06:23 - __main__ - INFO - 142 - trainer - [386/960] Loss: 7.8544 Loss_contra: 0.0888
2026/03/25 17:07:03 - __main__ - INFO - 142 - trainer - [579/960] Loss: 7.7432 Loss_contra: 0.0801
2026/03/25 17:07:46 - __main__ - INFO - 142 - trainer - [772/960] Loss: 7.5825 Loss_contra: 0.0815
2026/03/25 17:08:26 - __main__ - INFO - 124 - trainer - Epoch: 2
2026/03/25 17:08:27 - __main__ - INFO - 142 - trainer - [0/960] Loss: 7.4487 Loss_contra: 0.0984
2026/03/25 17:09:09 - __main__ - INFO - 142 - trainer - [193/960] Loss: 7.2778 Loss_contra: 0.0819
2026/03/25 17:09:51 - __main__ - INFO - 142 - trainer - [386/960] Loss: 7.2328 Loss_contra: 0.0991
2026/03/25 17:10:32 - __main__ - INFO - 142 - trainer - [579/960] Loss: 7.1490 Loss_contra: 0.1075
2026/03/25 17:11:14 - __main__ - INFO - 142 - trainer - [772/960] Loss: 6.9587 Loss_contra: 0.0857
2026/03/25 17:11:55 - __main__ - INFO - 152 - trainer - start predicting: 2026-03-25 17:11:55.382943
2026/03/25 17:12:02 - __main__ - INFO - 187 - trainer - {'Best_HR@5': 6.9101, 'Best_NDCG@5': 4.2157, 'Best_HR@10': 11.6565, 'Best_NDCG@10': 5.7402, 'Best_HR@20': 18.7456, 'Best_NDCG@20': 7.515}
2026/03/25 17:12:02 - __main__ - INFO - 188 - trainer - {'Best_epoch_HR@5': 2, 'Best_epoch_NDCG@5': 2, 'Best_epoch_HR@10': 2, 'Best_epoch_NDCG@10': 2, 'Best_epoch_HR@20': 2, 'Best_epoch_NDCG@20': 2}
2026/03/25 17:12:02 - __main__ - INFO - 124 - trainer - Epoch: 3
2026/03/25 17:12:02 - __main__ - INFO - 142 - trainer - [0/960] Loss: 7.0309 Loss_contra: 0.0884
2026/03/25 17:12:45 - __main__ - INFO - 142 - trainer - [193/960] Loss: 6.8301 Loss_contra: 0.0833
2026/03/25 17:13:26 - __main__ - INFO - 142 - trainer - [386/960] Loss: 6.8534 Loss_contra: 0.0898
2026/03/25 17:14:07 - __main__ - INFO - 142 - trainer - [579/960] Loss: 6.7628 Loss_contra: 0.0856
2026/03/25 17:14:49 - __main__ - INFO - 142 - trainer - [772/960] Loss: 6.7404 Loss_contra: 0.0873
2026/03/25 17:15:29 - __main__ - INFO - 124 - trainer - Epoch: 4
2026/03/25 17:15:29 - __main__ - INFO - 142 - trainer - [0/960] Loss: 6.5518 Loss_contra: 0.0926
2026/03/25 17:16:12 - __main__ - INFO - 142 - trainer - [193/960] Loss: 6.6031 Loss_contra: 0.0821
2026/03/25 17:16:53 - __main__ - INFO - 142 - trainer - [386/960] Loss: 6.4323 Loss_contra: 0.0832
2026/03/25 17:17:33 - __main__ - INFO - 142 - trainer - [579/960] Loss: 6.5654 Loss_contra: 0.0784
2026/03/25 17:18:15 - __main__ - INFO - 142 - trainer - [772/960] Loss: 6.5508 Loss_contra: 0.0876
2026/03/25 17:18:55 - __main__ - INFO - 152 - trainer - start predicting: 2026-03-25 17:18:55.468074
2026/03/25 17:19:02 - __main__ - INFO - 187 - trainer - {'Best_HR@5': 9.7842, 'Best_NDCG@5': 6.1485, 'Best_HR@10': 16.2241, 'Best_NDCG@10': 8.2085, 'Best_HR@20': 25.7263, 'Best_NDCG@20': 10.5979}
2026/03/25 17:19:02 - __main__ - INFO - 188 - trainer - {'Best_epoch_HR@5': 4, 'Best_epoch_NDCG@5': 4, 'Best_epoch_HR@10': 4, 'Best_epoch_NDCG@10': 4, 'Best_epoch_HR@20': 4, 'Best_epoch_NDCG@20': 4}
2026/03/25 17:19:02 - __main__ - INFO - 124 - trainer - Epoch: 5
2026/03/25 17:19:02 - __main__ - INFO - 142 - trainer - [0/960] Loss: 6.4906 Loss_contra: 0.0774
2026/03/25 17:19:43 - __main__ - INFO - 142 - trainer - [193/960] Loss: 6.3857 Loss_contra: 0.0882
2026/03/25 17:20:24 - __main__ - INFO - 142 - trainer - [386/960] Loss: 6.4251 Loss_contra: 0.0824
2026/03/25 17:21:06 - __main__ - INFO - 142 - trainer - [579/960] Loss: 6.3875 Loss_contra: 0.0757
2026/03/25 17:21:46 - __main__ - INFO - 142 - trainer - [772/960] Loss: 6.3523 Loss_contra: 0.0774
2026/03/25 17:22:27 - __main__ - INFO - 124 - trainer - Epoch: 6
2026/03/25 17:22:27 - __main__ - INFO - 142 - trainer - [0/960] Loss: 6.3503 Loss_contra: 0.0824
2026/03/25 17:23:09 - __main__ - INFO - 142 - trainer - [193/960] Loss: 6.2500 Loss_contra: 0.0790
2026/03/25 17:23:52 - __main__ - INFO - 142 - trainer - [386/960] Loss: 6.2419 Loss_contra: 0.0752
2026/03/25 17:24:34 - __main__ - INFO - 142 - trainer - [579/960] Loss: 6.2370 Loss_contra: 0.0789
2026/03/25 17:25:14 - __main__ - INFO - 142 - trainer - [772/960] Loss: 6.1517 Loss_contra: 0.0720
2026/03/25 17:25:55 - __main__ - INFO - 152 - trainer - start predicting: 2026-03-25 17:25:55.573056
2026/03/25 17:26:02 - __main__ - INFO - 187 - trainer - {'Best_HR@5': 11.2281, 'Best_NDCG@5': 7.1469, 'Best_HR@10': 18.6931, 'Best_NDCG@10': 9.548, 'Best_HR@20': 29.0617, 'Best_NDCG@20': 12.1648}
2026/03/25 17:26:02 - __main__ - INFO - 188 - trainer - {'Best_epoch_HR@5': 6, 'Best_epoch_NDCG@5': 6, 'Best_epoch_HR@10': 6, 'Best_epoch_NDCG@10': 6, 'Best_epoch_HR@20': 6, 'Best_epoch_NDCG@20': 6}
2026/03/25 17:26:02 - __main__ - INFO - 124 - trainer - Epoch: 7
2026/03/25 17:26:03 - __main__ - INFO - 142 - trainer - [0/960] Loss: 6.1607 Loss_contra: 0.0729
2026/03/25 17:26:45 - __main__ - INFO - 142 - trainer - [193/960] Loss: 6.1395 Loss_contra: 0.0716
2026/03/25 17:27:25 - __main__ - INFO - 142 - trainer - [386/960] Loss: 6.1578 Loss_contra: 0.0735
2026/03/25 17:28:08 - __main__ - INFO - 142 - trainer - [579/960] Loss: 6.0670 Loss_contra: 0.0744
2026/03/25 17:28:50 - __main__ - INFO - 142 - trainer - [772/960] Loss: 6.2265 Loss_contra: 0.0718
2026/03/25 17:29:30 - __main__ - INFO - 124 - trainer - Epoch: 8
2026/03/25 17:29:31 - __main__ - INFO - 142 - trainer - [0/960] Loss: 6.0911 Loss_contra: 0.0713
2026/03/25 17:30:11 - __main__ - INFO - 142 - trainer - [193/960] Loss: 6.0155 Loss_contra: 0.0698
2026/03/25 17:30:53 - __main__ - INFO - 142 - trainer - [386/960] Loss: 6.0291 Loss_contra: 0.0679
2026/03/25 17:31:35 - __main__ - INFO - 142 - trainer - [579/960] Loss: 6.0798 Loss_contra: 0.0634
2026/03/25 17:32:17 - __main__ - INFO - 142 - trainer - [772/960] Loss: 6.0607 Loss_contra: 0.0644
2026/03/25 17:32:57 - __main__ - INFO - 152 - trainer - start predicting: 2026-03-25 17:32:57.373999
2026/03/25 17:33:06 - __main__ - INFO - 187 - trainer - {'Best_HR@5': 11.666, 'Best_NDCG@5': 7.396, 'Best_HR@10': 19.8981, 'Best_NDCG@10': 10.0295, 'Best_HR@20': 30.3787, 'Best_NDCG@20': 12.6803}
2026/03/25 17:33:06 - __main__ - INFO - 188 - trainer - {'Best_epoch_HR@5': 8, 'Best_epoch_NDCG@5': 8, 'Best_epoch_HR@10': 8, 'Best_epoch_NDCG@10': 8, 'Best_epoch_HR@20': 8, 'Best_epoch_NDCG@20': 8}
2026/03/25 17:33:06 - __main__ - INFO - 124 - trainer - Epoch: 9
2026/03/25 17:33:06 - __main__ - INFO - 142 - trainer - [0/960] Loss: 5.9944 Loss_contra: 0.0663
2026/03/25 17:33:47 - __main__ - INFO - 142 - trainer - [193/960] Loss: 6.0227 Loss_contra: 0.0611
2026/03/25 17:34:27 - __main__ - INFO - 142 - trainer - [386/960] Loss: 5.9663 Loss_contra: 0.0659
2026/03/25 17:35:08 - __main__ - INFO - 142 - trainer - [579/960] Loss: 5.9598 Loss_contra: 0.0623
2026/03/25 17:35:48 - __main__ - INFO - 142 - trainer - [772/960] Loss: 5.8564 Loss_contra: 0.0644
2026/03/25 17:36:29 - __main__ - INFO - 124 - trainer - Epoch: 10
2026/03/25 17:36:29 - __main__ - INFO - 142 - trainer - [0/960] Loss: 5.9900 Loss_contra: 0.0626
2026/03/25 17:37:10 - __main__ - INFO - 142 - trainer - [193/960] Loss: 5.9129 Loss_contra: 0.0543
2026/03/25 17:37:50 - __main__ - INFO - 142 - trainer - [386/960] Loss: 5.9389 Loss_contra: 0.0593
2026/03/25 17:38:30 - __main__ - INFO - 142 - trainer - [579/960] Loss: 5.9662 Loss_contra: 0.0555
2026/03/25 17:39:11 - __main__ - INFO - 142 - trainer - [772/960] Loss: 5.9653 Loss_contra: 0.0620
2026/03/25 17:39:52 - __main__ - INFO - 152 - trainer - start predicting: 2026-03-25 17:39:52.594479
2026/03/25 17:39:59 - __main__ - INFO - 187 - trainer - {'Best_HR@5': 12.505, 'Best_NDCG@5': 8.0425, 'Best_HR@10': 21.1606, 'Best_NDCG@10': 10.8239, 'Best_HR@20': 32.1807, 'Best_NDCG@20': 13.6126}
2026/03/25 17:39:59 - __main__ - INFO - 188 - trainer - {'Best_epoch_HR@5': 10, 'Best_epoch_NDCG@5': 10, 'Best_epoch_HR@10': 10, 'Best_epoch_NDCG@10': 10, 'Best_epoch_HR@20': 10, 'Best_epoch_NDCG@20': 10}
2026/03/25 17:39:59 - __main__ - INFO - 124 - trainer - Epoch: 11
2026/03/25 17:40:00 - __main__ - INFO - 142 - trainer - [0/960] Loss: 5.8268 Loss_contra: 0.0626
2026/03/25 17:40:40 - __main__ - INFO - 142 - trainer - [193/960] Loss: 5.8954 Loss_contra: 0.0589
2026/03/25 17:41:22 - __main__ - INFO - 142 - trainer - [386/960] Loss: 5.9280 Loss_contra: 0.0604
2026/03/25 17:42:04 - __main__ - INFO - 142 - trainer - [579/960] Loss: 5.8248 Loss_contra: 0.0570
2026/03/25 17:42:46 - __main__ - INFO - 142 - trainer - [772/960] Loss: 5.8830 Loss_contra: 0.0531
2026/03/25 17:43:25 - __main__ - INFO - 124 - trainer - Epoch: 12
2026/03/25 17:43:26 - __main__ - INFO - 142 - trainer - [0/960] Loss: 5.8142 Loss_contra: 0.0579
2026/03/25 17:44:08 - __main__ - INFO - 142 - trainer - [193/960] Loss: 5.7754 Loss_contra: 0.0529
2026/03/25 17:44:50 - __main__ - INFO - 142 - trainer - [386/960] Loss: 5.7324 Loss_contra: 0.0569
2026/03/25 17:45:32 - __main__ - INFO - 142 - trainer - [579/960] Loss: 5.9279 Loss_contra: 0.0517
2026/03/25 17:46:14 - __main__ - INFO - 142 - trainer - [772/960] Loss: 5.8156 Loss_contra: 0.0536
2026/03/25 17:46:53 - __main__ - INFO - 152 - trainer - start predicting: 2026-03-25 17:46:53.579330
2026/03/25 17:47:00 - __main__ - INFO - 187 - trainer - {'Best_HR@5': 13.3012, 'Best_NDCG@5': 8.2157, 'Best_HR@10': 21.5241, 'Best_NDCG@10': 10.8525, 'Best_HR@20': 32.8299, 'Best_NDCG@20': 13.7054}
2026/03/25 17:47:00 - __main__ - INFO - 188 - trainer - {'Best_epoch_HR@5': 12, 'Best_epoch_NDCG@5': 12, 'Best_epoch_HR@10': 12, 'Best_epoch_NDCG@10': 12, 'Best_epoch_HR@20': 12, 'Best_epoch_NDCG@20': 12}
2026/03/25 17:47:00 - __main__ - INFO - 124 - trainer - Epoch: 13
2026/03/25 17:47:01 - __main__ - INFO - 142 - trainer - [0/960] Loss: 5.9548 Loss_contra: 0.0565
2026/03/25 17:47:43 - __main__ - INFO - 142 - trainer - [193/960] Loss: 5.8939 Loss_contra: 0.0545
2026/03/25 17:48:24 - __main__ - INFO - 142 - trainer - [386/960] Loss: 5.8215 Loss_contra: 0.0576
2026/03/25 17:49:05 - __main__ - INFO - 142 - trainer - [579/960] Loss: 5.7779 Loss_contra: 0.0519
2026/03/25 17:49:47 - __main__ - INFO - 142 - trainer - [772/960] Loss: 5.8967 Loss_contra: 0.0490
2026/03/25 17:50:27 - __main__ - INFO - 124 - trainer - Epoch: 14
2026/03/25 17:50:27 - __main__ - INFO - 142 - trainer - [0/960] Loss: 5.7181 Loss_contra: 0.0531
2026/03/25 17:51:10 - __main__ - INFO - 142 - trainer - [193/960] Loss: 5.7414 Loss_contra: 0.0524
2026/03/25 17:51:52 - __main__ - INFO - 142 - trainer - [386/960] Loss: 5.7245 Loss_contra: 0.0518
2026/03/25 17:52:32 - __main__ - INFO - 142 - trainer - [579/960] Loss: 5.7748 Loss_contra: 0.0473
2026/03/25 17:53:14 - __main__ - INFO - 142 - trainer - [772/960] Loss: 5.8270 Loss_contra: 0.0489
2026/03/25 17:53:56 - __main__ - INFO - 152 - trainer - start predicting: 2026-03-25 17:53:56.106068
2026/03/25 17:54:03 - __main__ - INFO - 187 - trainer - {'Best_HR@5': 13.3012, 'Best_NDCG@5': 8.2404, 'Best_HR@10': 21.7882, 'Best_NDCG@10': 11.0696, 'Best_HR@20': 33.4754, 'Best_NDCG@20': 14.013}
2026/03/25 17:54:03 - __main__ - INFO - 188 - trainer - {'Best_epoch_HR@5': 12, 'Best_epoch_NDCG@5': 14, 'Best_epoch_HR@10': 14, 'Best_epoch_NDCG@10': 14, 'Best_epoch_HR@20': 14, 'Best_epoch_NDCG@20': 14}
2026/03/25 17:54:03 - __main__ - INFO - 124 - trainer - Epoch: 15
2026/03/25 17:54:03 - __main__ - INFO - 142 - trainer - [0/960] Loss: 5.7305 Loss_contra: 0.0484
2026/03/25 17:54:43 - __main__ - INFO - 142 - trainer - [193/960] Loss: 5.6868 Loss_contra: 0.0465
2026/03/25 17:55:25 - __main__ - INFO - 142 - trainer - [386/960] Loss: 5.7353 Loss_contra: 0.0502
2026/03/25 17:56:07 - __main__ - INFO - 142 - trainer - [579/960] Loss: 5.7312 Loss_contra: 0.0481
2026/03/25 17:56:49 - __main__ - INFO - 142 - trainer - [772/960] Loss: 5.7950 Loss_contra: 0.0474
2026/03/25 17:57:29 - __main__ - INFO - 124 - trainer - Epoch: 16
2026/03/25 17:57:29 - __main__ - INFO - 142 - trainer - [0/960] Loss: 5.7161 Loss_contra: 0.0453
2026/03/25 17:58:11 - __main__ - INFO - 142 - trainer - [193/960] Loss: 5.7015 Loss_contra: 0.0466
2026/03/25 17:58:53 - __main__ - INFO - 142 - trainer - [386/960] Loss: 5.8007 Loss_contra: 0.0452
2026/03/25 17:59:35 - __main__ - INFO - 142 - trainer - [579/960] Loss: 5.6629 Loss_contra: 0.0479
2026/03/25 18:00:15 - __main__ - INFO - 142 - trainer - [772/960] Loss: 5.6425 Loss_contra: 0.0473
2026/03/25 18:00:56 - __main__ - INFO - 152 - trainer - start predicting: 2026-03-25 18:00:56.421170
2026/03/25 18:01:03 - __main__ - INFO - 187 - trainer - {'Best_HR@5': 13.355, 'Best_NDCG@5': 8.5571, 'Best_HR@10': 21.7882, 'Best_NDCG@10': 11.2259, 'Best_HR@20': 33.4754, 'Best_NDCG@20': 14.1422}
2026/03/25 18:01:03 - __main__ - INFO - 188 - trainer - {'Best_epoch_HR@5': 16, 'Best_epoch_NDCG@5': 16, 'Best_epoch_HR@10': 14, 'Best_epoch_NDCG@10': 16, 'Best_epoch_HR@20': 14, 'Best_epoch_NDCG@20': 16}
2026/03/25 18:01:03 - __main__ - INFO - 124 - trainer - Epoch: 17
2026/03/25 18:01:03 - __main__ - INFO - 142 - trainer - [0/960] Loss: 5.6674 Loss_contra: 0.0470
2026/03/25 18:01:45 - __main__ - INFO - 142 - trainer - [193/960] Loss: 5.6954 Loss_contra: 0.0449
2026/03/25 18:02:26 - __main__ - INFO - 142 - trainer - [386/960] Loss: 5.7132 Loss_contra: 0.0416
2026/03/25 18:03:08 - __main__ - INFO - 142 - trainer - [579/960] Loss: 5.6967 Loss_contra: 0.0458
2026/03/25 18:03:50 - __main__ - INFO - 142 - trainer - [772/960] Loss: 5.6655 Loss_contra: 0.0463
2026/03/25 18:04:30 - __main__ - INFO - 124 - trainer - Epoch: 18
2026/03/25 18:04:30 - __main__ - INFO - 142 - trainer - [0/960] Loss: 5.7453 Loss_contra: 0.0444
2026/03/25 18:05:12 - __main__ - INFO - 142 - trainer - [193/960] Loss: 5.7364 Loss_contra: 0.0445
2026/03/25 18:05:53 - __main__ - INFO - 142 - trainer - [386/960] Loss: 5.6180 Loss_contra: 0.0437
2026/03/25 18:06:34 - __main__ - INFO - 142 - trainer - [579/960] Loss: 5.6271 Loss_contra: 0.0489
2026/03/25 18:07:16 - __main__ - INFO - 142 - trainer - [772/960] Loss: 5.7569 Loss_contra: 0.0464
2026/03/25 18:07:56 - __main__ - INFO - 152 - trainer - start predicting: 2026-03-25 18:07:56.386281
2026/03/25 18:08:03 - __main__ - INFO - 187 - trainer - {'Best_HR@5': 13.7133, 'Best_NDCG@5': 8.689, 'Best_HR@10': 22.6656, 'Best_NDCG@10': 11.5652, 'Best_HR@20': 33.5316, 'Best_NDCG@20': 14.3048}
2026/03/25 18:08:03 - __main__ - INFO - 188 - trainer - {'Best_epoch_HR@5': 18, 'Best_epoch_NDCG@5': 18, 'Best_epoch_HR@10': 18, 'Best_epoch_NDCG@10': 18, 'Best_epoch_HR@20': 18, 'Best_epoch_NDCG@20': 18}
2026/03/25 18:08:03 - __main__ - INFO - 124 - trainer - Epoch: 19
2026/03/25 18:08:03 - __main__ - INFO - 142 - trainer - [0/960] Loss: 5.7353 Loss_contra: 0.0455
2026/03/25 18:08:44 - __main__ - INFO - 142 - trainer - [193/960] Loss: 5.6717 Loss_contra: 0.0405
2026/03/25 18:09:25 - __main__ - INFO - 142 - trainer - [386/960] Loss: 5.6538 Loss_contra: 0.0436
2026/03/25 18:10:06 - __main__ - INFO - 142 - trainer - [579/960] Loss: 5.7073 Loss_contra: 0.0386
2026/03/25 18:10:47 - __main__ - INFO - 142 - trainer - [772/960] Loss: 5.6395 Loss_contra: 0.0414
2026/03/25 18:11:28 - __main__ - INFO - 124 - trainer - Epoch: 20
2026/03/25 18:11:28 - __main__ - INFO - 142 - trainer - [0/960] Loss: 5.5795 Loss_contra: 0.0406
2026/03/25 18:12:10 - __main__ - INFO - 142 - trainer - [193/960] Loss: 5.5822 Loss_contra: 0.0433
2026/03/25 18:12:50 - __main__ - INFO - 142 - trainer - [386/960] Loss: 5.6248 Loss_contra: 0.0380
2026/03/25 18:13:32 - __main__ - INFO - 142 - trainer - [579/960] Loss: 5.6137 Loss_contra: 0.0399
2026/03/25 18:14:14 - __main__ - INFO - 142 - trainer - [772/960] Loss: 5.6641 Loss_contra: 0.0371
2026/03/25 18:14:55 - __main__ - INFO - 152 - trainer - start predicting: 2026-03-25 18:14:55.399411
2026/03/25 18:15:02 - __main__ - INFO - 187 - trainer - {'Best_HR@5': 13.8058, 'Best_NDCG@5': 8.689, 'Best_HR@10': 22.6656, 'Best_NDCG@10': 11.5652, 'Best_HR@20': 33.9803, 'Best_NDCG@20': 14.3048}
2026/03/25 18:15:02 - __main__ - INFO - 188 - trainer - {'Best_epoch_HR@5': 20, 'Best_epoch_NDCG@5': 18, 'Best_epoch_HR@10': 18, 'Best_epoch_NDCG@10': 18, 'Best_epoch_HR@20': 20, 'Best_epoch_NDCG@20': 18}
2026/03/25 18:15:02 - __main__ - INFO - 124 - trainer - Epoch: 21
2026/03/25 18:15:02 - __main__ - INFO - 142 - trainer - [0/960] Loss: 5.5889 Loss_contra: 0.0398
2026/03/25 18:15:43 - __main__ - INFO - 142 - trainer - [193/960] Loss: 5.6470 Loss_contra: 0.0389
2026/03/25 18:16:25 - __main__ - INFO - 142 - trainer - [386/960] Loss: 5.5691 Loss_contra: 0.0388
2026/03/25 18:17:05 - __main__ - INFO - 142 - trainer - [579/960] Loss: 5.6876 Loss_contra: 0.0405
2026/03/25 18:17:47 - __main__ - INFO - 142 - trainer - [772/960] Loss: 5.6139 Loss_contra: 0.0378
2026/03/25 18:18:28 - __main__ - INFO - 124 - trainer - Epoch: 22
2026/03/25 18:18:28 - __main__ - INFO - 142 - trainer - [0/960] Loss: 5.5076 Loss_contra: 0.0375
2026/03/25 18:19:11 - __main__ - INFO - 142 - trainer - [193/960] Loss: 5.6396 Loss_contra: 0.0375
2026/03/25 18:19:53 - __main__ - INFO - 142 - trainer - [386/960] Loss: 5.5037 Loss_contra: 0.0368
2026/03/25 18:20:34 - __main__ - INFO - 142 - trainer - [579/960] Loss: 5.5014 Loss_contra: 0.0426
2026/03/25 18:21:16 - __main__ - INFO - 142 - trainer - [772/960] Loss: 5.5960 Loss_contra: 0.0360
2026/03/25 18:21:57 - __main__ - INFO - 152 - trainer - start predicting: 2026-03-25 18:21:57.377346
2026/03/25 18:22:04 - __main__ - INFO - 187 - trainer - {'Best_HR@5': 13.8058, 'Best_NDCG@5': 8.7578, 'Best_HR@10': 22.7666, 'Best_NDCG@10': 11.726, 'Best_HR@20': 34.2447, 'Best_NDCG@20': 14.616}
2026/03/25 18:22:04 - __main__ - INFO - 188 - trainer - {'Best_epoch_HR@5': 20, 'Best_epoch_NDCG@5': 22, 'Best_epoch_HR@10': 22, 'Best_epoch_NDCG@10': 22, 'Best_epoch_HR@20': 22, 'Best_epoch_NDCG@20': 22}
2026/03/25 18:22:04 - __main__ - INFO - 124 - trainer - Epoch: 23
2026/03/25 18:22:04 - __main__ - INFO - 142 - trainer - [0/960] Loss: 5.6767 Loss_contra: 0.0400
2026/03/25 18:22:45 - __main__ - INFO - 142 - trainer - [193/960] Loss: 5.6204 Loss_contra: 0.0361
2026/03/25 18:23:27 - __main__ - INFO - 142 - trainer - [386/960] Loss: 5.5313 Loss_contra: 0.0361
2026/03/25 18:24:09 - __main__ - INFO - 142 - trainer - [579/960] Loss: 5.6088 Loss_contra: 0.0390
2026/03/25 18:24:49 - __main__ - INFO - 142 - trainer - [772/960] Loss: 5.4893 Loss_contra: 0.0370
2026/03/25 18:25:30 - __main__ - INFO - 124 - trainer - Epoch: 24
2026/03/25 18:25:30 - __main__ - INFO - 142 - trainer - [0/960] Loss: 5.5156 Loss_contra: 0.0355
2026/03/25 18:26:12 - __main__ - INFO - 142 - trainer - [193/960] Loss: 5.6310 Loss_contra: 0.0370
2026/03/25 18:26:54 - __main__ - INFO - 142 - trainer - [386/960] Loss: 5.5392 Loss_contra: 0.0343
2026/03/25 18:27:35 - __main__ - INFO - 142 - trainer - [579/960] Loss: 5.5410 Loss_contra: 0.0347
2026/03/25 18:28:16 - __main__ - INFO - 142 - trainer - [772/960] Loss: 5.6503 Loss_contra: 0.0351
2026/03/25 18:28:56 - __main__ - INFO - 152 - trainer - start predicting: 2026-03-25 18:28:56.858772
2026/03/25 18:29:03 - __main__ - INFO - 187 - trainer - {'Best_HR@5': 13.9071, 'Best_NDCG@5': 8.7578, 'Best_HR@10': 22.868, 'Best_NDCG@10': 11.726, 'Best_HR@20': 34.2447, 'Best_NDCG@20': 14.616}
2026/03/25 18:29:03 - __main__ - INFO - 188 - trainer - {'Best_epoch_HR@5': 24, 'Best_epoch_NDCG@5': 22, 'Best_epoch_HR@10': 24, 'Best_epoch_NDCG@10': 22, 'Best_epoch_HR@20': 22, 'Best_epoch_NDCG@20': 22}
2026/03/25 18:29:03 - __main__ - INFO - 124 - trainer - Epoch: 25
2026/03/25 18:29:04 - __main__ - INFO - 142 - trainer - [0/960] Loss: 5.4938 Loss_contra: 0.0343
2026/03/25 18:29:45 - __main__ - INFO - 142 - trainer - [193/960] Loss: 5.4929 Loss_contra: 0.0351
2026/03/25 18:30:26 - __main__ - INFO - 142 - trainer - [386/960] Loss: 5.5519 Loss_contra: 0.0346
2026/03/25 18:31:08 - __main__ - INFO - 142 - trainer - [579/960] Loss: 5.4981 Loss_contra: 0.0345
2026/03/25 18:31:49 - __main__ - INFO - 142 - trainer - [772/960] Loss: 5.5039 Loss_contra: 0.0353
2026/03/25 18:32:30 - __main__ - INFO - 124 - trainer - Epoch: 26
2026/03/25 18:32:30 - __main__ - INFO - 142 - trainer - [0/960] Loss: 5.5207 Loss_contra: 0.0359
2026/03/25 18:33:11 - __main__ - INFO - 142 - trainer - [193/960] Loss: 5.5601 Loss_contra: 0.0329
2026/03/25 18:33:53 - __main__ - INFO - 142 - trainer - [386/960] Loss: 5.5953 Loss_contra: 0.0331
2026/03/25 18:34:35 - __main__ - INFO - 142 - trainer - [579/960] Loss: 5.7028 Loss_contra: 0.0341
2026/03/25 18:35:17 - __main__ - INFO - 142 - trainer - [772/960] Loss: 5.5621 Loss_contra: 0.0340
2026/03/25 18:35:58 - __main__ - INFO - 152 - trainer - start predicting: 2026-03-25 18:35:58.300195
2026/03/25 18:36:05 - __main__ - INFO - 187 - trainer - {'Best_HR@5': 14.0754, 'Best_NDCG@5': 8.9009, 'Best_HR@10': 23.2518, 'Best_NDCG@10': 11.8433, 'Best_HR@20': 34.7983, 'Best_NDCG@20': 14.7589}
2026/03/25 18:36:05 - __main__ - INFO - 188 - trainer - {'Best_epoch_HR@5': 26, 'Best_epoch_NDCG@5': 26, 'Best_epoch_HR@10': 26, 'Best_epoch_NDCG@10': 26, 'Best_epoch_HR@20': 26, 'Best_epoch_NDCG@20': 26}
2026/03/25 18:36:05 - __main__ - INFO - 124 - trainer - Epoch: 27
2026/03/25 18:36:05 - __main__ - INFO - 142 - trainer - [0/960] Loss: 5.5063 Loss_contra: 0.0351
2026/03/25 18:36:46 - __main__ - INFO - 142 - trainer - [193/960] Loss: 5.5391 Loss_contra: 0.0324
2026/03/25 18:37:28 - __main__ - INFO - 142 - trainer - [386/960] Loss: 5.5089 Loss_contra: 0.0323
2026/03/25 18:38:08 - __main__ - INFO - 142 - trainer - [579/960] Loss: 5.5205 Loss_contra: 0.0322
2026/03/25 18:38:50 - __main__ - INFO - 142 - trainer - [772/960] Loss: 5.5106 Loss_contra: 0.0342
2026/03/25 18:39:31 - __main__ - INFO - 124 - trainer - Epoch: 28
2026/03/25 18:39:31 - __main__ - INFO - 142 - trainer - [0/960] Loss: 5.5664 Loss_contra: 0.0318
2026/03/25 18:40:11 - __main__ - INFO - 142 - trainer - [193/960] Loss: 5.5552 Loss_contra: 0.0336
2026/03/25 18:40:53 - __main__ - INFO - 142 - trainer - [386/960] Loss: 5.5166 Loss_contra: 0.0320
2026/03/25 18:41:34 - __main__ - INFO - 142 - trainer - [579/960] Loss: 5.5726 Loss_contra: 0.0311
2026/03/25 18:42:16 - __main__ - INFO - 142 - trainer - [772/960] Loss: 5.5226 Loss_contra: 0.0339
2026/03/25 18:42:57 - __main__ - INFO - 152 - trainer - start predicting: 2026-03-25 18:42:57.030193
2026/03/25 18:43:04 - __main__ - INFO - 124 - trainer - Epoch: 29
2026/03/25 18:43:04 - __main__ - INFO - 142 - trainer - [0/960] Loss: 5.5061 Loss_contra: 0.0306
2026/03/25 18:43:45 - __main__ - INFO - 142 - trainer - [193/960] Loss: 5.4989 Loss_contra: 0.0313
2026/03/25 18:44:25 - __main__ - INFO - 142 - trainer - [386/960] Loss: 5.5560 Loss_contra: 0.0302
2026/03/25 18:45:06 - __main__ - INFO - 142 - trainer - [579/960] Loss: 5.3913 Loss_contra: 0.0326
2026/03/25 18:45:47 - __main__ - INFO - 142 - trainer - [772/960] Loss: 5.5514 Loss_contra: 0.0311
2026/03/25 18:46:27 - __main__ - INFO - 124 - trainer - Epoch: 30
2026/03/25 18:46:27 - __main__ - INFO - 142 - trainer - [0/960] Loss: 5.4250 Loss_contra: 0.0314
2026/03/25 18:47:08 - __main__ - INFO - 142 - trainer - [193/960] Loss: 5.5581 Loss_contra: 0.0302
2026/03/25 18:47:48 - __main__ - INFO - 142 - trainer - [386/960] Loss: 5.5514 Loss_contra: 0.0284
2026/03/25 18:48:29 - __main__ - INFO - 142 - trainer - [579/960] Loss: 5.5071 Loss_contra: 0.0299
2026/03/25 18:49:11 - __main__ - INFO - 142 - trainer - [772/960] Loss: 5.4690 Loss_contra: 0.0320
2026/03/25 18:49:50 - __main__ - INFO - 152 - trainer - start predicting: 2026-03-25 18:49:50.347105
2026/03/25 18:49:57 - __main__ - INFO - 187 - trainer - {'Best_HR@5': 14.0769, 'Best_NDCG@5': 8.9978, 'Best_HR@10': 23.2518, 'Best_NDCG@10': 11.847, 'Best_HR@20': 34.7983, 'Best_NDCG@20': 14.8325}
2026/03/25 18:49:57 - __main__ - INFO - 188 - trainer - {'Best_epoch_HR@5': 30, 'Best_epoch_NDCG@5': 30, 'Best_epoch_HR@10': 26, 'Best_epoch_NDCG@10': 30, 'Best_epoch_HR@20': 26, 'Best_epoch_NDCG@20': 30}
2026/03/25 18:49:57 - __main__ - INFO - 124 - trainer - Epoch: 31
2026/03/25 18:49:57 - __main__ - INFO - 142 - trainer - [0/960] Loss: 5.5842 Loss_contra: 0.0292
2026/03/25 18:50:38 - __main__ - INFO - 142 - trainer - [193/960] Loss: 5.5163 Loss_contra: 0.0319
2026/03/25 18:51:20 - __main__ - INFO - 142 - trainer - [386/960] Loss: 5.5438 Loss_contra: 0.0324
2026/03/25 18:52:02 - __main__ - INFO - 142 - trainer - [579/960] Loss: 5.5247 Loss_contra: 0.0291
2026/03/25 18:52:44 - __main__ - INFO - 142 - trainer - [772/960] Loss: 5.5252 Loss_contra: 0.0307
2026/03/25 18:53:24 - __main__ - INFO - 124 - trainer - Epoch: 32
2026/03/25 18:53:25 - __main__ - INFO - 142 - trainer - [0/960] Loss: 5.4730 Loss_contra: 0.0303
2026/03/25 18:54:05 - __main__ - INFO - 142 - trainer - [193/960] Loss: 5.5086 Loss_contra: 0.0310
2026/03/25 18:54:47 - __main__ - INFO - 142 - trainer - [386/960] Loss: 5.4931 Loss_contra: 0.0303
2026/03/25 18:55:29 - __main__ - INFO - 142 - trainer - [579/960] Loss: 5.4263 Loss_contra: 0.0316
2026/03/25 18:56:11 - __main__ - INFO - 142 - trainer - [772/960] Loss: 5.4948 Loss_contra: 0.0303
2026/03/25 18:56:52 - __main__ - INFO - 152 - trainer - start predicting: 2026-03-25 18:56:52.971623
2026/03/25 18:57:00 - __main__ - INFO - 124 - trainer - Epoch: 33
2026/03/25 18:57:00 - __main__ - INFO - 142 - trainer - [0/960] Loss: 5.5709 Loss_contra: 0.0293
2026/03/25 18:57:40 - __main__ - INFO - 142 - trainer - [193/960] Loss: 5.5337 Loss_contra: 0.0308
2026/03/25 18:58:21 - __main__ - INFO - 142 - trainer - [386/960] Loss: 5.4138 Loss_contra: 0.0294
2026/03/25 18:59:02 - __main__ - INFO - 142 - trainer - [579/960] Loss: 5.4388 Loss_contra: 0.0286
2026/03/25 18:59:43 - __main__ - INFO - 142 - trainer - [772/960] Loss: 5.4256 Loss_contra: 0.0295
2026/03/25 19:00:24 - __main__ - INFO - 124 - trainer - Epoch: 34
2026/03/25 19:00:24 - __main__ - INFO - 142 - trainer - [0/960] Loss: 5.4439 Loss_contra: 0.0298
2026/03/25 19:01:05 - __main__ - INFO - 142 - trainer - [193/960] Loss: 5.4746 Loss_contra: 0.0298
2026/03/25 19:01:45 - __main__ - INFO - 142 - trainer - [386/960] Loss: 5.4516 Loss_contra: 0.0336
2026/03/25 19:02:25 - __main__ - INFO - 142 - trainer - [579/960] Loss: 5.5474 Loss_contra: 0.0298
2026/03/25 19:03:06 - __main__ - INFO - 142 - trainer - [772/960] Loss: 5.5093 Loss_contra: 0.0261
2026/03/25 19:03:47 - __main__ - INFO - 152 - trainer - start predicting: 2026-03-25 19:03:47.356057
2026/03/25 19:03:54 - __main__ - INFO - 187 - trainer - {'Best_HR@5': 14.0769, 'Best_NDCG@5': 8.9978, 'Best_HR@10': 23.2518, 'Best_NDCG@10': 11.847, 'Best_HR@20': 35.1349, 'Best_NDCG@20': 14.8325}
2026/03/25 19:03:54 - __main__ - INFO - 188 - trainer - {'Best_epoch_HR@5': 30, 'Best_epoch_NDCG@5': 30, 'Best_epoch_HR@10': 26, 'Best_epoch_NDCG@10': 30, 'Best_epoch_HR@20': 34, 'Best_epoch_NDCG@20': 30}
2026/03/25 19:03:54 - __main__ - INFO - 124 - trainer - Epoch: 35
2026/03/25 19:03:54 - __main__ - INFO - 142 - trainer - [0/960] Loss: 5.3428 Loss_contra: 0.0280
2026/03/25 19:04:36 - __main__ - INFO - 142 - trainer - [193/960] Loss: 5.4583 Loss_contra: 0.0284
2026/03/25 19:05:21 - __main__ - INFO - 142 - trainer - [386/960] Loss: 5.5449 Loss_contra: 0.0284
2026/03/25 19:06:07 - __main__ - INFO - 142 - trainer - [579/960] Loss: 5.4546 Loss_contra: 0.0282
2026/03/25 19:06:51 - __main__ - INFO - 142 - trainer - [772/960] Loss: 5.3666 Loss_contra: 0.0292
2026/03/25 19:07:32 - __main__ - INFO - 124 - trainer - Epoch: 36
2026/03/25 19:07:32 - __main__ - INFO - 142 - trainer - [0/960] Loss: 5.4739 Loss_contra: 0.0297
2026/03/25 19:08:16 - __main__ - INFO - 142 - trainer - [193/960] Loss: 5.5289 Loss_contra: 0.0262
2026/03/25 19:08:58 - __main__ - INFO - 142 - trainer - [386/960] Loss: 5.3772 Loss_contra: 0.0267
2026/03/25 19:09:40 - __main__ - INFO - 142 - trainer - [579/960] Loss: 5.5036 Loss_contra: 0.0270
2026/03/25 19:10:22 - __main__ - INFO - 142 - trainer - [772/960] Loss: 5.4613 Loss_contra: 0.0282
2026/03/25 19:11:01 - __main__ - INFO - 152 - trainer - start predicting: 2026-03-25 19:11:01.842809
2026/03/25 19:11:09 - __main__ - INFO - 187 - trainer - {'Best_HR@5': 14.6051, 'Best_NDCG@5': 9.1136, 'Best_HR@10': 23.2518, 'Best_NDCG@10': 11.8871, 'Best_HR@20': 35.1349, 'Best_NDCG@20': 14.8712}
2026/03/25 19:11:09 - __main__ - INFO - 188 - trainer - {'Best_epoch_HR@5': 36, 'Best_epoch_NDCG@5': 36, 'Best_epoch_HR@10': 26, 'Best_epoch_NDCG@10': 36, 'Best_epoch_HR@20': 34, 'Best_epoch_NDCG@20': 36}
2026/03/25 19:11:09 - __main__ - INFO - 124 - trainer - Epoch: 37
2026/03/25 19:11:09 - __main__ - INFO - 142 - trainer - [0/960] Loss: 5.5179 Loss_contra: 0.0271
2026/03/25 19:11:52 - __main__ - INFO - 142 - trainer - [193/960] Loss: 5.3824 Loss_contra: 0.0258
2026/03/25 19:12:34 - __main__ - INFO - 142 - trainer - [386/960] Loss: 5.4561 Loss_contra: 0.0260
2026/03/25 19:13:16 - __main__ - INFO - 142 - trainer - [579/960] Loss: 5.3884 Loss_contra: 0.0279
2026/03/25 19:13:57 - __main__ - INFO - 142 - trainer - [772/960] Loss: 5.4166 Loss_contra: 0.0278
2026/03/25 19:14:41 - __main__ - INFO - 124 - trainer - Epoch: 38
2026/03/25 19:14:41 - __main__ - INFO - 142 - trainer - [0/960] Loss: 5.4872 Loss_contra: 0.0261
2026/03/25 19:15:24 - __main__ - INFO - 142 - trainer - [193/960] Loss: 5.4146 Loss_contra: 0.0267
2026/03/25 19:16:07 - __main__ - INFO - 142 - trainer - [386/960] Loss: 5.5798 Loss_contra: 0.0264
2026/03/25 19:16:50 - __main__ - INFO - 142 - trainer - [579/960] Loss: 5.4216 Loss_contra: 0.0287
2026/03/25 19:17:31 - __main__ - INFO - 142 - trainer - [772/960] Loss: 5.4841 Loss_contra: 0.0282
2026/03/25 19:18:15 - __main__ - INFO - 152 - trainer - start predicting: 2026-03-25 19:18:15.083144
2026/03/25 19:18:22 - __main__ - INFO - 124 - trainer - Epoch: 39
2026/03/25 19:18:22 - __main__ - INFO - 142 - trainer - [0/960] Loss: 5.4036 Loss_contra: 0.0281
2026/03/25 19:19:03 - __main__ - INFO - 142 - trainer - [193/960] Loss: 5.4155 Loss_contra: 0.0258
2026/03/25 19:19:47 - __main__ - INFO - 142 - trainer - [386/960] Loss: 5.4628 Loss_contra: 0.0272
2026/03/25 19:20:27 - __main__ - INFO - 142 - trainer - [579/960] Loss: 5.3711 Loss_contra: 0.0244
2026/03/25 19:21:09 - __main__ - INFO - 142 - trainer - [772/960] Loss: 5.4811 Loss_contra: 0.0268
2026/03/25 19:21:49 - __main__ - INFO - 124 - trainer - Epoch: 40
2026/03/25 19:21:49 - __main__ - INFO - 142 - trainer - [0/960] Loss: 5.2901 Loss_contra: 0.0261
2026/03/25 19:22:30 - __main__ - INFO - 142 - trainer - [193/960] Loss: 5.3844 Loss_contra: 0.0291
2026/03/25 19:23:13 - __main__ - INFO - 142 - trainer - [386/960] Loss: 5.4445 Loss_contra: 0.0251
2026/03/25 19:23:55 - __main__ - INFO - 142 - trainer - [579/960] Loss: 5.4254 Loss_contra: 0.0250
2026/03/25 19:24:36 - __main__ - INFO - 142 - trainer - [772/960] Loss: 5.3800 Loss_contra: 0.0266
2026/03/25 19:25:16 - __main__ - INFO - 152 - trainer - start predicting: 2026-03-25 19:25:16.894221
2026/03/25 19:25:24 - __main__ - INFO - 187 - trainer - {'Best_HR@5': 14.6051, 'Best_NDCG@5': 9.1322, 'Best_HR@10': 23.2518, 'Best_NDCG@10': 11.8913, 'Best_HR@20': 35.1349, 'Best_NDCG@20': 14.8712}
2026/03/25 19:25:24 - __main__ - INFO - 188 - trainer - {'Best_epoch_HR@5': 36, 'Best_epoch_NDCG@5': 40, 'Best_epoch_HR@10': 26, 'Best_epoch_NDCG@10': 40, 'Best_epoch_HR@20': 34, 'Best_epoch_NDCG@20': 36}
2026/03/25 19:25:24 - __main__ - INFO - 124 - trainer - Epoch: 41
2026/03/25 19:25:24 - __main__ - INFO - 142 - trainer - [0/960] Loss: 5.4631 Loss_contra: 0.0266
2026/03/25 19:26:07 - __main__ - INFO - 142 - trainer - [193/960] Loss: 5.5356 Loss_contra: 0.0249
2026/03/25 19:26:50 - __main__ - INFO - 142 - trainer - [386/960] Loss: 5.4153 Loss_contra: 0.0248
2026/03/25 19:27:33 - __main__ - INFO - 142 - trainer - [579/960] Loss: 5.4711 Loss_contra: 0.0243
2026/03/25 19:28:15 - __main__ - INFO - 142 - trainer - [772/960] Loss: 5.5074 Loss_contra: 0.0246
2026/03/25 19:28:56 - __main__ - INFO - 124 - trainer - Epoch: 42
2026/03/25 19:28:57 - __main__ - INFO - 142 - trainer - [0/960] Loss: 5.4702 Loss_contra: 0.0264
2026/03/25 19:29:40 - __main__ - INFO - 142 - trainer - [193/960] Loss: 5.4068 Loss_contra: 0.0262
2026/03/25 19:30:24 - __main__ - INFO - 142 - trainer - [386/960] Loss: 5.4317 Loss_contra: 0.0249
2026/03/25 19:31:08 - __main__ - INFO - 142 - trainer - [579/960] Loss: 5.4840 Loss_contra: 0.0260
2026/03/25 19:31:50 - __main__ - INFO - 142 - trainer - [772/960] Loss: 5.4375 Loss_contra: 0.0250
2026/03/25 19:32:31 - __main__ - INFO - 152 - trainer - start predicting: 2026-03-25 19:32:31.430740
2026/03/25 19:32:38 - __main__ - INFO - 187 - trainer - {'Best_HR@5': 14.6051, 'Best_NDCG@5': 9.1322, 'Best_HR@10': 23.2518, 'Best_NDCG@10': 11.8913, 'Best_HR@20': 35.2583, 'Best_NDCG@20': 14.8712}
2026/03/25 19:32:38 - __main__ - INFO - 188 - trainer - {'Best_epoch_HR@5': 36, 'Best_epoch_NDCG@5': 40, 'Best_epoch_HR@10': 26, 'Best_epoch_NDCG@10': 40, 'Best_epoch_HR@20': 42, 'Best_epoch_NDCG@20': 36}
2026/03/25 19:32:38 - __main__ - INFO - 124 - trainer - Epoch: 43
2026/03/25 19:32:38 - __main__ - INFO - 142 - trainer - [0/960] Loss: 5.3406 Loss_contra: 0.0254
2026/03/25 19:33:21 - __main__ - INFO - 142 - trainer - [193/960] Loss: 5.2897 Loss_contra: 0.0278
2026/03/25 19:34:01 - __main__ - INFO - 142 - trainer - [386/960] Loss: 5.4856 Loss_contra: 0.0268
2026/03/25 19:34:43 - __main__ - INFO - 142 - trainer - [579/960] Loss: 5.4961 Loss_contra: 0.0246
2026/03/25 19:35:25 - __main__ - INFO - 142 - trainer - [772/960] Loss: 5.4096 Loss_contra: 0.0262
2026/03/25 19:36:04 - __main__ - INFO - 124 - trainer - Epoch: 44
2026/03/25 19:36:04 - __main__ - INFO - 142 - trainer - [0/960] Loss: 5.3928 Loss_contra: 0.0252
2026/03/25 19:36:46 - __main__ - INFO - 142 - trainer - [193/960] Loss: 5.4595 Loss_contra: 0.0243
2026/03/25 19:37:29 - __main__ - INFO - 142 - trainer - [386/960] Loss: 5.3885 Loss_contra: 0.0254
2026/03/25 19:38:10 - __main__ - INFO - 142 - trainer - [579/960] Loss: 5.4315 Loss_contra: 0.0273
2026/03/25 19:38:52 - __main__ - INFO - 142 - trainer - [772/960] Loss: 5.4667 Loss_contra: 0.0258
2026/03/25 19:39:31 - __main__ - INFO - 152 - trainer - start predicting: 2026-03-25 19:39:31.596086
2026/03/25 19:39:38 - __main__ - INFO - 187 - trainer - {'Best_HR@5': 14.6051, 'Best_NDCG@5': 9.1322, 'Best_HR@10': 23.7281, 'Best_NDCG@10': 11.9534, 'Best_HR@20': 35.395, 'Best_NDCG@20': 14.9076}
2026/03/25 19:39:38 - __main__ - INFO - 188 - trainer - {'Best_epoch_HR@5': 36, 'Best_epoch_NDCG@5': 40, 'Best_epoch_HR@10': 44, 'Best_epoch_NDCG@10': 44, 'Best_epoch_HR@20': 44, 'Best_epoch_NDCG@20': 44}
2026/03/25 19:39:38 - __main__ - INFO - 124 - trainer - Epoch: 45
2026/03/25 19:39:39 - __main__ - INFO - 142 - trainer - [0/960] Loss: 5.3622 Loss_contra: 0.0248
2026/03/25 19:40:20 - __main__ - INFO - 142 - trainer - [193/960] Loss: 5.4652 Loss_contra: 0.0238
2026/03/25 19:41:02 - __main__ - INFO - 142 - trainer - [386/960] Loss: 5.3518 Loss_contra: 0.0245
2026/03/25 19:41:44 - __main__ - INFO - 142 - trainer - [579/960] Loss: 5.3651 Loss_contra: 0.0228
2026/03/25 19:42:24 - __main__ - INFO - 142 - trainer - [772/960] Loss: 5.4334 Loss_contra: 0.0237
2026/03/25 19:43:04 - __main__ - INFO - 124 - trainer - Epoch: 46
2026/03/25 19:43:04 - __main__ - INFO - 142 - trainer - [0/960] Loss: 5.3812 Loss_contra: 0.0249
2026/03/25 19:43:46 - __main__ - INFO - 142 - trainer - [193/960] Loss: 5.4206 Loss_contra: 0.0238
2026/03/25 19:44:27 - __main__ - INFO - 142 - trainer - [386/960] Loss: 5.4309 Loss_contra: 0.0240
2026/03/25 19:45:09 - __main__ - INFO - 142 - trainer - [579/960] Loss: 5.4269 Loss_contra: 0.0240
2026/03/25 19:45:49 - __main__ - INFO - 142 - trainer - [772/960] Loss: 5.4083 Loss_contra: 0.0228
2026/03/25 19:46:29 - __main__ - INFO - 152 - trainer - start predicting: 2026-03-25 19:46:29.653404
2026/03/25 19:46:36 - __main__ - INFO - 124 - trainer - Epoch: 47
2026/03/25 19:46:37 - __main__ - INFO - 142 - trainer - [0/960] Loss: 5.3478 Loss_contra: 0.0228
2026/03/25 19:47:17 - __main__ - INFO - 142 - trainer - [193/960] Loss: 5.3981 Loss_contra: 0.0236
2026/03/25 19:47:58 - __main__ - INFO - 142 - trainer - [386/960] Loss: 5.4029 Loss_contra: 0.0247
2026/03/25 19:48:39 - __main__ - INFO - 142 - trainer - [579/960] Loss: 5.3899 Loss_contra: 0.0229
2026/03/25 19:49:19 - __main__ - INFO - 142 - trainer - [772/960] Loss: 5.3758 Loss_contra: 0.0244
2026/03/25 19:49:58 - __main__ - INFO - 124 - trainer - Epoch: 48
2026/03/25 19:49:58 - __main__ - INFO - 142 - trainer - [0/960] Loss: 5.4024 Loss_contra: 0.0231
2026/03/25 19:50:38 - __main__ - INFO - 142 - trainer - [193/960] Loss: 5.3796 Loss_contra: 0.0232
2026/03/25 19:51:20 - __main__ - INFO - 142 - trainer - [386/960] Loss: 5.4477 Loss_contra: 0.0237
2026/03/25 19:52:00 - __main__ - INFO - 142 - trainer - [579/960] Loss: 5.3832 Loss_contra: 0.0227
2026/03/25 19:52:40 - __main__ - INFO - 142 - trainer - [772/960] Loss: 5.3733 Loss_contra: 0.0239
2026/03/25 19:53:19 - __main__ - INFO - 152 - trainer - start predicting: 2026-03-25 19:53:19.076456
2026/03/25 19:53:26 - __main__ - INFO - 187 - trainer - {'Best_HR@5': 14.6051, 'Best_NDCG@5': 9.1322, 'Best_HR@10': 23.7281, 'Best_NDCG@10': 11.9534, 'Best_HR@20': 35.5363, 'Best_NDCG@20': 14.9076}
2026/03/25 19:53:26 - __main__ - INFO - 188 - trainer - {'Best_epoch_HR@5': 36, 'Best_epoch_NDCG@5': 40, 'Best_epoch_HR@10': 44, 'Best_epoch_NDCG@10': 44, 'Best_epoch_HR@20': 48, 'Best_epoch_NDCG@20': 44}
2026/03/25 19:53:26 - __main__ - INFO - 124 - trainer - Epoch: 49
2026/03/25 19:53:26 - __main__ - INFO - 142 - trainer - [0/960] Loss: 5.3087 Loss_contra: 0.0233
2026/03/25 19:54:08 - __main__ - INFO - 142 - trainer - [193/960] Loss: 5.4186 Loss_contra: 0.0223
2026/03/25 19:54:49 - __main__ - INFO - 142 - trainer - [386/960] Loss: 5.4148 Loss_contra: 0.0271
2026/03/25 19:55:30 - __main__ - INFO - 142 - trainer - [579/960] Loss: 5.2807 Loss_contra: 0.0229
2026/03/25 19:56:10 - __main__ - INFO - 142 - trainer - [772/960] Loss: 5.3478 Loss_contra: 0.0231
2026/03/25 19:56:50 - __main__ - INFO - 124 - trainer - Epoch: 50
2026/03/25 19:56:51 - __main__ - INFO - 142 - trainer - [0/960] Loss: 5.4050 Loss_contra: 0.0241
2026/03/25 19:57:32 - __main__ - INFO - 142 - trainer - [193/960] Loss: 5.4329 Loss_contra: 0.0240
2026/03/25 19:58:13 - __main__ - INFO - 142 - trainer - [386/960] Loss: 5.3811 Loss_contra: 0.0237
2026/03/25 19:58:55 - __main__ - INFO - 142 - trainer - [579/960] Loss: 5.4824 Loss_contra: 0.0232
2026/03/25 19:59:35 - __main__ - INFO - 142 - trainer - [772/960] Loss: 5.3143 Loss_contra: 0.0244
2026/03/25 20:00:15 - __main__ - INFO - 152 - trainer - start predicting: 2026-03-25 20:00:15.552076
2026/03/25 20:00:22 - __main__ - INFO - 124 - trainer - Epoch: 51
2026/03/25 20:00:22 - __main__ - INFO - 142 - trainer - [0/960] Loss: 5.4356 Loss_contra: 0.0233
2026/03/25 20:01:02 - __main__ - INFO - 142 - trainer - [193/960] Loss: 5.3005 Loss_contra: 0.0225
2026/03/25 20:01:44 - __main__ - INFO - 142 - trainer - [386/960] Loss: 5.3382 Loss_contra: 0.0215
2026/03/25 20:02:24 - __main__ - INFO - 142 - trainer - [579/960] Loss: 5.3980 Loss_contra: 0.0235
2026/03/25 20:03:04 - __main__ - INFO - 142 - trainer - [772/960] Loss: 5.3801 Loss_contra: 0.0242
2026/03/25 20:03:43 - __main__ - INFO - 124 - trainer - Epoch: 52
2026/03/25 20:03:43 - __main__ - INFO - 142 - trainer - [0/960] Loss: 5.4203 Loss_contra: 0.0221
2026/03/25 20:04:23 - __main__ - INFO - 142 - trainer - [193/960] Loss: 5.3208 Loss_contra: 0.0232
2026/03/25 20:05:04 - __main__ - INFO - 142 - trainer - [386/960] Loss: 5.3926 Loss_contra: 0.0210
2026/03/25 20:05:45 - __main__ - INFO - 142 - trainer - [579/960] Loss: 5.3685 Loss_contra: 0.0214
2026/03/25 20:06:24 - __main__ - INFO - 142 - trainer - [772/960] Loss: 5.3129 Loss_contra: 0.0206
2026/03/25 20:07:03 - __main__ - INFO - 152 - trainer - start predicting: 2026-03-25 20:07:03.948794
2026/03/25 20:07:10 - __main__ - INFO - 187 - trainer - {'Best_HR@5': 14.6235, 'Best_NDCG@5': 9.192, 'Best_HR@10': 23.838, 'Best_NDCG@10': 12.1617, 'Best_HR@20': 35.8295, 'Best_NDCG@20': 15.1886}
2026/03/25 20:07:10 - __main__ - INFO - 188 - trainer - {'Best_epoch_HR@5': 52, 'Best_epoch_NDCG@5': 52, 'Best_epoch_HR@10': 52, 'Best_epoch_NDCG@10': 52, 'Best_epoch_HR@20': 52, 'Best_epoch_NDCG@20': 52}
2026/03/25 20:07:11 - __main__ - INFO - 124 - trainer - Epoch: 53
2026/03/25 20:07:11 - __main__ - INFO - 142 - trainer - [0/960] Loss: 5.3687 Loss_contra: 0.0228
2026/03/25 20:07:52 - __main__ - INFO - 142 - trainer - [193/960] Loss: 5.2769 Loss_contra: 0.0225
2026/03/25 20:08:34 - __main__ - INFO - 142 - trainer - [386/960] Loss: 5.2725 Loss_contra: 0.0231
2026/03/25 20:09:15 - __main__ - INFO - 142 - trainer - [579/960] Loss: 5.3777 Loss_contra: 0.0214
2026/03/25 20:09:55 - __main__ - INFO - 142 - trainer - [772/960] Loss: 5.3474 Loss_contra: 0.0206
2026/03/25 20:10:35 - __main__ - INFO - 124 - trainer - Epoch: 54
2026/03/25 20:10:36 - __main__ - INFO - 142 - trainer - [0/960] Loss: 5.4188 Loss_contra: 0.0207
2026/03/25 20:11:17 - __main__ - INFO - 142 - trainer - [193/960] Loss: 5.3682 Loss_contra: 0.0205
2026/03/25 20:11:59 - __main__ - INFO - 142 - trainer - [386/960] Loss: 5.3759 Loss_contra: 0.0213
2026/03/25 20:12:40 - __main__ - INFO - 142 - trainer - [579/960] Loss: 5.4219 Loss_contra: 0.0215
2026/03/25 20:13:20 - __main__ - INFO - 142 - trainer - [772/960] Loss: 5.3181 Loss_contra: 0.0228
2026/03/25 20:14:01 - __main__ - INFO - 152 - trainer - start predicting: 2026-03-25 20:14:01.195837
2026/03/25 20:14:08 - __main__ - INFO - 124 - trainer - Epoch: 55
2026/03/25 20:14:08 - __main__ - INFO - 142 - trainer - [0/960] Loss: 5.3671 Loss_contra: 0.0234
2026/03/25 20:14:48 - __main__ - INFO - 142 - trainer - [193/960] Loss: 5.3946 Loss_contra: 0.0211
2026/03/25 20:15:30 - __main__ - INFO - 142 - trainer - [386/960] Loss: 5.2998 Loss_contra: 0.0215
2026/03/25 20:16:10 - __main__ - INFO - 142 - trainer - [579/960] Loss: 5.3617 Loss_contra: 0.0219
2026/03/25 20:16:50 - __main__ - INFO - 142 - trainer - [772/960] Loss: 5.3881 Loss_contra: 0.0206
2026/03/25 20:17:29 - __main__ - INFO - 124 - trainer - Epoch: 56
2026/03/25 20:17:30 - __main__ - INFO - 142 - trainer - [0/960] Loss: 5.3511 Loss_contra: 0.0207
2026/03/25 20:18:10 - __main__ - INFO - 142 - trainer - [193/960] Loss: 5.4231 Loss_contra: 0.0223
2026/03/25 20:18:51 - __main__ - INFO - 142 - trainer - [386/960] Loss: 5.3163 Loss_contra: 0.0212
2026/03/25 20:19:31 - __main__ - INFO - 142 - trainer - [579/960] Loss: 5.3935 Loss_contra: 0.0222
2026/03/25 20:20:11 - __main__ - INFO - 142 - trainer - [772/960] Loss: 5.3870 Loss_contra: 0.0221
2026/03/25 20:20:50 - __main__ - INFO - 152 - trainer - start predicting: 2026-03-25 20:20:50.900107
2026/03/25 20:20:57 - __main__ - INFO - 124 - trainer - Epoch: 57
2026/03/25 20:20:58 - __main__ - INFO - 142 - trainer - [0/960] Loss: 5.3096 Loss_contra: 0.0204
2026/03/25 20:21:39 - __main__ - INFO - 142 - trainer - [193/960] Loss: 5.3810 Loss_contra: 0.0209
2026/03/25 20:22:19 - __main__ - INFO - 142 - trainer - [386/960] Loss: 5.3959 Loss_contra: 0.0205
2026/03/25 20:23:01 - __main__ - INFO - 142 - trainer - [579/960] Loss: 5.4353 Loss_contra: 0.0210
2026/03/25 20:23:42 - __main__ - INFO - 142 - trainer - [772/960] Loss: 5.3171 Loss_contra: 0.0213
2026/03/25 20:24:22 - __main__ - INFO - 124 - trainer - Epoch: 58
2026/03/25 20:24:23 - __main__ - INFO - 142 - trainer - [0/960] Loss: 5.3327 Loss_contra: 0.0206
2026/03/25 20:25:04 - __main__ - INFO - 142 - trainer - [193/960] Loss: 5.3582 Loss_contra: 0.0207
2026/03/25 20:25:44 - __main__ - INFO - 142 - trainer - [386/960] Loss: 5.2147 Loss_contra: 0.0210
2026/03/25 20:26:26 - __main__ - INFO - 142 - trainer - [579/960] Loss: 5.3433 Loss_contra: 0.0215
2026/03/25 20:27:07 - __main__ - INFO - 142 - trainer - [772/960] Loss: 5.3278 Loss_contra: 0.0229
2026/03/25 20:27:48 - __main__ - INFO - 152 - trainer - start predicting: 2026-03-25 20:27:48.127193
2026/03/25 20:27:55 - __main__ - INFO - 124 - trainer - Epoch: 59
2026/03/25 20:27:55 - __main__ - INFO - 142 - trainer - [0/960] Loss: 5.3507 Loss_contra: 0.0214
2026/03/25 20:28:35 - __main__ - INFO - 142 - trainer - [193/960] Loss: 5.1857 Loss_contra: 0.0213
2026/03/25 20:29:15 - __main__ - INFO - 142 - trainer - [386/960] Loss: 5.3960 Loss_contra: 0.0217
2026/03/25 20:29:56 - __main__ - INFO - 142 - trainer - [579/960] Loss: 5.2665 Loss_contra: 0.0203
2026/03/25 20:30:38 - __main__ - INFO - 142 - trainer - [772/960] Loss: 5.3678 Loss_contra: 0.0205
2026/03/25 20:31:17 - __main__ - INFO - 124 - trainer - Epoch: 60
2026/03/25 20:31:17 - __main__ - INFO - 142 - trainer - [0/960] Loss: 5.3044 Loss_contra: 0.0202
2026/03/25 20:31:58 - __main__ - INFO - 142 - trainer - [193/960] Loss: 5.3399 Loss_contra: 0.0197
2026/03/25 20:32:38 - __main__ - INFO - 142 - trainer - [386/960] Loss: 5.2963 Loss_contra: 0.0201
2026/03/25 20:33:19 - __main__ - INFO - 142 - trainer - [579/960] Loss: 5.3635 Loss_contra: 0.0202
2026/03/25 20:34:01 - __main__ - INFO - 142 - trainer - [772/960] Loss: 5.3329 Loss_contra: 0.0199
2026/03/25 20:34:39 - __main__ - INFO - 152 - trainer - start predicting: 2026-03-25 20:34:39.730602
2026/03/25 20:34:46 - __main__ - INFO - 124 - trainer - Epoch: 61
2026/03/25 20:34:47 - __main__ - INFO - 142 - trainer - [0/960] Loss: 5.2870 Loss_contra: 0.0207
2026/03/25 20:35:26 - __main__ - INFO - 142 - trainer - [193/960] Loss: 5.4035 Loss_contra: 0.0197
2026/03/25 20:36:07 - __main__ - INFO - 142 - trainer - [386/960] Loss: 5.3426 Loss_contra: 0.0205
2026/03/25 20:36:49 - __main__ - INFO - 142 - trainer - [579/960] Loss: 5.2657 Loss_contra: 0.0201
2026/03/25 20:37:29 - __main__ - INFO - 142 - trainer - [772/960] Loss: 5.3159 Loss_contra: 0.0210
2026/03/25 20:38:09 - __main__ - INFO - 124 - trainer - Epoch: 62
2026/03/25 20:38:09 - __main__ - INFO - 142 - trainer - [0/960] Loss: 5.3194 Loss_contra: 0.0222
2026/03/25 20:38:50 - __main__ - INFO - 142 - trainer - [193/960] Loss: 5.2851 Loss_contra: 0.0193
2026/03/25 20:39:32 - __main__ - INFO - 142 - trainer - [386/960] Loss: 5.2890 Loss_contra: 0.0191
2026/03/25 20:40:12 - __main__ - INFO - 142 - trainer - [579/960] Loss: 5.2477 Loss_contra: 0.0198
2026/03/25 20:40:53 - __main__ - INFO - 142 - trainer - [772/960] Loss: 5.2701 Loss_contra: 0.0197
2026/03/25 20:41:33 - __main__ - INFO - 152 - trainer - start predicting: 2026-03-25 20:41:33.203926
2026/03/25 20:41:40 - __main__ - INFO - 124 - trainer - Epoch: 63
2026/03/25 20:41:40 - __main__ - INFO - 142 - trainer - [0/960] Loss: 5.2475 Loss_contra: 0.0190
2026/03/25 20:42:20 - __main__ - INFO - 142 - trainer - [193/960] Loss: 5.3206 Loss_contra: 0.0185
2026/03/25 20:43:00 - __main__ - INFO - 142 - trainer - [386/960] Loss: 5.2826 Loss_contra: 0.0188
2026/03/25 20:43:41 - __main__ - INFO - 142 - trainer - [579/960] Loss: 5.4406 Loss_contra: 0.0202
2026/03/25 20:44:22 - __main__ - INFO - 142 - trainer - [772/960] Loss: 5.3215 Loss_contra: 0.0208
2026/03/25 20:45:01 - __main__ - INFO - 124 - trainer - Epoch: 64
2026/03/25 20:45:01 - __main__ - INFO - 142 - trainer - [0/960] Loss: 5.2721 Loss_contra: 0.0199
2026/03/25 20:45:41 - __main__ - INFO - 142 - trainer - [193/960] Loss: 5.3820 Loss_contra: 0.0189
2026/03/25 20:46:22 - __main__ - INFO - 142 - trainer - [386/960] Loss: 5.4007 Loss_contra: 0.0202
2026/03/25 20:47:02 - __main__ - INFO - 142 - trainer - [579/960] Loss: 5.3563 Loss_contra: 0.0196
2026/03/25 20:47:42 - __main__ - INFO - 142 - trainer - [772/960] Loss: 5.2533 Loss_contra: 0.0205
2026/03/25 20:48:21 - __main__ - INFO - 152 - trainer - start predicting: 2026-03-25 20:48:21.455209
2026/03/25 20:48:28 - __main__ - INFO - 124 - trainer - Epoch: 65
2026/03/25 20:48:28 - __main__ - INFO - 142 - trainer - [0/960] Loss: 5.2913 Loss_contra: 0.0208
2026/03/25 20:49:10 - __main__ - INFO - 142 - trainer - [193/960] Loss: 5.3279 Loss_contra: 0.0197
2026/03/25 20:49:50 - __main__ - INFO - 142 - trainer - [386/960] Loss: 5.3290 Loss_contra: 0.0193
2026/03/25 20:50:32 - __main__ - INFO - 142 - trainer - [579/960] Loss: 5.2420 Loss_contra: 0.0199
2026/03/25 20:51:13 - __main__ - INFO - 142 - trainer - [772/960] Loss: 5.4092 Loss_contra: 0.0203
2026/03/25 20:51:54 - __main__ - INFO - 124 - trainer - Epoch: 66
2026/03/25 20:51:54 - __main__ - INFO - 142 - trainer - [0/960] Loss: 5.3286 Loss_contra: 0.0187
2026/03/25 20:52:34 - __main__ - INFO - 142 - trainer - [193/960] Loss: 5.2931 Loss_contra: 0.0192
2026/03/25 20:53:15 - __main__ - INFO - 142 - trainer - [386/960] Loss: 5.3056 Loss_contra: 0.0194
2026/03/25 20:53:57 - __main__ - INFO - 142 - trainer - [579/960] Loss: 5.2985 Loss_contra: 0.0212
2026/03/25 20:54:38 - __main__ - INFO - 142 - trainer - [772/960] Loss: 5.3190 Loss_contra: 0.0193
2026/03/25 20:55:18 - __main__ - INFO - 152 - trainer - start predicting: 2026-03-25 20:55:18.426311
2026/03/25 20:55:25 - __main__ - INFO - 124 - trainer - Epoch: 67
2026/03/25 20:55:25 - __main__ - INFO - 142 - trainer - [0/960] Loss: 5.2536 Loss_contra: 0.0203
2026/03/25 20:56:05 - __main__ - INFO - 142 - trainer - [193/960] Loss: 5.3018 Loss_contra: 0.0189
2026/03/25 20:56:45 - __main__ - INFO - 142 - trainer - [386/960] Loss: 5.3319 Loss_contra: 0.0193
2026/03/25 20:57:25 - __main__ - INFO - 142 - trainer - [579/960] Loss: 5.3588 Loss_contra: 0.0192
2026/03/25 20:58:05 - __main__ - INFO - 142 - trainer - [772/960] Loss: 5.3376 Loss_contra: 0.0196
2026/03/25 20:58:45 - __main__ - INFO - 124 - trainer - Epoch: 68
2026/03/25 20:58:45 - __main__ - INFO - 142 - trainer - [0/960] Loss: 5.3843 Loss_contra: 0.0191
2026/03/25 20:59:25 - __main__ - INFO - 142 - trainer - [193/960] Loss: 5.3338 Loss_contra: 0.0199
2026/03/25 21:00:05 - __main__ - INFO - 142 - trainer - [386/960] Loss: 5.2412 Loss_contra: 0.0210
2026/03/25 21:00:45 - __main__ - INFO - 142 - trainer - [579/960] Loss: 5.3986 Loss_contra: 0.0189
2026/03/25 21:01:26 - __main__ - INFO - 142 - trainer - [772/960] Loss: 5.3533 Loss_contra: 0.0187
2026/03/25 21:02:05 - __main__ - INFO - 152 - trainer - start predicting: 2026-03-25 21:02:05.210553
2026/03/25 21:02:12 - __main__ - INFO - 124 - trainer - Epoch: 69
2026/03/25 21:02:12 - __main__ - INFO - 142 - trainer - [0/960] Loss: 5.2578 Loss_contra: 0.0199
2026/03/25 21:02:52 - __main__ - INFO - 142 - trainer - [193/960] Loss: 5.2474 Loss_contra: 0.0202
2026/03/25 21:03:33 - __main__ - INFO - 142 - trainer - [386/960] Loss: 5.3326 Loss_contra: 0.0189
2026/03/25 21:04:13 - __main__ - INFO - 142 - trainer - [579/960] Loss: 5.2780 Loss_contra: 0.0198
2026/03/25 21:04:54 - __main__ - INFO - 142 - trainer - [772/960] Loss: 5.3536 Loss_contra: 0.0183
2026/03/25 21:05:34 - __main__ - INFO - 124 - trainer - Epoch: 70
2026/03/25 21:05:34 - __main__ - INFO - 142 - trainer - [0/960] Loss: 5.1793 Loss_contra: 0.0198
2026/03/25 21:06:15 - __main__ - INFO - 142 - trainer - [193/960] Loss: 5.2837 Loss_contra: 0.0186
2026/03/25 21:06:56 - __main__ - INFO - 142 - trainer - [386/960] Loss: 5.3016 Loss_contra: 0.0192
2026/03/25 21:07:37 - __main__ - INFO - 142 - trainer - [579/960] Loss: 5.3005 Loss_contra: 0.0181
2026/03/25 21:08:18 - __main__ - INFO - 142 - trainer - [772/960] Loss: 5.3148 Loss_contra: 0.0192
2026/03/25 21:08:58 - __main__ - INFO - 152 - trainer - start predicting: 2026-03-25 21:08:58.705340
2026/03/25 21:09:05 - __main__ - INFO - 124 - trainer - Epoch: 71
2026/03/25 21:09:06 - __main__ - INFO - 142 - trainer - [0/960] Loss: 5.3181 Loss_contra: 0.0194
2026/03/25 21:09:46 - __main__ - INFO - 142 - trainer - [193/960] Loss: 5.2069 Loss_contra: 0.0186
2026/03/25 21:10:26 - __main__ - INFO - 142 - trainer - [386/960] Loss: 5.3580 Loss_contra: 0.0199
2026/03/25 21:11:06 - __main__ - INFO - 142 - trainer - [579/960] Loss: 5.3109 Loss_contra: 0.0181
2026/03/25 21:11:47 - __main__ - INFO - 142 - trainer - [772/960] Loss: 5.3511 Loss_contra: 0.0178
2026/03/25 21:12:26 - __main__ - INFO - 124 - trainer - Epoch: 72
2026/03/25 21:12:26 - __main__ - INFO - 142 - trainer - [0/960] Loss: 5.2713 Loss_contra: 0.0192
2026/03/25 21:13:06 - __main__ - INFO - 142 - trainer - [193/960] Loss: 5.4209 Loss_contra: 0.0172
2026/03/25 21:13:46 - __main__ - INFO - 142 - trainer - [386/960] Loss: 5.3288 Loss_contra: 0.0190
2026/03/25 21:14:27 - __main__ - INFO - 142 - trainer - [579/960] Loss: 5.2918 Loss_contra: 0.0182
2026/03/25 21:15:07 - __main__ - INFO - 142 - trainer - [772/960] Loss: 5.3453 Loss_contra: 0.0183
2026/03/25 21:15:46 - __main__ - INFO - 152 - trainer - start predicting: 2026-03-25 21:15:46.459606
2026/03/25 21:15:53 - __main__ - INFO - 195 - trainer - {'Best_HR@5': 14.6235, 'Best_NDCG@5': 9.192, 'Best_HR@10': 23.838, 'Best_NDCG@10': 12.1617, 'Best_HR@20': 35.8295, 'Best_NDCG@20': 15.1886}
2026/03/25 21:15:53 - __main__ - INFO - 196 - trainer - {'Best_epoch_HR@5': 52, 'Best_epoch_NDCG@5': 52, 'Best_epoch_HR@10': 52, 'Best_epoch_NDCG@10': 52, 'Best_epoch_HR@20': 52, 'Best_epoch_NDCG@20': 52}
2026/03/25 21:16:00 - __main__ - INFO - 223 - trainer - Test------------------------------------------------------
2026/03/25 21:16:00 - __main__ - INFO - 225 - trainer - {'HR@5': 14.0699, 'NDCG@5': 9.2624, 'HR@10': 22.1198, 'NDCG@10': 11.849, 'HR@20': 33.3248, 'NDCG@20': 14.6701}
2026/03/25 21:16:00 - __main__ - INFO - 227 - trainer - Best Eval---------------------------------------------------------
2026/03/25 21:16:00 - __main__ - INFO - 230 - trainer - {'Best_HR@5': 14.6235, 'Best_NDCG@5': 9.192, 'Best_HR@10': 23.838, 'Best_NDCG@10': 12.1617, 'Best_HR@20': 35.8295, 'Best_NDCG@20': 15.1886}
2026/03/25 21:16:00 - __main__ - INFO - 231 - trainer - {'Best_epoch_HR@5': 52, 'Best_epoch_NDCG@5': 52, 'Best_epoch_HR@10': 52, 'Best_epoch_NDCG@10': 52, 'Best_epoch_HR@20': 52, 'Best_epoch_NDCG@20': 52}
