2026/03/26 13:31:35 - __main__ - INFO - 170 - main - Namespace(batch_size=1024, dataset='ml-1m', decay_step=100, description='Diffu_norm_score', device='cuda', diffusion_steps=32, diversity_measure=False, dropout=0.1, emb_dropout=0.3, epoch_time_avg=False, epochs=300, eval_interval=2, gamma=0.1, hidden_act='gelu', hidden_size=128, item_num=3706, lambda_contra=1.0, lambda_history=0.6, lambda_intent=0.4, log_file='log/', long_head=False, loss_lambda=0.001, lr=0.001, max_len=50, metric_ks=[5, 10, 20], momentum=None, noise_schedule='trunc_lin', num_blocks=4, num_cluster=32, num_gpu=1, num_hidden_layers=1, num_iter=20, optimizer='Adam', patience=10, random_seed=1997, rep_pad=False, rep_pad_delimiter=False, rep_pad_fixed_num=1, rep_pad_mode='rand_1_max', rescale_timesteps=True, schedule_sampler_name='lossaware', use_last_item_for_code=True, weight_decay=0)
2026/03/26 13:31:47 - __main__ - INFO - 124 - trainer - Epoch: 0
2026/03/26 13:31:50 - __main__ - INFO - 142 - trainer - [0/960] Loss: 44.7080 Loss_contra: 0.0111
2026/03/26 13:33:05 - __main__ - INFO - 142 - trainer - [193/960] Loss: 19.6186 Loss_contra: 3.0254
2026/03/26 13:34:30 - __main__ - INFO - 142 - trainer - [386/960] Loss: 12.8352 Loss_contra: 0.9286
2026/03/26 13:36:07 - __main__ - INFO - 142 - trainer - [579/960] Loss: 9.0346 Loss_contra: 0.0196
2026/03/26 13:37:29 - __main__ - INFO - 142 - trainer - [772/960] Loss: 8.5866 Loss_contra: 0.0483
2026/03/26 13:38:50 - __main__ - INFO - 124 - trainer - Epoch: 1
2026/03/26 13:38:50 - __main__ - INFO - 142 - trainer - [0/960] Loss: 8.1791 Loss_contra: 0.0819
2026/03/26 13:40:14 - __main__ - INFO - 142 - trainer - [193/960] Loss: 8.0156 Loss_contra: 0.0725
2026/03/26 13:41:43 - __main__ - INFO - 142 - trainer - [386/960] Loss: 7.8544 Loss_contra: 0.0888
2026/03/26 13:43:17 - __main__ - INFO - 142 - trainer - [579/960] Loss: 7.7432 Loss_contra: 0.0801
2026/03/26 13:44:41 - __main__ - INFO - 142 - trainer - [772/960] Loss: 7.5825 Loss_contra: 0.0815
2026/03/26 13:46:13 - __main__ - INFO - 124 - trainer - Epoch: 2
2026/03/26 13:46:14 - __main__ - INFO - 142 - trainer - [0/960] Loss: 7.4487 Loss_contra: 0.0984
2026/03/26 13:47:39 - __main__ - INFO - 142 - trainer - [193/960] Loss: 7.2778 Loss_contra: 0.0819
2026/03/26 13:49:15 - __main__ - INFO - 142 - trainer - [386/960] Loss: 7.2328 Loss_contra: 0.0991
2026/03/26 13:50:41 - __main__ - INFO - 142 - trainer - [579/960] Loss: 7.1490 Loss_contra: 0.1075
2026/03/26 13:52:13 - __main__ - INFO - 142 - trainer - [772/960] Loss: 6.9587 Loss_contra: 0.0857
2026/03/26 13:53:44 - __main__ - INFO - 152 - trainer - start predicting: 2026-03-26 13:53:44.430147
2026/03/26 13:53:59 - __main__ - INFO - 187 - trainer - {'Best_HR@5': 6.9101, 'Best_NDCG@5': 4.2157, 'Best_HR@10': 11.6565, 'Best_NDCG@10': 5.7402, 'Best_HR@20': 18.7456, 'Best_NDCG@20': 7.515}
2026/03/26 13:53:59 - __main__ - INFO - 188 - trainer - {'Best_epoch_HR@5': 2, 'Best_epoch_NDCG@5': 2, 'Best_epoch_HR@10': 2, 'Best_epoch_NDCG@10': 2, 'Best_epoch_HR@20': 2, 'Best_epoch_NDCG@20': 2}
2026/03/26 13:53:59 - __main__ - INFO - 124 - trainer - Epoch: 3
2026/03/26 13:53:59 - __main__ - INFO - 142 - trainer - [0/960] Loss: 7.0309 Loss_contra: 0.0884
2026/03/26 13:55:19 - __main__ - INFO - 142 - trainer - [193/960] Loss: 6.8301 Loss_contra: 0.0833
2026/03/26 13:56:50 - __main__ - INFO - 142 - trainer - [386/960] Loss: 6.8534 Loss_contra: 0.0898
2026/03/26 13:58:11 - __main__ - INFO - 142 - trainer - [579/960] Loss: 6.7628 Loss_contra: 0.0856
2026/03/26 13:59:40 - __main__ - INFO - 142 - trainer - [772/960] Loss: 6.7404 Loss_contra: 0.0873
2026/03/26 14:00:58 - __main__ - INFO - 124 - trainer - Epoch: 4
2026/03/26 14:00:58 - __main__ - INFO - 142 - trainer - [0/960] Loss: 6.5518 Loss_contra: 0.0926
2026/03/26 14:02:25 - __main__ - INFO - 142 - trainer - [193/960] Loss: 6.6031 Loss_contra: 0.0821
2026/03/26 14:03:59 - __main__ - INFO - 142 - trainer - [386/960] Loss: 6.4323 Loss_contra: 0.0832
2026/03/26 14:05:23 - __main__ - INFO - 142 - trainer - [579/960] Loss: 6.5654 Loss_contra: 0.0784
2026/03/26 14:06:58 - __main__ - INFO - 142 - trainer - [772/960] Loss: 6.5508 Loss_contra: 0.0876
2026/03/26 14:08:14 - __main__ - INFO - 152 - trainer - start predicting: 2026-03-26 14:08:14.846284
2026/03/26 14:08:28 - __main__ - INFO - 187 - trainer - {'Best_HR@5': 9.7842, 'Best_NDCG@5': 6.1485, 'Best_HR@10': 16.2241, 'Best_NDCG@10': 8.2085, 'Best_HR@20': 25.7263, 'Best_NDCG@20': 10.5979}
2026/03/26 14:08:28 - __main__ - INFO - 188 - trainer - {'Best_epoch_HR@5': 4, 'Best_epoch_NDCG@5': 4, 'Best_epoch_HR@10': 4, 'Best_epoch_NDCG@10': 4, 'Best_epoch_HR@20': 4, 'Best_epoch_NDCG@20': 4}
2026/03/26 14:08:28 - __main__ - INFO - 124 - trainer - Epoch: 5
2026/03/26 14:08:28 - __main__ - INFO - 142 - trainer - [0/960] Loss: 6.4906 Loss_contra: 0.0774
2026/03/26 14:10:00 - __main__ - INFO - 142 - trainer - [193/960] Loss: 6.3857 Loss_contra: 0.0882
2026/03/26 14:11:29 - __main__ - INFO - 142 - trainer - [386/960] Loss: 6.4251 Loss_contra: 0.0824
2026/03/26 14:12:57 - __main__ - INFO - 142 - trainer - [579/960] Loss: 6.3875 Loss_contra: 0.0757
2026/03/26 14:14:24 - __main__ - INFO - 142 - trainer - [772/960] Loss: 6.3523 Loss_contra: 0.0774
2026/03/26 14:15:47 - __main__ - INFO - 124 - trainer - Epoch: 6
2026/03/26 14:15:48 - __main__ - INFO - 142 - trainer - [0/960] Loss: 6.3503 Loss_contra: 0.0824
2026/03/26 14:17:26 - __main__ - INFO - 142 - trainer - [193/960] Loss: 6.2500 Loss_contra: 0.0790
2026/03/26 14:18:54 - __main__ - INFO - 142 - trainer - [386/960] Loss: 6.2419 Loss_contra: 0.0752
2026/03/26 14:20:34 - __main__ - INFO - 142 - trainer - [579/960] Loss: 6.2370 Loss_contra: 0.0789
2026/03/26 14:22:02 - __main__ - INFO - 142 - trainer - [772/960] Loss: 6.1517 Loss_contra: 0.0720
2026/03/26 14:23:24 - __main__ - INFO - 152 - trainer - start predicting: 2026-03-26 14:23:24.353348
2026/03/26 14:23:37 - __main__ - INFO - 187 - trainer - {'Best_HR@5': 11.2281, 'Best_NDCG@5': 7.1469, 'Best_HR@10': 18.6931, 'Best_NDCG@10': 9.548, 'Best_HR@20': 29.0617, 'Best_NDCG@20': 12.1648}
2026/03/26 14:23:37 - __main__ - INFO - 188 - trainer - {'Best_epoch_HR@5': 6, 'Best_epoch_NDCG@5': 6, 'Best_epoch_HR@10': 6, 'Best_epoch_NDCG@10': 6, 'Best_epoch_HR@20': 6, 'Best_epoch_NDCG@20': 6}
2026/03/26 14:23:37 - __main__ - INFO - 124 - trainer - Epoch: 7
2026/03/26 14:23:37 - __main__ - INFO - 142 - trainer - [0/960] Loss: 6.1607 Loss_contra: 0.0729
2026/03/26 14:25:12 - __main__ - INFO - 142 - trainer - [193/960] Loss: 6.1395 Loss_contra: 0.0716
2026/03/26 14:26:35 - __main__ - INFO - 142 - trainer - [386/960] Loss: 6.1578 Loss_contra: 0.0735
2026/03/26 14:28:10 - __main__ - INFO - 142 - trainer - [579/960] Loss: 6.0670 Loss_contra: 0.0744
2026/03/26 14:29:28 - __main__ - INFO - 142 - trainer - [772/960] Loss: 6.2265 Loss_contra: 0.0718
2026/03/26 14:30:53 - __main__ - INFO - 124 - trainer - Epoch: 8
2026/03/26 14:30:54 - __main__ - INFO - 142 - trainer - [0/960] Loss: 6.0911 Loss_contra: 0.0713
2026/03/26 14:32:20 - __main__ - INFO - 142 - trainer - [193/960] Loss: 6.0155 Loss_contra: 0.0698
2026/03/26 14:33:51 - __main__ - INFO - 142 - trainer - [386/960] Loss: 6.0291 Loss_contra: 0.0679
2026/03/26 14:35:26 - __main__ - INFO - 142 - trainer - [579/960] Loss: 6.0798 Loss_contra: 0.0634
2026/03/26 14:36:54 - __main__ - INFO - 142 - trainer - [772/960] Loss: 6.0607 Loss_contra: 0.0644
2026/03/26 14:38:25 - __main__ - INFO - 152 - trainer - start predicting: 2026-03-26 14:38:25.947748
2026/03/26 14:38:40 - __main__ - INFO - 187 - trainer - {'Best_HR@5': 11.666, 'Best_NDCG@5': 7.396, 'Best_HR@10': 19.8981, 'Best_NDCG@10': 10.0295, 'Best_HR@20': 30.3787, 'Best_NDCG@20': 12.6803}
2026/03/26 14:38:40 - __main__ - INFO - 188 - trainer - {'Best_epoch_HR@5': 8, 'Best_epoch_NDCG@5': 8, 'Best_epoch_HR@10': 8, 'Best_epoch_NDCG@10': 8, 'Best_epoch_HR@20': 8, 'Best_epoch_NDCG@20': 8}
2026/03/26 14:38:40 - __main__ - INFO - 124 - trainer - Epoch: 9
2026/03/26 14:38:41 - __main__ - INFO - 142 - trainer - [0/960] Loss: 5.9944 Loss_contra: 0.0663
2026/03/26 14:40:05 - __main__ - INFO - 142 - trainer - [193/960] Loss: 6.0227 Loss_contra: 0.0611
2026/03/26 14:41:35 - __main__ - INFO - 142 - trainer - [386/960] Loss: 5.9663 Loss_contra: 0.0659
2026/03/26 14:43:06 - __main__ - INFO - 142 - trainer - [579/960] Loss: 5.9598 Loss_contra: 0.0623
2026/03/26 14:44:40 - __main__ - INFO - 142 - trainer - [772/960] Loss: 5.8564 Loss_contra: 0.0644
2026/03/26 14:46:12 - __main__ - INFO - 124 - trainer - Epoch: 10
2026/03/26 14:46:13 - __main__ - INFO - 142 - trainer - [0/960] Loss: 5.9900 Loss_contra: 0.0626
2026/03/26 14:47:37 - __main__ - INFO - 142 - trainer - [193/960] Loss: 5.9129 Loss_contra: 0.0543
2026/03/26 14:49:11 - __main__ - INFO - 142 - trainer - [386/960] Loss: 5.9389 Loss_contra: 0.0593
2026/03/26 14:50:33 - __main__ - INFO - 142 - trainer - [579/960] Loss: 5.9662 Loss_contra: 0.0555
2026/03/26 14:52:08 - __main__ - INFO - 142 - trainer - [772/960] Loss: 5.9653 Loss_contra: 0.0620
2026/03/26 14:53:33 - __main__ - INFO - 152 - trainer - start predicting: 2026-03-26 14:53:33.896883
2026/03/26 14:53:47 - __main__ - INFO - 187 - trainer - {'Best_HR@5': 12.505, 'Best_NDCG@5': 8.0425, 'Best_HR@10': 21.1606, 'Best_NDCG@10': 10.8239, 'Best_HR@20': 32.1807, 'Best_NDCG@20': 13.6126}
2026/03/26 14:53:47 - __main__ - INFO - 188 - trainer - {'Best_epoch_HR@5': 10, 'Best_epoch_NDCG@5': 10, 'Best_epoch_HR@10': 10, 'Best_epoch_NDCG@10': 10, 'Best_epoch_HR@20': 10, 'Best_epoch_NDCG@20': 10}
2026/03/26 14:53:47 - __main__ - INFO - 124 - trainer - Epoch: 11
2026/03/26 14:53:48 - __main__ - INFO - 142 - trainer - [0/960] Loss: 5.8268 Loss_contra: 0.0626
2026/03/26 14:55:17 - __main__ - INFO - 142 - trainer - [193/960] Loss: 5.8954 Loss_contra: 0.0589
2026/03/26 14:56:56 - __main__ - INFO - 142 - trainer - [386/960] Loss: 5.9280 Loss_contra: 0.0604
2026/03/26 14:58:28 - __main__ - INFO - 142 - trainer - [579/960] Loss: 5.8248 Loss_contra: 0.0570
2026/03/26 15:00:02 - __main__ - INFO - 142 - trainer - [772/960] Loss: 5.8830 Loss_contra: 0.0531
2026/03/26 15:01:26 - __main__ - INFO - 124 - trainer - Epoch: 12
2026/03/26 15:01:27 - __main__ - INFO - 142 - trainer - [0/960] Loss: 5.8142 Loss_contra: 0.0579
2026/03/26 15:03:08 - __main__ - INFO - 142 - trainer - [193/960] Loss: 5.7754 Loss_contra: 0.0529
2026/03/26 15:04:42 - __main__ - INFO - 142 - trainer - [386/960] Loss: 5.7324 Loss_contra: 0.0569
2026/03/26 15:06:08 - __main__ - INFO - 142 - trainer - [579/960] Loss: 5.9279 Loss_contra: 0.0517
2026/03/26 15:07:40 - __main__ - INFO - 142 - trainer - [772/960] Loss: 5.8156 Loss_contra: 0.0536
2026/03/26 15:09:05 - __main__ - INFO - 152 - trainer - start predicting: 2026-03-26 15:09:05.686476
2026/03/26 15:09:19 - __main__ - INFO - 187 - trainer - {'Best_HR@5': 13.3012, 'Best_NDCG@5': 8.2157, 'Best_HR@10': 21.5241, 'Best_NDCG@10': 10.8525, 'Best_HR@20': 32.8299, 'Best_NDCG@20': 13.7054}
2026/03/26 15:09:19 - __main__ - INFO - 188 - trainer - {'Best_epoch_HR@5': 12, 'Best_epoch_NDCG@5': 12, 'Best_epoch_HR@10': 12, 'Best_epoch_NDCG@10': 12, 'Best_epoch_HR@20': 12, 'Best_epoch_NDCG@20': 12}
2026/03/26 15:09:19 - __main__ - INFO - 124 - trainer - Epoch: 13
2026/03/26 15:09:19 - __main__ - INFO - 142 - trainer - [0/960] Loss: 5.9548 Loss_contra: 0.0565
2026/03/26 15:10:59 - __main__ - INFO - 142 - trainer - [193/960] Loss: 5.8939 Loss_contra: 0.0545
2026/03/26 15:12:32 - __main__ - INFO - 142 - trainer - [386/960] Loss: 5.8215 Loss_contra: 0.0576
2026/03/26 15:14:05 - __main__ - INFO - 142 - trainer - [579/960] Loss: 5.7779 Loss_contra: 0.0519
2026/03/26 15:15:37 - __main__ - INFO - 142 - trainer - [772/960] Loss: 5.8967 Loss_contra: 0.0490
2026/03/26 15:17:01 - __main__ - INFO - 124 - trainer - Epoch: 14
2026/03/26 15:17:02 - __main__ - INFO - 142 - trainer - [0/960] Loss: 5.7181 Loss_contra: 0.0531
2026/03/26 15:18:37 - __main__ - INFO - 142 - trainer - [193/960] Loss: 5.7414 Loss_contra: 0.0524
2026/03/26 15:19:52 - __main__ - INFO - 142 - trainer - [386/960] Loss: 5.7245 Loss_contra: 0.0518
2026/03/26 15:21:22 - __main__ - INFO - 142 - trainer - [579/960] Loss: 5.7748 Loss_contra: 0.0473
2026/03/26 15:22:50 - __main__ - INFO - 142 - trainer - [772/960] Loss: 5.8270 Loss_contra: 0.0489
2026/03/26 15:24:26 - __main__ - INFO - 152 - trainer - start predicting: 2026-03-26 15:24:26.211132
2026/03/26 15:24:39 - __main__ - INFO - 187 - trainer - {'Best_HR@5': 13.3012, 'Best_NDCG@5': 8.2404, 'Best_HR@10': 21.7882, 'Best_NDCG@10': 11.0696, 'Best_HR@20': 33.4754, 'Best_NDCG@20': 14.013}
2026/03/26 15:24:39 - __main__ - INFO - 188 - trainer - {'Best_epoch_HR@5': 12, 'Best_epoch_NDCG@5': 14, 'Best_epoch_HR@10': 14, 'Best_epoch_NDCG@10': 14, 'Best_epoch_HR@20': 14, 'Best_epoch_NDCG@20': 14}
2026/03/26 15:24:40 - __main__ - INFO - 124 - trainer - Epoch: 15
2026/03/26 15:24:40 - __main__ - INFO - 142 - trainer - [0/960] Loss: 5.7305 Loss_contra: 0.0484
2026/03/26 15:26:19 - __main__ - INFO - 142 - trainer - [193/960] Loss: 5.6868 Loss_contra: 0.0465
2026/03/26 15:27:50 - __main__ - INFO - 142 - trainer - [386/960] Loss: 5.7353 Loss_contra: 0.0502
2026/03/26 15:29:29 - __main__ - INFO - 142 - trainer - [579/960] Loss: 5.7312 Loss_contra: 0.0481
2026/03/26 15:30:53 - __main__ - INFO - 142 - trainer - [772/960] Loss: 5.7950 Loss_contra: 0.0474
2026/03/26 15:32:15 - __main__ - INFO - 124 - trainer - Epoch: 16
2026/03/26 15:32:16 - __main__ - INFO - 142 - trainer - [0/960] Loss: 5.7161 Loss_contra: 0.0453
2026/03/26 15:33:50 - __main__ - INFO - 142 - trainer - [193/960] Loss: 5.7015 Loss_contra: 0.0466
2026/03/26 15:35:26 - __main__ - INFO - 142 - trainer - [386/960] Loss: 5.8007 Loss_contra: 0.0452
2026/03/26 15:37:06 - __main__ - INFO - 142 - trainer - [579/960] Loss: 5.6629 Loss_contra: 0.0479
2026/03/26 15:38:34 - __main__ - INFO - 142 - trainer - [772/960] Loss: 5.6425 Loss_contra: 0.0473
2026/03/26 15:40:11 - __main__ - INFO - 152 - trainer - start predicting: 2026-03-26 15:40:11.161538
2026/03/26 15:40:24 - __main__ - INFO - 187 - trainer - {'Best_HR@5': 13.355, 'Best_NDCG@5': 8.5571, 'Best_HR@10': 21.7882, 'Best_NDCG@10': 11.2259, 'Best_HR@20': 33.4754, 'Best_NDCG@20': 14.1422}
2026/03/26 15:40:24 - __main__ - INFO - 188 - trainer - {'Best_epoch_HR@5': 16, 'Best_epoch_NDCG@5': 16, 'Best_epoch_HR@10': 14, 'Best_epoch_NDCG@10': 16, 'Best_epoch_HR@20': 14, 'Best_epoch_NDCG@20': 16}
2026/03/26 15:40:24 - __main__ - INFO - 124 - trainer - Epoch: 17
2026/03/26 15:40:25 - __main__ - INFO - 142 - trainer - [0/960] Loss: 5.6674 Loss_contra: 0.0470
2026/03/26 15:41:59 - __main__ - INFO - 142 - trainer - [193/960] Loss: 5.6954 Loss_contra: 0.0449
2026/03/26 15:43:36 - __main__ - INFO - 142 - trainer - [386/960] Loss: 5.7132 Loss_contra: 0.0416
2026/03/26 15:45:18 - __main__ - INFO - 142 - trainer - [579/960] Loss: 5.6967 Loss_contra: 0.0458
2026/03/26 15:46:52 - __main__ - INFO - 142 - trainer - [772/960] Loss: 5.6655 Loss_contra: 0.0463
2026/03/26 15:48:25 - __main__ - INFO - 124 - trainer - Epoch: 18
2026/03/26 15:48:25 - __main__ - INFO - 142 - trainer - [0/960] Loss: 5.7453 Loss_contra: 0.0444
2026/03/26 15:50:01 - __main__ - INFO - 142 - trainer - [193/960] Loss: 5.7364 Loss_contra: 0.0445
2026/03/26 15:51:44 - __main__ - INFO - 142 - trainer - [386/960] Loss: 5.6180 Loss_contra: 0.0437
2026/03/26 15:53:33 - __main__ - INFO - 142 - trainer - [579/960] Loss: 5.6271 Loss_contra: 0.0489
2026/03/26 15:55:14 - __main__ - INFO - 142 - trainer - [772/960] Loss: 5.7569 Loss_contra: 0.0464
2026/03/26 15:56:58 - __main__ - INFO - 152 - trainer - start predicting: 2026-03-26 15:56:58.486150
2026/03/26 15:57:12 - __main__ - INFO - 187 - trainer - {'Best_HR@5': 13.7133, 'Best_NDCG@5': 8.689, 'Best_HR@10': 22.6656, 'Best_NDCG@10': 11.5652, 'Best_HR@20': 33.5316, 'Best_NDCG@20': 14.3048}
2026/03/26 15:57:12 - __main__ - INFO - 188 - trainer - {'Best_epoch_HR@5': 18, 'Best_epoch_NDCG@5': 18, 'Best_epoch_HR@10': 18, 'Best_epoch_NDCG@10': 18, 'Best_epoch_HR@20': 18, 'Best_epoch_NDCG@20': 18}
2026/03/26 15:57:12 - __main__ - INFO - 124 - trainer - Epoch: 19
2026/03/26 15:57:12 - __main__ - INFO - 142 - trainer - [0/960] Loss: 5.7353 Loss_contra: 0.0455
2026/03/26 15:58:52 - __main__ - INFO - 142 - trainer - [193/960] Loss: 5.6717 Loss_contra: 0.0405
2026/03/26 16:00:37 - __main__ - INFO - 142 - trainer - [386/960] Loss: 5.6538 Loss_contra: 0.0436
2026/03/26 16:02:18 - __main__ - INFO - 142 - trainer - [579/960] Loss: 5.7073 Loss_contra: 0.0386
2026/03/26 16:03:47 - __main__ - INFO - 142 - trainer - [772/960] Loss: 5.6395 Loss_contra: 0.0414
2026/03/26 16:05:20 - __main__ - INFO - 124 - trainer - Epoch: 20
2026/03/26 16:05:21 - __main__ - INFO - 142 - trainer - [0/960] Loss: 5.5795 Loss_contra: 0.0406
2026/03/26 16:06:40 - __main__ - INFO - 142 - trainer - [193/960] Loss: 5.5822 Loss_contra: 0.0433
2026/03/26 16:08:12 - __main__ - INFO - 142 - trainer - [386/960] Loss: 5.6248 Loss_contra: 0.0380
2026/03/26 16:09:52 - __main__ - INFO - 142 - trainer - [579/960] Loss: 5.6137 Loss_contra: 0.0399
2026/03/26 16:11:23 - __main__ - INFO - 142 - trainer - [772/960] Loss: 5.6641 Loss_contra: 0.0371
2026/03/26 16:13:01 - __main__ - INFO - 152 - trainer - start predicting: 2026-03-26 16:13:01.779196
2026/03/26 16:13:15 - __main__ - INFO - 187 - trainer - {'Best_HR@5': 13.8058, 'Best_NDCG@5': 8.689, 'Best_HR@10': 22.6656, 'Best_NDCG@10': 11.5652, 'Best_HR@20': 33.9803, 'Best_NDCG@20': 14.3048}
2026/03/26 16:13:15 - __main__ - INFO - 188 - trainer - {'Best_epoch_HR@5': 20, 'Best_epoch_NDCG@5': 18, 'Best_epoch_HR@10': 18, 'Best_epoch_NDCG@10': 18, 'Best_epoch_HR@20': 20, 'Best_epoch_NDCG@20': 18}
2026/03/26 16:13:15 - __main__ - INFO - 124 - trainer - Epoch: 21
2026/03/26 16:13:16 - __main__ - INFO - 142 - trainer - [0/960] Loss: 5.5889 Loss_contra: 0.0398
2026/03/26 16:14:46 - __main__ - INFO - 142 - trainer - [193/960] Loss: 5.6470 Loss_contra: 0.0389
2026/03/26 16:16:23 - __main__ - INFO - 142 - trainer - [386/960] Loss: 5.5691 Loss_contra: 0.0388
2026/03/26 16:17:55 - __main__ - INFO - 142 - trainer - [579/960] Loss: 5.6876 Loss_contra: 0.0405
2026/03/26 16:19:18 - __main__ - INFO - 142 - trainer - [772/960] Loss: 5.6139 Loss_contra: 0.0378
2026/03/26 16:20:40 - __main__ - INFO - 124 - trainer - Epoch: 22
2026/03/26 16:20:41 - __main__ - INFO - 142 - trainer - [0/960] Loss: 5.5076 Loss_contra: 0.0375
2026/03/26 16:22:08 - __main__ - INFO - 142 - trainer - [193/960] Loss: 5.6396 Loss_contra: 0.0375
2026/03/26 16:23:44 - __main__ - INFO - 142 - trainer - [386/960] Loss: 5.5037 Loss_contra: 0.0368
2026/03/26 16:25:09 - __main__ - INFO - 142 - trainer - [579/960] Loss: 5.5014 Loss_contra: 0.0426
2026/03/26 16:26:43 - __main__ - INFO - 142 - trainer - [772/960] Loss: 5.5960 Loss_contra: 0.0360
2026/03/26 16:28:11 - __main__ - INFO - 152 - trainer - start predicting: 2026-03-26 16:28:11.159404
2026/03/26 16:28:27 - __main__ - INFO - 187 - trainer - {'Best_HR@5': 13.8058, 'Best_NDCG@5': 8.7578, 'Best_HR@10': 22.7666, 'Best_NDCG@10': 11.726, 'Best_HR@20': 34.2447, 'Best_NDCG@20': 14.616}
2026/03/26 16:28:27 - __main__ - INFO - 188 - trainer - {'Best_epoch_HR@5': 20, 'Best_epoch_NDCG@5': 22, 'Best_epoch_HR@10': 22, 'Best_epoch_NDCG@10': 22, 'Best_epoch_HR@20': 22, 'Best_epoch_NDCG@20': 22}
2026/03/26 16:28:27 - __main__ - INFO - 124 - trainer - Epoch: 23
2026/03/26 16:28:27 - __main__ - INFO - 142 - trainer - [0/960] Loss: 5.6767 Loss_contra: 0.0400
2026/03/26 16:29:52 - __main__ - INFO - 142 - trainer - [193/960] Loss: 5.6204 Loss_contra: 0.0361
2026/03/26 16:31:27 - __main__ - INFO - 142 - trainer - [386/960] Loss: 5.5313 Loss_contra: 0.0361
2026/03/26 16:32:54 - __main__ - INFO - 142 - trainer - [579/960] Loss: 5.6088 Loss_contra: 0.0390
2026/03/26 16:34:19 - __main__ - INFO - 142 - trainer - [772/960] Loss: 5.4893 Loss_contra: 0.0370
2026/03/26 16:35:48 - __main__ - INFO - 124 - trainer - Epoch: 24
2026/03/26 16:35:48 - __main__ - INFO - 142 - trainer - [0/960] Loss: 5.5156 Loss_contra: 0.0355
2026/03/26 16:37:23 - __main__ - INFO - 142 - trainer - [193/960] Loss: 5.6310 Loss_contra: 0.0370
2026/03/26 16:38:57 - __main__ - INFO - 142 - trainer - [386/960] Loss: 5.5392 Loss_contra: 0.0343
2026/03/26 16:40:22 - __main__ - INFO - 142 - trainer - [579/960] Loss: 5.5410 Loss_contra: 0.0347
2026/03/26 16:41:55 - __main__ - INFO - 142 - trainer - [772/960] Loss: 5.6503 Loss_contra: 0.0351
2026/03/26 16:43:16 - __main__ - INFO - 152 - trainer - start predicting: 2026-03-26 16:43:16.840915
2026/03/26 16:43:30 - __main__ - INFO - 187 - trainer - {'Best_HR@5': 13.9071, 'Best_NDCG@5': 8.7578, 'Best_HR@10': 22.868, 'Best_NDCG@10': 11.726, 'Best_HR@20': 34.2447, 'Best_NDCG@20': 14.616}
2026/03/26 16:43:30 - __main__ - INFO - 188 - trainer - {'Best_epoch_HR@5': 24, 'Best_epoch_NDCG@5': 22, 'Best_epoch_HR@10': 24, 'Best_epoch_NDCG@10': 22, 'Best_epoch_HR@20': 22, 'Best_epoch_NDCG@20': 22}
2026/03/26 16:43:30 - __main__ - INFO - 124 - trainer - Epoch: 25
2026/03/26 16:43:30 - __main__ - INFO - 142 - trainer - [0/960] Loss: 5.4938 Loss_contra: 0.0343
2026/03/26 16:45:05 - __main__ - INFO - 142 - trainer - [193/960] Loss: 5.4929 Loss_contra: 0.0351
2026/03/26 16:46:32 - __main__ - INFO - 142 - trainer - [386/960] Loss: 5.5519 Loss_contra: 0.0346
2026/03/26 16:48:02 - __main__ - INFO - 142 - trainer - [579/960] Loss: 5.4981 Loss_contra: 0.0345
2026/03/26 16:49:37 - __main__ - INFO - 142 - trainer - [772/960] Loss: 5.5039 Loss_contra: 0.0353
2026/03/26 16:50:59 - __main__ - INFO - 124 - trainer - Epoch: 26
2026/03/26 16:51:00 - __main__ - INFO - 142 - trainer - [0/960] Loss: 5.5207 Loss_contra: 0.0359
2026/03/26 16:52:34 - __main__ - INFO - 142 - trainer - [193/960] Loss: 5.5601 Loss_contra: 0.0329
2026/03/26 16:53:51 - __main__ - INFO - 142 - trainer - [386/960] Loss: 5.5953 Loss_contra: 0.0331
2026/03/26 16:55:26 - __main__ - INFO - 142 - trainer - [579/960] Loss: 5.7028 Loss_contra: 0.0341
2026/03/26 16:56:53 - __main__ - INFO - 142 - trainer - [772/960] Loss: 5.5621 Loss_contra: 0.0340
2026/03/26 16:58:22 - __main__ - INFO - 152 - trainer - start predicting: 2026-03-26 16:58:22.208062
2026/03/26 16:58:35 - __main__ - INFO - 187 - trainer - {'Best_HR@5': 14.0754, 'Best_NDCG@5': 8.9009, 'Best_HR@10': 23.2518, 'Best_NDCG@10': 11.8433, 'Best_HR@20': 34.7983, 'Best_NDCG@20': 14.7589}
2026/03/26 16:58:35 - __main__ - INFO - 188 - trainer - {'Best_epoch_HR@5': 26, 'Best_epoch_NDCG@5': 26, 'Best_epoch_HR@10': 26, 'Best_epoch_NDCG@10': 26, 'Best_epoch_HR@20': 26, 'Best_epoch_NDCG@20': 26}
2026/03/26 16:58:35 - __main__ - INFO - 124 - trainer - Epoch: 27
2026/03/26 16:58:36 - __main__ - INFO - 142 - trainer - [0/960] Loss: 5.5063 Loss_contra: 0.0351
2026/03/26 17:00:09 - __main__ - INFO - 142 - trainer - [193/960] Loss: 5.5391 Loss_contra: 0.0324
2026/03/26 17:01:33 - __main__ - INFO - 142 - trainer - [386/960] Loss: 5.5089 Loss_contra: 0.0323
2026/03/26 17:03:06 - __main__ - INFO - 142 - trainer - [579/960] Loss: 5.5205 Loss_contra: 0.0322
2026/03/26 17:04:30 - __main__ - INFO - 142 - trainer - [772/960] Loss: 5.5106 Loss_contra: 0.0342
2026/03/26 17:06:02 - __main__ - INFO - 124 - trainer - Epoch: 28
2026/03/26 17:06:02 - __main__ - INFO - 142 - trainer - [0/960] Loss: 5.5664 Loss_contra: 0.0318
2026/03/26 17:07:17 - __main__ - INFO - 142 - trainer - [193/960] Loss: 5.5552 Loss_contra: 0.0336
2026/03/26 17:08:41 - __main__ - INFO - 142 - trainer - [386/960] Loss: 5.5166 Loss_contra: 0.0320
2026/03/26 17:10:19 - __main__ - INFO - 142 - trainer - [579/960] Loss: 5.5726 Loss_contra: 0.0311
2026/03/26 17:11:50 - __main__ - INFO - 142 - trainer - [772/960] Loss: 5.5226 Loss_contra: 0.0339
2026/03/26 17:13:27 - __main__ - INFO - 152 - trainer - start predicting: 2026-03-26 17:13:27.166397
2026/03/26 17:13:40 - __main__ - INFO - 124 - trainer - Epoch: 29
2026/03/26 17:13:41 - __main__ - INFO - 142 - trainer - [0/960] Loss: 5.5061 Loss_contra: 0.0306
2026/03/26 17:15:03 - __main__ - INFO - 142 - trainer - [193/960] Loss: 5.4989 Loss_contra: 0.0313
2026/03/26 17:16:37 - __main__ - INFO - 142 - trainer - [386/960] Loss: 5.5560 Loss_contra: 0.0302
2026/03/26 17:17:53 - __main__ - INFO - 142 - trainer - [579/960] Loss: 5.3913 Loss_contra: 0.0326
2026/03/26 17:19:16 - __main__ - INFO - 142 - trainer - [772/960] Loss: 5.5514 Loss_contra: 0.0311
2026/03/26 17:20:44 - __main__ - INFO - 124 - trainer - Epoch: 30
2026/03/26 17:20:44 - __main__ - INFO - 142 - trainer - [0/960] Loss: 5.4250 Loss_contra: 0.0314
2026/03/26 17:22:10 - __main__ - INFO - 142 - trainer - [193/960] Loss: 5.5581 Loss_contra: 0.0302
2026/03/26 17:23:43 - __main__ - INFO - 142 - trainer - [386/960] Loss: 5.5514 Loss_contra: 0.0284
2026/03/26 17:25:06 - __main__ - INFO - 142 - trainer - [579/960] Loss: 5.5071 Loss_contra: 0.0299
2026/03/26 17:26:40 - __main__ - INFO - 142 - trainer - [772/960] Loss: 5.4690 Loss_contra: 0.0320
2026/03/26 17:28:00 - __main__ - INFO - 152 - trainer - start predicting: 2026-03-26 17:28:00.708932
2026/03/26 17:28:14 - __main__ - INFO - 187 - trainer - {'Best_HR@5': 14.0769, 'Best_NDCG@5': 8.9978, 'Best_HR@10': 23.2518, 'Best_NDCG@10': 11.847, 'Best_HR@20': 34.7983, 'Best_NDCG@20': 14.8325}
2026/03/26 17:28:14 - __main__ - INFO - 188 - trainer - {'Best_epoch_HR@5': 30, 'Best_epoch_NDCG@5': 30, 'Best_epoch_HR@10': 26, 'Best_epoch_NDCG@10': 30, 'Best_epoch_HR@20': 26, 'Best_epoch_NDCG@20': 30}
2026/03/26 17:28:14 - __main__ - INFO - 124 - trainer - Epoch: 31
2026/03/26 17:28:15 - __main__ - INFO - 142 - trainer - [0/960] Loss: 5.5842 Loss_contra: 0.0292
2026/03/26 17:29:47 - __main__ - INFO - 142 - trainer - [193/960] Loss: 5.5163 Loss_contra: 0.0319
2026/03/26 17:31:19 - __main__ - INFO - 142 - trainer - [386/960] Loss: 5.5438 Loss_contra: 0.0324
2026/03/26 17:32:47 - __main__ - INFO - 142 - trainer - [579/960] Loss: 5.5247 Loss_contra: 0.0291
2026/03/26 17:34:08 - __main__ - INFO - 142 - trainer - [772/960] Loss: 5.5252 Loss_contra: 0.0307
2026/03/26 17:35:26 - __main__ - INFO - 124 - trainer - Epoch: 32
2026/03/26 17:35:26 - __main__ - INFO - 142 - trainer - [0/960] Loss: 5.4730 Loss_contra: 0.0303
2026/03/26 17:36:59 - __main__ - INFO - 142 - trainer - [193/960] Loss: 5.5086 Loss_contra: 0.0310
2026/03/26 17:38:23 - __main__ - INFO - 142 - trainer - [386/960] Loss: 5.4931 Loss_contra: 0.0303
2026/03/26 17:39:57 - __main__ - INFO - 142 - trainer - [579/960] Loss: 5.4263 Loss_contra: 0.0316
2026/03/26 17:41:26 - __main__ - INFO - 142 - trainer - [772/960] Loss: 5.4948 Loss_contra: 0.0303
2026/03/26 17:42:53 - __main__ - INFO - 152 - trainer - start predicting: 2026-03-26 17:42:53.648285
2026/03/26 17:43:06 - __main__ - INFO - 124 - trainer - Epoch: 33
2026/03/26 17:43:07 - __main__ - INFO - 142 - trainer - [0/960] Loss: 5.5709 Loss_contra: 0.0293
2026/03/26 17:44:40 - __main__ - INFO - 142 - trainer - [193/960] Loss: 5.5337 Loss_contra: 0.0308
2026/03/26 17:46:03 - __main__ - INFO - 142 - trainer - [386/960] Loss: 5.4138 Loss_contra: 0.0294
2026/03/26 17:47:29 - __main__ - INFO - 142 - trainer - [579/960] Loss: 5.4388 Loss_contra: 0.0286
2026/03/26 17:48:40 - __main__ - INFO - 142 - trainer - [772/960] Loss: 5.4256 Loss_contra: 0.0295
2026/03/26 17:50:11 - __main__ - INFO - 124 - trainer - Epoch: 34
2026/03/26 17:50:12 - __main__ - INFO - 142 - trainer - [0/960] Loss: 5.4439 Loss_contra: 0.0298
2026/03/26 17:51:36 - __main__ - INFO - 142 - trainer - [193/960] Loss: 5.4746 Loss_contra: 0.0298
2026/03/26 17:53:07 - __main__ - INFO - 142 - trainer - [386/960] Loss: 5.4516 Loss_contra: 0.0336
2026/03/26 17:54:37 - __main__ - INFO - 142 - trainer - [579/960] Loss: 5.5474 Loss_contra: 0.0298
2026/03/26 17:56:03 - __main__ - INFO - 142 - trainer - [772/960] Loss: 5.5093 Loss_contra: 0.0261
2026/03/26 17:57:35 - __main__ - INFO - 152 - trainer - start predicting: 2026-03-26 17:57:35.260666
2026/03/26 17:57:48 - __main__ - INFO - 187 - trainer - {'Best_HR@5': 14.0769, 'Best_NDCG@5': 8.9978, 'Best_HR@10': 23.2518, 'Best_NDCG@10': 11.847, 'Best_HR@20': 35.1349, 'Best_NDCG@20': 14.8325}
2026/03/26 17:57:48 - __main__ - INFO - 188 - trainer - {'Best_epoch_HR@5': 30, 'Best_epoch_NDCG@5': 30, 'Best_epoch_HR@10': 26, 'Best_epoch_NDCG@10': 30, 'Best_epoch_HR@20': 34, 'Best_epoch_NDCG@20': 30}
2026/03/26 17:57:48 - __main__ - INFO - 124 - trainer - Epoch: 35
2026/03/26 17:57:49 - __main__ - INFO - 142 - trainer - [0/960] Loss: 5.3428 Loss_contra: 0.0280
2026/03/26 17:59:11 - __main__ - INFO - 142 - trainer - [193/960] Loss: 5.4583 Loss_contra: 0.0284
2026/03/26 18:00:45 - __main__ - INFO - 142 - trainer - [386/960] Loss: 5.5449 Loss_contra: 0.0284
2026/03/26 18:02:11 - __main__ - INFO - 142 - trainer - [579/960] Loss: 5.4546 Loss_contra: 0.0282
2026/03/26 18:03:44 - __main__ - INFO - 142 - trainer - [772/960] Loss: 5.3666 Loss_contra: 0.0292
2026/03/26 18:05:03 - __main__ - INFO - 124 - trainer - Epoch: 36
2026/03/26 18:05:03 - __main__ - INFO - 142 - trainer - [0/960] Loss: 5.4739 Loss_contra: 0.0297
2026/03/26 18:06:27 - __main__ - INFO - 142 - trainer - [193/960] Loss: 5.5289 Loss_contra: 0.0262
2026/03/26 18:08:02 - __main__ - INFO - 142 - trainer - [386/960] Loss: 5.3772 Loss_contra: 0.0267
2026/03/26 18:09:25 - __main__ - INFO - 142 - trainer - [579/960] Loss: 5.5036 Loss_contra: 0.0270
2026/03/26 18:11:00 - __main__ - INFO - 142 - trainer - [772/960] Loss: 5.4613 Loss_contra: 0.0282
2026/03/26 18:12:18 - __main__ - INFO - 152 - trainer - start predicting: 2026-03-26 18:12:18.985405
2026/03/26 18:12:32 - __main__ - INFO - 187 - trainer - {'Best_HR@5': 14.6051, 'Best_NDCG@5': 9.1136, 'Best_HR@10': 23.2518, 'Best_NDCG@10': 11.8871, 'Best_HR@20': 35.1349, 'Best_NDCG@20': 14.8712}
2026/03/26 18:12:32 - __main__ - INFO - 188 - trainer - {'Best_epoch_HR@5': 36, 'Best_epoch_NDCG@5': 36, 'Best_epoch_HR@10': 26, 'Best_epoch_NDCG@10': 36, 'Best_epoch_HR@20': 34, 'Best_epoch_NDCG@20': 36}
2026/03/26 18:12:32 - __main__ - INFO - 124 - trainer - Epoch: 37
2026/03/26 18:12:33 - __main__ - INFO - 142 - trainer - [0/960] Loss: 5.5179 Loss_contra: 0.0271
2026/03/26 18:13:58 - __main__ - INFO - 142 - trainer - [193/960] Loss: 5.3824 Loss_contra: 0.0258
2026/03/26 18:15:29 - __main__ - INFO - 142 - trainer - [386/960] Loss: 5.4561 Loss_contra: 0.0260
2026/03/26 18:16:56 - __main__ - INFO - 142 - trainer - [579/960] Loss: 5.3884 Loss_contra: 0.0279
2026/03/26 18:18:30 - __main__ - INFO - 142 - trainer - [772/960] Loss: 5.4166 Loss_contra: 0.0278
2026/03/26 18:19:56 - __main__ - INFO - 124 - trainer - Epoch: 38
2026/03/26 18:19:57 - __main__ - INFO - 142 - trainer - [0/960] Loss: 5.4872 Loss_contra: 0.0261
2026/03/26 18:21:27 - __main__ - INFO - 142 - trainer - [193/960] Loss: 5.4146 Loss_contra: 0.0267
2026/03/26 18:22:56 - __main__ - INFO - 142 - trainer - [386/960] Loss: 5.5798 Loss_contra: 0.0264
2026/03/26 18:24:31 - __main__ - INFO - 142 - trainer - [579/960] Loss: 5.4216 Loss_contra: 0.0287
2026/03/26 18:26:00 - __main__ - INFO - 142 - trainer - [772/960] Loss: 5.4841 Loss_contra: 0.0282
2026/03/26 18:27:24 - __main__ - INFO - 152 - trainer - start predicting: 2026-03-26 18:27:24.851998
2026/03/26 18:27:36 - __main__ - INFO - 124 - trainer - Epoch: 39
2026/03/26 18:27:36 - __main__ - INFO - 142 - trainer - [0/960] Loss: 5.4036 Loss_contra: 0.0281
2026/03/26 18:29:04 - __main__ - INFO - 142 - trainer - [193/960] Loss: 5.4155 Loss_contra: 0.0258
2026/03/26 18:30:27 - __main__ - INFO - 142 - trainer - [386/960] Loss: 5.4628 Loss_contra: 0.0272
2026/03/26 18:32:00 - __main__ - INFO - 142 - trainer - [579/960] Loss: 5.3711 Loss_contra: 0.0244
2026/03/26 18:33:23 - __main__ - INFO - 142 - trainer - [772/960] Loss: 5.4811 Loss_contra: 0.0268
2026/03/26 18:35:02 - __main__ - INFO - 124 - trainer - Epoch: 40
2026/03/26 18:35:02 - __main__ - INFO - 142 - trainer - [0/960] Loss: 5.2901 Loss_contra: 0.0261
2026/03/26 18:35:42 - __main__ - INFO - 142 - trainer - [193/960] Loss: 5.3844 Loss_contra: 0.0291
2026/03/26 18:36:28 - __main__ - INFO - 142 - trainer - [386/960] Loss: 5.4445 Loss_contra: 0.0251
2026/03/26 18:37:17 - __main__ - INFO - 142 - trainer - [579/960] Loss: 5.4254 Loss_contra: 0.0250
2026/03/26 18:38:06 - __main__ - INFO - 142 - trainer - [772/960] Loss: 5.3800 Loss_contra: 0.0266
2026/03/26 18:38:54 - __main__ - INFO - 152 - trainer - start predicting: 2026-03-26 18:38:54.308438
2026/03/26 18:39:02 - __main__ - INFO - 187 - trainer - {'Best_HR@5': 14.6051, 'Best_NDCG@5': 9.1322, 'Best_HR@10': 23.2518, 'Best_NDCG@10': 11.8913, 'Best_HR@20': 35.1349, 'Best_NDCG@20': 14.8712}
2026/03/26 18:39:02 - __main__ - INFO - 188 - trainer - {'Best_epoch_HR@5': 36, 'Best_epoch_NDCG@5': 40, 'Best_epoch_HR@10': 26, 'Best_epoch_NDCG@10': 40, 'Best_epoch_HR@20': 34, 'Best_epoch_NDCG@20': 36}
2026/03/26 18:39:02 - __main__ - INFO - 124 - trainer - Epoch: 41
2026/03/26 18:39:03 - __main__ - INFO - 142 - trainer - [0/960] Loss: 5.4631 Loss_contra: 0.0266
2026/03/26 18:39:54 - __main__ - INFO - 142 - trainer - [193/960] Loss: 5.5356 Loss_contra: 0.0249
2026/03/26 18:40:45 - __main__ - INFO - 142 - trainer - [386/960] Loss: 5.4153 Loss_contra: 0.0248
2026/03/26 18:41:36 - __main__ - INFO - 142 - trainer - [579/960] Loss: 5.4711 Loss_contra: 0.0243
2026/03/26 18:42:26 - __main__ - INFO - 142 - trainer - [772/960] Loss: 5.5074 Loss_contra: 0.0246
2026/03/26 18:43:15 - __main__ - INFO - 124 - trainer - Epoch: 42
2026/03/26 18:43:15 - __main__ - INFO - 142 - trainer - [0/960] Loss: 5.4702 Loss_contra: 0.0264
2026/03/26 18:44:00 - __main__ - INFO - 142 - trainer - [193/960] Loss: 5.4068 Loss_contra: 0.0262
2026/03/26 18:44:41 - __main__ - INFO - 142 - trainer - [386/960] Loss: 5.4317 Loss_contra: 0.0249
2026/03/26 18:45:22 - __main__ - INFO - 142 - trainer - [579/960] Loss: 5.4840 Loss_contra: 0.0260
2026/03/26 18:46:06 - __main__ - INFO - 142 - trainer - [772/960] Loss: 5.4375 Loss_contra: 0.0250
2026/03/26 18:46:54 - __main__ - INFO - 152 - trainer - start predicting: 2026-03-26 18:46:54.879377
2026/03/26 18:47:03 - __main__ - INFO - 187 - trainer - {'Best_HR@5': 14.6051, 'Best_NDCG@5': 9.1322, 'Best_HR@10': 23.2518, 'Best_NDCG@10': 11.8913, 'Best_HR@20': 35.2583, 'Best_NDCG@20': 14.8712}
2026/03/26 18:47:03 - __main__ - INFO - 188 - trainer - {'Best_epoch_HR@5': 36, 'Best_epoch_NDCG@5': 40, 'Best_epoch_HR@10': 26, 'Best_epoch_NDCG@10': 40, 'Best_epoch_HR@20': 42, 'Best_epoch_NDCG@20': 36}
2026/03/26 18:47:03 - __main__ - INFO - 124 - trainer - Epoch: 43
2026/03/26 18:47:03 - __main__ - INFO - 142 - trainer - [0/960] Loss: 5.3406 Loss_contra: 0.0254
2026/03/26 18:47:54 - __main__ - INFO - 142 - trainer - [193/960] Loss: 5.2897 Loss_contra: 0.0278
2026/03/26 18:48:43 - __main__ - INFO - 142 - trainer - [386/960] Loss: 5.4856 Loss_contra: 0.0268
2026/03/26 18:49:33 - __main__ - INFO - 142 - trainer - [579/960] Loss: 5.4961 Loss_contra: 0.0246
2026/03/26 18:50:24 - __main__ - INFO - 142 - trainer - [772/960] Loss: 5.4096 Loss_contra: 0.0262
2026/03/26 18:51:12 - __main__ - INFO - 124 - trainer - Epoch: 44
2026/03/26 18:51:12 - __main__ - INFO - 142 - trainer - [0/960] Loss: 5.3928 Loss_contra: 0.0252
2026/03/26 18:52:02 - __main__ - INFO - 142 - trainer - [193/960] Loss: 5.4595 Loss_contra: 0.0243
2026/03/26 18:52:53 - __main__ - INFO - 142 - trainer - [386/960] Loss: 5.3885 Loss_contra: 0.0254
2026/03/26 18:53:44 - __main__ - INFO - 142 - trainer - [579/960] Loss: 5.4315 Loss_contra: 0.0273
2026/03/26 18:54:34 - __main__ - INFO - 142 - trainer - [772/960] Loss: 5.4667 Loss_contra: 0.0258
2026/03/26 18:55:22 - __main__ - INFO - 152 - trainer - start predicting: 2026-03-26 18:55:22.224642
2026/03/26 18:55:30 - __main__ - INFO - 187 - trainer - {'Best_HR@5': 14.6051, 'Best_NDCG@5': 9.1322, 'Best_HR@10': 23.7281, 'Best_NDCG@10': 11.9534, 'Best_HR@20': 35.395, 'Best_NDCG@20': 14.9076}
2026/03/26 18:55:30 - __main__ - INFO - 188 - trainer - {'Best_epoch_HR@5': 36, 'Best_epoch_NDCG@5': 40, 'Best_epoch_HR@10': 44, 'Best_epoch_NDCG@10': 44, 'Best_epoch_HR@20': 44, 'Best_epoch_NDCG@20': 44}
2026/03/26 18:55:30 - __main__ - INFO - 124 - trainer - Epoch: 45
2026/03/26 18:55:31 - __main__ - INFO - 142 - trainer - [0/960] Loss: 5.3622 Loss_contra: 0.0248
2026/03/26 18:56:21 - __main__ - INFO - 142 - trainer - [193/960] Loss: 5.4652 Loss_contra: 0.0238
2026/03/26 18:57:11 - __main__ - INFO - 142 - trainer - [386/960] Loss: 5.3518 Loss_contra: 0.0245
2026/03/26 18:58:03 - __main__ - INFO - 142 - trainer - [579/960] Loss: 5.3651 Loss_contra: 0.0228
2026/03/26 18:58:52 - __main__ - INFO - 142 - trainer - [772/960] Loss: 5.4334 Loss_contra: 0.0237
2026/03/26 18:59:41 - __main__ - INFO - 124 - trainer - Epoch: 46
2026/03/26 18:59:42 - __main__ - INFO - 142 - trainer - [0/960] Loss: 5.3812 Loss_contra: 0.0249
2026/03/26 19:00:32 - __main__ - INFO - 142 - trainer - [193/960] Loss: 5.4206 Loss_contra: 0.0238
2026/03/26 19:01:15 - __main__ - INFO - 142 - trainer - [386/960] Loss: 5.4309 Loss_contra: 0.0240
2026/03/26 19:01:56 - __main__ - INFO - 142 - trainer - [579/960] Loss: 5.4269 Loss_contra: 0.0240
2026/03/26 19:02:37 - __main__ - INFO - 142 - trainer - [772/960] Loss: 5.4083 Loss_contra: 0.0228
2026/03/26 19:03:26 - __main__ - INFO - 152 - trainer - start predicting: 2026-03-26 19:03:26.402153
2026/03/26 19:03:34 - __main__ - INFO - 124 - trainer - Epoch: 47
2026/03/26 19:03:34 - __main__ - INFO - 142 - trainer - [0/960] Loss: 5.3478 Loss_contra: 0.0228
2026/03/26 19:04:24 - __main__ - INFO - 142 - trainer - [193/960] Loss: 5.3981 Loss_contra: 0.0236
2026/03/26 19:05:14 - __main__ - INFO - 142 - trainer - [386/960] Loss: 5.4029 Loss_contra: 0.0247
2026/03/26 19:06:03 - __main__ - INFO - 142 - trainer - [579/960] Loss: 5.3899 Loss_contra: 0.0229
2026/03/26 19:06:53 - __main__ - INFO - 142 - trainer - [772/960] Loss: 5.3758 Loss_contra: 0.0244
2026/03/26 19:07:40 - __main__ - INFO - 124 - trainer - Epoch: 48
2026/03/26 19:07:41 - __main__ - INFO - 142 - trainer - [0/960] Loss: 5.4024 Loss_contra: 0.0231
2026/03/26 19:08:30 - __main__ - INFO - 142 - trainer - [193/960] Loss: 5.3796 Loss_contra: 0.0232
2026/03/26 19:09:20 - __main__ - INFO - 142 - trainer - [386/960] Loss: 5.4477 Loss_contra: 0.0237
2026/03/26 19:10:10 - __main__ - INFO - 142 - trainer - [579/960] Loss: 5.3832 Loss_contra: 0.0227
2026/03/26 19:11:00 - __main__ - INFO - 142 - trainer - [772/960] Loss: 5.3733 Loss_contra: 0.0239
2026/03/26 19:11:48 - __main__ - INFO - 152 - trainer - start predicting: 2026-03-26 19:11:48.029139
2026/03/26 19:11:56 - __main__ - INFO - 187 - trainer - {'Best_HR@5': 14.6051, 'Best_NDCG@5': 9.1322, 'Best_HR@10': 23.7281, 'Best_NDCG@10': 11.9534, 'Best_HR@20': 35.5363, 'Best_NDCG@20': 14.9076}
2026/03/26 19:11:56 - __main__ - INFO - 188 - trainer - {'Best_epoch_HR@5': 36, 'Best_epoch_NDCG@5': 40, 'Best_epoch_HR@10': 44, 'Best_epoch_NDCG@10': 44, 'Best_epoch_HR@20': 48, 'Best_epoch_NDCG@20': 44}
2026/03/26 19:11:56 - __main__ - INFO - 124 - trainer - Epoch: 49
2026/03/26 19:11:56 - __main__ - INFO - 142 - trainer - [0/960] Loss: 5.3087 Loss_contra: 0.0233
2026/03/26 19:12:47 - __main__ - INFO - 142 - trainer - [193/960] Loss: 5.4186 Loss_contra: 0.0223
2026/03/26 19:13:37 - __main__ - INFO - 142 - trainer - [386/960] Loss: 5.4148 Loss_contra: 0.0271
2026/03/26 19:14:18 - __main__ - INFO - 142 - trainer - [579/960] Loss: 5.2807 Loss_contra: 0.0229
2026/03/26 19:14:58 - __main__ - INFO - 142 - trainer - [772/960] Loss: 5.3478 Loss_contra: 0.0231
2026/03/26 19:15:38 - __main__ - INFO - 124 - trainer - Epoch: 50
2026/03/26 19:15:38 - __main__ - INFO - 142 - trainer - [0/960] Loss: 5.4050 Loss_contra: 0.0241
2026/03/26 19:16:29 - __main__ - INFO - 142 - trainer - [193/960] Loss: 5.4329 Loss_contra: 0.0240
2026/03/26 19:17:21 - __main__ - INFO - 142 - trainer - [386/960] Loss: 5.3811 Loss_contra: 0.0237
2026/03/26 19:18:13 - __main__ - INFO - 142 - trainer - [579/960] Loss: 5.4824 Loss_contra: 0.0232
2026/03/26 19:19:05 - __main__ - INFO - 142 - trainer - [772/960] Loss: 5.3143 Loss_contra: 0.0244
2026/03/26 19:19:56 - __main__ - INFO - 152 - trainer - start predicting: 2026-03-26 19:19:56.146000
2026/03/26 19:20:05 - __main__ - INFO - 124 - trainer - Epoch: 51
2026/03/26 19:20:05 - __main__ - INFO - 142 - trainer - [0/960] Loss: 5.4356 Loss_contra: 0.0233
2026/03/26 19:20:56 - __main__ - INFO - 142 - trainer - [193/960] Loss: 5.3005 Loss_contra: 0.0225
2026/03/26 19:21:47 - __main__ - INFO - 142 - trainer - [386/960] Loss: 5.3382 Loss_contra: 0.0215
2026/03/26 19:22:37 - __main__ - INFO - 142 - trainer - [579/960] Loss: 5.3980 Loss_contra: 0.0235
2026/03/26 19:23:27 - __main__ - INFO - 142 - trainer - [772/960] Loss: 5.3801 Loss_contra: 0.0242
2026/03/26 19:24:14 - __main__ - INFO - 124 - trainer - Epoch: 52
2026/03/26 19:24:14 - __main__ - INFO - 142 - trainer - [0/960] Loss: 5.4203 Loss_contra: 0.0221
2026/03/26 19:25:03 - __main__ - INFO - 142 - trainer - [193/960] Loss: 5.3208 Loss_contra: 0.0232
2026/03/26 19:25:54 - __main__ - INFO - 142 - trainer - [386/960] Loss: 5.3926 Loss_contra: 0.0210
2026/03/26 19:26:43 - __main__ - INFO - 142 - trainer - [579/960] Loss: 5.3685 Loss_contra: 0.0214
2026/03/26 19:27:32 - __main__ - INFO - 142 - trainer - [772/960] Loss: 5.3129 Loss_contra: 0.0206
2026/03/26 19:28:19 - __main__ - INFO - 152 - trainer - start predicting: 2026-03-26 19:28:19.914476
2026/03/26 19:28:28 - __main__ - INFO - 187 - trainer - {'Best_HR@5': 14.6235, 'Best_NDCG@5': 9.192, 'Best_HR@10': 23.838, 'Best_NDCG@10': 12.1617, 'Best_HR@20': 35.8295, 'Best_NDCG@20': 15.1886}
2026/03/26 19:28:28 - __main__ - INFO - 188 - trainer - {'Best_epoch_HR@5': 52, 'Best_epoch_NDCG@5': 52, 'Best_epoch_HR@10': 52, 'Best_epoch_NDCG@10': 52, 'Best_epoch_HR@20': 52, 'Best_epoch_NDCG@20': 52}
2026/03/26 19:28:28 - __main__ - INFO - 124 - trainer - Epoch: 53
2026/03/26 19:28:28 - __main__ - INFO - 142 - trainer - [0/960] Loss: 5.3687 Loss_contra: 0.0228
2026/03/26 19:29:19 - __main__ - INFO - 142 - trainer - [193/960] Loss: 5.2769 Loss_contra: 0.0225
2026/03/26 19:30:09 - __main__ - INFO - 142 - trainer - [386/960] Loss: 5.2725 Loss_contra: 0.0231
2026/03/26 19:31:00 - __main__ - INFO - 142 - trainer - [579/960] Loss: 5.3777 Loss_contra: 0.0214
2026/03/26 19:31:49 - __main__ - INFO - 142 - trainer - [772/960] Loss: 5.3474 Loss_contra: 0.0206
2026/03/26 19:32:38 - __main__ - INFO - 124 - trainer - Epoch: 54
2026/03/26 19:32:38 - __main__ - INFO - 142 - trainer - [0/960] Loss: 5.4188 Loss_contra: 0.0207
2026/03/26 19:33:28 - __main__ - INFO - 142 - trainer - [193/960] Loss: 5.3682 Loss_contra: 0.0205
2026/03/26 19:34:10 - __main__ - INFO - 142 - trainer - [386/960] Loss: 5.3759 Loss_contra: 0.0213
2026/03/26 19:34:51 - __main__ - INFO - 142 - trainer - [579/960] Loss: 5.4219 Loss_contra: 0.0215
2026/03/26 19:35:32 - __main__ - INFO - 142 - trainer - [772/960] Loss: 5.3181 Loss_contra: 0.0228
2026/03/26 19:36:20 - __main__ - INFO - 152 - trainer - start predicting: 2026-03-26 19:36:20.958328
2026/03/26 19:36:28 - __main__ - INFO - 124 - trainer - Epoch: 55
2026/03/26 19:36:29 - __main__ - INFO - 142 - trainer - [0/960] Loss: 5.3671 Loss_contra: 0.0234
2026/03/26 19:37:18 - __main__ - INFO - 142 - trainer - [193/960] Loss: 5.3946 Loss_contra: 0.0211
2026/03/26 19:38:08 - __main__ - INFO - 142 - trainer - [386/960] Loss: 5.2998 Loss_contra: 0.0215
2026/03/26 19:38:57 - __main__ - INFO - 142 - trainer - [579/960] Loss: 5.3617 Loss_contra: 0.0219
2026/03/26 19:39:47 - __main__ - INFO - 142 - trainer - [772/960] Loss: 5.3881 Loss_contra: 0.0206
2026/03/26 19:40:35 - __main__ - INFO - 124 - trainer - Epoch: 56
2026/03/26 19:40:35 - __main__ - INFO - 142 - trainer - [0/960] Loss: 5.3511 Loss_contra: 0.0207
2026/03/26 19:41:25 - __main__ - INFO - 142 - trainer - [193/960] Loss: 5.4231 Loss_contra: 0.0223
2026/03/26 19:42:15 - __main__ - INFO - 142 - trainer - [386/960] Loss: 5.3163 Loss_contra: 0.0212
2026/03/26 19:43:03 - __main__ - INFO - 142 - trainer - [579/960] Loss: 5.3935 Loss_contra: 0.0222
2026/03/26 19:43:52 - __main__ - INFO - 142 - trainer - [772/960] Loss: 5.3870 Loss_contra: 0.0221
2026/03/26 19:44:40 - __main__ - INFO - 152 - trainer - start predicting: 2026-03-26 19:44:40.563643
2026/03/26 19:44:49 - __main__ - INFO - 124 - trainer - Epoch: 57
2026/03/26 19:44:49 - __main__ - INFO - 142 - trainer - [0/960] Loss: 5.3096 Loss_contra: 0.0204
2026/03/26 19:45:39 - __main__ - INFO - 142 - trainer - [193/960] Loss: 5.3810 Loss_contra: 0.0209
2026/03/26 19:46:28 - __main__ - INFO - 142 - trainer - [386/960] Loss: 5.3959 Loss_contra: 0.0205
2026/03/26 19:47:22 - __main__ - INFO - 142 - trainer - [579/960] Loss: 5.4353 Loss_contra: 0.0210
2026/03/26 19:48:15 - __main__ - INFO - 142 - trainer - [772/960] Loss: 5.3171 Loss_contra: 0.0213
2026/03/26 19:49:05 - __main__ - INFO - 124 - trainer - Epoch: 58
2026/03/26 19:49:06 - __main__ - INFO - 142 - trainer - [0/960] Loss: 5.3327 Loss_contra: 0.0206
2026/03/26 19:49:48 - __main__ - INFO - 142 - trainer - [193/960] Loss: 5.3582 Loss_contra: 0.0207
2026/03/26 19:50:29 - __main__ - INFO - 142 - trainer - [386/960] Loss: 5.2147 Loss_contra: 0.0210
2026/03/26 19:51:20 - __main__ - INFO - 142 - trainer - [579/960] Loss: 5.3433 Loss_contra: 0.0215
2026/03/26 19:52:11 - __main__ - INFO - 142 - trainer - [772/960] Loss: 5.3278 Loss_contra: 0.0229
2026/03/26 19:53:00 - __main__ - INFO - 152 - trainer - start predicting: 2026-03-26 19:53:00.953060
2026/03/26 19:53:09 - __main__ - INFO - 124 - trainer - Epoch: 59
2026/03/26 19:53:09 - __main__ - INFO - 142 - trainer - [0/960] Loss: 5.3507 Loss_contra: 0.0214
2026/03/26 19:53:59 - __main__ - INFO - 142 - trainer - [193/960] Loss: 5.1857 Loss_contra: 0.0213
2026/03/26 19:54:49 - __main__ - INFO - 142 - trainer - [386/960] Loss: 5.3960 Loss_contra: 0.0217
2026/03/26 19:55:38 - __main__ - INFO - 142 - trainer - [579/960] Loss: 5.2665 Loss_contra: 0.0203
2026/03/26 19:56:29 - __main__ - INFO - 142 - trainer - [772/960] Loss: 5.3678 Loss_contra: 0.0205
2026/03/26 19:57:18 - __main__ - INFO - 124 - trainer - Epoch: 60
2026/03/26 19:57:18 - __main__ - INFO - 142 - trainer - [0/960] Loss: 5.3044 Loss_contra: 0.0202
2026/03/26 19:58:08 - __main__ - INFO - 142 - trainer - [193/960] Loss: 5.3399 Loss_contra: 0.0197
2026/03/26 19:58:58 - __main__ - INFO - 142 - trainer - [386/960] Loss: 5.2963 Loss_contra: 0.0201
2026/03/26 19:59:48 - __main__ - INFO - 142 - trainer - [579/960] Loss: 5.3635 Loss_contra: 0.0202
2026/03/26 20:00:39 - __main__ - INFO - 142 - trainer - [772/960] Loss: 5.3329 Loss_contra: 0.0199
2026/03/26 20:01:20 - __main__ - INFO - 152 - trainer - start predicting: 2026-03-26 20:01:20.585203
2026/03/26 20:01:27 - __main__ - INFO - 124 - trainer - Epoch: 61
2026/03/26 20:01:27 - __main__ - INFO - 142 - trainer - [0/960] Loss: 5.2870 Loss_contra: 0.0207
2026/03/26 20:02:07 - __main__ - INFO - 142 - trainer - [193/960] Loss: 5.4035 Loss_contra: 0.0197
2026/03/26 20:02:48 - __main__ - INFO - 142 - trainer - [386/960] Loss: 5.3426 Loss_contra: 0.0205
2026/03/26 20:03:39 - __main__ - INFO - 142 - trainer - [579/960] Loss: 5.2657 Loss_contra: 0.0201
2026/03/26 20:04:28 - __main__ - INFO - 142 - trainer - [772/960] Loss: 5.3159 Loss_contra: 0.0210
2026/03/26 20:05:17 - __main__ - INFO - 124 - trainer - Epoch: 62
2026/03/26 20:05:17 - __main__ - INFO - 142 - trainer - [0/960] Loss: 5.3194 Loss_contra: 0.0222
2026/03/26 20:06:08 - __main__ - INFO - 142 - trainer - [193/960] Loss: 5.2851 Loss_contra: 0.0193
2026/03/26 20:07:00 - __main__ - INFO - 142 - trainer - [386/960] Loss: 5.2890 Loss_contra: 0.0191
2026/03/26 20:07:49 - __main__ - INFO - 142 - trainer - [579/960] Loss: 5.2477 Loss_contra: 0.0198
2026/03/26 20:08:40 - __main__ - INFO - 142 - trainer - [772/960] Loss: 5.2701 Loss_contra: 0.0197
2026/03/26 20:09:30 - __main__ - INFO - 152 - trainer - start predicting: 2026-03-26 20:09:30.229578
2026/03/26 20:09:38 - __main__ - INFO - 124 - trainer - Epoch: 63
2026/03/26 20:09:39 - __main__ - INFO - 142 - trainer - [0/960] Loss: 5.2475 Loss_contra: 0.0190
2026/03/26 20:10:29 - __main__ - INFO - 142 - trainer - [193/960] Loss: 5.3206 Loss_contra: 0.0185
2026/03/26 20:11:18 - __main__ - INFO - 142 - trainer - [386/960] Loss: 5.2826 Loss_contra: 0.0188
2026/03/26 20:12:09 - __main__ - INFO - 142 - trainer - [579/960] Loss: 5.4406 Loss_contra: 0.0202
2026/03/26 20:12:59 - __main__ - INFO - 142 - trainer - [772/960] Loss: 5.3215 Loss_contra: 0.0208
2026/03/26 20:13:48 - __main__ - INFO - 124 - trainer - Epoch: 64
2026/03/26 20:13:49 - __main__ - INFO - 142 - trainer - [0/960] Loss: 5.2721 Loss_contra: 0.0199
2026/03/26 20:14:38 - __main__ - INFO - 142 - trainer - [193/960] Loss: 5.3820 Loss_contra: 0.0189
2026/03/26 20:15:29 - __main__ - INFO - 142 - trainer - [386/960] Loss: 5.4007 Loss_contra: 0.0202
2026/03/26 20:16:19 - __main__ - INFO - 142 - trainer - [579/960] Loss: 5.3563 Loss_contra: 0.0196
2026/03/26 20:17:08 - __main__ - INFO - 142 - trainer - [772/960] Loss: 5.2533 Loss_contra: 0.0205
2026/03/26 20:17:56 - __main__ - INFO - 152 - trainer - start predicting: 2026-03-26 20:17:56.861048
2026/03/26 20:18:05 - __main__ - INFO - 124 - trainer - Epoch: 65
2026/03/26 20:18:05 - __main__ - INFO - 142 - trainer - [0/960] Loss: 5.2913 Loss_contra: 0.0208
2026/03/26 20:18:51 - __main__ - INFO - 142 - trainer - [193/960] Loss: 5.3279 Loss_contra: 0.0197
2026/03/26 20:19:31 - __main__ - INFO - 142 - trainer - [386/960] Loss: 5.3290 Loss_contra: 0.0193
2026/03/26 20:20:12 - __main__ - INFO - 142 - trainer - [579/960] Loss: 5.2420 Loss_contra: 0.0199
2026/03/26 20:21:01 - __main__ - INFO - 142 - trainer - [772/960] Loss: 5.4092 Loss_contra: 0.0203
2026/03/26 20:21:49 - __main__ - INFO - 124 - trainer - Epoch: 66
2026/03/26 20:21:49 - __main__ - INFO - 142 - trainer - [0/960] Loss: 5.3286 Loss_contra: 0.0187
2026/03/26 20:22:39 - __main__ - INFO - 142 - trainer - [193/960] Loss: 5.2931 Loss_contra: 0.0192
2026/03/26 20:23:30 - __main__ - INFO - 142 - trainer - [386/960] Loss: 5.3056 Loss_contra: 0.0194
2026/03/26 20:24:21 - __main__ - INFO - 142 - trainer - [579/960] Loss: 5.2985 Loss_contra: 0.0212
2026/03/26 20:25:11 - __main__ - INFO - 142 - trainer - [772/960] Loss: 5.3190 Loss_contra: 0.0193
2026/03/26 20:26:01 - __main__ - INFO - 152 - trainer - start predicting: 2026-03-26 20:26:01.762078
2026/03/26 20:26:10 - __main__ - INFO - 124 - trainer - Epoch: 67
2026/03/26 20:26:10 - __main__ - INFO - 142 - trainer - [0/960] Loss: 5.2536 Loss_contra: 0.0203
2026/03/26 20:27:00 - __main__ - INFO - 142 - trainer - [193/960] Loss: 5.3018 Loss_contra: 0.0189
2026/03/26 20:27:50 - __main__ - INFO - 142 - trainer - [386/960] Loss: 5.3319 Loss_contra: 0.0193
2026/03/26 20:28:39 - __main__ - INFO - 142 - trainer - [579/960] Loss: 5.3588 Loss_contra: 0.0192
2026/03/26 20:29:29 - __main__ - INFO - 142 - trainer - [772/960] Loss: 5.3376 Loss_contra: 0.0196
2026/03/26 20:30:19 - __main__ - INFO - 124 - trainer - Epoch: 68
2026/03/26 20:30:19 - __main__ - INFO - 142 - trainer - [0/960] Loss: 5.3843 Loss_contra: 0.0191
2026/03/26 20:31:09 - __main__ - INFO - 142 - trainer - [193/960] Loss: 5.3338 Loss_contra: 0.0199
2026/03/26 20:32:01 - __main__ - INFO - 142 - trainer - [386/960] Loss: 5.2412 Loss_contra: 0.0210
2026/03/26 20:32:55 - __main__ - INFO - 142 - trainer - [579/960] Loss: 5.3986 Loss_contra: 0.0189
2026/03/26 20:33:51 - __main__ - INFO - 142 - trainer - [772/960] Loss: 5.3533 Loss_contra: 0.0187
2026/03/26 20:34:37 - __main__ - INFO - 152 - trainer - start predicting: 2026-03-26 20:34:37.477824
2026/03/26 20:34:44 - __main__ - INFO - 124 - trainer - Epoch: 69
2026/03/26 20:34:45 - __main__ - INFO - 142 - trainer - [0/960] Loss: 5.2578 Loss_contra: 0.0199
2026/03/26 20:35:27 - __main__ - INFO - 142 - trainer - [193/960] Loss: 5.2474 Loss_contra: 0.0202
2026/03/26 20:36:18 - __main__ - INFO - 142 - trainer - [386/960] Loss: 5.3326 Loss_contra: 0.0189
2026/03/26 20:37:12 - __main__ - INFO - 142 - trainer - [579/960] Loss: 5.2780 Loss_contra: 0.0198
2026/03/26 20:38:08 - __main__ - INFO - 142 - trainer - [772/960] Loss: 5.3536 Loss_contra: 0.0183
2026/03/26 20:39:02 - __main__ - INFO - 124 - trainer - Epoch: 70
2026/03/26 20:39:02 - __main__ - INFO - 142 - trainer - [0/960] Loss: 5.1793 Loss_contra: 0.0198
2026/03/26 20:39:59 - __main__ - INFO - 142 - trainer - [193/960] Loss: 5.2837 Loss_contra: 0.0186
2026/03/26 20:40:53 - __main__ - INFO - 142 - trainer - [386/960] Loss: 5.3016 Loss_contra: 0.0192
2026/03/26 20:41:49 - __main__ - INFO - 142 - trainer - [579/960] Loss: 5.3005 Loss_contra: 0.0181
2026/03/26 20:42:44 - __main__ - INFO - 142 - trainer - [772/960] Loss: 5.3148 Loss_contra: 0.0192
2026/03/26 20:43:38 - __main__ - INFO - 152 - trainer - start predicting: 2026-03-26 20:43:38.350565
2026/03/26 20:43:47 - __main__ - INFO - 124 - trainer - Epoch: 71
2026/03/26 20:43:47 - __main__ - INFO - 142 - trainer - [0/960] Loss: 5.3181 Loss_contra: 0.0194
2026/03/26 20:44:41 - __main__ - INFO - 142 - trainer - [193/960] Loss: 5.2069 Loss_contra: 0.0186
2026/03/26 20:45:34 - __main__ - INFO - 142 - trainer - [386/960] Loss: 5.3580 Loss_contra: 0.0199
2026/03/26 20:46:28 - __main__ - INFO - 142 - trainer - [579/960] Loss: 5.3109 Loss_contra: 0.0181
2026/03/26 20:47:20 - __main__ - INFO - 142 - trainer - [772/960] Loss: 5.3511 Loss_contra: 0.0178
2026/03/26 20:48:08 - __main__ - INFO - 124 - trainer - Epoch: 72
2026/03/26 20:48:08 - __main__ - INFO - 142 - trainer - [0/960] Loss: 5.2713 Loss_contra: 0.0192
2026/03/26 20:48:58 - __main__ - INFO - 142 - trainer - [193/960] Loss: 5.4209 Loss_contra: 0.0172
2026/03/26 20:49:40 - __main__ - INFO - 142 - trainer - [386/960] Loss: 5.3288 Loss_contra: 0.0190
2026/03/26 20:50:21 - __main__ - INFO - 142 - trainer - [579/960] Loss: 5.2918 Loss_contra: 0.0182
2026/03/26 20:51:04 - __main__ - INFO - 142 - trainer - [772/960] Loss: 5.3453 Loss_contra: 0.0183
2026/03/26 20:51:52 - __main__ - INFO - 152 - trainer - start predicting: 2026-03-26 20:51:52.898398
2026/03/26 20:52:02 - __main__ - INFO - 195 - trainer - {'Best_HR@5': 14.6235, 'Best_NDCG@5': 9.192, 'Best_HR@10': 23.838, 'Best_NDCG@10': 12.1617, 'Best_HR@20': 35.8295, 'Best_NDCG@20': 15.1886}
2026/03/26 20:52:02 - __main__ - INFO - 196 - trainer - {'Best_epoch_HR@5': 52, 'Best_epoch_NDCG@5': 52, 'Best_epoch_HR@10': 52, 'Best_epoch_NDCG@10': 52, 'Best_epoch_HR@20': 52, 'Best_epoch_NDCG@20': 52}
2026/03/26 20:52:11 - __main__ - INFO - 223 - trainer - Test------------------------------------------------------
2026/03/26 20:52:11 - __main__ - INFO - 225 - trainer - {'HR@5': 14.0699, 'NDCG@5': 9.2624, 'HR@10': 22.1198, 'NDCG@10': 11.849, 'HR@20': 33.3248, 'NDCG@20': 14.6701}
2026/03/26 20:52:11 - __main__ - INFO - 227 - trainer - Best Eval---------------------------------------------------------
2026/03/26 20:52:11 - __main__ - INFO - 230 - trainer - {'Best_HR@5': 14.6235, 'Best_NDCG@5': 9.192, 'Best_HR@10': 23.838, 'Best_NDCG@10': 12.1617, 'Best_HR@20': 35.8295, 'Best_NDCG@20': 15.1886}
2026/03/26 20:52:11 - __main__ - INFO - 231 - trainer - {'Best_epoch_HR@5': 52, 'Best_epoch_NDCG@5': 52, 'Best_epoch_HR@10': 52, 'Best_epoch_NDCG@10': 52, 'Best_epoch_HR@20': 52, 'Best_epoch_NDCG@20': 52}
