2026/03/27 10:09:13 - __main__ - INFO - 170 - main - Namespace(batch_size=1024, dataset='steam', decay_step=100, description='Diffu_norm_score', device='cuda', diffusion_steps=32, diversity_measure=False, dropout=0.1, emb_dropout=0.3, epoch_time_avg=False, epochs=300, eval_interval=2, gamma=0.1, hidden_act='gelu', hidden_size=128, item_num=13044, lambda_contra=1.0, lambda_history=0.6, lambda_intent=0.4, log_file='log/', long_head=False, loss_lambda=0.001, lr=0.001, max_len=50, metric_ks=[5, 10, 20], momentum=None, noise_schedule='trunc_lin', num_blocks=4, num_cluster=32, num_gpu=1, num_hidden_layers=1, num_iter=20, optimizer='Adam', patience=10, random_seed=1997, rep_pad=False, rep_pad_delimiter=False, rep_pad_fixed_num=1, rep_pad_mode='rand_1_max', rescale_timesteps=True, schedule_sampler_name='lossaware', use_last_item_for_code=True, weight_decay=0)
2026/03/27 10:09:25 - __main__ - INFO - 124 - trainer - Epoch: 0
2026/03/27 10:09:32 - __main__ - INFO - 142 - trainer - [0/2583] Loss: 45.0594 Loss_contra: 0.1074
2026/03/27 10:11:17 - __main__ - INFO - 142 - trainer - [517/2583] Loss: 10.3741 Loss_contra: 0.0454
2026/03/27 10:13:04 - __main__ - INFO - 142 - trainer - [1034/2583] Loss: 9.0848 Loss_contra: 0.1882
2026/03/27 10:14:51 - __main__ - INFO - 142 - trainer - [1551/2583] Loss: 8.5982 Loss_contra: 0.1421
2026/03/27 10:16:37 - __main__ - INFO - 142 - trainer - [2068/2583] Loss: 8.3736 Loss_contra: 0.1399
2026/03/27 10:18:23 - __main__ - INFO - 124 - trainer - Epoch: 1
2026/03/27 10:18:23 - __main__ - INFO - 142 - trainer - [0/2583] Loss: 8.2193 Loss_contra: 0.1135
2026/03/27 10:20:10 - __main__ - INFO - 142 - trainer - [517/2583] Loss: 8.0451 Loss_contra: 0.1023
2026/03/27 10:21:56 - __main__ - INFO - 142 - trainer - [1034/2583] Loss: 7.9737 Loss_contra: 0.1034
2026/03/27 10:23:43 - __main__ - INFO - 142 - trainer - [1551/2583] Loss: 7.9451 Loss_contra: 0.0904
2026/03/27 10:25:30 - __main__ - INFO - 142 - trainer - [2068/2583] Loss: 7.8889 Loss_contra: 0.0810
2026/03/27 10:27:14 - __main__ - INFO - 124 - trainer - Epoch: 2
2026/03/27 10:27:15 - __main__ - INFO - 142 - trainer - [0/2583] Loss: 7.7523 Loss_contra: 0.0755
2026/03/27 10:29:01 - __main__ - INFO - 142 - trainer - [517/2583] Loss: 7.6484 Loss_contra: 0.0749
2026/03/27 10:30:49 - __main__ - INFO - 142 - trainer - [1034/2583] Loss: 7.5994 Loss_contra: 0.0756
2026/03/27 10:32:34 - __main__ - INFO - 142 - trainer - [1551/2583] Loss: 7.6506 Loss_contra: 0.0727
2026/03/27 10:34:22 - __main__ - INFO - 142 - trainer - [2068/2583] Loss: 7.6242 Loss_contra: 0.0683
2026/03/27 10:36:09 - __main__ - INFO - 152 - trainer - start predicting: 2026-03-27 10:36:09.566351
2026/03/27 10:41:55 - __main__ - INFO - 187 - trainer - {'Best_HR@5': 5.5679, 'Best_NDCG@5': 3.5882, 'Best_HR@10': 9.0994, 'Best_NDCG@10': 4.7212, 'Best_HR@20': 14.2084, 'Best_NDCG@20': 6.0036}
2026/03/27 10:41:55 - __main__ - INFO - 188 - trainer - {'Best_epoch_HR@5': 2, 'Best_epoch_NDCG@5': 2, 'Best_epoch_HR@10': 2, 'Best_epoch_NDCG@10': 2, 'Best_epoch_HR@20': 2, 'Best_epoch_NDCG@20': 2}
2026/03/27 10:41:55 - __main__ - INFO - 124 - trainer - Epoch: 3
2026/03/27 10:41:56 - __main__ - INFO - 142 - trainer - [0/2583] Loss: 7.5947 Loss_contra: 0.0625
2026/03/27 10:43:44 - __main__ - INFO - 142 - trainer - [517/2583] Loss: 7.5750 Loss_contra: 0.0657
2026/03/27 10:45:33 - __main__ - INFO - 142 - trainer - [1034/2583] Loss: 7.5013 Loss_contra: 0.0604
2026/03/27 10:47:20 - __main__ - INFO - 142 - trainer - [1551/2583] Loss: 7.5510 Loss_contra: 0.0568
2026/03/27 10:49:08 - __main__ - INFO - 142 - trainer - [2068/2583] Loss: 7.4396 Loss_contra: 0.0571
2026/03/27 10:50:55 - __main__ - INFO - 124 - trainer - Epoch: 4
2026/03/27 10:50:55 - __main__ - INFO - 142 - trainer - [0/2583] Loss: 7.3831 Loss_contra: 0.0577
2026/03/27 10:52:41 - __main__ - INFO - 142 - trainer - [517/2583] Loss: 7.4343 Loss_contra: 0.0489
2026/03/27 10:54:28 - __main__ - INFO - 142 - trainer - [1034/2583] Loss: 7.4313 Loss_contra: 0.0504
2026/03/27 10:56:17 - __main__ - INFO - 142 - trainer - [1551/2583] Loss: 7.4244 Loss_contra: 0.0533
2026/03/27 10:58:05 - __main__ - INFO - 142 - trainer - [2068/2583] Loss: 7.3384 Loss_contra: 0.0506
2026/03/27 10:59:52 - __main__ - INFO - 152 - trainer - start predicting: 2026-03-27 10:59:52.214222
2026/03/27 11:05:47 - __main__ - INFO - 187 - trainer - {'Best_HR@5': 6.4067, 'Best_NDCG@5': 4.1395, 'Best_HR@10': 10.3721, 'Best_NDCG@10': 5.4126, 'Best_HR@20': 16.0784, 'Best_NDCG@20': 6.8456}
2026/03/27 11:05:47 - __main__ - INFO - 188 - trainer - {'Best_epoch_HR@5': 4, 'Best_epoch_NDCG@5': 4, 'Best_epoch_HR@10': 4, 'Best_epoch_NDCG@10': 4, 'Best_epoch_HR@20': 4, 'Best_epoch_NDCG@20': 4}
2026/03/27 11:05:47 - __main__ - INFO - 124 - trainer - Epoch: 5
2026/03/27 11:05:47 - __main__ - INFO - 142 - trainer - [0/2583] Loss: 7.3443 Loss_contra: 0.0490
2026/03/27 11:07:44 - __main__ - INFO - 142 - trainer - [517/2583] Loss: 7.2879 Loss_contra: 0.0488
2026/03/27 11:09:40 - __main__ - INFO - 142 - trainer - [1034/2583] Loss: 7.3267 Loss_contra: 0.0467
2026/03/27 11:11:34 - __main__ - INFO - 142 - trainer - [1551/2583] Loss: 7.3465 Loss_contra: 0.0467
2026/03/27 11:13:26 - __main__ - INFO - 142 - trainer - [2068/2583] Loss: 7.2891 Loss_contra: 0.0460
2026/03/27 11:15:19 - __main__ - INFO - 124 - trainer - Epoch: 6
2026/03/27 11:15:20 - __main__ - INFO - 142 - trainer - [0/2583] Loss: 7.2187 Loss_contra: 0.0468
2026/03/27 11:17:11 - __main__ - INFO - 142 - trainer - [517/2583] Loss: 7.2377 Loss_contra: 0.0449
2026/03/27 11:18:59 - __main__ - INFO - 142 - trainer - [1034/2583] Loss: 7.1895 Loss_contra: 0.0441
2026/03/27 11:20:45 - __main__ - INFO - 142 - trainer - [1551/2583] Loss: 7.1362 Loss_contra: 0.0396
2026/03/27 11:22:32 - __main__ - INFO - 142 - trainer - [2068/2583] Loss: 7.1789 Loss_contra: 0.0400
2026/03/27 11:24:20 - __main__ - INFO - 152 - trainer - start predicting: 2026-03-27 11:24:20.529135
2026/03/27 11:30:07 - __main__ - INFO - 187 - trainer - {'Best_HR@5': 6.7993, 'Best_NDCG@5': 4.4076, 'Best_HR@10': 10.9016, 'Best_NDCG@10': 5.7237, 'Best_HR@20': 16.7683, 'Best_NDCG@20': 7.1972}
2026/03/27 11:30:07 - __main__ - INFO - 188 - trainer - {'Best_epoch_HR@5': 6, 'Best_epoch_NDCG@5': 6, 'Best_epoch_HR@10': 6, 'Best_epoch_NDCG@10': 6, 'Best_epoch_HR@20': 6, 'Best_epoch_NDCG@20': 6}
2026/03/27 11:30:07 - __main__ - INFO - 124 - trainer - Epoch: 7
2026/03/27 11:30:07 - __main__ - INFO - 142 - trainer - [0/2583] Loss: 7.1908 Loss_contra: 0.0395
2026/03/27 11:31:54 - __main__ - INFO - 142 - trainer - [517/2583] Loss: 7.2182 Loss_contra: 0.0383
2026/03/27 11:33:40 - __main__ - INFO - 142 - trainer - [1034/2583] Loss: 7.2291 Loss_contra: 0.0370
2026/03/27 11:35:27 - __main__ - INFO - 142 - trainer - [1551/2583] Loss: 7.1837 Loss_contra: 0.0391
2026/03/27 11:37:15 - __main__ - INFO - 142 - trainer - [2068/2583] Loss: 7.1929 Loss_contra: 0.0348
2026/03/27 11:39:02 - __main__ - INFO - 124 - trainer - Epoch: 8
2026/03/27 11:39:03 - __main__ - INFO - 142 - trainer - [0/2583] Loss: 7.1842 Loss_contra: 0.0365
2026/03/27 11:40:49 - __main__ - INFO - 142 - trainer - [517/2583] Loss: 7.1910 Loss_contra: 0.0386
2026/03/27 11:42:35 - __main__ - INFO - 142 - trainer - [1034/2583] Loss: 7.1236 Loss_contra: 0.0380
2026/03/27 11:44:22 - __main__ - INFO - 142 - trainer - [1551/2583] Loss: 7.1974 Loss_contra: 0.0341
2026/03/27 11:46:17 - __main__ - INFO - 142 - trainer - [2068/2583] Loss: 7.1586 Loss_contra: 0.0361
2026/03/27 11:48:04 - __main__ - INFO - 152 - trainer - start predicting: 2026-03-27 11:48:04.417192
2026/03/27 11:53:53 - __main__ - INFO - 187 - trainer - {'Best_HR@5': 6.9556, 'Best_NDCG@5': 4.5185, 'Best_HR@10': 11.1451, 'Best_NDCG@10': 5.8632, 'Best_HR@20': 17.161, 'Best_NDCG@20': 7.3757}
2026/03/27 11:53:53 - __main__ - INFO - 188 - trainer - {'Best_epoch_HR@5': 8, 'Best_epoch_NDCG@5': 8, 'Best_epoch_HR@10': 8, 'Best_epoch_NDCG@10': 8, 'Best_epoch_HR@20': 8, 'Best_epoch_NDCG@20': 8}
2026/03/27 11:53:53 - __main__ - INFO - 124 - trainer - Epoch: 9
2026/03/27 11:53:54 - __main__ - INFO - 142 - trainer - [0/2583] Loss: 7.0791 Loss_contra: 0.0346
2026/03/27 11:55:48 - __main__ - INFO - 142 - trainer - [517/2583] Loss: 7.0546 Loss_contra: 0.0339
2026/03/27 11:57:41 - __main__ - INFO - 142 - trainer - [1034/2583] Loss: 7.1535 Loss_contra: 0.0337
2026/03/27 11:59:37 - __main__ - INFO - 142 - trainer - [1551/2583] Loss: 7.0171 Loss_contra: 0.0346
2026/03/27 12:01:23 - __main__ - INFO - 142 - trainer - [2068/2583] Loss: 7.0776 Loss_contra: 0.0335
2026/03/27 12:03:11 - __main__ - INFO - 124 - trainer - Epoch: 10
2026/03/27 12:03:12 - __main__ - INFO - 142 - trainer - [0/2583] Loss: 7.1216 Loss_contra: 0.0320
2026/03/27 12:04:58 - __main__ - INFO - 142 - trainer - [517/2583] Loss: 7.0903 Loss_contra: 0.0322
2026/03/27 12:06:45 - __main__ - INFO - 142 - trainer - [1034/2583] Loss: 7.0696 Loss_contra: 0.0341
2026/03/27 12:08:31 - __main__ - INFO - 142 - trainer - [1551/2583] Loss: 7.0869 Loss_contra: 0.0322
2026/03/27 12:10:23 - __main__ - INFO - 142 - trainer - [2068/2583] Loss: 7.1079 Loss_contra: 0.0348
2026/03/27 12:12:18 - __main__ - INFO - 152 - trainer - start predicting: 2026-03-27 12:12:18.333378
2026/03/27 12:18:12 - __main__ - INFO - 187 - trainer - {'Best_HR@5': 7.1171, 'Best_NDCG@5': 4.6171, 'Best_HR@10': 11.3453, 'Best_NDCG@10': 5.9751, 'Best_HR@20': 17.3694, 'Best_NDCG@20': 7.4886}
2026/03/27 12:18:12 - __main__ - INFO - 188 - trainer - {'Best_epoch_HR@5': 10, 'Best_epoch_NDCG@5': 10, 'Best_epoch_HR@10': 10, 'Best_epoch_NDCG@10': 10, 'Best_epoch_HR@20': 10, 'Best_epoch_NDCG@20': 10}
2026/03/27 12:18:12 - __main__ - INFO - 124 - trainer - Epoch: 11
2026/03/27 12:18:12 - __main__ - INFO - 142 - trainer - [0/2583] Loss: 6.9742 Loss_contra: 0.0323
2026/03/27 12:20:05 - __main__ - INFO - 142 - trainer - [517/2583] Loss: 7.0312 Loss_contra: 0.0307
2026/03/27 12:21:56 - __main__ - INFO - 142 - trainer - [1034/2583] Loss: 7.0944 Loss_contra: 0.0286
2026/03/27 12:23:46 - __main__ - INFO - 142 - trainer - [1551/2583] Loss: 7.0456 Loss_contra: 0.0299
2026/03/27 12:25:36 - __main__ - INFO - 142 - trainer - [2068/2583] Loss: 7.1000 Loss_contra: 0.0310
2026/03/27 12:27:23 - __main__ - INFO - 124 - trainer - Epoch: 12
2026/03/27 12:27:23 - __main__ - INFO - 142 - trainer - [0/2583] Loss: 7.0852 Loss_contra: 0.0274
2026/03/27 12:29:08 - __main__ - INFO - 142 - trainer - [517/2583] Loss: 6.9826 Loss_contra: 0.0290
2026/03/27 12:30:53 - __main__ - INFO - 142 - trainer - [1034/2583] Loss: 7.0823 Loss_contra: 0.0283
2026/03/27 12:32:40 - __main__ - INFO - 142 - trainer - [1551/2583] Loss: 7.0207 Loss_contra: 0.0288
2026/03/27 12:34:25 - __main__ - INFO - 142 - trainer - [2068/2583] Loss: 7.0437 Loss_contra: 0.0290
2026/03/27 12:36:11 - __main__ - INFO - 152 - trainer - start predicting: 2026-03-27 12:36:11.820944
2026/03/27 12:41:59 - __main__ - INFO - 187 - trainer - {'Best_HR@5': 7.2844, 'Best_NDCG@5': 4.73, 'Best_HR@10': 11.5584, 'Best_NDCG@10': 6.103, 'Best_HR@20': 17.692, 'Best_NDCG@20': 7.6438}
2026/03/27 12:41:59 - __main__ - INFO - 188 - trainer - {'Best_epoch_HR@5': 12, 'Best_epoch_NDCG@5': 12, 'Best_epoch_HR@10': 12, 'Best_epoch_NDCG@10': 12, 'Best_epoch_HR@20': 12, 'Best_epoch_NDCG@20': 12}
2026/03/27 12:41:59 - __main__ - INFO - 124 - trainer - Epoch: 13
2026/03/27 12:42:00 - __main__ - INFO - 142 - trainer - [0/2583] Loss: 6.8993 Loss_contra: 0.0281
2026/03/27 12:43:46 - __main__ - INFO - 142 - trainer - [517/2583] Loss: 7.0783 Loss_contra: 0.0279
2026/03/27 12:45:32 - __main__ - INFO - 142 - trainer - [1034/2583] Loss: 7.0622 Loss_contra: 0.0254
2026/03/27 12:47:17 - __main__ - INFO - 142 - trainer - [1551/2583] Loss: 7.0365 Loss_contra: 0.0279
2026/03/27 12:49:04 - __main__ - INFO - 142 - trainer - [2068/2583] Loss: 7.0529 Loss_contra: 0.0281
2026/03/27 12:50:49 - __main__ - INFO - 124 - trainer - Epoch: 14
2026/03/27 12:50:50 - __main__ - INFO - 142 - trainer - [0/2583] Loss: 7.0396 Loss_contra: 0.0264
2026/03/27 12:52:35 - __main__ - INFO - 142 - trainer - [517/2583] Loss: 7.0428 Loss_contra: 0.0260
2026/03/27 12:54:20 - __main__ - INFO - 142 - trainer - [1034/2583] Loss: 7.0494 Loss_contra: 0.0240
2026/03/27 12:56:05 - __main__ - INFO - 142 - trainer - [1551/2583] Loss: 6.9160 Loss_contra: 0.0246
2026/03/27 12:57:52 - __main__ - INFO - 142 - trainer - [2068/2583] Loss: 7.0246 Loss_contra: 0.0246
2026/03/27 12:59:36 - __main__ - INFO - 152 - trainer - start predicting: 2026-03-27 12:59:36.500400
2026/03/27 13:05:22 - __main__ - INFO - 187 - trainer - {'Best_HR@5': 7.2844, 'Best_NDCG@5': 4.73, 'Best_HR@10': 11.6126, 'Best_NDCG@10': 6.103, 'Best_HR@20': 17.692, 'Best_NDCG@20': 7.6438}
2026/03/27 13:05:22 - __main__ - INFO - 188 - trainer - {'Best_epoch_HR@5': 12, 'Best_epoch_NDCG@5': 12, 'Best_epoch_HR@10': 14, 'Best_epoch_NDCG@10': 12, 'Best_epoch_HR@20': 12, 'Best_epoch_NDCG@20': 12}
2026/03/27 13:05:22 - __main__ - INFO - 124 - trainer - Epoch: 15
2026/03/27 13:05:23 - __main__ - INFO - 142 - trainer - [0/2583] Loss: 6.9497 Loss_contra: 0.0249
2026/03/27 13:07:07 - __main__ - INFO - 142 - trainer - [517/2583] Loss: 6.9630 Loss_contra: 0.0252
2026/03/27 13:08:52 - __main__ - INFO - 142 - trainer - [1034/2583] Loss: 7.0154 Loss_contra: 0.0249
2026/03/27 13:10:37 - __main__ - INFO - 142 - trainer - [1551/2583] Loss: 7.0569 Loss_contra: 0.0253
2026/03/27 13:12:21 - __main__ - INFO - 142 - trainer - [2068/2583] Loss: 7.1616 Loss_contra: 0.0234
2026/03/27 13:14:06 - __main__ - INFO - 124 - trainer - Epoch: 16
2026/03/27 13:14:07 - __main__ - INFO - 142 - trainer - [0/2583] Loss: 6.9907 Loss_contra: 0.0239
2026/03/27 13:15:52 - __main__ - INFO - 142 - trainer - [517/2583] Loss: 7.0016 Loss_contra: 0.0237
2026/03/27 13:17:37 - __main__ - INFO - 142 - trainer - [1034/2583] Loss: 6.9989 Loss_contra: 0.0239
2026/03/27 13:19:23 - __main__ - INFO - 142 - trainer - [1551/2583] Loss: 6.9254 Loss_contra: 0.0236
2026/03/27 13:21:09 - __main__ - INFO - 142 - trainer - [2068/2583] Loss: 7.0791 Loss_contra: 0.0236
2026/03/27 13:22:54 - __main__ - INFO - 152 - trainer - start predicting: 2026-03-27 13:22:54.924303
2026/03/27 13:28:44 - __main__ - INFO - 187 - trainer - {'Best_HR@5': 7.461, 'Best_NDCG@5': 4.8524, 'Best_HR@10': 11.9286, 'Best_NDCG@10': 6.2883, 'Best_HR@20': 18.1082, 'Best_NDCG@20': 7.8413}
2026/03/27 13:28:44 - __main__ - INFO - 188 - trainer - {'Best_epoch_HR@5': 16, 'Best_epoch_NDCG@5': 16, 'Best_epoch_HR@10': 16, 'Best_epoch_NDCG@10': 16, 'Best_epoch_HR@20': 16, 'Best_epoch_NDCG@20': 16}
2026/03/27 13:28:44 - __main__ - INFO - 124 - trainer - Epoch: 17
2026/03/27 13:28:44 - __main__ - INFO - 142 - trainer - [0/2583] Loss: 7.0062 Loss_contra: 0.0251
2026/03/27 13:30:35 - __main__ - INFO - 142 - trainer - [517/2583] Loss: 6.9383 Loss_contra: 0.0234
2026/03/27 13:32:26 - __main__ - INFO - 142 - trainer - [1034/2583] Loss: 6.8831 Loss_contra: 0.0227
2026/03/27 13:34:15 - __main__ - INFO - 142 - trainer - [1551/2583] Loss: 6.9387 Loss_contra: 0.0216
2026/03/27 13:36:05 - __main__ - INFO - 142 - trainer - [2068/2583] Loss: 7.0740 Loss_contra: 0.0230
2026/03/27 13:37:56 - __main__ - INFO - 124 - trainer - Epoch: 18
2026/03/27 13:37:57 - __main__ - INFO - 142 - trainer - [0/2583] Loss: 7.0463 Loss_contra: 0.0234
2026/03/27 13:39:46 - __main__ - INFO - 142 - trainer - [517/2583] Loss: 6.9998 Loss_contra: 0.0222
2026/03/27 13:41:37 - __main__ - INFO - 142 - trainer - [1034/2583] Loss: 6.9463 Loss_contra: 0.0216
2026/03/27 13:43:27 - __main__ - INFO - 142 - trainer - [1551/2583] Loss: 6.9660 Loss_contra: 0.0215
2026/03/27 13:45:14 - __main__ - INFO - 142 - trainer - [2068/2583] Loss: 7.0447 Loss_contra: 0.0228
2026/03/27 13:46:59 - __main__ - INFO - 152 - trainer - start predicting: 2026-03-27 13:46:59.362006
2026/03/27 13:52:47 - __main__ - INFO - 124 - trainer - Epoch: 19
2026/03/27 13:52:47 - __main__ - INFO - 142 - trainer - [0/2583] Loss: 6.9227 Loss_contra: 0.0219
2026/03/27 13:54:32 - __main__ - INFO - 142 - trainer - [517/2583] Loss: 6.9011 Loss_contra: 0.0208
2026/03/27 13:56:18 - __main__ - INFO - 142 - trainer - [1034/2583] Loss: 6.8580 Loss_contra: 0.0205
2026/03/27 13:58:04 - __main__ - INFO - 142 - trainer - [1551/2583] Loss: 6.9600 Loss_contra: 0.0202
2026/03/27 13:59:50 - __main__ - INFO - 142 - trainer - [2068/2583] Loss: 6.9537 Loss_contra: 0.0192
2026/03/27 14:01:34 - __main__ - INFO - 124 - trainer - Epoch: 20
2026/03/27 14:01:35 - __main__ - INFO - 142 - trainer - [0/2583] Loss: 6.9236 Loss_contra: 0.0204
2026/03/27 14:03:21 - __main__ - INFO - 142 - trainer - [517/2583] Loss: 6.9978 Loss_contra: 0.0196
2026/03/27 14:05:06 - __main__ - INFO - 142 - trainer - [1034/2583] Loss: 7.0253 Loss_contra: 0.0215
2026/03/27 14:06:52 - __main__ - INFO - 142 - trainer - [1551/2583] Loss: 6.9792 Loss_contra: 0.0202
2026/03/27 14:08:39 - __main__ - INFO - 142 - trainer - [2068/2583] Loss: 7.0111 Loss_contra: 0.0198
2026/03/27 14:10:24 - __main__ - INFO - 152 - trainer - start predicting: 2026-03-27 14:10:24.970480
2026/03/27 14:16:14 - __main__ - INFO - 187 - trainer - {'Best_HR@5': 7.4693, 'Best_NDCG@5': 4.8569, 'Best_HR@10': 11.9286, 'Best_NDCG@10': 6.2883, 'Best_HR@20': 18.1082, 'Best_NDCG@20': 7.8413}
2026/03/27 14:16:14 - __main__ - INFO - 188 - trainer - {'Best_epoch_HR@5': 20, 'Best_epoch_NDCG@5': 20, 'Best_epoch_HR@10': 16, 'Best_epoch_NDCG@10': 16, 'Best_epoch_HR@20': 16, 'Best_epoch_NDCG@20': 16}
2026/03/27 14:16:14 - __main__ - INFO - 124 - trainer - Epoch: 21
2026/03/27 14:16:14 - __main__ - INFO - 142 - trainer - [0/2583] Loss: 6.9092 Loss_contra: 0.0206
2026/03/27 14:17:59 - __main__ - INFO - 142 - trainer - [517/2583] Loss: 6.9415 Loss_contra: 0.0186
2026/03/27 14:19:45 - __main__ - INFO - 142 - trainer - [1034/2583] Loss: 7.0136 Loss_contra: 0.0189
2026/03/27 14:21:30 - __main__ - INFO - 142 - trainer - [1551/2583] Loss: 6.8973 Loss_contra: 0.0192
2026/03/27 14:23:15 - __main__ - INFO - 142 - trainer - [2068/2583] Loss: 6.9307 Loss_contra: 0.0186
2026/03/27 14:25:05 - __main__ - INFO - 124 - trainer - Epoch: 22
2026/03/27 14:25:05 - __main__ - INFO - 142 - trainer - [0/2583] Loss: 6.9253 Loss_contra: 0.0191
2026/03/27 14:26:55 - __main__ - INFO - 142 - trainer - [517/2583] Loss: 6.8926 Loss_contra: 0.0179
2026/03/27 14:28:46 - __main__ - INFO - 142 - trainer - [1034/2583] Loss: 6.9533 Loss_contra: 0.0187
2026/03/27 14:30:38 - __main__ - INFO - 142 - trainer - [1551/2583] Loss: 6.9293 Loss_contra: 0.0187
2026/03/27 14:32:28 - __main__ - INFO - 142 - trainer - [2068/2583] Loss: 6.8424 Loss_contra: 0.0185
2026/03/27 14:34:19 - __main__ - INFO - 152 - trainer - start predicting: 2026-03-27 14:34:19.018518
2026/03/27 14:40:11 - __main__ - INFO - 187 - trainer - {'Best_HR@5': 7.4958, 'Best_NDCG@5': 4.8648, 'Best_HR@10': 11.9286, 'Best_NDCG@10': 6.2883, 'Best_HR@20': 18.1082, 'Best_NDCG@20': 7.8413}
2026/03/27 14:40:11 - __main__ - INFO - 188 - trainer - {'Best_epoch_HR@5': 22, 'Best_epoch_NDCG@5': 22, 'Best_epoch_HR@10': 16, 'Best_epoch_NDCG@10': 16, 'Best_epoch_HR@20': 16, 'Best_epoch_NDCG@20': 16}
2026/03/27 14:40:11 - __main__ - INFO - 124 - trainer - Epoch: 23
2026/03/27 14:40:11 - __main__ - INFO - 142 - trainer - [0/2583] Loss: 6.9212 Loss_contra: 0.0181
2026/03/27 14:41:58 - __main__ - INFO - 142 - trainer - [517/2583] Loss: 6.9212 Loss_contra: 0.0194
2026/03/27 14:43:44 - __main__ - INFO - 142 - trainer - [1034/2583] Loss: 6.7328 Loss_contra: 0.0188
2026/03/27 14:45:28 - __main__ - INFO - 142 - trainer - [1551/2583] Loss: 6.9831 Loss_contra: 0.0175
2026/03/27 14:47:14 - __main__ - INFO - 142 - trainer - [2068/2583] Loss: 6.8525 Loss_contra: 0.0173
2026/03/27 14:49:00 - __main__ - INFO - 124 - trainer - Epoch: 24
2026/03/27 14:49:01 - __main__ - INFO - 142 - trainer - [0/2583] Loss: 6.8420 Loss_contra: 0.0174
2026/03/27 14:50:46 - __main__ - INFO - 142 - trainer - [517/2583] Loss: 6.9412 Loss_contra: 0.0190
2026/03/27 14:52:33 - __main__ - INFO - 142 - trainer - [1034/2583] Loss: 6.8529 Loss_contra: 0.0170
2026/03/27 14:54:19 - __main__ - INFO - 142 - trainer - [1551/2583] Loss: 6.9396 Loss_contra: 0.0179
2026/03/27 14:56:07 - __main__ - INFO - 142 - trainer - [2068/2583] Loss: 6.9920 Loss_contra: 0.0170
2026/03/27 14:57:57 - __main__ - INFO - 152 - trainer - start predicting: 2026-03-27 14:57:57.579339
2026/03/27 15:03:50 - __main__ - INFO - 187 - trainer - {'Best_HR@5': 7.6454, 'Best_NDCG@5': 4.963, 'Best_HR@10': 12.0876, 'Best_NDCG@10': 6.3901, 'Best_HR@20': 18.4196, 'Best_NDCG@20': 7.9823}
2026/03/27 15:03:50 - __main__ - INFO - 188 - trainer - {'Best_epoch_HR@5': 24, 'Best_epoch_NDCG@5': 24, 'Best_epoch_HR@10': 24, 'Best_epoch_NDCG@10': 24, 'Best_epoch_HR@20': 24, 'Best_epoch_NDCG@20': 24}
2026/03/27 15:03:50 - __main__ - INFO - 124 - trainer - Epoch: 25
2026/03/27 15:03:50 - __main__ - INFO - 142 - trainer - [0/2583] Loss: 6.8769 Loss_contra: 0.0192
2026/03/27 15:05:40 - __main__ - INFO - 142 - trainer - [517/2583] Loss: 6.9226 Loss_contra: 0.0165
2026/03/27 15:07:31 - __main__ - INFO - 142 - trainer - [1034/2583] Loss: 6.9080 Loss_contra: 0.0172
2026/03/27 15:09:21 - __main__ - INFO - 142 - trainer - [1551/2583] Loss: 6.9087 Loss_contra: 0.0181
2026/03/27 15:11:13 - __main__ - INFO - 142 - trainer - [2068/2583] Loss: 6.9170 Loss_contra: 0.0173
2026/03/27 15:13:01 - __main__ - INFO - 124 - trainer - Epoch: 26
2026/03/27 15:13:01 - __main__ - INFO - 142 - trainer - [0/2583] Loss: 6.8622 Loss_contra: 0.0175
2026/03/27 15:14:48 - __main__ - INFO - 142 - trainer - [517/2583] Loss: 6.7933 Loss_contra: 0.0178
2026/03/27 15:16:34 - __main__ - INFO - 142 - trainer - [1034/2583] Loss: 6.8761 Loss_contra: 0.0180
2026/03/27 15:18:20 - __main__ - INFO - 142 - trainer - [1551/2583] Loss: 6.8039 Loss_contra: 0.0175
2026/03/27 15:20:06 - __main__ - INFO - 142 - trainer - [2068/2583] Loss: 6.8737 Loss_contra: 0.0167
2026/03/27 15:21:55 - __main__ - INFO - 152 - trainer - start predicting: 2026-03-27 15:21:55.026095
2026/03/27 15:27:49 - __main__ - INFO - 124 - trainer - Epoch: 27
2026/03/27 15:27:49 - __main__ - INFO - 142 - trainer - [0/2583] Loss: 6.9618 Loss_contra: 0.0162
2026/03/27 15:29:40 - __main__ - INFO - 142 - trainer - [517/2583] Loss: 6.9510 Loss_contra: 0.0154
2026/03/27 15:31:31 - __main__ - INFO - 142 - trainer - [1034/2583] Loss: 6.8635 Loss_contra: 0.0152
2026/03/27 15:33:21 - __main__ - INFO - 142 - trainer - [1551/2583] Loss: 6.8372 Loss_contra: 0.0149
2026/03/27 15:35:09 - __main__ - INFO - 142 - trainer - [2068/2583] Loss: 6.9500 Loss_contra: 0.0164
2026/03/27 15:36:58 - __main__ - INFO - 124 - trainer - Epoch: 28
2026/03/27 15:36:59 - __main__ - INFO - 142 - trainer - [0/2583] Loss: 6.8538 Loss_contra: 0.0164
2026/03/27 15:38:46 - __main__ - INFO - 142 - trainer - [517/2583] Loss: 7.0105 Loss_contra: 0.0153
2026/03/27 15:40:32 - __main__ - INFO - 142 - trainer - [1034/2583] Loss: 7.0166 Loss_contra: 0.0164
2026/03/27 15:42:22 - __main__ - INFO - 142 - trainer - [1551/2583] Loss: 6.9183 Loss_contra: 0.0163
2026/03/27 15:44:13 - __main__ - INFO - 142 - trainer - [2068/2583] Loss: 6.8761 Loss_contra: 0.0162
2026/03/27 15:46:04 - __main__ - INFO - 152 - trainer - start predicting: 2026-03-27 15:46:04.250174
2026/03/27 15:51:56 - __main__ - INFO - 124 - trainer - Epoch: 29
2026/03/27 15:51:57 - __main__ - INFO - 142 - trainer - [0/2583] Loss: 6.8742 Loss_contra: 0.0172
2026/03/27 15:53:46 - __main__ - INFO - 142 - trainer - [517/2583] Loss: 6.8357 Loss_contra: 0.0152
2026/03/27 15:55:36 - __main__ - INFO - 142 - trainer - [1034/2583] Loss: 6.9470 Loss_contra: 0.0155
2026/03/27 15:57:25 - __main__ - INFO - 142 - trainer - [1551/2583] Loss: 6.8815 Loss_contra: 0.0156
2026/03/27 15:59:12 - __main__ - INFO - 142 - trainer - [2068/2583] Loss: 6.8796 Loss_contra: 0.0157
2026/03/27 16:00:57 - __main__ - INFO - 124 - trainer - Epoch: 30
2026/03/27 16:00:58 - __main__ - INFO - 142 - trainer - [0/2583] Loss: 6.7759 Loss_contra: 0.0153
2026/03/27 16:02:42 - __main__ - INFO - 142 - trainer - [517/2583] Loss: 6.8387 Loss_contra: 0.0159
2026/03/27 16:04:28 - __main__ - INFO - 142 - trainer - [1034/2583] Loss: 6.8941 Loss_contra: 0.0150
2026/03/27 16:06:13 - __main__ - INFO - 142 - trainer - [1551/2583] Loss: 6.8687 Loss_contra: 0.0156
2026/03/27 16:07:59 - __main__ - INFO - 142 - trainer - [2068/2583] Loss: 6.8233 Loss_contra: 0.0147
2026/03/27 16:09:44 - __main__ - INFO - 152 - trainer - start predicting: 2026-03-27 16:09:44.340786
2026/03/27 16:15:30 - __main__ - INFO - 124 - trainer - Epoch: 31
2026/03/27 16:15:30 - __main__ - INFO - 142 - trainer - [0/2583] Loss: 6.8850 Loss_contra: 0.0151
2026/03/27 16:17:17 - __main__ - INFO - 142 - trainer - [517/2583] Loss: 6.8157 Loss_contra: 0.0145
2026/03/27 16:19:03 - __main__ - INFO - 142 - trainer - [1034/2583] Loss: 6.9049 Loss_contra: 0.0147
2026/03/27 16:20:49 - __main__ - INFO - 142 - trainer - [1551/2583] Loss: 6.9144 Loss_contra: 0.0151
2026/03/27 16:22:35 - __main__ - INFO - 142 - trainer - [2068/2583] Loss: 6.7927 Loss_contra: 0.0153
2026/03/27 16:24:20 - __main__ - INFO - 124 - trainer - Epoch: 32
2026/03/27 16:24:21 - __main__ - INFO - 142 - trainer - [0/2583] Loss: 6.9266 Loss_contra: 0.0150
2026/03/27 16:26:07 - __main__ - INFO - 142 - trainer - [517/2583] Loss: 6.8245 Loss_contra: 0.0139
2026/03/27 16:27:54 - __main__ - INFO - 142 - trainer - [1034/2583] Loss: 6.8832 Loss_contra: 0.0151
2026/03/27 16:29:40 - __main__ - INFO - 142 - trainer - [1551/2583] Loss: 6.8875 Loss_contra: 0.0156
2026/03/27 16:31:28 - __main__ - INFO - 142 - trainer - [2068/2583] Loss: 6.8257 Loss_contra: 0.0146
2026/03/27 16:33:18 - __main__ - INFO - 152 - trainer - start predicting: 2026-03-27 16:33:18.909604
2026/03/27 16:39:10 - __main__ - INFO - 187 - trainer - {'Best_HR@5': 7.79, 'Best_NDCG@5': 5.0717, 'Best_HR@10': 12.182, 'Best_NDCG@10': 6.4824, 'Best_HR@20': 18.5578, 'Best_NDCG@20': 8.0849}
2026/03/27 16:39:10 - __main__ - INFO - 188 - trainer - {'Best_epoch_HR@5': 32, 'Best_epoch_NDCG@5': 32, 'Best_epoch_HR@10': 32, 'Best_epoch_NDCG@10': 32, 'Best_epoch_HR@20': 32, 'Best_epoch_NDCG@20': 32}
2026/03/27 16:39:10 - __main__ - INFO - 124 - trainer - Epoch: 33
2026/03/27 16:39:11 - __main__ - INFO - 142 - trainer - [0/2583] Loss: 6.9381 Loss_contra: 0.0149
2026/03/27 16:41:01 - __main__ - INFO - 142 - trainer - [517/2583] Loss: 7.0038 Loss_contra: 0.0145
2026/03/27 16:42:50 - __main__ - INFO - 142 - trainer - [1034/2583] Loss: 6.9861 Loss_contra: 0.0145
2026/03/27 16:44:41 - __main__ - INFO - 142 - trainer - [1551/2583] Loss: 6.8731 Loss_contra: 0.0149
2026/03/27 16:46:32 - __main__ - INFO - 142 - trainer - [2068/2583] Loss: 6.9377 Loss_contra: 0.0155
2026/03/27 16:48:18 - __main__ - INFO - 124 - trainer - Epoch: 34
2026/03/27 16:48:19 - __main__ - INFO - 142 - trainer - [0/2583] Loss: 6.8271 Loss_contra: 0.0144
2026/03/27 16:50:05 - __main__ - INFO - 142 - trainer - [517/2583] Loss: 6.8066 Loss_contra: 0.0144
2026/03/27 16:51:51 - __main__ - INFO - 142 - trainer - [1034/2583] Loss: 6.7991 Loss_contra: 0.0140
2026/03/27 16:53:36 - __main__ - INFO - 142 - trainer - [1551/2583] Loss: 6.8268 Loss_contra: 0.0139
2026/03/27 16:55:24 - __main__ - INFO - 142 - trainer - [2068/2583] Loss: 6.8457 Loss_contra: 0.0147
2026/03/27 16:57:10 - __main__ - INFO - 152 - trainer - start predicting: 2026-03-27 16:57:10.237634
2026/03/27 17:02:57 - __main__ - INFO - 124 - trainer - Epoch: 35
2026/03/27 17:02:57 - __main__ - INFO - 142 - trainer - [0/2583] Loss: 6.8012 Loss_contra: 0.0154
2026/03/27 17:04:42 - __main__ - INFO - 142 - trainer - [517/2583] Loss: 6.9004 Loss_contra: 0.0130
2026/03/27 17:06:28 - __main__ - INFO - 142 - trainer - [1034/2583] Loss: 6.8921 Loss_contra: 0.0133
2026/03/27 17:08:14 - __main__ - INFO - 142 - trainer - [1551/2583] Loss: 6.8434 Loss_contra: 0.0137
2026/03/27 17:10:00 - __main__ - INFO - 142 - trainer - [2068/2583] Loss: 6.9646 Loss_contra: 0.0129
2026/03/27 17:11:45 - __main__ - INFO - 124 - trainer - Epoch: 36
2026/03/27 17:11:45 - __main__ - INFO - 142 - trainer - [0/2583] Loss: 6.7741 Loss_contra: 0.0132
2026/03/27 17:13:31 - __main__ - INFO - 142 - trainer - [517/2583] Loss: 6.8176 Loss_contra: 0.0139
2026/03/27 17:15:17 - __main__ - INFO - 142 - trainer - [1034/2583] Loss: 6.8342 Loss_contra: 0.0134
2026/03/27 17:17:04 - __main__ - INFO - 142 - trainer - [1551/2583] Loss: 6.8780 Loss_contra: 0.0133
2026/03/27 17:18:50 - __main__ - INFO - 142 - trainer - [2068/2583] Loss: 6.7333 Loss_contra: 0.0140
2026/03/27 17:20:36 - __main__ - INFO - 152 - trainer - start predicting: 2026-03-27 17:20:36.479340
2026/03/27 17:26:25 - __main__ - INFO - 187 - trainer - {'Best_HR@5': 7.79, 'Best_NDCG@5': 5.0717, 'Best_HR@10': 12.1982, 'Best_NDCG@10': 6.4824, 'Best_HR@20': 18.5578, 'Best_NDCG@20': 8.0849}
2026/03/27 17:26:25 - __main__ - INFO - 188 - trainer - {'Best_epoch_HR@5': 32, 'Best_epoch_NDCG@5': 32, 'Best_epoch_HR@10': 36, 'Best_epoch_NDCG@10': 32, 'Best_epoch_HR@20': 32, 'Best_epoch_NDCG@20': 32}
2026/03/27 17:26:25 - __main__ - INFO - 124 - trainer - Epoch: 37
2026/03/27 17:26:25 - __main__ - INFO - 142 - trainer - [0/2583] Loss: 6.8379 Loss_contra: 0.0131
2026/03/27 17:28:10 - __main__ - INFO - 142 - trainer - [517/2583] Loss: 6.8181 Loss_contra: 0.0134
2026/03/27 17:29:54 - __main__ - INFO - 142 - trainer - [1034/2583] Loss: 6.8712 Loss_contra: 0.0139
2026/03/27 17:31:39 - __main__ - INFO - 142 - trainer - [1551/2583] Loss: 6.8440 Loss_contra: 0.0127
2026/03/27 17:33:23 - __main__ - INFO - 142 - trainer - [2068/2583] Loss: 6.8137 Loss_contra: 0.0134
2026/03/27 17:35:09 - __main__ - INFO - 124 - trainer - Epoch: 38
2026/03/27 17:35:09 - __main__ - INFO - 142 - trainer - [0/2583] Loss: 6.9311 Loss_contra: 0.0128
2026/03/27 17:36:54 - __main__ - INFO - 142 - trainer - [517/2583] Loss: 6.8458 Loss_contra: 0.0132
2026/03/27 17:38:40 - __main__ - INFO - 142 - trainer - [1034/2583] Loss: 6.8684 Loss_contra: 0.0122
2026/03/27 17:40:26 - __main__ - INFO - 142 - trainer - [1551/2583] Loss: 6.8725 Loss_contra: 0.0125
2026/03/27 17:42:11 - __main__ - INFO - 142 - trainer - [2068/2583] Loss: 6.8408 Loss_contra: 0.0138
2026/03/27 17:43:56 - __main__ - INFO - 152 - trainer - start predicting: 2026-03-27 17:43:56.694196
2026/03/27 17:49:41 - __main__ - INFO - 124 - trainer - Epoch: 39
2026/03/27 17:49:42 - __main__ - INFO - 142 - trainer - [0/2583] Loss: 6.8558 Loss_contra: 0.0132
2026/03/27 17:51:28 - __main__ - INFO - 142 - trainer - [517/2583] Loss: 6.8464 Loss_contra: 0.0131
2026/03/27 17:53:15 - __main__ - INFO - 142 - trainer - [1034/2583] Loss: 6.8757 Loss_contra: 0.0129
2026/03/27 17:55:00 - __main__ - INFO - 142 - trainer - [1551/2583] Loss: 6.8451 Loss_contra: 0.0124
2026/03/27 17:56:47 - __main__ - INFO - 142 - trainer - [2068/2583] Loss: 6.9027 Loss_contra: 0.0123
2026/03/27 17:58:32 - __main__ - INFO - 124 - trainer - Epoch: 40
2026/03/27 17:58:32 - __main__ - INFO - 142 - trainer - [0/2583] Loss: 6.8721 Loss_contra: 0.0126
2026/03/27 18:00:16 - __main__ - INFO - 142 - trainer - [517/2583] Loss: 6.8840 Loss_contra: 0.0129
2026/03/27 18:02:02 - __main__ - INFO - 142 - trainer - [1034/2583] Loss: 6.8990 Loss_contra: 0.0116
2026/03/27 18:03:47 - __main__ - INFO - 142 - trainer - [1551/2583] Loss: 6.8356 Loss_contra: 0.0126
2026/03/27 18:05:33 - __main__ - INFO - 142 - trainer - [2068/2583] Loss: 6.8895 Loss_contra: 0.0121
2026/03/27 18:07:19 - __main__ - INFO - 152 - trainer - start predicting: 2026-03-27 18:07:19.054410
2026/03/27 18:13:10 - __main__ - INFO - 124 - trainer - Epoch: 41
2026/03/27 18:13:10 - __main__ - INFO - 142 - trainer - [0/2583] Loss: 6.7821 Loss_contra: 0.0127
2026/03/27 18:14:58 - __main__ - INFO - 142 - trainer - [517/2583] Loss: 6.7853 Loss_contra: 0.0116
2026/03/27 18:16:46 - __main__ - INFO - 142 - trainer - [1034/2583] Loss: 6.7937 Loss_contra: 0.0124
2026/03/27 18:18:36 - __main__ - INFO - 142 - trainer - [1551/2583] Loss: 6.7747 Loss_contra: 0.0117
2026/03/27 18:20:25 - __main__ - INFO - 142 - trainer - [2068/2583] Loss: 6.8905 Loss_contra: 0.0123
2026/03/27 18:22:12 - __main__ - INFO - 124 - trainer - Epoch: 42
2026/03/27 18:22:13 - __main__ - INFO - 142 - trainer - [0/2583] Loss: 6.7722 Loss_contra: 0.0119
2026/03/27 18:24:02 - __main__ - INFO - 142 - trainer - [517/2583] Loss: 6.8536 Loss_contra: 0.0122
2026/03/27 18:25:51 - __main__ - INFO - 142 - trainer - [1034/2583] Loss: 6.8528 Loss_contra: 0.0113
2026/03/27 18:27:39 - __main__ - INFO - 142 - trainer - [1551/2583] Loss: 6.8388 Loss_contra: 0.0120
2026/03/27 18:29:25 - __main__ - INFO - 142 - trainer - [2068/2583] Loss: 6.8700 Loss_contra: 0.0121
2026/03/27 18:31:10 - __main__ - INFO - 152 - trainer - start predicting: 2026-03-27 18:31:10.709044
