2026/04/18 10:40:39 - __main__ - INFO - 184 - main - Namespace(batch_size=1024, dataset='steam', decay_step=100, description='Diffu_norm_score', device='cuda', diffusion_steps=32, diversity_measure=False, dropout=0.1, emb_dropout=0.3, epoch_time_avg=False, epochs=300, eval_interval=2, gamma=0.1, hidden_act='gelu', hidden_size=128, history_medium_threshold=50, history_short_threshold=10, history_weight_long=0.05, history_weight_medium=0.2, history_weight_mode='piecewise', history_weight_short=0.5, item_num=13044, lambda_contra=1.0, lambda_history=1, lambda_intent=0.4, last_item_weight=1.0, log_file='log/', long_head=False, loss_lambda=0.001, lr=0.001, max_len=50, metric_ks=[5, 10, 20], momentum=None, noise_schedule='trunc_lin', num_blocks=4, num_cluster=32, num_gpu=1, num_hidden_layers=1, num_iter=20, optimizer='Adam', patience=10, random_seed=1997, rep_pad=False, rep_pad_delimiter=False, rep_pad_fixed_num=1, rep_pad_mode='rand_1_max', rescale_timesteps=True, schedule_sampler_name='lossaware', use_last_item_for_code=False, weight_decay=0)
2026/04/18 10:40:42 - __main__ - INFO - 124 - trainer - Epoch: 0
2026/04/18 10:40:43 - __main__ - INFO - 142 - trainer - [0/2583] Loss: 44.6614 Loss_contra: 0.3700
2026/04/18 10:41:33 - __main__ - INFO - 142 - trainer - [517/2583] Loss: 10.3888 Loss_contra: 0.0470
2026/04/18 10:42:24 - __main__ - INFO - 142 - trainer - [1034/2583] Loss: 9.0393 Loss_contra: 0.1801
2026/04/18 10:43:15 - __main__ - INFO - 142 - trainer - [1551/2583] Loss: 8.6393 Loss_contra: 0.1783
2026/04/18 10:44:05 - __main__ - INFO - 142 - trainer - [2068/2583] Loss: 8.3628 Loss_contra: 0.1333
2026/04/18 10:44:55 - __main__ - INFO - 124 - trainer - Epoch: 1
2026/04/18 10:44:55 - __main__ - INFO - 142 - trainer - [0/2583] Loss: 8.2947 Loss_contra: 0.1180
2026/04/18 10:45:46 - __main__ - INFO - 142 - trainer - [517/2583] Loss: 8.1760 Loss_contra: 0.1092
2026/04/18 10:46:36 - __main__ - INFO - 142 - trainer - [1034/2583] Loss: 8.0447 Loss_contra: 0.0807
2026/04/18 10:47:27 - __main__ - INFO - 142 - trainer - [1551/2583] Loss: 7.9462 Loss_contra: 0.0907
2026/04/18 10:48:18 - __main__ - INFO - 142 - trainer - [2068/2583] Loss: 7.8876 Loss_contra: 0.0935
2026/04/18 10:49:08 - __main__ - INFO - 124 - trainer - Epoch: 2
2026/04/18 10:49:08 - __main__ - INFO - 142 - trainer - [0/2583] Loss: 7.8341 Loss_contra: 0.0835
2026/04/18 10:49:59 - __main__ - INFO - 142 - trainer - [517/2583] Loss: 7.7574 Loss_contra: 0.0779
2026/04/18 10:50:49 - __main__ - INFO - 142 - trainer - [1034/2583] Loss: 7.7362 Loss_contra: 0.0754
2026/04/18 10:51:39 - __main__ - INFO - 142 - trainer - [1551/2583] Loss: 7.6692 Loss_contra: 0.0781
2026/04/18 10:52:30 - __main__ - INFO - 142 - trainer - [2068/2583] Loss: 7.5313 Loss_contra: 0.0618
2026/04/18 10:53:20 - __main__ - INFO - 152 - trainer - start predicting: 2026-04-18 10:53:20.612763
2026/04/18 10:56:08 - __main__ - INFO - 187 - trainer - {'Best_HR@5': 5.2986, 'Best_NDCG@5': 3.3929, 'Best_HR@10': 8.6835, 'Best_NDCG@10': 4.4792, 'Best_HR@20': 13.6892, 'Best_NDCG@20': 5.738}
2026/04/18 10:56:08 - __main__ - INFO - 188 - trainer - {'Best_epoch_HR@5': 2, 'Best_epoch_NDCG@5': 2, 'Best_epoch_HR@10': 2, 'Best_epoch_NDCG@10': 2, 'Best_epoch_HR@20': 2, 'Best_epoch_NDCG@20': 2}
2026/04/18 10:56:08 - __main__ - INFO - 124 - trainer - Epoch: 3
2026/04/18 10:56:08 - __main__ - INFO - 142 - trainer - [0/2583] Loss: 7.5961 Loss_contra: 0.0790
2026/04/18 10:56:58 - __main__ - INFO - 142 - trainer - [517/2583] Loss: 7.6036 Loss_contra: 0.0603
2026/04/18 10:57:48 - __main__ - INFO - 142 - trainer - [1034/2583] Loss: 7.5117 Loss_contra: 0.0601
2026/04/18 10:58:39 - __main__ - INFO - 142 - trainer - [1551/2583] Loss: 7.5838 Loss_contra: 0.0617
2026/04/18 10:59:30 - __main__ - INFO - 142 - trainer - [2068/2583] Loss: 7.4542 Loss_contra: 0.0585
2026/04/18 11:00:20 - __main__ - INFO - 124 - trainer - Epoch: 4
2026/04/18 11:00:20 - __main__ - INFO - 142 - trainer - [0/2583] Loss: 7.4210 Loss_contra: 0.0591
2026/04/18 11:01:11 - __main__ - INFO - 142 - trainer - [517/2583] Loss: 7.4145 Loss_contra: 0.0556
2026/04/18 11:02:01 - __main__ - INFO - 142 - trainer - [1034/2583] Loss: 7.4991 Loss_contra: 0.0590
2026/04/18 11:02:51 - __main__ - INFO - 142 - trainer - [1551/2583] Loss: 7.4022 Loss_contra: 0.0530
2026/04/18 11:03:42 - __main__ - INFO - 142 - trainer - [2068/2583] Loss: 7.4018 Loss_contra: 0.0522
2026/04/18 11:04:32 - __main__ - INFO - 152 - trainer - start predicting: 2026-04-18 11:04:32.743207
2026/04/18 11:07:20 - __main__ - INFO - 187 - trainer - {'Best_HR@5': 6.0086, 'Best_NDCG@5': 3.8527, 'Best_HR@10': 9.7714, 'Best_NDCG@10': 5.0597, 'Best_HR@20': 15.3171, 'Best_NDCG@20': 6.453}
2026/04/18 11:07:20 - __main__ - INFO - 188 - trainer - {'Best_epoch_HR@5': 4, 'Best_epoch_NDCG@5': 4, 'Best_epoch_HR@10': 4, 'Best_epoch_NDCG@10': 4, 'Best_epoch_HR@20': 4, 'Best_epoch_NDCG@20': 4}
2026/04/18 11:07:20 - __main__ - INFO - 124 - trainer - Epoch: 5
2026/04/18 11:07:20 - __main__ - INFO - 142 - trainer - [0/2583] Loss: 7.3882 Loss_contra: 0.0533
2026/04/18 11:08:11 - __main__ - INFO - 142 - trainer - [517/2583] Loss: 7.2785 Loss_contra: 0.0442
2026/04/18 11:09:01 - __main__ - INFO - 142 - trainer - [1034/2583] Loss: 7.3000 Loss_contra: 0.0483
2026/04/18 11:09:51 - __main__ - INFO - 142 - trainer - [1551/2583] Loss: 7.2302 Loss_contra: 0.0450
2026/04/18 11:10:42 - __main__ - INFO - 142 - trainer - [2068/2583] Loss: 7.3512 Loss_contra: 0.0475
2026/04/18 11:11:32 - __main__ - INFO - 124 - trainer - Epoch: 6
2026/04/18 11:11:32 - __main__ - INFO - 142 - trainer - [0/2583] Loss: 7.3162 Loss_contra: 0.0402
2026/04/18 11:12:23 - __main__ - INFO - 142 - trainer - [517/2583] Loss: 7.2538 Loss_contra: 0.0453
2026/04/18 11:13:13 - __main__ - INFO - 142 - trainer - [1034/2583] Loss: 7.3097 Loss_contra: 0.0414
2026/04/18 11:14:04 - __main__ - INFO - 142 - trainer - [1551/2583] Loss: 7.2587 Loss_contra: 0.0410
2026/04/18 11:14:54 - __main__ - INFO - 142 - trainer - [2068/2583] Loss: 7.2131 Loss_contra: 0.0393
2026/04/18 11:15:45 - __main__ - INFO - 152 - trainer - start predicting: 2026-04-18 11:15:45.285325
2026/04/18 11:18:32 - __main__ - INFO - 187 - trainer - {'Best_HR@5': 6.6194, 'Best_NDCG@5': 4.267, 'Best_HR@10': 10.6597, 'Best_NDCG@10': 5.5628, 'Best_HR@20': 16.4956, 'Best_NDCG@20': 7.0302}
2026/04/18 11:18:32 - __main__ - INFO - 188 - trainer - {'Best_epoch_HR@5': 6, 'Best_epoch_NDCG@5': 6, 'Best_epoch_HR@10': 6, 'Best_epoch_NDCG@10': 6, 'Best_epoch_HR@20': 6, 'Best_epoch_NDCG@20': 6}
2026/04/18 11:18:32 - __main__ - INFO - 124 - trainer - Epoch: 7
2026/04/18 11:18:32 - __main__ - INFO - 142 - trainer - [0/2583] Loss: 7.2572 Loss_contra: 0.0437
2026/04/18 11:19:23 - __main__ - INFO - 142 - trainer - [517/2583] Loss: 7.2390 Loss_contra: 0.0406
2026/04/18 11:20:13 - __main__ - INFO - 142 - trainer - [1034/2583] Loss: 7.1863 Loss_contra: 0.0410
2026/04/18 11:21:04 - __main__ - INFO - 142 - trainer - [1551/2583] Loss: 7.1423 Loss_contra: 0.0387
2026/04/18 11:21:55 - __main__ - INFO - 142 - trainer - [2068/2583] Loss: 7.1502 Loss_contra: 0.0386
2026/04/18 11:22:45 - __main__ - INFO - 124 - trainer - Epoch: 8
2026/04/18 11:22:45 - __main__ - INFO - 142 - trainer - [0/2583] Loss: 7.1938 Loss_contra: 0.0343
2026/04/18 11:23:35 - __main__ - INFO - 142 - trainer - [517/2583] Loss: 7.1048 Loss_contra: 0.0364
2026/04/18 11:24:26 - __main__ - INFO - 142 - trainer - [1034/2583] Loss: 7.2058 Loss_contra: 0.0344
2026/04/18 11:25:16 - __main__ - INFO - 142 - trainer - [1551/2583] Loss: 7.1557 Loss_contra: 0.0375
2026/04/18 11:26:07 - __main__ - INFO - 142 - trainer - [2068/2583] Loss: 7.1346 Loss_contra: 0.0329
2026/04/18 11:26:57 - __main__ - INFO - 152 - trainer - start predicting: 2026-04-18 11:26:57.659679
2026/04/18 11:29:45 - __main__ - INFO - 187 - trainer - {'Best_HR@5': 6.8211, 'Best_NDCG@5': 4.3876, 'Best_HR@10': 10.9752, 'Best_NDCG@10': 5.7198, 'Best_HR@20': 16.8375, 'Best_NDCG@20': 7.1931}
2026/04/18 11:29:45 - __main__ - INFO - 188 - trainer - {'Best_epoch_HR@5': 8, 'Best_epoch_NDCG@5': 8, 'Best_epoch_HR@10': 8, 'Best_epoch_NDCG@10': 8, 'Best_epoch_HR@20': 8, 'Best_epoch_NDCG@20': 8}
2026/04/18 11:29:45 - __main__ - INFO - 124 - trainer - Epoch: 9
2026/04/18 11:29:45 - __main__ - INFO - 142 - trainer - [0/2583] Loss: 7.1494 Loss_contra: 0.0391
2026/04/18 11:30:36 - __main__ - INFO - 142 - trainer - [517/2583] Loss: 7.1555 Loss_contra: 0.0334
2026/04/18 11:31:26 - __main__ - INFO - 142 - trainer - [1034/2583] Loss: 7.1167 Loss_contra: 0.0344
2026/04/18 11:32:16 - __main__ - INFO - 142 - trainer - [1551/2583] Loss: 7.0330 Loss_contra: 0.0313
2026/04/18 11:33:07 - __main__ - INFO - 142 - trainer - [2068/2583] Loss: 7.1703 Loss_contra: 0.0331
2026/04/18 11:33:57 - __main__ - INFO - 124 - trainer - Epoch: 10
2026/04/18 11:33:57 - __main__ - INFO - 142 - trainer - [0/2583] Loss: 7.0848 Loss_contra: 0.0305
2026/04/18 11:34:48 - __main__ - INFO - 142 - trainer - [517/2583] Loss: 7.0321 Loss_contra: 0.0345
2026/04/18 11:35:38 - __main__ - INFO - 142 - trainer - [1034/2583] Loss: 7.0699 Loss_contra: 0.0302
2026/04/18 11:36:29 - __main__ - INFO - 142 - trainer - [1551/2583] Loss: 6.9557 Loss_contra: 0.0276
2026/04/18 11:37:19 - __main__ - INFO - 142 - trainer - [2068/2583] Loss: 6.8223 Loss_contra: 0.0313
2026/04/18 11:38:10 - __main__ - INFO - 152 - trainer - start predicting: 2026-04-18 11:38:10.231811
2026/04/18 11:40:57 - __main__ - INFO - 124 - trainer - Epoch: 11
2026/04/18 11:40:57 - __main__ - INFO - 142 - trainer - [0/2583] Loss: 6.7422 Loss_contra: 0.0373
2026/04/18 11:41:48 - __main__ - INFO - 142 - trainer - [517/2583] Loss: 6.5214 Loss_contra: 0.0400
2026/04/18 11:42:38 - __main__ - INFO - 142 - trainer - [1034/2583] Loss: 6.2946 Loss_contra: 0.0381
2026/04/18 11:43:29 - __main__ - INFO - 142 - trainer - [1551/2583] Loss: 6.2440 Loss_contra: 0.0367
2026/04/18 11:44:19 - __main__ - INFO - 142 - trainer - [2068/2583] Loss: 5.9595 Loss_contra: 0.0364
2026/04/18 11:45:10 - __main__ - INFO - 124 - trainer - Epoch: 12
2026/04/18 11:45:10 - __main__ - INFO - 142 - trainer - [0/2583] Loss: 5.9560 Loss_contra: 0.0346
2026/04/18 11:46:00 - __main__ - INFO - 142 - trainer - [517/2583] Loss: 5.8720 Loss_contra: 0.0309
2026/04/18 11:46:51 - __main__ - INFO - 142 - trainer - [1034/2583] Loss: 5.6581 Loss_contra: 0.0284
2026/04/18 11:47:41 - __main__ - INFO - 142 - trainer - [1551/2583] Loss: 5.5741 Loss_contra: 0.0306
2026/04/18 11:48:32 - __main__ - INFO - 142 - trainer - [2068/2583] Loss: 5.6068 Loss_contra: 0.0260
2026/04/18 11:49:22 - __main__ - INFO - 152 - trainer - start predicting: 2026-04-18 11:49:22.472801
2026/04/18 11:52:09 - __main__ - INFO - 124 - trainer - Epoch: 13
2026/04/18 11:52:10 - __main__ - INFO - 142 - trainer - [0/2583] Loss: 5.3166 Loss_contra: 0.0241
2026/04/18 11:53:00 - __main__ - INFO - 142 - trainer - [517/2583] Loss: 5.4626 Loss_contra: 0.0226
2026/04/18 11:53:51 - __main__ - INFO - 142 - trainer - [1034/2583] Loss: 5.3520 Loss_contra: 0.0246
2026/04/18 11:54:41 - __main__ - INFO - 142 - trainer - [1551/2583] Loss: 5.1818 Loss_contra: 0.0217
2026/04/18 11:55:32 - __main__ - INFO - 142 - trainer - [2068/2583] Loss: 5.1323 Loss_contra: 0.0208
2026/04/18 11:56:22 - __main__ - INFO - 124 - trainer - Epoch: 14
2026/04/18 11:56:22 - __main__ - INFO - 142 - trainer - [0/2583] Loss: 5.0881 Loss_contra: 0.0231
2026/04/18 11:57:13 - __main__ - INFO - 142 - trainer - [517/2583] Loss: 4.9183 Loss_contra: 0.0219
2026/04/18 11:58:03 - __main__ - INFO - 142 - trainer - [1034/2583] Loss: 4.7108 Loss_contra: 0.0209
2026/04/18 11:58:54 - __main__ - INFO - 142 - trainer - [1551/2583] Loss: 4.7811 Loss_contra: 0.0199
2026/04/18 11:59:44 - __main__ - INFO - 142 - trainer - [2068/2583] Loss: 4.9179 Loss_contra: 0.0203
2026/04/18 12:00:35 - __main__ - INFO - 152 - trainer - start predicting: 2026-04-18 12:00:35.000155
2026/04/18 12:03:22 - __main__ - INFO - 124 - trainer - Epoch: 15
2026/04/18 12:03:22 - __main__ - INFO - 142 - trainer - [0/2583] Loss: 4.7512 Loss_contra: 0.0182
2026/04/18 12:04:13 - __main__ - INFO - 142 - trainer - [517/2583] Loss: 4.4152 Loss_contra: 0.0181
2026/04/18 12:05:03 - __main__ - INFO - 142 - trainer - [1034/2583] Loss: 4.5374 Loss_contra: 0.0175
2026/04/18 12:05:54 - __main__ - INFO - 142 - trainer - [1551/2583] Loss: 4.5088 Loss_contra: 0.0166
2026/04/18 12:06:44 - __main__ - INFO - 142 - trainer - [2068/2583] Loss: 4.5075 Loss_contra: 0.0174
2026/04/18 12:07:35 - __main__ - INFO - 124 - trainer - Epoch: 16
2026/04/18 12:07:35 - __main__ - INFO - 142 - trainer - [0/2583] Loss: 4.4567 Loss_contra: 0.0187
2026/04/18 12:08:25 - __main__ - INFO - 142 - trainer - [517/2583] Loss: 4.3801 Loss_contra: 0.0169
2026/04/18 12:09:15 - __main__ - INFO - 142 - trainer - [1034/2583] Loss: 4.4743 Loss_contra: 0.0172
2026/04/18 12:10:06 - __main__ - INFO - 142 - trainer - [1551/2583] Loss: 4.4220 Loss_contra: 0.0171
2026/04/18 12:10:56 - __main__ - INFO - 142 - trainer - [2068/2583] Loss: 4.2917 Loss_contra: 0.0164
2026/04/18 12:11:47 - __main__ - INFO - 152 - trainer - start predicting: 2026-04-18 12:11:47.088440
2026/04/18 12:14:34 - __main__ - INFO - 124 - trainer - Epoch: 17
2026/04/18 12:14:34 - __main__ - INFO - 142 - trainer - [0/2583] Loss: 4.2889 Loss_contra: 0.0155
2026/04/18 12:15:25 - __main__ - INFO - 142 - trainer - [517/2583] Loss: 4.2298 Loss_contra: 0.0155
2026/04/18 12:16:16 - __main__ - INFO - 142 - trainer - [1034/2583] Loss: 4.6173 Loss_contra: 0.0161
2026/04/18 12:17:06 - __main__ - INFO - 142 - trainer - [1551/2583] Loss: 4.3579 Loss_contra: 0.0158
2026/04/18 12:17:56 - __main__ - INFO - 142 - trainer - [2068/2583] Loss: 4.3496 Loss_contra: 0.0166
2026/04/18 12:18:47 - __main__ - INFO - 124 - trainer - Epoch: 18
2026/04/18 12:18:47 - __main__ - INFO - 142 - trainer - [0/2583] Loss: 4.2545 Loss_contra: 0.0166
2026/04/18 12:19:37 - __main__ - INFO - 142 - trainer - [517/2583] Loss: 4.1966 Loss_contra: 0.0145
2026/04/18 12:20:28 - __main__ - INFO - 142 - trainer - [1034/2583] Loss: 4.0851 Loss_contra: 0.0151
2026/04/18 12:21:18 - __main__ - INFO - 142 - trainer - [1551/2583] Loss: 4.1447 Loss_contra: 0.0149
2026/04/18 12:22:09 - __main__ - INFO - 142 - trainer - [2068/2583] Loss: 4.2436 Loss_contra: 0.0163
2026/04/18 12:22:59 - __main__ - INFO - 152 - trainer - start predicting: 2026-04-18 12:22:59.809342
2026/04/18 12:25:47 - __main__ - INFO - 124 - trainer - Epoch: 19
2026/04/18 12:25:47 - __main__ - INFO - 142 - trainer - [0/2583] Loss: 4.0281 Loss_contra: 0.0153
2026/04/18 12:26:38 - __main__ - INFO - 142 - trainer - [517/2583] Loss: 4.1736 Loss_contra: 0.0152
2026/04/18 12:27:28 - __main__ - INFO - 142 - trainer - [1034/2583] Loss: 4.0527 Loss_contra: 0.0130
2026/04/18 12:28:18 - __main__ - INFO - 142 - trainer - [1551/2583] Loss: 4.0100 Loss_contra: 0.0153
2026/04/18 12:29:09 - __main__ - INFO - 142 - trainer - [2068/2583] Loss: 4.2095 Loss_contra: 0.0152
2026/04/18 12:29:59 - __main__ - INFO - 124 - trainer - Epoch: 20
2026/04/18 12:29:59 - __main__ - INFO - 142 - trainer - [0/2583] Loss: 4.1228 Loss_contra: 0.0148
2026/04/18 12:30:50 - __main__ - INFO - 142 - trainer - [517/2583] Loss: 4.0716 Loss_contra: 0.0152
2026/04/18 12:31:40 - __main__ - INFO - 142 - trainer - [1034/2583] Loss: 3.7646 Loss_contra: 0.0130
2026/04/18 12:32:31 - __main__ - INFO - 142 - trainer - [1551/2583] Loss: 3.8614 Loss_contra: 0.0129
2026/04/18 12:33:21 - __main__ - INFO - 142 - trainer - [2068/2583] Loss: 4.1429 Loss_contra: 0.0148
2026/04/18 12:34:12 - __main__ - INFO - 152 - trainer - start predicting: 2026-04-18 12:34:12.083023
2026/04/18 12:36:59 - __main__ - INFO - 124 - trainer - Epoch: 21
2026/04/18 12:36:59 - __main__ - INFO - 142 - trainer - [0/2583] Loss: 4.0282 Loss_contra: 0.0144
2026/04/18 12:37:50 - __main__ - INFO - 142 - trainer - [517/2583] Loss: 4.0079 Loss_contra: 0.0136
2026/04/18 12:38:40 - __main__ - INFO - 142 - trainer - [1034/2583] Loss: 3.9152 Loss_contra: 0.0132
2026/04/18 12:39:31 - __main__ - INFO - 142 - trainer - [1551/2583] Loss: 3.6982 Loss_contra: 0.0123
2026/04/18 12:40:21 - __main__ - INFO - 142 - trainer - [2068/2583] Loss: 3.7426 Loss_contra: 0.0122
2026/04/18 12:41:11 - __main__ - INFO - 124 - trainer - Epoch: 22
2026/04/18 12:41:11 - __main__ - INFO - 142 - trainer - [0/2583] Loss: 3.6413 Loss_contra: 0.0129
2026/04/18 12:42:02 - __main__ - INFO - 142 - trainer - [517/2583] Loss: 3.8546 Loss_contra: 0.0131
2026/04/18 12:42:53 - __main__ - INFO - 142 - trainer - [1034/2583] Loss: 3.7071 Loss_contra: 0.0133
2026/04/18 12:43:43 - __main__ - INFO - 142 - trainer - [1551/2583] Loss: 3.6704 Loss_contra: 0.0120
2026/04/18 12:44:33 - __main__ - INFO - 142 - trainer - [2068/2583] Loss: 3.8840 Loss_contra: 0.0117
2026/04/18 12:45:24 - __main__ - INFO - 152 - trainer - start predicting: 2026-04-18 12:45:24.387032
2026/04/18 12:48:11 - __main__ - INFO - 124 - trainer - Epoch: 23
2026/04/18 12:48:12 - __main__ - INFO - 142 - trainer - [0/2583] Loss: 3.8656 Loss_contra: 0.0126
2026/04/18 12:49:02 - __main__ - INFO - 142 - trainer - [517/2583] Loss: 3.7310 Loss_contra: 0.0117
2026/04/18 12:49:52 - __main__ - INFO - 142 - trainer - [1034/2583] Loss: 3.6211 Loss_contra: 0.0114
2026/04/18 12:50:43 - __main__ - INFO - 142 - trainer - [1551/2583] Loss: 3.8240 Loss_contra: 0.0118
2026/04/18 12:51:34 - __main__ - INFO - 142 - trainer - [2068/2583] Loss: 3.5725 Loss_contra: 0.0125
2026/04/18 12:52:24 - __main__ - INFO - 124 - trainer - Epoch: 24
2026/04/18 12:52:24 - __main__ - INFO - 142 - trainer - [0/2583] Loss: 3.6932 Loss_contra: 0.0114
2026/04/18 12:53:14 - __main__ - INFO - 142 - trainer - [517/2583] Loss: 3.7140 Loss_contra: 0.0130
2026/04/18 12:54:05 - __main__ - INFO - 142 - trainer - [1034/2583] Loss: 3.5182 Loss_contra: 0.0114
2026/04/18 12:54:55 - __main__ - INFO - 142 - trainer - [1551/2583] Loss: 3.4069 Loss_contra: 0.0113
2026/04/18 12:55:46 - __main__ - INFO - 142 - trainer - [2068/2583] Loss: 3.7561 Loss_contra: 0.0122
2026/04/18 12:56:36 - __main__ - INFO - 152 - trainer - start predicting: 2026-04-18 12:56:36.706987
2026/04/18 12:59:24 - __main__ - INFO - 124 - trainer - Epoch: 25
2026/04/18 12:59:24 - __main__ - INFO - 142 - trainer - [0/2583] Loss: 3.6884 Loss_contra: 0.0124
2026/04/18 13:00:14 - __main__ - INFO - 142 - trainer - [517/2583] Loss: 3.4964 Loss_contra: 0.0110
2026/04/18 13:01:05 - __main__ - INFO - 142 - trainer - [1034/2583] Loss: 3.4973 Loss_contra: 0.0105
2026/04/18 13:01:56 - __main__ - INFO - 142 - trainer - [1551/2583] Loss: 3.6181 Loss_contra: 0.0108
2026/04/18 13:02:46 - __main__ - INFO - 142 - trainer - [2068/2583] Loss: 3.4186 Loss_contra: 0.0115
2026/04/18 13:03:36 - __main__ - INFO - 124 - trainer - Epoch: 26
2026/04/18 13:03:36 - __main__ - INFO - 142 - trainer - [0/2583] Loss: 3.4469 Loss_contra: 0.0106
2026/04/18 13:04:27 - __main__ - INFO - 142 - trainer - [517/2583] Loss: 3.6046 Loss_contra: 0.0120
2026/04/18 13:05:17 - __main__ - INFO - 142 - trainer - [1034/2583] Loss: 3.4289 Loss_contra: 0.0106
2026/04/18 13:06:08 - __main__ - INFO - 142 - trainer - [1551/2583] Loss: 3.3922 Loss_contra: 0.0102
2026/04/18 13:06:59 - __main__ - INFO - 142 - trainer - [2068/2583] Loss: 3.2919 Loss_contra: 0.0102
2026/04/18 13:07:49 - __main__ - INFO - 152 - trainer - start predicting: 2026-04-18 13:07:49.555656
2026/04/18 13:10:37 - __main__ - INFO - 124 - trainer - Epoch: 27
2026/04/18 13:10:37 - __main__ - INFO - 142 - trainer - [0/2583] Loss: 3.3359 Loss_contra: 0.0100
2026/04/18 13:11:27 - __main__ - INFO - 142 - trainer - [517/2583] Loss: 3.3166 Loss_contra: 0.0102
2026/04/18 13:12:18 - __main__ - INFO - 142 - trainer - [1034/2583] Loss: 3.5392 Loss_contra: 0.0108
2026/04/18 13:13:08 - __main__ - INFO - 142 - trainer - [1551/2583] Loss: 3.3455 Loss_contra: 0.0101
2026/04/18 13:13:59 - __main__ - INFO - 142 - trainer - [2068/2583] Loss: 3.5383 Loss_contra: 0.0119
2026/04/18 13:14:49 - __main__ - INFO - 124 - trainer - Epoch: 28
2026/04/18 13:14:49 - __main__ - INFO - 142 - trainer - [0/2583] Loss: 3.3978 Loss_contra: 0.0112
2026/04/18 13:15:40 - __main__ - INFO - 142 - trainer - [517/2583] Loss: 3.2823 Loss_contra: 0.0098
2026/04/18 13:16:30 - __main__ - INFO - 142 - trainer - [1034/2583] Loss: 3.3004 Loss_contra: 0.0104
2026/04/18 13:17:21 - __main__ - INFO - 142 - trainer - [1551/2583] Loss: 3.3760 Loss_contra: 0.0103
2026/04/18 13:18:11 - __main__ - INFO - 142 - trainer - [2068/2583] Loss: 3.2689 Loss_contra: 0.0101
2026/04/18 13:19:02 - __main__ - INFO - 152 - trainer - start predicting: 2026-04-18 13:19:02.083597
2026/04/18 13:21:49 - __main__ - INFO - 195 - trainer - {'Best_HR@5': 6.8211, 'Best_NDCG@5': 4.3876, 'Best_HR@10': 10.9752, 'Best_NDCG@10': 5.7198, 'Best_HR@20': 16.8375, 'Best_NDCG@20': 7.1931}
2026/04/18 13:21:49 - __main__ - INFO - 196 - trainer - {'Best_epoch_HR@5': 8, 'Best_epoch_NDCG@5': 8, 'Best_epoch_HR@10': 8, 'Best_epoch_NDCG@10': 8, 'Best_epoch_HR@20': 8, 'Best_epoch_NDCG@20': 8}
2026/04/18 13:24:37 - __main__ - INFO - 223 - trainer - Test------------------------------------------------------
2026/04/18 13:24:37 - __main__ - INFO - 225 - trainer - {'HR@5': 6.3226, 'NDCG@5': 4.0266, 'HR@10': 10.3079, 'NDCG@10': 5.3065, 'HR@20': 16.0349, 'NDCG@20': 6.7458}
2026/04/18 13:24:37 - __main__ - INFO - 227 - trainer - Best Eval---------------------------------------------------------
2026/04/18 13:24:37 - __main__ - INFO - 230 - trainer - {'Best_HR@5': 6.8211, 'Best_NDCG@5': 4.3876, 'Best_HR@10': 10.9752, 'Best_NDCG@10': 5.7198, 'Best_HR@20': 16.8375, 'Best_NDCG@20': 7.1931}
2026/04/18 13:24:37 - __main__ - INFO - 231 - trainer - {'Best_epoch_HR@5': 8, 'Best_epoch_NDCG@5': 8, 'Best_epoch_HR@10': 8, 'Best_epoch_NDCG@10': 8, 'Best_epoch_HR@20': 8, 'Best_epoch_NDCG@20': 8}
