2026/03/12 01:47:38 - __main__ - INFO - 155 - main - Namespace(batch_size=1024, dataset='steam', decay_step=100, description='Diffu_norm_score', device='cuda', diffusion_steps=32, diversity_measure=False, dropout=0.1, emb_dropout=0.3, epoch_time_avg=False, epochs=300, eval_interval=2, gamma=0.1, hidden_act='gelu', hidden_size=128, item_num=13044, lambda_contra=0.2, lambda_history=1.0, lambda_intent=1.2, log_file='log/', long_head=False, loss_lambda=0.001, lr=0.001, max_len=50, metric_ks=[5, 10, 20], momentum=None, noise_schedule='trunc_lin', num_blocks=4, num_cluster=32, num_gpu=1, num_hidden_layers=1, num_iter=20, optimizer='Adam', patience=10, random_seed=1997, rescale_timesteps=True, schedule_sampler_name='lossaware', weight_decay=0)
2026/03/12 01:47:47 - __main__ - INFO - 124 - trainer - Epoch: 0
2026/03/12 01:47:49 - __main__ - INFO - 142 - trainer - [0/2583] Loss: 51.9470 Loss_contra: 0.0320
2026/03/12 01:49:38 - __main__ - INFO - 142 - trainer - [517/2583] Loss: 9.6774 Loss_contra: 0.5854
2026/03/12 01:51:28 - __main__ - INFO - 142 - trainer - [1034/2583] Loss: 8.7693 Loss_contra: 0.9954
2026/03/12 01:53:22 - __main__ - INFO - 142 - trainer - [1551/2583] Loss: 8.4522 Loss_contra: 0.7305
2026/03/12 01:55:10 - __main__ - INFO - 142 - trainer - [2068/2583] Loss: 8.2667 Loss_contra: 0.6442
2026/03/12 01:57:02 - __main__ - INFO - 124 - trainer - Epoch: 1
2026/03/12 01:57:02 - __main__ - INFO - 142 - trainer - [0/2583] Loss: 8.1394 Loss_contra: 0.4947
2026/03/12 01:58:55 - __main__ - INFO - 142 - trainer - [517/2583] Loss: 8.0492 Loss_contra: 0.4615
2026/03/12 02:00:45 - __main__ - INFO - 142 - trainer - [1034/2583] Loss: 7.8807 Loss_contra: 0.3327
2026/03/12 02:02:35 - __main__ - INFO - 142 - trainer - [1551/2583] Loss: 7.8001 Loss_contra: 0.3920
2026/03/12 02:04:28 - __main__ - INFO - 142 - trainer - [2068/2583] Loss: 7.7923 Loss_contra: 0.4095
2026/03/12 02:06:20 - __main__ - INFO - 124 - trainer - Epoch: 2
2026/03/12 02:06:20 - __main__ - INFO - 142 - trainer - [0/2583] Loss: 7.7521 Loss_contra: 0.3090
2026/03/12 02:08:13 - __main__ - INFO - 142 - trainer - [517/2583] Loss: 7.6377 Loss_contra: 0.3373
2026/03/12 02:10:05 - __main__ - INFO - 142 - trainer - [1034/2583] Loss: 7.6006 Loss_contra: 0.3236
2026/03/12 02:11:59 - __main__ - INFO - 142 - trainer - [1551/2583] Loss: 7.5321 Loss_contra: 0.2959
2026/03/12 02:13:50 - __main__ - INFO - 142 - trainer - [2068/2583] Loss: 7.4229 Loss_contra: 0.2589
2026/03/12 02:15:37 - __main__ - INFO - 152 - trainer - start predicting: 2026-03-12 02:15:37.309732
2026/03/12 02:21:23 - __main__ - INFO - 187 - trainer - {'Best_HR@5': 5.5307, 'Best_NDCG@5': 3.5618, 'Best_HR@10': 9.0672, 'Best_NDCG@10': 4.6964, 'Best_HR@20': 14.2066, 'Best_NDCG@20': 5.9883}
2026/03/12 02:21:23 - __main__ - INFO - 188 - trainer - {'Best_epoch_HR@5': 2, 'Best_epoch_NDCG@5': 2, 'Best_epoch_HR@10': 2, 'Best_epoch_NDCG@10': 2, 'Best_epoch_HR@20': 2, 'Best_epoch_NDCG@20': 2}
2026/03/12 02:21:23 - __main__ - INFO - 124 - trainer - Epoch: 3
2026/03/12 02:21:24 - __main__ - INFO - 142 - trainer - [0/2583] Loss: 7.4910 Loss_contra: 0.2612
2026/03/12 02:23:06 - __main__ - INFO - 142 - trainer - [517/2583] Loss: 7.4968 Loss_contra: 0.2393
2026/03/12 02:24:47 - __main__ - INFO - 142 - trainer - [1034/2583] Loss: 7.4411 Loss_contra: 0.2205
2026/03/12 02:26:28 - __main__ - INFO - 142 - trainer - [1551/2583] Loss: 7.5428 Loss_contra: 0.2205
2026/03/12 02:28:10 - __main__ - INFO - 142 - trainer - [2068/2583] Loss: 7.4107 Loss_contra: 0.2082
2026/03/12 02:29:51 - __main__ - INFO - 124 - trainer - Epoch: 4
2026/03/12 02:29:52 - __main__ - INFO - 142 - trainer - [0/2583] Loss: 7.3631 Loss_contra: 0.2094
2026/03/12 02:31:35 - __main__ - INFO - 142 - trainer - [517/2583] Loss: 7.3425 Loss_contra: 0.1945
2026/03/12 02:33:17 - __main__ - INFO - 142 - trainer - [1034/2583] Loss: 7.4222 Loss_contra: 0.1978
2026/03/12 02:34:59 - __main__ - INFO - 142 - trainer - [1551/2583] Loss: 7.3663 Loss_contra: 0.1771
2026/03/12 02:36:42 - __main__ - INFO - 142 - trainer - [2068/2583] Loss: 7.3444 Loss_contra: 0.1794
2026/03/12 02:38:24 - __main__ - INFO - 152 - trainer - start predicting: 2026-03-12 02:38:24.337899
2026/03/12 02:44:10 - __main__ - INFO - 187 - trainer - {'Best_HR@5': 6.2029, 'Best_NDCG@5': 3.9962, 'Best_HR@10': 9.9959, 'Best_NDCG@10': 5.2131, 'Best_HR@20': 15.6854, 'Best_NDCG@20': 6.6435}
2026/03/12 02:44:10 - __main__ - INFO - 188 - trainer - {'Best_epoch_HR@5': 4, 'Best_epoch_NDCG@5': 4, 'Best_epoch_HR@10': 4, 'Best_epoch_NDCG@10': 4, 'Best_epoch_HR@20': 4, 'Best_epoch_NDCG@20': 4}
2026/03/12 02:44:10 - __main__ - INFO - 124 - trainer - Epoch: 5
2026/03/12 02:44:11 - __main__ - INFO - 142 - trainer - [0/2583] Loss: 7.3432 Loss_contra: 0.1749
2026/03/12 02:45:53 - __main__ - INFO - 142 - trainer - [517/2583] Loss: 7.2706 Loss_contra: 0.1618
2026/03/12 02:47:33 - __main__ - INFO - 142 - trainer - [1034/2583] Loss: 7.2471 Loss_contra: 0.1723
2026/03/12 02:49:15 - __main__ - INFO - 142 - trainer - [1551/2583] Loss: 7.1292 Loss_contra: 0.1534
2026/03/12 02:50:56 - __main__ - INFO - 142 - trainer - [2068/2583] Loss: 7.2756 Loss_contra: 0.1508
2026/03/12 02:52:38 - __main__ - INFO - 124 - trainer - Epoch: 6
2026/03/12 02:52:38 - __main__ - INFO - 142 - trainer - [0/2583] Loss: 7.2864 Loss_contra: 0.1522
2026/03/12 02:54:19 - __main__ - INFO - 142 - trainer - [517/2583] Loss: 7.2046 Loss_contra: 0.1474
2026/03/12 02:55:59 - __main__ - INFO - 142 - trainer - [1034/2583] Loss: 7.2365 Loss_contra: 0.1356
2026/03/12 02:57:41 - __main__ - INFO - 142 - trainer - [1551/2583] Loss: 7.2090 Loss_contra: 0.1320
2026/03/12 02:59:21 - __main__ - INFO - 142 - trainer - [2068/2583] Loss: 7.1762 Loss_contra: 0.1438
2026/03/12 03:01:03 - __main__ - INFO - 152 - trainer - start predicting: 2026-03-12 03:01:03.047678
2026/03/12 03:06:49 - __main__ - INFO - 187 - trainer - {'Best_HR@5': 6.6269, 'Best_NDCG@5': 4.2804, 'Best_HR@10': 10.7142, 'Best_NDCG@10': 5.5921, 'Best_HR@20': 16.6116, 'Best_NDCG@20': 7.0743}
2026/03/12 03:06:49 - __main__ - INFO - 188 - trainer - {'Best_epoch_HR@5': 6, 'Best_epoch_NDCG@5': 6, 'Best_epoch_HR@10': 6, 'Best_epoch_NDCG@10': 6, 'Best_epoch_HR@20': 6, 'Best_epoch_NDCG@20': 6}
2026/03/12 03:06:49 - __main__ - INFO - 124 - trainer - Epoch: 7
2026/03/12 03:06:50 - __main__ - INFO - 142 - trainer - [0/2583] Loss: 7.1910 Loss_contra: 0.1478
2026/03/12 03:08:32 - __main__ - INFO - 142 - trainer - [517/2583] Loss: 7.2298 Loss_contra: 0.1545
2026/03/12 03:10:14 - __main__ - INFO - 142 - trainer - [1034/2583] Loss: 7.1552 Loss_contra: 0.1361
2026/03/12 03:11:56 - __main__ - INFO - 142 - trainer - [1551/2583] Loss: 7.1348 Loss_contra: 0.1276
2026/03/12 03:13:39 - __main__ - INFO - 142 - trainer - [2068/2583] Loss: 7.1492 Loss_contra: 0.1232
2026/03/12 03:15:22 - __main__ - INFO - 124 - trainer - Epoch: 8
2026/03/12 03:15:22 - __main__ - INFO - 142 - trainer - [0/2583] Loss: 7.1499 Loss_contra: 0.1204
2026/03/12 03:17:04 - __main__ - INFO - 142 - trainer - [517/2583] Loss: 7.1076 Loss_contra: 0.1193
2026/03/12 03:18:47 - __main__ - INFO - 142 - trainer - [1034/2583] Loss: 7.1981 Loss_contra: 0.1116
2026/03/12 03:20:27 - __main__ - INFO - 142 - trainer - [1551/2583] Loss: 7.1457 Loss_contra: 0.1272
2026/03/12 03:22:09 - __main__ - INFO - 142 - trainer - [2068/2583] Loss: 7.1219 Loss_contra: 0.1038
2026/03/12 03:23:50 - __main__ - INFO - 152 - trainer - start predicting: 2026-03-12 03:23:50.024304
2026/03/12 03:29:37 - __main__ - INFO - 187 - trainer - {'Best_HR@5': 6.8515, 'Best_NDCG@5': 4.4248, 'Best_HR@10': 11.0195, 'Best_NDCG@10': 5.7636, 'Best_HR@20': 16.9615, 'Best_NDCG@20': 7.2567}
2026/03/12 03:29:37 - __main__ - INFO - 188 - trainer - {'Best_epoch_HR@5': 8, 'Best_epoch_NDCG@5': 8, 'Best_epoch_HR@10': 8, 'Best_epoch_NDCG@10': 8, 'Best_epoch_HR@20': 8, 'Best_epoch_NDCG@20': 8}
2026/03/12 03:29:37 - __main__ - INFO - 124 - trainer - Epoch: 9
2026/03/12 03:29:37 - __main__ - INFO - 142 - trainer - [0/2583] Loss: 7.1928 Loss_contra: 0.1168
2026/03/12 03:31:18 - __main__ - INFO - 142 - trainer - [517/2583] Loss: 7.1313 Loss_contra: 0.1105
2026/03/12 03:32:59 - __main__ - INFO - 142 - trainer - [1034/2583] Loss: 7.0872 Loss_contra: 0.1075
2026/03/12 03:34:40 - __main__ - INFO - 142 - trainer - [1551/2583] Loss: 7.0554 Loss_contra: 0.1077
2026/03/12 03:36:20 - __main__ - INFO - 142 - trainer - [2068/2583] Loss: 7.1380 Loss_contra: 0.1137
2026/03/12 03:38:02 - __main__ - INFO - 124 - trainer - Epoch: 10
2026/03/12 03:38:02 - __main__ - INFO - 142 - trainer - [0/2583] Loss: 7.0574 Loss_contra: 0.1061
2026/03/12 03:39:44 - __main__ - INFO - 142 - trainer - [517/2583] Loss: 7.0590 Loss_contra: 0.1023
2026/03/12 03:41:25 - __main__ - INFO - 142 - trainer - [1034/2583] Loss: 7.1290 Loss_contra: 0.1085
2026/03/12 03:43:07 - __main__ - INFO - 142 - trainer - [1551/2583] Loss: 7.1032 Loss_contra: 0.1104
2026/03/12 03:44:49 - __main__ - INFO - 142 - trainer - [2068/2583] Loss: 7.0493 Loss_contra: 0.1024
2026/03/12 03:46:30 - __main__ - INFO - 152 - trainer - start predicting: 2026-03-12 03:46:30.792378
2026/03/12 03:52:16 - __main__ - INFO - 187 - trainer - {'Best_HR@5': 6.9313, 'Best_NDCG@5': 4.4905, 'Best_HR@10': 11.1592, 'Best_NDCG@10': 5.8486, 'Best_HR@20': 17.1676, 'Best_NDCG@20': 7.3595}
2026/03/12 03:52:16 - __main__ - INFO - 188 - trainer - {'Best_epoch_HR@5': 10, 'Best_epoch_NDCG@5': 10, 'Best_epoch_HR@10': 10, 'Best_epoch_NDCG@10': 10, 'Best_epoch_HR@20': 10, 'Best_epoch_NDCG@20': 10}
2026/03/12 03:52:16 - __main__ - INFO - 124 - trainer - Epoch: 11
2026/03/12 03:52:17 - __main__ - INFO - 142 - trainer - [0/2583] Loss: 7.1062 Loss_contra: 0.0960
2026/03/12 03:53:58 - __main__ - INFO - 142 - trainer - [517/2583] Loss: 7.0812 Loss_contra: 0.1052
2026/03/12 03:55:40 - __main__ - INFO - 142 - trainer - [1034/2583] Loss: 7.0641 Loss_contra: 0.1019
2026/03/12 03:57:21 - __main__ - INFO - 142 - trainer - [1551/2583] Loss: 7.0379 Loss_contra: 0.0981
2026/03/12 03:59:03 - __main__ - INFO - 142 - trainer - [2068/2583] Loss: 7.0435 Loss_contra: 0.0943
2026/03/12 04:00:45 - __main__ - INFO - 124 - trainer - Epoch: 12
2026/03/12 04:00:45 - __main__ - INFO - 142 - trainer - [0/2583] Loss: 7.1580 Loss_contra: 0.0851
2026/03/12 04:02:26 - __main__ - INFO - 142 - trainer - [517/2583] Loss: 7.0284 Loss_contra: 0.0845
2026/03/12 04:04:07 - __main__ - INFO - 142 - trainer - [1034/2583] Loss: 7.0524 Loss_contra: 0.0919
2026/03/12 04:05:49 - __main__ - INFO - 142 - trainer - [1551/2583] Loss: 7.0388 Loss_contra: 0.0893
2026/03/12 04:07:31 - __main__ - INFO - 142 - trainer - [2068/2583] Loss: 7.0677 Loss_contra: 0.0846
2026/03/12 04:09:11 - __main__ - INFO - 152 - trainer - start predicting: 2026-03-12 04:09:11.610468
2026/03/12 04:15:00 - __main__ - INFO - 187 - trainer - {'Best_HR@5': 7.0442, 'Best_NDCG@5': 4.5635, 'Best_HR@10': 11.2187, 'Best_NDCG@10': 5.9031, 'Best_HR@20': 17.288, 'Best_NDCG@20': 7.4286}
2026/03/12 04:15:00 - __main__ - INFO - 188 - trainer - {'Best_epoch_HR@5': 12, 'Best_epoch_NDCG@5': 12, 'Best_epoch_HR@10': 12, 'Best_epoch_NDCG@10': 12, 'Best_epoch_HR@20': 12, 'Best_epoch_NDCG@20': 12}
2026/03/12 04:15:00 - __main__ - INFO - 124 - trainer - Epoch: 13
2026/03/12 04:15:01 - __main__ - INFO - 142 - trainer - [0/2583] Loss: 7.1036 Loss_contra: 0.0845
2026/03/12 04:16:41 - __main__ - INFO - 142 - trainer - [517/2583] Loss: 7.0517 Loss_contra: 0.0895
2026/03/12 04:18:22 - __main__ - INFO - 142 - trainer - [1034/2583] Loss: 7.0576 Loss_contra: 0.0803
2026/03/12 04:20:04 - __main__ - INFO - 142 - trainer - [1551/2583] Loss: 7.0270 Loss_contra: 0.0836
2026/03/12 04:21:46 - __main__ - INFO - 142 - trainer - [2068/2583] Loss: 7.1519 Loss_contra: 0.0778
2026/03/12 04:23:27 - __main__ - INFO - 124 - trainer - Epoch: 14
2026/03/12 04:23:28 - __main__ - INFO - 142 - trainer - [0/2583] Loss: 6.9583 Loss_contra: 0.0793
2026/03/12 04:25:09 - __main__ - INFO - 142 - trainer - [517/2583] Loss: 7.0235 Loss_contra: 0.0816
2026/03/12 04:26:52 - __main__ - INFO - 142 - trainer - [1034/2583] Loss: 6.9388 Loss_contra: 0.0827
2026/03/12 04:28:35 - __main__ - INFO - 142 - trainer - [1551/2583] Loss: 7.1006 Loss_contra: 0.0809
2026/03/12 04:30:17 - __main__ - INFO - 142 - trainer - [2068/2583] Loss: 7.0682 Loss_contra: 0.0815
2026/03/12 04:31:59 - __main__ - INFO - 152 - trainer - start predicting: 2026-03-12 04:31:59.651202
2026/03/12 04:37:49 - __main__ - INFO - 187 - trainer - {'Best_HR@5': 7.0861, 'Best_NDCG@5': 4.5945, 'Best_HR@10': 11.4064, 'Best_NDCG@10': 5.9815, 'Best_HR@20': 17.432, 'Best_NDCG@20': 7.4968}
2026/03/12 04:37:49 - __main__ - INFO - 188 - trainer - {'Best_epoch_HR@5': 14, 'Best_epoch_NDCG@5': 14, 'Best_epoch_HR@10': 14, 'Best_epoch_NDCG@10': 14, 'Best_epoch_HR@20': 14, 'Best_epoch_NDCG@20': 14}
2026/03/12 04:37:49 - __main__ - INFO - 124 - trainer - Epoch: 15
2026/03/12 04:37:50 - __main__ - INFO - 142 - trainer - [0/2583] Loss: 6.9832 Loss_contra: 0.0770
2026/03/12 04:39:33 - __main__ - INFO - 142 - trainer - [517/2583] Loss: 6.9746 Loss_contra: 0.0763
2026/03/12 04:41:16 - __main__ - INFO - 142 - trainer - [1034/2583] Loss: 7.0666 Loss_contra: 0.0758
2026/03/12 04:42:56 - __main__ - INFO - 142 - trainer - [1551/2583] Loss: 7.0329 Loss_contra: 0.0760
2026/03/12 04:44:38 - __main__ - INFO - 142 - trainer - [2068/2583] Loss: 7.0499 Loss_contra: 0.0694
2026/03/12 04:46:20 - __main__ - INFO - 124 - trainer - Epoch: 16
2026/03/12 04:46:20 - __main__ - INFO - 142 - trainer - [0/2583] Loss: 7.0886 Loss_contra: 0.0734
2026/03/12 04:48:02 - __main__ - INFO - 142 - trainer - [517/2583] Loss: 6.9648 Loss_contra: 0.0737
2026/03/12 04:49:44 - __main__ - INFO - 142 - trainer - [1034/2583] Loss: 7.0050 Loss_contra: 0.0753
2026/03/12 04:51:25 - __main__ - INFO - 142 - trainer - [1551/2583] Loss: 7.0155 Loss_contra: 0.0785
2026/03/12 04:53:07 - __main__ - INFO - 142 - trainer - [2068/2583] Loss: 6.9587 Loss_contra: 0.0703
2026/03/12 04:54:48 - __main__ - INFO - 152 - trainer - start predicting: 2026-03-12 04:54:48.689337
2026/03/12 05:00:35 - __main__ - INFO - 187 - trainer - {'Best_HR@5': 7.2565, 'Best_NDCG@5': 4.7029, 'Best_HR@10': 11.6189, 'Best_NDCG@10': 6.1045, 'Best_HR@20': 17.7288, 'Best_NDCG@20': 7.6397}
2026/03/12 05:00:35 - __main__ - INFO - 188 - trainer - {'Best_epoch_HR@5': 16, 'Best_epoch_NDCG@5': 16, 'Best_epoch_HR@10': 16, 'Best_epoch_NDCG@10': 16, 'Best_epoch_HR@20': 16, 'Best_epoch_NDCG@20': 16}
2026/03/12 05:00:35 - __main__ - INFO - 124 - trainer - Epoch: 17
2026/03/12 05:00:36 - __main__ - INFO - 142 - trainer - [0/2583] Loss: 6.9520 Loss_contra: 0.0764
2026/03/12 05:02:17 - __main__ - INFO - 142 - trainer - [517/2583] Loss: 6.9161 Loss_contra: 0.0692
2026/03/12 05:03:58 - __main__ - INFO - 142 - trainer - [1034/2583] Loss: 6.9687 Loss_contra: 0.0627
2026/03/12 05:05:40 - __main__ - INFO - 142 - trainer - [1551/2583] Loss: 6.9331 Loss_contra: 0.0709
2026/03/12 05:07:22 - __main__ - INFO - 142 - trainer - [2068/2583] Loss: 6.9619 Loss_contra: 0.0667
2026/03/12 05:09:02 - __main__ - INFO - 124 - trainer - Epoch: 18
2026/03/12 05:09:03 - __main__ - INFO - 142 - trainer - [0/2583] Loss: 7.0044 Loss_contra: 0.0639
2026/03/12 05:10:45 - __main__ - INFO - 142 - trainer - [517/2583] Loss: 7.0000 Loss_contra: 0.0638
2026/03/12 05:12:25 - __main__ - INFO - 142 - trainer - [1034/2583] Loss: 7.0522 Loss_contra: 0.0651
2026/03/12 05:14:07 - __main__ - INFO - 142 - trainer - [1551/2583] Loss: 7.0264 Loss_contra: 0.0704
2026/03/12 05:15:48 - __main__ - INFO - 142 - trainer - [2068/2583] Loss: 6.9304 Loss_contra: 0.0709
2026/03/12 05:17:29 - __main__ - INFO - 152 - trainer - start predicting: 2026-03-12 05:17:29.252642
2026/03/12 05:23:18 - __main__ - INFO - 187 - trainer - {'Best_HR@5': 7.3203, 'Best_NDCG@5': 4.7514, 'Best_HR@10': 11.6189, 'Best_NDCG@10': 6.1275, 'Best_HR@20': 17.7651, 'Best_NDCG@20': 7.6764}
2026/03/12 05:23:18 - __main__ - INFO - 188 - trainer - {'Best_epoch_HR@5': 18, 'Best_epoch_NDCG@5': 18, 'Best_epoch_HR@10': 16, 'Best_epoch_NDCG@10': 18, 'Best_epoch_HR@20': 18, 'Best_epoch_NDCG@20': 18}
2026/03/12 05:23:18 - __main__ - INFO - 124 - trainer - Epoch: 19
2026/03/12 05:23:19 - __main__ - INFO - 142 - trainer - [0/2583] Loss: 6.9459 Loss_contra: 0.0626
2026/03/12 05:25:00 - __main__ - INFO - 142 - trainer - [517/2583] Loss: 6.9816 Loss_contra: 0.0683
2026/03/12 05:26:42 - __main__ - INFO - 142 - trainer - [1034/2583] Loss: 6.9402 Loss_contra: 0.0638
2026/03/12 05:28:22 - __main__ - INFO - 142 - trainer - [1551/2583] Loss: 7.0163 Loss_contra: 0.0634
2026/03/12 05:30:04 - __main__ - INFO - 142 - trainer - [2068/2583] Loss: 6.9051 Loss_contra: 0.0640
2026/03/12 05:31:44 - __main__ - INFO - 124 - trainer - Epoch: 20
2026/03/12 05:31:45 - __main__ - INFO - 142 - trainer - [0/2583] Loss: 7.0186 Loss_contra: 0.0588
2026/03/12 05:33:25 - __main__ - INFO - 142 - trainer - [517/2583] Loss: 6.8574 Loss_contra: 0.0559
2026/03/12 05:35:07 - __main__ - INFO - 142 - trainer - [1034/2583] Loss: 7.0226 Loss_contra: 0.0618
2026/03/12 05:36:48 - __main__ - INFO - 142 - trainer - [1551/2583] Loss: 7.0704 Loss_contra: 0.0625
2026/03/12 05:38:29 - __main__ - INFO - 142 - trainer - [2068/2583] Loss: 6.8342 Loss_contra: 0.0609
2026/03/12 05:40:10 - __main__ - INFO - 152 - trainer - start predicting: 2026-03-12 05:40:10.560388
2026/03/12 05:45:59 - __main__ - INFO - 187 - trainer - {'Best_HR@5': 7.3473, 'Best_NDCG@5': 4.755, 'Best_HR@10': 11.6515, 'Best_NDCG@10': 6.1373, 'Best_HR@20': 17.7831, 'Best_NDCG@20': 7.6794}
2026/03/12 05:45:59 - __main__ - INFO - 188 - trainer - {'Best_epoch_HR@5': 20, 'Best_epoch_NDCG@5': 20, 'Best_epoch_HR@10': 20, 'Best_epoch_NDCG@10': 20, 'Best_epoch_HR@20': 20, 'Best_epoch_NDCG@20': 20}
2026/03/12 05:45:59 - __main__ - INFO - 124 - trainer - Epoch: 21
2026/03/12 05:45:59 - __main__ - INFO - 142 - trainer - [0/2583] Loss: 6.8844 Loss_contra: 0.0601
2026/03/12 05:47:42 - __main__ - INFO - 142 - trainer - [517/2583] Loss: 6.8557 Loss_contra: 0.0577
2026/03/12 05:49:24 - __main__ - INFO - 142 - trainer - [1034/2583] Loss: 6.8507 Loss_contra: 0.0569
2026/03/12 05:51:06 - __main__ - INFO - 142 - trainer - [1551/2583] Loss: 6.9635 Loss_contra: 0.0566
2026/03/12 05:52:47 - __main__ - INFO - 142 - trainer - [2068/2583] Loss: 6.9523 Loss_contra: 0.0586
2026/03/12 05:54:29 - __main__ - INFO - 124 - trainer - Epoch: 22
2026/03/12 05:54:29 - __main__ - INFO - 142 - trainer - [0/2583] Loss: 6.9579 Loss_contra: 0.0553
2026/03/12 05:56:10 - __main__ - INFO - 142 - trainer - [517/2583] Loss: 6.8595 Loss_contra: 0.0607
2026/03/12 05:57:53 - __main__ - INFO - 142 - trainer - [1034/2583] Loss: 6.9472 Loss_contra: 0.0537
2026/03/12 05:59:35 - __main__ - INFO - 142 - trainer - [1551/2583] Loss: 6.9806 Loss_contra: 0.0579
2026/03/12 06:01:16 - __main__ - INFO - 142 - trainer - [2068/2583] Loss: 6.9300 Loss_contra: 0.0553
2026/03/12 06:02:57 - __main__ - INFO - 152 - trainer - start predicting: 2026-03-12 06:02:57.867232
2026/03/12 06:08:46 - __main__ - INFO - 187 - trainer - {'Best_HR@5': 7.3473, 'Best_NDCG@5': 4.755, 'Best_HR@10': 11.7141, 'Best_NDCG@10': 6.164, 'Best_HR@20': 17.8801, 'Best_NDCG@20': 7.713}
2026/03/12 06:08:46 - __main__ - INFO - 188 - trainer - {'Best_epoch_HR@5': 20, 'Best_epoch_NDCG@5': 20, 'Best_epoch_HR@10': 22, 'Best_epoch_NDCG@10': 22, 'Best_epoch_HR@20': 22, 'Best_epoch_NDCG@20': 22}
2026/03/12 06:08:46 - __main__ - INFO - 124 - trainer - Epoch: 23
2026/03/12 06:08:46 - __main__ - INFO - 142 - trainer - [0/2583] Loss: 6.9816 Loss_contra: 0.0532
2026/03/12 06:10:28 - __main__ - INFO - 142 - trainer - [517/2583] Loss: 6.9646 Loss_contra: 0.0585
2026/03/12 06:12:09 - __main__ - INFO - 142 - trainer - [1034/2583] Loss: 6.9800 Loss_contra: 0.0520
2026/03/12 06:13:51 - __main__ - INFO - 142 - trainer - [1551/2583] Loss: 6.9187 Loss_contra: 0.0511
2026/03/12 06:15:32 - __main__ - INFO - 142 - trainer - [2068/2583] Loss: 6.9179 Loss_contra: 0.0556
2026/03/12 06:17:13 - __main__ - INFO - 124 - trainer - Epoch: 24
2026/03/12 06:17:13 - __main__ - INFO - 142 - trainer - [0/2583] Loss: 6.9473 Loss_contra: 0.0543
2026/03/12 06:18:55 - __main__ - INFO - 142 - trainer - [517/2583] Loss: 6.9650 Loss_contra: 0.0458
2026/03/12 06:20:36 - __main__ - INFO - 142 - trainer - [1034/2583] Loss: 6.8808 Loss_contra: 0.0549
2026/03/12 06:22:17 - __main__ - INFO - 142 - trainer - [1551/2583] Loss: 7.0161 Loss_contra: 0.0534
2026/03/12 06:23:59 - __main__ - INFO - 142 - trainer - [2068/2583] Loss: 6.9055 Loss_contra: 0.0511
2026/03/12 06:25:40 - __main__ - INFO - 152 - trainer - start predicting: 2026-03-12 06:25:40.220130
2026/03/12 06:31:30 - __main__ - INFO - 187 - trainer - {'Best_HR@5': 7.3857, 'Best_NDCG@5': 4.8045, 'Best_HR@10': 11.7719, 'Best_NDCG@10': 6.2134, 'Best_HR@20': 17.9463, 'Best_NDCG@20': 7.765}
2026/03/12 06:31:30 - __main__ - INFO - 188 - trainer - {'Best_epoch_HR@5': 24, 'Best_epoch_NDCG@5': 24, 'Best_epoch_HR@10': 24, 'Best_epoch_NDCG@10': 24, 'Best_epoch_HR@20': 24, 'Best_epoch_NDCG@20': 24}
2026/03/12 06:31:30 - __main__ - INFO - 124 - trainer - Epoch: 25
2026/03/12 06:31:30 - __main__ - INFO - 142 - trainer - [0/2583] Loss: 6.8900 Loss_contra: 0.0492
2026/03/12 06:33:13 - __main__ - INFO - 142 - trainer - [517/2583] Loss: 6.9039 Loss_contra: 0.0487
2026/03/12 06:34:53 - __main__ - INFO - 142 - trainer - [1034/2583] Loss: 6.9544 Loss_contra: 0.0474
2026/03/12 06:36:35 - __main__ - INFO - 142 - trainer - [1551/2583] Loss: 6.8907 Loss_contra: 0.0491
2026/03/12 06:38:17 - __main__ - INFO - 142 - trainer - [2068/2583] Loss: 6.9422 Loss_contra: 0.0499
2026/03/12 06:39:57 - __main__ - INFO - 124 - trainer - Epoch: 26
2026/03/12 06:39:58 - __main__ - INFO - 142 - trainer - [0/2583] Loss: 6.9673 Loss_contra: 0.0484
2026/03/12 06:41:39 - __main__ - INFO - 142 - trainer - [517/2583] Loss: 6.8653 Loss_contra: 0.0466
2026/03/12 06:43:21 - __main__ - INFO - 142 - trainer - [1034/2583] Loss: 6.8805 Loss_contra: 0.0470
2026/03/12 06:45:01 - __main__ - INFO - 142 - trainer - [1551/2583] Loss: 6.9035 Loss_contra: 0.0488
2026/03/12 06:46:43 - __main__ - INFO - 142 - trainer - [2068/2583] Loss: 6.9016 Loss_contra: 0.0451
2026/03/12 06:48:24 - __main__ - INFO - 152 - trainer - start predicting: 2026-03-12 06:48:24.434972
2026/03/12 06:54:10 - __main__ - INFO - 187 - trainer - {'Best_HR@5': 7.5908, 'Best_NDCG@5': 4.9015, 'Best_HR@10': 11.9344, 'Best_NDCG@10': 6.2971, 'Best_HR@20': 18.181, 'Best_NDCG@20': 7.8661}
2026/03/12 06:54:10 - __main__ - INFO - 188 - trainer - {'Best_epoch_HR@5': 26, 'Best_epoch_NDCG@5': 26, 'Best_epoch_HR@10': 26, 'Best_epoch_NDCG@10': 26, 'Best_epoch_HR@20': 26, 'Best_epoch_NDCG@20': 26}
2026/03/12 06:54:10 - __main__ - INFO - 124 - trainer - Epoch: 27
2026/03/12 06:54:11 - __main__ - INFO - 142 - trainer - [0/2583] Loss: 7.0037 Loss_contra: 0.0555
2026/03/12 06:55:53 - __main__ - INFO - 142 - trainer - [517/2583] Loss: 6.9292 Loss_contra: 0.0481
2026/03/12 06:57:34 - __main__ - INFO - 142 - trainer - [1034/2583] Loss: 7.0144 Loss_contra: 0.0463
2026/03/12 06:59:16 - __main__ - INFO - 142 - trainer - [1551/2583] Loss: 6.9453 Loss_contra: 0.0456
2026/03/12 07:00:57 - __main__ - INFO - 142 - trainer - [2068/2583] Loss: 7.0716 Loss_contra: 0.0488
2026/03/12 07:02:39 - __main__ - INFO - 124 - trainer - Epoch: 28
2026/03/12 07:02:39 - __main__ - INFO - 142 - trainer - [0/2583] Loss: 6.9242 Loss_contra: 0.0447
2026/03/12 07:04:21 - __main__ - INFO - 142 - trainer - [517/2583] Loss: 6.8969 Loss_contra: 0.0468
2026/03/12 07:06:02 - __main__ - INFO - 142 - trainer - [1034/2583] Loss: 6.9519 Loss_contra: 0.0395
2026/03/12 07:07:43 - __main__ - INFO - 142 - trainer - [1551/2583] Loss: 6.9847 Loss_contra: 0.0406
2026/03/12 07:09:25 - __main__ - INFO - 142 - trainer - [2068/2583] Loss: 6.8694 Loss_contra: 0.0446
2026/03/12 07:11:06 - __main__ - INFO - 152 - trainer - start predicting: 2026-03-12 07:11:06.348462
2026/03/12 07:16:54 - __main__ - INFO - 124 - trainer - Epoch: 29
2026/03/12 07:16:55 - __main__ - INFO - 142 - trainer - [0/2583] Loss: 6.9443 Loss_contra: 0.0474
2026/03/12 07:18:36 - __main__ - INFO - 142 - trainer - [517/2583] Loss: 6.9709 Loss_contra: 0.0436
2026/03/12 07:20:17 - __main__ - INFO - 142 - trainer - [1034/2583] Loss: 6.9024 Loss_contra: 0.0442
2026/03/12 07:21:59 - __main__ - INFO - 142 - trainer - [1551/2583] Loss: 6.9743 Loss_contra: 0.0431
2026/03/12 07:23:40 - __main__ - INFO - 142 - trainer - [2068/2583] Loss: 6.8624 Loss_contra: 0.0411
2026/03/12 07:25:21 - __main__ - INFO - 124 - trainer - Epoch: 30
2026/03/12 07:25:21 - __main__ - INFO - 142 - trainer - [0/2583] Loss: 6.8725 Loss_contra: 0.0425
2026/03/12 07:27:02 - __main__ - INFO - 142 - trainer - [517/2583] Loss: 6.8646 Loss_contra: 0.0380
2026/03/12 07:28:43 - __main__ - INFO - 142 - trainer - [1034/2583] Loss: 6.9924 Loss_contra: 0.0418
2026/03/12 07:30:24 - __main__ - INFO - 142 - trainer - [1551/2583] Loss: 6.9176 Loss_contra: 0.0407
2026/03/12 07:32:06 - __main__ - INFO - 142 - trainer - [2068/2583] Loss: 6.8458 Loss_contra: 0.0409
2026/03/12 07:33:46 - __main__ - INFO - 152 - trainer - start predicting: 2026-03-12 07:33:46.389707
2026/03/12 07:39:32 - __main__ - INFO - 187 - trainer - {'Best_HR@5': 7.5908, 'Best_NDCG@5': 4.9034, 'Best_HR@10': 11.9802, 'Best_NDCG@10': 6.317, 'Best_HR@20': 18.2636, 'Best_NDCG@20': 7.8965}
2026/03/12 07:39:32 - __main__ - INFO - 188 - trainer - {'Best_epoch_HR@5': 26, 'Best_epoch_NDCG@5': 30, 'Best_epoch_HR@10': 30, 'Best_epoch_NDCG@10': 30, 'Best_epoch_HR@20': 30, 'Best_epoch_NDCG@20': 30}
2026/03/12 07:39:32 - __main__ - INFO - 124 - trainer - Epoch: 31
2026/03/12 07:39:32 - __main__ - INFO - 142 - trainer - [0/2583] Loss: 6.9144 Loss_contra: 0.0425
2026/03/12 07:41:13 - __main__ - INFO - 142 - trainer - [517/2583] Loss: 6.8712 Loss_contra: 0.0376
2026/03/12 07:42:53 - __main__ - INFO - 142 - trainer - [1034/2583] Loss: 6.8289 Loss_contra: 0.0384
2026/03/12 07:44:34 - __main__ - INFO - 142 - trainer - [1551/2583] Loss: 6.9368 Loss_contra: 0.0387
2026/03/12 07:46:15 - __main__ - INFO - 142 - trainer - [2068/2583] Loss: 6.8352 Loss_contra: 0.0404
2026/03/12 07:47:57 - __main__ - INFO - 124 - trainer - Epoch: 32
2026/03/12 07:47:57 - __main__ - INFO - 142 - trainer - [0/2583] Loss: 6.8643 Loss_contra: 0.0425
2026/03/12 07:49:38 - __main__ - INFO - 142 - trainer - [517/2583] Loss: 6.8075 Loss_contra: 0.0396
2026/03/12 07:51:20 - __main__ - INFO - 142 - trainer - [1034/2583] Loss: 6.7800 Loss_contra: 0.0412
2026/03/12 07:53:01 - __main__ - INFO - 142 - trainer - [1551/2583] Loss: 6.8612 Loss_contra: 0.0394
2026/03/12 07:54:43 - __main__ - INFO - 142 - trainer - [2068/2583] Loss: 6.8148 Loss_contra: 0.0438
2026/03/12 07:56:24 - __main__ - INFO - 152 - trainer - start predicting: 2026-03-12 07:56:24.301641
2026/03/12 08:02:09 - __main__ - INFO - 124 - trainer - Epoch: 33
2026/03/12 08:02:10 - __main__ - INFO - 142 - trainer - [0/2583] Loss: 6.7897 Loss_contra: 0.0387
2026/03/12 08:03:52 - __main__ - INFO - 142 - trainer - [517/2583] Loss: 6.9244 Loss_contra: 0.0392
2026/03/12 08:05:34 - __main__ - INFO - 142 - trainer - [1034/2583] Loss: 6.7890 Loss_contra: 0.0399
2026/03/12 08:07:18 - __main__ - INFO - 142 - trainer - [1551/2583] Loss: 6.9962 Loss_contra: 0.0374
2026/03/12 08:09:02 - __main__ - INFO - 142 - trainer - [2068/2583] Loss: 6.9008 Loss_contra: 0.0395
2026/03/12 08:10:46 - __main__ - INFO - 124 - trainer - Epoch: 34
2026/03/12 08:10:46 - __main__ - INFO - 142 - trainer - [0/2583] Loss: 6.8050 Loss_contra: 0.0373
2026/03/12 08:12:27 - __main__ - INFO - 142 - trainer - [517/2583] Loss: 6.9932 Loss_contra: 0.0392
2026/03/12 08:14:07 - __main__ - INFO - 142 - trainer - [1034/2583] Loss: 6.8617 Loss_contra: 0.0376
2026/03/12 08:15:50 - __main__ - INFO - 142 - trainer - [1551/2583] Loss: 6.8630 Loss_contra: 0.0381
2026/03/12 08:17:32 - __main__ - INFO - 142 - trainer - [2068/2583] Loss: 6.9271 Loss_contra: 0.0417
2026/03/12 08:19:13 - __main__ - INFO - 152 - trainer - start predicting: 2026-03-12 08:19:13.844932
2026/03/12 08:25:01 - __main__ - INFO - 124 - trainer - Epoch: 35
2026/03/12 08:25:01 - __main__ - INFO - 142 - trainer - [0/2583] Loss: 6.9651 Loss_contra: 0.0389
2026/03/12 08:26:45 - __main__ - INFO - 142 - trainer - [517/2583] Loss: 6.8021 Loss_contra: 0.0364
2026/03/12 08:28:27 - __main__ - INFO - 142 - trainer - [1034/2583] Loss: 6.8725 Loss_contra: 0.0370
2026/03/12 08:30:09 - __main__ - INFO - 142 - trainer - [1551/2583] Loss: 6.9236 Loss_contra: 0.0355
2026/03/12 08:31:52 - __main__ - INFO - 142 - trainer - [2068/2583] Loss: 7.0085 Loss_contra: 0.0387
2026/03/12 08:33:39 - __main__ - INFO - 124 - trainer - Epoch: 36
2026/03/12 08:33:39 - __main__ - INFO - 142 - trainer - [0/2583] Loss: 6.8733 Loss_contra: 0.0365
2026/03/12 08:35:43 - __main__ - INFO - 142 - trainer - [517/2583] Loss: 6.8318 Loss_contra: 0.0364
2026/03/12 08:37:39 - __main__ - INFO - 142 - trainer - [1034/2583] Loss: 6.7648 Loss_contra: 0.0357
2026/03/12 08:39:34 - __main__ - INFO - 142 - trainer - [1551/2583] Loss: 6.9089 Loss_contra: 0.0355
2026/03/12 08:41:30 - __main__ - INFO - 142 - trainer - [2068/2583] Loss: 6.8712 Loss_contra: 0.0349
2026/03/12 08:43:44 - __main__ - INFO - 152 - trainer - start predicting: 2026-03-12 08:43:44.774957
2026/03/12 08:50:02 - __main__ - INFO - 124 - trainer - Epoch: 37
2026/03/12 08:50:03 - __main__ - INFO - 142 - trainer - [0/2583] Loss: 6.8553 Loss_contra: 0.0370
2026/03/12 08:52:20 - __main__ - INFO - 142 - trainer - [517/2583] Loss: 6.9149 Loss_contra: 0.0346
2026/03/12 08:54:40 - __main__ - INFO - 142 - trainer - [1034/2583] Loss: 6.7569 Loss_contra: 0.0362
2026/03/12 08:56:58 - __main__ - INFO - 142 - trainer - [1551/2583] Loss: 6.8712 Loss_contra: 0.0353
2026/03/12 08:59:18 - __main__ - INFO - 142 - trainer - [2068/2583] Loss: 6.8488 Loss_contra: 0.0371
2026/03/12 09:01:32 - __main__ - INFO - 124 - trainer - Epoch: 38
2026/03/12 09:01:33 - __main__ - INFO - 142 - trainer - [0/2583] Loss: 6.7992 Loss_contra: 0.0326
2026/03/12 09:04:01 - __main__ - INFO - 142 - trainer - [517/2583] Loss: 6.8658 Loss_contra: 0.0365
2026/03/12 09:06:06 - __main__ - INFO - 142 - trainer - [1034/2583] Loss: 6.8459 Loss_contra: 0.0339
2026/03/12 09:08:03 - __main__ - INFO - 142 - trainer - [1551/2583] Loss: 6.9016 Loss_contra: 0.0334
2026/03/12 09:09:57 - __main__ - INFO - 142 - trainer - [2068/2583] Loss: 6.9880 Loss_contra: 0.0337
2026/03/12 09:11:53 - __main__ - INFO - 152 - trainer - start predicting: 2026-03-12 09:11:53.062544
2026/03/12 09:17:51 - __main__ - INFO - 187 - trainer - {'Best_HR@5': 7.6588, 'Best_NDCG@5': 4.9596, 'Best_HR@10': 12.0552, 'Best_NDCG@10': 6.3712, 'Best_HR@20': 18.3377, 'Best_NDCG@20': 7.95}
2026/03/12 09:17:51 - __main__ - INFO - 188 - trainer - {'Best_epoch_HR@5': 38, 'Best_epoch_NDCG@5': 38, 'Best_epoch_HR@10': 38, 'Best_epoch_NDCG@10': 38, 'Best_epoch_HR@20': 38, 'Best_epoch_NDCG@20': 38}
2026/03/12 09:17:51 - __main__ - INFO - 124 - trainer - Epoch: 39
2026/03/12 09:17:52 - __main__ - INFO - 142 - trainer - [0/2583] Loss: 6.7971 Loss_contra: 0.0337
2026/03/12 09:19:46 - __main__ - INFO - 142 - trainer - [517/2583] Loss: 6.8780 Loss_contra: 0.0318
2026/03/12 09:21:41 - __main__ - INFO - 142 - trainer - [1034/2583] Loss: 6.8172 Loss_contra: 0.0370
2026/03/12 09:23:37 - __main__ - INFO - 142 - trainer - [1551/2583] Loss: 6.8917 Loss_contra: 0.0332
2026/03/12 09:25:33 - __main__ - INFO - 142 - trainer - [2068/2583] Loss: 6.9104 Loss_contra: 0.0357
2026/03/12 09:27:28 - __main__ - INFO - 124 - trainer - Epoch: 40
2026/03/12 09:27:29 - __main__ - INFO - 142 - trainer - [0/2583] Loss: 6.8114 Loss_contra: 0.0339
2026/03/12 09:29:23 - __main__ - INFO - 142 - trainer - [517/2583] Loss: 6.8374 Loss_contra: 0.0336
2026/03/12 09:31:19 - __main__ - INFO - 142 - trainer - [1034/2583] Loss: 6.7749 Loss_contra: 0.0319
2026/03/12 09:33:15 - __main__ - INFO - 142 - trainer - [1551/2583] Loss: 6.7982 Loss_contra: 0.0323
2026/03/12 09:35:09 - __main__ - INFO - 142 - trainer - [2068/2583] Loss: 6.9186 Loss_contra: 0.0314
2026/03/12 09:37:05 - __main__ - INFO - 152 - trainer - start predicting: 2026-03-12 09:37:05.800751
2026/03/12 09:43:02 - __main__ - INFO - 124 - trainer - Epoch: 41
2026/03/12 09:43:03 - __main__ - INFO - 142 - trainer - [0/2583] Loss: 6.8847 Loss_contra: 0.0334
2026/03/12 09:44:59 - __main__ - INFO - 142 - trainer - [517/2583] Loss: 6.8638 Loss_contra: 0.0320
2026/03/12 09:46:55 - __main__ - INFO - 142 - trainer - [1034/2583] Loss: 6.9133 Loss_contra: 0.0329
2026/03/12 09:48:47 - __main__ - INFO - 142 - trainer - [1551/2583] Loss: 6.8241 Loss_contra: 0.0366
2026/03/12 09:50:40 - __main__ - INFO - 142 - trainer - [2068/2583] Loss: 6.8580 Loss_contra: 0.0340
2026/03/12 09:52:37 - __main__ - INFO - 124 - trainer - Epoch: 42
2026/03/12 09:52:37 - __main__ - INFO - 142 - trainer - [0/2583] Loss: 6.8062 Loss_contra: 0.0342
2026/03/12 09:54:30 - __main__ - INFO - 142 - trainer - [517/2583] Loss: 6.7637 Loss_contra: 0.0326
2026/03/12 09:56:26 - __main__ - INFO - 142 - trainer - [1034/2583] Loss: 6.8193 Loss_contra: 0.0304
2026/03/12 09:58:23 - __main__ - INFO - 142 - trainer - [1551/2583] Loss: 6.8494 Loss_contra: 0.0310
2026/03/12 10:00:18 - __main__ - INFO - 142 - trainer - [2068/2583] Loss: 6.8147 Loss_contra: 0.0318
2026/03/12 10:02:13 - __main__ - INFO - 152 - trainer - start predicting: 2026-03-12 10:02:13.523470
2026/03/12 10:08:09 - __main__ - INFO - 124 - trainer - Epoch: 43
2026/03/12 10:08:10 - __main__ - INFO - 142 - trainer - [0/2583] Loss: 6.7321 Loss_contra: 0.0308
2026/03/12 10:10:03 - __main__ - INFO - 142 - trainer - [517/2583] Loss: 6.7524 Loss_contra: 0.0281
2026/03/12 10:11:58 - __main__ - INFO - 142 - trainer - [1034/2583] Loss: 6.8185 Loss_contra: 0.0312
2026/03/12 10:13:55 - __main__ - INFO - 142 - trainer - [1551/2583] Loss: 6.9023 Loss_contra: 0.0279
2026/03/12 10:15:50 - __main__ - INFO - 142 - trainer - [2068/2583] Loss: 6.8274 Loss_contra: 0.0292
2026/03/12 10:17:46 - __main__ - INFO - 124 - trainer - Epoch: 44
2026/03/12 10:17:46 - __main__ - INFO - 142 - trainer - [0/2583] Loss: 6.8510 Loss_contra: 0.0312
2026/03/12 10:19:42 - __main__ - INFO - 142 - trainer - [517/2583] Loss: 6.7767 Loss_contra: 0.0331
2026/03/12 10:21:37 - __main__ - INFO - 142 - trainer - [1034/2583] Loss: 6.9000 Loss_contra: 0.0292
2026/03/12 10:23:33 - __main__ - INFO - 142 - trainer - [1551/2583] Loss: 6.7716 Loss_contra: 0.0304
2026/03/12 10:25:26 - __main__ - INFO - 142 - trainer - [2068/2583] Loss: 6.7788 Loss_contra: 0.0322
2026/03/12 10:27:19 - __main__ - INFO - 152 - trainer - start predicting: 2026-03-12 10:27:19.659508
2026/03/12 10:33:14 - __main__ - INFO - 187 - trainer - {'Best_HR@5': 7.6588, 'Best_NDCG@5': 4.9783, 'Best_HR@10': 12.099, 'Best_NDCG@10': 6.4044, 'Best_HR@20': 18.387, 'Best_NDCG@20': 7.9864}
2026/03/12 10:33:14 - __main__ - INFO - 188 - trainer - {'Best_epoch_HR@5': 38, 'Best_epoch_NDCG@5': 44, 'Best_epoch_HR@10': 44, 'Best_epoch_NDCG@10': 44, 'Best_epoch_HR@20': 44, 'Best_epoch_NDCG@20': 44}
2026/03/12 10:33:14 - __main__ - INFO - 124 - trainer - Epoch: 45
2026/03/12 10:33:15 - __main__ - INFO - 142 - trainer - [0/2583] Loss: 6.7517 Loss_contra: 0.0322
2026/03/12 10:35:08 - __main__ - INFO - 142 - trainer - [517/2583] Loss: 6.9653 Loss_contra: 0.0317
2026/03/12 10:37:03 - __main__ - INFO - 142 - trainer - [1034/2583] Loss: 6.8250 Loss_contra: 0.0315
2026/03/12 10:38:59 - __main__ - INFO - 142 - trainer - [1551/2583] Loss: 6.9123 Loss_contra: 0.0306
2026/03/12 10:40:52 - __main__ - INFO - 142 - trainer - [2068/2583] Loss: 6.9090 Loss_contra: 0.0333
2026/03/12 10:42:46 - __main__ - INFO - 124 - trainer - Epoch: 46
2026/03/12 10:42:46 - __main__ - INFO - 142 - trainer - [0/2583] Loss: 6.8490 Loss_contra: 0.0329
2026/03/12 10:44:40 - __main__ - INFO - 142 - trainer - [517/2583] Loss: 6.8225 Loss_contra: 0.0291
2026/03/12 10:46:34 - __main__ - INFO - 142 - trainer - [1034/2583] Loss: 6.9174 Loss_contra: 0.0304
2026/03/12 10:48:27 - __main__ - INFO - 142 - trainer - [1551/2583] Loss: 6.7384 Loss_contra: 0.0304
2026/03/12 10:50:23 - __main__ - INFO - 142 - trainer - [2068/2583] Loss: 6.8406 Loss_contra: 0.0284
2026/03/12 10:52:21 - __main__ - INFO - 152 - trainer - start predicting: 2026-03-12 10:52:21.549956
2026/03/12 10:58:15 - __main__ - INFO - 187 - trainer - {'Best_HR@5': 7.6605, 'Best_NDCG@5': 4.9783, 'Best_HR@10': 12.099, 'Best_NDCG@10': 6.4044, 'Best_HR@20': 18.387, 'Best_NDCG@20': 7.9864}
2026/03/12 10:58:15 - __main__ - INFO - 188 - trainer - {'Best_epoch_HR@5': 46, 'Best_epoch_NDCG@5': 44, 'Best_epoch_HR@10': 44, 'Best_epoch_NDCG@10': 44, 'Best_epoch_HR@20': 44, 'Best_epoch_NDCG@20': 44}
2026/03/12 10:58:15 - __main__ - INFO - 124 - trainer - Epoch: 47
2026/03/12 10:58:16 - __main__ - INFO - 142 - trainer - [0/2583] Loss: 6.7906 Loss_contra: 0.0295
2026/03/12 11:00:10 - __main__ - INFO - 142 - trainer - [517/2583] Loss: 6.8581 Loss_contra: 0.0271
2026/03/12 11:02:04 - __main__ - INFO - 142 - trainer - [1034/2583] Loss: 6.7555 Loss_contra: 0.0294
2026/03/12 11:03:57 - __main__ - INFO - 142 - trainer - [1551/2583] Loss: 6.9284 Loss_contra: 0.0294
2026/03/12 11:05:53 - __main__ - INFO - 142 - trainer - [2068/2583] Loss: 6.8267 Loss_contra: 0.0280
2026/03/12 11:07:47 - __main__ - INFO - 124 - trainer - Epoch: 48
2026/03/12 11:07:47 - __main__ - INFO - 142 - trainer - [0/2583] Loss: 6.8916 Loss_contra: 0.0299
2026/03/12 11:09:41 - __main__ - INFO - 142 - trainer - [517/2583] Loss: 6.8654 Loss_contra: 0.0295
2026/03/12 11:11:36 - __main__ - INFO - 142 - trainer - [1034/2583] Loss: 6.7844 Loss_contra: 0.0291
2026/03/12 11:13:31 - __main__ - INFO - 142 - trainer - [1551/2583] Loss: 6.8741 Loss_contra: 0.0275
2026/03/12 11:15:28 - __main__ - INFO - 142 - trainer - [2068/2583] Loss: 6.8247 Loss_contra: 0.0272
2026/03/12 11:17:21 - __main__ - INFO - 152 - trainer - start predicting: 2026-03-12 11:17:21.332119
2026/03/12 11:23:17 - __main__ - INFO - 187 - trainer - {'Best_HR@5': 7.729, 'Best_NDCG@5': 5.0263, 'Best_HR@10': 12.1653, 'Best_NDCG@10': 6.4496, 'Best_HR@20': 18.5501, 'Best_NDCG@20': 8.0547}
2026/03/12 11:23:17 - __main__ - INFO - 188 - trainer - {'Best_epoch_HR@5': 48, 'Best_epoch_NDCG@5': 48, 'Best_epoch_HR@10': 48, 'Best_epoch_NDCG@10': 48, 'Best_epoch_HR@20': 48, 'Best_epoch_NDCG@20': 48}
2026/03/12 11:23:17 - __main__ - INFO - 124 - trainer - Epoch: 49
2026/03/12 11:23:18 - __main__ - INFO - 142 - trainer - [0/2583] Loss: 6.7268 Loss_contra: 0.0289
2026/03/12 11:25:09 - __main__ - INFO - 142 - trainer - [517/2583] Loss: 6.7838 Loss_contra: 0.0285
2026/03/12 11:27:02 - __main__ - INFO - 142 - trainer - [1034/2583] Loss: 6.8177 Loss_contra: 0.0267
2026/03/12 11:28:53 - __main__ - INFO - 142 - trainer - [1551/2583] Loss: 6.8392 Loss_contra: 0.0286
2026/03/12 11:30:46 - __main__ - INFO - 142 - trainer - [2068/2583] Loss: 6.9017 Loss_contra: 0.0257
2026/03/12 11:32:38 - __main__ - INFO - 124 - trainer - Epoch: 50
2026/03/12 11:32:38 - __main__ - INFO - 142 - trainer - [0/2583] Loss: 6.8549 Loss_contra: 0.0292
2026/03/12 11:34:34 - __main__ - INFO - 142 - trainer - [517/2583] Loss: 6.8707 Loss_contra: 0.0282
2026/03/12 11:36:29 - __main__ - INFO - 142 - trainer - [1034/2583] Loss: 6.7584 Loss_contra: 0.0274
2026/03/12 11:38:26 - __main__ - INFO - 142 - trainer - [1551/2583] Loss: 6.7301 Loss_contra: 0.0272
2026/03/12 11:40:19 - __main__ - INFO - 142 - trainer - [2068/2583] Loss: 6.9244 Loss_contra: 0.0286
2026/03/12 11:42:14 - __main__ - INFO - 152 - trainer - start predicting: 2026-03-12 11:42:14.790312
2026/03/12 11:48:09 - __main__ - INFO - 187 - trainer - {'Best_HR@5': 7.7447, 'Best_NDCG@5': 5.0361, 'Best_HR@10': 12.1653, 'Best_NDCG@10': 6.4496, 'Best_HR@20': 18.5501, 'Best_NDCG@20': 8.0547}
2026/03/12 11:48:09 - __main__ - INFO - 188 - trainer - {'Best_epoch_HR@5': 50, 'Best_epoch_NDCG@5': 50, 'Best_epoch_HR@10': 48, 'Best_epoch_NDCG@10': 48, 'Best_epoch_HR@20': 48, 'Best_epoch_NDCG@20': 48}
2026/03/12 11:48:09 - __main__ - INFO - 124 - trainer - Epoch: 51
2026/03/12 11:48:09 - __main__ - INFO - 142 - trainer - [0/2583] Loss: 6.7755 Loss_contra: 0.0280
2026/03/12 11:50:05 - __main__ - INFO - 142 - trainer - [517/2583] Loss: 6.8295 Loss_contra: 0.0261
2026/03/12 11:52:00 - __main__ - INFO - 142 - trainer - [1034/2583] Loss: 6.7965 Loss_contra: 0.0260
2026/03/12 11:53:54 - __main__ - INFO - 142 - trainer - [1551/2583] Loss: 6.7457 Loss_contra: 0.0262
2026/03/12 11:55:48 - __main__ - INFO - 142 - trainer - [2068/2583] Loss: 6.8934 Loss_contra: 0.0281
2026/03/12 11:57:43 - __main__ - INFO - 124 - trainer - Epoch: 52
2026/03/12 11:57:43 - __main__ - INFO - 142 - trainer - [0/2583] Loss: 6.8046 Loss_contra: 0.0253
2026/03/12 11:59:37 - __main__ - INFO - 142 - trainer - [517/2583] Loss: 6.7696 Loss_contra: 0.0253
2026/03/12 12:01:32 - __main__ - INFO - 142 - trainer - [1034/2583] Loss: 6.9229 Loss_contra: 0.0259
2026/03/12 12:03:25 - __main__ - INFO - 142 - trainer - [1551/2583] Loss: 6.8029 Loss_contra: 0.0279
2026/03/12 12:05:21 - __main__ - INFO - 142 - trainer - [2068/2583] Loss: 6.7875 Loss_contra: 0.0272
2026/03/12 12:07:13 - __main__ - INFO - 152 - trainer - start predicting: 2026-03-12 12:07:13.900796
2026/03/12 12:13:12 - __main__ - INFO - 124 - trainer - Epoch: 53
2026/03/12 12:13:13 - __main__ - INFO - 142 - trainer - [0/2583] Loss: 6.7983 Loss_contra: 0.0258
2026/03/12 12:15:06 - __main__ - INFO - 142 - trainer - [517/2583] Loss: 6.8840 Loss_contra: 0.0260
2026/03/12 12:17:02 - __main__ - INFO - 142 - trainer - [1034/2583] Loss: 6.7549 Loss_contra: 0.0259
2026/03/12 12:18:56 - __main__ - INFO - 142 - trainer - [1551/2583] Loss: 6.8476 Loss_contra: 0.0273
2026/03/12 12:20:51 - __main__ - INFO - 142 - trainer - [2068/2583] Loss: 6.7836 Loss_contra: 0.0254
2026/03/12 12:22:44 - __main__ - INFO - 124 - trainer - Epoch: 54
2026/03/12 12:22:45 - __main__ - INFO - 142 - trainer - [0/2583] Loss: 6.6894 Loss_contra: 0.0264
2026/03/12 12:24:40 - __main__ - INFO - 142 - trainer - [517/2583] Loss: 6.7947 Loss_contra: 0.0256
2026/03/12 12:26:34 - __main__ - INFO - 142 - trainer - [1034/2583] Loss: 6.8605 Loss_contra: 0.0253
2026/03/12 12:28:30 - __main__ - INFO - 142 - trainer - [1551/2583] Loss: 6.8819 Loss_contra: 0.0240
2026/03/12 12:30:25 - __main__ - INFO - 142 - trainer - [2068/2583] Loss: 6.8259 Loss_contra: 0.0253
2026/03/12 12:32:18 - __main__ - INFO - 152 - trainer - start predicting: 2026-03-12 12:32:18.635979
2026/03/12 12:38:17 - __main__ - INFO - 124 - trainer - Epoch: 55
2026/03/12 12:38:17 - __main__ - INFO - 142 - trainer - [0/2583] Loss: 6.7629 Loss_contra: 0.0245
2026/03/12 12:40:14 - __main__ - INFO - 142 - trainer - [517/2583] Loss: 6.8282 Loss_contra: 0.0259
2026/03/12 12:42:08 - __main__ - INFO - 142 - trainer - [1034/2583] Loss: 6.8441 Loss_contra: 0.0247
2026/03/12 12:44:03 - __main__ - INFO - 142 - trainer - [1551/2583] Loss: 6.7634 Loss_contra: 0.0254
2026/03/12 12:45:58 - __main__ - INFO - 142 - trainer - [2068/2583] Loss: 6.8270 Loss_contra: 0.0235
2026/03/12 12:47:51 - __main__ - INFO - 124 - trainer - Epoch: 56
2026/03/12 12:47:52 - __main__ - INFO - 142 - trainer - [0/2583] Loss: 6.7861 Loss_contra: 0.0253
2026/03/12 12:49:47 - __main__ - INFO - 142 - trainer - [517/2583] Loss: 6.8721 Loss_contra: 0.0244
2026/03/12 12:51:42 - __main__ - INFO - 142 - trainer - [1034/2583] Loss: 6.8165 Loss_contra: 0.0246
2026/03/12 12:53:37 - __main__ - INFO - 142 - trainer - [1551/2583] Loss: 6.8314 Loss_contra: 0.0256
2026/03/12 12:55:32 - __main__ - INFO - 142 - trainer - [2068/2583] Loss: 6.7589 Loss_contra: 0.0251
2026/03/12 12:57:26 - __main__ - INFO - 152 - trainer - start predicting: 2026-03-12 12:57:26.168604
2026/03/12 13:03:24 - __main__ - INFO - 124 - trainer - Epoch: 57
2026/03/12 13:03:24 - __main__ - INFO - 142 - trainer - [0/2583] Loss: 6.6968 Loss_contra: 0.0243
2026/03/12 13:05:18 - __main__ - INFO - 142 - trainer - [517/2583] Loss: 6.6981 Loss_contra: 0.0253
2026/03/12 13:07:13 - __main__ - INFO - 142 - trainer - [1034/2583] Loss: 6.8168 Loss_contra: 0.0222
2026/03/12 13:09:06 - __main__ - INFO - 142 - trainer - [1551/2583] Loss: 6.9049 Loss_contra: 0.0242
2026/03/12 13:11:01 - __main__ - INFO - 142 - trainer - [2068/2583] Loss: 6.7899 Loss_contra: 0.0252
2026/03/12 13:12:55 - __main__ - INFO - 124 - trainer - Epoch: 58
2026/03/12 13:12:56 - __main__ - INFO - 142 - trainer - [0/2583] Loss: 6.8606 Loss_contra: 0.0250
2026/03/12 13:14:48 - __main__ - INFO - 142 - trainer - [517/2583] Loss: 6.8169 Loss_contra: 0.0248
2026/03/12 13:16:43 - __main__ - INFO - 142 - trainer - [1034/2583] Loss: 6.8348 Loss_contra: 0.0233
2026/03/12 13:18:37 - __main__ - INFO - 142 - trainer - [1551/2583] Loss: 6.8211 Loss_contra: 0.0244
2026/03/12 13:20:32 - __main__ - INFO - 142 - trainer - [2068/2583] Loss: 6.8608 Loss_contra: 0.0244
2026/03/12 13:22:25 - __main__ - INFO - 152 - trainer - start predicting: 2026-03-12 13:22:25.796087
2026/03/12 13:28:24 - __main__ - INFO - 187 - trainer - {'Best_HR@5': 7.7474, 'Best_NDCG@5': 5.0492, 'Best_HR@10': 12.2186, 'Best_NDCG@10': 6.4861, 'Best_HR@20': 18.5501, 'Best_NDCG@20': 8.0771}
2026/03/12 13:28:24 - __main__ - INFO - 188 - trainer - {'Best_epoch_HR@5': 58, 'Best_epoch_NDCG@5': 58, 'Best_epoch_HR@10': 58, 'Best_epoch_NDCG@10': 58, 'Best_epoch_HR@20': 48, 'Best_epoch_NDCG@20': 58}
2026/03/12 13:28:24 - __main__ - INFO - 124 - trainer - Epoch: 59
2026/03/12 13:28:24 - __main__ - INFO - 142 - trainer - [0/2583] Loss: 6.8121 Loss_contra: 0.0249
2026/03/12 13:30:20 - __main__ - INFO - 142 - trainer - [517/2583] Loss: 6.8031 Loss_contra: 0.0226
2026/03/12 13:32:23 - __main__ - INFO - 142 - trainer - [1034/2583] Loss: 6.8567 Loss_contra: 0.0230
2026/03/12 13:34:19 - __main__ - INFO - 142 - trainer - [1551/2583] Loss: 6.7015 Loss_contra: 0.0226
2026/03/12 13:36:15 - __main__ - INFO - 142 - trainer - [2068/2583] Loss: 6.8130 Loss_contra: 0.0257
2026/03/12 13:38:11 - __main__ - INFO - 124 - trainer - Epoch: 60
2026/03/12 13:38:12 - __main__ - INFO - 142 - trainer - [0/2583] Loss: 6.7945 Loss_contra: 0.0244
2026/03/12 13:40:09 - __main__ - INFO - 142 - trainer - [517/2583] Loss: 6.7949 Loss_contra: 0.0231
2026/03/12 13:42:08 - __main__ - INFO - 142 - trainer - [1034/2583] Loss: 6.8750 Loss_contra: 0.0236
2026/03/12 13:44:02 - __main__ - INFO - 142 - trainer - [1551/2583] Loss: 6.7884 Loss_contra: 0.0247
2026/03/12 13:46:00 - __main__ - INFO - 142 - trainer - [2068/2583] Loss: 6.8768 Loss_contra: 0.0236
2026/03/12 13:47:59 - __main__ - INFO - 152 - trainer - start predicting: 2026-03-12 13:47:59.136064
2026/03/12 13:53:57 - __main__ - INFO - 187 - trainer - {'Best_HR@5': 7.7517, 'Best_NDCG@5': 5.0492, 'Best_HR@10': 12.2186, 'Best_NDCG@10': 6.4861, 'Best_HR@20': 18.5501, 'Best_NDCG@20': 8.0771}
2026/03/12 13:53:57 - __main__ - INFO - 188 - trainer - {'Best_epoch_HR@5': 60, 'Best_epoch_NDCG@5': 58, 'Best_epoch_HR@10': 58, 'Best_epoch_NDCG@10': 58, 'Best_epoch_HR@20': 48, 'Best_epoch_NDCG@20': 58}
2026/03/12 13:53:57 - __main__ - INFO - 124 - trainer - Epoch: 61
2026/03/12 13:53:58 - __main__ - INFO - 142 - trainer - [0/2583] Loss: 6.7214 Loss_contra: 0.0239
2026/03/12 13:55:53 - __main__ - INFO - 142 - trainer - [517/2583] Loss: 6.7675 Loss_contra: 0.0222
2026/03/12 13:57:50 - __main__ - INFO - 142 - trainer - [1034/2583] Loss: 6.8246 Loss_contra: 0.0213
2026/03/12 13:59:47 - __main__ - INFO - 142 - trainer - [1551/2583] Loss: 6.8172 Loss_contra: 0.0235
2026/03/12 14:01:43 - __main__ - INFO - 142 - trainer - [2068/2583] Loss: 6.7817 Loss_contra: 0.0233
2026/03/12 14:03:38 - __main__ - INFO - 124 - trainer - Epoch: 62
2026/03/12 14:03:39 - __main__ - INFO - 142 - trainer - [0/2583] Loss: 6.7352 Loss_contra: 0.0242
2026/03/12 14:05:34 - __main__ - INFO - 142 - trainer - [517/2583] Loss: 6.8120 Loss_contra: 0.0222
2026/03/12 14:07:28 - __main__ - INFO - 142 - trainer - [1034/2583] Loss: 6.7062 Loss_contra: 0.0222
2026/03/12 14:09:23 - __main__ - INFO - 142 - trainer - [1551/2583] Loss: 6.9063 Loss_contra: 0.0225
2026/03/12 14:11:19 - __main__ - INFO - 142 - trainer - [2068/2583] Loss: 6.8095 Loss_contra: 0.0231
2026/03/12 14:13:12 - __main__ - INFO - 152 - trainer - start predicting: 2026-03-12 14:13:12.089166
2026/03/12 14:19:13 - __main__ - INFO - 187 - trainer - {'Best_HR@5': 7.7517, 'Best_NDCG@5': 5.0492, 'Best_HR@10': 12.2371, 'Best_NDCG@10': 6.4861, 'Best_HR@20': 18.5521, 'Best_NDCG@20': 8.0771}
2026/03/12 14:19:13 - __main__ - INFO - 188 - trainer - {'Best_epoch_HR@5': 60, 'Best_epoch_NDCG@5': 58, 'Best_epoch_HR@10': 62, 'Best_epoch_NDCG@10': 58, 'Best_epoch_HR@20': 62, 'Best_epoch_NDCG@20': 58}
2026/03/12 14:19:13 - __main__ - INFO - 124 - trainer - Epoch: 63
2026/03/12 14:19:14 - __main__ - INFO - 142 - trainer - [0/2583] Loss: 6.7769 Loss_contra: 0.0240
2026/03/12 14:21:08 - __main__ - INFO - 142 - trainer - [517/2583] Loss: 6.7979 Loss_contra: 0.0249
2026/03/12 14:23:03 - __main__ - INFO - 142 - trainer - [1034/2583] Loss: 6.7933 Loss_contra: 0.0235
2026/03/12 14:25:00 - __main__ - INFO - 142 - trainer - [1551/2583] Loss: 6.7674 Loss_contra: 0.0219
2026/03/12 14:26:56 - __main__ - INFO - 142 - trainer - [2068/2583] Loss: 6.8344 Loss_contra: 0.0222
2026/03/12 14:28:49 - __main__ - INFO - 124 - trainer - Epoch: 64
2026/03/12 14:28:49 - __main__ - INFO - 142 - trainer - [0/2583] Loss: 6.6963 Loss_contra: 0.0247
2026/03/12 14:30:43 - __main__ - INFO - 142 - trainer - [517/2583] Loss: 6.7556 Loss_contra: 0.0229
2026/03/12 14:32:40 - __main__ - INFO - 142 - trainer - [1034/2583] Loss: 6.7950 Loss_contra: 0.0230
2026/03/12 14:34:37 - __main__ - INFO - 142 - trainer - [1551/2583] Loss: 6.8265 Loss_contra: 0.0211
2026/03/12 14:36:33 - __main__ - INFO - 142 - trainer - [2068/2583] Loss: 6.8840 Loss_contra: 0.0217
2026/03/12 14:38:30 - __main__ - INFO - 152 - trainer - start predicting: 2026-03-12 14:38:30.769350
2026/03/12 14:44:30 - __main__ - INFO - 124 - trainer - Epoch: 65
2026/03/12 14:44:31 - __main__ - INFO - 142 - trainer - [0/2583] Loss: 6.8614 Loss_contra: 0.0218
2026/03/12 14:46:27 - __main__ - INFO - 142 - trainer - [517/2583] Loss: 6.7607 Loss_contra: 0.0216
2026/03/12 14:48:24 - __main__ - INFO - 142 - trainer - [1034/2583] Loss: 6.7772 Loss_contra: 0.0219
2026/03/12 14:50:23 - __main__ - INFO - 142 - trainer - [1551/2583] Loss: 6.8507 Loss_contra: 0.0215
2026/03/12 14:52:21 - __main__ - INFO - 142 - trainer - [2068/2583] Loss: 6.7857 Loss_contra: 0.0227
2026/03/12 14:54:15 - __main__ - INFO - 124 - trainer - Epoch: 66
2026/03/12 14:54:16 - __main__ - INFO - 142 - trainer - [0/2583] Loss: 6.8215 Loss_contra: 0.0210
2026/03/12 14:56:12 - __main__ - INFO - 142 - trainer - [517/2583] Loss: 6.8237 Loss_contra: 0.0215
2026/03/12 14:58:08 - __main__ - INFO - 142 - trainer - [1034/2583] Loss: 6.6711 Loss_contra: 0.0220
2026/03/12 15:00:02 - __main__ - INFO - 142 - trainer - [1551/2583] Loss: 6.8185 Loss_contra: 0.0214
2026/03/12 15:02:00 - __main__ - INFO - 142 - trainer - [2068/2583] Loss: 6.7504 Loss_contra: 0.0216
2026/03/12 15:04:00 - __main__ - INFO - 152 - trainer - start predicting: 2026-03-12 15:04:00.412111
2026/03/12 15:10:00 - __main__ - INFO - 124 - trainer - Epoch: 67
2026/03/12 15:10:01 - __main__ - INFO - 142 - trainer - [0/2583] Loss: 6.7719 Loss_contra: 0.0227
2026/03/12 15:11:57 - __main__ - INFO - 142 - trainer - [517/2583] Loss: 6.9389 Loss_contra: 0.0207
2026/03/12 15:13:56 - __main__ - INFO - 142 - trainer - [1034/2583] Loss: 6.8893 Loss_contra: 0.0208
2026/03/12 15:15:54 - __main__ - INFO - 142 - trainer - [1551/2583] Loss: 6.7885 Loss_contra: 0.0210
2026/03/12 15:17:53 - __main__ - INFO - 142 - trainer - [2068/2583] Loss: 6.7106 Loss_contra: 0.0233
2026/03/12 15:19:53 - __main__ - INFO - 124 - trainer - Epoch: 68
2026/03/12 15:19:54 - __main__ - INFO - 142 - trainer - [0/2583] Loss: 6.7825 Loss_contra: 0.0228
2026/03/12 15:21:49 - __main__ - INFO - 142 - trainer - [517/2583] Loss: 6.9330 Loss_contra: 0.0224
2026/03/12 15:23:42 - __main__ - INFO - 142 - trainer - [1034/2583] Loss: 6.8671 Loss_contra: 0.0217
2026/03/12 15:25:41 - __main__ - INFO - 142 - trainer - [1551/2583] Loss: 6.8486 Loss_contra: 0.0208
2026/03/12 15:27:37 - __main__ - INFO - 142 - trainer - [2068/2583] Loss: 6.8070 Loss_contra: 0.0206
2026/03/12 15:29:30 - __main__ - INFO - 152 - trainer - start predicting: 2026-03-12 15:29:30.413590
2026/03/12 15:35:33 - __main__ - INFO - 124 - trainer - Epoch: 69
2026/03/12 15:35:34 - __main__ - INFO - 142 - trainer - [0/2583] Loss: 6.6875 Loss_contra: 0.0218
2026/03/12 15:37:28 - __main__ - INFO - 142 - trainer - [517/2583] Loss: 6.8004 Loss_contra: 0.0208
2026/03/12 15:39:23 - __main__ - INFO - 142 - trainer - [1034/2583] Loss: 6.8369 Loss_contra: 0.0220
2026/03/12 15:41:18 - __main__ - INFO - 142 - trainer - [1551/2583] Loss: 6.7348 Loss_contra: 0.0207
2026/03/12 15:43:13 - __main__ - INFO - 142 - trainer - [2068/2583] Loss: 6.8150 Loss_contra: 0.0217
2026/03/12 15:45:13 - __main__ - INFO - 124 - trainer - Epoch: 70
2026/03/12 15:45:14 - __main__ - INFO - 142 - trainer - [0/2583] Loss: 6.7957 Loss_contra: 0.0217
2026/03/12 15:47:07 - __main__ - INFO - 142 - trainer - [517/2583] Loss: 6.8440 Loss_contra: 0.0210
2026/03/12 15:49:02 - __main__ - INFO - 142 - trainer - [1034/2583] Loss: 6.7312 Loss_contra: 0.0219
2026/03/12 15:50:55 - __main__ - INFO - 142 - trainer - [1551/2583] Loss: 6.7332 Loss_contra: 0.0204
2026/03/12 15:52:51 - __main__ - INFO - 142 - trainer - [2068/2583] Loss: 6.8306 Loss_contra: 0.0206
2026/03/12 15:54:49 - __main__ - INFO - 152 - trainer - start predicting: 2026-03-12 15:54:49.586858
2026/03/12 16:00:52 - __main__ - INFO - 124 - trainer - Epoch: 71
2026/03/12 16:00:52 - __main__ - INFO - 142 - trainer - [0/2583] Loss: 6.7789 Loss_contra: 0.0198
2026/03/12 16:02:45 - __main__ - INFO - 142 - trainer - [517/2583] Loss: 6.7615 Loss_contra: 0.0215
2026/03/12 16:04:37 - __main__ - INFO - 142 - trainer - [1034/2583] Loss: 6.8500 Loss_contra: 0.0187
2026/03/12 16:06:31 - __main__ - INFO - 142 - trainer - [1551/2583] Loss: 6.7810 Loss_contra: 0.0202
2026/03/12 16:08:27 - __main__ - INFO - 142 - trainer - [2068/2583] Loss: 6.7692 Loss_contra: 0.0193
2026/03/12 16:10:24 - __main__ - INFO - 124 - trainer - Epoch: 72
2026/03/12 16:10:25 - __main__ - INFO - 142 - trainer - [0/2583] Loss: 6.7961 Loss_contra: 0.0220
2026/03/12 16:12:19 - __main__ - INFO - 142 - trainer - [517/2583] Loss: 6.7956 Loss_contra: 0.0199
2026/03/12 16:14:11 - __main__ - INFO - 142 - trainer - [1034/2583] Loss: 6.7381 Loss_contra: 0.0221
2026/03/12 16:16:06 - __main__ - INFO - 142 - trainer - [1551/2583] Loss: 6.7083 Loss_contra: 0.0195
2026/03/12 16:18:03 - __main__ - INFO - 142 - trainer - [2068/2583] Loss: 6.8595 Loss_contra: 0.0189
2026/03/12 16:20:01 - __main__ - INFO - 152 - trainer - start predicting: 2026-03-12 16:20:01.595760
2026/03/12 16:29:50 - __main__ - INFO - 187 - trainer - {'Best_HR@5': 7.754, 'Best_NDCG@5': 5.0602, 'Best_HR@10': 12.2371, 'Best_NDCG@10': 6.4884, 'Best_HR@20': 18.5521, 'Best_NDCG@20': 8.0774}
2026/03/12 16:29:50 - __main__ - INFO - 188 - trainer - {'Best_epoch_HR@5': 72, 'Best_epoch_NDCG@5': 72, 'Best_epoch_HR@10': 62, 'Best_epoch_NDCG@10': 72, 'Best_epoch_HR@20': 62, 'Best_epoch_NDCG@20': 72}
2026/03/12 16:29:50 - __main__ - INFO - 124 - trainer - Epoch: 73
2026/03/12 16:29:51 - __main__ - INFO - 142 - trainer - [0/2583] Loss: 6.7870 Loss_contra: 0.0189
2026/03/12 16:34:25 - __main__ - INFO - 142 - trainer - [517/2583] Loss: 6.8684 Loss_contra: 0.0197
2026/03/12 16:38:56 - __main__ - INFO - 142 - trainer - [1034/2583] Loss: 6.8024 Loss_contra: 0.0208
2026/03/12 16:43:28 - __main__ - INFO - 142 - trainer - [1551/2583] Loss: 6.8331 Loss_contra: 0.0202
2026/03/12 16:48:00 - __main__ - INFO - 142 - trainer - [2068/2583] Loss: 6.7938 Loss_contra: 0.0220
2026/03/12 16:51:40 - __main__ - INFO - 124 - trainer - Epoch: 74
2026/03/12 16:51:41 - __main__ - INFO - 142 - trainer - [0/2583] Loss: 6.7710 Loss_contra: 0.0220
2026/03/12 16:53:41 - __main__ - INFO - 142 - trainer - [517/2583] Loss: 6.8698 Loss_contra: 0.0197
2026/03/12 16:55:37 - __main__ - INFO - 142 - trainer - [1034/2583] Loss: 6.7369 Loss_contra: 0.0189
2026/03/12 16:57:33 - __main__ - INFO - 142 - trainer - [1551/2583] Loss: 6.8678 Loss_contra: 0.0191
2026/03/12 16:59:30 - __main__ - INFO - 142 - trainer - [2068/2583] Loss: 6.8154 Loss_contra: 0.0205
2026/03/12 17:01:27 - __main__ - INFO - 152 - trainer - start predicting: 2026-03-12 17:01:27.414535
2026/03/12 17:07:33 - __main__ - INFO - 124 - trainer - Epoch: 75
2026/03/12 17:07:34 - __main__ - INFO - 142 - trainer - [0/2583] Loss: 6.7726 Loss_contra: 0.0198
2026/03/12 17:09:29 - __main__ - INFO - 142 - trainer - [517/2583] Loss: 6.7234 Loss_contra: 0.0182
2026/03/12 17:11:25 - __main__ - INFO - 142 - trainer - [1034/2583] Loss: 6.7103 Loss_contra: 0.0177
2026/03/12 17:13:21 - __main__ - INFO - 142 - trainer - [1551/2583] Loss: 6.6491 Loss_contra: 0.0196
2026/03/12 17:15:16 - __main__ - INFO - 142 - trainer - [2068/2583] Loss: 6.7527 Loss_contra: 0.0195
2026/03/12 17:17:13 - __main__ - INFO - 124 - trainer - Epoch: 76
2026/03/12 17:17:14 - __main__ - INFO - 142 - trainer - [0/2583] Loss: 6.7661 Loss_contra: 0.0180
2026/03/12 17:19:10 - __main__ - INFO - 142 - trainer - [517/2583] Loss: 6.7229 Loss_contra: 0.0199
2026/03/12 17:21:06 - __main__ - INFO - 142 - trainer - [1034/2583] Loss: 6.8223 Loss_contra: 0.0182
2026/03/12 17:23:04 - __main__ - INFO - 142 - trainer - [1551/2583] Loss: 6.7220 Loss_contra: 0.0187
2026/03/12 17:25:01 - __main__ - INFO - 142 - trainer - [2068/2583] Loss: 6.8362 Loss_contra: 0.0191
2026/03/12 17:26:57 - __main__ - INFO - 152 - trainer - start predicting: 2026-03-12 17:26:57.787316
2026/03/12 17:33:04 - __main__ - INFO - 124 - trainer - Epoch: 77
2026/03/12 17:33:05 - __main__ - INFO - 142 - trainer - [0/2583] Loss: 6.7570 Loss_contra: 0.0192
2026/03/12 17:35:00 - __main__ - INFO - 142 - trainer - [517/2583] Loss: 6.6645 Loss_contra: 0.0184
2026/03/12 17:36:56 - __main__ - INFO - 142 - trainer - [1034/2583] Loss: 6.7445 Loss_contra: 0.0200
2026/03/12 17:38:53 - __main__ - INFO - 142 - trainer - [1551/2583] Loss: 6.8860 Loss_contra: 0.0203
2026/03/12 17:40:50 - __main__ - INFO - 142 - trainer - [2068/2583] Loss: 6.7122 Loss_contra: 0.0197
2026/03/12 17:42:44 - __main__ - INFO - 124 - trainer - Epoch: 78
2026/03/12 17:42:44 - __main__ - INFO - 142 - trainer - [0/2583] Loss: 6.6697 Loss_contra: 0.0196
2026/03/12 17:44:39 - __main__ - INFO - 142 - trainer - [517/2583] Loss: 6.8189 Loss_contra: 0.0192
2026/03/12 17:46:35 - __main__ - INFO - 142 - trainer - [1034/2583] Loss: 6.7893 Loss_contra: 0.0198
2026/03/12 17:48:31 - __main__ - INFO - 142 - trainer - [1551/2583] Loss: 6.8239 Loss_contra: 0.0184
2026/03/12 17:50:29 - __main__ - INFO - 142 - trainer - [2068/2583] Loss: 6.8295 Loss_contra: 0.0195
2026/03/12 17:52:27 - __main__ - INFO - 152 - trainer - start predicting: 2026-03-12 17:52:27.713073
2026/03/12 17:58:34 - __main__ - INFO - 124 - trainer - Epoch: 79
2026/03/12 17:58:34 - __main__ - INFO - 142 - trainer - [0/2583] Loss: 6.7317 Loss_contra: 0.0181
2026/03/12 18:00:30 - __main__ - INFO - 142 - trainer - [517/2583] Loss: 6.6342 Loss_contra: 0.0203
2026/03/12 18:02:25 - __main__ - INFO - 142 - trainer - [1034/2583] Loss: 6.8361 Loss_contra: 0.0181
2026/03/12 18:04:20 - __main__ - INFO - 142 - trainer - [1551/2583] Loss: 6.8887 Loss_contra: 0.0194
2026/03/12 18:06:17 - __main__ - INFO - 142 - trainer - [2068/2583] Loss: 6.7274 Loss_contra: 0.0189
2026/03/12 18:08:13 - __main__ - INFO - 124 - trainer - Epoch: 80
2026/03/12 18:08:13 - __main__ - INFO - 142 - trainer - [0/2583] Loss: 6.8296 Loss_contra: 0.0189
2026/03/12 18:10:10 - __main__ - INFO - 142 - trainer - [517/2583] Loss: 6.7482 Loss_contra: 0.0195
2026/03/12 18:12:06 - __main__ - INFO - 142 - trainer - [1034/2583] Loss: 6.7203 Loss_contra: 0.0175
2026/03/12 18:14:02 - __main__ - INFO - 142 - trainer - [1551/2583] Loss: 6.8003 Loss_contra: 0.0182
2026/03/12 18:15:59 - __main__ - INFO - 142 - trainer - [2068/2583] Loss: 6.8376 Loss_contra: 0.0195
2026/03/12 18:17:58 - __main__ - INFO - 152 - trainer - start predicting: 2026-03-12 18:17:58.518574
2026/03/12 18:24:06 - __main__ - INFO - 124 - trainer - Epoch: 81
2026/03/12 18:24:07 - __main__ - INFO - 142 - trainer - [0/2583] Loss: 6.7494 Loss_contra: 0.0209
2026/03/12 18:26:05 - __main__ - INFO - 142 - trainer - [517/2583] Loss: 6.8324 Loss_contra: 0.0185
2026/03/12 18:28:00 - __main__ - INFO - 142 - trainer - [1034/2583] Loss: 6.7840 Loss_contra: 0.0177
2026/03/12 18:29:54 - __main__ - INFO - 142 - trainer - [1551/2583] Loss: 6.7600 Loss_contra: 0.0170
2026/03/12 18:31:54 - __main__ - INFO - 142 - trainer - [2068/2583] Loss: 6.8373 Loss_contra: 0.0186
2026/03/12 18:33:55 - __main__ - INFO - 124 - trainer - Epoch: 82
2026/03/12 18:33:55 - __main__ - INFO - 142 - trainer - [0/2583] Loss: 6.8422 Loss_contra: 0.0179
2026/03/12 18:35:43 - __main__ - INFO - 142 - trainer - [517/2583] Loss: 6.7583 Loss_contra: 0.0170
2026/03/12 18:37:27 - __main__ - INFO - 142 - trainer - [1034/2583] Loss: 6.7688 Loss_contra: 0.0177
2026/03/12 18:39:10 - __main__ - INFO - 142 - trainer - [1551/2583] Loss: 6.7412 Loss_contra: 0.0183
2026/03/12 18:40:54 - __main__ - INFO - 142 - trainer - [2068/2583] Loss: 6.8126 Loss_contra: 0.0178
2026/03/12 18:42:39 - __main__ - INFO - 152 - trainer - start predicting: 2026-03-12 18:42:39.621784
2026/03/12 18:48:41 - __main__ - INFO - 124 - trainer - Epoch: 83
2026/03/12 18:48:41 - __main__ - INFO - 142 - trainer - [0/2583] Loss: 6.7729 Loss_contra: 0.0179
2026/03/12 18:50:25 - __main__ - INFO - 142 - trainer - [517/2583] Loss: 6.7320 Loss_contra: 0.0180
2026/03/12 18:52:10 - __main__ - INFO - 142 - trainer - [1034/2583] Loss: 6.7010 Loss_contra: 0.0182
2026/03/12 18:53:56 - __main__ - INFO - 142 - trainer - [1551/2583] Loss: 6.8352 Loss_contra: 0.0170
2026/03/12 18:55:41 - __main__ - INFO - 142 - trainer - [2068/2583] Loss: 6.7850 Loss_contra: 0.0167
2026/03/12 18:57:27 - __main__ - INFO - 124 - trainer - Epoch: 84
2026/03/12 18:57:28 - __main__ - INFO - 142 - trainer - [0/2583] Loss: 6.8014 Loss_contra: 0.0173
2026/03/12 18:59:13 - __main__ - INFO - 142 - trainer - [517/2583] Loss: 6.6545 Loss_contra: 0.0177
2026/03/12 19:00:56 - __main__ - INFO - 142 - trainer - [1034/2583] Loss: 6.8766 Loss_contra: 0.0187
2026/03/12 19:02:40 - __main__ - INFO - 142 - trainer - [1551/2583] Loss: 6.7314 Loss_contra: 0.0176
2026/03/12 19:04:25 - __main__ - INFO - 142 - trainer - [2068/2583] Loss: 6.7963 Loss_contra: 0.0163
2026/03/12 19:06:08 - __main__ - INFO - 152 - trainer - start predicting: 2026-03-12 19:06:08.126642
2026/03/12 19:12:10 - __main__ - INFO - 187 - trainer - {'Best_HR@5': 7.7561, 'Best_NDCG@5': 5.0602, 'Best_HR@10': 12.2371, 'Best_NDCG@10': 6.4884, 'Best_HR@20': 18.5521, 'Best_NDCG@20': 8.0774}
2026/03/12 19:12:10 - __main__ - INFO - 188 - trainer - {'Best_epoch_HR@5': 84, 'Best_epoch_NDCG@5': 72, 'Best_epoch_HR@10': 62, 'Best_epoch_NDCG@10': 72, 'Best_epoch_HR@20': 62, 'Best_epoch_NDCG@20': 72}
2026/03/12 19:12:10 - __main__ - INFO - 124 - trainer - Epoch: 85
2026/03/12 19:12:11 - __main__ - INFO - 142 - trainer - [0/2583] Loss: 6.7505 Loss_contra: 0.0169
2026/03/12 19:13:54 - __main__ - INFO - 142 - trainer - [517/2583] Loss: 6.7922 Loss_contra: 0.0168
2026/03/12 19:15:38 - __main__ - INFO - 142 - trainer - [1034/2583] Loss: 6.7136 Loss_contra: 0.0172
2026/03/12 19:17:24 - __main__ - INFO - 142 - trainer - [1551/2583] Loss: 6.6931 Loss_contra: 0.0180
2026/03/12 19:19:09 - __main__ - INFO - 142 - trainer - [2068/2583] Loss: 6.7824 Loss_contra: 0.0182
2026/03/12 19:20:54 - __main__ - INFO - 124 - trainer - Epoch: 86
2026/03/12 19:20:54 - __main__ - INFO - 142 - trainer - [0/2583] Loss: 6.6777 Loss_contra: 0.0170
2026/03/12 19:22:41 - __main__ - INFO - 142 - trainer - [517/2583] Loss: 6.8120 Loss_contra: 0.0160
2026/03/12 19:24:26 - __main__ - INFO - 142 - trainer - [1034/2583] Loss: 6.7826 Loss_contra: 0.0178
2026/03/12 19:26:11 - __main__ - INFO - 142 - trainer - [1551/2583] Loss: 6.6834 Loss_contra: 0.0176
2026/03/12 19:27:54 - __main__ - INFO - 142 - trainer - [2068/2583] Loss: 6.7737 Loss_contra: 0.0189
2026/03/12 19:29:39 - __main__ - INFO - 152 - trainer - start predicting: 2026-03-12 19:29:39.493762
2026/03/12 19:35:43 - __main__ - INFO - 187 - trainer - {'Best_HR@5': 7.7813, 'Best_NDCG@5': 5.0737, 'Best_HR@10': 12.2825, 'Best_NDCG@10': 6.5209, 'Best_HR@20': 18.6938, 'Best_NDCG@20': 8.1326}
2026/03/12 19:35:43 - __main__ - INFO - 188 - trainer - {'Best_epoch_HR@5': 86, 'Best_epoch_NDCG@5': 86, 'Best_epoch_HR@10': 86, 'Best_epoch_NDCG@10': 86, 'Best_epoch_HR@20': 86, 'Best_epoch_NDCG@20': 86}
2026/03/12 19:35:43 - __main__ - INFO - 124 - trainer - Epoch: 87
2026/03/12 19:35:43 - __main__ - INFO - 142 - trainer - [0/2583] Loss: 6.6745 Loss_contra: 0.0189
2026/03/12 19:37:29 - __main__ - INFO - 142 - trainer - [517/2583] Loss: 6.7203 Loss_contra: 0.0178
2026/03/12 19:39:13 - __main__ - INFO - 142 - trainer - [1034/2583] Loss: 6.7371 Loss_contra: 0.0164
2026/03/12 19:40:57 - __main__ - INFO - 142 - trainer - [1551/2583] Loss: 6.6743 Loss_contra: 0.0166
2026/03/12 19:42:42 - __main__ - INFO - 142 - trainer - [2068/2583] Loss: 6.7020 Loss_contra: 0.0168
2026/03/12 19:44:26 - __main__ - INFO - 124 - trainer - Epoch: 88
2026/03/12 19:44:27 - __main__ - INFO - 142 - trainer - [0/2583] Loss: 6.7889 Loss_contra: 0.0177
2026/03/12 19:46:12 - __main__ - INFO - 142 - trainer - [517/2583] Loss: 6.6516 Loss_contra: 0.0175
2026/03/12 19:47:57 - __main__ - INFO - 142 - trainer - [1034/2583] Loss: 6.7830 Loss_contra: 0.0173
2026/03/12 19:49:42 - __main__ - INFO - 142 - trainer - [1551/2583] Loss: 6.8192 Loss_contra: 0.0174
2026/03/12 19:51:30 - __main__ - INFO - 142 - trainer - [2068/2583] Loss: 6.8581 Loss_contra: 0.0170
2026/03/12 19:53:15 - __main__ - INFO - 152 - trainer - start predicting: 2026-03-12 19:53:15.462926
2026/03/12 19:59:18 - __main__ - INFO - 124 - trainer - Epoch: 89
2026/03/12 19:59:19 - __main__ - INFO - 142 - trainer - [0/2583] Loss: 6.7515 Loss_contra: 0.0163
2026/03/12 20:01:03 - __main__ - INFO - 142 - trainer - [517/2583] Loss: 6.6769 Loss_contra: 0.0187
2026/03/12 20:03:19 - __main__ - INFO - 142 - trainer - [1034/2583] Loss: 6.7704 Loss_contra: 0.0157
2026/03/12 20:05:04 - __main__ - INFO - 142 - trainer - [1551/2583] Loss: 6.8009 Loss_contra: 0.0160
2026/03/12 20:06:50 - __main__ - INFO - 142 - trainer - [2068/2583] Loss: 6.8393 Loss_contra: 0.0173
2026/03/12 20:08:37 - __main__ - INFO - 124 - trainer - Epoch: 90
2026/03/12 20:08:38 - __main__ - INFO - 142 - trainer - [0/2583] Loss: 6.7503 Loss_contra: 0.0170
2026/03/12 20:10:22 - __main__ - INFO - 142 - trainer - [517/2583] Loss: 6.7128 Loss_contra: 0.0166
2026/03/12 20:12:06 - __main__ - INFO - 142 - trainer - [1034/2583] Loss: 6.8310 Loss_contra: 0.0174
2026/03/12 20:13:51 - __main__ - INFO - 142 - trainer - [1551/2583] Loss: 6.8377 Loss_contra: 0.0175
2026/03/12 20:15:36 - __main__ - INFO - 142 - trainer - [2068/2583] Loss: 6.7753 Loss_contra: 0.0171
2026/03/12 20:17:21 - __main__ - INFO - 152 - trainer - start predicting: 2026-03-12 20:17:21.591155
2026/03/12 20:23:27 - __main__ - INFO - 124 - trainer - Epoch: 91
2026/03/12 20:23:27 - __main__ - INFO - 142 - trainer - [0/2583] Loss: 6.7123 Loss_contra: 0.0180
2026/03/12 20:25:12 - __main__ - INFO - 142 - trainer - [517/2583] Loss: 6.7481 Loss_contra: 0.0159
2026/03/12 20:26:56 - __main__ - INFO - 142 - trainer - [1034/2583] Loss: 6.7275 Loss_contra: 0.0170
2026/03/12 20:28:43 - __main__ - INFO - 142 - trainer - [1551/2583] Loss: 6.7480 Loss_contra: 0.0153
2026/03/12 20:30:29 - __main__ - INFO - 142 - trainer - [2068/2583] Loss: 6.6994 Loss_contra: 0.0175
2026/03/12 20:32:13 - __main__ - INFO - 124 - trainer - Epoch: 92
2026/03/12 20:32:13 - __main__ - INFO - 142 - trainer - [0/2583] Loss: 6.7622 Loss_contra: 0.0168
2026/03/12 20:34:00 - __main__ - INFO - 142 - trainer - [517/2583] Loss: 6.8209 Loss_contra: 0.0164
2026/03/12 20:35:49 - __main__ - INFO - 142 - trainer - [1034/2583] Loss: 6.7886 Loss_contra: 0.0170
2026/03/12 20:37:45 - __main__ - INFO - 142 - trainer - [1551/2583] Loss: 6.7851 Loss_contra: 0.0171
2026/03/12 20:42:16 - __main__ - INFO - 142 - trainer - [2068/2583] Loss: 6.7475 Loss_contra: 0.0174
2026/03/12 20:47:40 - __main__ - INFO - 152 - trainer - start predicting: 2026-03-12 20:47:40.722880
2026/03/12 21:06:44 - __main__ - INFO - 124 - trainer - Epoch: 93
2026/03/12 21:06:45 - __main__ - INFO - 142 - trainer - [0/2583] Loss: 6.7320 Loss_contra: 0.0158
2026/03/12 21:14:56 - __main__ - INFO - 142 - trainer - [517/2583] Loss: 6.6856 Loss_contra: 0.0158
2026/03/12 21:22:20 - __main__ - INFO - 142 - trainer - [1034/2583] Loss: 6.7126 Loss_contra: 0.0165
2026/03/12 21:30:45 - __main__ - INFO - 142 - trainer - [1551/2583] Loss: 6.7808 Loss_contra: 0.0157
2026/03/12 21:38:01 - __main__ - INFO - 142 - trainer - [2068/2583] Loss: 6.7746 Loss_contra: 0.0167
2026/03/12 21:44:29 - __main__ - INFO - 124 - trainer - Epoch: 94
2026/03/12 21:44:30 - __main__ - INFO - 142 - trainer - [0/2583] Loss: 6.7588 Loss_contra: 0.0176
2026/03/12 21:50:13 - __main__ - INFO - 142 - trainer - [517/2583] Loss: 6.6685 Loss_contra: 0.0178
2026/03/12 21:54:45 - __main__ - INFO - 142 - trainer - [1034/2583] Loss: 6.7989 Loss_contra: 0.0173
2026/03/12 21:58:50 - __main__ - INFO - 142 - trainer - [1551/2583] Loss: 6.7848 Loss_contra: 0.0165
2026/03/12 22:03:18 - __main__ - INFO - 142 - trainer - [2068/2583] Loss: 6.7844 Loss_contra: 0.0151
2026/03/12 22:09:02 - __main__ - INFO - 152 - trainer - start predicting: 2026-03-12 22:09:02.437043
2026/03/12 22:18:35 - __main__ - INFO - 124 - trainer - Epoch: 95
2026/03/12 22:18:36 - __main__ - INFO - 142 - trainer - [0/2583] Loss: 6.6315 Loss_contra: 0.0163
2026/03/12 22:23:58 - __main__ - INFO - 142 - trainer - [517/2583] Loss: 6.7992 Loss_contra: 0.0162
2026/03/12 22:29:44 - __main__ - INFO - 142 - trainer - [1034/2583] Loss: 6.6621 Loss_contra: 0.0151
2026/03/12 22:36:02 - __main__ - INFO - 142 - trainer - [1551/2583] Loss: 6.7164 Loss_contra: 0.0149
2026/03/12 22:43:13 - __main__ - INFO - 142 - trainer - [2068/2583] Loss: 6.7767 Loss_contra: 0.0155
2026/03/12 22:48:58 - __main__ - INFO - 124 - trainer - Epoch: 96
2026/03/12 22:48:59 - __main__ - INFO - 142 - trainer - [0/2583] Loss: 6.7970 Loss_contra: 0.0149
2026/03/12 22:53:24 - __main__ - INFO - 142 - trainer - [517/2583] Loss: 6.7662 Loss_contra: 0.0155
2026/03/12 22:58:24 - __main__ - INFO - 142 - trainer - [1034/2583] Loss: 6.7932 Loss_contra: 0.0160
2026/03/12 23:04:52 - __main__ - INFO - 142 - trainer - [1551/2583] Loss: 6.8356 Loss_contra: 0.0160
2026/03/12 23:11:23 - __main__ - INFO - 142 - trainer - [2068/2583] Loss: 6.7715 Loss_contra: 0.0150
2026/03/12 23:18:58 - __main__ - INFO - 152 - trainer - start predicting: 2026-03-12 23:18:58.905145
2026/03/12 23:33:49 - __main__ - INFO - 124 - trainer - Epoch: 97
2026/03/12 23:33:50 - __main__ - INFO - 142 - trainer - [0/2583] Loss: 6.7485 Loss_contra: 0.0143
2026/03/12 23:39:03 - __main__ - INFO - 142 - trainer - [517/2583] Loss: 6.7911 Loss_contra: 0.0157
2026/03/12 23:44:52 - __main__ - INFO - 142 - trainer - [1034/2583] Loss: 6.8335 Loss_contra: 0.0162
2026/03/12 23:49:14 - __main__ - INFO - 142 - trainer - [1551/2583] Loss: 6.7385 Loss_contra: 0.0162
2026/03/12 23:54:14 - __main__ - INFO - 142 - trainer - [2068/2583] Loss: 6.7242 Loss_contra: 0.0163
2026/03/13 00:00:00 - __main__ - INFO - 124 - trainer - Epoch: 98
2026/03/13 00:00:01 - __main__ - INFO - 142 - trainer - [0/2583] Loss: 6.7085 Loss_contra: 0.0161
2026/03/13 00:04:44 - __main__ - INFO - 142 - trainer - [517/2583] Loss: 6.6766 Loss_contra: 0.0161
2026/03/13 00:09:29 - __main__ - INFO - 142 - trainer - [1034/2583] Loss: 6.7801 Loss_contra: 0.0158
2026/03/13 00:15:21 - __main__ - INFO - 142 - trainer - [1551/2583] Loss: 6.7706 Loss_contra: 0.0158
2026/03/13 00:20:21 - __main__ - INFO - 142 - trainer - [2068/2583] Loss: 6.7659 Loss_contra: 0.0159
2026/03/13 00:25:00 - __main__ - INFO - 152 - trainer - start predicting: 2026-03-13 00:25:00.151341
2026/03/13 00:40:10 - __main__ - INFO - 124 - trainer - Epoch: 99
2026/03/13 00:40:11 - __main__ - INFO - 142 - trainer - [0/2583] Loss: 6.7348 Loss_contra: 0.0144
2026/03/13 00:45:00 - __main__ - INFO - 142 - trainer - [517/2583] Loss: 6.7292 Loss_contra: 0.0152
2026/03/13 00:50:52 - __main__ - INFO - 142 - trainer - [1034/2583] Loss: 6.7952 Loss_contra: 0.0156
2026/03/13 00:55:58 - __main__ - INFO - 142 - trainer - [1551/2583] Loss: 6.6376 Loss_contra: 0.0151
2026/03/13 01:00:40 - __main__ - INFO - 142 - trainer - [2068/2583] Loss: 6.8014 Loss_contra: 0.0152
2026/03/13 01:06:20 - __main__ - INFO - 124 - trainer - Epoch: 100
2026/03/13 01:06:21 - __main__ - INFO - 142 - trainer - [0/2583] Loss: 6.7727 Loss_contra: 0.0162
2026/03/13 01:11:43 - __main__ - INFO - 142 - trainer - [517/2583] Loss: 6.6876 Loss_contra: 0.0136
2026/03/13 01:16:14 - __main__ - INFO - 142 - trainer - [1034/2583] Loss: 6.6548 Loss_contra: 0.0143
2026/03/13 01:21:38 - __main__ - INFO - 142 - trainer - [1551/2583] Loss: 6.7728 Loss_contra: 0.0141
2026/03/13 01:27:31 - __main__ - INFO - 142 - trainer - [2068/2583] Loss: 6.6765 Loss_contra: 0.0145
2026/03/13 01:31:45 - __main__ - INFO - 152 - trainer - start predicting: 2026-03-13 01:31:45.870466
2026/03/13 01:47:10 - __main__ - INFO - 124 - trainer - Epoch: 101
2026/03/13 01:47:11 - __main__ - INFO - 142 - trainer - [0/2583] Loss: 6.7865 Loss_contra: 0.0143
2026/03/13 01:51:42 - __main__ - INFO - 142 - trainer - [517/2583] Loss: 6.6594 Loss_contra: 0.0136
2026/03/13 01:57:03 - __main__ - INFO - 142 - trainer - [1034/2583] Loss: 6.7100 Loss_contra: 0.0137
2026/03/13 02:02:55 - __main__ - INFO - 142 - trainer - [1551/2583] Loss: 6.8175 Loss_contra: 0.0143
2026/03/13 02:07:22 - __main__ - INFO - 142 - trainer - [2068/2583] Loss: 6.7521 Loss_contra: 0.0137
2026/03/13 02:11:05 - __main__ - INFO - 124 - trainer - Epoch: 102
2026/03/13 02:11:06 - __main__ - INFO - 142 - trainer - [0/2583] Loss: 6.7968 Loss_contra: 0.0137
2026/03/13 02:15:47 - __main__ - INFO - 142 - trainer - [517/2583] Loss: 6.7768 Loss_contra: 0.0135
2026/03/13 02:21:40 - __main__ - INFO - 142 - trainer - [1034/2583] Loss: 6.6850 Loss_contra: 0.0141
2026/03/13 02:26:47 - __main__ - INFO - 142 - trainer - [1551/2583] Loss: 6.6934 Loss_contra: 0.0143
2026/03/13 02:31:21 - __main__ - INFO - 142 - trainer - [2068/2583] Loss: 6.7023 Loss_contra: 0.0142
2026/03/13 02:36:26 - __main__ - INFO - 152 - trainer - start predicting: 2026-03-13 02:36:26.775671
2026/03/13 02:46:53 - __main__ - INFO - 124 - trainer - Epoch: 103
2026/03/13 02:46:54 - __main__ - INFO - 142 - trainer - [0/2583] Loss: 6.7304 Loss_contra: 0.0139
2026/03/13 02:48:43 - __main__ - INFO - 142 - trainer - [517/2583] Loss: 6.8090 Loss_contra: 0.0139
2026/03/13 02:50:30 - __main__ - INFO - 142 - trainer - [1034/2583] Loss: 6.7297 Loss_contra: 0.0134
2026/03/13 02:52:16 - __main__ - INFO - 142 - trainer - [1551/2583] Loss: 6.6764 Loss_contra: 0.0149
2026/03/13 02:54:06 - __main__ - INFO - 142 - trainer - [2068/2583] Loss: 6.7589 Loss_contra: 0.0140
2026/03/13 02:55:55 - __main__ - INFO - 124 - trainer - Epoch: 104
2026/03/13 02:55:56 - __main__ - INFO - 142 - trainer - [0/2583] Loss: 6.6799 Loss_contra: 0.0139
2026/03/13 02:57:41 - __main__ - INFO - 142 - trainer - [517/2583] Loss: 6.7097 Loss_contra: 0.0136
2026/03/13 02:59:27 - __main__ - INFO - 142 - trainer - [1034/2583] Loss: 6.7753 Loss_contra: 0.0139
2026/03/13 03:01:12 - __main__ - INFO - 142 - trainer - [1551/2583] Loss: 6.7087 Loss_contra: 0.0141
2026/03/13 03:03:01 - __main__ - INFO - 142 - trainer - [2068/2583] Loss: 6.7765 Loss_contra: 0.0142
2026/03/13 03:04:45 - __main__ - INFO - 152 - trainer - start predicting: 2026-03-13 03:04:45.218499
2026/03/13 03:10:52 - __main__ - INFO - 124 - trainer - Epoch: 105
2026/03/13 03:10:52 - __main__ - INFO - 142 - trainer - [0/2583] Loss: 6.6620 Loss_contra: 0.0141
2026/03/13 03:12:40 - __main__ - INFO - 142 - trainer - [517/2583] Loss: 6.6333 Loss_contra: 0.0141
2026/03/13 03:14:28 - __main__ - INFO - 142 - trainer - [1034/2583] Loss: 6.8129 Loss_contra: 0.0140
2026/03/13 03:16:14 - __main__ - INFO - 142 - trainer - [1551/2583] Loss: 6.6637 Loss_contra: 0.0134
2026/03/13 03:18:02 - __main__ - INFO - 142 - trainer - [2068/2583] Loss: 6.7516 Loss_contra: 0.0137
2026/03/13 03:19:48 - __main__ - INFO - 124 - trainer - Epoch: 106
2026/03/13 03:19:48 - __main__ - INFO - 142 - trainer - [0/2583] Loss: 6.6965 Loss_contra: 0.0137
2026/03/13 03:21:38 - __main__ - INFO - 142 - trainer - [517/2583] Loss: 6.6347 Loss_contra: 0.0129
2026/03/13 03:23:26 - __main__ - INFO - 142 - trainer - [1034/2583] Loss: 6.7615 Loss_contra: 0.0136
2026/03/13 03:25:13 - __main__ - INFO - 142 - trainer - [1551/2583] Loss: 6.6899 Loss_contra: 0.0138
2026/03/13 03:26:58 - __main__ - INFO - 142 - trainer - [2068/2583] Loss: 6.7495 Loss_contra: 0.0138
2026/03/13 03:28:45 - __main__ - INFO - 152 - trainer - start predicting: 2026-03-13 03:28:45.156187
2026/03/13 03:34:52 - __main__ - INFO - 195 - trainer - {'Best_HR@5': 7.7813, 'Best_NDCG@5': 5.0737, 'Best_HR@10': 12.2825, 'Best_NDCG@10': 6.5209, 'Best_HR@20': 18.6938, 'Best_NDCG@20': 8.1326}
2026/03/13 03:34:52 - __main__ - INFO - 196 - trainer - {'Best_epoch_HR@5': 86, 'Best_epoch_NDCG@5': 86, 'Best_epoch_HR@10': 86, 'Best_epoch_NDCG@10': 86, 'Best_epoch_HR@20': 86, 'Best_epoch_NDCG@20': 86}
2026/03/13 03:41:03 - __main__ - INFO - 223 - trainer - Test------------------------------------------------------
2026/03/13 03:41:03 - __main__ - INFO - 225 - trainer - {'HR@5': 7.1517, 'NDCG@5': 4.6304, 'HR@10': 11.4835, 'NDCG@10': 6.021, 'HR@20': 17.6445, 'NDCG@20': 7.5696}
2026/03/13 03:41:03 - __main__ - INFO - 227 - trainer - Best Eval---------------------------------------------------------
2026/03/13 03:41:03 - __main__ - INFO - 230 - trainer - {'Best_HR@5': 7.7813, 'Best_NDCG@5': 5.0737, 'Best_HR@10': 12.2825, 'Best_NDCG@10': 6.5209, 'Best_HR@20': 18.6938, 'Best_NDCG@20': 8.1326}
2026/03/13 03:41:03 - __main__ - INFO - 231 - trainer - {'Best_epoch_HR@5': 86, 'Best_epoch_NDCG@5': 86, 'Best_epoch_HR@10': 86, 'Best_epoch_NDCG@10': 86, 'Best_epoch_HR@20': 86, 'Best_epoch_NDCG@20': 86}
