2026/04/20 00:26:58 - __main__ - INFO - 184 - main - Namespace(batch_size=1024, dataset='steam', decay_step=100, description='Diffu_norm_score', device='cuda', diffusion_steps=32, diversity_measure=False, dropout=0.1, emb_dropout=0.3, epoch_time_avg=False, epochs=300, eval_interval=2, gamma=0.1, hidden_act='gelu', hidden_size=128, history_medium_threshold=50, history_short_threshold=10, history_weight_long=0.01, history_weight_medium=0.05, history_weight_mode='piecewise', history_weight_short=0.2, item_num=13044, lambda_contra=0.05, lambda_history=1.0, lambda_intent=0.6, last_item_weight=1.0, log_file='log/', long_head=False, loss_lambda=0.001, lr=0.001, max_len=50, metric_ks=[5, 10, 20], momentum=None, noise_schedule='trunc_lin', num_blocks=4, num_cluster=8, num_gpu=1, num_hidden_layers=1, num_iter=20, optimizer='Adam', patience=10, random_seed=1997, rep_pad=False, rep_pad_delimiter=False, rep_pad_fixed_num=1, rep_pad_mode='rand_1_max', rescale_timesteps=True, schedule_sampler_name='lossaware', use_last_item_for_code=False, weight_decay=0)
2026/04/20 00:27:01 - __main__ - INFO - 124 - trainer - Epoch: 0
2026/04/20 00:27:01 - __main__ - INFO - 142 - trainer - [0/2583] Loss: 44.4838 Loss_contra: 0.7666
2026/04/20 00:28:38 - __main__ - INFO - 142 - trainer - [517/2583] Loss: 9.4079 Loss_contra: 1.9507
2026/04/20 00:30:14 - __main__ - INFO - 142 - trainer - [1034/2583] Loss: 8.3427 Loss_contra: 4.7085
2026/04/20 00:31:51 - __main__ - INFO - 142 - trainer - [1551/2583] Loss: 8.2371 Loss_contra: 5.6631
2026/04/20 00:33:28 - __main__ - INFO - 142 - trainer - [2068/2583] Loss: 8.0922 Loss_contra: 5.7971
2026/04/20 00:35:04 - __main__ - INFO - 124 - trainer - Epoch: 1
2026/04/20 00:35:04 - __main__ - INFO - 142 - trainer - [0/2583] Loss: 8.1029 Loss_contra: 5.5061
2026/04/20 00:36:41 - __main__ - INFO - 142 - trainer - [517/2583] Loss: 8.2387 Loss_contra: 5.7690
2026/04/20 00:38:18 - __main__ - INFO - 142 - trainer - [1034/2583] Loss: 8.0559 Loss_contra: 4.7001
2026/04/20 00:39:55 - __main__ - INFO - 142 - trainer - [1551/2583] Loss: 7.9954 Loss_contra: 4.7335
2026/04/20 00:41:32 - __main__ - INFO - 142 - trainer - [2068/2583] Loss: 8.0433 Loss_contra: 3.9237
2026/04/20 00:43:09 - __main__ - INFO - 124 - trainer - Epoch: 2
2026/04/20 00:43:09 - __main__ - INFO - 142 - trainer - [0/2583] Loss: 7.9255 Loss_contra: 3.3831
2026/04/20 00:44:46 - __main__ - INFO - 142 - trainer - [517/2583] Loss: 7.9027 Loss_contra: 3.2240
2026/04/20 00:46:23 - __main__ - INFO - 142 - trainer - [1034/2583] Loss: 7.9350 Loss_contra: 3.1840
2026/04/20 00:48:01 - __main__ - INFO - 142 - trainer - [1551/2583] Loss: 7.6768 Loss_contra: 2.0213
2026/04/20 00:49:38 - __main__ - INFO - 142 - trainer - [2068/2583] Loss: 7.7316 Loss_contra: 2.0604
2026/04/20 00:51:14 - __main__ - INFO - 152 - trainer - start predicting: 2026-04-20 00:51:14.820414
2026/04/20 00:56:35 - __main__ - INFO - 187 - trainer - {'Best_HR@5': 4.2688, 'Best_NDCG@5': 2.7262, 'Best_HR@10': 7.0985, 'Best_NDCG@10': 3.6329, 'Best_HR@20': 11.2094, 'Best_NDCG@20': 4.6671}
2026/04/20 00:56:35 - __main__ - INFO - 188 - trainer - {'Best_epoch_HR@5': 2, 'Best_epoch_NDCG@5': 2, 'Best_epoch_HR@10': 2, 'Best_epoch_NDCG@10': 2, 'Best_epoch_HR@20': 2, 'Best_epoch_NDCG@20': 2}
2026/04/20 00:56:35 - __main__ - INFO - 124 - trainer - Epoch: 3
2026/04/20 00:56:35 - __main__ - INFO - 142 - trainer - [0/2583] Loss: 7.6909 Loss_contra: 2.2294
2026/04/20 00:58:13 - __main__ - INFO - 142 - trainer - [517/2583] Loss: 7.7133 Loss_contra: 1.4710
2026/04/20 00:59:50 - __main__ - INFO - 142 - trainer - [1034/2583] Loss: 7.6361 Loss_contra: 1.4472
2026/04/20 01:01:27 - __main__ - INFO - 142 - trainer - [1551/2583] Loss: 7.6912 Loss_contra: 1.4992
2026/04/20 01:03:04 - __main__ - INFO - 142 - trainer - [2068/2583] Loss: 7.6083 Loss_contra: 1.3653
2026/04/20 01:04:40 - __main__ - INFO - 124 - trainer - Epoch: 4
2026/04/20 01:04:40 - __main__ - INFO - 142 - trainer - [0/2583] Loss: 7.4870 Loss_contra: 1.1527
2026/04/20 01:06:17 - __main__ - INFO - 142 - trainer - [517/2583] Loss: 7.5910 Loss_contra: 0.8941
2026/04/20 01:07:54 - __main__ - INFO - 142 - trainer - [1034/2583] Loss: 7.5388 Loss_contra: 1.3582
2026/04/20 01:09:32 - __main__ - INFO - 142 - trainer - [1551/2583] Loss: 7.5300 Loss_contra: 1.2469
2026/04/20 01:11:10 - __main__ - INFO - 142 - trainer - [2068/2583] Loss: 7.4835 Loss_contra: 1.0777
2026/04/20 01:12:46 - __main__ - INFO - 152 - trainer - start predicting: 2026-04-20 01:12:46.981942
2026/04/20 01:18:06 - __main__ - INFO - 187 - trainer - {'Best_HR@5': 4.6897, 'Best_NDCG@5': 2.9984, 'Best_HR@10': 7.7436, 'Best_NDCG@10': 3.9766, 'Best_HR@20': 12.257, 'Best_NDCG@20': 5.1116}
2026/04/20 01:18:06 - __main__ - INFO - 188 - trainer - {'Best_epoch_HR@5': 4, 'Best_epoch_NDCG@5': 4, 'Best_epoch_HR@10': 4, 'Best_epoch_NDCG@10': 4, 'Best_epoch_HR@20': 4, 'Best_epoch_NDCG@20': 4}
2026/04/20 01:18:06 - __main__ - INFO - 124 - trainer - Epoch: 5
2026/04/20 01:18:07 - __main__ - INFO - 142 - trainer - [0/2583] Loss: 7.4694 Loss_contra: 1.0482
2026/04/20 01:19:44 - __main__ - INFO - 142 - trainer - [517/2583] Loss: 7.4750 Loss_contra: 0.9615
2026/04/20 01:21:21 - __main__ - INFO - 142 - trainer - [1034/2583] Loss: 7.5354 Loss_contra: 0.9130
2026/04/20 01:22:59 - __main__ - INFO - 142 - trainer - [1551/2583] Loss: 7.4460 Loss_contra: 0.8363
2026/04/20 01:24:36 - __main__ - INFO - 142 - trainer - [2068/2583] Loss: 7.4742 Loss_contra: 0.7565
2026/04/20 01:26:13 - __main__ - INFO - 124 - trainer - Epoch: 6
2026/04/20 01:26:13 - __main__ - INFO - 142 - trainer - [0/2583] Loss: 7.3985 Loss_contra: 0.7258
2026/04/20 01:27:50 - __main__ - INFO - 142 - trainer - [517/2583] Loss: 7.4051 Loss_contra: 0.6798
2026/04/20 01:29:27 - __main__ - INFO - 142 - trainer - [1034/2583] Loss: 7.5655 Loss_contra: 0.7851
2026/04/20 01:31:03 - __main__ - INFO - 142 - trainer - [1551/2583] Loss: 7.3335 Loss_contra: 0.7430
2026/04/20 01:32:41 - __main__ - INFO - 142 - trainer - [2068/2583] Loss: 7.4328 Loss_contra: 0.6285
2026/04/20 01:34:18 - __main__ - INFO - 152 - trainer - start predicting: 2026-04-20 01:34:18.700911
2026/04/20 01:38:51 - __main__ - INFO - 187 - trainer - {'Best_HR@5': 4.8446, 'Best_NDCG@5': 3.0661, 'Best_HR@10': 7.9178, 'Best_NDCG@10': 4.0526, 'Best_HR@20': 12.6161, 'Best_NDCG@20': 5.2318}
2026/04/20 01:38:51 - __main__ - INFO - 188 - trainer - {'Best_epoch_HR@5': 6, 'Best_epoch_NDCG@5': 6, 'Best_epoch_HR@10': 6, 'Best_epoch_NDCG@10': 6, 'Best_epoch_HR@20': 6, 'Best_epoch_NDCG@20': 6}
2026/04/20 01:38:51 - __main__ - INFO - 124 - trainer - Epoch: 7
2026/04/20 01:38:51 - __main__ - INFO - 142 - trainer - [0/2583] Loss: 7.3478 Loss_contra: 0.7120
2026/04/20 01:39:39 - __main__ - INFO - 142 - trainer - [517/2583] Loss: 7.3896 Loss_contra: 0.6246
2026/04/20 01:40:26 - __main__ - INFO - 142 - trainer - [1034/2583] Loss: 7.4512 Loss_contra: 0.8894
2026/04/20 01:41:14 - __main__ - INFO - 142 - trainer - [1551/2583] Loss: 7.3562 Loss_contra: 0.6807
2026/04/20 01:42:02 - __main__ - INFO - 142 - trainer - [2068/2583] Loss: 7.3419 Loss_contra: 0.6733
2026/04/20 01:42:49 - __main__ - INFO - 124 - trainer - Epoch: 8
2026/04/20 01:42:49 - __main__ - INFO - 142 - trainer - [0/2583] Loss: 7.2071 Loss_contra: 0.4827
2026/04/20 01:43:37 - __main__ - INFO - 142 - trainer - [517/2583] Loss: 7.4019 Loss_contra: 0.5723
2026/04/20 01:44:24 - __main__ - INFO - 142 - trainer - [1034/2583] Loss: 7.3958 Loss_contra: 0.6068
2026/04/20 01:45:12 - __main__ - INFO - 142 - trainer - [1551/2583] Loss: 7.2456 Loss_contra: 0.6642
2026/04/20 01:46:00 - __main__ - INFO - 142 - trainer - [2068/2583] Loss: 7.2767 Loss_contra: 0.6605
2026/04/20 01:46:47 - __main__ - INFO - 152 - trainer - start predicting: 2026-04-20 01:46:47.885181
2026/04/20 01:49:34 - __main__ - INFO - 187 - trainer - {'Best_HR@5': 5.1526, 'Best_NDCG@5': 3.2986, 'Best_HR@10': 8.3866, 'Best_NDCG@10': 4.335, 'Best_HR@20': 13.286, 'Best_NDCG@20': 5.5655}
2026/04/20 01:49:34 - __main__ - INFO - 188 - trainer - {'Best_epoch_HR@5': 8, 'Best_epoch_NDCG@5': 8, 'Best_epoch_HR@10': 8, 'Best_epoch_NDCG@10': 8, 'Best_epoch_HR@20': 8, 'Best_epoch_NDCG@20': 8}
2026/04/20 01:49:34 - __main__ - INFO - 124 - trainer - Epoch: 9
2026/04/20 01:49:35 - __main__ - INFO - 142 - trainer - [0/2583] Loss: 7.3251 Loss_contra: 0.5055
2026/04/20 01:50:22 - __main__ - INFO - 142 - trainer - [517/2583] Loss: 7.3326 Loss_contra: 0.4744
2026/04/20 01:51:10 - __main__ - INFO - 142 - trainer - [1034/2583] Loss: 7.2943 Loss_contra: 0.4591
2026/04/20 01:51:58 - __main__ - INFO - 142 - trainer - [1551/2583] Loss: 7.2594 Loss_contra: 0.4739
2026/04/20 01:52:45 - __main__ - INFO - 142 - trainer - [2068/2583] Loss: 7.2317 Loss_contra: 0.4049
2026/04/20 01:53:33 - __main__ - INFO - 124 - trainer - Epoch: 10
2026/04/20 01:53:33 - __main__ - INFO - 142 - trainer - [0/2583] Loss: 7.2651 Loss_contra: 0.4768
2026/04/20 01:54:20 - __main__ - INFO - 142 - trainer - [517/2583] Loss: 7.4800 Loss_contra: 0.5795
2026/04/20 01:55:08 - __main__ - INFO - 142 - trainer - [1034/2583] Loss: 7.2278 Loss_contra: 0.3566
2026/04/20 01:55:56 - __main__ - INFO - 142 - trainer - [1551/2583] Loss: 7.2787 Loss_contra: 0.3660
2026/04/20 01:56:43 - __main__ - INFO - 142 - trainer - [2068/2583] Loss: 7.3278 Loss_contra: 0.5498
2026/04/20 01:57:31 - __main__ - INFO - 152 - trainer - start predicting: 2026-04-20 01:57:31.522772
2026/04/20 02:00:18 - __main__ - INFO - 187 - trainer - {'Best_HR@5': 5.1526, 'Best_NDCG@5': 3.2986, 'Best_HR@10': 8.4661, 'Best_NDCG@10': 4.335, 'Best_HR@20': 13.371, 'Best_NDCG@20': 5.5655}
2026/04/20 02:00:18 - __main__ - INFO - 188 - trainer - {'Best_epoch_HR@5': 8, 'Best_epoch_NDCG@5': 8, 'Best_epoch_HR@10': 10, 'Best_epoch_NDCG@10': 8, 'Best_epoch_HR@20': 10, 'Best_epoch_NDCG@20': 8}
2026/04/20 02:00:18 - __main__ - INFO - 124 - trainer - Epoch: 11
2026/04/20 02:00:18 - __main__ - INFO - 142 - trainer - [0/2583] Loss: 7.1663 Loss_contra: 0.4130
2026/04/20 02:01:06 - __main__ - INFO - 142 - trainer - [517/2583] Loss: 7.1837 Loss_contra: 0.3777
2026/04/20 02:01:53 - __main__ - INFO - 142 - trainer - [1034/2583] Loss: 7.2657 Loss_contra: 0.4405
2026/04/20 02:02:41 - __main__ - INFO - 142 - trainer - [1551/2583] Loss: 7.1261 Loss_contra: 0.5090
2026/04/20 02:03:29 - __main__ - INFO - 142 - trainer - [2068/2583] Loss: 7.1345 Loss_contra: 0.4619
2026/04/20 02:04:16 - __main__ - INFO - 124 - trainer - Epoch: 12
2026/04/20 02:04:16 - __main__ - INFO - 142 - trainer - [0/2583] Loss: 7.2395 Loss_contra: 0.3568
2026/04/20 02:05:04 - __main__ - INFO - 142 - trainer - [517/2583] Loss: 6.9727 Loss_contra: 0.3914
2026/04/20 02:05:51 - __main__ - INFO - 142 - trainer - [1034/2583] Loss: 6.8614 Loss_contra: 0.3441
2026/04/20 02:06:39 - __main__ - INFO - 142 - trainer - [1551/2583] Loss: 6.5789 Loss_contra: 0.3743
2026/04/20 02:07:27 - __main__ - INFO - 142 - trainer - [2068/2583] Loss: 6.5815 Loss_contra: 0.3613
2026/04/20 02:08:15 - __main__ - INFO - 152 - trainer - start predicting: 2026-04-20 02:08:15.009671
2026/04/20 02:11:01 - __main__ - INFO - 124 - trainer - Epoch: 13
2026/04/20 02:11:02 - __main__ - INFO - 142 - trainer - [0/2583] Loss: 6.4133 Loss_contra: 0.2766
2026/04/20 02:11:49 - __main__ - INFO - 142 - trainer - [517/2583] Loss: 6.3526 Loss_contra: 0.3081
2026/04/20 02:12:37 - __main__ - INFO - 142 - trainer - [1034/2583] Loss: 6.3148 Loss_contra: 0.2986
2026/04/20 02:13:25 - __main__ - INFO - 142 - trainer - [1551/2583] Loss: 6.1328 Loss_contra: 0.2178
2026/04/20 02:14:12 - __main__ - INFO - 142 - trainer - [2068/2583] Loss: 6.0159 Loss_contra: 0.2066
2026/04/20 02:15:00 - __main__ - INFO - 124 - trainer - Epoch: 14
2026/04/20 02:15:00 - __main__ - INFO - 142 - trainer - [0/2583] Loss: 5.9068 Loss_contra: 0.2021
2026/04/20 02:15:48 - __main__ - INFO - 142 - trainer - [517/2583] Loss: 5.6339 Loss_contra: 0.2015
2026/04/20 02:16:35 - __main__ - INFO - 142 - trainer - [1034/2583] Loss: 5.5297 Loss_contra: 0.1881
2026/04/20 02:17:23 - __main__ - INFO - 142 - trainer - [1551/2583] Loss: 5.5406 Loss_contra: 0.1694
2026/04/20 02:18:10 - __main__ - INFO - 142 - trainer - [2068/2583] Loss: 5.6535 Loss_contra: 0.1575
2026/04/20 02:18:58 - __main__ - INFO - 152 - trainer - start predicting: 2026-04-20 02:18:58.154092
2026/04/20 02:21:45 - __main__ - INFO - 124 - trainer - Epoch: 15
2026/04/20 02:21:45 - __main__ - INFO - 142 - trainer - [0/2583] Loss: 5.5662 Loss_contra: 0.1533
2026/04/20 02:22:32 - __main__ - INFO - 142 - trainer - [517/2583] Loss: 5.2793 Loss_contra: 0.1490
2026/04/20 02:23:20 - __main__ - INFO - 142 - trainer - [1034/2583] Loss: 5.3501 Loss_contra: 0.1642
2026/04/20 02:24:08 - __main__ - INFO - 142 - trainer - [1551/2583] Loss: 5.1859 Loss_contra: 0.1479
2026/04/20 02:24:55 - __main__ - INFO - 142 - trainer - [2068/2583] Loss: 5.0795 Loss_contra: 0.1621
2026/04/20 02:25:43 - __main__ - INFO - 124 - trainer - Epoch: 16
2026/04/20 02:25:43 - __main__ - INFO - 142 - trainer - [0/2583] Loss: 5.0794 Loss_contra: 0.1324
2026/04/20 02:26:31 - __main__ - INFO - 142 - trainer - [517/2583] Loss: 5.2352 Loss_contra: 0.1348
2026/04/20 02:27:18 - __main__ - INFO - 142 - trainer - [1034/2583] Loss: 5.0695 Loss_contra: 0.1226
2026/04/20 02:28:06 - __main__ - INFO - 142 - trainer - [1551/2583] Loss: 4.9457 Loss_contra: 0.1198
2026/04/20 02:28:53 - __main__ - INFO - 142 - trainer - [2068/2583] Loss: 4.8348 Loss_contra: 0.1569
2026/04/20 02:29:41 - __main__ - INFO - 152 - trainer - start predicting: 2026-04-20 02:29:41.484638
2026/04/20 02:32:28 - __main__ - INFO - 124 - trainer - Epoch: 17
2026/04/20 02:32:28 - __main__ - INFO - 142 - trainer - [0/2583] Loss: 4.8572 Loss_contra: 0.1267
2026/04/20 02:33:16 - __main__ - INFO - 142 - trainer - [517/2583] Loss: 4.8072 Loss_contra: 0.1379
2026/04/20 02:34:03 - __main__ - INFO - 142 - trainer - [1034/2583] Loss: 5.0671 Loss_contra: 0.1186
2026/04/20 02:34:51 - __main__ - INFO - 142 - trainer - [1551/2583] Loss: 4.9982 Loss_contra: 0.1261
2026/04/20 02:35:39 - __main__ - INFO - 142 - trainer - [2068/2583] Loss: 4.7680 Loss_contra: 0.1221
2026/04/20 02:36:26 - __main__ - INFO - 124 - trainer - Epoch: 18
2026/04/20 02:36:26 - __main__ - INFO - 142 - trainer - [0/2583] Loss: 4.6469 Loss_contra: 0.1273
2026/04/20 02:37:14 - __main__ - INFO - 142 - trainer - [517/2583] Loss: 4.6237 Loss_contra: 0.1250
2026/04/20 02:38:02 - __main__ - INFO - 142 - trainer - [1034/2583] Loss: 4.7392 Loss_contra: 0.0943
2026/04/20 02:38:49 - __main__ - INFO - 142 - trainer - [1551/2583] Loss: 4.6434 Loss_contra: 0.1089
2026/04/20 02:39:37 - __main__ - INFO - 142 - trainer - [2068/2583] Loss: 4.7538 Loss_contra: 0.1196
2026/04/20 02:40:24 - __main__ - INFO - 152 - trainer - start predicting: 2026-04-20 02:40:24.870798
2026/04/20 02:43:11 - __main__ - INFO - 124 - trainer - Epoch: 19
2026/04/20 02:43:12 - __main__ - INFO - 142 - trainer - [0/2583] Loss: 4.4549 Loss_contra: 0.1102
2026/04/20 02:43:59 - __main__ - INFO - 142 - trainer - [517/2583] Loss: 4.5437 Loss_contra: 0.1176
2026/04/20 02:44:47 - __main__ - INFO - 142 - trainer - [1034/2583] Loss: 4.4994 Loss_contra: 0.1343
2026/04/20 02:45:34 - __main__ - INFO - 142 - trainer - [1551/2583] Loss: 4.3448 Loss_contra: 0.0938
2026/04/20 02:46:22 - __main__ - INFO - 142 - trainer - [2068/2583] Loss: 4.4703 Loss_contra: 0.1152
2026/04/20 02:47:09 - __main__ - INFO - 124 - trainer - Epoch: 20
2026/04/20 02:47:10 - __main__ - INFO - 142 - trainer - [0/2583] Loss: 4.3584 Loss_contra: 0.1236
2026/04/20 02:47:57 - __main__ - INFO - 142 - trainer - [517/2583] Loss: 4.3494 Loss_contra: 0.0957
2026/04/20 02:48:45 - __main__ - INFO - 142 - trainer - [1034/2583] Loss: 4.5475 Loss_contra: 0.1041
2026/04/20 02:49:32 - __main__ - INFO - 142 - trainer - [1551/2583] Loss: 4.2851 Loss_contra: 0.1003
2026/04/20 02:50:20 - __main__ - INFO - 142 - trainer - [2068/2583] Loss: 4.5610 Loss_contra: 0.0971
2026/04/20 02:51:08 - __main__ - INFO - 152 - trainer - start predicting: 2026-04-20 02:51:08.316964
2026/04/20 02:53:55 - __main__ - INFO - 124 - trainer - Epoch: 21
2026/04/20 02:53:55 - __main__ - INFO - 142 - trainer - [0/2583] Loss: 4.4119 Loss_contra: 0.1150
2026/04/20 02:54:43 - __main__ - INFO - 142 - trainer - [517/2583] Loss: 4.3481 Loss_contra: 0.1038
2026/04/20 02:55:30 - __main__ - INFO - 142 - trainer - [1034/2583] Loss: 4.1049 Loss_contra: 0.0978
2026/04/20 02:56:18 - __main__ - INFO - 142 - trainer - [1551/2583] Loss: 4.0700 Loss_contra: 0.1210
2026/04/20 02:57:06 - __main__ - INFO - 142 - trainer - [2068/2583] Loss: 3.9974 Loss_contra: 0.0886
2026/04/20 02:57:53 - __main__ - INFO - 124 - trainer - Epoch: 22
2026/04/20 02:57:53 - __main__ - INFO - 142 - trainer - [0/2583] Loss: 4.0871 Loss_contra: 0.0878
2026/04/20 02:58:41 - __main__ - INFO - 142 - trainer - [517/2583] Loss: 4.2109 Loss_contra: 0.0786
2026/04/20 02:59:29 - __main__ - INFO - 142 - trainer - [1034/2583] Loss: 4.1638 Loss_contra: 0.1179
2026/04/20 03:00:16 - __main__ - INFO - 142 - trainer - [1551/2583] Loss: 3.9862 Loss_contra: 0.1078
2026/04/20 03:01:04 - __main__ - INFO - 142 - trainer - [2068/2583] Loss: 4.1620 Loss_contra: 0.0910
2026/04/20 03:01:51 - __main__ - INFO - 152 - trainer - start predicting: 2026-04-20 03:01:51.827881
2026/04/20 03:04:38 - __main__ - INFO - 124 - trainer - Epoch: 23
2026/04/20 03:04:39 - __main__ - INFO - 142 - trainer - [0/2583] Loss: 4.1856 Loss_contra: 0.1074
2026/04/20 03:05:26 - __main__ - INFO - 142 - trainer - [517/2583] Loss: 4.0691 Loss_contra: 0.1141
2026/04/20 03:06:14 - __main__ - INFO - 142 - trainer - [1034/2583] Loss: 3.9131 Loss_contra: 0.0953
2026/04/20 03:07:02 - __main__ - INFO - 142 - trainer - [1551/2583] Loss: 4.1355 Loss_contra: 0.0911
2026/04/20 03:07:49 - __main__ - INFO - 142 - trainer - [2068/2583] Loss: 3.9227 Loss_contra: 0.0756
2026/04/20 03:08:37 - __main__ - INFO - 124 - trainer - Epoch: 24
2026/04/20 03:08:37 - __main__ - INFO - 142 - trainer - [0/2583] Loss: 3.9526 Loss_contra: 0.0966
2026/04/20 03:09:24 - __main__ - INFO - 142 - trainer - [517/2583] Loss: 3.9397 Loss_contra: 0.0880
2026/04/20 03:10:12 - __main__ - INFO - 142 - trainer - [1034/2583] Loss: 3.8834 Loss_contra: 0.0798
2026/04/20 03:11:00 - __main__ - INFO - 142 - trainer - [1551/2583] Loss: 3.7008 Loss_contra: 0.0653
2026/04/20 03:11:47 - __main__ - INFO - 142 - trainer - [2068/2583] Loss: 4.0418 Loss_contra: 0.0804
2026/04/20 03:12:34 - __main__ - INFO - 152 - trainer - start predicting: 2026-04-20 03:12:34.982509
2026/04/20 03:15:22 - __main__ - INFO - 124 - trainer - Epoch: 25
2026/04/20 03:15:22 - __main__ - INFO - 142 - trainer - [0/2583] Loss: 3.9969 Loss_contra: 0.0899
2026/04/20 03:16:09 - __main__ - INFO - 142 - trainer - [517/2583] Loss: 3.7493 Loss_contra: 0.0983
2026/04/20 03:16:57 - __main__ - INFO - 142 - trainer - [1034/2583] Loss: 3.8676 Loss_contra: 0.0746
2026/04/20 03:17:45 - __main__ - INFO - 142 - trainer - [1551/2583] Loss: 3.7512 Loss_contra: 0.0730
2026/04/20 03:18:33 - __main__ - INFO - 142 - trainer - [2068/2583] Loss: 3.7674 Loss_contra: 0.0895
2026/04/20 03:19:20 - __main__ - INFO - 124 - trainer - Epoch: 26
2026/04/20 03:19:20 - __main__ - INFO - 142 - trainer - [0/2583] Loss: 3.7805 Loss_contra: 0.0669
2026/04/20 03:20:08 - __main__ - INFO - 142 - trainer - [517/2583] Loss: 3.8623 Loss_contra: 0.0923
2026/04/20 03:20:55 - __main__ - INFO - 142 - trainer - [1034/2583] Loss: 3.7016 Loss_contra: 0.0750
2026/04/20 03:21:43 - __main__ - INFO - 142 - trainer - [1551/2583] Loss: 3.6132 Loss_contra: 0.0692
2026/04/20 03:22:31 - __main__ - INFO - 142 - trainer - [2068/2583] Loss: 3.6503 Loss_contra: 0.0868
2026/04/20 03:23:18 - __main__ - INFO - 152 - trainer - start predicting: 2026-04-20 03:23:18.852736
2026/04/20 03:26:05 - __main__ - INFO - 124 - trainer - Epoch: 27
2026/04/20 03:26:06 - __main__ - INFO - 142 - trainer - [0/2583] Loss: 3.5994 Loss_contra: 0.0864
2026/04/20 03:26:53 - __main__ - INFO - 142 - trainer - [517/2583] Loss: 3.5053 Loss_contra: 0.0683
2026/04/20 03:27:41 - __main__ - INFO - 142 - trainer - [1034/2583] Loss: 3.8428 Loss_contra: 0.0858
2026/04/20 03:28:28 - __main__ - INFO - 142 - trainer - [1551/2583] Loss: 3.6402 Loss_contra: 0.0698
2026/04/20 03:29:16 - __main__ - INFO - 142 - trainer - [2068/2583] Loss: 3.6353 Loss_contra: 0.0735
2026/04/20 03:30:03 - __main__ - INFO - 124 - trainer - Epoch: 28
2026/04/20 03:30:03 - __main__ - INFO - 142 - trainer - [0/2583] Loss: 3.5478 Loss_contra: 0.0859
2026/04/20 03:30:51 - __main__ - INFO - 142 - trainer - [517/2583] Loss: 3.5037 Loss_contra: 0.0663
2026/04/20 03:31:39 - __main__ - INFO - 142 - trainer - [1034/2583] Loss: 3.5081 Loss_contra: 0.0715
2026/04/20 03:32:26 - __main__ - INFO - 142 - trainer - [1551/2583] Loss: 3.6460 Loss_contra: 0.0814
2026/04/20 03:33:14 - __main__ - INFO - 142 - trainer - [2068/2583] Loss: 3.5157 Loss_contra: 0.0647
2026/04/20 03:34:01 - __main__ - INFO - 152 - trainer - start predicting: 2026-04-20 03:34:01.762265
2026/04/20 03:36:48 - __main__ - INFO - 124 - trainer - Epoch: 29
2026/04/20 03:36:49 - __main__ - INFO - 142 - trainer - [0/2583] Loss: 3.7374 Loss_contra: 0.1002
2026/04/20 03:37:36 - __main__ - INFO - 142 - trainer - [517/2583] Loss: 3.6108 Loss_contra: 0.0807
2026/04/20 03:38:24 - __main__ - INFO - 142 - trainer - [1034/2583] Loss: 3.5563 Loss_contra: 0.0810
2026/04/20 03:39:11 - __main__ - INFO - 142 - trainer - [1551/2583] Loss: 3.4255 Loss_contra: 0.0727
2026/04/20 03:39:59 - __main__ - INFO - 142 - trainer - [2068/2583] Loss: 3.6203 Loss_contra: 0.0777
2026/04/20 03:40:47 - __main__ - INFO - 124 - trainer - Epoch: 30
2026/04/20 03:40:47 - __main__ - INFO - 142 - trainer - [0/2583] Loss: 3.3749 Loss_contra: 0.0599
2026/04/20 03:41:34 - __main__ - INFO - 142 - trainer - [517/2583] Loss: 3.4338 Loss_contra: 0.0637
2026/04/20 03:42:22 - __main__ - INFO - 142 - trainer - [1034/2583] Loss: 3.6556 Loss_contra: 0.0776
2026/04/20 03:43:10 - __main__ - INFO - 142 - trainer - [1551/2583] Loss: 3.5819 Loss_contra: 0.0746
2026/04/20 03:43:57 - __main__ - INFO - 142 - trainer - [2068/2583] Loss: 3.4730 Loss_contra: 0.0881
2026/04/20 03:44:45 - __main__ - INFO - 152 - trainer - start predicting: 2026-04-20 03:44:45.431858
2026/04/20 03:47:32 - __main__ - INFO - 195 - trainer - {'Best_HR@5': 5.1526, 'Best_NDCG@5': 3.2986, 'Best_HR@10': 8.4661, 'Best_NDCG@10': 4.335, 'Best_HR@20': 13.371, 'Best_NDCG@20': 5.5655}
2026/04/20 03:47:32 - __main__ - INFO - 196 - trainer - {'Best_epoch_HR@5': 8, 'Best_epoch_NDCG@5': 8, 'Best_epoch_HR@10': 10, 'Best_epoch_NDCG@10': 8, 'Best_epoch_HR@20': 10, 'Best_epoch_NDCG@20': 8}
2026/04/20 03:50:19 - __main__ - INFO - 223 - trainer - Test------------------------------------------------------
2026/04/20 03:50:19 - __main__ - INFO - 225 - trainer - {'HR@5': 4.9497, 'NDCG@5': 3.0708, 'HR@10': 8.3159, 'NDCG@10': 4.1503, 'HR@20': 13.2564, 'NDCG@20': 5.3923}
2026/04/20 03:50:19 - __main__ - INFO - 227 - trainer - Best Eval---------------------------------------------------------
2026/04/20 03:50:19 - __main__ - INFO - 230 - trainer - {'Best_HR@5': 5.1526, 'Best_NDCG@5': 3.2986, 'Best_HR@10': 8.4661, 'Best_NDCG@10': 4.335, 'Best_HR@20': 13.371, 'Best_NDCG@20': 5.5655}
2026/04/20 03:50:19 - __main__ - INFO - 231 - trainer - {'Best_epoch_HR@5': 8, 'Best_epoch_NDCG@5': 8, 'Best_epoch_HR@10': 10, 'Best_epoch_NDCG@10': 8, 'Best_epoch_HR@20': 10, 'Best_epoch_NDCG@20': 8}
