2026/03/27 20:08:51 - __main__ - INFO - 170 - main - Namespace(batch_size=1024, dataset='steam', decay_step=100, description='Diffu_norm_score', device='cuda', diffusion_steps=32, diversity_measure=False, dropout=0.1, emb_dropout=0.3, epoch_time_avg=False, epochs=300, eval_interval=2, gamma=0.1, hidden_act='gelu', hidden_size=128, item_num=13044, lambda_contra=1.0, lambda_history=0.6, lambda_intent=0.4, log_file='log/', long_head=False, loss_lambda=0.001, lr=0.001, max_len=50, metric_ks=[5, 10, 20], momentum=None, noise_schedule='trunc_lin', num_blocks=4, num_cluster=32, num_gpu=1, num_hidden_layers=1, num_iter=20, optimizer='Adam', patience=10, random_seed=1997, rep_pad=False, rep_pad_delimiter=False, rep_pad_fixed_num=1, rep_pad_mode='rand_1_max', rescale_timesteps=True, schedule_sampler_name='lossaware', use_last_item_for_code=True, weight_decay=0)
2026/03/27 20:08:58 - __main__ - INFO - 124 - trainer - Epoch: 0
2026/03/27 20:08:59 - __main__ - INFO - 142 - trainer - [0/2583] Loss: 45.0594 Loss_contra: 0.1074
2026/03/27 20:10:46 - __main__ - INFO - 142 - trainer - [517/2583] Loss: 10.3741 Loss_contra: 0.0454
2026/03/27 20:12:33 - __main__ - INFO - 142 - trainer - [1034/2583] Loss: 9.0848 Loss_contra: 0.1882
2026/03/27 20:14:21 - __main__ - INFO - 142 - trainer - [1551/2583] Loss: 8.5982 Loss_contra: 0.1421
2026/03/27 20:16:08 - __main__ - INFO - 142 - trainer - [2068/2583] Loss: 8.3736 Loss_contra: 0.1399
2026/03/27 20:18:01 - __main__ - INFO - 124 - trainer - Epoch: 1
2026/03/27 20:18:01 - __main__ - INFO - 142 - trainer - [0/2583] Loss: 8.2193 Loss_contra: 0.1135
2026/03/27 20:19:49 - __main__ - INFO - 142 - trainer - [517/2583] Loss: 8.0451 Loss_contra: 0.1023
2026/03/27 20:21:35 - __main__ - INFO - 142 - trainer - [1034/2583] Loss: 7.9737 Loss_contra: 0.1034
2026/03/27 20:23:22 - __main__ - INFO - 142 - trainer - [1551/2583] Loss: 7.9451 Loss_contra: 0.0904
2026/03/27 20:25:10 - __main__ - INFO - 142 - trainer - [2068/2583] Loss: 7.8889 Loss_contra: 0.0810
2026/03/27 20:26:56 - __main__ - INFO - 124 - trainer - Epoch: 2
2026/03/27 20:26:57 - __main__ - INFO - 142 - trainer - [0/2583] Loss: 7.7523 Loss_contra: 0.0755
2026/03/27 20:28:44 - __main__ - INFO - 142 - trainer - [517/2583] Loss: 7.6484 Loss_contra: 0.0749
2026/03/27 20:30:32 - __main__ - INFO - 142 - trainer - [1034/2583] Loss: 7.5994 Loss_contra: 0.0756
2026/03/27 20:32:18 - __main__ - INFO - 142 - trainer - [1551/2583] Loss: 7.6506 Loss_contra: 0.0727
2026/03/27 20:34:05 - __main__ - INFO - 142 - trainer - [2068/2583] Loss: 7.6242 Loss_contra: 0.0683
2026/03/27 20:35:52 - __main__ - INFO - 152 - trainer - start predicting: 2026-03-27 20:35:52.700498
2026/03/27 20:41:40 - __main__ - INFO - 187 - trainer - {'Best_HR@5': 5.5679, 'Best_NDCG@5': 3.5882, 'Best_HR@10': 9.0994, 'Best_NDCG@10': 4.7212, 'Best_HR@20': 14.2084, 'Best_NDCG@20': 6.0036}
2026/03/27 20:41:40 - __main__ - INFO - 188 - trainer - {'Best_epoch_HR@5': 2, 'Best_epoch_NDCG@5': 2, 'Best_epoch_HR@10': 2, 'Best_epoch_NDCG@10': 2, 'Best_epoch_HR@20': 2, 'Best_epoch_NDCG@20': 2}
2026/03/27 20:41:40 - __main__ - INFO - 124 - trainer - Epoch: 3
2026/03/27 20:41:41 - __main__ - INFO - 142 - trainer - [0/2583] Loss: 7.5947 Loss_contra: 0.0625
2026/03/27 20:43:28 - __main__ - INFO - 142 - trainer - [517/2583] Loss: 7.5750 Loss_contra: 0.0657
2026/03/27 20:45:40 - __main__ - INFO - 142 - trainer - [1034/2583] Loss: 7.5013 Loss_contra: 0.0604
2026/03/27 20:47:54 - __main__ - INFO - 142 - trainer - [1551/2583] Loss: 7.5510 Loss_contra: 0.0568
2026/03/27 20:50:09 - __main__ - INFO - 142 - trainer - [2068/2583] Loss: 7.4396 Loss_contra: 0.0571
2026/03/27 20:52:24 - __main__ - INFO - 124 - trainer - Epoch: 4
2026/03/27 20:52:24 - __main__ - INFO - 142 - trainer - [0/2583] Loss: 7.3831 Loss_contra: 0.0577
2026/03/27 20:54:39 - __main__ - INFO - 142 - trainer - [517/2583] Loss: 7.4343 Loss_contra: 0.0489
2026/03/27 20:56:53 - __main__ - INFO - 142 - trainer - [1034/2583] Loss: 7.4313 Loss_contra: 0.0504
2026/03/27 20:59:09 - __main__ - INFO - 142 - trainer - [1551/2583] Loss: 7.4244 Loss_contra: 0.0533
2026/03/27 21:01:25 - __main__ - INFO - 142 - trainer - [2068/2583] Loss: 7.3384 Loss_contra: 0.0506
2026/03/27 21:03:38 - __main__ - INFO - 152 - trainer - start predicting: 2026-03-27 21:03:38.918678
2026/03/27 21:10:45 - __main__ - INFO - 187 - trainer - {'Best_HR@5': 6.4067, 'Best_NDCG@5': 4.1395, 'Best_HR@10': 10.3721, 'Best_NDCG@10': 5.4126, 'Best_HR@20': 16.0784, 'Best_NDCG@20': 6.8456}
2026/03/27 21:10:45 - __main__ - INFO - 188 - trainer - {'Best_epoch_HR@5': 4, 'Best_epoch_NDCG@5': 4, 'Best_epoch_HR@10': 4, 'Best_epoch_NDCG@10': 4, 'Best_epoch_HR@20': 4, 'Best_epoch_NDCG@20': 4}
2026/03/27 21:10:45 - __main__ - INFO - 124 - trainer - Epoch: 5
2026/03/27 21:10:46 - __main__ - INFO - 142 - trainer - [0/2583] Loss: 7.3443 Loss_contra: 0.0490
2026/03/27 21:12:36 - __main__ - INFO - 142 - trainer - [517/2583] Loss: 7.2879 Loss_contra: 0.0488
2026/03/27 21:14:23 - __main__ - INFO - 142 - trainer - [1034/2583] Loss: 7.3267 Loss_contra: 0.0467
2026/03/27 21:16:10 - __main__ - INFO - 142 - trainer - [1551/2583] Loss: 7.3465 Loss_contra: 0.0467
2026/03/27 21:17:55 - __main__ - INFO - 142 - trainer - [2068/2583] Loss: 7.2891 Loss_contra: 0.0460
2026/03/27 21:19:42 - __main__ - INFO - 124 - trainer - Epoch: 6
2026/03/27 21:19:42 - __main__ - INFO - 142 - trainer - [0/2583] Loss: 7.2187 Loss_contra: 0.0468
2026/03/27 21:21:28 - __main__ - INFO - 142 - trainer - [517/2583] Loss: 7.2377 Loss_contra: 0.0449
2026/03/27 21:23:22 - __main__ - INFO - 142 - trainer - [1034/2583] Loss: 7.1895 Loss_contra: 0.0441
2026/03/27 21:25:33 - __main__ - INFO - 142 - trainer - [1551/2583] Loss: 7.1362 Loss_contra: 0.0396
2026/03/27 21:27:44 - __main__ - INFO - 142 - trainer - [2068/2583] Loss: 7.1789 Loss_contra: 0.0400
2026/03/27 21:29:55 - __main__ - INFO - 152 - trainer - start predicting: 2026-03-27 21:29:55.839341
2026/03/27 21:36:56 - __main__ - INFO - 187 - trainer - {'Best_HR@5': 6.7993, 'Best_NDCG@5': 4.4076, 'Best_HR@10': 10.9016, 'Best_NDCG@10': 5.7237, 'Best_HR@20': 16.7683, 'Best_NDCG@20': 7.1972}
2026/03/27 21:36:56 - __main__ - INFO - 188 - trainer - {'Best_epoch_HR@5': 6, 'Best_epoch_NDCG@5': 6, 'Best_epoch_HR@10': 6, 'Best_epoch_NDCG@10': 6, 'Best_epoch_HR@20': 6, 'Best_epoch_NDCG@20': 6}
2026/03/27 21:36:56 - __main__ - INFO - 124 - trainer - Epoch: 7
2026/03/27 21:36:56 - __main__ - INFO - 142 - trainer - [0/2583] Loss: 7.1908 Loss_contra: 0.0395
2026/03/27 21:39:13 - __main__ - INFO - 142 - trainer - [517/2583] Loss: 7.2182 Loss_contra: 0.0383
2026/03/27 21:41:58 - __main__ - INFO - 142 - trainer - [1034/2583] Loss: 7.2291 Loss_contra: 0.0370
2026/03/27 21:44:09 - __main__ - INFO - 142 - trainer - [1551/2583] Loss: 7.1837 Loss_contra: 0.0391
2026/03/27 21:46:22 - __main__ - INFO - 142 - trainer - [2068/2583] Loss: 7.1929 Loss_contra: 0.0348
2026/03/27 21:48:34 - __main__ - INFO - 124 - trainer - Epoch: 8
2026/03/27 21:48:35 - __main__ - INFO - 142 - trainer - [0/2583] Loss: 7.1842 Loss_contra: 0.0365
2026/03/27 21:50:45 - __main__ - INFO - 142 - trainer - [517/2583] Loss: 7.1910 Loss_contra: 0.0386
2026/03/27 21:52:55 - __main__ - INFO - 142 - trainer - [1034/2583] Loss: 7.1236 Loss_contra: 0.0380
2026/03/27 21:55:06 - __main__ - INFO - 142 - trainer - [1551/2583] Loss: 7.1974 Loss_contra: 0.0341
2026/03/27 21:57:17 - __main__ - INFO - 142 - trainer - [2068/2583] Loss: 7.1586 Loss_contra: 0.0361
2026/03/27 21:59:26 - __main__ - INFO - 152 - trainer - start predicting: 2026-03-27 21:59:26.897551
2026/03/27 22:06:25 - __main__ - INFO - 187 - trainer - {'Best_HR@5': 6.9556, 'Best_NDCG@5': 4.5185, 'Best_HR@10': 11.1451, 'Best_NDCG@10': 5.8632, 'Best_HR@20': 17.161, 'Best_NDCG@20': 7.3757}
2026/03/27 22:06:25 - __main__ - INFO - 188 - trainer - {'Best_epoch_HR@5': 8, 'Best_epoch_NDCG@5': 8, 'Best_epoch_HR@10': 8, 'Best_epoch_NDCG@10': 8, 'Best_epoch_HR@20': 8, 'Best_epoch_NDCG@20': 8}
2026/03/27 22:06:25 - __main__ - INFO - 124 - trainer - Epoch: 9
2026/03/27 22:06:26 - __main__ - INFO - 142 - trainer - [0/2583] Loss: 7.0791 Loss_contra: 0.0346
2026/03/27 22:08:37 - __main__ - INFO - 142 - trainer - [517/2583] Loss: 7.0546 Loss_contra: 0.0339
2026/03/27 22:10:53 - __main__ - INFO - 142 - trainer - [1034/2583] Loss: 7.1535 Loss_contra: 0.0337
2026/03/27 22:13:08 - __main__ - INFO - 142 - trainer - [1551/2583] Loss: 7.0171 Loss_contra: 0.0346
2026/03/27 22:15:17 - __main__ - INFO - 142 - trainer - [2068/2583] Loss: 7.0776 Loss_contra: 0.0335
2026/03/27 22:17:30 - __main__ - INFO - 124 - trainer - Epoch: 10
2026/03/27 22:17:30 - __main__ - INFO - 142 - trainer - [0/2583] Loss: 7.1216 Loss_contra: 0.0320
2026/03/27 22:19:42 - __main__ - INFO - 142 - trainer - [517/2583] Loss: 7.0903 Loss_contra: 0.0322
2026/03/27 22:21:51 - __main__ - INFO - 142 - trainer - [1034/2583] Loss: 7.0696 Loss_contra: 0.0341
2026/03/27 22:24:05 - __main__ - INFO - 142 - trainer - [1551/2583] Loss: 7.0869 Loss_contra: 0.0322
2026/03/27 22:26:17 - __main__ - INFO - 142 - trainer - [2068/2583] Loss: 7.1079 Loss_contra: 0.0348
2026/03/27 22:28:28 - __main__ - INFO - 152 - trainer - start predicting: 2026-03-27 22:28:28.460327
2026/03/27 22:35:34 - __main__ - INFO - 187 - trainer - {'Best_HR@5': 7.1171, 'Best_NDCG@5': 4.6171, 'Best_HR@10': 11.3453, 'Best_NDCG@10': 5.9751, 'Best_HR@20': 17.3694, 'Best_NDCG@20': 7.4886}
2026/03/27 22:35:34 - __main__ - INFO - 188 - trainer - {'Best_epoch_HR@5': 10, 'Best_epoch_NDCG@5': 10, 'Best_epoch_HR@10': 10, 'Best_epoch_NDCG@10': 10, 'Best_epoch_HR@20': 10, 'Best_epoch_NDCG@20': 10}
2026/03/27 22:35:34 - __main__ - INFO - 124 - trainer - Epoch: 11
2026/03/27 22:35:34 - __main__ - INFO - 142 - trainer - [0/2583] Loss: 6.9742 Loss_contra: 0.0323
2026/03/27 22:37:54 - __main__ - INFO - 142 - trainer - [517/2583] Loss: 7.0312 Loss_contra: 0.0307
2026/03/27 22:40:07 - __main__ - INFO - 142 - trainer - [1034/2583] Loss: 7.0944 Loss_contra: 0.0286
2026/03/27 22:42:25 - __main__ - INFO - 142 - trainer - [1551/2583] Loss: 7.0456 Loss_contra: 0.0299
2026/03/27 22:44:40 - __main__ - INFO - 142 - trainer - [2068/2583] Loss: 7.1000 Loss_contra: 0.0310
2026/03/27 22:46:56 - __main__ - INFO - 124 - trainer - Epoch: 12
2026/03/27 22:46:57 - __main__ - INFO - 142 - trainer - [0/2583] Loss: 7.0852 Loss_contra: 0.0274
2026/03/27 22:49:08 - __main__ - INFO - 142 - trainer - [517/2583] Loss: 6.9826 Loss_contra: 0.0290
2026/03/27 22:51:21 - __main__ - INFO - 142 - trainer - [1034/2583] Loss: 7.0823 Loss_contra: 0.0283
2026/03/27 22:53:37 - __main__ - INFO - 142 - trainer - [1551/2583] Loss: 7.0207 Loss_contra: 0.0288
2026/03/27 22:55:36 - __main__ - INFO - 142 - trainer - [2068/2583] Loss: 7.0437 Loss_contra: 0.0290
2026/03/27 22:57:23 - __main__ - INFO - 152 - trainer - start predicting: 2026-03-27 22:57:23.434481
2026/03/27 23:04:10 - __main__ - INFO - 187 - trainer - {'Best_HR@5': 7.2844, 'Best_NDCG@5': 4.73, 'Best_HR@10': 11.5584, 'Best_NDCG@10': 6.103, 'Best_HR@20': 17.692, 'Best_NDCG@20': 7.6438}
2026/03/27 23:04:10 - __main__ - INFO - 188 - trainer - {'Best_epoch_HR@5': 12, 'Best_epoch_NDCG@5': 12, 'Best_epoch_HR@10': 12, 'Best_epoch_NDCG@10': 12, 'Best_epoch_HR@20': 12, 'Best_epoch_NDCG@20': 12}
2026/03/27 23:04:10 - __main__ - INFO - 124 - trainer - Epoch: 13
2026/03/27 23:04:11 - __main__ - INFO - 142 - trainer - [0/2583] Loss: 6.8993 Loss_contra: 0.0281
2026/03/27 23:06:26 - __main__ - INFO - 142 - trainer - [517/2583] Loss: 7.0783 Loss_contra: 0.0279
2026/03/27 23:08:40 - __main__ - INFO - 142 - trainer - [1034/2583] Loss: 7.0622 Loss_contra: 0.0254
2026/03/27 23:10:56 - __main__ - INFO - 142 - trainer - [1551/2583] Loss: 7.0365 Loss_contra: 0.0279
2026/03/27 23:13:12 - __main__ - INFO - 142 - trainer - [2068/2583] Loss: 7.0529 Loss_contra: 0.0281
2026/03/27 23:15:25 - __main__ - INFO - 124 - trainer - Epoch: 14
2026/03/27 23:15:25 - __main__ - INFO - 142 - trainer - [0/2583] Loss: 7.0396 Loss_contra: 0.0264
2026/03/27 23:17:36 - __main__ - INFO - 142 - trainer - [517/2583] Loss: 7.0428 Loss_contra: 0.0260
2026/03/27 23:19:41 - __main__ - INFO - 142 - trainer - [1034/2583] Loss: 7.0494 Loss_contra: 0.0240
2026/03/27 23:21:53 - __main__ - INFO - 142 - trainer - [1551/2583] Loss: 6.9160 Loss_contra: 0.0246
2026/03/27 23:24:08 - __main__ - INFO - 142 - trainer - [2068/2583] Loss: 7.0246 Loss_contra: 0.0246
2026/03/27 23:26:20 - __main__ - INFO - 152 - trainer - start predicting: 2026-03-27 23:26:20.145841
2026/03/27 23:33:23 - __main__ - INFO - 187 - trainer - {'Best_HR@5': 7.2844, 'Best_NDCG@5': 4.73, 'Best_HR@10': 11.6126, 'Best_NDCG@10': 6.103, 'Best_HR@20': 17.692, 'Best_NDCG@20': 7.6438}
2026/03/27 23:33:23 - __main__ - INFO - 188 - trainer - {'Best_epoch_HR@5': 12, 'Best_epoch_NDCG@5': 12, 'Best_epoch_HR@10': 14, 'Best_epoch_NDCG@10': 12, 'Best_epoch_HR@20': 12, 'Best_epoch_NDCG@20': 12}
2026/03/27 23:33:23 - __main__ - INFO - 124 - trainer - Epoch: 15
2026/03/27 23:33:23 - __main__ - INFO - 142 - trainer - [0/2583] Loss: 6.9497 Loss_contra: 0.0249
2026/03/27 23:35:40 - __main__ - INFO - 142 - trainer - [517/2583] Loss: 6.9630 Loss_contra: 0.0252
2026/03/27 23:37:55 - __main__ - INFO - 142 - trainer - [1034/2583] Loss: 7.0154 Loss_contra: 0.0249
2026/03/27 23:40:08 - __main__ - INFO - 142 - trainer - [1551/2583] Loss: 7.0569 Loss_contra: 0.0253
2026/03/27 23:42:18 - __main__ - INFO - 142 - trainer - [2068/2583] Loss: 7.1616 Loss_contra: 0.0234
2026/03/27 23:44:31 - __main__ - INFO - 124 - trainer - Epoch: 16
2026/03/27 23:44:32 - __main__ - INFO - 142 - trainer - [0/2583] Loss: 6.9907 Loss_contra: 0.0239
2026/03/27 23:46:46 - __main__ - INFO - 142 - trainer - [517/2583] Loss: 7.0016 Loss_contra: 0.0237
2026/03/27 23:48:59 - __main__ - INFO - 142 - trainer - [1034/2583] Loss: 6.9989 Loss_contra: 0.0239
2026/03/27 23:51:11 - __main__ - INFO - 142 - trainer - [1551/2583] Loss: 6.9254 Loss_contra: 0.0236
2026/03/27 23:53:27 - __main__ - INFO - 142 - trainer - [2068/2583] Loss: 7.0791 Loss_contra: 0.0236
2026/03/27 23:55:41 - __main__ - INFO - 152 - trainer - start predicting: 2026-03-27 23:55:41.311149
2026/03/28 00:02:43 - __main__ - INFO - 187 - trainer - {'Best_HR@5': 7.461, 'Best_NDCG@5': 4.8524, 'Best_HR@10': 11.9286, 'Best_NDCG@10': 6.2883, 'Best_HR@20': 18.1082, 'Best_NDCG@20': 7.8413}
2026/03/28 00:02:43 - __main__ - INFO - 188 - trainer - {'Best_epoch_HR@5': 16, 'Best_epoch_NDCG@5': 16, 'Best_epoch_HR@10': 16, 'Best_epoch_NDCG@10': 16, 'Best_epoch_HR@20': 16, 'Best_epoch_NDCG@20': 16}
2026/03/28 00:02:43 - __main__ - INFO - 124 - trainer - Epoch: 17
2026/03/28 00:02:43 - __main__ - INFO - 142 - trainer - [0/2583] Loss: 7.0062 Loss_contra: 0.0251
2026/03/28 00:04:54 - __main__ - INFO - 142 - trainer - [517/2583] Loss: 6.9383 Loss_contra: 0.0234
2026/03/28 00:07:03 - __main__ - INFO - 142 - trainer - [1034/2583] Loss: 6.8831 Loss_contra: 0.0227
2026/03/28 00:09:11 - __main__ - INFO - 142 - trainer - [1551/2583] Loss: 6.9387 Loss_contra: 0.0216
2026/03/28 00:11:15 - __main__ - INFO - 142 - trainer - [2068/2583] Loss: 7.0740 Loss_contra: 0.0230
2026/03/28 00:13:23 - __main__ - INFO - 124 - trainer - Epoch: 18
2026/03/28 00:13:24 - __main__ - INFO - 142 - trainer - [0/2583] Loss: 7.0463 Loss_contra: 0.0234
2026/03/28 00:15:33 - __main__ - INFO - 142 - trainer - [517/2583] Loss: 6.9998 Loss_contra: 0.0222
2026/03/28 00:17:42 - __main__ - INFO - 142 - trainer - [1034/2583] Loss: 6.9463 Loss_contra: 0.0216
2026/03/28 00:19:52 - __main__ - INFO - 142 - trainer - [1551/2583] Loss: 6.9660 Loss_contra: 0.0215
2026/03/28 00:22:02 - __main__ - INFO - 142 - trainer - [2068/2583] Loss: 7.0447 Loss_contra: 0.0228
2026/03/28 00:24:10 - __main__ - INFO - 152 - trainer - start predicting: 2026-03-28 00:24:10.541058
2026/03/28 00:31:06 - __main__ - INFO - 124 - trainer - Epoch: 19
2026/03/28 00:31:06 - __main__ - INFO - 142 - trainer - [0/2583] Loss: 6.9227 Loss_contra: 0.0219
2026/03/28 00:33:13 - __main__ - INFO - 142 - trainer - [517/2583] Loss: 6.9011 Loss_contra: 0.0208
2026/03/28 00:35:21 - __main__ - INFO - 142 - trainer - [1034/2583] Loss: 6.8580 Loss_contra: 0.0205
2026/03/28 00:37:10 - __main__ - INFO - 142 - trainer - [1551/2583] Loss: 6.9600 Loss_contra: 0.0202
2026/03/28 00:38:56 - __main__ - INFO - 142 - trainer - [2068/2583] Loss: 6.9537 Loss_contra: 0.0192
2026/03/28 00:40:40 - __main__ - INFO - 124 - trainer - Epoch: 20
2026/03/28 00:40:41 - __main__ - INFO - 142 - trainer - [0/2583] Loss: 6.9236 Loss_contra: 0.0204
2026/03/28 00:42:26 - __main__ - INFO - 142 - trainer - [517/2583] Loss: 6.9978 Loss_contra: 0.0196
2026/03/28 00:44:12 - __main__ - INFO - 142 - trainer - [1034/2583] Loss: 7.0253 Loss_contra: 0.0215
2026/03/28 00:45:57 - __main__ - INFO - 142 - trainer - [1551/2583] Loss: 6.9792 Loss_contra: 0.0202
2026/03/28 00:47:42 - __main__ - INFO - 142 - trainer - [2068/2583] Loss: 7.0111 Loss_contra: 0.0198
2026/03/28 00:49:27 - __main__ - INFO - 152 - trainer - start predicting: 2026-03-28 00:49:27.236183
2026/03/28 00:55:18 - __main__ - INFO - 187 - trainer - {'Best_HR@5': 7.4693, 'Best_NDCG@5': 4.8569, 'Best_HR@10': 11.9286, 'Best_NDCG@10': 6.2883, 'Best_HR@20': 18.1082, 'Best_NDCG@20': 7.8413}
2026/03/28 00:55:18 - __main__ - INFO - 188 - trainer - {'Best_epoch_HR@5': 20, 'Best_epoch_NDCG@5': 20, 'Best_epoch_HR@10': 16, 'Best_epoch_NDCG@10': 16, 'Best_epoch_HR@20': 16, 'Best_epoch_NDCG@20': 16}
2026/03/28 00:55:18 - __main__ - INFO - 124 - trainer - Epoch: 21
2026/03/28 00:55:18 - __main__ - INFO - 142 - trainer - [0/2583] Loss: 6.9092 Loss_contra: 0.0206
2026/03/28 00:57:04 - __main__ - INFO - 142 - trainer - [517/2583] Loss: 6.9415 Loss_contra: 0.0186
2026/03/28 00:58:50 - __main__ - INFO - 142 - trainer - [1034/2583] Loss: 7.0136 Loss_contra: 0.0189
2026/03/28 01:00:35 - __main__ - INFO - 142 - trainer - [1551/2583] Loss: 6.8973 Loss_contra: 0.0192
2026/03/28 01:02:20 - __main__ - INFO - 142 - trainer - [2068/2583] Loss: 6.9307 Loss_contra: 0.0186
2026/03/28 01:04:10 - __main__ - INFO - 124 - trainer - Epoch: 22
2026/03/28 01:04:10 - __main__ - INFO - 142 - trainer - [0/2583] Loss: 6.9253 Loss_contra: 0.0191
2026/03/28 01:06:14 - __main__ - INFO - 142 - trainer - [517/2583] Loss: 6.8926 Loss_contra: 0.0179
2026/03/28 01:08:04 - __main__ - INFO - 142 - trainer - [1034/2583] Loss: 6.9533 Loss_contra: 0.0187
2026/03/28 01:09:51 - __main__ - INFO - 142 - trainer - [1551/2583] Loss: 6.9293 Loss_contra: 0.0187
2026/03/28 01:11:37 - __main__ - INFO - 142 - trainer - [2068/2583] Loss: 6.8424 Loss_contra: 0.0185
2026/03/28 01:13:24 - __main__ - INFO - 152 - trainer - start predicting: 2026-03-28 01:13:24.443509
2026/03/28 01:20:12 - __main__ - INFO - 187 - trainer - {'Best_HR@5': 7.4958, 'Best_NDCG@5': 4.8648, 'Best_HR@10': 11.9286, 'Best_NDCG@10': 6.2883, 'Best_HR@20': 18.1082, 'Best_NDCG@20': 7.8413}
2026/03/28 01:20:12 - __main__ - INFO - 188 - trainer - {'Best_epoch_HR@5': 22, 'Best_epoch_NDCG@5': 22, 'Best_epoch_HR@10': 16, 'Best_epoch_NDCG@10': 16, 'Best_epoch_HR@20': 16, 'Best_epoch_NDCG@20': 16}
2026/03/28 01:20:12 - __main__ - INFO - 124 - trainer - Epoch: 23
2026/03/28 01:20:12 - __main__ - INFO - 142 - trainer - [0/2583] Loss: 6.9212 Loss_contra: 0.0181
2026/03/28 01:22:26 - __main__ - INFO - 142 - trainer - [517/2583] Loss: 6.9212 Loss_contra: 0.0194
2026/03/28 01:24:37 - __main__ - INFO - 142 - trainer - [1034/2583] Loss: 6.7328 Loss_contra: 0.0188
2026/03/28 01:26:49 - __main__ - INFO - 142 - trainer - [1551/2583] Loss: 6.9831 Loss_contra: 0.0175
2026/03/28 01:29:00 - __main__ - INFO - 142 - trainer - [2068/2583] Loss: 6.8525 Loss_contra: 0.0173
2026/03/28 01:31:14 - __main__ - INFO - 124 - trainer - Epoch: 24
2026/03/28 01:31:15 - __main__ - INFO - 142 - trainer - [0/2583] Loss: 6.8420 Loss_contra: 0.0174
2026/03/28 01:33:26 - __main__ - INFO - 142 - trainer - [517/2583] Loss: 6.9412 Loss_contra: 0.0190
2026/03/28 01:35:40 - __main__ - INFO - 142 - trainer - [1034/2583] Loss: 6.8529 Loss_contra: 0.0170
2026/03/28 01:37:49 - __main__ - INFO - 142 - trainer - [1551/2583] Loss: 6.9396 Loss_contra: 0.0179
2026/03/28 01:40:03 - __main__ - INFO - 142 - trainer - [2068/2583] Loss: 6.9920 Loss_contra: 0.0170
2026/03/28 01:42:14 - __main__ - INFO - 152 - trainer - start predicting: 2026-03-28 01:42:14.668272
2026/03/28 01:49:15 - __main__ - INFO - 187 - trainer - {'Best_HR@5': 7.6454, 'Best_NDCG@5': 4.963, 'Best_HR@10': 12.0876, 'Best_NDCG@10': 6.3901, 'Best_HR@20': 18.4196, 'Best_NDCG@20': 7.9823}
2026/03/28 01:49:15 - __main__ - INFO - 188 - trainer - {'Best_epoch_HR@5': 24, 'Best_epoch_NDCG@5': 24, 'Best_epoch_HR@10': 24, 'Best_epoch_NDCG@10': 24, 'Best_epoch_HR@20': 24, 'Best_epoch_NDCG@20': 24}
2026/03/28 01:49:15 - __main__ - INFO - 124 - trainer - Epoch: 25
2026/03/28 01:49:16 - __main__ - INFO - 142 - trainer - [0/2583] Loss: 6.8769 Loss_contra: 0.0192
2026/03/28 01:51:28 - __main__ - INFO - 142 - trainer - [517/2583] Loss: 6.9226 Loss_contra: 0.0165
2026/03/28 01:53:38 - __main__ - INFO - 142 - trainer - [1034/2583] Loss: 6.9080 Loss_contra: 0.0172
2026/03/28 01:55:50 - __main__ - INFO - 142 - trainer - [1551/2583] Loss: 6.9087 Loss_contra: 0.0181
2026/03/28 01:57:59 - __main__ - INFO - 142 - trainer - [2068/2583] Loss: 6.9170 Loss_contra: 0.0173
2026/03/28 02:00:09 - __main__ - INFO - 124 - trainer - Epoch: 26
2026/03/28 02:00:10 - __main__ - INFO - 142 - trainer - [0/2583] Loss: 6.8622 Loss_contra: 0.0175
2026/03/28 02:02:23 - __main__ - INFO - 142 - trainer - [517/2583] Loss: 6.7933 Loss_contra: 0.0178
2026/03/28 02:04:25 - __main__ - INFO - 142 - trainer - [1034/2583] Loss: 6.8761 Loss_contra: 0.0180
2026/03/28 02:06:35 - __main__ - INFO - 142 - trainer - [1551/2583] Loss: 6.8039 Loss_contra: 0.0175
2026/03/28 02:08:44 - __main__ - INFO - 142 - trainer - [2068/2583] Loss: 6.8737 Loss_contra: 0.0167
2026/03/28 02:10:56 - __main__ - INFO - 152 - trainer - start predicting: 2026-03-28 02:10:56.738089
2026/03/28 02:17:59 - __main__ - INFO - 124 - trainer - Epoch: 27
2026/03/28 02:18:00 - __main__ - INFO - 142 - trainer - [0/2583] Loss: 6.9618 Loss_contra: 0.0162
2026/03/28 02:20:10 - __main__ - INFO - 142 - trainer - [517/2583] Loss: 6.9510 Loss_contra: 0.0154
2026/03/28 02:22:23 - __main__ - INFO - 142 - trainer - [1034/2583] Loss: 6.8635 Loss_contra: 0.0152
2026/03/28 02:24:32 - __main__ - INFO - 142 - trainer - [1551/2583] Loss: 6.8372 Loss_contra: 0.0149
2026/03/28 02:26:45 - __main__ - INFO - 142 - trainer - [2068/2583] Loss: 6.9500 Loss_contra: 0.0164
2026/03/28 02:28:56 - __main__ - INFO - 124 - trainer - Epoch: 28
2026/03/28 02:28:56 - __main__ - INFO - 142 - trainer - [0/2583] Loss: 6.8538 Loss_contra: 0.0164
2026/03/28 02:31:08 - __main__ - INFO - 142 - trainer - [517/2583] Loss: 7.0105 Loss_contra: 0.0153
2026/03/28 02:33:18 - __main__ - INFO - 142 - trainer - [1034/2583] Loss: 7.0166 Loss_contra: 0.0164
2026/03/28 02:35:24 - __main__ - INFO - 142 - trainer - [1551/2583] Loss: 6.9183 Loss_contra: 0.0163
2026/03/28 02:37:33 - __main__ - INFO - 142 - trainer - [2068/2583] Loss: 6.8761 Loss_contra: 0.0162
2026/03/28 02:39:47 - __main__ - INFO - 152 - trainer - start predicting: 2026-03-28 02:39:47.130699
2026/03/28 02:46:53 - __main__ - INFO - 124 - trainer - Epoch: 29
2026/03/28 02:46:54 - __main__ - INFO - 142 - trainer - [0/2583] Loss: 6.8742 Loss_contra: 0.0172
2026/03/28 02:49:05 - __main__ - INFO - 142 - trainer - [517/2583] Loss: 6.8357 Loss_contra: 0.0152
2026/03/28 02:51:19 - __main__ - INFO - 142 - trainer - [1034/2583] Loss: 6.9470 Loss_contra: 0.0155
2026/03/28 02:53:29 - __main__ - INFO - 142 - trainer - [1551/2583] Loss: 6.8815 Loss_contra: 0.0156
2026/03/28 02:55:41 - __main__ - INFO - 142 - trainer - [2068/2583] Loss: 6.8796 Loss_contra: 0.0157
2026/03/28 02:57:51 - __main__ - INFO - 124 - trainer - Epoch: 30
2026/03/28 02:57:52 - __main__ - INFO - 142 - trainer - [0/2583] Loss: 6.7759 Loss_contra: 0.0153
2026/03/28 03:00:05 - __main__ - INFO - 142 - trainer - [517/2583] Loss: 6.8387 Loss_contra: 0.0159
2026/03/28 03:02:16 - __main__ - INFO - 142 - trainer - [1034/2583] Loss: 6.8941 Loss_contra: 0.0150
2026/03/28 03:04:28 - __main__ - INFO - 142 - trainer - [1551/2583] Loss: 6.8687 Loss_contra: 0.0156
2026/03/28 03:06:41 - __main__ - INFO - 142 - trainer - [2068/2583] Loss: 6.8233 Loss_contra: 0.0147
2026/03/28 03:08:52 - __main__ - INFO - 152 - trainer - start predicting: 2026-03-28 03:08:52.128075
2026/03/28 03:15:54 - __main__ - INFO - 124 - trainer - Epoch: 31
2026/03/28 03:15:55 - __main__ - INFO - 142 - trainer - [0/2583] Loss: 6.8850 Loss_contra: 0.0151
2026/03/28 03:18:03 - __main__ - INFO - 142 - trainer - [517/2583] Loss: 6.8157 Loss_contra: 0.0145
2026/03/28 03:20:09 - __main__ - INFO - 142 - trainer - [1034/2583] Loss: 6.9049 Loss_contra: 0.0147
2026/03/28 03:22:18 - __main__ - INFO - 142 - trainer - [1551/2583] Loss: 6.9144 Loss_contra: 0.0151
2026/03/28 03:24:32 - __main__ - INFO - 142 - trainer - [2068/2583] Loss: 6.7927 Loss_contra: 0.0153
2026/03/28 03:26:42 - __main__ - INFO - 124 - trainer - Epoch: 32
2026/03/28 03:26:43 - __main__ - INFO - 142 - trainer - [0/2583] Loss: 6.9266 Loss_contra: 0.0150
2026/03/28 03:28:55 - __main__ - INFO - 142 - trainer - [517/2583] Loss: 6.8245 Loss_contra: 0.0139
2026/03/28 03:31:07 - __main__ - INFO - 142 - trainer - [1034/2583] Loss: 6.8832 Loss_contra: 0.0151
2026/03/28 03:33:16 - __main__ - INFO - 142 - trainer - [1551/2583] Loss: 6.8875 Loss_contra: 0.0156
2026/03/28 03:35:30 - __main__ - INFO - 142 - trainer - [2068/2583] Loss: 6.8257 Loss_contra: 0.0146
2026/03/28 03:37:40 - __main__ - INFO - 152 - trainer - start predicting: 2026-03-28 03:37:40.483173
2026/03/28 03:44:45 - __main__ - INFO - 187 - trainer - {'Best_HR@5': 7.79, 'Best_NDCG@5': 5.0717, 'Best_HR@10': 12.182, 'Best_NDCG@10': 6.4824, 'Best_HR@20': 18.5578, 'Best_NDCG@20': 8.0849}
2026/03/28 03:44:45 - __main__ - INFO - 188 - trainer - {'Best_epoch_HR@5': 32, 'Best_epoch_NDCG@5': 32, 'Best_epoch_HR@10': 32, 'Best_epoch_NDCG@10': 32, 'Best_epoch_HR@20': 32, 'Best_epoch_NDCG@20': 32}
2026/03/28 03:44:45 - __main__ - INFO - 124 - trainer - Epoch: 33
2026/03/28 03:44:45 - __main__ - INFO - 142 - trainer - [0/2583] Loss: 6.9381 Loss_contra: 0.0149
2026/03/28 03:46:56 - __main__ - INFO - 142 - trainer - [517/2583] Loss: 7.0038 Loss_contra: 0.0145
2026/03/28 03:49:08 - __main__ - INFO - 142 - trainer - [1034/2583] Loss: 6.9861 Loss_contra: 0.0145
2026/03/28 03:51:21 - __main__ - INFO - 142 - trainer - [1551/2583] Loss: 6.8731 Loss_contra: 0.0149
2026/03/28 03:53:30 - __main__ - INFO - 142 - trainer - [2068/2583] Loss: 6.9377 Loss_contra: 0.0155
2026/03/28 03:55:41 - __main__ - INFO - 124 - trainer - Epoch: 34
2026/03/28 03:55:42 - __main__ - INFO - 142 - trainer - [0/2583] Loss: 6.8271 Loss_contra: 0.0144
2026/03/28 03:57:49 - __main__ - INFO - 142 - trainer - [517/2583] Loss: 6.8066 Loss_contra: 0.0144
2026/03/28 04:00:00 - __main__ - INFO - 142 - trainer - [1034/2583] Loss: 6.7991 Loss_contra: 0.0140
2026/03/28 04:02:09 - __main__ - INFO - 142 - trainer - [1551/2583] Loss: 6.8268 Loss_contra: 0.0139
2026/03/28 04:04:22 - __main__ - INFO - 142 - trainer - [2068/2583] Loss: 6.8457 Loss_contra: 0.0147
2026/03/28 04:06:33 - __main__ - INFO - 152 - trainer - start predicting: 2026-03-28 04:06:33.778720
2026/03/28 04:13:37 - __main__ - INFO - 124 - trainer - Epoch: 35
2026/03/28 04:13:37 - __main__ - INFO - 142 - trainer - [0/2583] Loss: 6.8012 Loss_contra: 0.0154
2026/03/28 04:15:49 - __main__ - INFO - 142 - trainer - [517/2583] Loss: 6.9004 Loss_contra: 0.0130
2026/03/28 04:17:59 - __main__ - INFO - 142 - trainer - [1034/2583] Loss: 6.8921 Loss_contra: 0.0133
2026/03/28 04:20:13 - __main__ - INFO - 142 - trainer - [1551/2583] Loss: 6.8434 Loss_contra: 0.0137
2026/03/28 04:22:23 - __main__ - INFO - 142 - trainer - [2068/2583] Loss: 6.9646 Loss_contra: 0.0129
2026/03/28 04:24:35 - __main__ - INFO - 124 - trainer - Epoch: 36
2026/03/28 04:24:36 - __main__ - INFO - 142 - trainer - [0/2583] Loss: 6.7741 Loss_contra: 0.0132
2026/03/28 04:26:45 - __main__ - INFO - 142 - trainer - [517/2583] Loss: 6.8176 Loss_contra: 0.0139
2026/03/28 04:28:55 - __main__ - INFO - 142 - trainer - [1034/2583] Loss: 6.8342 Loss_contra: 0.0134
2026/03/28 04:31:05 - __main__ - INFO - 142 - trainer - [1551/2583] Loss: 6.8780 Loss_contra: 0.0133
2026/03/28 04:33:18 - __main__ - INFO - 142 - trainer - [2068/2583] Loss: 6.7333 Loss_contra: 0.0140
2026/03/28 04:35:28 - __main__ - INFO - 152 - trainer - start predicting: 2026-03-28 04:35:28.284782
2026/03/28 04:42:30 - __main__ - INFO - 187 - trainer - {'Best_HR@5': 7.79, 'Best_NDCG@5': 5.0717, 'Best_HR@10': 12.1982, 'Best_NDCG@10': 6.4824, 'Best_HR@20': 18.5578, 'Best_NDCG@20': 8.0849}
2026/03/28 04:42:30 - __main__ - INFO - 188 - trainer - {'Best_epoch_HR@5': 32, 'Best_epoch_NDCG@5': 32, 'Best_epoch_HR@10': 36, 'Best_epoch_NDCG@10': 32, 'Best_epoch_HR@20': 32, 'Best_epoch_NDCG@20': 32}
2026/03/28 04:42:30 - __main__ - INFO - 124 - trainer - Epoch: 37
2026/03/28 04:42:31 - __main__ - INFO - 142 - trainer - [0/2583] Loss: 6.8379 Loss_contra: 0.0131
2026/03/28 04:44:44 - __main__ - INFO - 142 - trainer - [517/2583] Loss: 6.8181 Loss_contra: 0.0134
2026/03/28 04:46:50 - __main__ - INFO - 142 - trainer - [1034/2583] Loss: 6.8712 Loss_contra: 0.0139
2026/03/28 04:48:35 - __main__ - INFO - 142 - trainer - [1551/2583] Loss: 6.8440 Loss_contra: 0.0127
2026/03/28 04:50:20 - __main__ - INFO - 142 - trainer - [2068/2583] Loss: 6.8137 Loss_contra: 0.0134
2026/03/28 04:52:20 - __main__ - INFO - 124 - trainer - Epoch: 38
2026/03/28 04:52:21 - __main__ - INFO - 142 - trainer - [0/2583] Loss: 6.9311 Loss_contra: 0.0128
2026/03/28 04:54:31 - __main__ - INFO - 142 - trainer - [517/2583] Loss: 6.8458 Loss_contra: 0.0132
2026/03/28 04:56:41 - __main__ - INFO - 142 - trainer - [1034/2583] Loss: 6.8684 Loss_contra: 0.0122
2026/03/28 04:58:54 - __main__ - INFO - 142 - trainer - [1551/2583] Loss: 6.8725 Loss_contra: 0.0125
2026/03/28 05:01:03 - __main__ - INFO - 142 - trainer - [2068/2583] Loss: 6.8408 Loss_contra: 0.0138
2026/03/28 05:03:15 - __main__ - INFO - 152 - trainer - start predicting: 2026-03-28 05:03:15.410702
2026/03/28 05:10:18 - __main__ - INFO - 124 - trainer - Epoch: 39
2026/03/28 05:10:19 - __main__ - INFO - 142 - trainer - [0/2583] Loss: 6.8558 Loss_contra: 0.0132
2026/03/28 05:12:29 - __main__ - INFO - 142 - trainer - [517/2583] Loss: 6.8464 Loss_contra: 0.0131
2026/03/28 05:14:43 - __main__ - INFO - 142 - trainer - [1034/2583] Loss: 6.8757 Loss_contra: 0.0129
2026/03/28 05:16:56 - __main__ - INFO - 142 - trainer - [1551/2583] Loss: 6.8451 Loss_contra: 0.0124
2026/03/28 05:19:06 - __main__ - INFO - 142 - trainer - [2068/2583] Loss: 6.9027 Loss_contra: 0.0123
2026/03/28 05:21:17 - __main__ - INFO - 124 - trainer - Epoch: 40
2026/03/28 05:21:18 - __main__ - INFO - 142 - trainer - [0/2583] Loss: 6.8721 Loss_contra: 0.0126
2026/03/28 05:23:28 - __main__ - INFO - 142 - trainer - [517/2583] Loss: 6.8840 Loss_contra: 0.0129
2026/03/28 05:25:40 - __main__ - INFO - 142 - trainer - [1034/2583] Loss: 6.8990 Loss_contra: 0.0116
2026/03/28 05:27:54 - __main__ - INFO - 142 - trainer - [1551/2583] Loss: 6.8356 Loss_contra: 0.0126
2026/03/28 05:30:03 - __main__ - INFO - 142 - trainer - [2068/2583] Loss: 6.8895 Loss_contra: 0.0121
2026/03/28 05:32:15 - __main__ - INFO - 152 - trainer - start predicting: 2026-03-28 05:32:15.551590
2026/03/28 05:39:20 - __main__ - INFO - 124 - trainer - Epoch: 41
2026/03/28 05:39:20 - __main__ - INFO - 142 - trainer - [0/2583] Loss: 6.7821 Loss_contra: 0.0127
2026/03/28 05:41:30 - __main__ - INFO - 142 - trainer - [517/2583] Loss: 6.7853 Loss_contra: 0.0116
2026/03/28 05:43:42 - __main__ - INFO - 142 - trainer - [1034/2583] Loss: 6.7937 Loss_contra: 0.0124
2026/03/28 05:45:54 - __main__ - INFO - 142 - trainer - [1551/2583] Loss: 6.7747 Loss_contra: 0.0117
2026/03/28 05:47:58 - __main__ - INFO - 142 - trainer - [2068/2583] Loss: 6.8905 Loss_contra: 0.0123
2026/03/28 05:50:07 - __main__ - INFO - 124 - trainer - Epoch: 42
2026/03/28 05:50:08 - __main__ - INFO - 142 - trainer - [0/2583] Loss: 6.7722 Loss_contra: 0.0119
2026/03/28 05:52:17 - __main__ - INFO - 142 - trainer - [517/2583] Loss: 6.8536 Loss_contra: 0.0122
2026/03/28 05:54:29 - __main__ - INFO - 142 - trainer - [1034/2583] Loss: 6.8528 Loss_contra: 0.0113
2026/03/28 05:56:42 - __main__ - INFO - 142 - trainer - [1551/2583] Loss: 6.8388 Loss_contra: 0.0120
2026/03/28 05:58:53 - __main__ - INFO - 142 - trainer - [2068/2583] Loss: 6.8700 Loss_contra: 0.0121
2026/03/28 06:01:05 - __main__ - INFO - 152 - trainer - start predicting: 2026-03-28 06:01:05.244785
2026/03/28 06:08:10 - __main__ - INFO - 187 - trainer - {'Best_HR@5': 7.79, 'Best_NDCG@5': 5.0717, 'Best_HR@10': 12.205, 'Best_NDCG@10': 6.4824, 'Best_HR@20': 18.5578, 'Best_NDCG@20': 8.0849}
2026/03/28 06:08:10 - __main__ - INFO - 188 - trainer - {'Best_epoch_HR@5': 32, 'Best_epoch_NDCG@5': 32, 'Best_epoch_HR@10': 42, 'Best_epoch_NDCG@10': 32, 'Best_epoch_HR@20': 32, 'Best_epoch_NDCG@20': 32}
2026/03/28 06:08:10 - __main__ - INFO - 124 - trainer - Epoch: 43
2026/03/28 06:08:10 - __main__ - INFO - 142 - trainer - [0/2583] Loss: 6.7739 Loss_contra: 0.0124
2026/03/28 06:10:19 - __main__ - INFO - 142 - trainer - [517/2583] Loss: 6.8467 Loss_contra: 0.0123
2026/03/28 06:12:32 - __main__ - INFO - 142 - trainer - [1034/2583] Loss: 6.7246 Loss_contra: 0.0124
2026/03/28 06:14:41 - __main__ - INFO - 142 - trainer - [1551/2583] Loss: 6.8377 Loss_contra: 0.0127
2026/03/28 06:16:52 - __main__ - INFO - 142 - trainer - [2068/2583] Loss: 6.8469 Loss_contra: 0.0121
2026/03/28 06:19:04 - __main__ - INFO - 124 - trainer - Epoch: 44
2026/03/28 06:19:05 - __main__ - INFO - 142 - trainer - [0/2583] Loss: 6.9359 Loss_contra: 0.0112
2026/03/28 06:21:14 - __main__ - INFO - 142 - trainer - [517/2583] Loss: 6.8695 Loss_contra: 0.0110
2026/03/28 06:23:27 - __main__ - INFO - 142 - trainer - [1034/2583] Loss: 6.7386 Loss_contra: 0.0127
2026/03/28 06:25:37 - __main__ - INFO - 142 - trainer - [1551/2583] Loss: 6.8585 Loss_contra: 0.0112
2026/03/28 06:27:48 - __main__ - INFO - 142 - trainer - [2068/2583] Loss: 6.8612 Loss_contra: 0.0113
2026/03/28 06:30:01 - __main__ - INFO - 152 - trainer - start predicting: 2026-03-28 06:30:01.463068
2026/03/28 06:37:02 - __main__ - INFO - 124 - trainer - Epoch: 45
2026/03/28 06:37:03 - __main__ - INFO - 142 - trainer - [0/2583] Loss: 6.7616 Loss_contra: 0.0119
2026/03/28 06:39:14 - __main__ - INFO - 142 - trainer - [517/2583] Loss: 6.8903 Loss_contra: 0.0114
2026/03/28 06:41:25 - __main__ - INFO - 142 - trainer - [1034/2583] Loss: 6.8292 Loss_contra: 0.0112
2026/03/28 06:43:35 - __main__ - INFO - 142 - trainer - [1551/2583] Loss: 6.8248 Loss_contra: 0.0121
2026/03/28 06:45:41 - __main__ - INFO - 142 - trainer - [2068/2583] Loss: 6.9345 Loss_contra: 0.0120
2026/03/28 06:47:52 - __main__ - INFO - 124 - trainer - Epoch: 46
2026/03/28 06:47:52 - __main__ - INFO - 142 - trainer - [0/2583] Loss: 6.8189 Loss_contra: 0.0124
2026/03/28 06:50:01 - __main__ - INFO - 142 - trainer - [517/2583] Loss: 6.6673 Loss_contra: 0.0116
2026/03/28 06:52:13 - __main__ - INFO - 142 - trainer - [1034/2583] Loss: 6.8377 Loss_contra: 0.0116
2026/03/28 06:54:25 - __main__ - INFO - 142 - trainer - [1551/2583] Loss: 6.7600 Loss_contra: 0.0115
2026/03/28 06:56:36 - __main__ - INFO - 142 - trainer - [2068/2583] Loss: 6.7516 Loss_contra: 0.0112
2026/03/28 06:58:49 - __main__ - INFO - 152 - trainer - start predicting: 2026-03-28 06:58:49.760574
2026/03/28 07:05:52 - __main__ - INFO - 124 - trainer - Epoch: 47
2026/03/28 07:05:52 - __main__ - INFO - 142 - trainer - [0/2583] Loss: 6.8530 Loss_contra: 0.0110
2026/03/28 07:08:02 - __main__ - INFO - 142 - trainer - [517/2583] Loss: 6.7539 Loss_contra: 0.0108
2026/03/28 07:10:16 - __main__ - INFO - 142 - trainer - [1034/2583] Loss: 6.9227 Loss_contra: 0.0117
2026/03/28 07:12:26 - __main__ - INFO - 142 - trainer - [1551/2583] Loss: 6.7909 Loss_contra: 0.0111
2026/03/28 07:14:38 - __main__ - INFO - 142 - trainer - [2068/2583] Loss: 6.7677 Loss_contra: 0.0114
2026/03/28 07:16:51 - __main__ - INFO - 124 - trainer - Epoch: 48
2026/03/28 07:16:51 - __main__ - INFO - 142 - trainer - [0/2583] Loss: 6.8100 Loss_contra: 0.0109
2026/03/28 07:19:00 - __main__ - INFO - 142 - trainer - [517/2583] Loss: 6.7996 Loss_contra: 0.0114
2026/03/28 07:21:14 - __main__ - INFO - 142 - trainer - [1034/2583] Loss: 6.8587 Loss_contra: 0.0115
2026/03/28 07:23:23 - __main__ - INFO - 142 - trainer - [1551/2583] Loss: 6.8285 Loss_contra: 0.0111
2026/03/28 07:25:35 - __main__ - INFO - 142 - trainer - [2068/2583] Loss: 6.8811 Loss_contra: 0.0114
2026/03/28 07:27:48 - __main__ - INFO - 152 - trainer - start predicting: 2026-03-28 07:27:48.403098
2026/03/28 07:34:49 - __main__ - INFO - 124 - trainer - Epoch: 49
2026/03/28 07:34:49 - __main__ - INFO - 142 - trainer - [0/2583] Loss: 6.7728 Loss_contra: 0.0110
2026/03/28 07:37:01 - __main__ - INFO - 142 - trainer - [517/2583] Loss: 6.7948 Loss_contra: 0.0108
2026/03/28 07:39:13 - __main__ - INFO - 142 - trainer - [1034/2583] Loss: 6.7588 Loss_contra: 0.0108
2026/03/28 07:41:20 - __main__ - INFO - 142 - trainer - [1551/2583] Loss: 6.8340 Loss_contra: 0.0110
2026/03/28 07:43:29 - __main__ - INFO - 142 - trainer - [2068/2583] Loss: 6.7834 Loss_contra: 0.0112
2026/03/28 07:45:38 - __main__ - INFO - 124 - trainer - Epoch: 50
2026/03/28 07:45:39 - __main__ - INFO - 142 - trainer - [0/2583] Loss: 6.7059 Loss_contra: 0.0099
2026/03/28 07:47:50 - __main__ - INFO - 142 - trainer - [517/2583] Loss: 6.8182 Loss_contra: 0.0103
2026/03/28 07:50:02 - __main__ - INFO - 142 - trainer - [1034/2583] Loss: 6.7955 Loss_contra: 0.0113
2026/03/28 07:52:13 - __main__ - INFO - 142 - trainer - [1551/2583] Loss: 6.8069 Loss_contra: 0.0108
2026/03/28 07:54:25 - __main__ - INFO - 142 - trainer - [2068/2583] Loss: 6.7976 Loss_contra: 0.0103
2026/03/28 07:56:37 - __main__ - INFO - 152 - trainer - start predicting: 2026-03-28 07:56:37.702488
2026/03/28 08:03:40 - __main__ - INFO - 124 - trainer - Epoch: 51
2026/03/28 08:03:40 - __main__ - INFO - 142 - trainer - [0/2583] Loss: 6.9006 Loss_contra: 0.0108
2026/03/28 08:05:53 - __main__ - INFO - 142 - trainer - [517/2583] Loss: 6.6560 Loss_contra: 0.0110
2026/03/28 08:08:07 - __main__ - INFO - 142 - trainer - [1034/2583] Loss: 6.8905 Loss_contra: 0.0105
2026/03/28 08:10:16 - __main__ - INFO - 142 - trainer - [1551/2583] Loss: 6.8672 Loss_contra: 0.0110
2026/03/28 08:12:30 - __main__ - INFO - 142 - trainer - [2068/2583] Loss: 6.8289 Loss_contra: 0.0107
2026/03/28 08:14:41 - __main__ - INFO - 124 - trainer - Epoch: 52
2026/03/28 08:14:41 - __main__ - INFO - 142 - trainer - [0/2583] Loss: 6.7722 Loss_contra: 0.0114
2026/03/28 08:16:55 - __main__ - INFO - 142 - trainer - [517/2583] Loss: 6.8449 Loss_contra: 0.0105
2026/03/28 08:19:07 - __main__ - INFO - 142 - trainer - [1034/2583] Loss: 6.7446 Loss_contra: 0.0103
2026/03/28 08:21:16 - __main__ - INFO - 142 - trainer - [1551/2583] Loss: 6.7798 Loss_contra: 0.0101
2026/03/28 08:23:31 - __main__ - INFO - 142 - trainer - [2068/2583] Loss: 6.8084 Loss_contra: 0.0106
2026/03/28 08:25:41 - __main__ - INFO - 152 - trainer - start predicting: 2026-03-28 08:25:41.204397
2026/03/28 08:32:42 - __main__ - INFO - 124 - trainer - Epoch: 53
2026/03/28 08:32:43 - __main__ - INFO - 142 - trainer - [0/2583] Loss: 6.8597 Loss_contra: 0.0104
2026/03/28 08:34:56 - __main__ - INFO - 142 - trainer - [517/2583] Loss: 6.8146 Loss_contra: 0.0105
2026/03/28 08:37:06 - __main__ - INFO - 142 - trainer - [1034/2583] Loss: 6.8386 Loss_contra: 0.0098
2026/03/28 08:39:12 - __main__ - INFO - 142 - trainer - [1551/2583] Loss: 6.7401 Loss_contra: 0.0107
2026/03/28 08:41:23 - __main__ - INFO - 142 - trainer - [2068/2583] Loss: 6.8877 Loss_contra: 0.0100
2026/03/28 08:43:32 - __main__ - INFO - 124 - trainer - Epoch: 54
2026/03/28 08:43:33 - __main__ - INFO - 142 - trainer - [0/2583] Loss: 6.6467 Loss_contra: 0.0109
2026/03/28 08:45:45 - __main__ - INFO - 142 - trainer - [517/2583] Loss: 6.8089 Loss_contra: 0.0106
2026/03/28 08:47:55 - __main__ - INFO - 142 - trainer - [1034/2583] Loss: 6.7095 Loss_contra: 0.0104
2026/03/28 08:50:06 - __main__ - INFO - 142 - trainer - [1551/2583] Loss: 6.8656 Loss_contra: 0.0106
2026/03/28 08:52:19 - __main__ - INFO - 142 - trainer - [2068/2583] Loss: 6.7825 Loss_contra: 0.0102
2026/03/28 08:54:28 - __main__ - INFO - 152 - trainer - start predicting: 2026-03-28 08:54:28.749259
2026/03/28 09:01:31 - __main__ - INFO - 187 - trainer - {'Best_HR@5': 7.79, 'Best_NDCG@5': 5.0855, 'Best_HR@10': 12.2062, 'Best_NDCG@10': 6.5128, 'Best_HR@20': 18.5615, 'Best_NDCG@20': 8.1101}
2026/03/28 09:01:31 - __main__ - INFO - 188 - trainer - {'Best_epoch_HR@5': 32, 'Best_epoch_NDCG@5': 54, 'Best_epoch_HR@10': 54, 'Best_epoch_NDCG@10': 54, 'Best_epoch_HR@20': 54, 'Best_epoch_NDCG@20': 54}
2026/03/28 09:01:31 - __main__ - INFO - 124 - trainer - Epoch: 55
2026/03/28 09:01:31 - __main__ - INFO - 142 - trainer - [0/2583] Loss: 6.8264 Loss_contra: 0.0102
2026/03/28 09:03:44 - __main__ - INFO - 142 - trainer - [517/2583] Loss: 6.8661 Loss_contra: 0.0105
2026/03/28 09:05:53 - __main__ - INFO - 142 - trainer - [1034/2583] Loss: 6.7599 Loss_contra: 0.0101
2026/03/28 09:08:04 - __main__ - INFO - 142 - trainer - [1551/2583] Loss: 6.8516 Loss_contra: 0.0105
2026/03/28 09:10:17 - __main__ - INFO - 142 - trainer - [2068/2583] Loss: 6.8252 Loss_contra: 0.0106
2026/03/28 09:12:26 - __main__ - INFO - 124 - trainer - Epoch: 56
2026/03/28 09:12:27 - __main__ - INFO - 142 - trainer - [0/2583] Loss: 6.8541 Loss_contra: 0.0104
2026/03/28 09:14:40 - __main__ - INFO - 142 - trainer - [517/2583] Loss: 6.6863 Loss_contra: 0.0096
2026/03/28 09:16:50 - __main__ - INFO - 142 - trainer - [1034/2583] Loss: 6.7793 Loss_contra: 0.0099
2026/03/28 09:19:03 - __main__ - INFO - 142 - trainer - [1551/2583] Loss: 6.8381 Loss_contra: 0.0108
2026/03/28 09:21:15 - __main__ - INFO - 142 - trainer - [2068/2583] Loss: 6.8354 Loss_contra: 0.0101
2026/03/28 09:23:23 - __main__ - INFO - 152 - trainer - start predicting: 2026-03-28 09:23:23.853676
2026/03/28 09:30:26 - __main__ - INFO - 187 - trainer - {'Best_HR@5': 7.8021, 'Best_NDCG@5': 5.0992, 'Best_HR@10': 12.2846, 'Best_NDCG@10': 6.539, 'Best_HR@20': 18.6512, 'Best_NDCG@20': 8.1395}
2026/03/28 09:30:26 - __main__ - INFO - 188 - trainer - {'Best_epoch_HR@5': 56, 'Best_epoch_NDCG@5': 56, 'Best_epoch_HR@10': 56, 'Best_epoch_NDCG@10': 56, 'Best_epoch_HR@20': 56, 'Best_epoch_NDCG@20': 56}
2026/03/28 09:30:26 - __main__ - INFO - 124 - trainer - Epoch: 57
2026/03/28 09:30:26 - __main__ - INFO - 142 - trainer - [0/2583] Loss: 6.7691 Loss_contra: 0.0104
2026/03/28 09:32:39 - __main__ - INFO - 142 - trainer - [517/2583] Loss: 6.7094 Loss_contra: 0.0094
2026/03/28 09:34:47 - __main__ - INFO - 142 - trainer - [1034/2583] Loss: 6.8553 Loss_contra: 0.0098
2026/03/28 09:36:43 - __main__ - INFO - 142 - trainer - [1551/2583] Loss: 6.8582 Loss_contra: 0.0097
2026/03/28 09:38:51 - __main__ - INFO - 142 - trainer - [2068/2583] Loss: 6.7961 Loss_contra: 0.0101
2026/03/28 09:40:58 - __main__ - INFO - 124 - trainer - Epoch: 58
2026/03/28 09:40:59 - __main__ - INFO - 142 - trainer - [0/2583] Loss: 6.8298 Loss_contra: 0.0097
2026/03/28 09:43:03 - __main__ - INFO - 142 - trainer - [517/2583] Loss: 6.8394 Loss_contra: 0.0098
2026/03/28 09:45:11 - __main__ - INFO - 142 - trainer - [1034/2583] Loss: 6.8120 Loss_contra: 0.0098
2026/03/28 09:47:18 - __main__ - INFO - 142 - trainer - [1551/2583] Loss: 6.7841 Loss_contra: 0.0099
2026/03/28 09:49:27 - __main__ - INFO - 142 - trainer - [2068/2583] Loss: 6.8249 Loss_contra: 0.0104
2026/03/28 09:51:32 - __main__ - INFO - 152 - trainer - start predicting: 2026-03-28 09:51:32.038727
2026/03/28 09:58:20 - __main__ - INFO - 187 - trainer - {'Best_HR@5': 7.829, 'Best_NDCG@5': 5.1326, 'Best_HR@10': 12.3048, 'Best_NDCG@10': 6.5681, 'Best_HR@20': 18.6687, 'Best_NDCG@20': 8.1679}
2026/03/28 09:58:20 - __main__ - INFO - 188 - trainer - {'Best_epoch_HR@5': 58, 'Best_epoch_NDCG@5': 58, 'Best_epoch_HR@10': 58, 'Best_epoch_NDCG@10': 58, 'Best_epoch_HR@20': 58, 'Best_epoch_NDCG@20': 58}
2026/03/28 09:58:20 - __main__ - INFO - 124 - trainer - Epoch: 59
2026/03/28 09:58:21 - __main__ - INFO - 142 - trainer - [0/2583] Loss: 6.7425 Loss_contra: 0.0109
2026/03/28 10:00:28 - __main__ - INFO - 142 - trainer - [517/2583] Loss: 6.8374 Loss_contra: 0.0094
2026/03/28 10:02:33 - __main__ - INFO - 142 - trainer - [1034/2583] Loss: 6.8585 Loss_contra: 0.0107
2026/03/28 10:04:40 - __main__ - INFO - 142 - trainer - [1551/2583] Loss: 6.7355 Loss_contra: 0.0101
2026/03/28 10:06:47 - __main__ - INFO - 142 - trainer - [2068/2583] Loss: 6.7776 Loss_contra: 0.0099
2026/03/28 10:08:53 - __main__ - INFO - 124 - trainer - Epoch: 60
2026/03/28 10:08:54 - __main__ - INFO - 142 - trainer - [0/2583] Loss: 6.8021 Loss_contra: 0.0097
2026/03/28 10:11:00 - __main__ - INFO - 142 - trainer - [517/2583] Loss: 6.7150 Loss_contra: 0.0099
2026/03/28 10:13:07 - __main__ - INFO - 142 - trainer - [1034/2583] Loss: 6.8901 Loss_contra: 0.0094
2026/03/28 10:15:13 - __main__ - INFO - 142 - trainer - [1551/2583] Loss: 6.7365 Loss_contra: 0.0096
2026/03/28 10:17:21 - __main__ - INFO - 142 - trainer - [2068/2583] Loss: 6.7976 Loss_contra: 0.0097
2026/03/28 10:19:27 - __main__ - INFO - 152 - trainer - start predicting: 2026-03-28 10:19:27.343524
2026/03/28 10:25:58 - __main__ - INFO - 124 - trainer - Epoch: 61
2026/03/28 10:25:59 - __main__ - INFO - 142 - trainer - [0/2583] Loss: 6.8106 Loss_contra: 0.0096
2026/03/28 10:27:55 - __main__ - INFO - 142 - trainer - [517/2583] Loss: 6.8225 Loss_contra: 0.0092
2026/03/28 10:29:55 - __main__ - INFO - 142 - trainer - [1034/2583] Loss: 6.7939 Loss_contra: 0.0097
2026/03/28 10:31:46 - __main__ - INFO - 142 - trainer - [1551/2583] Loss: 6.7692 Loss_contra: 0.0097
2026/03/28 10:33:32 - __main__ - INFO - 142 - trainer - [2068/2583] Loss: 6.7580 Loss_contra: 0.0098
2026/03/28 10:35:16 - __main__ - INFO - 124 - trainer - Epoch: 62
2026/03/28 10:35:17 - __main__ - INFO - 142 - trainer - [0/2583] Loss: 6.8247 Loss_contra: 0.0096
2026/03/28 10:37:02 - __main__ - INFO - 142 - trainer - [517/2583] Loss: 6.8649 Loss_contra: 0.0094
2026/03/28 10:38:47 - __main__ - INFO - 142 - trainer - [1034/2583] Loss: 6.7433 Loss_contra: 0.0096
2026/03/28 10:40:32 - __main__ - INFO - 142 - trainer - [1551/2583] Loss: 6.7201 Loss_contra: 0.0098
2026/03/28 10:42:18 - __main__ - INFO - 142 - trainer - [2068/2583] Loss: 6.8451 Loss_contra: 0.0091
2026/03/28 10:44:02 - __main__ - INFO - 152 - trainer - start predicting: 2026-03-28 10:44:02.953667
2026/03/28 10:49:50 - __main__ - INFO - 124 - trainer - Epoch: 63
2026/03/28 10:49:51 - __main__ - INFO - 142 - trainer - [0/2583] Loss: 6.6942 Loss_contra: 0.0096
2026/03/28 10:51:36 - __main__ - INFO - 142 - trainer - [517/2583] Loss: 6.7219 Loss_contra: 0.0097
2026/03/28 10:53:22 - __main__ - INFO - 142 - trainer - [1034/2583] Loss: 6.8204 Loss_contra: 0.0095
2026/03/28 10:55:08 - __main__ - INFO - 142 - trainer - [1551/2583] Loss: 6.7932 Loss_contra: 0.0095
2026/03/28 10:56:53 - __main__ - INFO - 142 - trainer - [2068/2583] Loss: 6.8344 Loss_contra: 0.0091
2026/03/28 10:58:38 - __main__ - INFO - 124 - trainer - Epoch: 64
2026/03/28 10:58:38 - __main__ - INFO - 142 - trainer - [0/2583] Loss: 6.8027 Loss_contra: 0.0095
2026/03/28 11:00:24 - __main__ - INFO - 142 - trainer - [517/2583] Loss: 6.7716 Loss_contra: 0.0090
2026/03/28 11:02:09 - __main__ - INFO - 142 - trainer - [1034/2583] Loss: 6.7928 Loss_contra: 0.0097
2026/03/28 11:03:55 - __main__ - INFO - 142 - trainer - [1551/2583] Loss: 6.8224 Loss_contra: 0.0092
2026/03/28 11:05:42 - __main__ - INFO - 142 - trainer - [2068/2583] Loss: 6.7803 Loss_contra: 0.0093
2026/03/28 11:07:27 - __main__ - INFO - 152 - trainer - start predicting: 2026-03-28 11:07:27.759200
2026/03/28 11:13:14 - __main__ - INFO - 124 - trainer - Epoch: 65
2026/03/28 11:13:15 - __main__ - INFO - 142 - trainer - [0/2583] Loss: 6.7506 Loss_contra: 0.0110
2026/03/28 11:14:59 - __main__ - INFO - 142 - trainer - [517/2583] Loss: 6.5460 Loss_contra: 0.0099
2026/03/28 11:16:45 - __main__ - INFO - 142 - trainer - [1034/2583] Loss: 6.6399 Loss_contra: 0.0107
2026/03/28 11:18:30 - __main__ - INFO - 142 - trainer - [1551/2583] Loss: 6.6380 Loss_contra: 0.0115
2026/03/28 11:20:16 - __main__ - INFO - 142 - trainer - [2068/2583] Loss: 6.6947 Loss_contra: 0.0098
2026/03/28 11:22:02 - __main__ - INFO - 124 - trainer - Epoch: 66
2026/03/28 11:22:02 - __main__ - INFO - 142 - trainer - [0/2583] Loss: 6.6001 Loss_contra: 0.0104
2026/03/28 11:23:48 - __main__ - INFO - 142 - trainer - [517/2583] Loss: 6.6654 Loss_contra: 0.0102
2026/03/28 11:25:37 - __main__ - INFO - 142 - trainer - [1034/2583] Loss: 6.5273 Loss_contra: 0.0106
2026/03/28 11:27:28 - __main__ - INFO - 142 - trainer - [1551/2583] Loss: 6.5221 Loss_contra: 0.0107
2026/03/28 11:29:17 - __main__ - INFO - 142 - trainer - [2068/2583] Loss: 6.6062 Loss_contra: 0.0120
2026/03/28 11:31:26 - __main__ - INFO - 152 - trainer - start predicting: 2026-03-28 11:31:26.803292
2026/03/28 11:38:44 - __main__ - INFO - 124 - trainer - Epoch: 67
2026/03/28 11:38:45 - __main__ - INFO - 142 - trainer - [0/2583] Loss: 6.6294 Loss_contra: 0.0153
2026/03/28 11:41:03 - __main__ - INFO - 142 - trainer - [517/2583] Loss: 6.6515 Loss_contra: 0.0112
2026/03/28 11:43:16 - __main__ - INFO - 142 - trainer - [1034/2583] Loss: 6.5542 Loss_contra: 0.0116
2026/03/28 11:45:31 - __main__ - INFO - 142 - trainer - [1551/2583] Loss: 6.5903 Loss_contra: 0.0112
2026/03/28 11:47:44 - __main__ - INFO - 142 - trainer - [2068/2583] Loss: 6.5258 Loss_contra: 0.0103
2026/03/28 11:49:58 - __main__ - INFO - 124 - trainer - Epoch: 68
2026/03/28 11:49:58 - __main__ - INFO - 142 - trainer - [0/2583] Loss: 6.4602 Loss_contra: 0.0114
2026/03/28 11:51:44 - __main__ - INFO - 142 - trainer - [517/2583] Loss: 6.5176 Loss_contra: 0.0120
2026/03/28 11:53:30 - __main__ - INFO - 142 - trainer - [1034/2583] Loss: 6.5722 Loss_contra: 0.0103
2026/03/28 11:55:14 - __main__ - INFO - 142 - trainer - [1551/2583] Loss: 6.5660 Loss_contra: 0.0106
2026/03/28 11:57:24 - __main__ - INFO - 142 - trainer - [2068/2583] Loss: 6.5140 Loss_contra: 0.0105
2026/03/28 11:59:34 - __main__ - INFO - 152 - trainer - start predicting: 2026-03-28 11:59:34.720849
2026/03/28 12:06:35 - __main__ - INFO - 124 - trainer - Epoch: 69
2026/03/28 12:06:35 - __main__ - INFO - 142 - trainer - [0/2583] Loss: 6.5059 Loss_contra: 0.0116
2026/03/28 12:08:48 - __main__ - INFO - 142 - trainer - [517/2583] Loss: 6.6320 Loss_contra: 0.0110
2026/03/28 12:11:01 - __main__ - INFO - 142 - trainer - [1034/2583] Loss: 6.5239 Loss_contra: 0.0117
2026/03/28 12:13:10 - __main__ - INFO - 142 - trainer - [1551/2583] Loss: 6.4920 Loss_contra: 0.0118
2026/03/28 12:15:23 - __main__ - INFO - 142 - trainer - [2068/2583] Loss: 6.5069 Loss_contra: 0.0107
2026/03/28 12:17:35 - __main__ - INFO - 124 - trainer - Epoch: 70
2026/03/28 12:17:36 - __main__ - INFO - 142 - trainer - [0/2583] Loss: 6.5076 Loss_contra: 0.0120
2026/03/28 12:19:48 - __main__ - INFO - 142 - trainer - [517/2583] Loss: 6.3800 Loss_contra: 0.0109
2026/03/28 12:21:58 - __main__ - INFO - 142 - trainer - [1034/2583] Loss: 6.2858 Loss_contra: 0.0140
2026/03/28 12:24:10 - __main__ - INFO - 142 - trainer - [1551/2583] Loss: 6.2618 Loss_contra: 0.0151
2026/03/28 12:26:22 - __main__ - INFO - 142 - trainer - [2068/2583] Loss: 6.2978 Loss_contra: 0.0132
2026/03/28 12:28:35 - __main__ - INFO - 152 - trainer - start predicting: 2026-03-28 12:28:35.193643
2026/03/28 12:35:53 - __main__ - INFO - 124 - trainer - Epoch: 71
2026/03/28 12:35:53 - __main__ - INFO - 142 - trainer - [0/2583] Loss: 6.2095 Loss_contra: 0.0158
2026/03/28 12:38:10 - __main__ - INFO - 142 - trainer - [517/2583] Loss: 6.3091 Loss_contra: 0.0122
2026/03/28 12:40:32 - __main__ - INFO - 142 - trainer - [1034/2583] Loss: 6.1426 Loss_contra: 0.0145
2026/03/28 12:42:54 - __main__ - INFO - 142 - trainer - [1551/2583] Loss: 6.3118 Loss_contra: 0.0164
2026/03/28 12:45:10 - __main__ - INFO - 142 - trainer - [2068/2583] Loss: 6.2363 Loss_contra: 0.0116
2026/03/28 12:47:25 - __main__ - INFO - 124 - trainer - Epoch: 72
2026/03/28 12:47:26 - __main__ - INFO - 142 - trainer - [0/2583] Loss: 6.1761 Loss_contra: 0.0140
2026/03/28 12:49:39 - __main__ - INFO - 142 - trainer - [517/2583] Loss: 6.2148 Loss_contra: 0.0141
2026/03/28 12:51:51 - __main__ - INFO - 142 - trainer - [1034/2583] Loss: 6.1362 Loss_contra: 0.0144
2026/03/28 12:54:02 - __main__ - INFO - 142 - trainer - [1551/2583] Loss: 6.2518 Loss_contra: 0.0154
2026/03/28 12:56:08 - __main__ - INFO - 142 - trainer - [2068/2583] Loss: 6.1732 Loss_contra: 0.0117
2026/03/28 12:58:19 - __main__ - INFO - 152 - trainer - start predicting: 2026-03-28 12:58:19.195897
2026/03/28 13:05:25 - __main__ - INFO - 124 - trainer - Epoch: 73
2026/03/28 13:05:25 - __main__ - INFO - 142 - trainer - [0/2583] Loss: 6.1083 Loss_contra: 0.0158
2026/03/28 13:07:38 - __main__ - INFO - 142 - trainer - [517/2583] Loss: 6.0498 Loss_contra: 0.0153
2026/03/28 13:09:55 - __main__ - INFO - 142 - trainer - [1034/2583] Loss: 6.2046 Loss_contra: 0.0161
2026/03/28 13:12:14 - __main__ - INFO - 142 - trainer - [1551/2583] Loss: 6.0876 Loss_contra: 0.0139
2026/03/28 13:14:35 - __main__ - INFO - 142 - trainer - [2068/2583] Loss: 6.0371 Loss_contra: 0.0131
2026/03/28 13:16:51 - __main__ - INFO - 124 - trainer - Epoch: 74
2026/03/28 13:16:52 - __main__ - INFO - 142 - trainer - [0/2583] Loss: 6.0426 Loss_contra: 0.0129
2026/03/28 13:19:13 - __main__ - INFO - 142 - trainer - [517/2583] Loss: 6.0705 Loss_contra: 0.0141
2026/03/28 13:21:34 - __main__ - INFO - 142 - trainer - [1034/2583] Loss: 6.0949 Loss_contra: 0.0140
2026/03/28 13:23:54 - __main__ - INFO - 142 - trainer - [1551/2583] Loss: 6.1366 Loss_contra: 0.0137
2026/03/28 13:26:08 - __main__ - INFO - 142 - trainer - [2068/2583] Loss: 5.9151 Loss_contra: 0.0142
2026/03/28 13:28:21 - __main__ - INFO - 152 - trainer - start predicting: 2026-03-28 13:28:21.354204
2026/03/28 13:35:26 - __main__ - INFO - 124 - trainer - Epoch: 75
2026/03/28 13:35:26 - __main__ - INFO - 142 - trainer - [0/2583] Loss: 5.9998 Loss_contra: 0.0146
2026/03/28 13:37:40 - __main__ - INFO - 142 - trainer - [517/2583] Loss: 5.9731 Loss_contra: 0.0131
2026/03/28 13:39:53 - __main__ - INFO - 142 - trainer - [1034/2583] Loss: 5.9317 Loss_contra: 0.0125
2026/03/28 13:42:03 - __main__ - INFO - 142 - trainer - [1551/2583] Loss: 5.9841 Loss_contra: 0.0140
2026/03/28 13:44:10 - __main__ - INFO - 142 - trainer - [2068/2583] Loss: 5.9335 Loss_contra: 0.0144
2026/03/28 13:46:20 - __main__ - INFO - 124 - trainer - Epoch: 76
2026/03/28 13:46:21 - __main__ - INFO - 142 - trainer - [0/2583] Loss: 6.0482 Loss_contra: 0.0160
2026/03/28 13:48:31 - __main__ - INFO - 142 - trainer - [517/2583] Loss: 6.0473 Loss_contra: 0.0126
2026/03/28 13:50:40 - __main__ - INFO - 142 - trainer - [1034/2583] Loss: 6.2822 Loss_contra: 0.0120
2026/03/28 13:52:53 - __main__ - INFO - 142 - trainer - [1551/2583] Loss: 6.0346 Loss_contra: 0.0116
2026/03/28 13:55:04 - __main__ - INFO - 142 - trainer - [2068/2583] Loss: 5.9949 Loss_contra: 0.0132
2026/03/28 13:57:17 - __main__ - INFO - 152 - trainer - start predicting: 2026-03-28 13:57:17.330161
2026/03/28 14:04:23 - __main__ - INFO - 124 - trainer - Epoch: 77
2026/03/28 14:04:23 - __main__ - INFO - 142 - trainer - [0/2583] Loss: 5.9430 Loss_contra: 0.0131
2026/03/28 14:06:37 - __main__ - INFO - 142 - trainer - [517/2583] Loss: 5.8815 Loss_contra: 0.0131
2026/03/28 14:08:47 - __main__ - INFO - 142 - trainer - [1034/2583] Loss: 5.8096 Loss_contra: 0.0120
2026/03/28 14:10:59 - __main__ - INFO - 142 - trainer - [1551/2583] Loss: 6.0348 Loss_contra: 0.0143
2026/03/28 14:13:12 - __main__ - INFO - 142 - trainer - [2068/2583] Loss: 6.0138 Loss_contra: 0.0127
2026/03/28 14:15:25 - __main__ - INFO - 124 - trainer - Epoch: 78
2026/03/28 14:15:25 - __main__ - INFO - 142 - trainer - [0/2583] Loss: 5.8873 Loss_contra: 0.0130
2026/03/28 14:17:34 - __main__ - INFO - 142 - trainer - [517/2583] Loss: 5.9309 Loss_contra: 0.0134
2026/03/28 14:19:45 - __main__ - INFO - 142 - trainer - [1034/2583] Loss: 5.8703 Loss_contra: 0.0123
2026/03/28 14:21:57 - __main__ - INFO - 142 - trainer - [1551/2583] Loss: 5.9318 Loss_contra: 0.0123
2026/03/28 14:24:11 - __main__ - INFO - 142 - trainer - [2068/2583] Loss: 6.0459 Loss_contra: 0.0123
2026/03/28 14:26:20 - __main__ - INFO - 152 - trainer - start predicting: 2026-03-28 14:26:20.730722
2026/03/28 14:33:26 - __main__ - INFO - 195 - trainer - {'Best_HR@5': 7.829, 'Best_NDCG@5': 5.1326, 'Best_HR@10': 12.3048, 'Best_NDCG@10': 6.5681, 'Best_HR@20': 18.6687, 'Best_NDCG@20': 8.1679}
2026/03/28 14:33:26 - __main__ - INFO - 196 - trainer - {'Best_epoch_HR@5': 58, 'Best_epoch_NDCG@5': 58, 'Best_epoch_HR@10': 58, 'Best_epoch_NDCG@10': 58, 'Best_epoch_HR@20': 58, 'Best_epoch_NDCG@20': 58}
2026/03/28 14:40:24 - __main__ - INFO - 223 - trainer - Test------------------------------------------------------
2026/03/28 14:40:24 - __main__ - INFO - 225 - trainer - {'HR@5': 7.211, 'NDCG@5': 4.6775, 'HR@10': 11.5681, 'NDCG@10': 6.0741, 'HR@20': 17.6749, 'NDCG@20': 7.6093}
2026/03/28 14:40:24 - __main__ - INFO - 227 - trainer - Best Eval---------------------------------------------------------
2026/03/28 14:40:24 - __main__ - INFO - 230 - trainer - {'Best_HR@5': 7.829, 'Best_NDCG@5': 5.1326, 'Best_HR@10': 12.3048, 'Best_NDCG@10': 6.5681, 'Best_HR@20': 18.6687, 'Best_NDCG@20': 8.1679}
2026/03/28 14:40:24 - __main__ - INFO - 231 - trainer - {'Best_epoch_HR@5': 58, 'Best_epoch_NDCG@5': 58, 'Best_epoch_HR@10': 58, 'Best_epoch_NDCG@10': 58, 'Best_epoch_HR@20': 58, 'Best_epoch_NDCG@20': 58}
