2026/04/15 15:33:43 - __main__ - INFO - 172 - main - Namespace(batch_size=1024, dataset='steam', decay_step=100, description='Diffu_norm_score', device='cuda', diffusion_steps=32, diversity_measure=False, dropout=0.1, emb_dropout=0.3, epoch_time_avg=False, epochs=300, eval_interval=2, gamma=0.1, hidden_act='gelu', hidden_size=128, item_num=13044, lambda_contra=0.2, lambda_history=1.0, lambda_intent=1.2, last_item_weight=0.2, log_file='log/', long_head=False, loss_lambda=0.001, lr=0.001, max_len=50, metric_ks=[5, 10, 20], momentum=None, noise_schedule='trunc_lin', num_blocks=4, num_cluster=32, num_gpu=1, num_hidden_layers=1, num_iter=20, optimizer='Adam', patience=10, random_seed=1997, rep_pad=False, rep_pad_delimiter=False, rep_pad_fixed_num=1, rep_pad_mode='rand_1_max', rescale_timesteps=True, schedule_sampler_name='lossaware', use_last_item_for_code=True, weight_decay=0)
2026/04/15 15:33:46 - __main__ - INFO - 124 - trainer - Epoch: 0
2026/04/15 15:33:46 - __main__ - INFO - 142 - trainer - [0/2583] Loss: 52.2735 Loss_contra: 0.0390
2026/04/15 15:35:31 - __main__ - INFO - 142 - trainer - [517/2583] Loss: 9.8852 Loss_contra: 0.5318
2026/04/15 15:37:20 - __main__ - INFO - 142 - trainer - [1034/2583] Loss: 8.7294 Loss_contra: 0.9631
2026/04/15 15:39:10 - __main__ - INFO - 142 - trainer - [1551/2583] Loss: 8.3570 Loss_contra: 0.7272
2026/04/15 15:40:59 - __main__ - INFO - 142 - trainer - [2068/2583] Loss: 8.2759 Loss_contra: 0.6886
2026/04/15 15:42:47 - __main__ - INFO - 124 - trainer - Epoch: 1
2026/04/15 15:42:48 - __main__ - INFO - 142 - trainer - [0/2583] Loss: 8.0597 Loss_contra: 0.5012
2026/04/15 15:44:37 - __main__ - INFO - 142 - trainer - [517/2583] Loss: 8.0195 Loss_contra: 0.4734
2026/04/15 15:46:26 - __main__ - INFO - 142 - trainer - [1034/2583] Loss: 7.9274 Loss_contra: 0.4395
2026/04/15 15:48:15 - __main__ - INFO - 142 - trainer - [1551/2583] Loss: 7.8249 Loss_contra: 0.3504
2026/04/15 15:50:04 - __main__ - INFO - 142 - trainer - [2068/2583] Loss: 7.7594 Loss_contra: 0.3625
2026/04/15 15:51:52 - __main__ - INFO - 124 - trainer - Epoch: 2
2026/04/15 15:51:52 - __main__ - INFO - 142 - trainer - [0/2583] Loss: 7.6386 Loss_contra: 0.3201
2026/04/15 15:53:39 - __main__ - INFO - 142 - trainer - [517/2583] Loss: 7.6403 Loss_contra: 0.3070
2026/04/15 15:55:27 - __main__ - INFO - 142 - trainer - [1034/2583] Loss: 7.5251 Loss_contra: 0.3167
2026/04/15 15:57:15 - __main__ - INFO - 142 - trainer - [1551/2583] Loss: 7.5721 Loss_contra: 0.2999
2026/04/15 15:59:02 - __main__ - INFO - 142 - trainer - [2068/2583] Loss: 7.5419 Loss_contra: 0.2655
2026/04/15 16:00:49 - __main__ - INFO - 152 - trainer - start predicting: 2026-04-15 16:00:49.944444
2026/04/15 16:06:24 - __main__ - INFO - 187 - trainer - {'Best_HR@5': 5.6036, 'Best_NDCG@5': 3.6023, 'Best_HR@10': 9.1346, 'Best_NDCG@10': 4.7341, 'Best_HR@20': 14.2851, 'Best_NDCG@20': 6.0284}
2026/04/15 16:06:24 - __main__ - INFO - 188 - trainer - {'Best_epoch_HR@5': 2, 'Best_epoch_NDCG@5': 2, 'Best_epoch_HR@10': 2, 'Best_epoch_NDCG@10': 2, 'Best_epoch_HR@20': 2, 'Best_epoch_NDCG@20': 2}
2026/04/15 16:06:24 - __main__ - INFO - 124 - trainer - Epoch: 3
2026/04/15 16:06:24 - __main__ - INFO - 142 - trainer - [0/2583] Loss: 7.5314 Loss_contra: 0.2561
2026/04/15 16:08:14 - __main__ - INFO - 142 - trainer - [517/2583] Loss: 7.4844 Loss_contra: 0.2558
2026/04/15 16:10:02 - __main__ - INFO - 142 - trainer - [1034/2583] Loss: 7.4219 Loss_contra: 0.2246
2026/04/15 16:11:50 - __main__ - INFO - 142 - trainer - [1551/2583] Loss: 7.4899 Loss_contra: 0.2077
2026/04/15 16:13:38 - __main__ - INFO - 142 - trainer - [2068/2583] Loss: 7.3881 Loss_contra: 0.2317
2026/04/15 16:15:25 - __main__ - INFO - 124 - trainer - Epoch: 4
2026/04/15 16:15:25 - __main__ - INFO - 142 - trainer - [0/2583] Loss: 7.3410 Loss_contra: 0.2063
2026/04/15 16:17:13 - __main__ - INFO - 142 - trainer - [517/2583] Loss: 7.4250 Loss_contra: 0.1721
2026/04/15 16:19:01 - __main__ - INFO - 142 - trainer - [1034/2583] Loss: 7.3771 Loss_contra: 0.1944
2026/04/15 16:20:48 - __main__ - INFO - 142 - trainer - [1551/2583] Loss: 7.3643 Loss_contra: 0.1946
2026/04/15 16:22:36 - __main__ - INFO - 142 - trainer - [2068/2583] Loss: 7.3384 Loss_contra: 0.1718
2026/04/15 16:24:23 - __main__ - INFO - 152 - trainer - start predicting: 2026-04-15 16:24:23.958918
2026/04/15 16:29:58 - __main__ - INFO - 187 - trainer - {'Best_HR@5': 6.3619, 'Best_NDCG@5': 4.0997, 'Best_HR@10': 10.2401, 'Best_NDCG@10': 5.3438, 'Best_HR@20': 15.9471, 'Best_NDCG@20': 6.7779}
2026/04/15 16:29:58 - __main__ - INFO - 188 - trainer - {'Best_epoch_HR@5': 4, 'Best_epoch_NDCG@5': 4, 'Best_epoch_HR@10': 4, 'Best_epoch_NDCG@10': 4, 'Best_epoch_HR@20': 4, 'Best_epoch_NDCG@20': 4}
2026/04/15 16:29:58 - __main__ - INFO - 124 - trainer - Epoch: 5
2026/04/15 16:29:58 - __main__ - INFO - 142 - trainer - [0/2583] Loss: 7.3397 Loss_contra: 0.1650
2026/04/15 16:31:48 - __main__ - INFO - 142 - trainer - [517/2583] Loss: 7.2494 Loss_contra: 0.1698
2026/04/15 16:33:36 - __main__ - INFO - 142 - trainer - [1034/2583] Loss: 7.2726 Loss_contra: 0.1506
2026/04/15 16:35:23 - __main__ - INFO - 142 - trainer - [1551/2583] Loss: 7.3049 Loss_contra: 0.1672
2026/04/15 16:37:11 - __main__ - INFO - 142 - trainer - [2068/2583] Loss: 7.2911 Loss_contra: 0.1577
2026/04/15 16:38:59 - __main__ - INFO - 124 - trainer - Epoch: 6
2026/04/15 16:38:59 - __main__ - INFO - 142 - trainer - [0/2583] Loss: 7.2005 Loss_contra: 0.1615
2026/04/15 16:40:46 - __main__ - INFO - 142 - trainer - [517/2583] Loss: 7.2366 Loss_contra: 0.1588
2026/04/15 16:42:34 - __main__ - INFO - 142 - trainer - [1034/2583] Loss: 7.2098 Loss_contra: 0.1418
2026/04/15 16:44:22 - __main__ - INFO - 142 - trainer - [1551/2583] Loss: 7.0898 Loss_contra: 0.1329
2026/04/15 16:46:10 - __main__ - INFO - 142 - trainer - [2068/2583] Loss: 7.1941 Loss_contra: 0.1411
2026/04/15 16:47:57 - __main__ - INFO - 152 - trainer - start predicting: 2026-04-15 16:47:57.434608
2026/04/15 16:53:31 - __main__ - INFO - 187 - trainer - {'Best_HR@5': 6.7046, 'Best_NDCG@5': 4.3317, 'Best_HR@10': 10.7264, 'Best_NDCG@10': 5.6228, 'Best_HR@20': 16.6264, 'Best_NDCG@20': 7.1064}
2026/04/15 16:53:31 - __main__ - INFO - 188 - trainer - {'Best_epoch_HR@5': 6, 'Best_epoch_NDCG@5': 6, 'Best_epoch_HR@10': 6, 'Best_epoch_NDCG@10': 6, 'Best_epoch_HR@20': 6, 'Best_epoch_NDCG@20': 6}
2026/04/15 16:53:31 - __main__ - INFO - 124 - trainer - Epoch: 7
2026/04/15 16:53:32 - __main__ - INFO - 142 - trainer - [0/2583] Loss: 7.1870 Loss_contra: 0.1466
2026/04/15 16:55:22 - __main__ - INFO - 142 - trainer - [517/2583] Loss: 7.1962 Loss_contra: 0.1241
2026/04/15 16:57:09 - __main__ - INFO - 142 - trainer - [1034/2583] Loss: 7.2029 Loss_contra: 0.1237
2026/04/15 16:58:57 - __main__ - INFO - 142 - trainer - [1551/2583] Loss: 7.1991 Loss_contra: 0.1351
2026/04/15 17:00:45 - __main__ - INFO - 142 - trainer - [2068/2583] Loss: 7.1974 Loss_contra: 0.1235
2026/04/15 17:02:32 - __main__ - INFO - 124 - trainer - Epoch: 8
2026/04/15 17:02:33 - __main__ - INFO - 142 - trainer - [0/2583] Loss: 7.1953 Loss_contra: 0.1136
2026/04/15 17:04:20 - __main__ - INFO - 142 - trainer - [517/2583] Loss: 7.1627 Loss_contra: 0.1215
2026/04/15 17:06:08 - __main__ - INFO - 142 - trainer - [1034/2583] Loss: 7.1163 Loss_contra: 0.1186
2026/04/15 17:07:56 - __main__ - INFO - 142 - trainer - [1551/2583] Loss: 7.1994 Loss_contra: 0.1137
2026/04/15 17:09:44 - __main__ - INFO - 142 - trainer - [2068/2583] Loss: 7.1448 Loss_contra: 0.1158
2026/04/15 17:11:31 - __main__ - INFO - 152 - trainer - start predicting: 2026-04-15 17:11:31.556777
2026/04/15 17:17:05 - __main__ - INFO - 187 - trainer - {'Best_HR@5': 6.9458, 'Best_NDCG@5': 4.4773, 'Best_HR@10': 11.047, 'Best_NDCG@10': 5.7936, 'Best_HR@20': 17.0307, 'Best_NDCG@20': 7.2972}
2026/04/15 17:17:05 - __main__ - INFO - 188 - trainer - {'Best_epoch_HR@5': 8, 'Best_epoch_NDCG@5': 8, 'Best_epoch_HR@10': 8, 'Best_epoch_NDCG@10': 8, 'Best_epoch_HR@20': 8, 'Best_epoch_NDCG@20': 8}
2026/04/15 17:17:05 - __main__ - INFO - 124 - trainer - Epoch: 9
2026/04/15 17:17:06 - __main__ - INFO - 142 - trainer - [0/2583] Loss: 7.0832 Loss_contra: 0.1056
2026/04/15 17:18:56 - __main__ - INFO - 142 - trainer - [517/2583] Loss: 7.1040 Loss_contra: 0.1049
2026/04/15 17:20:43 - __main__ - INFO - 142 - trainer - [1034/2583] Loss: 7.1409 Loss_contra: 0.1062
2026/04/15 17:22:31 - __main__ - INFO - 142 - trainer - [1551/2583] Loss: 6.9807 Loss_contra: 0.1093
2026/04/15 17:24:19 - __main__ - INFO - 142 - trainer - [2068/2583] Loss: 7.0841 Loss_contra: 0.1080
2026/04/15 17:26:06 - __main__ - INFO - 124 - trainer - Epoch: 10
2026/04/15 17:26:06 - __main__ - INFO - 142 - trainer - [0/2583] Loss: 7.0850 Loss_contra: 0.1048
2026/04/15 17:27:54 - __main__ - INFO - 142 - trainer - [517/2583] Loss: 7.0522 Loss_contra: 0.1018
2026/04/15 17:29:42 - __main__ - INFO - 142 - trainer - [1034/2583] Loss: 7.0594 Loss_contra: 0.1016
2026/04/15 17:31:30 - __main__ - INFO - 142 - trainer - [1551/2583] Loss: 7.0684 Loss_contra: 0.1031
2026/04/15 17:33:17 - __main__ - INFO - 142 - trainer - [2068/2583] Loss: 7.1259 Loss_contra: 0.1131
2026/04/15 17:35:05 - __main__ - INFO - 152 - trainer - start predicting: 2026-04-15 17:35:05.097415
2026/04/15 17:40:39 - __main__ - INFO - 187 - trainer - {'Best_HR@5': 7.0206, 'Best_NDCG@5': 4.562, 'Best_HR@10': 11.2489, 'Best_NDCG@10': 5.9201, 'Best_HR@20': 17.2542, 'Best_NDCG@20': 7.4306}
2026/04/15 17:40:39 - __main__ - INFO - 188 - trainer - {'Best_epoch_HR@5': 10, 'Best_epoch_NDCG@5': 10, 'Best_epoch_HR@10': 10, 'Best_epoch_NDCG@10': 10, 'Best_epoch_HR@20': 10, 'Best_epoch_NDCG@20': 10}
2026/04/15 17:40:39 - __main__ - INFO - 124 - trainer - Epoch: 11
2026/04/15 17:40:39 - __main__ - INFO - 142 - trainer - [0/2583] Loss: 7.0089 Loss_contra: 0.1050
2026/04/15 17:42:30 - __main__ - INFO - 142 - trainer - [517/2583] Loss: 7.0454 Loss_contra: 0.1037
2026/04/15 17:44:17 - __main__ - INFO - 142 - trainer - [1034/2583] Loss: 7.0667 Loss_contra: 0.0927
2026/04/15 17:46:05 - __main__ - INFO - 142 - trainer - [1551/2583] Loss: 7.0528 Loss_contra: 0.0936
2026/04/15 17:47:53 - __main__ - INFO - 142 - trainer - [2068/2583] Loss: 7.1034 Loss_contra: 0.1002
2026/04/15 17:49:40 - __main__ - INFO - 124 - trainer - Epoch: 12
2026/04/15 17:49:40 - __main__ - INFO - 142 - trainer - [0/2583] Loss: 7.0917 Loss_contra: 0.0861
2026/04/15 17:51:28 - __main__ - INFO - 142 - trainer - [517/2583] Loss: 6.9828 Loss_contra: 0.0908
2026/04/15 17:53:16 - __main__ - INFO - 142 - trainer - [1034/2583] Loss: 7.0669 Loss_contra: 0.0959
2026/04/15 17:55:04 - __main__ - INFO - 142 - trainer - [1551/2583] Loss: 7.0048 Loss_contra: 0.0925
2026/04/15 17:56:52 - __main__ - INFO - 142 - trainer - [2068/2583] Loss: 7.0507 Loss_contra: 0.0875
2026/04/15 17:58:39 - __main__ - INFO - 152 - trainer - start predicting: 2026-04-15 17:58:39.187140
2026/04/15 18:04:13 - __main__ - INFO - 187 - trainer - {'Best_HR@5': 7.2208, 'Best_NDCG@5': 4.6962, 'Best_HR@10': 11.5122, 'Best_NDCG@10': 6.0739, 'Best_HR@20': 17.5628, 'Best_NDCG@20': 7.5944}
2026/04/15 18:04:13 - __main__ - INFO - 188 - trainer - {'Best_epoch_HR@5': 12, 'Best_epoch_NDCG@5': 12, 'Best_epoch_HR@10': 12, 'Best_epoch_NDCG@10': 12, 'Best_epoch_HR@20': 12, 'Best_epoch_NDCG@20': 12}
2026/04/15 18:04:13 - __main__ - INFO - 124 - trainer - Epoch: 13
2026/04/15 18:04:13 - __main__ - INFO - 142 - trainer - [0/2583] Loss: 6.8689 Loss_contra: 0.0935
2026/04/15 18:06:03 - __main__ - INFO - 142 - trainer - [517/2583] Loss: 7.0830 Loss_contra: 0.0852
2026/04/15 18:07:51 - __main__ - INFO - 142 - trainer - [1034/2583] Loss: 7.0403 Loss_contra: 0.0796
2026/04/15 18:09:39 - __main__ - INFO - 142 - trainer - [1551/2583] Loss: 7.0046 Loss_contra: 0.0832
2026/04/15 18:11:27 - __main__ - INFO - 142 - trainer - [2068/2583] Loss: 7.0649 Loss_contra: 0.0871
2026/04/15 18:13:14 - __main__ - INFO - 124 - trainer - Epoch: 14
2026/04/15 18:13:14 - __main__ - INFO - 142 - trainer - [0/2583] Loss: 7.1047 Loss_contra: 0.0855
2026/04/15 18:15:02 - __main__ - INFO - 142 - trainer - [517/2583] Loss: 7.0342 Loss_contra: 0.0792
2026/04/15 18:16:50 - __main__ - INFO - 142 - trainer - [1034/2583] Loss: 7.0408 Loss_contra: 0.0743
2026/04/15 18:18:37 - __main__ - INFO - 142 - trainer - [1551/2583] Loss: 6.9119 Loss_contra: 0.0842
2026/04/15 18:20:25 - __main__ - INFO - 142 - trainer - [2068/2583] Loss: 7.0283 Loss_contra: 0.0799
2026/04/15 18:22:13 - __main__ - INFO - 152 - trainer - start predicting: 2026-04-15 18:22:13.083723
2026/04/15 18:27:47 - __main__ - INFO - 187 - trainer - {'Best_HR@5': 7.2554, 'Best_NDCG@5': 4.6962, 'Best_HR@10': 11.5393, 'Best_NDCG@10': 6.0739, 'Best_HR@20': 17.6212, 'Best_NDCG@20': 7.5944}
2026/04/15 18:27:47 - __main__ - INFO - 188 - trainer - {'Best_epoch_HR@5': 14, 'Best_epoch_NDCG@5': 12, 'Best_epoch_HR@10': 14, 'Best_epoch_NDCG@10': 12, 'Best_epoch_HR@20': 14, 'Best_epoch_NDCG@20': 12}
2026/04/15 18:27:47 - __main__ - INFO - 124 - trainer - Epoch: 15
2026/04/15 18:27:47 - __main__ - INFO - 142 - trainer - [0/2583] Loss: 6.9322 Loss_contra: 0.0736
2026/04/15 18:29:37 - __main__ - INFO - 142 - trainer - [517/2583] Loss: 6.9287 Loss_contra: 0.0746
2026/04/15 18:31:24 - __main__ - INFO - 142 - trainer - [1034/2583] Loss: 7.0238 Loss_contra: 0.0787
2026/04/15 18:33:12 - __main__ - INFO - 142 - trainer - [1551/2583] Loss: 7.0273 Loss_contra: 0.0787
2026/04/15 18:35:00 - __main__ - INFO - 142 - trainer - [2068/2583] Loss: 7.1540 Loss_contra: 0.0711
2026/04/15 18:36:47 - __main__ - INFO - 124 - trainer - Epoch: 16
2026/04/15 18:36:47 - __main__ - INFO - 142 - trainer - [0/2583] Loss: 6.9438 Loss_contra: 0.0722
2026/04/15 18:38:35 - __main__ - INFO - 142 - trainer - [517/2583] Loss: 7.0139 Loss_contra: 0.0726
2026/04/15 18:40:23 - __main__ - INFO - 142 - trainer - [1034/2583] Loss: 7.0202 Loss_contra: 0.0720
2026/04/15 18:42:11 - __main__ - INFO - 142 - trainer - [1551/2583] Loss: 6.9379 Loss_contra: 0.0683
2026/04/15 18:43:59 - __main__ - INFO - 142 - trainer - [2068/2583] Loss: 7.0313 Loss_contra: 0.0709
2026/04/15 18:45:46 - __main__ - INFO - 152 - trainer - start predicting: 2026-04-15 18:45:46.679881
2026/04/15 18:51:21 - __main__ - INFO - 187 - trainer - {'Best_HR@5': 7.4045, 'Best_NDCG@5': 4.8126, 'Best_HR@10': 11.7072, 'Best_NDCG@10': 6.1946, 'Best_HR@20': 18.0292, 'Best_NDCG@20': 7.784}
2026/04/15 18:51:21 - __main__ - INFO - 188 - trainer - {'Best_epoch_HR@5': 16, 'Best_epoch_NDCG@5': 16, 'Best_epoch_HR@10': 16, 'Best_epoch_NDCG@10': 16, 'Best_epoch_HR@20': 16, 'Best_epoch_NDCG@20': 16}
2026/04/15 18:51:21 - __main__ - INFO - 124 - trainer - Epoch: 17
2026/04/15 18:51:21 - __main__ - INFO - 142 - trainer - [0/2583] Loss: 7.0110 Loss_contra: 0.0794
2026/04/15 18:53:11 - __main__ - INFO - 142 - trainer - [517/2583] Loss: 6.9185 Loss_contra: 0.0808
2026/04/15 18:54:59 - __main__ - INFO - 142 - trainer - [1034/2583] Loss: 6.9258 Loss_contra: 0.0716
2026/04/15 18:56:46 - __main__ - INFO - 142 - trainer - [1551/2583] Loss: 6.9558 Loss_contra: 0.0684
2026/04/15 18:58:34 - __main__ - INFO - 142 - trainer - [2068/2583] Loss: 7.0881 Loss_contra: 0.0702
2026/04/15 19:00:21 - __main__ - INFO - 124 - trainer - Epoch: 18
2026/04/15 19:00:22 - __main__ - INFO - 142 - trainer - [0/2583] Loss: 7.0696 Loss_contra: 0.0745
2026/04/15 19:02:09 - __main__ - INFO - 142 - trainer - [517/2583] Loss: 6.9603 Loss_contra: 0.0675
2026/04/15 19:03:57 - __main__ - INFO - 142 - trainer - [1034/2583] Loss: 6.9777 Loss_contra: 0.0672
2026/04/15 19:05:45 - __main__ - INFO - 142 - trainer - [1551/2583] Loss: 6.9788 Loss_contra: 0.0671
2026/04/15 19:07:33 - __main__ - INFO - 142 - trainer - [2068/2583] Loss: 7.0802 Loss_contra: 0.0734
2026/04/15 19:09:20 - __main__ - INFO - 152 - trainer - start predicting: 2026-04-15 19:09:20.677331
2026/04/15 19:14:54 - __main__ - INFO - 187 - trainer - {'Best_HR@5': 7.4045, 'Best_NDCG@5': 4.8126, 'Best_HR@10': 11.7317, 'Best_NDCG@10': 6.1946, 'Best_HR@20': 18.0292, 'Best_NDCG@20': 7.784}
2026/04/15 19:14:54 - __main__ - INFO - 188 - trainer - {'Best_epoch_HR@5': 16, 'Best_epoch_NDCG@5': 16, 'Best_epoch_HR@10': 18, 'Best_epoch_NDCG@10': 16, 'Best_epoch_HR@20': 16, 'Best_epoch_NDCG@20': 16}
2026/04/15 19:14:54 - __main__ - INFO - 124 - trainer - Epoch: 19
2026/04/15 19:14:55 - __main__ - INFO - 142 - trainer - [0/2583] Loss: 6.9414 Loss_contra: 0.0701
2026/04/15 19:16:45 - __main__ - INFO - 142 - trainer - [517/2583] Loss: 6.9242 Loss_contra: 0.0662
2026/04/15 19:18:32 - __main__ - INFO - 142 - trainer - [1034/2583] Loss: 6.8731 Loss_contra: 0.0619
2026/04/15 19:20:20 - __main__ - INFO - 142 - trainer - [1551/2583] Loss: 7.0169 Loss_contra: 0.0644
2026/04/15 19:22:08 - __main__ - INFO - 142 - trainer - [2068/2583] Loss: 6.9562 Loss_contra: 0.0582
2026/04/15 19:23:55 - __main__ - INFO - 124 - trainer - Epoch: 20
2026/04/15 19:23:56 - __main__ - INFO - 142 - trainer - [0/2583] Loss: 6.9206 Loss_contra: 0.0619
2026/04/15 19:25:43 - __main__ - INFO - 142 - trainer - [517/2583] Loss: 7.0516 Loss_contra: 0.0607
2026/04/15 19:27:31 - __main__ - INFO - 142 - trainer - [1034/2583] Loss: 7.0694 Loss_contra: 0.0658
2026/04/15 19:29:19 - __main__ - INFO - 142 - trainer - [1551/2583] Loss: 6.9962 Loss_contra: 0.0632
2026/04/15 19:31:07 - __main__ - INFO - 142 - trainer - [2068/2583] Loss: 7.0090 Loss_contra: 0.0584
2026/04/15 19:32:55 - __main__ - INFO - 152 - trainer - start predicting: 2026-04-15 19:32:55.059799
2026/04/15 19:38:29 - __main__ - INFO - 187 - trainer - {'Best_HR@5': 7.4191, 'Best_NDCG@5': 4.8266, 'Best_HR@10': 11.768, 'Best_NDCG@10': 6.223, 'Best_HR@20': 18.0292, 'Best_NDCG@20': 7.784}
2026/04/15 19:38:29 - __main__ - INFO - 188 - trainer - {'Best_epoch_HR@5': 20, 'Best_epoch_NDCG@5': 20, 'Best_epoch_HR@10': 20, 'Best_epoch_NDCG@10': 20, 'Best_epoch_HR@20': 16, 'Best_epoch_NDCG@20': 16}
2026/04/15 19:38:29 - __main__ - INFO - 124 - trainer - Epoch: 21
2026/04/15 19:38:29 - __main__ - INFO - 142 - trainer - [0/2583] Loss: 6.9024 Loss_contra: 0.0628
2026/04/15 19:40:19 - __main__ - INFO - 142 - trainer - [517/2583] Loss: 6.9048 Loss_contra: 0.0554
2026/04/15 19:42:06 - __main__ - INFO - 142 - trainer - [1034/2583] Loss: 7.0004 Loss_contra: 0.0579
2026/04/15 19:43:54 - __main__ - INFO - 142 - trainer - [1551/2583] Loss: 6.9403 Loss_contra: 0.0591
2026/04/15 19:45:42 - __main__ - INFO - 142 - trainer - [2068/2583] Loss: 6.8985 Loss_contra: 0.0565
2026/04/15 19:47:30 - __main__ - INFO - 124 - trainer - Epoch: 22
2026/04/15 19:47:30 - __main__ - INFO - 142 - trainer - [0/2583] Loss: 6.9301 Loss_contra: 0.0572
2026/04/15 19:49:17 - __main__ - INFO - 142 - trainer - [517/2583] Loss: 6.9092 Loss_contra: 0.0575
2026/04/15 19:51:05 - __main__ - INFO - 142 - trainer - [1034/2583] Loss: 6.9775 Loss_contra: 0.0557
2026/04/15 19:52:53 - __main__ - INFO - 142 - trainer - [1551/2583] Loss: 6.9221 Loss_contra: 0.0518
2026/04/15 19:54:41 - __main__ - INFO - 142 - trainer - [2068/2583] Loss: 6.8433 Loss_contra: 0.0525
2026/04/15 19:56:28 - __main__ - INFO - 152 - trainer - start predicting: 2026-04-15 19:56:28.649900
2026/04/15 20:02:03 - __main__ - INFO - 187 - trainer - {'Best_HR@5': 7.4564, 'Best_NDCG@5': 4.8266, 'Best_HR@10': 11.7917, 'Best_NDCG@10': 6.223, 'Best_HR@20': 18.0902, 'Best_NDCG@20': 7.793}
2026/04/15 20:02:03 - __main__ - INFO - 188 - trainer - {'Best_epoch_HR@5': 22, 'Best_epoch_NDCG@5': 20, 'Best_epoch_HR@10': 22, 'Best_epoch_NDCG@10': 20, 'Best_epoch_HR@20': 22, 'Best_epoch_NDCG@20': 22}
2026/04/15 20:02:03 - __main__ - INFO - 124 - trainer - Epoch: 23
2026/04/15 20:02:03 - __main__ - INFO - 142 - trainer - [0/2583] Loss: 6.8975 Loss_contra: 0.0550
2026/04/15 20:03:53 - __main__ - INFO - 142 - trainer - [517/2583] Loss: 6.9457 Loss_contra: 0.0572
2026/04/15 20:05:40 - __main__ - INFO - 142 - trainer - [1034/2583] Loss: 6.7131 Loss_contra: 0.0535
2026/04/15 20:07:28 - __main__ - INFO - 142 - trainer - [1551/2583] Loss: 6.9922 Loss_contra: 0.0514
2026/04/15 20:09:16 - __main__ - INFO - 142 - trainer - [2068/2583] Loss: 6.8239 Loss_contra: 0.0507
2026/04/15 20:11:03 - __main__ - INFO - 124 - trainer - Epoch: 24
2026/04/15 20:11:04 - __main__ - INFO - 142 - trainer - [0/2583] Loss: 6.8648 Loss_contra: 0.0501
2026/04/15 20:12:51 - __main__ - INFO - 142 - trainer - [517/2583] Loss: 6.9388 Loss_contra: 0.0580
2026/04/15 20:14:39 - __main__ - INFO - 142 - trainer - [1034/2583] Loss: 6.8472 Loss_contra: 0.0498
2026/04/15 20:16:27 - __main__ - INFO - 142 - trainer - [1551/2583] Loss: 6.9448 Loss_contra: 0.0542
2026/04/15 20:18:15 - __main__ - INFO - 142 - trainer - [2068/2583] Loss: 7.0149 Loss_contra: 0.0548
2026/04/15 20:20:02 - __main__ - INFO - 152 - trainer - start predicting: 2026-04-15 20:20:02.628257
2026/04/15 20:25:36 - __main__ - INFO - 187 - trainer - {'Best_HR@5': 7.5966, 'Best_NDCG@5': 4.9542, 'Best_HR@10': 12.0716, 'Best_NDCG@10': 6.391, 'Best_HR@20': 18.4022, 'Best_NDCG@20': 7.9826}
2026/04/15 20:25:36 - __main__ - INFO - 188 - trainer - {'Best_epoch_HR@5': 24, 'Best_epoch_NDCG@5': 24, 'Best_epoch_HR@10': 24, 'Best_epoch_NDCG@10': 24, 'Best_epoch_HR@20': 24, 'Best_epoch_NDCG@20': 24}
2026/04/15 20:25:36 - __main__ - INFO - 124 - trainer - Epoch: 25
2026/04/15 20:25:37 - __main__ - INFO - 142 - trainer - [0/2583] Loss: 6.8716 Loss_contra: 0.0570
2026/04/15 20:27:26 - __main__ - INFO - 142 - trainer - [517/2583] Loss: 6.9610 Loss_contra: 0.0468
2026/04/15 20:29:14 - __main__ - INFO - 142 - trainer - [1034/2583] Loss: 6.9250 Loss_contra: 0.0502
2026/04/15 20:31:02 - __main__ - INFO - 142 - trainer - [1551/2583] Loss: 6.8920 Loss_contra: 0.0549
2026/04/15 20:32:50 - __main__ - INFO - 142 - trainer - [2068/2583] Loss: 6.9344 Loss_contra: 0.0494
2026/04/15 20:34:37 - __main__ - INFO - 124 - trainer - Epoch: 26
2026/04/15 20:34:37 - __main__ - INFO - 142 - trainer - [0/2583] Loss: 6.8829 Loss_contra: 0.0522
2026/04/15 20:36:25 - __main__ - INFO - 142 - trainer - [517/2583] Loss: 6.7854 Loss_contra: 0.0535
2026/04/15 20:38:13 - __main__ - INFO - 142 - trainer - [1034/2583] Loss: 6.9177 Loss_contra: 0.0515
2026/04/15 20:40:01 - __main__ - INFO - 142 - trainer - [1551/2583] Loss: 6.8424 Loss_contra: 0.0486
2026/04/15 20:41:49 - __main__ - INFO - 142 - trainer - [2068/2583] Loss: 6.8706 Loss_contra: 0.0458
2026/04/15 20:43:36 - __main__ - INFO - 152 - trainer - start predicting: 2026-04-15 20:43:36.419214
2026/04/15 20:49:10 - __main__ - INFO - 124 - trainer - Epoch: 27
2026/04/15 20:49:11 - __main__ - INFO - 142 - trainer - [0/2583] Loss: 6.9694 Loss_contra: 0.0466
2026/04/15 20:51:00 - __main__ - INFO - 142 - trainer - [517/2583] Loss: 6.9545 Loss_contra: 0.0440
2026/04/15 20:52:48 - __main__ - INFO - 142 - trainer - [1034/2583] Loss: 6.8227 Loss_contra: 0.0441
2026/04/15 20:54:36 - __main__ - INFO - 142 - trainer - [1551/2583] Loss: 6.8241 Loss_contra: 0.0423
2026/04/15 20:56:24 - __main__ - INFO - 142 - trainer - [2068/2583] Loss: 6.9409 Loss_contra: 0.0471
2026/04/15 20:58:11 - __main__ - INFO - 124 - trainer - Epoch: 28
2026/04/15 20:58:11 - __main__ - INFO - 142 - trainer - [0/2583] Loss: 6.8491 Loss_contra: 0.0459
2026/04/15 20:59:59 - __main__ - INFO - 142 - trainer - [517/2583] Loss: 7.0351 Loss_contra: 0.0456
2026/04/15 21:01:47 - __main__ - INFO - 142 - trainer - [1034/2583] Loss: 7.0282 Loss_contra: 0.0480
2026/04/15 21:03:35 - __main__ - INFO - 142 - trainer - [1551/2583] Loss: 6.9165 Loss_contra: 0.0490
2026/04/15 21:05:23 - __main__ - INFO - 142 - trainer - [2068/2583] Loss: 6.8874 Loss_contra: 0.0461
2026/04/15 21:07:10 - __main__ - INFO - 152 - trainer - start predicting: 2026-04-15 21:07:10.314216
2026/04/15 21:12:45 - __main__ - INFO - 187 - trainer - {'Best_HR@5': 7.6218, 'Best_NDCG@5': 4.9542, 'Best_HR@10': 12.0932, 'Best_NDCG@10': 6.391, 'Best_HR@20': 18.4022, 'Best_NDCG@20': 7.9826}
2026/04/15 21:12:45 - __main__ - INFO - 188 - trainer - {'Best_epoch_HR@5': 28, 'Best_epoch_NDCG@5': 24, 'Best_epoch_HR@10': 28, 'Best_epoch_NDCG@10': 24, 'Best_epoch_HR@20': 24, 'Best_epoch_NDCG@20': 24}
2026/04/15 21:12:45 - __main__ - INFO - 124 - trainer - Epoch: 29
2026/04/15 21:12:45 - __main__ - INFO - 142 - trainer - [0/2583] Loss: 6.8488 Loss_contra: 0.0500
2026/04/15 21:14:34 - __main__ - INFO - 142 - trainer - [517/2583] Loss: 6.8260 Loss_contra: 0.0425
2026/04/15 21:16:22 - __main__ - INFO - 142 - trainer - [1034/2583] Loss: 6.9469 Loss_contra: 0.0411
2026/04/15 21:18:10 - __main__ - INFO - 142 - trainer - [1551/2583] Loss: 6.9125 Loss_contra: 0.0484
2026/04/15 21:19:58 - __main__ - INFO - 142 - trainer - [2068/2583] Loss: 6.8739 Loss_contra: 0.0443
2026/04/15 21:21:45 - __main__ - INFO - 124 - trainer - Epoch: 30
2026/04/15 21:21:45 - __main__ - INFO - 142 - trainer - [0/2583] Loss: 6.7475 Loss_contra: 0.0422
2026/04/15 21:23:33 - __main__ - INFO - 142 - trainer - [517/2583] Loss: 6.8492 Loss_contra: 0.0461
2026/04/15 21:25:21 - __main__ - INFO - 142 - trainer - [1034/2583] Loss: 6.9006 Loss_contra: 0.0441
2026/04/15 21:27:09 - __main__ - INFO - 142 - trainer - [1551/2583] Loss: 6.8608 Loss_contra: 0.0456
2026/04/15 21:28:57 - __main__ - INFO - 142 - trainer - [2068/2583] Loss: 6.8446 Loss_contra: 0.0401
2026/04/15 21:30:44 - __main__ - INFO - 152 - trainer - start predicting: 2026-04-15 21:30:44.241639
2026/04/15 21:36:18 - __main__ - INFO - 124 - trainer - Epoch: 31
2026/04/15 21:36:18 - __main__ - INFO - 142 - trainer - [0/2583] Loss: 6.9149 Loss_contra: 0.0414
2026/04/15 21:38:08 - __main__ - INFO - 142 - trainer - [517/2583] Loss: 6.7893 Loss_contra: 0.0390
2026/04/15 21:39:56 - __main__ - INFO - 142 - trainer - [1034/2583] Loss: 6.8966 Loss_contra: 0.0416
2026/04/15 21:41:44 - __main__ - INFO - 142 - trainer - [1551/2583] Loss: 6.9080 Loss_contra: 0.0423
2026/04/15 21:43:32 - __main__ - INFO - 142 - trainer - [2068/2583] Loss: 6.8412 Loss_contra: 0.0430
2026/04/15 21:45:19 - __main__ - INFO - 124 - trainer - Epoch: 32
2026/04/15 21:45:19 - __main__ - INFO - 142 - trainer - [0/2583] Loss: 6.9512 Loss_contra: 0.0386
2026/04/15 21:47:07 - __main__ - INFO - 142 - trainer - [517/2583] Loss: 6.8418 Loss_contra: 0.0362
2026/04/15 21:48:55 - __main__ - INFO - 142 - trainer - [1034/2583] Loss: 6.8842 Loss_contra: 0.0417
2026/04/15 21:50:43 - __main__ - INFO - 142 - trainer - [1551/2583] Loss: 6.8892 Loss_contra: 0.0424
2026/04/15 21:52:30 - __main__ - INFO - 142 - trainer - [2068/2583] Loss: 6.8767 Loss_contra: 0.0409
2026/04/15 21:54:18 - __main__ - INFO - 152 - trainer - start predicting: 2026-04-15 21:54:18.194303
2026/04/15 21:59:52 - __main__ - INFO - 187 - trainer - {'Best_HR@5': 7.7204, 'Best_NDCG@5': 5.0392, 'Best_HR@10': 12.2197, 'Best_NDCG@10': 6.4843, 'Best_HR@20': 18.5763, 'Best_NDCG@20': 8.0833}
2026/04/15 21:59:52 - __main__ - INFO - 188 - trainer - {'Best_epoch_HR@5': 32, 'Best_epoch_NDCG@5': 32, 'Best_epoch_HR@10': 32, 'Best_epoch_NDCG@10': 32, 'Best_epoch_HR@20': 32, 'Best_epoch_NDCG@20': 32}
2026/04/15 21:59:52 - __main__ - INFO - 124 - trainer - Epoch: 33
2026/04/15 21:59:53 - __main__ - INFO - 142 - trainer - [0/2583] Loss: 6.9071 Loss_contra: 0.0435
2026/04/15 22:01:42 - __main__ - INFO - 142 - trainer - [517/2583] Loss: 7.0002 Loss_contra: 0.0379
2026/04/15 22:03:30 - __main__ - INFO - 142 - trainer - [1034/2583] Loss: 6.9545 Loss_contra: 0.0419
2026/04/15 22:05:18 - __main__ - INFO - 142 - trainer - [1551/2583] Loss: 6.8680 Loss_contra: 0.0421
2026/04/15 22:07:05 - __main__ - INFO - 142 - trainer - [2068/2583] Loss: 6.9465 Loss_contra: 0.0424
2026/04/15 22:08:53 - __main__ - INFO - 124 - trainer - Epoch: 34
2026/04/15 22:08:53 - __main__ - INFO - 142 - trainer - [0/2583] Loss: 6.8521 Loss_contra: 0.0405
2026/04/15 22:10:40 - __main__ - INFO - 142 - trainer - [517/2583] Loss: 6.8243 Loss_contra: 0.0402
2026/04/15 22:12:28 - __main__ - INFO - 142 - trainer - [1034/2583] Loss: 6.8094 Loss_contra: 0.0407
2026/04/15 22:14:16 - __main__ - INFO - 142 - trainer - [1551/2583] Loss: 6.8101 Loss_contra: 0.0379
2026/04/15 22:16:04 - __main__ - INFO - 142 - trainer - [2068/2583] Loss: 6.8521 Loss_contra: 0.0410
2026/04/15 22:17:51 - __main__ - INFO - 152 - trainer - start predicting: 2026-04-15 22:17:51.708309
2026/04/15 22:23:30 - __main__ - INFO - 124 - trainer - Epoch: 35
2026/04/15 22:23:30 - __main__ - INFO - 142 - trainer - [0/2583] Loss: 6.8015 Loss_contra: 0.0404
2026/04/15 22:25:22 - __main__ - INFO - 142 - trainer - [517/2583] Loss: 6.8896 Loss_contra: 0.0362
2026/04/15 22:27:11 - __main__ - INFO - 142 - trainer - [1034/2583] Loss: 6.9216 Loss_contra: 0.0387
2026/04/15 22:29:00 - __main__ - INFO - 142 - trainer - [1551/2583] Loss: 6.8362 Loss_contra: 0.0382
2026/04/15 22:30:49 - __main__ - INFO - 142 - trainer - [2068/2583] Loss: 6.9353 Loss_contra: 0.0342
2026/04/15 22:32:38 - __main__ - INFO - 124 - trainer - Epoch: 36
2026/04/15 22:32:38 - __main__ - INFO - 142 - trainer - [0/2583] Loss: 6.8097 Loss_contra: 0.0356
2026/04/15 22:34:27 - __main__ - INFO - 142 - trainer - [517/2583] Loss: 6.8111 Loss_contra: 0.0374
2026/04/15 22:36:15 - __main__ - INFO - 142 - trainer - [1034/2583] Loss: 6.8449 Loss_contra: 0.0355
2026/04/15 22:38:03 - __main__ - INFO - 142 - trainer - [1551/2583] Loss: 6.8995 Loss_contra: 0.0359
2026/04/15 22:39:51 - __main__ - INFO - 142 - trainer - [2068/2583] Loss: 6.7480 Loss_contra: 0.0373
2026/04/15 22:41:38 - __main__ - INFO - 152 - trainer - start predicting: 2026-04-15 22:41:38.548409
2026/04/15 22:47:13 - __main__ - INFO - 187 - trainer - {'Best_HR@5': 7.7976, 'Best_NDCG@5': 5.0756, 'Best_HR@10': 12.2197, 'Best_NDCG@10': 6.4948, 'Best_HR@20': 18.6304, 'Best_NDCG@20': 8.106}
2026/04/15 22:47:13 - __main__ - INFO - 188 - trainer - {'Best_epoch_HR@5': 36, 'Best_epoch_NDCG@5': 36, 'Best_epoch_HR@10': 32, 'Best_epoch_NDCG@10': 36, 'Best_epoch_HR@20': 36, 'Best_epoch_NDCG@20': 36}
2026/04/15 22:47:13 - __main__ - INFO - 124 - trainer - Epoch: 37
2026/04/15 22:47:13 - __main__ - INFO - 142 - trainer - [0/2583] Loss: 6.7808 Loss_contra: 0.0390
2026/04/15 22:49:03 - __main__ - INFO - 142 - trainer - [517/2583] Loss: 6.8158 Loss_contra: 0.0383
2026/04/15 22:50:51 - __main__ - INFO - 142 - trainer - [1034/2583] Loss: 6.7995 Loss_contra: 0.0380
2026/04/15 22:52:38 - __main__ - INFO - 142 - trainer - [1551/2583] Loss: 6.8623 Loss_contra: 0.0336
2026/04/15 22:54:26 - __main__ - INFO - 142 - trainer - [2068/2583] Loss: 6.8017 Loss_contra: 0.0377
2026/04/15 22:56:13 - __main__ - INFO - 124 - trainer - Epoch: 38
2026/04/15 22:56:14 - __main__ - INFO - 142 - trainer - [0/2583] Loss: 6.9082 Loss_contra: 0.0346
2026/04/15 22:58:01 - __main__ - INFO - 142 - trainer - [517/2583] Loss: 6.8339 Loss_contra: 0.0329
2026/04/15 22:59:49 - __main__ - INFO - 142 - trainer - [1034/2583] Loss: 6.8406 Loss_contra: 0.0344
2026/04/15 23:01:37 - __main__ - INFO - 142 - trainer - [1551/2583] Loss: 6.9239 Loss_contra: 0.0349
2026/04/15 23:03:25 - __main__ - INFO - 142 - trainer - [2068/2583] Loss: 6.8163 Loss_contra: 0.0385
2026/04/15 23:05:12 - __main__ - INFO - 152 - trainer - start predicting: 2026-04-15 23:05:12.469267
2026/04/15 23:10:46 - __main__ - INFO - 124 - trainer - Epoch: 39
2026/04/15 23:10:47 - __main__ - INFO - 142 - trainer - [0/2583] Loss: 6.8485 Loss_contra: 0.0371
2026/04/15 23:12:36 - __main__ - INFO - 142 - trainer - [517/2583] Loss: 6.8536 Loss_contra: 0.0346
2026/04/15 23:14:24 - __main__ - INFO - 142 - trainer - [1034/2583] Loss: 6.8678 Loss_contra: 0.0355
2026/04/15 23:16:12 - __main__ - INFO - 142 - trainer - [1551/2583] Loss: 6.8360 Loss_contra: 0.0336
2026/04/15 23:18:00 - __main__ - INFO - 142 - trainer - [2068/2583] Loss: 6.8690 Loss_contra: 0.0335
2026/04/15 23:19:47 - __main__ - INFO - 124 - trainer - Epoch: 40
2026/04/15 23:19:47 - __main__ - INFO - 142 - trainer - [0/2583] Loss: 6.8828 Loss_contra: 0.0322
2026/04/15 23:21:35 - __main__ - INFO - 142 - trainer - [517/2583] Loss: 6.8787 Loss_contra: 0.0354
2026/04/15 23:23:23 - __main__ - INFO - 142 - trainer - [1034/2583] Loss: 6.8704 Loss_contra: 0.0313
2026/04/15 23:25:10 - __main__ - INFO - 142 - trainer - [1551/2583] Loss: 6.8316 Loss_contra: 0.0335
2026/04/15 23:26:58 - __main__ - INFO - 142 - trainer - [2068/2583] Loss: 6.8715 Loss_contra: 0.0340
2026/04/15 23:28:46 - __main__ - INFO - 152 - trainer - start predicting: 2026-04-15 23:28:46.090790
2026/04/15 23:34:20 - __main__ - INFO - 124 - trainer - Epoch: 41
2026/04/15 23:34:20 - __main__ - INFO - 142 - trainer - [0/2583] Loss: 6.8241 Loss_contra: 0.0336
2026/04/15 23:36:10 - __main__ - INFO - 142 - trainer - [517/2583] Loss: 6.7879 Loss_contra: 0.0298
2026/04/15 23:37:58 - __main__ - INFO - 142 - trainer - [1034/2583] Loss: 6.7795 Loss_contra: 0.0346
2026/04/15 23:39:46 - __main__ - INFO - 142 - trainer - [1551/2583] Loss: 6.7862 Loss_contra: 0.0313
2026/04/15 23:41:34 - __main__ - INFO - 142 - trainer - [2068/2583] Loss: 6.9127 Loss_contra: 0.0337
2026/04/15 23:43:21 - __main__ - INFO - 124 - trainer - Epoch: 42
2026/04/15 23:43:21 - __main__ - INFO - 142 - trainer - [0/2583] Loss: 6.7705 Loss_contra: 0.0306
2026/04/15 23:45:09 - __main__ - INFO - 142 - trainer - [517/2583] Loss: 6.8396 Loss_contra: 0.0312
2026/04/15 23:46:57 - __main__ - INFO - 142 - trainer - [1034/2583] Loss: 6.8755 Loss_contra: 0.0287
2026/04/15 23:48:44 - __main__ - INFO - 142 - trainer - [1551/2583] Loss: 6.8388 Loss_contra: 0.0310
2026/04/15 23:50:32 - __main__ - INFO - 142 - trainer - [2068/2583] Loss: 6.8786 Loss_contra: 0.0319
2026/04/15 23:52:19 - __main__ - INFO - 152 - trainer - start predicting: 2026-04-15 23:52:19.842862
2026/04/15 23:57:54 - __main__ - INFO - 187 - trainer - {'Best_HR@5': 7.7976, 'Best_NDCG@5': 5.0756, 'Best_HR@10': 12.281, 'Best_NDCG@10': 6.5051, 'Best_HR@20': 18.6777, 'Best_NDCG@20': 8.1128}
2026/04/15 23:57:54 - __main__ - INFO - 188 - trainer - {'Best_epoch_HR@5': 36, 'Best_epoch_NDCG@5': 36, 'Best_epoch_HR@10': 42, 'Best_epoch_NDCG@10': 42, 'Best_epoch_HR@20': 42, 'Best_epoch_NDCG@20': 42}
2026/04/15 23:57:54 - __main__ - INFO - 124 - trainer - Epoch: 43
2026/04/15 23:57:54 - __main__ - INFO - 142 - trainer - [0/2583] Loss: 6.7604 Loss_contra: 0.0338
2026/04/15 23:59:44 - __main__ - INFO - 142 - trainer - [517/2583] Loss: 6.8092 Loss_contra: 0.0301
2026/04/16 00:01:32 - __main__ - INFO - 142 - trainer - [1034/2583] Loss: 6.6699 Loss_contra: 0.0317
2026/04/16 00:03:19 - __main__ - INFO - 142 - trainer - [1551/2583] Loss: 6.8403 Loss_contra: 0.0328
2026/04/16 00:05:07 - __main__ - INFO - 142 - trainer - [2068/2583] Loss: 6.8433 Loss_contra: 0.0307
2026/04/16 00:06:54 - __main__ - INFO - 124 - trainer - Epoch: 44
2026/04/16 00:06:55 - __main__ - INFO - 142 - trainer - [0/2583] Loss: 6.9396 Loss_contra: 0.0283
2026/04/16 00:08:42 - __main__ - INFO - 142 - trainer - [517/2583] Loss: 6.8881 Loss_contra: 0.0289
2026/04/16 00:10:30 - __main__ - INFO - 142 - trainer - [1034/2583] Loss: 6.7619 Loss_contra: 0.0306
2026/04/16 00:12:18 - __main__ - INFO - 142 - trainer - [1551/2583] Loss: 6.8836 Loss_contra: 0.0303
2026/04/16 00:14:06 - __main__ - INFO - 142 - trainer - [2068/2583] Loss: 6.8796 Loss_contra: 0.0298
2026/04/16 00:15:53 - __main__ - INFO - 152 - trainer - start predicting: 2026-04-16 00:15:53.692877
2026/04/16 00:21:28 - __main__ - INFO - 124 - trainer - Epoch: 45
2026/04/16 00:21:28 - __main__ - INFO - 142 - trainer - [0/2583] Loss: 6.8020 Loss_contra: 0.0298
2026/04/16 00:23:18 - __main__ - INFO - 142 - trainer - [517/2583] Loss: 6.9036 Loss_contra: 0.0314
2026/04/16 00:25:05 - __main__ - INFO - 142 - trainer - [1034/2583] Loss: 6.8297 Loss_contra: 0.0282
2026/04/16 00:26:53 - __main__ - INFO - 142 - trainer - [1551/2583] Loss: 6.8022 Loss_contra: 0.0319
2026/04/16 00:28:41 - __main__ - INFO - 142 - trainer - [2068/2583] Loss: 6.9220 Loss_contra: 0.0323
2026/04/16 00:30:29 - __main__ - INFO - 124 - trainer - Epoch: 46
2026/04/16 00:30:29 - __main__ - INFO - 142 - trainer - [0/2583] Loss: 6.7958 Loss_contra: 0.0299
2026/04/16 00:32:16 - __main__ - INFO - 142 - trainer - [517/2583] Loss: 6.6425 Loss_contra: 0.0280
2026/04/16 00:34:04 - __main__ - INFO - 142 - trainer - [1034/2583] Loss: 6.8486 Loss_contra: 0.0277
2026/04/16 00:35:52 - __main__ - INFO - 142 - trainer - [1551/2583] Loss: 6.7632 Loss_contra: 0.0300
2026/04/16 00:37:40 - __main__ - INFO - 142 - trainer - [2068/2583] Loss: 6.7174 Loss_contra: 0.0319
2026/04/16 00:39:27 - __main__ - INFO - 152 - trainer - start predicting: 2026-04-16 00:39:27.319798
2026/04/16 00:45:01 - __main__ - INFO - 124 - trainer - Epoch: 47
2026/04/16 00:45:01 - __main__ - INFO - 142 - trainer - [0/2583] Loss: 6.8182 Loss_contra: 0.0291
2026/04/16 00:46:51 - __main__ - INFO - 142 - trainer - [517/2583] Loss: 6.7254 Loss_contra: 0.0278
2026/04/16 00:48:39 - __main__ - INFO - 142 - trainer - [1034/2583] Loss: 6.9017 Loss_contra: 0.0271
2026/04/16 00:50:27 - __main__ - INFO - 142 - trainer - [1551/2583] Loss: 6.8009 Loss_contra: 0.0307
2026/04/16 00:52:14 - __main__ - INFO - 142 - trainer - [2068/2583] Loss: 6.7826 Loss_contra: 0.0286
2026/04/16 00:54:02 - __main__ - INFO - 124 - trainer - Epoch: 48
2026/04/16 00:54:02 - __main__ - INFO - 142 - trainer - [0/2583] Loss: 6.8129 Loss_contra: 0.0294
2026/04/16 00:55:49 - __main__ - INFO - 142 - trainer - [517/2583] Loss: 6.7923 Loss_contra: 0.0294
2026/04/16 00:57:37 - __main__ - INFO - 142 - trainer - [1034/2583] Loss: 6.8570 Loss_contra: 0.0313
2026/04/16 00:59:25 - __main__ - INFO - 142 - trainer - [1551/2583] Loss: 6.8219 Loss_contra: 0.0284
2026/04/16 01:01:13 - __main__ - INFO - 142 - trainer - [2068/2583] Loss: 6.8829 Loss_contra: 0.0291
2026/04/16 01:03:00 - __main__ - INFO - 152 - trainer - start predicting: 2026-04-16 01:03:00.774232
2026/04/16 01:08:34 - __main__ - INFO - 124 - trainer - Epoch: 49
2026/04/16 01:08:35 - __main__ - INFO - 142 - trainer - [0/2583] Loss: 6.7568 Loss_contra: 0.0279
2026/04/16 01:10:25 - __main__ - INFO - 142 - trainer - [517/2583] Loss: 6.8234 Loss_contra: 0.0266
2026/04/16 01:12:12 - __main__ - INFO - 142 - trainer - [1034/2583] Loss: 6.7068 Loss_contra: 0.0272
2026/04/16 01:14:00 - __main__ - INFO - 142 - trainer - [1551/2583] Loss: 6.8219 Loss_contra: 0.0276
2026/04/16 01:15:48 - __main__ - INFO - 142 - trainer - [2068/2583] Loss: 6.8103 Loss_contra: 0.0274
2026/04/16 01:17:35 - __main__ - INFO - 124 - trainer - Epoch: 50
2026/04/16 01:17:35 - __main__ - INFO - 142 - trainer - [0/2583] Loss: 6.6900 Loss_contra: 0.0264
2026/04/16 01:19:23 - __main__ - INFO - 142 - trainer - [517/2583] Loss: 6.7941 Loss_contra: 0.0268
2026/04/16 01:21:11 - __main__ - INFO - 142 - trainer - [1034/2583] Loss: 6.7978 Loss_contra: 0.0278
2026/04/16 01:22:59 - __main__ - INFO - 142 - trainer - [1551/2583] Loss: 6.7955 Loss_contra: 0.0269
2026/04/16 01:24:47 - __main__ - INFO - 142 - trainer - [2068/2583] Loss: 6.8424 Loss_contra: 0.0277
2026/04/16 01:26:34 - __main__ - INFO - 152 - trainer - start predicting: 2026-04-16 01:26:34.576687
2026/04/16 01:32:08 - __main__ - INFO - 124 - trainer - Epoch: 51
2026/04/16 01:32:08 - __main__ - INFO - 142 - trainer - [0/2583] Loss: 6.8882 Loss_contra: 0.0276
2026/04/16 01:33:58 - __main__ - INFO - 142 - trainer - [517/2583] Loss: 6.6730 Loss_contra: 0.0278
2026/04/16 01:35:46 - __main__ - INFO - 142 - trainer - [1034/2583] Loss: 6.9039 Loss_contra: 0.0262
2026/04/16 01:37:34 - __main__ - INFO - 142 - trainer - [1551/2583] Loss: 6.8707 Loss_contra: 0.0305
2026/04/16 01:39:22 - __main__ - INFO - 142 - trainer - [2068/2583] Loss: 6.8517 Loss_contra: 0.0262
2026/04/16 01:41:11 - __main__ - INFO - 124 - trainer - Epoch: 52
2026/04/16 01:41:11 - __main__ - INFO - 142 - trainer - [0/2583] Loss: 6.7888 Loss_contra: 0.0261
2026/04/16 01:43:00 - __main__ - INFO - 142 - trainer - [517/2583] Loss: 6.8066 Loss_contra: 0.0272
2026/04/16 01:44:50 - __main__ - INFO - 142 - trainer - [1034/2583] Loss: 6.7578 Loss_contra: 0.0256
2026/04/16 01:46:39 - __main__ - INFO - 142 - trainer - [1551/2583] Loss: 6.8302 Loss_contra: 0.0262
2026/04/16 01:48:28 - __main__ - INFO - 142 - trainer - [2068/2583] Loss: 6.8356 Loss_contra: 0.0247
2026/04/16 01:50:17 - __main__ - INFO - 152 - trainer - start predicting: 2026-04-16 01:50:17.577395
2026/04/16 01:55:55 - __main__ - INFO - 124 - trainer - Epoch: 53
2026/04/16 01:55:55 - __main__ - INFO - 142 - trainer - [0/2583] Loss: 6.8611 Loss_contra: 0.0259
2026/04/16 01:57:45 - __main__ - INFO - 142 - trainer - [517/2583] Loss: 6.8314 Loss_contra: 0.0264
2026/04/16 01:59:33 - __main__ - INFO - 142 - trainer - [1034/2583] Loss: 6.8691 Loss_contra: 0.0244
2026/04/16 02:01:20 - __main__ - INFO - 142 - trainer - [1551/2583] Loss: 6.7638 Loss_contra: 0.0272
2026/04/16 02:03:08 - __main__ - INFO - 142 - trainer - [2068/2583] Loss: 6.8836 Loss_contra: 0.0258
2026/04/16 02:04:55 - __main__ - INFO - 124 - trainer - Epoch: 54
2026/04/16 02:04:56 - __main__ - INFO - 142 - trainer - [0/2583] Loss: 6.6340 Loss_contra: 0.0257
2026/04/16 02:06:43 - __main__ - INFO - 142 - trainer - [517/2583] Loss: 6.7966 Loss_contra: 0.0273
2026/04/16 02:08:31 - __main__ - INFO - 142 - trainer - [1034/2583] Loss: 6.7275 Loss_contra: 0.0242
2026/04/16 02:10:19 - __main__ - INFO - 142 - trainer - [1551/2583] Loss: 6.8915 Loss_contra: 0.0252
2026/04/16 02:12:07 - __main__ - INFO - 142 - trainer - [2068/2583] Loss: 6.7803 Loss_contra: 0.0271
2026/04/16 02:13:54 - __main__ - INFO - 152 - trainer - start predicting: 2026-04-16 02:13:54.591537
2026/04/16 02:19:28 - __main__ - INFO - 187 - trainer - {'Best_HR@5': 7.7976, 'Best_NDCG@5': 5.0811, 'Best_HR@10': 12.3019, 'Best_NDCG@10': 6.5322, 'Best_HR@20': 18.6975, 'Best_NDCG@20': 8.1386}
2026/04/16 02:19:28 - __main__ - INFO - 188 - trainer - {'Best_epoch_HR@5': 36, 'Best_epoch_NDCG@5': 54, 'Best_epoch_HR@10': 54, 'Best_epoch_NDCG@10': 54, 'Best_epoch_HR@20': 54, 'Best_epoch_NDCG@20': 54}
2026/04/16 02:19:28 - __main__ - INFO - 124 - trainer - Epoch: 55
2026/04/16 02:19:28 - __main__ - INFO - 142 - trainer - [0/2583] Loss: 6.8325 Loss_contra: 0.0263
2026/04/16 02:21:19 - __main__ - INFO - 142 - trainer - [517/2583] Loss: 6.8396 Loss_contra: 0.0256
2026/04/16 02:23:06 - __main__ - INFO - 142 - trainer - [1034/2583] Loss: 6.7689 Loss_contra: 0.0248
2026/04/16 02:24:54 - __main__ - INFO - 142 - trainer - [1551/2583] Loss: 6.8585 Loss_contra: 0.0254
2026/04/16 02:26:42 - __main__ - INFO - 142 - trainer - [2068/2583] Loss: 6.8462 Loss_contra: 0.0247
2026/04/16 02:28:30 - __main__ - INFO - 124 - trainer - Epoch: 56
2026/04/16 02:28:30 - __main__ - INFO - 142 - trainer - [0/2583] Loss: 6.8587 Loss_contra: 0.0254
2026/04/16 02:30:17 - __main__ - INFO - 142 - trainer - [517/2583] Loss: 6.6777 Loss_contra: 0.0236
2026/04/16 02:32:05 - __main__ - INFO - 142 - trainer - [1034/2583] Loss: 6.8022 Loss_contra: 0.0252
2026/04/16 02:33:53 - __main__ - INFO - 142 - trainer - [1551/2583] Loss: 6.8192 Loss_contra: 0.0265
2026/04/16 02:35:41 - __main__ - INFO - 142 - trainer - [2068/2583] Loss: 6.8499 Loss_contra: 0.0232
2026/04/16 02:37:28 - __main__ - INFO - 152 - trainer - start predicting: 2026-04-16 02:37:28.333046
2026/04/16 02:43:01 - __main__ - INFO - 187 - trainer - {'Best_HR@5': 7.8139, 'Best_NDCG@5': 5.1012, 'Best_HR@10': 12.3165, 'Best_NDCG@10': 6.5465, 'Best_HR@20': 18.7318, 'Best_NDCG@20': 8.1589}
2026/04/16 02:43:01 - __main__ - INFO - 188 - trainer - {'Best_epoch_HR@5': 56, 'Best_epoch_NDCG@5': 56, 'Best_epoch_HR@10': 56, 'Best_epoch_NDCG@10': 56, 'Best_epoch_HR@20': 56, 'Best_epoch_NDCG@20': 56}
2026/04/16 02:43:01 - __main__ - INFO - 124 - trainer - Epoch: 57
2026/04/16 02:43:02 - __main__ - INFO - 142 - trainer - [0/2583] Loss: 6.7616 Loss_contra: 0.0268
2026/04/16 02:44:52 - __main__ - INFO - 142 - trainer - [517/2583] Loss: 6.7498 Loss_contra: 0.0244
2026/04/16 02:46:40 - __main__ - INFO - 142 - trainer - [1034/2583] Loss: 6.8310 Loss_contra: 0.0233
2026/04/16 02:48:28 - __main__ - INFO - 142 - trainer - [1551/2583] Loss: 6.8522 Loss_contra: 0.0233
2026/04/16 02:50:16 - __main__ - INFO - 142 - trainer - [2068/2583] Loss: 6.7995 Loss_contra: 0.0238
2026/04/16 02:52:03 - __main__ - INFO - 124 - trainer - Epoch: 58
2026/04/16 02:52:03 - __main__ - INFO - 142 - trainer - [0/2583] Loss: 6.8336 Loss_contra: 0.0243
2026/04/16 02:53:50 - __main__ - INFO - 142 - trainer - [517/2583] Loss: 6.8838 Loss_contra: 0.0239
2026/04/16 02:55:38 - __main__ - INFO - 142 - trainer - [1034/2583] Loss: 6.7993 Loss_contra: 0.0246
2026/04/16 02:57:26 - __main__ - INFO - 142 - trainer - [1551/2583] Loss: 6.8035 Loss_contra: 0.0257
2026/04/16 02:59:14 - __main__ - INFO - 142 - trainer - [2068/2583] Loss: 6.8267 Loss_contra: 0.0278
2026/04/16 03:01:01 - __main__ - INFO - 152 - trainer - start predicting: 2026-04-16 03:01:01.745750
2026/04/16 03:06:35 - __main__ - INFO - 187 - trainer - {'Best_HR@5': 7.8618, 'Best_NDCG@5': 5.1353, 'Best_HR@10': 12.357, 'Best_NDCG@10': 6.5777, 'Best_HR@20': 18.79, 'Best_NDCG@20': 8.1951}
2026/04/16 03:06:35 - __main__ - INFO - 188 - trainer - {'Best_epoch_HR@5': 58, 'Best_epoch_NDCG@5': 58, 'Best_epoch_HR@10': 58, 'Best_epoch_NDCG@10': 58, 'Best_epoch_HR@20': 58, 'Best_epoch_NDCG@20': 58}
2026/04/16 03:06:35 - __main__ - INFO - 124 - trainer - Epoch: 59
2026/04/16 03:06:35 - __main__ - INFO - 142 - trainer - [0/2583] Loss: 6.7877 Loss_contra: 0.0255
2026/04/16 03:08:26 - __main__ - INFO - 142 - trainer - [517/2583] Loss: 6.8069 Loss_contra: 0.0235
2026/04/16 03:10:13 - __main__ - INFO - 142 - trainer - [1034/2583] Loss: 6.8291 Loss_contra: 0.0246
2026/04/16 03:12:01 - __main__ - INFO - 142 - trainer - [1551/2583] Loss: 6.7340 Loss_contra: 0.0248
2026/04/16 03:13:49 - __main__ - INFO - 142 - trainer - [2068/2583] Loss: 6.7680 Loss_contra: 0.0229
2026/04/16 03:15:36 - __main__ - INFO - 124 - trainer - Epoch: 60
2026/04/16 03:15:36 - __main__ - INFO - 142 - trainer - [0/2583] Loss: 6.7905 Loss_contra: 0.0238
2026/04/16 03:17:24 - __main__ - INFO - 142 - trainer - [517/2583] Loss: 6.7437 Loss_contra: 0.0231
2026/04/16 03:19:12 - __main__ - INFO - 142 - trainer - [1034/2583] Loss: 6.8471 Loss_contra: 0.0231
2026/04/16 03:21:00 - __main__ - INFO - 142 - trainer - [1551/2583] Loss: 6.7926 Loss_contra: 0.0230
2026/04/16 03:22:48 - __main__ - INFO - 142 - trainer - [2068/2583] Loss: 6.8066 Loss_contra: 0.0249
2026/04/16 03:24:35 - __main__ - INFO - 152 - trainer - start predicting: 2026-04-16 03:24:35.399602
2026/04/16 03:30:09 - __main__ - INFO - 124 - trainer - Epoch: 61
2026/04/16 03:30:09 - __main__ - INFO - 142 - trainer - [0/2583] Loss: 6.7761 Loss_contra: 0.0239
2026/04/16 03:31:59 - __main__ - INFO - 142 - trainer - [517/2583] Loss: 6.7716 Loss_contra: 0.0229
2026/04/16 03:33:47 - __main__ - INFO - 142 - trainer - [1034/2583] Loss: 6.7998 Loss_contra: 0.0237
2026/04/16 03:35:35 - __main__ - INFO - 142 - trainer - [1551/2583] Loss: 6.7790 Loss_contra: 0.0211
2026/04/16 03:37:23 - __main__ - INFO - 142 - trainer - [2068/2583] Loss: 6.7613 Loss_contra: 0.0245
2026/04/16 03:39:10 - __main__ - INFO - 124 - trainer - Epoch: 62
2026/04/16 03:39:10 - __main__ - INFO - 142 - trainer - [0/2583] Loss: 6.8533 Loss_contra: 0.0230
2026/04/16 03:40:58 - __main__ - INFO - 142 - trainer - [517/2583] Loss: 6.8543 Loss_contra: 0.0237
2026/04/16 03:42:45 - __main__ - INFO - 142 - trainer - [1034/2583] Loss: 6.7876 Loss_contra: 0.0228
2026/04/16 03:44:33 - __main__ - INFO - 142 - trainer - [1551/2583] Loss: 6.6902 Loss_contra: 0.0232
2026/04/16 03:46:21 - __main__ - INFO - 142 - trainer - [2068/2583] Loss: 6.8213 Loss_contra: 0.0214
2026/04/16 03:48:08 - __main__ - INFO - 152 - trainer - start predicting: 2026-04-16 03:48:08.737527
2026/04/16 03:53:42 - __main__ - INFO - 124 - trainer - Epoch: 63
2026/04/16 03:53:42 - __main__ - INFO - 142 - trainer - [0/2583] Loss: 6.7084 Loss_contra: 0.0223
2026/04/16 03:55:33 - __main__ - INFO - 142 - trainer - [517/2583] Loss: 6.6950 Loss_contra: 0.0247
2026/04/16 03:57:21 - __main__ - INFO - 142 - trainer - [1034/2583] Loss: 6.8310 Loss_contra: 0.0232
2026/04/16 03:59:08 - __main__ - INFO - 142 - trainer - [1551/2583] Loss: 6.7963 Loss_contra: 0.0241
2026/04/16 04:00:56 - __main__ - INFO - 142 - trainer - [2068/2583] Loss: 6.8338 Loss_contra: 0.0228
2026/04/16 04:02:44 - __main__ - INFO - 124 - trainer - Epoch: 64
2026/04/16 04:02:44 - __main__ - INFO - 142 - trainer - [0/2583] Loss: 6.7894 Loss_contra: 0.0231
2026/04/16 04:04:32 - __main__ - INFO - 142 - trainer - [517/2583] Loss: 6.7647 Loss_contra: 0.0222
2026/04/16 04:06:19 - __main__ - INFO - 142 - trainer - [1034/2583] Loss: 6.7874 Loss_contra: 0.0221
2026/04/16 04:08:07 - __main__ - INFO - 142 - trainer - [1551/2583] Loss: 6.8355 Loss_contra: 0.0215
2026/04/16 04:09:55 - __main__ - INFO - 142 - trainer - [2068/2583] Loss: 6.7773 Loss_contra: 0.0212
2026/04/16 04:11:42 - __main__ - INFO - 152 - trainer - start predicting: 2026-04-16 04:11:42.874727
2026/04/16 04:17:17 - __main__ - INFO - 124 - trainer - Epoch: 65
2026/04/16 04:17:17 - __main__ - INFO - 142 - trainer - [0/2583] Loss: 6.8169 Loss_contra: 0.0245
2026/04/16 04:19:07 - __main__ - INFO - 142 - trainer - [517/2583] Loss: 6.7076 Loss_contra: 0.0217
2026/04/16 04:20:55 - __main__ - INFO - 142 - trainer - [1034/2583] Loss: 6.7702 Loss_contra: 0.0239
2026/04/16 04:22:43 - __main__ - INFO - 142 - trainer - [1551/2583] Loss: 6.8159 Loss_contra: 0.0233
2026/04/16 04:24:30 - __main__ - INFO - 142 - trainer - [2068/2583] Loss: 6.8318 Loss_contra: 0.0217
2026/04/16 04:26:18 - __main__ - INFO - 124 - trainer - Epoch: 66
2026/04/16 04:26:18 - __main__ - INFO - 142 - trainer - [0/2583] Loss: 6.7512 Loss_contra: 0.0235
2026/04/16 04:28:05 - __main__ - INFO - 142 - trainer - [517/2583] Loss: 6.8429 Loss_contra: 0.0227
2026/04/16 04:29:53 - __main__ - INFO - 142 - trainer - [1034/2583] Loss: 6.7159 Loss_contra: 0.0221
2026/04/16 04:31:41 - __main__ - INFO - 142 - trainer - [1551/2583] Loss: 6.7132 Loss_contra: 0.0243
2026/04/16 04:33:29 - __main__ - INFO - 142 - trainer - [2068/2583] Loss: 6.7447 Loss_contra: 0.0216
2026/04/16 04:35:16 - __main__ - INFO - 152 - trainer - start predicting: 2026-04-16 04:35:16.497001
2026/04/16 04:40:50 - __main__ - INFO - 124 - trainer - Epoch: 67
2026/04/16 04:40:50 - __main__ - INFO - 142 - trainer - [0/2583] Loss: 6.8095 Loss_contra: 0.0233
2026/04/16 04:42:40 - __main__ - INFO - 142 - trainer - [517/2583] Loss: 6.8698 Loss_contra: 0.0212
2026/04/16 04:44:28 - __main__ - INFO - 142 - trainer - [1034/2583] Loss: 6.7698 Loss_contra: 0.0209
2026/04/16 04:46:16 - __main__ - INFO - 142 - trainer - [1551/2583] Loss: 6.8323 Loss_contra: 0.0220
2026/04/16 04:48:04 - __main__ - INFO - 142 - trainer - [2068/2583] Loss: 6.8046 Loss_contra: 0.0218
2026/04/16 04:49:51 - __main__ - INFO - 124 - trainer - Epoch: 68
2026/04/16 04:49:51 - __main__ - INFO - 142 - trainer - [0/2583] Loss: 6.7376 Loss_contra: 0.0227
2026/04/16 04:51:39 - __main__ - INFO - 142 - trainer - [517/2583] Loss: 6.7530 Loss_contra: 0.0206
2026/04/16 04:53:27 - __main__ - INFO - 142 - trainer - [1034/2583] Loss: 6.8222 Loss_contra: 0.0211
2026/04/16 04:55:15 - __main__ - INFO - 142 - trainer - [1551/2583] Loss: 6.7810 Loss_contra: 0.0209
2026/04/16 04:57:02 - __main__ - INFO - 142 - trainer - [2068/2583] Loss: 6.8092 Loss_contra: 0.0233
2026/04/16 04:58:50 - __main__ - INFO - 152 - trainer - start predicting: 2026-04-16 04:58:50.128692
2026/04/16 05:04:23 - __main__ - INFO - 124 - trainer - Epoch: 69
2026/04/16 05:04:24 - __main__ - INFO - 142 - trainer - [0/2583] Loss: 6.7967 Loss_contra: 0.0219
2026/04/16 05:06:14 - __main__ - INFO - 142 - trainer - [517/2583] Loss: 6.8922 Loss_contra: 0.0211
2026/04/16 05:08:02 - __main__ - INFO - 142 - trainer - [1034/2583] Loss: 6.7413 Loss_contra: 0.0193
2026/04/16 05:09:50 - __main__ - INFO - 142 - trainer - [1551/2583] Loss: 6.7797 Loss_contra: 0.0214
2026/04/16 05:11:38 - __main__ - INFO - 142 - trainer - [2068/2583] Loss: 6.7943 Loss_contra: 0.0208
2026/04/16 05:13:25 - __main__ - INFO - 124 - trainer - Epoch: 70
2026/04/16 05:13:25 - __main__ - INFO - 142 - trainer - [0/2583] Loss: 6.8184 Loss_contra: 0.0228
2026/04/16 05:15:13 - __main__ - INFO - 142 - trainer - [517/2583] Loss: 6.7138 Loss_contra: 0.0204
2026/04/16 05:17:01 - __main__ - INFO - 142 - trainer - [1034/2583] Loss: 6.7436 Loss_contra: 0.0231
2026/04/16 05:18:48 - __main__ - INFO - 142 - trainer - [1551/2583] Loss: 6.7513 Loss_contra: 0.0194
2026/04/16 05:20:36 - __main__ - INFO - 142 - trainer - [2068/2583] Loss: 6.7499 Loss_contra: 0.0214
2026/04/16 05:22:23 - __main__ - INFO - 152 - trainer - start predicting: 2026-04-16 05:22:23.983807
2026/04/16 05:27:57 - __main__ - INFO - 124 - trainer - Epoch: 71
2026/04/16 05:27:58 - __main__ - INFO - 142 - trainer - [0/2583] Loss: 6.6913 Loss_contra: 0.0221
2026/04/16 05:29:48 - __main__ - INFO - 142 - trainer - [517/2583] Loss: 6.7351 Loss_contra: 0.0201
2026/04/16 05:31:36 - __main__ - INFO - 142 - trainer - [1034/2583] Loss: 6.6634 Loss_contra: 0.0213
2026/04/16 05:33:23 - __main__ - INFO - 142 - trainer - [1551/2583] Loss: 6.8279 Loss_contra: 0.0210
2026/04/16 05:35:11 - __main__ - INFO - 142 - trainer - [2068/2583] Loss: 6.7516 Loss_contra: 0.0202
2026/04/16 05:36:59 - __main__ - INFO - 124 - trainer - Epoch: 72
2026/04/16 05:36:59 - __main__ - INFO - 142 - trainer - [0/2583] Loss: 6.7145 Loss_contra: 0.0198
2026/04/16 05:38:46 - __main__ - INFO - 142 - trainer - [517/2583] Loss: 6.7877 Loss_contra: 0.0212
2026/04/16 05:40:34 - __main__ - INFO - 142 - trainer - [1034/2583] Loss: 6.7492 Loss_contra: 0.0209
2026/04/16 05:42:22 - __main__ - INFO - 142 - trainer - [1551/2583] Loss: 6.8809 Loss_contra: 0.0196
2026/04/16 05:44:10 - __main__ - INFO - 142 - trainer - [2068/2583] Loss: 6.8006 Loss_contra: 0.0203
2026/04/16 05:45:57 - __main__ - INFO - 152 - trainer - start predicting: 2026-04-16 05:45:57.443613
2026/04/16 05:51:30 - __main__ - INFO - 124 - trainer - Epoch: 73
2026/04/16 05:51:31 - __main__ - INFO - 142 - trainer - [0/2583] Loss: 6.7153 Loss_contra: 0.0210
2026/04/16 05:53:21 - __main__ - INFO - 142 - trainer - [517/2583] Loss: 6.7598 Loss_contra: 0.0179
2026/04/16 05:55:09 - __main__ - INFO - 142 - trainer - [1034/2583] Loss: 6.9248 Loss_contra: 0.0186
2026/04/16 05:56:57 - __main__ - INFO - 142 - trainer - [1551/2583] Loss: 6.7109 Loss_contra: 0.0200
2026/04/16 05:58:44 - __main__ - INFO - 142 - trainer - [2068/2583] Loss: 6.7245 Loss_contra: 0.0198
2026/04/16 06:00:32 - __main__ - INFO - 124 - trainer - Epoch: 74
2026/04/16 06:00:32 - __main__ - INFO - 142 - trainer - [0/2583] Loss: 6.7444 Loss_contra: 0.0213
2026/04/16 06:02:20 - __main__ - INFO - 142 - trainer - [517/2583] Loss: 6.7396 Loss_contra: 0.0201
2026/04/16 06:04:07 - __main__ - INFO - 142 - trainer - [1034/2583] Loss: 6.8056 Loss_contra: 0.0190
2026/04/16 06:05:55 - __main__ - INFO - 142 - trainer - [1551/2583] Loss: 6.7714 Loss_contra: 0.0199
2026/04/16 06:07:43 - __main__ - INFO - 142 - trainer - [2068/2583] Loss: 6.6616 Loss_contra: 0.0186
2026/04/16 06:09:30 - __main__ - INFO - 152 - trainer - start predicting: 2026-04-16 06:09:30.532200
2026/04/16 06:15:04 - __main__ - INFO - 124 - trainer - Epoch: 75
2026/04/16 06:15:04 - __main__ - INFO - 142 - trainer - [0/2583] Loss: 6.7495 Loss_contra: 0.0204
2026/04/16 06:16:55 - __main__ - INFO - 142 - trainer - [517/2583] Loss: 6.7140 Loss_contra: 0.0199
2026/04/16 06:18:43 - __main__ - INFO - 142 - trainer - [1034/2583] Loss: 6.6400 Loss_contra: 0.0201
2026/04/16 06:20:30 - __main__ - INFO - 142 - trainer - [1551/2583] Loss: 6.7509 Loss_contra: 0.0215
2026/04/16 06:22:18 - __main__ - INFO - 142 - trainer - [2068/2583] Loss: 6.7509 Loss_contra: 0.0193
2026/04/16 06:24:05 - __main__ - INFO - 124 - trainer - Epoch: 76
2026/04/16 06:24:06 - __main__ - INFO - 142 - trainer - [0/2583] Loss: 6.8370 Loss_contra: 0.0211
2026/04/16 06:25:53 - __main__ - INFO - 142 - trainer - [517/2583] Loss: 6.7174 Loss_contra: 0.0186
2026/04/16 06:27:41 - __main__ - INFO - 142 - trainer - [1034/2583] Loss: 6.8766 Loss_contra: 0.0190
2026/04/16 06:29:29 - __main__ - INFO - 142 - trainer - [1551/2583] Loss: 6.7687 Loss_contra: 0.0189
2026/04/16 06:31:16 - __main__ - INFO - 142 - trainer - [2068/2583] Loss: 6.7895 Loss_contra: 0.0195
2026/04/16 06:33:03 - __main__ - INFO - 152 - trainer - start predicting: 2026-04-16 06:33:03.816881
2026/04/16 06:38:37 - __main__ - INFO - 124 - trainer - Epoch: 77
2026/04/16 06:38:37 - __main__ - INFO - 142 - trainer - [0/2583] Loss: 6.7147 Loss_contra: 0.0180
2026/04/16 06:40:28 - __main__ - INFO - 142 - trainer - [517/2583] Loss: 6.8031 Loss_contra: 0.0179
2026/04/16 06:42:16 - __main__ - INFO - 142 - trainer - [1034/2583] Loss: 6.6171 Loss_contra: 0.0180
2026/04/16 06:44:03 - __main__ - INFO - 142 - trainer - [1551/2583] Loss: 6.8420 Loss_contra: 0.0193
2026/04/16 06:45:52 - __main__ - INFO - 142 - trainer - [2068/2583] Loss: 6.7558 Loss_contra: 0.0175
2026/04/16 06:47:39 - __main__ - INFO - 124 - trainer - Epoch: 78
2026/04/16 06:47:39 - __main__ - INFO - 142 - trainer - [0/2583] Loss: 6.8157 Loss_contra: 0.0191
2026/04/16 06:49:26 - __main__ - INFO - 142 - trainer - [517/2583] Loss: 6.6519 Loss_contra: 0.0198
2026/04/16 06:51:14 - __main__ - INFO - 142 - trainer - [1034/2583] Loss: 6.6841 Loss_contra: 0.0183
2026/04/16 06:53:02 - __main__ - INFO - 142 - trainer - [1551/2583] Loss: 6.8150 Loss_contra: 0.0191
2026/04/16 06:54:50 - __main__ - INFO - 142 - trainer - [2068/2583] Loss: 6.8449 Loss_contra: 0.0190
2026/04/16 06:56:37 - __main__ - INFO - 152 - trainer - start predicting: 2026-04-16 06:56:37.849119
2026/04/16 07:02:11 - __main__ - INFO - 195 - trainer - {'Best_HR@5': 7.8618, 'Best_NDCG@5': 5.1353, 'Best_HR@10': 12.357, 'Best_NDCG@10': 6.5777, 'Best_HR@20': 18.79, 'Best_NDCG@20': 8.1951}
2026/04/16 07:02:11 - __main__ - INFO - 196 - trainer - {'Best_epoch_HR@5': 58, 'Best_epoch_NDCG@5': 58, 'Best_epoch_HR@10': 58, 'Best_epoch_NDCG@10': 58, 'Best_epoch_HR@20': 58, 'Best_epoch_NDCG@20': 58}
2026/04/16 07:06:55 - __main__ - INFO - 223 - trainer - Test------------------------------------------------------
2026/04/16 07:06:55 - __main__ - INFO - 225 - trainer - {'HR@5': 7.3752, 'NDCG@5': 4.7811, 'HR@10': 11.804, 'NDCG@10': 6.2034, 'HR@20': 18.0387, 'NDCG@20': 7.7718}
2026/04/16 07:06:55 - __main__ - INFO - 227 - trainer - Best Eval---------------------------------------------------------
2026/04/16 07:06:55 - __main__ - INFO - 230 - trainer - {'Best_HR@5': 7.8618, 'Best_NDCG@5': 5.1353, 'Best_HR@10': 12.357, 'Best_NDCG@10': 6.5777, 'Best_HR@20': 18.79, 'Best_NDCG@20': 8.1951}
2026/04/16 07:06:55 - __main__ - INFO - 231 - trainer - {'Best_epoch_HR@5': 58, 'Best_epoch_NDCG@5': 58, 'Best_epoch_HR@10': 58, 'Best_epoch_NDCG@10': 58, 'Best_epoch_HR@20': 58, 'Best_epoch_NDCG@20': 58}
