2026/04/12 18:37:01 - __main__ - INFO - 170 - main - Namespace(batch_size=512, dataset='amazon_beauty', decay_step=100, description='Diffu_norm_score', device='cuda', diffusion_steps=32, diversity_measure=False, dropout=0.1, emb_dropout=0.3, epoch_time_avg=False, epochs=300, eval_interval=2, gamma=0.1, hidden_act='gelu', hidden_size=128, item_num=12101, lambda_contra=0.6, lambda_history=0.8, lambda_intent=0.4, log_file='log/', long_head=False, loss_lambda=0.001, lr=0.001, max_len=50, metric_ks=[5, 10, 20], momentum=None, noise_schedule='trunc_lin', num_blocks=4, num_cluster=32, num_gpu=1, num_hidden_layers=1, num_iter=20, optimizer='Adam', patience=10, random_seed=564, rep_pad=False, rep_pad_delimiter=False, rep_pad_fixed_num=1, rep_pad_mode='rand_1_max', rescale_timesteps=True, schedule_sampler_name='lossaware', use_last_item_for_code=False, weight_decay=0)
2026/04/12 18:37:02 - __main__ - INFO - 124 - trainer - Epoch: 0
2026/04/12 18:37:02 - __main__ - INFO - 142 - trainer - [0/257] Loss: 47.4243 Loss_contra: 0.0436
2026/04/12 18:37:04 - __main__ - INFO - 142 - trainer - [52/257] Loss: 32.8645 Loss_contra: 2.8136
2026/04/12 18:37:06 - __main__ - INFO - 142 - trainer - [104/257] Loss: 27.1893 Loss_contra: 2.7797
2026/04/12 18:37:09 - __main__ - INFO - 142 - trainer - [156/257] Loss: 23.9635 Loss_contra: 2.5627
2026/04/12 18:37:11 - __main__ - INFO - 142 - trainer - [208/257] Loss: 21.6380 Loss_contra: 2.3569
2026/04/12 18:37:13 - __main__ - INFO - 124 - trainer - Epoch: 1
2026/04/12 18:37:13 - __main__ - INFO - 142 - trainer - [0/257] Loss: 19.4747 Loss_contra: 2.0558
2026/04/12 18:37:15 - __main__ - INFO - 142 - trainer - [52/257] Loss: 17.6201 Loss_contra: 1.6595
2026/04/12 18:37:18 - __main__ - INFO - 142 - trainer - [104/257] Loss: 15.7115 Loss_contra: 1.2056
2026/04/12 18:37:20 - __main__ - INFO - 142 - trainer - [156/257] Loss: 13.7434 Loss_contra: 0.6064
2026/04/12 18:37:22 - __main__ - INFO - 142 - trainer - [208/257] Loss: 11.9928 Loss_contra: 0.1366
2026/04/12 18:37:25 - __main__ - INFO - 124 - trainer - Epoch: 2
2026/04/12 18:37:25 - __main__ - INFO - 142 - trainer - [0/257] Loss: 10.8409 Loss_contra: 0.0256
2026/04/12 18:37:27 - __main__ - INFO - 142 - trainer - [52/257] Loss: 10.4470 Loss_contra: 0.0141
2026/04/12 18:37:29 - __main__ - INFO - 142 - trainer - [104/257] Loss: 10.3431 Loss_contra: 0.0176
2026/04/12 18:37:32 - __main__ - INFO - 142 - trainer - [156/257] Loss: 10.1496 Loss_contra: 0.0187
2026/04/12 18:37:34 - __main__ - INFO - 142 - trainer - [208/257] Loss: 10.1069 Loss_contra: 0.0237
2026/04/12 18:37:36 - __main__ - INFO - 152 - trainer - start predicting: 2026-04-12 18:37:36.432245
2026/04/12 18:37:49 - __main__ - INFO - 187 - trainer - {'Best_HR@5': 0.2963, 'Best_NDCG@5': 0.1876, 'Best_HR@10': 0.5174, 'Best_NDCG@10': 0.2586, 'Best_HR@20': 0.7964, 'Best_NDCG@20': 0.3294}
2026/04/12 18:37:49 - __main__ - INFO - 188 - trainer - {'Best_epoch_HR@5': 2, 'Best_epoch_NDCG@5': 2, 'Best_epoch_HR@10': 2, 'Best_epoch_NDCG@10': 2, 'Best_epoch_HR@20': 2, 'Best_epoch_NDCG@20': 2}
2026/04/12 18:37:49 - __main__ - INFO - 124 - trainer - Epoch: 3
2026/04/12 18:37:49 - __main__ - INFO - 142 - trainer - [0/257] Loss: 10.0303 Loss_contra: 0.0312
2026/04/12 18:37:52 - __main__ - INFO - 142 - trainer - [52/257] Loss: 9.9142 Loss_contra: 0.0358
2026/04/12 18:37:54 - __main__ - INFO - 142 - trainer - [104/257] Loss: 9.7886 Loss_contra: 0.0382
2026/04/12 18:37:56 - __main__ - INFO - 142 - trainer - [156/257] Loss: 9.7005 Loss_contra: 0.0459
2026/04/12 18:37:58 - __main__ - INFO - 142 - trainer - [208/257] Loss: 9.6882 Loss_contra: 0.0470
2026/04/12 18:38:01 - __main__ - INFO - 124 - trainer - Epoch: 4
2026/04/12 18:38:01 - __main__ - INFO - 142 - trainer - [0/257] Loss: 9.5247 Loss_contra: 0.0639
2026/04/12 18:38:03 - __main__ - INFO - 142 - trainer - [52/257] Loss: 9.6018 Loss_contra: 0.0616
2026/04/12 18:38:05 - __main__ - INFO - 142 - trainer - [104/257] Loss: 9.4177 Loss_contra: 0.0582
2026/04/12 18:38:07 - __main__ - INFO - 142 - trainer - [156/257] Loss: 9.4632 Loss_contra: 0.0806
2026/04/12 18:38:10 - __main__ - INFO - 142 - trainer - [208/257] Loss: 9.3778 Loss_contra: 0.0691
2026/04/12 18:38:12 - __main__ - INFO - 152 - trainer - start predicting: 2026-04-12 18:38:12.374222
2026/04/12 18:38:25 - __main__ - INFO - 187 - trainer - {'Best_HR@5': 1.2733, 'Best_NDCG@5': 0.8949, 'Best_HR@10': 1.8158, 'Best_NDCG@10': 1.0694, 'Best_HR@20': 2.392, 'Best_NDCG@20': 1.2145}
2026/04/12 18:38:25 - __main__ - INFO - 188 - trainer - {'Best_epoch_HR@5': 4, 'Best_epoch_NDCG@5': 4, 'Best_epoch_HR@10': 4, 'Best_epoch_NDCG@10': 4, 'Best_epoch_HR@20': 4, 'Best_epoch_NDCG@20': 4}
2026/04/12 18:38:25 - __main__ - INFO - 124 - trainer - Epoch: 5
2026/04/12 18:38:25 - __main__ - INFO - 142 - trainer - [0/257] Loss: 9.2450 Loss_contra: 0.0852
2026/04/12 18:38:27 - __main__ - INFO - 142 - trainer - [52/257] Loss: 9.1936 Loss_contra: 0.1015
2026/04/12 18:38:30 - __main__ - INFO - 142 - trainer - [104/257] Loss: 9.2826 Loss_contra: 0.1097
2026/04/12 18:38:32 - __main__ - INFO - 142 - trainer - [156/257] Loss: 9.2014 Loss_contra: 0.1007
2026/04/12 18:38:34 - __main__ - INFO - 142 - trainer - [208/257] Loss: 9.1448 Loss_contra: 0.0922
2026/04/12 18:38:36 - __main__ - INFO - 124 - trainer - Epoch: 6
2026/04/12 18:38:36 - __main__ - INFO - 142 - trainer - [0/257] Loss: 9.1096 Loss_contra: 0.0685
2026/04/12 18:38:39 - __main__ - INFO - 142 - trainer - [52/257] Loss: 9.0988 Loss_contra: 0.1054
2026/04/12 18:38:41 - __main__ - INFO - 142 - trainer - [104/257] Loss: 9.0228 Loss_contra: 0.0702
2026/04/12 18:38:43 - __main__ - INFO - 142 - trainer - [156/257] Loss: 9.1360 Loss_contra: 0.0955
2026/04/12 18:38:46 - __main__ - INFO - 142 - trainer - [208/257] Loss: 8.9905 Loss_contra: 0.1066
2026/04/12 18:38:48 - __main__ - INFO - 152 - trainer - start predicting: 2026-04-12 18:38:48.347828
2026/04/12 18:39:01 - __main__ - INFO - 187 - trainer - {'Best_HR@5': 2.0234, 'Best_NDCG@5': 1.4514, 'Best_HR@10': 2.8175, 'Best_NDCG@10': 1.7085, 'Best_HR@20': 3.6847, 'Best_NDCG@20': 1.9255}
2026/04/12 18:39:01 - __main__ - INFO - 188 - trainer - {'Best_epoch_HR@5': 6, 'Best_epoch_NDCG@5': 6, 'Best_epoch_HR@10': 6, 'Best_epoch_NDCG@10': 6, 'Best_epoch_HR@20': 6, 'Best_epoch_NDCG@20': 6}
2026/04/12 18:39:01 - __main__ - INFO - 124 - trainer - Epoch: 7
2026/04/12 18:39:01 - __main__ - INFO - 142 - trainer - [0/257] Loss: 8.7586 Loss_contra: 0.0987
2026/04/12 18:39:03 - __main__ - INFO - 142 - trainer - [52/257] Loss: 8.9646 Loss_contra: 0.0874
2026/04/12 18:39:06 - __main__ - INFO - 142 - trainer - [104/257] Loss: 8.9645 Loss_contra: 0.0826
2026/04/12 18:39:08 - __main__ - INFO - 142 - trainer - [156/257] Loss: 8.9567 Loss_contra: 0.0981
2026/04/12 18:39:10 - __main__ - INFO - 142 - trainer - [208/257] Loss: 8.8829 Loss_contra: 0.1089
2026/04/12 18:39:13 - __main__ - INFO - 124 - trainer - Epoch: 8
2026/04/12 18:39:13 - __main__ - INFO - 142 - trainer - [0/257] Loss: 8.7201 Loss_contra: 0.1065
2026/04/12 18:39:15 - __main__ - INFO - 142 - trainer - [52/257] Loss: 8.6776 Loss_contra: 0.0886
2026/04/12 18:39:17 - __main__ - INFO - 142 - trainer - [104/257] Loss: 8.7768 Loss_contra: 0.0890
2026/04/12 18:39:20 - __main__ - INFO - 142 - trainer - [156/257] Loss: 8.7736 Loss_contra: 0.0862
2026/04/12 18:39:22 - __main__ - INFO - 142 - trainer - [208/257] Loss: 8.8950 Loss_contra: 0.0846
2026/04/12 18:39:24 - __main__ - INFO - 152 - trainer - start predicting: 2026-04-12 18:39:24.698263
2026/04/12 18:39:37 - __main__ - INFO - 187 - trainer - {'Best_HR@5': 2.5702, 'Best_NDCG@5': 1.8285, 'Best_HR@10': 3.7166, 'Best_NDCG@10': 2.1982, 'Best_HR@20': 4.9705, 'Best_NDCG@20': 2.5131}
2026/04/12 18:39:37 - __main__ - INFO - 188 - trainer - {'Best_epoch_HR@5': 8, 'Best_epoch_NDCG@5': 8, 'Best_epoch_HR@10': 8, 'Best_epoch_NDCG@10': 8, 'Best_epoch_HR@20': 8, 'Best_epoch_NDCG@20': 8}
2026/04/12 18:39:37 - __main__ - INFO - 124 - trainer - Epoch: 9
2026/04/12 18:39:37 - __main__ - INFO - 142 - trainer - [0/257] Loss: 8.6577 Loss_contra: 0.1110
2026/04/12 18:39:40 - __main__ - INFO - 142 - trainer - [52/257] Loss: 8.6034 Loss_contra: 0.0964
2026/04/12 18:39:42 - __main__ - INFO - 142 - trainer - [104/257] Loss: 8.6250 Loss_contra: 0.0756
2026/04/12 18:39:44 - __main__ - INFO - 142 - trainer - [156/257] Loss: 8.5817 Loss_contra: 0.0859
2026/04/12 18:39:47 - __main__ - INFO - 142 - trainer - [208/257] Loss: 8.6348 Loss_contra: 0.0897
2026/04/12 18:39:49 - __main__ - INFO - 124 - trainer - Epoch: 10
2026/04/12 18:39:49 - __main__ - INFO - 142 - trainer - [0/257] Loss: 8.6064 Loss_contra: 0.0923
2026/04/12 18:39:51 - __main__ - INFO - 142 - trainer - [52/257] Loss: 8.3947 Loss_contra: 0.0800
2026/04/12 18:39:53 - __main__ - INFO - 142 - trainer - [104/257] Loss: 8.7300 Loss_contra: 0.0829
2026/04/12 18:39:56 - __main__ - INFO - 142 - trainer - [156/257] Loss: 8.3966 Loss_contra: 0.0837
2026/04/12 18:39:58 - __main__ - INFO - 142 - trainer - [208/257] Loss: 8.3828 Loss_contra: 0.0848
2026/04/12 18:40:00 - __main__ - INFO - 152 - trainer - start predicting: 2026-04-12 18:40:00.662501
2026/04/12 18:40:13 - __main__ - INFO - 187 - trainer - {'Best_HR@5': 3.1532, 'Best_NDCG@5': 2.2211, 'Best_HR@10': 4.5414, 'Best_NDCG@10': 2.6691, 'Best_HR@20': 6.1207, 'Best_NDCG@20': 3.0668}
2026/04/12 18:40:13 - __main__ - INFO - 188 - trainer - {'Best_epoch_HR@5': 10, 'Best_epoch_NDCG@5': 10, 'Best_epoch_HR@10': 10, 'Best_epoch_NDCG@10': 10, 'Best_epoch_HR@20': 10, 'Best_epoch_NDCG@20': 10}
2026/04/12 18:40:13 - __main__ - INFO - 124 - trainer - Epoch: 11
2026/04/12 18:40:13 - __main__ - INFO - 142 - trainer - [0/257] Loss: 8.4039 Loss_contra: 0.0693
2026/04/12 18:40:16 - __main__ - INFO - 142 - trainer - [52/257] Loss: 8.5528 Loss_contra: 0.0781
2026/04/12 18:40:18 - __main__ - INFO - 142 - trainer - [104/257] Loss: 8.4383 Loss_contra: 0.0718
2026/04/12 18:40:20 - __main__ - INFO - 142 - trainer - [156/257] Loss: 8.5462 Loss_contra: 0.0621
2026/04/12 18:40:23 - __main__ - INFO - 142 - trainer - [208/257] Loss: 8.4774 Loss_contra: 0.0762
2026/04/12 18:40:25 - __main__ - INFO - 124 - trainer - Epoch: 12
2026/04/12 18:40:25 - __main__ - INFO - 142 - trainer - [0/257] Loss: 8.3272 Loss_contra: 0.0843
2026/04/12 18:40:27 - __main__ - INFO - 142 - trainer - [52/257] Loss: 8.4820 Loss_contra: 0.0666
2026/04/12 18:40:29 - __main__ - INFO - 142 - trainer - [104/257] Loss: 8.4879 Loss_contra: 0.0602
2026/04/12 18:40:32 - __main__ - INFO - 142 - trainer - [156/257] Loss: 8.4125 Loss_contra: 0.0810
2026/04/12 18:40:34 - __main__ - INFO - 142 - trainer - [208/257] Loss: 8.3454 Loss_contra: 0.0832
2026/04/12 18:40:36 - __main__ - INFO - 152 - trainer - start predicting: 2026-04-12 18:40:36.711974
2026/04/12 18:40:49 - __main__ - INFO - 187 - trainer - {'Best_HR@5': 3.7063, 'Best_NDCG@5': 2.6072, 'Best_HR@10': 5.2275, 'Best_NDCG@10': 3.0949, 'Best_HR@20': 7.2435, 'Best_NDCG@20': 3.6009}
2026/04/12 18:40:49 - __main__ - INFO - 188 - trainer - {'Best_epoch_HR@5': 12, 'Best_epoch_NDCG@5': 12, 'Best_epoch_HR@10': 12, 'Best_epoch_NDCG@10': 12, 'Best_epoch_HR@20': 12, 'Best_epoch_NDCG@20': 12}
2026/04/12 18:40:49 - __main__ - INFO - 124 - trainer - Epoch: 13
2026/04/12 18:40:49 - __main__ - INFO - 142 - trainer - [0/257] Loss: 8.3739 Loss_contra: 0.1078
2026/04/12 18:40:52 - __main__ - INFO - 142 - trainer - [52/257] Loss: 8.3914 Loss_contra: 0.0664
2026/04/12 18:40:54 - __main__ - INFO - 142 - trainer - [104/257] Loss: 8.2819 Loss_contra: 0.0896
2026/04/12 18:40:56 - __main__ - INFO - 142 - trainer - [156/257] Loss: 8.3680 Loss_contra: 0.0693
2026/04/12 18:40:58 - __main__ - INFO - 142 - trainer - [208/257] Loss: 8.4300 Loss_contra: 0.0719
2026/04/12 18:41:01 - __main__ - INFO - 124 - trainer - Epoch: 14
2026/04/12 18:41:01 - __main__ - INFO - 142 - trainer - [0/257] Loss: 8.3902 Loss_contra: 0.0708
2026/04/12 18:41:03 - __main__ - INFO - 142 - trainer - [52/257] Loss: 8.2622 Loss_contra: 0.0743
2026/04/12 18:41:05 - __main__ - INFO - 142 - trainer - [104/257] Loss: 8.2415 Loss_contra: 0.0786
2026/04/12 18:41:07 - __main__ - INFO - 142 - trainer - [156/257] Loss: 8.1742 Loss_contra: 0.0665
2026/04/12 18:41:10 - __main__ - INFO - 142 - trainer - [208/257] Loss: 8.3282 Loss_contra: 0.0710
2026/04/12 18:41:12 - __main__ - INFO - 152 - trainer - start predicting: 2026-04-12 18:41:12.496296
2026/04/12 18:41:25 - __main__ - INFO - 187 - trainer - {'Best_HR@5': 3.9316, 'Best_NDCG@5': 2.7467, 'Best_HR@10': 5.6014, 'Best_NDCG@10': 3.2819, 'Best_HR@20': 7.9267, 'Best_NDCG@20': 3.8639}
2026/04/12 18:41:25 - __main__ - INFO - 188 - trainer - {'Best_epoch_HR@5': 14, 'Best_epoch_NDCG@5': 14, 'Best_epoch_HR@10': 14, 'Best_epoch_NDCG@10': 14, 'Best_epoch_HR@20': 14, 'Best_epoch_NDCG@20': 14}
2026/04/12 18:41:25 - __main__ - INFO - 124 - trainer - Epoch: 15
2026/04/12 18:41:25 - __main__ - INFO - 142 - trainer - [0/257] Loss: 8.2014 Loss_contra: 0.0699
2026/04/12 18:41:27 - __main__ - INFO - 142 - trainer - [52/257] Loss: 8.2300 Loss_contra: 0.0706
2026/04/12 18:41:30 - __main__ - INFO - 142 - trainer - [104/257] Loss: 8.2600 Loss_contra: 0.0635
2026/04/12 18:41:32 - __main__ - INFO - 142 - trainer - [156/257] Loss: 8.4906 Loss_contra: 0.0589
2026/04/12 18:41:34 - __main__ - INFO - 142 - trainer - [208/257] Loss: 8.1743 Loss_contra: 0.0639
2026/04/12 18:41:36 - __main__ - INFO - 124 - trainer - Epoch: 16
2026/04/12 18:41:36 - __main__ - INFO - 142 - trainer - [0/257] Loss: 8.1008 Loss_contra: 0.0846
2026/04/12 18:41:39 - __main__ - INFO - 142 - trainer - [52/257] Loss: 8.1270 Loss_contra: 0.0604
2026/04/12 18:41:41 - __main__ - INFO - 142 - trainer - [104/257] Loss: 8.1510 Loss_contra: 0.0518
2026/04/12 18:41:43 - __main__ - INFO - 142 - trainer - [156/257] Loss: 8.0455 Loss_contra: 0.0826
2026/04/12 18:41:45 - __main__ - INFO - 142 - trainer - [208/257] Loss: 8.1693 Loss_contra: 0.0649
2026/04/12 18:41:48 - __main__ - INFO - 152 - trainer - start predicting: 2026-04-12 18:41:48.009350
2026/04/12 18:42:00 - __main__ - INFO - 187 - trainer - {'Best_HR@5': 4.2909, 'Best_NDCG@5': 2.9756, 'Best_HR@10': 6.1822, 'Best_NDCG@10': 3.5847, 'Best_HR@20': 8.6533, 'Best_NDCG@20': 4.2062}
2026/04/12 18:42:00 - __main__ - INFO - 188 - trainer - {'Best_epoch_HR@5': 16, 'Best_epoch_NDCG@5': 16, 'Best_epoch_HR@10': 16, 'Best_epoch_NDCG@10': 16, 'Best_epoch_HR@20': 16, 'Best_epoch_NDCG@20': 16}
2026/04/12 18:42:00 - __main__ - INFO - 124 - trainer - Epoch: 17
2026/04/12 18:42:01 - __main__ - INFO - 142 - trainer - [0/257] Loss: 7.9339 Loss_contra: 0.0591
2026/04/12 18:42:03 - __main__ - INFO - 142 - trainer - [52/257] Loss: 8.0960 Loss_contra: 0.0704
2026/04/12 18:42:05 - __main__ - INFO - 142 - trainer - [104/257] Loss: 7.8926 Loss_contra: 0.0627
2026/04/12 18:42:07 - __main__ - INFO - 142 - trainer - [156/257] Loss: 8.2282 Loss_contra: 0.0635
2026/04/12 18:42:10 - __main__ - INFO - 142 - trainer - [208/257] Loss: 8.2744 Loss_contra: 0.0535
2026/04/12 18:42:12 - __main__ - INFO - 124 - trainer - Epoch: 18
2026/04/12 18:42:12 - __main__ - INFO - 142 - trainer - [0/257] Loss: 8.1364 Loss_contra: 0.0614
2026/04/12 18:42:14 - __main__ - INFO - 142 - trainer - [52/257] Loss: 8.0056 Loss_contra: 0.0647
2026/04/12 18:42:17 - __main__ - INFO - 142 - trainer - [104/257] Loss: 7.8850 Loss_contra: 0.0564
2026/04/12 18:42:19 - __main__ - INFO - 142 - trainer - [156/257] Loss: 7.9679 Loss_contra: 0.0626
2026/04/12 18:42:21 - __main__ - INFO - 142 - trainer - [208/257] Loss: 8.0634 Loss_contra: 0.0654
2026/04/12 18:42:23 - __main__ - INFO - 152 - trainer - start predicting: 2026-04-12 18:42:23.692787
2026/04/12 18:42:36 - __main__ - INFO - 187 - trainer - {'Best_HR@5': 4.6095, 'Best_NDCG@5': 3.2461, 'Best_HR@10': 6.6303, 'Best_NDCG@10': 3.896, 'Best_HR@20': 9.1418, 'Best_NDCG@20': 4.5247}
2026/04/12 18:42:36 - __main__ - INFO - 188 - trainer - {'Best_epoch_HR@5': 18, 'Best_epoch_NDCG@5': 18, 'Best_epoch_HR@10': 18, 'Best_epoch_NDCG@10': 18, 'Best_epoch_HR@20': 18, 'Best_epoch_NDCG@20': 18}
2026/04/12 18:42:36 - __main__ - INFO - 124 - trainer - Epoch: 19
2026/04/12 18:42:36 - __main__ - INFO - 142 - trainer - [0/257] Loss: 8.0303 Loss_contra: 0.0516
2026/04/12 18:42:39 - __main__ - INFO - 142 - trainer - [52/257] Loss: 8.1607 Loss_contra: 0.0511
2026/04/12 18:42:41 - __main__ - INFO - 142 - trainer - [104/257] Loss: 8.0424 Loss_contra: 0.0635
2026/04/12 18:42:43 - __main__ - INFO - 142 - trainer - [156/257] Loss: 7.9852 Loss_contra: 0.0550
2026/04/12 18:42:45 - __main__ - INFO - 142 - trainer - [208/257] Loss: 7.8007 Loss_contra: 0.0515
2026/04/12 18:42:47 - __main__ - INFO - 124 - trainer - Epoch: 20
2026/04/12 18:42:47 - __main__ - INFO - 142 - trainer - [0/257] Loss: 7.9307 Loss_contra: 0.0620
2026/04/12 18:42:50 - __main__ - INFO - 142 - trainer - [52/257] Loss: 7.7883 Loss_contra: 0.0590
2026/04/12 18:42:52 - __main__ - INFO - 142 - trainer - [104/257] Loss: 8.1159 Loss_contra: 0.0525
2026/04/12 18:42:54 - __main__ - INFO - 142 - trainer - [156/257] Loss: 8.0646 Loss_contra: 0.0516
2026/04/12 18:42:57 - __main__ - INFO - 142 - trainer - [208/257] Loss: 8.0323 Loss_contra: 0.0481
2026/04/12 18:42:59 - __main__ - INFO - 152 - trainer - start predicting: 2026-04-12 18:42:59.119033
2026/04/12 18:43:12 - __main__ - INFO - 187 - trainer - {'Best_HR@5': 4.7255, 'Best_NDCG@5': 3.3379, 'Best_HR@10': 6.8126, 'Best_NDCG@10': 4.0096, 'Best_HR@20': 9.672, 'Best_NDCG@20': 4.7293}
2026/04/12 18:43:12 - __main__ - INFO - 188 - trainer - {'Best_epoch_HR@5': 20, 'Best_epoch_NDCG@5': 20, 'Best_epoch_HR@10': 20, 'Best_epoch_NDCG@10': 20, 'Best_epoch_HR@20': 20, 'Best_epoch_NDCG@20': 20}
2026/04/12 18:43:12 - __main__ - INFO - 124 - trainer - Epoch: 21
2026/04/12 18:43:12 - __main__ - INFO - 142 - trainer - [0/257] Loss: 7.9295 Loss_contra: 0.0528
2026/04/12 18:43:14 - __main__ - INFO - 142 - trainer - [52/257] Loss: 8.0026 Loss_contra: 0.0529
2026/04/12 18:43:16 - __main__ - INFO - 142 - trainer - [104/257] Loss: 7.7155 Loss_contra: 0.0478
2026/04/12 18:43:18 - __main__ - INFO - 142 - trainer - [156/257] Loss: 7.7782 Loss_contra: 0.0505
2026/04/12 18:43:21 - __main__ - INFO - 142 - trainer - [208/257] Loss: 7.7965 Loss_contra: 0.0577
2026/04/12 18:43:23 - __main__ - INFO - 124 - trainer - Epoch: 22
2026/04/12 18:43:23 - __main__ - INFO - 142 - trainer - [0/257] Loss: 7.7021 Loss_contra: 0.0609
2026/04/12 18:43:25 - __main__ - INFO - 142 - trainer - [52/257] Loss: 7.6715 Loss_contra: 0.0520
2026/04/12 18:43:28 - __main__ - INFO - 142 - trainer - [104/257] Loss: 7.8417 Loss_contra: 0.0532
2026/04/12 18:43:30 - __main__ - INFO - 142 - trainer - [156/257] Loss: 7.8656 Loss_contra: 0.0514
2026/04/12 18:43:32 - __main__ - INFO - 142 - trainer - [208/257] Loss: 7.8838 Loss_contra: 0.0551
2026/04/12 18:43:34 - __main__ - INFO - 152 - trainer - start predicting: 2026-04-12 18:43:34.745042
2026/04/12 18:43:47 - __main__ - INFO - 187 - trainer - {'Best_HR@5': 4.8492, 'Best_NDCG@5': 3.4658, 'Best_HR@10': 6.9472, 'Best_NDCG@10': 4.1394, 'Best_HR@20': 9.933, 'Best_NDCG@20': 4.884}
2026/04/12 18:43:47 - __main__ - INFO - 188 - trainer - {'Best_epoch_HR@5': 22, 'Best_epoch_NDCG@5': 22, 'Best_epoch_HR@10': 22, 'Best_epoch_NDCG@10': 22, 'Best_epoch_HR@20': 22, 'Best_epoch_NDCG@20': 22}
2026/04/12 18:43:47 - __main__ - INFO - 124 - trainer - Epoch: 23
2026/04/12 18:43:47 - __main__ - INFO - 142 - trainer - [0/257] Loss: 7.8129 Loss_contra: 0.0517
2026/04/12 18:43:50 - __main__ - INFO - 142 - trainer - [52/257] Loss: 7.8090 Loss_contra: 0.0428
2026/04/12 18:43:52 - __main__ - INFO - 142 - trainer - [104/257] Loss: 7.8127 Loss_contra: 0.0523
2026/04/12 18:43:54 - __main__ - INFO - 142 - trainer - [156/257] Loss: 7.9579 Loss_contra: 0.0508
2026/04/12 18:43:56 - __main__ - INFO - 142 - trainer - [208/257] Loss: 7.9947 Loss_contra: 0.0501
2026/04/12 18:43:59 - __main__ - INFO - 124 - trainer - Epoch: 24
2026/04/12 18:43:59 - __main__ - INFO - 142 - trainer - [0/257] Loss: 7.6506 Loss_contra: 0.0459
2026/04/12 18:44:01 - __main__ - INFO - 142 - trainer - [52/257] Loss: 7.6279 Loss_contra: 0.0459
2026/04/12 18:44:03 - __main__ - INFO - 142 - trainer - [104/257] Loss: 7.8425 Loss_contra: 0.0480
2026/04/12 18:44:06 - __main__ - INFO - 142 - trainer - [156/257] Loss: 7.6307 Loss_contra: 0.0450
2026/04/12 18:44:08 - __main__ - INFO - 142 - trainer - [208/257] Loss: 7.6569 Loss_contra: 0.0411
2026/04/12 18:44:10 - __main__ - INFO - 152 - trainer - start predicting: 2026-04-12 18:44:10.554496
2026/04/12 18:44:23 - __main__ - INFO - 187 - trainer - {'Best_HR@5': 5.1685, 'Best_NDCG@5': 3.6147, 'Best_HR@10': 7.1736, 'Best_NDCG@10': 4.2604, 'Best_HR@20': 10.1718, 'Best_NDCG@20': 5.0162}
2026/04/12 18:44:23 - __main__ - INFO - 188 - trainer - {'Best_epoch_HR@5': 24, 'Best_epoch_NDCG@5': 24, 'Best_epoch_HR@10': 24, 'Best_epoch_NDCG@10': 24, 'Best_epoch_HR@20': 24, 'Best_epoch_NDCG@20': 24}
2026/04/12 18:44:23 - __main__ - INFO - 124 - trainer - Epoch: 25
2026/04/12 18:44:23 - __main__ - INFO - 142 - trainer - [0/257] Loss: 7.5510 Loss_contra: 0.0508
2026/04/12 18:44:25 - __main__ - INFO - 142 - trainer - [52/257] Loss: 7.7297 Loss_contra: 0.0446
2026/04/12 18:44:28 - __main__ - INFO - 142 - trainer - [104/257] Loss: 7.7112 Loss_contra: 0.0349
2026/04/12 18:44:30 - __main__ - INFO - 142 - trainer - [156/257] Loss: 7.6993 Loss_contra: 0.0453
2026/04/12 18:44:32 - __main__ - INFO - 142 - trainer - [208/257] Loss: 7.7669 Loss_contra: 0.0417
2026/04/12 18:44:34 - __main__ - INFO - 124 - trainer - Epoch: 26
2026/04/12 18:44:34 - __main__ - INFO - 142 - trainer - [0/257] Loss: 7.8672 Loss_contra: 0.0411
2026/04/12 18:44:37 - __main__ - INFO - 142 - trainer - [52/257] Loss: 7.6610 Loss_contra: 0.0399
2026/04/12 18:44:39 - __main__ - INFO - 142 - trainer - [104/257] Loss: 7.6606 Loss_contra: 0.0437
2026/04/12 18:44:41 - __main__ - INFO - 142 - trainer - [156/257] Loss: 7.5590 Loss_contra: 0.0468
2026/04/12 18:44:44 - __main__ - INFO - 142 - trainer - [208/257] Loss: 7.7986 Loss_contra: 0.0352
2026/04/12 18:44:46 - __main__ - INFO - 152 - trainer - start predicting: 2026-04-12 18:44:46.240425
2026/04/12 18:44:59 - __main__ - INFO - 187 - trainer - {'Best_HR@5': 5.3085, 'Best_NDCG@5': 3.709, 'Best_HR@10': 7.5189, 'Best_NDCG@10': 4.4214, 'Best_HR@20': 10.4982, 'Best_NDCG@20': 5.1679}
2026/04/12 18:44:59 - __main__ - INFO - 188 - trainer - {'Best_epoch_HR@5': 26, 'Best_epoch_NDCG@5': 26, 'Best_epoch_HR@10': 26, 'Best_epoch_NDCG@10': 26, 'Best_epoch_HR@20': 26, 'Best_epoch_NDCG@20': 26}
2026/04/12 18:44:59 - __main__ - INFO - 124 - trainer - Epoch: 27
2026/04/12 18:44:59 - __main__ - INFO - 142 - trainer - [0/257] Loss: 7.5776 Loss_contra: 0.0425
2026/04/12 18:45:01 - __main__ - INFO - 142 - trainer - [52/257] Loss: 7.6575 Loss_contra: 0.0328
2026/04/12 18:45:03 - __main__ - INFO - 142 - trainer - [104/257] Loss: 7.6725 Loss_contra: 0.0346
2026/04/12 18:45:06 - __main__ - INFO - 142 - trainer - [156/257] Loss: 7.5319 Loss_contra: 0.0395
2026/04/12 18:45:08 - __main__ - INFO - 142 - trainer - [208/257] Loss: 7.5171 Loss_contra: 0.0427
2026/04/12 18:45:10 - __main__ - INFO - 124 - trainer - Epoch: 28
2026/04/12 18:45:10 - __main__ - INFO - 142 - trainer - [0/257] Loss: 7.4919 Loss_contra: 0.0395
2026/04/12 18:45:12 - __main__ - INFO - 142 - trainer - [52/257] Loss: 7.5669 Loss_contra: 0.0350
2026/04/12 18:45:15 - __main__ - INFO - 142 - trainer - [104/257] Loss: 7.5101 Loss_contra: 0.0365
2026/04/12 18:45:17 - __main__ - INFO - 142 - trainer - [156/257] Loss: 7.6080 Loss_contra: 0.0365
2026/04/12 18:45:19 - __main__ - INFO - 142 - trainer - [208/257] Loss: 7.9449 Loss_contra: 0.0387
2026/04/12 18:45:21 - __main__ - INFO - 152 - trainer - start predicting: 2026-04-12 18:45:21.933434
2026/04/12 18:45:35 - __main__ - INFO - 187 - trainer - {'Best_HR@5': 5.3679, 'Best_NDCG@5': 3.8457, 'Best_HR@10': 7.7584, 'Best_NDCG@10': 4.6136, 'Best_HR@20': 10.7861, 'Best_NDCG@20': 5.3765}
2026/04/12 18:45:35 - __main__ - INFO - 188 - trainer - {'Best_epoch_HR@5': 28, 'Best_epoch_NDCG@5': 28, 'Best_epoch_HR@10': 28, 'Best_epoch_NDCG@10': 28, 'Best_epoch_HR@20': 28, 'Best_epoch_NDCG@20': 28}
2026/04/12 18:45:35 - __main__ - INFO - 124 - trainer - Epoch: 29
2026/04/12 18:45:35 - __main__ - INFO - 142 - trainer - [0/257] Loss: 7.6790 Loss_contra: 0.0393
2026/04/12 18:45:37 - __main__ - INFO - 142 - trainer - [52/257] Loss: 7.6882 Loss_contra: 0.0405
2026/04/12 18:45:39 - __main__ - INFO - 142 - trainer - [104/257] Loss: 7.6083 Loss_contra: 0.0371
2026/04/12 18:45:42 - __main__ - INFO - 142 - trainer - [156/257] Loss: 7.5285 Loss_contra: 0.0407
2026/04/12 18:45:44 - __main__ - INFO - 142 - trainer - [208/257] Loss: 7.7955 Loss_contra: 0.0295
2026/04/12 18:45:46 - __main__ - INFO - 124 - trainer - Epoch: 30
2026/04/12 18:45:46 - __main__ - INFO - 142 - trainer - [0/257] Loss: 7.4436 Loss_contra: 0.0334
2026/04/12 18:45:48 - __main__ - INFO - 142 - trainer - [52/257] Loss: 7.5467 Loss_contra: 0.0333
2026/04/12 18:45:51 - __main__ - INFO - 142 - trainer - [104/257] Loss: 7.5500 Loss_contra: 0.0364
2026/04/12 18:45:53 - __main__ - INFO - 142 - trainer - [156/257] Loss: 7.4485 Loss_contra: 0.0341
2026/04/12 18:45:55 - __main__ - INFO - 142 - trainer - [208/257] Loss: 7.6350 Loss_contra: 0.0315
2026/04/12 18:45:58 - __main__ - INFO - 152 - trainer - start predicting: 2026-04-12 18:45:58.125371
2026/04/12 18:46:11 - __main__ - INFO - 187 - trainer - {'Best_HR@5': 5.3919, 'Best_NDCG@5': 3.8457, 'Best_HR@10': 7.7584, 'Best_NDCG@10': 4.6136, 'Best_HR@20': 10.9945, 'Best_NDCG@20': 5.4182}
2026/04/12 18:46:11 - __main__ - INFO - 188 - trainer - {'Best_epoch_HR@5': 30, 'Best_epoch_NDCG@5': 28, 'Best_epoch_HR@10': 28, 'Best_epoch_NDCG@10': 28, 'Best_epoch_HR@20': 30, 'Best_epoch_NDCG@20': 30}
2026/04/12 18:46:11 - __main__ - INFO - 124 - trainer - Epoch: 31
2026/04/12 18:46:11 - __main__ - INFO - 142 - trainer - [0/257] Loss: 7.5159 Loss_contra: 0.0372
2026/04/12 18:46:13 - __main__ - INFO - 142 - trainer - [52/257] Loss: 7.7333 Loss_contra: 0.0371
2026/04/12 18:46:15 - __main__ - INFO - 142 - trainer - [104/257] Loss: 7.5089 Loss_contra: 0.0319
2026/04/12 18:46:18 - __main__ - INFO - 142 - trainer - [156/257] Loss: 7.5409 Loss_contra: 0.0308
2026/04/12 18:46:20 - __main__ - INFO - 142 - trainer - [208/257] Loss: 7.6463 Loss_contra: 0.0370
2026/04/12 18:46:22 - __main__ - INFO - 124 - trainer - Epoch: 32
2026/04/12 18:46:22 - __main__ - INFO - 142 - trainer - [0/257] Loss: 7.3077 Loss_contra: 0.0364
2026/04/12 18:46:24 - __main__ - INFO - 142 - trainer - [52/257] Loss: 7.5490 Loss_contra: 0.0277
2026/04/12 18:46:27 - __main__ - INFO - 142 - trainer - [104/257] Loss: 7.4960 Loss_contra: 0.0337
2026/04/12 18:46:29 - __main__ - INFO - 142 - trainer - [156/257] Loss: 7.7304 Loss_contra: 0.0325
2026/04/12 18:46:31 - __main__ - INFO - 142 - trainer - [208/257] Loss: 7.4644 Loss_contra: 0.0303
2026/04/12 18:46:33 - __main__ - INFO - 152 - trainer - start predicting: 2026-04-12 18:46:33.755810
2026/04/12 18:46:46 - __main__ - INFO - 187 - trainer - {'Best_HR@5': 5.7705, 'Best_NDCG@5': 4.1228, 'Best_HR@10': 7.9693, 'Best_NDCG@10': 4.8314, 'Best_HR@20': 11.1792, 'Best_NDCG@20': 5.6382}
2026/04/12 18:46:46 - __main__ - INFO - 188 - trainer - {'Best_epoch_HR@5': 32, 'Best_epoch_NDCG@5': 32, 'Best_epoch_HR@10': 32, 'Best_epoch_NDCG@10': 32, 'Best_epoch_HR@20': 32, 'Best_epoch_NDCG@20': 32}
2026/04/12 18:46:46 - __main__ - INFO - 124 - trainer - Epoch: 33
2026/04/12 18:46:46 - __main__ - INFO - 142 - trainer - [0/257] Loss: 7.2396 Loss_contra: 0.0272
2026/04/12 18:46:49 - __main__ - INFO - 142 - trainer - [52/257] Loss: 7.4664 Loss_contra: 0.0302
2026/04/12 18:46:51 - __main__ - INFO - 142 - trainer - [104/257] Loss: 7.5459 Loss_contra: 0.0291
2026/04/12 18:46:53 - __main__ - INFO - 142 - trainer - [156/257] Loss: 7.4554 Loss_contra: 0.0314
2026/04/12 18:46:56 - __main__ - INFO - 142 - trainer - [208/257] Loss: 7.2165 Loss_contra: 0.0329
2026/04/12 18:46:58 - __main__ - INFO - 124 - trainer - Epoch: 34
2026/04/12 18:46:58 - __main__ - INFO - 142 - trainer - [0/257] Loss: 7.2861 Loss_contra: 0.0281
2026/04/12 18:47:00 - __main__ - INFO - 142 - trainer - [52/257] Loss: 7.3356 Loss_contra: 0.0269
2026/04/12 18:47:02 - __main__ - INFO - 142 - trainer - [104/257] Loss: 7.5183 Loss_contra: 0.0290
2026/04/12 18:47:05 - __main__ - INFO - 142 - trainer - [156/257] Loss: 7.2823 Loss_contra: 0.0361
2026/04/12 18:47:07 - __main__ - INFO - 142 - trainer - [208/257] Loss: 7.3753 Loss_contra: 0.0314
2026/04/12 18:47:09 - __main__ - INFO - 152 - trainer - start predicting: 2026-04-12 18:47:09.381097
2026/04/12 18:47:22 - __main__ - INFO - 187 - trainer - {'Best_HR@5': 5.7859, 'Best_NDCG@5': 4.1377, 'Best_HR@10': 8.1099, 'Best_NDCG@10': 4.8819, 'Best_HR@20': 11.2105, 'Best_NDCG@20': 5.6614}
2026/04/12 18:47:22 - __main__ - INFO - 188 - trainer - {'Best_epoch_HR@5': 34, 'Best_epoch_NDCG@5': 34, 'Best_epoch_HR@10': 34, 'Best_epoch_NDCG@10': 34, 'Best_epoch_HR@20': 34, 'Best_epoch_NDCG@20': 34}
2026/04/12 18:47:22 - __main__ - INFO - 124 - trainer - Epoch: 35
2026/04/12 18:47:22 - __main__ - INFO - 142 - trainer - [0/257] Loss: 7.5002 Loss_contra: 0.0286
2026/04/12 18:47:24 - __main__ - INFO - 142 - trainer - [52/257] Loss: 7.4997 Loss_contra: 0.0255
2026/04/12 18:47:26 - __main__ - INFO - 142 - trainer - [104/257] Loss: 7.2645 Loss_contra: 0.0266
2026/04/12 18:47:29 - __main__ - INFO - 142 - trainer - [156/257] Loss: 7.3729 Loss_contra: 0.0281
2026/04/12 18:47:31 - __main__ - INFO - 142 - trainer - [208/257] Loss: 7.3340 Loss_contra: 0.0278
2026/04/12 18:47:33 - __main__ - INFO - 124 - trainer - Epoch: 36
2026/04/12 18:47:33 - __main__ - INFO - 142 - trainer - [0/257] Loss: 7.3271 Loss_contra: 0.0317
2026/04/12 18:47:35 - __main__ - INFO - 142 - trainer - [52/257] Loss: 7.2408 Loss_contra: 0.0274
2026/04/12 18:47:38 - __main__ - INFO - 142 - trainer - [104/257] Loss: 7.2236 Loss_contra: 0.0272
2026/04/12 18:47:40 - __main__ - INFO - 142 - trainer - [156/257] Loss: 7.3005 Loss_contra: 0.0253
2026/04/12 18:47:42 - __main__ - INFO - 142 - trainer - [208/257] Loss: 7.3720 Loss_contra: 0.0284
2026/04/12 18:47:44 - __main__ - INFO - 152 - trainer - start predicting: 2026-04-12 18:47:44.902346
2026/04/12 18:47:57 - __main__ - INFO - 187 - trainer - {'Best_HR@5': 5.9983, 'Best_NDCG@5': 4.253, 'Best_HR@10': 8.3489, 'Best_NDCG@10': 5.0073, 'Best_HR@20': 11.5034, 'Best_NDCG@20': 5.8}
2026/04/12 18:47:57 - __main__ - INFO - 188 - trainer - {'Best_epoch_HR@5': 36, 'Best_epoch_NDCG@5': 36, 'Best_epoch_HR@10': 36, 'Best_epoch_NDCG@10': 36, 'Best_epoch_HR@20': 36, 'Best_epoch_NDCG@20': 36}
2026/04/12 18:47:57 - __main__ - INFO - 124 - trainer - Epoch: 37
2026/04/12 18:47:57 - __main__ - INFO - 142 - trainer - [0/257] Loss: 7.1455 Loss_contra: 0.0256
2026/04/12 18:48:00 - __main__ - INFO - 142 - trainer - [52/257] Loss: 7.2430 Loss_contra: 0.0312
2026/04/12 18:48:02 - __main__ - INFO - 142 - trainer - [104/257] Loss: 7.3753 Loss_contra: 0.0228
2026/04/12 18:48:04 - __main__ - INFO - 142 - trainer - [156/257] Loss: 7.4458 Loss_contra: 0.0270
2026/04/12 18:48:07 - __main__ - INFO - 142 - trainer - [208/257] Loss: 7.3477 Loss_contra: 0.0292
2026/04/12 18:48:09 - __main__ - INFO - 124 - trainer - Epoch: 38
2026/04/12 18:48:09 - __main__ - INFO - 142 - trainer - [0/257] Loss: 7.4116 Loss_contra: 0.0258
2026/04/12 18:48:11 - __main__ - INFO - 142 - trainer - [52/257] Loss: 7.3848 Loss_contra: 0.0254
2026/04/12 18:48:13 - __main__ - INFO - 142 - trainer - [104/257] Loss: 7.3453 Loss_contra: 0.0215
2026/04/12 18:48:16 - __main__ - INFO - 142 - trainer - [156/257] Loss: 7.4787 Loss_contra: 0.0234
2026/04/12 18:48:18 - __main__ - INFO - 142 - trainer - [208/257] Loss: 7.4395 Loss_contra: 0.0229
2026/04/12 18:48:20 - __main__ - INFO - 152 - trainer - start predicting: 2026-04-12 18:48:20.451506
2026/04/12 18:48:33 - __main__ - INFO - 187 - trainer - {'Best_HR@5': 6.2268, 'Best_NDCG@5': 4.3424, 'Best_HR@10': 8.451, 'Best_NDCG@10': 5.0583, 'Best_HR@20': 11.8093, 'Best_NDCG@20': 5.9068}
2026/04/12 18:48:33 - __main__ - INFO - 188 - trainer - {'Best_epoch_HR@5': 38, 'Best_epoch_NDCG@5': 38, 'Best_epoch_HR@10': 38, 'Best_epoch_NDCG@10': 38, 'Best_epoch_HR@20': 38, 'Best_epoch_NDCG@20': 38}
2026/04/12 18:48:33 - __main__ - INFO - 124 - trainer - Epoch: 39
2026/04/12 18:48:33 - __main__ - INFO - 142 - trainer - [0/257] Loss: 7.3117 Loss_contra: 0.0280
2026/04/12 18:48:35 - __main__ - INFO - 142 - trainer - [52/257] Loss: 7.1115 Loss_contra: 0.0282
2026/04/12 18:48:38 - __main__ - INFO - 142 - trainer - [104/257] Loss: 7.2301 Loss_contra: 0.0289
2026/04/12 18:48:40 - __main__ - INFO - 142 - trainer - [156/257] Loss: 7.4255 Loss_contra: 0.0224
2026/04/12 18:48:42 - __main__ - INFO - 142 - trainer - [208/257] Loss: 7.3365 Loss_contra: 0.0262
2026/04/12 18:48:44 - __main__ - INFO - 124 - trainer - Epoch: 40
2026/04/12 18:48:44 - __main__ - INFO - 142 - trainer - [0/257] Loss: 7.1555 Loss_contra: 0.0239
2026/04/12 18:48:47 - __main__ - INFO - 142 - trainer - [52/257] Loss: 7.4582 Loss_contra: 0.0237
2026/04/12 18:48:49 - __main__ - INFO - 142 - trainer - [104/257] Loss: 7.2749 Loss_contra: 0.0212
2026/04/12 18:48:51 - __main__ - INFO - 142 - trainer - [156/257] Loss: 7.1970 Loss_contra: 0.0224
2026/04/12 18:48:54 - __main__ - INFO - 142 - trainer - [208/257] Loss: 7.3933 Loss_contra: 0.0225
2026/04/12 18:48:56 - __main__ - INFO - 152 - trainer - start predicting: 2026-04-12 18:48:56.403099
2026/04/12 18:49:09 - __main__ - INFO - 187 - trainer - {'Best_HR@5': 6.2268, 'Best_NDCG@5': 4.3906, 'Best_HR@10': 8.7254, 'Best_NDCG@10': 5.2065, 'Best_HR@20': 11.9661, 'Best_NDCG@20': 6.0189}
2026/04/12 18:49:09 - __main__ - INFO - 188 - trainer - {'Best_epoch_HR@5': 38, 'Best_epoch_NDCG@5': 40, 'Best_epoch_HR@10': 40, 'Best_epoch_NDCG@10': 40, 'Best_epoch_HR@20': 40, 'Best_epoch_NDCG@20': 40}
2026/04/12 18:49:09 - __main__ - INFO - 124 - trainer - Epoch: 41
2026/04/12 18:49:09 - __main__ - INFO - 142 - trainer - [0/257] Loss: 7.0898 Loss_contra: 0.0247
2026/04/12 18:49:11 - __main__ - INFO - 142 - trainer - [52/257] Loss: 6.9758 Loss_contra: 0.0272
2026/04/12 18:49:13 - __main__ - INFO - 142 - trainer - [104/257] Loss: 7.3083 Loss_contra: 0.0219
2026/04/12 18:49:16 - __main__ - INFO - 142 - trainer - [156/257] Loss: 7.0890 Loss_contra: 0.0218
2026/04/12 18:49:18 - __main__ - INFO - 142 - trainer - [208/257] Loss: 7.3993 Loss_contra: 0.0205
2026/04/12 18:49:20 - __main__ - INFO - 124 - trainer - Epoch: 42
2026/04/12 18:49:20 - __main__ - INFO - 142 - trainer - [0/257] Loss: 7.1983 Loss_contra: 0.0222
2026/04/12 18:49:22 - __main__ - INFO - 142 - trainer - [52/257] Loss: 7.3095 Loss_contra: 0.0198
2026/04/12 18:49:25 - __main__ - INFO - 142 - trainer - [104/257] Loss: 7.1658 Loss_contra: 0.0186
2026/04/12 18:49:27 - __main__ - INFO - 142 - trainer - [156/257] Loss: 7.0282 Loss_contra: 0.0249
2026/04/12 18:49:29 - __main__ - INFO - 142 - trainer - [208/257] Loss: 7.2204 Loss_contra: 0.0220
2026/04/12 18:49:32 - __main__ - INFO - 152 - trainer - start predicting: 2026-04-12 18:49:32.008497
2026/04/12 18:49:44 - __main__ - INFO - 187 - trainer - {'Best_HR@5': 6.3488, 'Best_NDCG@5': 4.5066, 'Best_HR@10': 8.7634, 'Best_NDCG@10': 5.2839, 'Best_HR@20': 12.068, 'Best_NDCG@20': 6.1147}
2026/04/12 18:49:44 - __main__ - INFO - 188 - trainer - {'Best_epoch_HR@5': 42, 'Best_epoch_NDCG@5': 42, 'Best_epoch_HR@10': 42, 'Best_epoch_NDCG@10': 42, 'Best_epoch_HR@20': 42, 'Best_epoch_NDCG@20': 42}
2026/04/12 18:49:44 - __main__ - INFO - 124 - trainer - Epoch: 43
2026/04/12 18:49:44 - __main__ - INFO - 142 - trainer - [0/257] Loss: 7.3563 Loss_contra: 0.0226
2026/04/12 18:49:47 - __main__ - INFO - 142 - trainer - [52/257] Loss: 7.2378 Loss_contra: 0.0220
2026/04/12 18:49:49 - __main__ - INFO - 142 - trainer - [104/257] Loss: 7.2006 Loss_contra: 0.0199
2026/04/12 18:49:51 - __main__ - INFO - 142 - trainer - [156/257] Loss: 7.2890 Loss_contra: 0.0215
2026/04/12 18:49:54 - __main__ - INFO - 142 - trainer - [208/257] Loss: 7.0463 Loss_contra: 0.0235
2026/04/12 18:49:56 - __main__ - INFO - 124 - trainer - Epoch: 44
2026/04/12 18:49:56 - __main__ - INFO - 142 - trainer - [0/257] Loss: 7.3698 Loss_contra: 0.0231
2026/04/12 18:49:58 - __main__ - INFO - 142 - trainer - [52/257] Loss: 7.2042 Loss_contra: 0.0205
2026/04/12 18:50:01 - __main__ - INFO - 142 - trainer - [104/257] Loss: 7.0848 Loss_contra: 0.0194
2026/04/12 18:50:03 - __main__ - INFO - 142 - trainer - [156/257] Loss: 7.1414 Loss_contra: 0.0209
2026/04/12 18:50:05 - __main__ - INFO - 142 - trainer - [208/257] Loss: 7.0573 Loss_contra: 0.0210
2026/04/12 18:50:07 - __main__ - INFO - 152 - trainer - start predicting: 2026-04-12 18:50:07.720604
2026/04/12 18:50:20 - __main__ - INFO - 187 - trainer - {'Best_HR@5': 6.3488, 'Best_NDCG@5': 4.5066, 'Best_HR@10': 8.8805, 'Best_NDCG@10': 5.3306, 'Best_HR@20': 12.3131, 'Best_NDCG@20': 6.1963}
2026/04/12 18:50:20 - __main__ - INFO - 188 - trainer - {'Best_epoch_HR@5': 42, 'Best_epoch_NDCG@5': 42, 'Best_epoch_HR@10': 44, 'Best_epoch_NDCG@10': 44, 'Best_epoch_HR@20': 44, 'Best_epoch_NDCG@20': 44}
2026/04/12 18:50:20 - __main__ - INFO - 124 - trainer - Epoch: 45
2026/04/12 18:50:20 - __main__ - INFO - 142 - trainer - [0/257] Loss: 7.0524 Loss_contra: 0.0223
2026/04/12 18:50:23 - __main__ - INFO - 142 - trainer - [52/257] Loss: 7.3811 Loss_contra: 0.0182
2026/04/12 18:50:25 - __main__ - INFO - 142 - trainer - [104/257] Loss: 7.1619 Loss_contra: 0.0195
2026/04/12 18:50:27 - __main__ - INFO - 142 - trainer - [156/257] Loss: 7.0124 Loss_contra: 0.0204
2026/04/12 18:50:29 - __main__ - INFO - 142 - trainer - [208/257] Loss: 7.2181 Loss_contra: 0.0203
2026/04/12 18:50:31 - __main__ - INFO - 124 - trainer - Epoch: 46
2026/04/12 18:50:31 - __main__ - INFO - 142 - trainer - [0/257] Loss: 7.0563 Loss_contra: 0.0266
2026/04/12 18:50:34 - __main__ - INFO - 142 - trainer - [52/257] Loss: 7.2087 Loss_contra: 0.0217
2026/04/12 18:50:36 - __main__ - INFO - 142 - trainer - [104/257] Loss: 6.9600 Loss_contra: 0.0215
2026/04/12 18:50:38 - __main__ - INFO - 142 - trainer - [156/257] Loss: 7.0909 Loss_contra: 0.0188
2026/04/12 18:50:41 - __main__ - INFO - 142 - trainer - [208/257] Loss: 7.1890 Loss_contra: 0.0214
2026/04/12 18:50:43 - __main__ - INFO - 152 - trainer - start predicting: 2026-04-12 18:50:43.222030
2026/04/12 18:50:56 - __main__ - INFO - 187 - trainer - {'Best_HR@5': 6.3488, 'Best_NDCG@5': 4.5322, 'Best_HR@10': 8.8869, 'Best_NDCG@10': 5.3567, 'Best_HR@20': 12.4501, 'Best_NDCG@20': 6.2546}
2026/04/12 18:50:56 - __main__ - INFO - 188 - trainer - {'Best_epoch_HR@5': 42, 'Best_epoch_NDCG@5': 46, 'Best_epoch_HR@10': 46, 'Best_epoch_NDCG@10': 46, 'Best_epoch_HR@20': 46, 'Best_epoch_NDCG@20': 46}
2026/04/12 18:50:56 - __main__ - INFO - 124 - trainer - Epoch: 47
2026/04/12 18:50:56 - __main__ - INFO - 142 - trainer - [0/257] Loss: 7.0885 Loss_contra: 0.0211
2026/04/12 18:50:58 - __main__ - INFO - 142 - trainer - [52/257] Loss: 7.0214 Loss_contra: 0.0197
2026/04/12 18:51:00 - __main__ - INFO - 142 - trainer - [104/257] Loss: 7.1245 Loss_contra: 0.0194
2026/04/12 18:51:02 - __main__ - INFO - 142 - trainer - [156/257] Loss: 7.0021 Loss_contra: 0.0220
2026/04/12 18:51:05 - __main__ - INFO - 142 - trainer - [208/257] Loss: 6.9475 Loss_contra: 0.0188
2026/04/12 18:51:07 - __main__ - INFO - 124 - trainer - Epoch: 48
2026/04/12 18:51:07 - __main__ - INFO - 142 - trainer - [0/257] Loss: 7.0200 Loss_contra: 0.0190
2026/04/12 18:51:09 - __main__ - INFO - 142 - trainer - [52/257] Loss: 6.9085 Loss_contra: 0.0187
2026/04/12 18:51:11 - __main__ - INFO - 142 - trainer - [104/257] Loss: 7.1996 Loss_contra: 0.0145
2026/04/12 18:51:14 - __main__ - INFO - 142 - trainer - [156/257] Loss: 7.1449 Loss_contra: 0.0158
2026/04/12 18:51:16 - __main__ - INFO - 142 - trainer - [208/257] Loss: 7.1558 Loss_contra: 0.0195
2026/04/12 18:51:18 - __main__ - INFO - 152 - trainer - start predicting: 2026-04-12 18:51:18.692806
2026/04/12 18:51:31 - __main__ - INFO - 187 - trainer - {'Best_HR@5': 6.532, 'Best_NDCG@5': 4.6832, 'Best_HR@10': 9.1705, 'Best_NDCG@10': 5.5293, 'Best_HR@20': 12.4744, 'Best_NDCG@20': 6.3562}
2026/04/12 18:51:31 - __main__ - INFO - 188 - trainer - {'Best_epoch_HR@5': 48, 'Best_epoch_NDCG@5': 48, 'Best_epoch_HR@10': 48, 'Best_epoch_NDCG@10': 48, 'Best_epoch_HR@20': 48, 'Best_epoch_NDCG@20': 48}
2026/04/12 18:51:31 - __main__ - INFO - 124 - trainer - Epoch: 49
2026/04/12 18:51:31 - __main__ - INFO - 142 - trainer - [0/257] Loss: 7.0011 Loss_contra: 0.0171
2026/04/12 18:51:33 - __main__ - INFO - 142 - trainer - [52/257] Loss: 6.9085 Loss_contra: 0.0193
2026/04/12 18:51:36 - __main__ - INFO - 142 - trainer - [104/257] Loss: 6.9784 Loss_contra: 0.0162
2026/04/12 18:51:38 - __main__ - INFO - 142 - trainer - [156/257] Loss: 6.9309 Loss_contra: 0.0162
2026/04/12 18:51:40 - __main__ - INFO - 142 - trainer - [208/257] Loss: 7.1305 Loss_contra: 0.0157
2026/04/12 18:51:42 - __main__ - INFO - 124 - trainer - Epoch: 50
2026/04/12 18:51:42 - __main__ - INFO - 142 - trainer - [0/257] Loss: 6.9146 Loss_contra: 0.0184
2026/04/12 18:51:45 - __main__ - INFO - 142 - trainer - [52/257] Loss: 6.8910 Loss_contra: 0.0168
2026/04/12 18:51:47 - __main__ - INFO - 142 - trainer - [104/257] Loss: 7.0373 Loss_contra: 0.0164
2026/04/12 18:51:49 - __main__ - INFO - 142 - trainer - [156/257] Loss: 6.7493 Loss_contra: 0.0185
2026/04/12 18:51:52 - __main__ - INFO - 142 - trainer - [208/257] Loss: 7.0575 Loss_contra: 0.0173
2026/04/12 18:51:54 - __main__ - INFO - 152 - trainer - start predicting: 2026-04-12 18:51:54.118985
2026/04/12 18:52:07 - __main__ - INFO - 187 - trainer - {'Best_HR@5': 6.6009, 'Best_NDCG@5': 4.7107, 'Best_HR@10': 9.1705, 'Best_NDCG@10': 5.532, 'Best_HR@20': 12.7207, 'Best_NDCG@20': 6.4276}
2026/04/12 18:52:07 - __main__ - INFO - 188 - trainer - {'Best_epoch_HR@5': 50, 'Best_epoch_NDCG@5': 50, 'Best_epoch_HR@10': 48, 'Best_epoch_NDCG@10': 50, 'Best_epoch_HR@20': 50, 'Best_epoch_NDCG@20': 50}
2026/04/12 18:52:07 - __main__ - INFO - 124 - trainer - Epoch: 51
2026/04/12 18:52:07 - __main__ - INFO - 142 - trainer - [0/257] Loss: 6.9042 Loss_contra: 0.0222
2026/04/12 18:52:09 - __main__ - INFO - 142 - trainer - [52/257] Loss: 6.7773 Loss_contra: 0.0162
2026/04/12 18:52:11 - __main__ - INFO - 142 - trainer - [104/257] Loss: 7.0841 Loss_contra: 0.0171
2026/04/12 18:52:13 - __main__ - INFO - 142 - trainer - [156/257] Loss: 7.0403 Loss_contra: 0.0152
2026/04/12 18:52:16 - __main__ - INFO - 142 - trainer - [208/257] Loss: 7.1113 Loss_contra: 0.0134
2026/04/12 18:52:18 - __main__ - INFO - 124 - trainer - Epoch: 52
2026/04/12 18:52:18 - __main__ - INFO - 142 - trainer - [0/257] Loss: 6.9401 Loss_contra: 0.0154
2026/04/12 18:52:20 - __main__ - INFO - 142 - trainer - [52/257] Loss: 6.9617 Loss_contra: 0.0167
2026/04/12 18:52:22 - __main__ - INFO - 142 - trainer - [104/257] Loss: 6.8478 Loss_contra: 0.0167
2026/04/12 18:52:25 - __main__ - INFO - 142 - trainer - [156/257] Loss: 6.8634 Loss_contra: 0.0153
2026/04/12 18:52:27 - __main__ - INFO - 142 - trainer - [208/257] Loss: 6.9643 Loss_contra: 0.0178
2026/04/12 18:52:29 - __main__ - INFO - 152 - trainer - start predicting: 2026-04-12 18:52:29.747940
2026/04/12 18:52:42 - __main__ - INFO - 187 - trainer - {'Best_HR@5': 6.6295, 'Best_NDCG@5': 4.7107, 'Best_HR@10': 9.1705, 'Best_NDCG@10': 5.532, 'Best_HR@20': 12.7207, 'Best_NDCG@20': 6.4276}
2026/04/12 18:52:42 - __main__ - INFO - 188 - trainer - {'Best_epoch_HR@5': 52, 'Best_epoch_NDCG@5': 50, 'Best_epoch_HR@10': 48, 'Best_epoch_NDCG@10': 50, 'Best_epoch_HR@20': 50, 'Best_epoch_NDCG@20': 50}
2026/04/12 18:52:42 - __main__ - INFO - 124 - trainer - Epoch: 53
2026/04/12 18:52:42 - __main__ - INFO - 142 - trainer - [0/257] Loss: 6.5883 Loss_contra: 0.0195
2026/04/12 18:52:44 - __main__ - INFO - 142 - trainer - [52/257] Loss: 6.6288 Loss_contra: 0.0155
2026/04/12 18:52:47 - __main__ - INFO - 142 - trainer - [104/257] Loss: 6.8177 Loss_contra: 0.0167
2026/04/12 18:52:49 - __main__ - INFO - 142 - trainer - [156/257] Loss: 6.6967 Loss_contra: 0.0172
2026/04/12 18:52:51 - __main__ - INFO - 142 - trainer - [208/257] Loss: 6.7433 Loss_contra: 0.0155
2026/04/12 18:52:53 - __main__ - INFO - 124 - trainer - Epoch: 54
2026/04/12 18:52:53 - __main__ - INFO - 142 - trainer - [0/257] Loss: 6.7239 Loss_contra: 0.0157
2026/04/12 18:52:55 - __main__ - INFO - 142 - trainer - [52/257] Loss: 6.7410 Loss_contra: 0.0156
2026/04/12 18:52:58 - __main__ - INFO - 142 - trainer - [104/257] Loss: 7.0931 Loss_contra: 0.0136
2026/04/12 18:53:00 - __main__ - INFO - 142 - trainer - [156/257] Loss: 6.6766 Loss_contra: 0.0160
2026/04/12 18:53:02 - __main__ - INFO - 142 - trainer - [208/257] Loss: 6.6735 Loss_contra: 0.0183
2026/04/12 18:53:05 - __main__ - INFO - 152 - trainer - start predicting: 2026-04-12 18:53:05.001602
2026/04/12 18:53:17 - __main__ - INFO - 187 - trainer - {'Best_HR@5': 6.6367, 'Best_NDCG@5': 4.7883, 'Best_HR@10': 9.3637, 'Best_NDCG@10': 5.664, 'Best_HR@20': 12.7963, 'Best_NDCG@20': 6.5291}
2026/04/12 18:53:17 - __main__ - INFO - 188 - trainer - {'Best_epoch_HR@5': 54, 'Best_epoch_NDCG@5': 54, 'Best_epoch_HR@10': 54, 'Best_epoch_NDCG@10': 54, 'Best_epoch_HR@20': 54, 'Best_epoch_NDCG@20': 54}
2026/04/12 18:53:17 - __main__ - INFO - 124 - trainer - Epoch: 55
2026/04/12 18:53:17 - __main__ - INFO - 142 - trainer - [0/257] Loss: 6.8098 Loss_contra: 0.0137
2026/04/12 18:53:20 - __main__ - INFO - 142 - trainer - [52/257] Loss: 6.8314 Loss_contra: 0.0128
2026/04/12 18:53:22 - __main__ - INFO - 142 - trainer - [104/257] Loss: 7.0666 Loss_contra: 0.0154
2026/04/12 18:53:24 - __main__ - INFO - 142 - trainer - [156/257] Loss: 6.6816 Loss_contra: 0.0157
2026/04/12 18:53:27 - __main__ - INFO - 142 - trainer - [208/257] Loss: 6.8957 Loss_contra: 0.0161
2026/04/12 18:53:29 - __main__ - INFO - 124 - trainer - Epoch: 56
2026/04/12 18:53:29 - __main__ - INFO - 142 - trainer - [0/257] Loss: 6.6359 Loss_contra: 0.0147
2026/04/12 18:53:31 - __main__ - INFO - 142 - trainer - [52/257] Loss: 6.8780 Loss_contra: 0.0144
2026/04/12 18:53:33 - __main__ - INFO - 142 - trainer - [104/257] Loss: 6.8362 Loss_contra: 0.0115
2026/04/12 18:53:35 - __main__ - INFO - 142 - trainer - [156/257] Loss: 6.9153 Loss_contra: 0.0148
2026/04/12 18:53:38 - __main__ - INFO - 142 - trainer - [208/257] Loss: 6.7400 Loss_contra: 0.0153
2026/04/12 18:53:40 - __main__ - INFO - 152 - trainer - start predicting: 2026-04-12 18:53:40.278415
2026/04/12 18:53:53 - __main__ - INFO - 187 - trainer - {'Best_HR@5': 6.8755, 'Best_NDCG@5': 4.9123, 'Best_HR@10': 9.3637, 'Best_NDCG@10': 5.6943, 'Best_HR@20': 12.8756, 'Best_NDCG@20': 6.5947}
2026/04/12 18:53:53 - __main__ - INFO - 188 - trainer - {'Best_epoch_HR@5': 56, 'Best_epoch_NDCG@5': 56, 'Best_epoch_HR@10': 54, 'Best_epoch_NDCG@10': 56, 'Best_epoch_HR@20': 56, 'Best_epoch_NDCG@20': 56}
2026/04/12 18:53:53 - __main__ - INFO - 124 - trainer - Epoch: 57
2026/04/12 18:53:53 - __main__ - INFO - 142 - trainer - [0/257] Loss: 6.7170 Loss_contra: 0.0150
2026/04/12 18:53:55 - __main__ - INFO - 142 - trainer - [52/257] Loss: 6.8678 Loss_contra: 0.0164
2026/04/12 18:53:57 - __main__ - INFO - 142 - trainer - [104/257] Loss: 6.9120 Loss_contra: 0.0130
2026/04/12 18:54:00 - __main__ - INFO - 142 - trainer - [156/257] Loss: 6.8848 Loss_contra: 0.0127
2026/04/12 18:54:02 - __main__ - INFO - 142 - trainer - [208/257] Loss: 6.8964 Loss_contra: 0.0164
2026/04/12 18:54:04 - __main__ - INFO - 124 - trainer - Epoch: 58
2026/04/12 18:54:04 - __main__ - INFO - 142 - trainer - [0/257] Loss: 6.7608 Loss_contra: 0.0172
2026/04/12 18:54:06 - __main__ - INFO - 142 - trainer - [52/257] Loss: 6.8092 Loss_contra: 0.0146
2026/04/12 18:54:09 - __main__ - INFO - 142 - trainer - [104/257] Loss: 7.0025 Loss_contra: 0.0156
2026/04/12 18:54:11 - __main__ - INFO - 142 - trainer - [156/257] Loss: 6.9049 Loss_contra: 0.0132
2026/04/12 18:54:13 - __main__ - INFO - 142 - trainer - [208/257] Loss: 6.9339 Loss_contra: 0.0146
2026/04/12 18:54:15 - __main__ - INFO - 152 - trainer - start predicting: 2026-04-12 18:54:15.811253
2026/04/12 18:54:28 - __main__ - INFO - 187 - trainer - {'Best_HR@5': 6.8907, 'Best_NDCG@5': 4.9123, 'Best_HR@10': 9.5404, 'Best_NDCG@10': 5.7477, 'Best_HR@20': 12.9713, 'Best_NDCG@20': 6.6129}
2026/04/12 18:54:28 - __main__ - INFO - 188 - trainer - {'Best_epoch_HR@5': 58, 'Best_epoch_NDCG@5': 56, 'Best_epoch_HR@10': 58, 'Best_epoch_NDCG@10': 58, 'Best_epoch_HR@20': 58, 'Best_epoch_NDCG@20': 58}
2026/04/12 18:54:28 - __main__ - INFO - 124 - trainer - Epoch: 59
2026/04/12 18:54:28 - __main__ - INFO - 142 - trainer - [0/257] Loss: 6.7702 Loss_contra: 0.0166
2026/04/12 18:54:30 - __main__ - INFO - 142 - trainer - [52/257] Loss: 6.9381 Loss_contra: 0.0145
2026/04/12 18:54:33 - __main__ - INFO - 142 - trainer - [104/257] Loss: 6.8188 Loss_contra: 0.0149
2026/04/12 18:54:35 - __main__ - INFO - 142 - trainer - [156/257] Loss: 6.8347 Loss_contra: 0.0160
2026/04/12 18:54:37 - __main__ - INFO - 142 - trainer - [208/257] Loss: 6.6947 Loss_contra: 0.0151
2026/04/12 18:54:39 - __main__ - INFO - 124 - trainer - Epoch: 60
2026/04/12 18:54:39 - __main__ - INFO - 142 - trainer - [0/257] Loss: 6.5425 Loss_contra: 0.0155
2026/04/12 18:54:42 - __main__ - INFO - 142 - trainer - [52/257] Loss: 6.7532 Loss_contra: 0.0124
2026/04/12 18:54:44 - __main__ - INFO - 142 - trainer - [104/257] Loss: 6.7453 Loss_contra: 0.0150
2026/04/12 18:54:46 - __main__ - INFO - 142 - trainer - [156/257] Loss: 6.8377 Loss_contra: 0.0126
2026/04/12 18:54:48 - __main__ - INFO - 142 - trainer - [208/257] Loss: 6.6756 Loss_contra: 0.0142
2026/04/12 18:54:51 - __main__ - INFO - 152 - trainer - start predicting: 2026-04-12 18:54:51.037545
2026/04/12 18:55:04 - __main__ - INFO - 187 - trainer - {'Best_HR@5': 6.8979, 'Best_NDCG@5': 4.9997, 'Best_HR@10': 9.5404, 'Best_NDCG@10': 5.838, 'Best_HR@20': 13.0176, 'Best_NDCG@20': 6.7259}
2026/04/12 18:55:04 - __main__ - INFO - 188 - trainer - {'Best_epoch_HR@5': 60, 'Best_epoch_NDCG@5': 60, 'Best_epoch_HR@10': 58, 'Best_epoch_NDCG@10': 60, 'Best_epoch_HR@20': 60, 'Best_epoch_NDCG@20': 60}
2026/04/12 18:55:04 - __main__ - INFO - 124 - trainer - Epoch: 61
2026/04/12 18:55:04 - __main__ - INFO - 142 - trainer - [0/257] Loss: 6.5836 Loss_contra: 0.0119
2026/04/12 18:55:06 - __main__ - INFO - 142 - trainer - [52/257] Loss: 6.6476 Loss_contra: 0.0122
2026/04/12 18:55:08 - __main__ - INFO - 142 - trainer - [104/257] Loss: 6.5019 Loss_contra: 0.0120
2026/04/12 18:55:10 - __main__ - INFO - 142 - trainer - [156/257] Loss: 6.8340 Loss_contra: 0.0121
2026/04/12 18:55:13 - __main__ - INFO - 142 - trainer - [208/257] Loss: 6.7688 Loss_contra: 0.0111
2026/04/12 18:55:15 - __main__ - INFO - 124 - trainer - Epoch: 62
2026/04/12 18:55:15 - __main__ - INFO - 142 - trainer - [0/257] Loss: 6.6747 Loss_contra: 0.0138
2026/04/12 18:55:17 - __main__ - INFO - 142 - trainer - [52/257] Loss: 6.6815 Loss_contra: 0.0133
2026/04/12 18:55:20 - __main__ - INFO - 142 - trainer - [104/257] Loss: 6.4908 Loss_contra: 0.0136
2026/04/12 18:55:22 - __main__ - INFO - 142 - trainer - [156/257] Loss: 6.7345 Loss_contra: 0.0133
2026/04/12 18:55:24 - __main__ - INFO - 142 - trainer - [208/257] Loss: 6.5854 Loss_contra: 0.0138
2026/04/12 18:55:27 - __main__ - INFO - 152 - trainer - start predicting: 2026-04-12 18:55:27.111383
2026/04/12 18:55:40 - __main__ - INFO - 187 - trainer - {'Best_HR@5': 6.9218, 'Best_NDCG@5': 4.9997, 'Best_HR@10': 9.5404, 'Best_NDCG@10': 5.838, 'Best_HR@20': 13.0176, 'Best_NDCG@20': 6.7259}
2026/04/12 18:55:40 - __main__ - INFO - 188 - trainer - {'Best_epoch_HR@5': 62, 'Best_epoch_NDCG@5': 60, 'Best_epoch_HR@10': 58, 'Best_epoch_NDCG@10': 60, 'Best_epoch_HR@20': 60, 'Best_epoch_NDCG@20': 60}
2026/04/12 18:55:40 - __main__ - INFO - 124 - trainer - Epoch: 63
2026/04/12 18:55:40 - __main__ - INFO - 142 - trainer - [0/257] Loss: 6.6875 Loss_contra: 0.0113
2026/04/12 18:55:42 - __main__ - INFO - 142 - trainer - [52/257] Loss: 6.7577 Loss_contra: 0.0122
2026/04/12 18:55:44 - __main__ - INFO - 142 - trainer - [104/257] Loss: 6.6784 Loss_contra: 0.0161
2026/04/12 18:55:47 - __main__ - INFO - 142 - trainer - [156/257] Loss: 6.4686 Loss_contra: 0.0126
2026/04/12 18:55:49 - __main__ - INFO - 142 - trainer - [208/257] Loss: 6.8538 Loss_contra: 0.0127
2026/04/12 18:55:51 - __main__ - INFO - 124 - trainer - Epoch: 64
2026/04/12 18:55:51 - __main__ - INFO - 142 - trainer - [0/257] Loss: 6.4336 Loss_contra: 0.0116
2026/04/12 18:55:53 - __main__ - INFO - 142 - trainer - [52/257] Loss: 6.7541 Loss_contra: 0.0120
2026/04/12 18:55:56 - __main__ - INFO - 142 - trainer - [104/257] Loss: 6.7356 Loss_contra: 0.0120
2026/04/12 18:55:58 - __main__ - INFO - 142 - trainer - [156/257] Loss: 6.8295 Loss_contra: 0.0133
2026/04/12 18:56:00 - __main__ - INFO - 142 - trainer - [208/257] Loss: 6.6255 Loss_contra: 0.0123
2026/04/12 18:56:02 - __main__ - INFO - 152 - trainer - start predicting: 2026-04-12 18:56:02.825117
2026/04/12 18:56:15 - __main__ - INFO - 187 - trainer - {'Best_HR@5': 7.1059, 'Best_NDCG@5': 5.0774, 'Best_HR@10': 9.5404, 'Best_NDCG@10': 5.8598, 'Best_HR@20': 13.1688, 'Best_NDCG@20': 6.7751}
2026/04/12 18:56:15 - __main__ - INFO - 188 - trainer - {'Best_epoch_HR@5': 64, 'Best_epoch_NDCG@5': 64, 'Best_epoch_HR@10': 58, 'Best_epoch_NDCG@10': 64, 'Best_epoch_HR@20': 64, 'Best_epoch_NDCG@20': 64}
2026/04/12 18:56:15 - __main__ - INFO - 124 - trainer - Epoch: 65
2026/04/12 18:56:15 - __main__ - INFO - 142 - trainer - [0/257] Loss: 6.7075 Loss_contra: 0.0126
2026/04/12 18:56:18 - __main__ - INFO - 142 - trainer - [52/257] Loss: 6.7010 Loss_contra: 0.0121
2026/04/12 18:56:20 - __main__ - INFO - 142 - trainer - [104/257] Loss: 6.6514 Loss_contra: 0.0120
2026/04/12 18:56:22 - __main__ - INFO - 142 - trainer - [156/257] Loss: 6.5271 Loss_contra: 0.0140
2026/04/12 18:56:24 - __main__ - INFO - 142 - trainer - [208/257] Loss: 6.8927 Loss_contra: 0.0121
2026/04/12 18:56:26 - __main__ - INFO - 124 - trainer - Epoch: 66
2026/04/12 18:56:27 - __main__ - INFO - 142 - trainer - [0/257] Loss: 6.6897 Loss_contra: 0.0132
2026/04/12 18:56:29 - __main__ - INFO - 142 - trainer - [52/257] Loss: 6.6062 Loss_contra: 0.0128
2026/04/12 18:56:31 - __main__ - INFO - 142 - trainer - [104/257] Loss: 6.5861 Loss_contra: 0.0130
2026/04/12 18:56:33 - __main__ - INFO - 142 - trainer - [156/257] Loss: 6.6678 Loss_contra: 0.0102
2026/04/12 18:56:36 - __main__ - INFO - 142 - trainer - [208/257] Loss: 6.6952 Loss_contra: 0.0114
2026/04/12 18:56:38 - __main__ - INFO - 152 - trainer - start predicting: 2026-04-12 18:56:38.255689
2026/04/12 18:56:51 - __main__ - INFO - 187 - trainer - {'Best_HR@5': 7.1059, 'Best_NDCG@5': 5.0774, 'Best_HR@10': 9.6338, 'Best_NDCG@10': 5.8807, 'Best_HR@20': 13.1688, 'Best_NDCG@20': 6.7751}
2026/04/12 18:56:51 - __main__ - INFO - 188 - trainer - {'Best_epoch_HR@5': 64, 'Best_epoch_NDCG@5': 64, 'Best_epoch_HR@10': 66, 'Best_epoch_NDCG@10': 66, 'Best_epoch_HR@20': 64, 'Best_epoch_NDCG@20': 64}
2026/04/12 18:56:51 - __main__ - INFO - 124 - trainer - Epoch: 67
2026/04/12 18:56:51 - __main__ - INFO - 142 - trainer - [0/257] Loss: 6.5121 Loss_contra: 0.0117
2026/04/12 18:56:53 - __main__ - INFO - 142 - trainer - [52/257] Loss: 6.6286 Loss_contra: 0.0121
2026/04/12 18:56:55 - __main__ - INFO - 142 - trainer - [104/257] Loss: 6.6454 Loss_contra: 0.0111
2026/04/12 18:56:57 - __main__ - INFO - 142 - trainer - [156/257] Loss: 6.6899 Loss_contra: 0.0108
2026/04/12 18:57:00 - __main__ - INFO - 142 - trainer - [208/257] Loss: 6.6547 Loss_contra: 0.0101
2026/04/12 18:57:02 - __main__ - INFO - 124 - trainer - Epoch: 68
2026/04/12 18:57:02 - __main__ - INFO - 142 - trainer - [0/257] Loss: 6.5431 Loss_contra: 0.0125
2026/04/12 18:57:04 - __main__ - INFO - 142 - trainer - [52/257] Loss: 6.5546 Loss_contra: 0.0124
2026/04/12 18:57:07 - __main__ - INFO - 142 - trainer - [104/257] Loss: 6.4053 Loss_contra: 0.0110
2026/04/12 18:57:09 - __main__ - INFO - 142 - trainer - [156/257] Loss: 6.5704 Loss_contra: 0.0108
2026/04/12 18:57:11 - __main__ - INFO - 142 - trainer - [208/257] Loss: 6.6849 Loss_contra: 0.0105
2026/04/12 18:57:13 - __main__ - INFO - 152 - trainer - start predicting: 2026-04-12 18:57:13.746321
2026/04/12 18:57:26 - __main__ - INFO - 124 - trainer - Epoch: 69
2026/04/12 18:57:26 - __main__ - INFO - 142 - trainer - [0/257] Loss: 6.6763 Loss_contra: 0.0110
2026/04/12 18:57:29 - __main__ - INFO - 142 - trainer - [52/257] Loss: 6.4692 Loss_contra: 0.0116
2026/04/12 18:57:31 - __main__ - INFO - 142 - trainer - [104/257] Loss: 6.3177 Loss_contra: 0.0103
2026/04/12 18:57:33 - __main__ - INFO - 142 - trainer - [156/257] Loss: 6.5141 Loss_contra: 0.0136
2026/04/12 18:57:36 - __main__ - INFO - 142 - trainer - [208/257] Loss: 6.5753 Loss_contra: 0.0111
2026/04/12 18:57:38 - __main__ - INFO - 124 - trainer - Epoch: 70
2026/04/12 18:57:38 - __main__ - INFO - 142 - trainer - [0/257] Loss: 6.4161 Loss_contra: 0.0135
2026/04/12 18:57:40 - __main__ - INFO - 142 - trainer - [52/257] Loss: 6.4398 Loss_contra: 0.0113
2026/04/12 18:57:42 - __main__ - INFO - 142 - trainer - [104/257] Loss: 6.7065 Loss_contra: 0.0100
2026/04/12 18:57:44 - __main__ - INFO - 142 - trainer - [156/257] Loss: 6.5618 Loss_contra: 0.0113
2026/04/12 18:57:47 - __main__ - INFO - 142 - trainer - [208/257] Loss: 6.4454 Loss_contra: 0.0111
2026/04/12 18:57:49 - __main__ - INFO - 152 - trainer - start predicting: 2026-04-12 18:57:49.386409
2026/04/12 18:58:02 - __main__ - INFO - 124 - trainer - Epoch: 71
2026/04/12 18:58:02 - __main__ - INFO - 142 - trainer - [0/257] Loss: 6.2963 Loss_contra: 0.0126
2026/04/12 18:58:04 - __main__ - INFO - 142 - trainer - [52/257] Loss: 6.5100 Loss_contra: 0.0122
2026/04/12 18:58:06 - __main__ - INFO - 142 - trainer - [104/257] Loss: 6.3719 Loss_contra: 0.0123
2026/04/12 18:58:09 - __main__ - INFO - 142 - trainer - [156/257] Loss: 6.5177 Loss_contra: 0.0095
2026/04/12 18:58:11 - __main__ - INFO - 142 - trainer - [208/257] Loss: 6.5802 Loss_contra: 0.0119
2026/04/12 18:58:13 - __main__ - INFO - 124 - trainer - Epoch: 72
2026/04/12 18:58:13 - __main__ - INFO - 142 - trainer - [0/257] Loss: 6.4812 Loss_contra: 0.0123
2026/04/12 18:58:15 - __main__ - INFO - 142 - trainer - [52/257] Loss: 6.4161 Loss_contra: 0.0101
2026/04/12 18:58:17 - __main__ - INFO - 142 - trainer - [104/257] Loss: 6.5885 Loss_contra: 0.0098
2026/04/12 18:58:20 - __main__ - INFO - 142 - trainer - [156/257] Loss: 6.5602 Loss_contra: 0.0123
2026/04/12 18:58:22 - __main__ - INFO - 142 - trainer - [208/257] Loss: 6.5087 Loss_contra: 0.0102
2026/04/12 18:58:24 - __main__ - INFO - 152 - trainer - start predicting: 2026-04-12 18:58:24.601422
2026/04/12 18:58:37 - __main__ - INFO - 187 - trainer - {'Best_HR@5': 7.1498, 'Best_NDCG@5': 5.1687, 'Best_HR@10': 9.7605, 'Best_NDCG@10': 6.0018, 'Best_HR@20': 13.2396, 'Best_NDCG@20': 6.8755}
2026/04/12 18:58:37 - __main__ - INFO - 188 - trainer - {'Best_epoch_HR@5': 72, 'Best_epoch_NDCG@5': 72, 'Best_epoch_HR@10': 72, 'Best_epoch_NDCG@10': 72, 'Best_epoch_HR@20': 72, 'Best_epoch_NDCG@20': 72}
2026/04/12 18:58:37 - __main__ - INFO - 124 - trainer - Epoch: 73
2026/04/12 18:58:37 - __main__ - INFO - 142 - trainer - [0/257] Loss: 6.5166 Loss_contra: 0.0117
2026/04/12 18:58:39 - __main__ - INFO - 142 - trainer - [52/257] Loss: 6.4869 Loss_contra: 0.0107
2026/04/12 18:58:42 - __main__ - INFO - 142 - trainer - [104/257] Loss: 6.2592 Loss_contra: 0.0106
2026/04/12 18:58:44 - __main__ - INFO - 142 - trainer - [156/257] Loss: 6.7273 Loss_contra: 0.0103
2026/04/12 18:58:46 - __main__ - INFO - 142 - trainer - [208/257] Loss: 6.5939 Loss_contra: 0.0096
2026/04/12 18:58:48 - __main__ - INFO - 124 - trainer - Epoch: 74
2026/04/12 18:58:48 - __main__ - INFO - 142 - trainer - [0/257] Loss: 6.4273 Loss_contra: 0.0109
2026/04/12 18:58:50 - __main__ - INFO - 142 - trainer - [52/257] Loss: 6.4201 Loss_contra: 0.0091
2026/04/12 18:58:53 - __main__ - INFO - 142 - trainer - [104/257] Loss: 6.3931 Loss_contra: 0.0111
2026/04/12 18:58:55 - __main__ - INFO - 142 - trainer - [156/257] Loss: 6.4061 Loss_contra: 0.0118
2026/04/12 18:58:57 - __main__ - INFO - 142 - trainer - [208/257] Loss: 6.5083 Loss_contra: 0.0126
2026/04/12 18:58:59 - __main__ - INFO - 152 - trainer - start predicting: 2026-04-12 18:58:59.975677
2026/04/12 18:59:12 - __main__ - INFO - 124 - trainer - Epoch: 75
2026/04/12 18:59:12 - __main__ - INFO - 142 - trainer - [0/257] Loss: 6.2299 Loss_contra: 0.0099
2026/04/12 18:59:15 - __main__ - INFO - 142 - trainer - [52/257] Loss: 6.3327 Loss_contra: 0.0091
2026/04/12 18:59:17 - __main__ - INFO - 142 - trainer - [104/257] Loss: 6.5673 Loss_contra: 0.0101
2026/04/12 18:59:19 - __main__ - INFO - 142 - trainer - [156/257] Loss: 6.5286 Loss_contra: 0.0089
2026/04/12 18:59:21 - __main__ - INFO - 142 - trainer - [208/257] Loss: 6.4505 Loss_contra: 0.0102
2026/04/12 18:59:24 - __main__ - INFO - 124 - trainer - Epoch: 76
2026/04/12 18:59:24 - __main__ - INFO - 142 - trainer - [0/257] Loss: 6.3659 Loss_contra: 0.0120
2026/04/12 18:59:26 - __main__ - INFO - 142 - trainer - [52/257] Loss: 6.4323 Loss_contra: 0.0113
2026/04/12 18:59:28 - __main__ - INFO - 142 - trainer - [104/257] Loss: 6.4791 Loss_contra: 0.0105
2026/04/12 18:59:30 - __main__ - INFO - 142 - trainer - [156/257] Loss: 6.4744 Loss_contra: 0.0104
2026/04/12 18:59:33 - __main__ - INFO - 142 - trainer - [208/257] Loss: 6.4718 Loss_contra: 0.0104
2026/04/12 18:59:35 - __main__ - INFO - 152 - trainer - start predicting: 2026-04-12 18:59:35.245215
2026/04/12 18:59:48 - __main__ - INFO - 187 - trainer - {'Best_HR@5': 7.1498, 'Best_NDCG@5': 5.1687, 'Best_HR@10': 9.7605, 'Best_NDCG@10': 6.0018, 'Best_HR@20': 13.2711, 'Best_NDCG@20': 6.8755}
2026/04/12 18:59:48 - __main__ - INFO - 188 - trainer - {'Best_epoch_HR@5': 72, 'Best_epoch_NDCG@5': 72, 'Best_epoch_HR@10': 72, 'Best_epoch_NDCG@10': 72, 'Best_epoch_HR@20': 76, 'Best_epoch_NDCG@20': 72}
2026/04/12 18:59:48 - __main__ - INFO - 124 - trainer - Epoch: 77
2026/04/12 18:59:48 - __main__ - INFO - 142 - trainer - [0/257] Loss: 6.3596 Loss_contra: 0.0104
2026/04/12 18:59:50 - __main__ - INFO - 142 - trainer - [52/257] Loss: 6.6203 Loss_contra: 0.0104
2026/04/12 18:59:52 - __main__ - INFO - 142 - trainer - [104/257] Loss: 6.2833 Loss_contra: 0.0113
2026/04/12 18:59:55 - __main__ - INFO - 142 - trainer - [156/257] Loss: 6.4749 Loss_contra: 0.0104
2026/04/12 18:59:57 - __main__ - INFO - 142 - trainer - [208/257] Loss: 6.5337 Loss_contra: 0.0078
2026/04/12 18:59:59 - __main__ - INFO - 124 - trainer - Epoch: 78
2026/04/12 18:59:59 - __main__ - INFO - 142 - trainer - [0/257] Loss: 6.3691 Loss_contra: 0.0097
2026/04/12 19:00:01 - __main__ - INFO - 142 - trainer - [52/257] Loss: 6.3555 Loss_contra: 0.0095
2026/04/12 19:00:04 - __main__ - INFO - 142 - trainer - [104/257] Loss: 6.4043 Loss_contra: 0.0088
2026/04/12 19:00:06 - __main__ - INFO - 142 - trainer - [156/257] Loss: 6.5338 Loss_contra: 0.0103
2026/04/12 19:00:08 - __main__ - INFO - 142 - trainer - [208/257] Loss: 6.4253 Loss_contra: 0.0089
2026/04/12 19:00:10 - __main__ - INFO - 152 - trainer - start predicting: 2026-04-12 19:00:10.715789
2026/04/12 19:00:23 - __main__ - INFO - 187 - trainer - {'Best_HR@5': 7.1528, 'Best_NDCG@5': 5.1687, 'Best_HR@10': 9.7621, 'Best_NDCG@10': 6.0018, 'Best_HR@20': 13.2816, 'Best_NDCG@20': 6.8755}
2026/04/12 19:00:23 - __main__ - INFO - 188 - trainer - {'Best_epoch_HR@5': 78, 'Best_epoch_NDCG@5': 72, 'Best_epoch_HR@10': 78, 'Best_epoch_NDCG@10': 72, 'Best_epoch_HR@20': 78, 'Best_epoch_NDCG@20': 72}
2026/04/12 19:00:23 - __main__ - INFO - 124 - trainer - Epoch: 79
2026/04/12 19:00:23 - __main__ - INFO - 142 - trainer - [0/257] Loss: 6.2982 Loss_contra: 0.0100
2026/04/12 19:00:25 - __main__ - INFO - 142 - trainer - [52/257] Loss: 6.4448 Loss_contra: 0.0088
2026/04/12 19:00:28 - __main__ - INFO - 142 - trainer - [104/257] Loss: 6.3524 Loss_contra: 0.0088
2026/04/12 19:00:30 - __main__ - INFO - 142 - trainer - [156/257] Loss: 6.1884 Loss_contra: 0.0081
2026/04/12 19:00:32 - __main__ - INFO - 142 - trainer - [208/257] Loss: 6.3702 Loss_contra: 0.0085
2026/04/12 19:00:35 - __main__ - INFO - 124 - trainer - Epoch: 80
2026/04/12 19:00:35 - __main__ - INFO - 142 - trainer - [0/257] Loss: 6.0553 Loss_contra: 0.0119
2026/04/12 19:00:37 - __main__ - INFO - 142 - trainer - [52/257] Loss: 6.2426 Loss_contra: 0.0102
2026/04/12 19:00:39 - __main__ - INFO - 142 - trainer - [104/257] Loss: 6.4623 Loss_contra: 0.0085
2026/04/12 19:00:41 - __main__ - INFO - 142 - trainer - [156/257] Loss: 6.4548 Loss_contra: 0.0108
2026/04/12 19:00:44 - __main__ - INFO - 142 - trainer - [208/257] Loss: 6.2288 Loss_contra: 0.0118
2026/04/12 19:00:46 - __main__ - INFO - 152 - trainer - start predicting: 2026-04-12 19:00:46.242296
2026/04/12 19:00:59 - __main__ - INFO - 187 - trainer - {'Best_HR@5': 7.1528, 'Best_NDCG@5': 5.1687, 'Best_HR@10': 9.7621, 'Best_NDCG@10': 6.0018, 'Best_HR@20': 13.2901, 'Best_NDCG@20': 6.8755}
2026/04/12 19:00:59 - __main__ - INFO - 188 - trainer - {'Best_epoch_HR@5': 78, 'Best_epoch_NDCG@5': 72, 'Best_epoch_HR@10': 78, 'Best_epoch_NDCG@10': 72, 'Best_epoch_HR@20': 80, 'Best_epoch_NDCG@20': 72}
2026/04/12 19:00:59 - __main__ - INFO - 124 - trainer - Epoch: 81
2026/04/12 19:00:59 - __main__ - INFO - 142 - trainer - [0/257] Loss: 6.3162 Loss_contra: 0.0097
2026/04/12 19:01:01 - __main__ - INFO - 142 - trainer - [52/257] Loss: 6.2726 Loss_contra: 0.0120
2026/04/12 19:01:03 - __main__ - INFO - 142 - trainer - [104/257] Loss: 6.2576 Loss_contra: 0.0098
2026/04/12 19:01:06 - __main__ - INFO - 142 - trainer - [156/257] Loss: 6.2981 Loss_contra: 0.0089
2026/04/12 19:01:08 - __main__ - INFO - 142 - trainer - [208/257] Loss: 6.2466 Loss_contra: 0.0101
2026/04/12 19:01:10 - __main__ - INFO - 124 - trainer - Epoch: 82
2026/04/12 19:01:10 - __main__ - INFO - 142 - trainer - [0/257] Loss: 6.2279 Loss_contra: 0.0098
2026/04/12 19:01:13 - __main__ - INFO - 142 - trainer - [52/257] Loss: 6.1191 Loss_contra: 0.0107
2026/04/12 19:01:15 - __main__ - INFO - 142 - trainer - [104/257] Loss: 6.2694 Loss_contra: 0.0099
2026/04/12 19:01:17 - __main__ - INFO - 142 - trainer - [156/257] Loss: 6.3676 Loss_contra: 0.0110
2026/04/12 19:01:20 - __main__ - INFO - 142 - trainer - [208/257] Loss: 6.4115 Loss_contra: 0.0104
2026/04/12 19:01:22 - __main__ - INFO - 152 - trainer - start predicting: 2026-04-12 19:01:22.315471
2026/04/12 19:01:35 - __main__ - INFO - 124 - trainer - Epoch: 83
2026/04/12 19:01:35 - __main__ - INFO - 142 - trainer - [0/257] Loss: 6.2616 Loss_contra: 0.0098
2026/04/12 19:01:37 - __main__ - INFO - 142 - trainer - [52/257] Loss: 6.1662 Loss_contra: 0.0098
2026/04/12 19:01:39 - __main__ - INFO - 142 - trainer - [104/257] Loss: 6.4103 Loss_contra: 0.0086
2026/04/12 19:01:42 - __main__ - INFO - 142 - trainer - [156/257] Loss: 6.3510 Loss_contra: 0.0084
2026/04/12 19:01:44 - __main__ - INFO - 142 - trainer - [208/257] Loss: 6.1179 Loss_contra: 0.0093
2026/04/12 19:01:46 - __main__ - INFO - 124 - trainer - Epoch: 84
2026/04/12 19:01:46 - __main__ - INFO - 142 - trainer - [0/257] Loss: 6.2438 Loss_contra: 0.0087
2026/04/12 19:01:48 - __main__ - INFO - 142 - trainer - [52/257] Loss: 6.2747 Loss_contra: 0.0099
2026/04/12 19:01:51 - __main__ - INFO - 142 - trainer - [104/257] Loss: 6.2536 Loss_contra: 0.0103
2026/04/12 19:01:53 - __main__ - INFO - 142 - trainer - [156/257] Loss: 6.2662 Loss_contra: 0.0086
2026/04/12 19:01:55 - __main__ - INFO - 142 - trainer - [208/257] Loss: 6.1606 Loss_contra: 0.0087
2026/04/12 19:01:57 - __main__ - INFO - 152 - trainer - start predicting: 2026-04-12 19:01:57.743531
2026/04/12 19:02:10 - __main__ - INFO - 187 - trainer - {'Best_HR@5': 7.1617, 'Best_NDCG@5': 5.1687, 'Best_HR@10': 9.8243, 'Best_NDCG@10': 6.0018, 'Best_HR@20': 13.2901, 'Best_NDCG@20': 6.8755}
2026/04/12 19:02:10 - __main__ - INFO - 188 - trainer - {'Best_epoch_HR@5': 84, 'Best_epoch_NDCG@5': 72, 'Best_epoch_HR@10': 84, 'Best_epoch_NDCG@10': 72, 'Best_epoch_HR@20': 80, 'Best_epoch_NDCG@20': 72}
2026/04/12 19:02:10 - __main__ - INFO - 124 - trainer - Epoch: 85
2026/04/12 19:02:10 - __main__ - INFO - 142 - trainer - [0/257] Loss: 6.0884 Loss_contra: 0.0098
2026/04/12 19:02:12 - __main__ - INFO - 142 - trainer - [52/257] Loss: 5.9853 Loss_contra: 0.0091
2026/04/12 19:02:15 - __main__ - INFO - 142 - trainer - [104/257] Loss: 6.3531 Loss_contra: 0.0092
2026/04/12 19:02:17 - __main__ - INFO - 142 - trainer - [156/257] Loss: 6.2465 Loss_contra: 0.0088
2026/04/12 19:02:19 - __main__ - INFO - 142 - trainer - [208/257] Loss: 6.2169 Loss_contra: 0.0096
2026/04/12 19:02:22 - __main__ - INFO - 124 - trainer - Epoch: 86
2026/04/12 19:02:22 - __main__ - INFO - 142 - trainer - [0/257] Loss: 6.2722 Loss_contra: 0.0085
2026/04/12 19:02:24 - __main__ - INFO - 142 - trainer - [52/257] Loss: 6.0564 Loss_contra: 0.0092
2026/04/12 19:02:26 - __main__ - INFO - 142 - trainer - [104/257] Loss: 6.1022 Loss_contra: 0.0110
2026/04/12 19:02:28 - __main__ - INFO - 142 - trainer - [156/257] Loss: 6.1691 Loss_contra: 0.0098
2026/04/12 19:02:31 - __main__ - INFO - 142 - trainer - [208/257] Loss: 6.3196 Loss_contra: 0.0081
2026/04/12 19:02:33 - __main__ - INFO - 152 - trainer - start predicting: 2026-04-12 19:02:33.288061
2026/04/12 19:02:46 - __main__ - INFO - 187 - trainer - {'Best_HR@5': 7.2488, 'Best_NDCG@5': 5.1861, 'Best_HR@10': 9.905, 'Best_NDCG@10': 6.0405, 'Best_HR@20': 13.3284, 'Best_NDCG@20': 6.9015}
2026/04/12 19:02:46 - __main__ - INFO - 188 - trainer - {'Best_epoch_HR@5': 86, 'Best_epoch_NDCG@5': 86, 'Best_epoch_HR@10': 86, 'Best_epoch_NDCG@10': 86, 'Best_epoch_HR@20': 86, 'Best_epoch_NDCG@20': 86}
2026/04/12 19:02:46 - __main__ - INFO - 124 - trainer - Epoch: 87
2026/04/12 19:02:46 - __main__ - INFO - 142 - trainer - [0/257] Loss: 6.1592 Loss_contra: 0.0092
2026/04/12 19:02:48 - __main__ - INFO - 142 - trainer - [52/257] Loss: 6.3139 Loss_contra: 0.0075
2026/04/12 19:02:50 - __main__ - INFO - 142 - trainer - [104/257] Loss: 6.0728 Loss_contra: 0.0084
2026/04/12 19:02:53 - __main__ - INFO - 142 - trainer - [156/257] Loss: 6.2607 Loss_contra: 0.0086
2026/04/12 19:02:55 - __main__ - INFO - 142 - trainer - [208/257] Loss: 6.4274 Loss_contra: 0.0097
2026/04/12 19:02:57 - __main__ - INFO - 124 - trainer - Epoch: 88
2026/04/12 19:02:57 - __main__ - INFO - 142 - trainer - [0/257] Loss: 6.2031 Loss_contra: 0.0087
2026/04/12 19:02:59 - __main__ - INFO - 142 - trainer - [52/257] Loss: 6.2347 Loss_contra: 0.0086
2026/04/12 19:03:02 - __main__ - INFO - 142 - trainer - [104/257] Loss: 5.8937 Loss_contra: 0.0073
2026/04/12 19:03:04 - __main__ - INFO - 142 - trainer - [156/257] Loss: 6.3723 Loss_contra: 0.0071
2026/04/12 19:03:06 - __main__ - INFO - 142 - trainer - [208/257] Loss: 6.1500 Loss_contra: 0.0104
2026/04/12 19:03:08 - __main__ - INFO - 152 - trainer - start predicting: 2026-04-12 19:03:08.664441
2026/04/12 19:03:21 - __main__ - INFO - 187 - trainer - {'Best_HR@5': 7.2524, 'Best_NDCG@5': 5.1861, 'Best_HR@10': 10.0542, 'Best_NDCG@10': 6.0619, 'Best_HR@20': 13.4896, 'Best_NDCG@20': 6.9259}
2026/04/12 19:03:21 - __main__ - INFO - 188 - trainer - {'Best_epoch_HR@5': 88, 'Best_epoch_NDCG@5': 86, 'Best_epoch_HR@10': 88, 'Best_epoch_NDCG@10': 88, 'Best_epoch_HR@20': 88, 'Best_epoch_NDCG@20': 88}
2026/04/12 19:03:21 - __main__ - INFO - 124 - trainer - Epoch: 89
2026/04/12 19:03:21 - __main__ - INFO - 142 - trainer - [0/257] Loss: 6.1116 Loss_contra: 0.0109
2026/04/12 19:03:23 - __main__ - INFO - 142 - trainer - [52/257] Loss: 5.9163 Loss_contra: 0.0089
2026/04/12 19:03:26 - __main__ - INFO - 142 - trainer - [104/257] Loss: 6.2463 Loss_contra: 0.0082
2026/04/12 19:03:28 - __main__ - INFO - 142 - trainer - [156/257] Loss: 6.1617 Loss_contra: 0.0080
2026/04/12 19:03:30 - __main__ - INFO - 142 - trainer - [208/257] Loss: 6.0036 Loss_contra: 0.0105
2026/04/12 19:03:32 - __main__ - INFO - 124 - trainer - Epoch: 90
2026/04/12 19:03:32 - __main__ - INFO - 142 - trainer - [0/257] Loss: 6.1605 Loss_contra: 0.0079
2026/04/12 19:03:34 - __main__ - INFO - 142 - trainer - [52/257] Loss: 6.1514 Loss_contra: 0.0077
2026/04/12 19:03:37 - __main__ - INFO - 142 - trainer - [104/257] Loss: 6.0916 Loss_contra: 0.0077
2026/04/12 19:03:39 - __main__ - INFO - 142 - trainer - [156/257] Loss: 6.1760 Loss_contra: 0.0083
2026/04/12 19:03:41 - __main__ - INFO - 142 - trainer - [208/257] Loss: 5.9922 Loss_contra: 0.0105
2026/04/12 19:03:43 - __main__ - INFO - 152 - trainer - start predicting: 2026-04-12 19:03:43.991769
2026/04/12 19:03:56 - __main__ - INFO - 187 - trainer - {'Best_HR@5': 7.4418, 'Best_NDCG@5': 5.2348, 'Best_HR@10': 10.1392, 'Best_NDCG@10': 6.1023, 'Best_HR@20': 13.5541, 'Best_NDCG@20': 6.9598}
2026/04/12 19:03:56 - __main__ - INFO - 188 - trainer - {'Best_epoch_HR@5': 90, 'Best_epoch_NDCG@5': 90, 'Best_epoch_HR@10': 90, 'Best_epoch_NDCG@10': 90, 'Best_epoch_HR@20': 90, 'Best_epoch_NDCG@20': 90}
2026/04/12 19:03:56 - __main__ - INFO - 124 - trainer - Epoch: 91
2026/04/12 19:03:56 - __main__ - INFO - 142 - trainer - [0/257] Loss: 6.1002 Loss_contra: 0.0102
2026/04/12 19:03:59 - __main__ - INFO - 142 - trainer - [52/257] Loss: 6.0632 Loss_contra: 0.0093
2026/04/12 19:04:01 - __main__ - INFO - 142 - trainer - [104/257] Loss: 6.0017 Loss_contra: 0.0101
2026/04/12 19:04:03 - __main__ - INFO - 142 - trainer - [156/257] Loss: 5.9846 Loss_contra: 0.0089
2026/04/12 19:04:06 - __main__ - INFO - 142 - trainer - [208/257] Loss: 6.1658 Loss_contra: 0.0107
2026/04/12 19:04:08 - __main__ - INFO - 124 - trainer - Epoch: 92
2026/04/12 19:04:08 - __main__ - INFO - 142 - trainer - [0/257] Loss: 6.2257 Loss_contra: 0.0095
2026/04/12 19:04:10 - __main__ - INFO - 142 - trainer - [52/257] Loss: 6.0513 Loss_contra: 0.0090
2026/04/12 19:04:12 - __main__ - INFO - 142 - trainer - [104/257] Loss: 6.2109 Loss_contra: 0.0081
2026/04/12 19:04:15 - __main__ - INFO - 142 - trainer - [156/257] Loss: 6.2391 Loss_contra: 0.0079
2026/04/12 19:04:17 - __main__ - INFO - 142 - trainer - [208/257] Loss: 6.2080 Loss_contra: 0.0083
2026/04/12 19:04:19 - __main__ - INFO - 152 - trainer - start predicting: 2026-04-12 19:04:19.452883
2026/04/12 19:04:32 - __main__ - INFO - 124 - trainer - Epoch: 93
2026/04/12 19:04:32 - __main__ - INFO - 142 - trainer - [0/257] Loss: 5.8939 Loss_contra: 0.0089
2026/04/12 19:04:34 - __main__ - INFO - 142 - trainer - [52/257] Loss: 6.0713 Loss_contra: 0.0076
2026/04/12 19:04:37 - __main__ - INFO - 142 - trainer - [104/257] Loss: 6.0458 Loss_contra: 0.0079
2026/04/12 19:04:39 - __main__ - INFO - 142 - trainer - [156/257] Loss: 6.1024 Loss_contra: 0.0084
2026/04/12 19:04:41 - __main__ - INFO - 142 - trainer - [208/257] Loss: 6.1530 Loss_contra: 0.0079
2026/04/12 19:04:43 - __main__ - INFO - 124 - trainer - Epoch: 94
2026/04/12 19:04:43 - __main__ - INFO - 142 - trainer - [0/257] Loss: 5.8981 Loss_contra: 0.0081
2026/04/12 19:04:46 - __main__ - INFO - 142 - trainer - [52/257] Loss: 6.0705 Loss_contra: 0.0086
2026/04/12 19:04:48 - __main__ - INFO - 142 - trainer - [104/257] Loss: 5.9612 Loss_contra: 0.0075
2026/04/12 19:04:50 - __main__ - INFO - 142 - trainer - [156/257] Loss: 6.2432 Loss_contra: 0.0069
2026/04/12 19:04:52 - __main__ - INFO - 142 - trainer - [208/257] Loss: 6.3081 Loss_contra: 0.0103
2026/04/12 19:04:54 - __main__ - INFO - 152 - trainer - start predicting: 2026-04-12 19:04:54.907740
2026/04/12 19:05:07 - __main__ - INFO - 187 - trainer - {'Best_HR@5': 7.4418, 'Best_NDCG@5': 5.2348, 'Best_HR@10': 10.1392, 'Best_NDCG@10': 6.1148, 'Best_HR@20': 13.5541, 'Best_NDCG@20': 6.9598}
2026/04/12 19:05:07 - __main__ - INFO - 188 - trainer - {'Best_epoch_HR@5': 90, 'Best_epoch_NDCG@5': 90, 'Best_epoch_HR@10': 90, 'Best_epoch_NDCG@10': 94, 'Best_epoch_HR@20': 90, 'Best_epoch_NDCG@20': 90}
2026/04/12 19:05:07 - __main__ - INFO - 124 - trainer - Epoch: 95
2026/04/12 19:05:07 - __main__ - INFO - 142 - trainer - [0/257] Loss: 6.0532 Loss_contra: 0.0077
2026/04/12 19:05:10 - __main__ - INFO - 142 - trainer - [52/257] Loss: 6.1203 Loss_contra: 0.0084
2026/04/12 19:05:12 - __main__ - INFO - 142 - trainer - [104/257] Loss: 6.1483 Loss_contra: 0.0084
2026/04/12 19:05:14 - __main__ - INFO - 142 - trainer - [156/257] Loss: 5.9888 Loss_contra: 0.0103
2026/04/12 19:05:16 - __main__ - INFO - 142 - trainer - [208/257] Loss: 6.1357 Loss_contra: 0.0087
2026/04/12 19:05:19 - __main__ - INFO - 124 - trainer - Epoch: 96
2026/04/12 19:05:19 - __main__ - INFO - 142 - trainer - [0/257] Loss: 5.9815 Loss_contra: 0.0091
2026/04/12 19:05:21 - __main__ - INFO - 142 - trainer - [52/257] Loss: 6.0299 Loss_contra: 0.0096
2026/04/12 19:05:23 - __main__ - INFO - 142 - trainer - [104/257] Loss: 6.0407 Loss_contra: 0.0078
2026/04/12 19:05:25 - __main__ - INFO - 142 - trainer - [156/257] Loss: 5.9804 Loss_contra: 0.0087
2026/04/12 19:05:28 - __main__ - INFO - 142 - trainer - [208/257] Loss: 6.0441 Loss_contra: 0.0074
2026/04/12 19:05:30 - __main__ - INFO - 152 - trainer - start predicting: 2026-04-12 19:05:30.288057
2026/04/12 19:05:43 - __main__ - INFO - 187 - trainer - {'Best_HR@5': 7.4418, 'Best_NDCG@5': 5.2348, 'Best_HR@10': 10.1392, 'Best_NDCG@10': 6.1281, 'Best_HR@20': 13.5541, 'Best_NDCG@20': 6.9917}
2026/04/12 19:05:43 - __main__ - INFO - 188 - trainer - {'Best_epoch_HR@5': 90, 'Best_epoch_NDCG@5': 90, 'Best_epoch_HR@10': 90, 'Best_epoch_NDCG@10': 96, 'Best_epoch_HR@20': 90, 'Best_epoch_NDCG@20': 96}
2026/04/12 19:05:43 - __main__ - INFO - 124 - trainer - Epoch: 97
2026/04/12 19:05:43 - __main__ - INFO - 142 - trainer - [0/257] Loss: 6.0093 Loss_contra: 0.0083
2026/04/12 19:05:45 - __main__ - INFO - 142 - trainer - [52/257] Loss: 6.0397 Loss_contra: 0.0074
2026/04/12 19:05:47 - __main__ - INFO - 142 - trainer - [104/257] Loss: 5.9868 Loss_contra: 0.0089
2026/04/12 19:05:50 - __main__ - INFO - 142 - trainer - [156/257] Loss: 6.0677 Loss_contra: 0.0070
2026/04/12 19:05:52 - __main__ - INFO - 142 - trainer - [208/257] Loss: 6.1375 Loss_contra: 0.0076
2026/04/12 19:05:54 - __main__ - INFO - 124 - trainer - Epoch: 98
2026/04/12 19:05:54 - __main__ - INFO - 142 - trainer - [0/257] Loss: 6.0938 Loss_contra: 0.0087
2026/04/12 19:05:56 - __main__ - INFO - 142 - trainer - [52/257] Loss: 6.0280 Loss_contra: 0.0078
2026/04/12 19:05:59 - __main__ - INFO - 142 - trainer - [104/257] Loss: 6.0533 Loss_contra: 0.0086
2026/04/12 19:06:01 - __main__ - INFO - 142 - trainer - [156/257] Loss: 5.9373 Loss_contra: 0.0093
2026/04/12 19:06:03 - __main__ - INFO - 142 - trainer - [208/257] Loss: 6.1721 Loss_contra: 0.0083
2026/04/12 19:06:05 - __main__ - INFO - 152 - trainer - start predicting: 2026-04-12 19:06:05.965241
2026/04/12 19:06:18 - __main__ - INFO - 124 - trainer - Epoch: 99
2026/04/12 19:06:18 - __main__ - INFO - 142 - trainer - [0/257] Loss: 5.7990 Loss_contra: 0.0096
2026/04/12 19:06:21 - __main__ - INFO - 142 - trainer - [52/257] Loss: 6.0687 Loss_contra: 0.0093
2026/04/12 19:06:23 - __main__ - INFO - 142 - trainer - [104/257] Loss: 6.0723 Loss_contra: 0.0086
2026/04/12 19:06:25 - __main__ - INFO - 142 - trainer - [156/257] Loss: 6.0704 Loss_contra: 0.0070
2026/04/12 19:06:28 - __main__ - INFO - 142 - trainer - [208/257] Loss: 5.9627 Loss_contra: 0.0089
2026/04/12 19:06:30 - __main__ - INFO - 124 - trainer - Epoch: 100
2026/04/12 19:06:30 - __main__ - INFO - 142 - trainer - [0/257] Loss: 6.1498 Loss_contra: 0.0079
2026/04/12 19:06:32 - __main__ - INFO - 142 - trainer - [52/257] Loss: 5.9827 Loss_contra: 0.0068
2026/04/12 19:06:34 - __main__ - INFO - 142 - trainer - [104/257] Loss: 5.8928 Loss_contra: 0.0093
2026/04/12 19:06:37 - __main__ - INFO - 142 - trainer - [156/257] Loss: 5.7174 Loss_contra: 0.0092
2026/04/12 19:06:39 - __main__ - INFO - 142 - trainer - [208/257] Loss: 5.8461 Loss_contra: 0.0073
2026/04/12 19:06:41 - __main__ - INFO - 152 - trainer - start predicting: 2026-04-12 19:06:41.376724
2026/04/12 19:06:54 - __main__ - INFO - 187 - trainer - {'Best_HR@5': 7.4418, 'Best_NDCG@5': 5.2532, 'Best_HR@10': 10.1392, 'Best_NDCG@10': 6.1281, 'Best_HR@20': 13.5541, 'Best_NDCG@20': 6.9923}
2026/04/12 19:06:54 - __main__ - INFO - 188 - trainer - {'Best_epoch_HR@5': 90, 'Best_epoch_NDCG@5': 100, 'Best_epoch_HR@10': 90, 'Best_epoch_NDCG@10': 96, 'Best_epoch_HR@20': 90, 'Best_epoch_NDCG@20': 100}
2026/04/12 19:06:54 - __main__ - INFO - 124 - trainer - Epoch: 101
2026/04/12 19:06:54 - __main__ - INFO - 142 - trainer - [0/257] Loss: 6.0749 Loss_contra: 0.0076
2026/04/12 19:06:56 - __main__ - INFO - 142 - trainer - [52/257] Loss: 5.9922 Loss_contra: 0.0086
2026/04/12 19:06:58 - __main__ - INFO - 142 - trainer - [104/257] Loss: 6.0164 Loss_contra: 0.0068
2026/04/12 19:07:01 - __main__ - INFO - 142 - trainer - [156/257] Loss: 5.8027 Loss_contra: 0.0067
2026/04/12 19:07:03 - __main__ - INFO - 142 - trainer - [208/257] Loss: 5.9331 Loss_contra: 0.0076
2026/04/12 19:07:05 - __main__ - INFO - 124 - trainer - Epoch: 102
2026/04/12 19:07:05 - __main__ - INFO - 142 - trainer - [0/257] Loss: 5.9388 Loss_contra: 0.0073
2026/04/12 19:07:07 - __main__ - INFO - 142 - trainer - [52/257] Loss: 5.8010 Loss_contra: 0.0074
2026/04/12 19:07:10 - __main__ - INFO - 142 - trainer - [104/257] Loss: 5.9352 Loss_contra: 0.0093
2026/04/12 19:07:12 - __main__ - INFO - 142 - trainer - [156/257] Loss: 5.8918 Loss_contra: 0.0087
2026/04/12 19:07:15 - __main__ - INFO - 142 - trainer - [208/257] Loss: 5.8936 Loss_contra: 0.0081
2026/04/12 19:07:17 - __main__ - INFO - 152 - trainer - start predicting: 2026-04-12 19:07:17.154353
2026/04/12 19:07:30 - __main__ - INFO - 187 - trainer - {'Best_HR@5': 7.4418, 'Best_NDCG@5': 5.2713, 'Best_HR@10': 10.1392, 'Best_NDCG@10': 6.1471, 'Best_HR@20': 13.5541, 'Best_NDCG@20': 7.0216}
2026/04/12 19:07:30 - __main__ - INFO - 188 - trainer - {'Best_epoch_HR@5': 90, 'Best_epoch_NDCG@5': 102, 'Best_epoch_HR@10': 90, 'Best_epoch_NDCG@10': 102, 'Best_epoch_HR@20': 90, 'Best_epoch_NDCG@20': 102}
2026/04/12 19:07:30 - __main__ - INFO - 124 - trainer - Epoch: 103
2026/04/12 19:07:30 - __main__ - INFO - 142 - trainer - [0/257] Loss: 5.7801 Loss_contra: 0.0076
2026/04/12 19:07:32 - __main__ - INFO - 142 - trainer - [52/257] Loss: 5.9336 Loss_contra: 0.0074
2026/04/12 19:07:34 - __main__ - INFO - 142 - trainer - [104/257] Loss: 6.0511 Loss_contra: 0.0077
2026/04/12 19:07:37 - __main__ - INFO - 142 - trainer - [156/257] Loss: 5.8269 Loss_contra: 0.0066
2026/04/12 19:07:39 - __main__ - INFO - 142 - trainer - [208/257] Loss: 5.7100 Loss_contra: 0.0076
2026/04/12 19:07:41 - __main__ - INFO - 124 - trainer - Epoch: 104
2026/04/12 19:07:41 - __main__ - INFO - 142 - trainer - [0/257] Loss: 5.9424 Loss_contra: 0.0084
2026/04/12 19:07:43 - __main__ - INFO - 142 - trainer - [52/257] Loss: 5.8086 Loss_contra: 0.0074
2026/04/12 19:07:46 - __main__ - INFO - 142 - trainer - [104/257] Loss: 5.8710 Loss_contra: 0.0071
2026/04/12 19:07:48 - __main__ - INFO - 142 - trainer - [156/257] Loss: 5.8527 Loss_contra: 0.0066
2026/04/12 19:07:50 - __main__ - INFO - 142 - trainer - [208/257] Loss: 5.9661 Loss_contra: 0.0085
2026/04/12 19:07:53 - __main__ - INFO - 152 - trainer - start predicting: 2026-04-12 19:07:53.064609
2026/04/12 19:08:05 - __main__ - INFO - 124 - trainer - Epoch: 105
2026/04/12 19:08:06 - __main__ - INFO - 142 - trainer - [0/257] Loss: 5.9867 Loss_contra: 0.0071
2026/04/12 19:08:08 - __main__ - INFO - 142 - trainer - [52/257] Loss: 5.7819 Loss_contra: 0.0070
2026/04/12 19:08:10 - __main__ - INFO - 142 - trainer - [104/257] Loss: 5.9234 Loss_contra: 0.0075
2026/04/12 19:08:12 - __main__ - INFO - 142 - trainer - [156/257] Loss: 5.8224 Loss_contra: 0.0082
2026/04/12 19:08:15 - __main__ - INFO - 142 - trainer - [208/257] Loss: 6.0311 Loss_contra: 0.0068
2026/04/12 19:08:17 - __main__ - INFO - 124 - trainer - Epoch: 106
2026/04/12 19:08:17 - __main__ - INFO - 142 - trainer - [0/257] Loss: 5.8024 Loss_contra: 0.0069
2026/04/12 19:08:19 - __main__ - INFO - 142 - trainer - [52/257] Loss: 6.0181 Loss_contra: 0.0075
2026/04/12 19:08:21 - __main__ - INFO - 142 - trainer - [104/257] Loss: 5.9503 Loss_contra: 0.0082
2026/04/12 19:08:23 - __main__ - INFO - 142 - trainer - [156/257] Loss: 5.8826 Loss_contra: 0.0070
2026/04/12 19:08:26 - __main__ - INFO - 142 - trainer - [208/257] Loss: 5.8521 Loss_contra: 0.0066
2026/04/12 19:08:28 - __main__ - INFO - 152 - trainer - start predicting: 2026-04-12 19:08:28.443242
2026/04/12 19:08:41 - __main__ - INFO - 124 - trainer - Epoch: 107
2026/04/12 19:08:41 - __main__ - INFO - 142 - trainer - [0/257] Loss: 5.7976 Loss_contra: 0.0077
2026/04/12 19:08:43 - __main__ - INFO - 142 - trainer - [52/257] Loss: 5.7664 Loss_contra: 0.0073
2026/04/12 19:08:45 - __main__ - INFO - 142 - trainer - [104/257] Loss: 5.7220 Loss_contra: 0.0070
2026/04/12 19:08:48 - __main__ - INFO - 142 - trainer - [156/257] Loss: 5.8749 Loss_contra: 0.0068
2026/04/12 19:08:50 - __main__ - INFO - 142 - trainer - [208/257] Loss: 5.7134 Loss_contra: 0.0087
2026/04/12 19:08:52 - __main__ - INFO - 124 - trainer - Epoch: 108
2026/04/12 19:08:52 - __main__ - INFO - 142 - trainer - [0/257] Loss: 5.9876 Loss_contra: 0.0081
2026/04/12 19:08:54 - __main__ - INFO - 142 - trainer - [52/257] Loss: 6.0844 Loss_contra: 0.0064
2026/04/12 19:08:57 - __main__ - INFO - 142 - trainer - [104/257] Loss: 5.7295 Loss_contra: 0.0079
2026/04/12 19:08:59 - __main__ - INFO - 142 - trainer - [156/257] Loss: 5.8493 Loss_contra: 0.0078
2026/04/12 19:09:01 - __main__ - INFO - 142 - trainer - [208/257] Loss: 5.9522 Loss_contra: 0.0069
2026/04/12 19:09:03 - __main__ - INFO - 152 - trainer - start predicting: 2026-04-12 19:09:03.833992
2026/04/12 19:09:16 - __main__ - INFO - 124 - trainer - Epoch: 109
2026/04/12 19:09:16 - __main__ - INFO - 142 - trainer - [0/257] Loss: 5.8836 Loss_contra: 0.0063
2026/04/12 19:09:19 - __main__ - INFO - 142 - trainer - [52/257] Loss: 5.8022 Loss_contra: 0.0068
2026/04/12 19:09:21 - __main__ - INFO - 142 - trainer - [104/257] Loss: 5.9661 Loss_contra: 0.0061
2026/04/12 19:09:23 - __main__ - INFO - 142 - trainer - [156/257] Loss: 5.8723 Loss_contra: 0.0075
2026/04/12 19:09:25 - __main__ - INFO - 142 - trainer - [208/257] Loss: 5.8314 Loss_contra: 0.0074
2026/04/12 19:09:27 - __main__ - INFO - 124 - trainer - Epoch: 110
2026/04/12 19:09:27 - __main__ - INFO - 142 - trainer - [0/257] Loss: 5.9029 Loss_contra: 0.0075
2026/04/12 19:09:30 - __main__ - INFO - 142 - trainer - [52/257] Loss: 5.8791 Loss_contra: 0.0080
2026/04/12 19:09:32 - __main__ - INFO - 142 - trainer - [104/257] Loss: 5.8576 Loss_contra: 0.0077
2026/04/12 19:09:34 - __main__ - INFO - 142 - trainer - [156/257] Loss: 5.8539 Loss_contra: 0.0067
2026/04/12 19:09:37 - __main__ - INFO - 142 - trainer - [208/257] Loss: 5.8766 Loss_contra: 0.0081
2026/04/12 19:09:39 - __main__ - INFO - 152 - trainer - start predicting: 2026-04-12 19:09:39.159218
2026/04/12 19:09:52 - __main__ - INFO - 124 - trainer - Epoch: 111
2026/04/12 19:09:52 - __main__ - INFO - 142 - trainer - [0/257] Loss: 5.9006 Loss_contra: 0.0074
2026/04/12 19:09:54 - __main__ - INFO - 142 - trainer - [52/257] Loss: 5.7968 Loss_contra: 0.0068
2026/04/12 19:09:56 - __main__ - INFO - 142 - trainer - [104/257] Loss: 5.8404 Loss_contra: 0.0078
2026/04/12 19:09:58 - __main__ - INFO - 142 - trainer - [156/257] Loss: 5.9938 Loss_contra: 0.0067
2026/04/12 19:10:01 - __main__ - INFO - 142 - trainer - [208/257] Loss: 5.8118 Loss_contra: 0.0064
2026/04/12 19:10:03 - __main__ - INFO - 124 - trainer - Epoch: 112
2026/04/12 19:10:03 - __main__ - INFO - 142 - trainer - [0/257] Loss: 5.9264 Loss_contra: 0.0067
2026/04/12 19:10:05 - __main__ - INFO - 142 - trainer - [52/257] Loss: 5.9931 Loss_contra: 0.0076
2026/04/12 19:10:07 - __main__ - INFO - 142 - trainer - [104/257] Loss: 5.8357 Loss_contra: 0.0067
2026/04/12 19:10:10 - __main__ - INFO - 142 - trainer - [156/257] Loss: 5.8363 Loss_contra: 0.0078
2026/04/12 19:10:12 - __main__ - INFO - 142 - trainer - [208/257] Loss: 6.0357 Loss_contra: 0.0070
2026/04/12 19:10:14 - __main__ - INFO - 152 - trainer - start predicting: 2026-04-12 19:10:14.567835
2026/04/12 19:10:27 - __main__ - INFO - 124 - trainer - Epoch: 113
2026/04/12 19:10:27 - __main__ - INFO - 142 - trainer - [0/257] Loss: 5.6901 Loss_contra: 0.0077
2026/04/12 19:10:29 - __main__ - INFO - 142 - trainer - [52/257] Loss: 5.8973 Loss_contra: 0.0062
2026/04/12 19:10:32 - __main__ - INFO - 142 - trainer - [104/257] Loss: 5.8848 Loss_contra: 0.0064
2026/04/12 19:10:34 - __main__ - INFO - 142 - trainer - [156/257] Loss: 5.9219 Loss_contra: 0.0078
2026/04/12 19:10:36 - __main__ - INFO - 142 - trainer - [208/257] Loss: 5.9198 Loss_contra: 0.0073
2026/04/12 19:10:38 - __main__ - INFO - 124 - trainer - Epoch: 114
2026/04/12 19:10:38 - __main__ - INFO - 142 - trainer - [0/257] Loss: 5.8892 Loss_contra: 0.0065
2026/04/12 19:10:41 - __main__ - INFO - 142 - trainer - [52/257] Loss: 5.7704 Loss_contra: 0.0073
2026/04/12 19:10:43 - __main__ - INFO - 142 - trainer - [104/257] Loss: 6.0283 Loss_contra: 0.0067
