2026/04/09 15:19:08 - __main__ - INFO - 170 - main - Namespace(batch_size=512, dataset='amazon_beauty', decay_step=100, description='Diffu_norm_score', device='cuda', diffusion_steps=32, diversity_measure=False, dropout=0.1, emb_dropout=0.3, epoch_time_avg=False, epochs=300, eval_interval=2, gamma=0.1, hidden_act='gelu', hidden_size=128, item_num=12101, lambda_contra=0.6, lambda_history=0.6, lambda_intent=0.4, log_file='log/', long_head=False, loss_lambda=0.001, lr=0.001, max_len=50, metric_ks=[5, 10, 20], momentum=None, noise_schedule='trunc_lin', num_blocks=4, num_cluster=32, num_gpu=1, num_hidden_layers=1, num_iter=20, optimizer='Adam', patience=10, random_seed=1997, rep_pad=False, rep_pad_delimiter=False, rep_pad_fixed_num=1, rep_pad_mode='rand_1_max', rescale_timesteps=True, schedule_sampler_name='lossaware', use_last_item_for_code=False, weight_decay=0)
2026/04/09 15:19:09 - __main__ - INFO - 124 - trainer - Epoch: 0
2026/04/09 15:19:09 - __main__ - INFO - 142 - trainer - [0/257] Loss: 45.3551 Loss_contra: 0.0824
2026/04/09 15:19:11 - __main__ - INFO - 142 - trainer - [52/257] Loss: 32.6206 Loss_contra: 2.8111
2026/04/09 15:19:14 - __main__ - INFO - 142 - trainer - [104/257] Loss: 27.9326 Loss_contra: 2.7479
2026/04/09 15:19:16 - __main__ - INFO - 142 - trainer - [156/257] Loss: 24.1132 Loss_contra: 2.6279
2026/04/09 15:19:18 - __main__ - INFO - 142 - trainer - [208/257] Loss: 21.3814 Loss_contra: 2.3919
2026/04/09 15:19:21 - __main__ - INFO - 124 - trainer - Epoch: 1
2026/04/09 15:19:21 - __main__ - INFO - 142 - trainer - [0/257] Loss: 19.4582 Loss_contra: 2.1286
2026/04/09 15:19:23 - __main__ - INFO - 142 - trainer - [52/257] Loss: 17.3388 Loss_contra: 1.8765
2026/04/09 15:19:25 - __main__ - INFO - 142 - trainer - [104/257] Loss: 15.5443 Loss_contra: 1.3265
2026/04/09 15:19:28 - __main__ - INFO - 142 - trainer - [156/257] Loss: 13.5242 Loss_contra: 0.8883
2026/04/09 15:19:30 - __main__ - INFO - 142 - trainer - [208/257] Loss: 11.6869 Loss_contra: 0.2069
2026/04/09 15:19:32 - __main__ - INFO - 124 - trainer - Epoch: 2
2026/04/09 15:19:32 - __main__ - INFO - 142 - trainer - [0/257] Loss: 10.7856 Loss_contra: 0.0474
2026/04/09 15:19:35 - __main__ - INFO - 142 - trainer - [52/257] Loss: 10.4746 Loss_contra: 0.0253
2026/04/09 15:19:37 - __main__ - INFO - 142 - trainer - [104/257] Loss: 10.1941 Loss_contra: 0.0218
2026/04/09 15:19:40 - __main__ - INFO - 142 - trainer - [156/257] Loss: 10.0416 Loss_contra: 0.0327
2026/04/09 15:19:45 - __main__ - INFO - 142 - trainer - [208/257] Loss: 9.9393 Loss_contra: 0.0389
2026/04/09 15:19:49 - __main__ - INFO - 152 - trainer - start predicting: 2026-04-09 15:19:49.600404
2026/04/09 15:20:07 - __main__ - INFO - 187 - trainer - {'Best_HR@5': 0.2418, 'Best_NDCG@5': 0.1517, 'Best_HR@10': 0.4526, 'Best_NDCG@10': 0.2189, 'Best_HR@20': 0.8007, 'Best_NDCG@20': 0.306}
2026/04/09 15:20:07 - __main__ - INFO - 188 - trainer - {'Best_epoch_HR@5': 2, 'Best_epoch_NDCG@5': 2, 'Best_epoch_HR@10': 2, 'Best_epoch_NDCG@10': 2, 'Best_epoch_HR@20': 2, 'Best_epoch_NDCG@20': 2}
2026/04/09 15:20:07 - __main__ - INFO - 124 - trainer - Epoch: 3
2026/04/09 15:20:07 - __main__ - INFO - 142 - trainer - [0/257] Loss: 9.8790 Loss_contra: 0.0368
2026/04/09 15:20:12 - __main__ - INFO - 142 - trainer - [52/257] Loss: 9.8565 Loss_contra: 0.0449
2026/04/09 15:20:17 - __main__ - INFO - 142 - trainer - [104/257] Loss: 9.7630 Loss_contra: 0.0520
2026/04/09 15:20:22 - __main__ - INFO - 142 - trainer - [156/257] Loss: 9.6739 Loss_contra: 0.0519
2026/04/09 15:20:26 - __main__ - INFO - 142 - trainer - [208/257] Loss: 9.7490 Loss_contra: 0.0654
2026/04/09 15:20:31 - __main__ - INFO - 124 - trainer - Epoch: 4
2026/04/09 15:20:31 - __main__ - INFO - 142 - trainer - [0/257] Loss: 9.5315 Loss_contra: 0.0677
2026/04/09 15:20:38 - __main__ - INFO - 142 - trainer - [52/257] Loss: 9.5039 Loss_contra: 0.0836
2026/04/09 15:20:46 - __main__ - INFO - 142 - trainer - [104/257] Loss: 9.5020 Loss_contra: 0.0952
2026/04/09 15:20:53 - __main__ - INFO - 142 - trainer - [156/257] Loss: 9.4131 Loss_contra: 0.0866
2026/04/09 15:21:01 - __main__ - INFO - 142 - trainer - [208/257] Loss: 9.4014 Loss_contra: 0.0619
2026/04/09 15:21:10 - __main__ - INFO - 152 - trainer - start predicting: 2026-04-09 15:21:10.866957
2026/04/09 15:21:47 - __main__ - INFO - 187 - trainer - {'Best_HR@5': 1.2768, 'Best_NDCG@5': 0.9019, 'Best_HR@10': 1.7729, 'Best_NDCG@10': 1.0609, 'Best_HR@20': 2.4732, 'Best_NDCG@20': 1.235}
2026/04/09 15:21:47 - __main__ - INFO - 188 - trainer - {'Best_epoch_HR@5': 4, 'Best_epoch_NDCG@5': 4, 'Best_epoch_HR@10': 4, 'Best_epoch_NDCG@10': 4, 'Best_epoch_HR@20': 4, 'Best_epoch_NDCG@20': 4}
2026/04/09 15:21:47 - __main__ - INFO - 124 - trainer - Epoch: 5
2026/04/09 15:21:47 - __main__ - INFO - 142 - trainer - [0/257] Loss: 9.3756 Loss_contra: 0.0896
2026/04/09 15:21:59 - __main__ - INFO - 142 - trainer - [52/257] Loss: 9.2486 Loss_contra: 0.0921
2026/04/09 15:22:10 - __main__ - INFO - 142 - trainer - [104/257] Loss: 9.2666 Loss_contra: 0.0815
2026/04/09 15:22:20 - __main__ - INFO - 142 - trainer - [156/257] Loss: 9.2086 Loss_contra: 0.0710
2026/04/09 15:22:31 - __main__ - INFO - 142 - trainer - [208/257] Loss: 9.3315 Loss_contra: 0.0691
2026/04/09 15:22:40 - __main__ - INFO - 124 - trainer - Epoch: 6
2026/04/09 15:22:41 - __main__ - INFO - 142 - trainer - [0/257] Loss: 9.1036 Loss_contra: 0.0842
2026/04/09 15:22:51 - __main__ - INFO - 142 - trainer - [52/257] Loss: 9.1356 Loss_contra: 0.0681
2026/04/09 15:23:04 - __main__ - INFO - 142 - trainer - [104/257] Loss: 9.0836 Loss_contra: 0.0814
2026/04/09 15:23:19 - __main__ - INFO - 142 - trainer - [156/257] Loss: 9.0043 Loss_contra: 0.0676
2026/04/09 15:23:33 - __main__ - INFO - 142 - trainer - [208/257] Loss: 9.0543 Loss_contra: 0.0803
2026/04/09 15:23:45 - __main__ - INFO - 152 - trainer - start predicting: 2026-04-09 15:23:45.388334
2026/04/09 15:24:21 - __main__ - INFO - 187 - trainer - {'Best_HR@5': 2.164, 'Best_NDCG@5': 1.5128, 'Best_HR@10': 2.9039, 'Best_NDCG@10': 1.7507, 'Best_HR@20': 3.7917, 'Best_NDCG@20': 1.9732}
2026/04/09 15:24:21 - __main__ - INFO - 188 - trainer - {'Best_epoch_HR@5': 6, 'Best_epoch_NDCG@5': 6, 'Best_epoch_HR@10': 6, 'Best_epoch_NDCG@10': 6, 'Best_epoch_HR@20': 6, 'Best_epoch_NDCG@20': 6}
2026/04/09 15:24:21 - __main__ - INFO - 124 - trainer - Epoch: 7
2026/04/09 15:24:22 - __main__ - INFO - 142 - trainer - [0/257] Loss: 9.0794 Loss_contra: 0.0899
2026/04/09 15:24:34 - __main__ - INFO - 142 - trainer - [52/257] Loss: 8.9220 Loss_contra: 0.0830
2026/04/09 15:24:44 - __main__ - INFO - 142 - trainer - [104/257] Loss: 8.8787 Loss_contra: 0.0663
2026/04/09 15:24:58 - __main__ - INFO - 142 - trainer - [156/257] Loss: 8.8386 Loss_contra: 0.1097
2026/04/09 15:25:11 - __main__ - INFO - 142 - trainer - [208/257] Loss: 8.9193 Loss_contra: 0.0936
2026/04/09 15:25:21 - __main__ - INFO - 124 - trainer - Epoch: 8
2026/04/09 15:25:21 - __main__ - INFO - 142 - trainer - [0/257] Loss: 8.8312 Loss_contra: 0.1196
2026/04/09 15:25:31 - __main__ - INFO - 142 - trainer - [52/257] Loss: 8.7007 Loss_contra: 0.0930
2026/04/09 15:25:42 - __main__ - INFO - 142 - trainer - [104/257] Loss: 8.8154 Loss_contra: 0.0673
2026/04/09 15:25:54 - __main__ - INFO - 142 - trainer - [156/257] Loss: 8.8415 Loss_contra: 0.1003
2026/04/09 15:26:08 - __main__ - INFO - 142 - trainer - [208/257] Loss: 8.7822 Loss_contra: 0.0790
2026/04/09 15:26:20 - __main__ - INFO - 152 - trainer - start predicting: 2026-04-09 15:26:20.619024
2026/04/09 15:27:02 - __main__ - INFO - 187 - trainer - {'Best_HR@5': 2.711, 'Best_NDCG@5': 1.9036, 'Best_HR@10': 3.5332, 'Best_NDCG@10': 2.171, 'Best_HR@20': 4.616, 'Best_NDCG@20': 2.4415}
2026/04/09 15:27:02 - __main__ - INFO - 188 - trainer - {'Best_epoch_HR@5': 8, 'Best_epoch_NDCG@5': 8, 'Best_epoch_HR@10': 8, 'Best_epoch_NDCG@10': 8, 'Best_epoch_HR@20': 8, 'Best_epoch_NDCG@20': 8}
2026/04/09 15:27:02 - __main__ - INFO - 124 - trainer - Epoch: 9
2026/04/09 15:27:02 - __main__ - INFO - 142 - trainer - [0/257] Loss: 8.7072 Loss_contra: 0.0741
2026/04/09 15:27:15 - __main__ - INFO - 142 - trainer - [52/257] Loss: 8.6311 Loss_contra: 0.0716
2026/04/09 15:27:25 - __main__ - INFO - 142 - trainer - [104/257] Loss: 8.5414 Loss_contra: 0.0826
2026/04/09 15:27:36 - __main__ - INFO - 142 - trainer - [156/257] Loss: 8.5262 Loss_contra: 0.0765
2026/04/09 15:27:46 - __main__ - INFO - 142 - trainer - [208/257] Loss: 8.6292 Loss_contra: 0.0919
2026/04/09 15:27:56 - __main__ - INFO - 124 - trainer - Epoch: 10
2026/04/09 15:27:56 - __main__ - INFO - 142 - trainer - [0/257] Loss: 8.6071 Loss_contra: 0.0925
2026/04/09 15:28:07 - __main__ - INFO - 142 - trainer - [52/257] Loss: 8.7026 Loss_contra: 0.0700
2026/04/09 15:28:19 - __main__ - INFO - 142 - trainer - [104/257] Loss: 8.6104 Loss_contra: 0.0790
2026/04/09 15:28:34 - __main__ - INFO - 142 - trainer - [156/257] Loss: 8.4274 Loss_contra: 0.0928
2026/04/09 15:28:49 - __main__ - INFO - 142 - trainer - [208/257] Loss: 8.4491 Loss_contra: 0.0769
2026/04/09 15:29:01 - __main__ - INFO - 152 - trainer - start predicting: 2026-04-09 15:29:01.562292
2026/04/09 15:29:38 - __main__ - INFO - 187 - trainer - {'Best_HR@5': 3.1329, 'Best_NDCG@5': 2.2179, 'Best_HR@10': 4.2935, 'Best_NDCG@10': 2.5928, 'Best_HR@20': 5.951, 'Best_NDCG@20': 3.0119}
2026/04/09 15:29:38 - __main__ - INFO - 188 - trainer - {'Best_epoch_HR@5': 10, 'Best_epoch_NDCG@5': 10, 'Best_epoch_HR@10': 10, 'Best_epoch_NDCG@10': 10, 'Best_epoch_HR@20': 10, 'Best_epoch_NDCG@20': 10}
2026/04/09 15:29:38 - __main__ - INFO - 124 - trainer - Epoch: 11
2026/04/09 15:29:38 - __main__ - INFO - 142 - trainer - [0/257] Loss: 8.3260 Loss_contra: 0.0748
2026/04/09 15:29:50 - __main__ - INFO - 142 - trainer - [52/257] Loss: 8.4339 Loss_contra: 0.0760
2026/04/09 15:30:01 - __main__ - INFO - 142 - trainer - [104/257] Loss: 8.3618 Loss_contra: 0.0682
2026/04/09 15:30:12 - __main__ - INFO - 142 - trainer - [156/257] Loss: 8.3779 Loss_contra: 0.0856
2026/04/09 15:30:26 - __main__ - INFO - 142 - trainer - [208/257] Loss: 8.5557 Loss_contra: 0.0794
2026/04/09 15:30:37 - __main__ - INFO - 124 - trainer - Epoch: 12
2026/04/09 15:30:37 - __main__ - INFO - 142 - trainer - [0/257] Loss: 8.2060 Loss_contra: 0.0805
2026/04/09 15:30:48 - __main__ - INFO - 142 - trainer - [52/257] Loss: 8.5388 Loss_contra: 0.0526
2026/04/09 15:30:58 - __main__ - INFO - 142 - trainer - [104/257] Loss: 8.3994 Loss_contra: 0.0951
2026/04/09 15:31:11 - __main__ - INFO - 142 - trainer - [156/257] Loss: 8.6660 Loss_contra: 0.0770
2026/04/09 15:31:24 - __main__ - INFO - 142 - trainer - [208/257] Loss: 8.4618 Loss_contra: 0.0911
2026/04/09 15:31:37 - __main__ - INFO - 152 - trainer - start predicting: 2026-04-09 15:31:37.059881
2026/04/09 15:32:17 - __main__ - INFO - 187 - trainer - {'Best_HR@5': 3.5808, 'Best_NDCG@5': 2.5426, 'Best_HR@10': 5.0151, 'Best_NDCG@10': 3.0036, 'Best_HR@20': 6.9855, 'Best_NDCG@20': 3.4994}
2026/04/09 15:32:17 - __main__ - INFO - 188 - trainer - {'Best_epoch_HR@5': 12, 'Best_epoch_NDCG@5': 12, 'Best_epoch_HR@10': 12, 'Best_epoch_NDCG@10': 12, 'Best_epoch_HR@20': 12, 'Best_epoch_NDCG@20': 12}
2026/04/09 15:32:17 - __main__ - INFO - 124 - trainer - Epoch: 13
2026/04/09 15:32:17 - __main__ - INFO - 142 - trainer - [0/257] Loss: 8.3967 Loss_contra: 0.0795
2026/04/09 15:32:31 - __main__ - INFO - 142 - trainer - [52/257] Loss: 8.3357 Loss_contra: 0.0687
2026/04/09 15:32:42 - __main__ - INFO - 142 - trainer - [104/257] Loss: 8.4849 Loss_contra: 0.0717
2026/04/09 15:32:52 - __main__ - INFO - 142 - trainer - [156/257] Loss: 8.3753 Loss_contra: 0.0583
2026/04/09 15:33:03 - __main__ - INFO - 142 - trainer - [208/257] Loss: 8.2393 Loss_contra: 0.0629
2026/04/09 15:33:13 - __main__ - INFO - 124 - trainer - Epoch: 14
2026/04/09 15:33:13 - __main__ - INFO - 142 - trainer - [0/257] Loss: 8.2340 Loss_contra: 0.0747
2026/04/09 15:33:23 - __main__ - INFO - 142 - trainer - [52/257] Loss: 8.1097 Loss_contra: 0.0705
2026/04/09 15:33:34 - __main__ - INFO - 142 - trainer - [104/257] Loss: 8.3538 Loss_contra: 0.0648
2026/04/09 15:33:49 - __main__ - INFO - 142 - trainer - [156/257] Loss: 8.2617 Loss_contra: 0.0735
2026/04/09 15:34:05 - __main__ - INFO - 142 - trainer - [208/257] Loss: 8.2346 Loss_contra: 0.0685
2026/04/09 15:34:18 - __main__ - INFO - 152 - trainer - start predicting: 2026-04-09 15:34:18.091822
2026/04/09 15:34:54 - __main__ - INFO - 187 - trainer - {'Best_HR@5': 3.9921, 'Best_NDCG@5': 2.803, 'Best_HR@10': 5.5978, 'Best_NDCG@10': 3.3189, 'Best_HR@20': 7.8201, 'Best_NDCG@20': 3.8794}
2026/04/09 15:34:54 - __main__ - INFO - 188 - trainer - {'Best_epoch_HR@5': 14, 'Best_epoch_NDCG@5': 14, 'Best_epoch_HR@10': 14, 'Best_epoch_NDCG@10': 14, 'Best_epoch_HR@20': 14, 'Best_epoch_NDCG@20': 14}
2026/04/09 15:34:54 - __main__ - INFO - 124 - trainer - Epoch: 15
2026/04/09 15:34:55 - __main__ - INFO - 142 - trainer - [0/257] Loss: 8.1558 Loss_contra: 0.0685
2026/04/09 15:35:07 - __main__ - INFO - 142 - trainer - [52/257] Loss: 8.1624 Loss_contra: 0.0743
2026/04/09 15:35:17 - __main__ - INFO - 142 - trainer - [104/257] Loss: 8.2636 Loss_contra: 0.0713
2026/04/09 15:35:28 - __main__ - INFO - 142 - trainer - [156/257] Loss: 8.3183 Loss_contra: 0.0689
2026/04/09 15:35:41 - __main__ - INFO - 142 - trainer - [208/257] Loss: 8.0967 Loss_contra: 0.0700
2026/04/09 15:35:53 - __main__ - INFO - 124 - trainer - Epoch: 16
2026/04/09 15:35:53 - __main__ - INFO - 142 - trainer - [0/257] Loss: 8.0494 Loss_contra: 0.0846
2026/04/09 15:36:04 - __main__ - INFO - 142 - trainer - [52/257] Loss: 8.3499 Loss_contra: 0.0599
2026/04/09 15:36:15 - __main__ - INFO - 142 - trainer - [104/257] Loss: 8.2235 Loss_contra: 0.0665
2026/04/09 15:36:27 - __main__ - INFO - 142 - trainer - [156/257] Loss: 8.0154 Loss_contra: 0.0578
2026/04/09 15:36:41 - __main__ - INFO - 142 - trainer - [208/257] Loss: 8.0673 Loss_contra: 0.0688
2026/04/09 15:36:53 - __main__ - INFO - 152 - trainer - start predicting: 2026-04-09 15:36:53.628203
2026/04/09 15:37:32 - __main__ - INFO - 187 - trainer - {'Best_HR@5': 4.2711, 'Best_NDCG@5': 3.0455, 'Best_HR@10': 5.9798, 'Best_NDCG@10': 3.5954, 'Best_HR@20': 8.4301, 'Best_NDCG@20': 4.2121}
2026/04/09 15:37:32 - __main__ - INFO - 188 - trainer - {'Best_epoch_HR@5': 16, 'Best_epoch_NDCG@5': 16, 'Best_epoch_HR@10': 16, 'Best_epoch_NDCG@10': 16, 'Best_epoch_HR@20': 16, 'Best_epoch_NDCG@20': 16}
2026/04/09 15:37:32 - __main__ - INFO - 124 - trainer - Epoch: 17
2026/04/09 15:37:32 - __main__ - INFO - 142 - trainer - [0/257] Loss: 8.0487 Loss_contra: 0.0670
2026/04/09 15:37:47 - __main__ - INFO - 142 - trainer - [52/257] Loss: 8.1863 Loss_contra: 0.0586
2026/04/09 15:37:58 - __main__ - INFO - 142 - trainer - [104/257] Loss: 8.0427 Loss_contra: 0.0703
2026/04/09 15:38:09 - __main__ - INFO - 142 - trainer - [156/257] Loss: 8.0108 Loss_contra: 0.0836
2026/04/09 15:38:19 - __main__ - INFO - 142 - trainer - [208/257] Loss: 8.1072 Loss_contra: 0.0587
2026/04/09 15:38:29 - __main__ - INFO - 124 - trainer - Epoch: 18
2026/04/09 15:38:29 - __main__ - INFO - 142 - trainer - [0/257] Loss: 8.1339 Loss_contra: 0.0677
2026/04/09 15:38:40 - __main__ - INFO - 142 - trainer - [52/257] Loss: 8.0162 Loss_contra: 0.0587
2026/04/09 15:38:51 - __main__ - INFO - 142 - trainer - [104/257] Loss: 8.0752 Loss_contra: 0.0561
2026/04/09 15:39:04 - __main__ - INFO - 142 - trainer - [156/257] Loss: 8.1395 Loss_contra: 0.0660
2026/04/09 15:39:20 - __main__ - INFO - 142 - trainer - [208/257] Loss: 8.1871 Loss_contra: 0.0654
2026/04/09 15:39:34 - __main__ - INFO - 152 - trainer - start predicting: 2026-04-09 15:39:34.216342
2026/04/09 15:40:10 - __main__ - INFO - 187 - trainer - {'Best_HR@5': 4.4831, 'Best_NDCG@5': 3.1722, 'Best_HR@10': 6.3484, 'Best_NDCG@10': 3.7793, 'Best_HR@20': 9.0699, 'Best_NDCG@20': 4.4605}
2026/04/09 15:40:10 - __main__ - INFO - 188 - trainer - {'Best_epoch_HR@5': 18, 'Best_epoch_NDCG@5': 18, 'Best_epoch_HR@10': 18, 'Best_epoch_NDCG@10': 18, 'Best_epoch_HR@20': 18, 'Best_epoch_NDCG@20': 18}
2026/04/09 15:40:10 - __main__ - INFO - 124 - trainer - Epoch: 19
2026/04/09 15:40:10 - __main__ - INFO - 142 - trainer - [0/257] Loss: 7.8691 Loss_contra: 0.0715
2026/04/09 15:40:22 - __main__ - INFO - 142 - trainer - [52/257] Loss: 7.8560 Loss_contra: 0.0622
2026/04/09 15:40:32 - __main__ - INFO - 142 - trainer - [104/257] Loss: 7.9485 Loss_contra: 0.0650
2026/04/09 15:40:42 - __main__ - INFO - 142 - trainer - [156/257] Loss: 7.9841 Loss_contra: 0.0522
2026/04/09 15:40:54 - __main__ - INFO - 142 - trainer - [208/257] Loss: 8.0021 Loss_contra: 0.0573
2026/04/09 15:41:06 - __main__ - INFO - 124 - trainer - Epoch: 20
2026/04/09 15:41:06 - __main__ - INFO - 142 - trainer - [0/257] Loss: 7.9760 Loss_contra: 0.0558
2026/04/09 15:41:18 - __main__ - INFO - 142 - trainer - [52/257] Loss: 7.9003 Loss_contra: 0.0480
2026/04/09 15:41:29 - __main__ - INFO - 142 - trainer - [104/257] Loss: 7.9065 Loss_contra: 0.0536
2026/04/09 15:41:40 - __main__ - INFO - 142 - trainer - [156/257] Loss: 7.9618 Loss_contra: 0.0429
2026/04/09 15:41:54 - __main__ - INFO - 142 - trainer - [208/257] Loss: 8.1097 Loss_contra: 0.0501
2026/04/09 15:42:06 - __main__ - INFO - 152 - trainer - start predicting: 2026-04-09 15:42:06.326307
2026/04/09 15:42:42 - __main__ - INFO - 187 - trainer - {'Best_HR@5': 4.6856, 'Best_NDCG@5': 3.3093, 'Best_HR@10': 6.6724, 'Best_NDCG@10': 3.9461, 'Best_HR@20': 9.4641, 'Best_NDCG@20': 4.6485}
2026/04/09 15:42:42 - __main__ - INFO - 188 - trainer - {'Best_epoch_HR@5': 20, 'Best_epoch_NDCG@5': 20, 'Best_epoch_HR@10': 20, 'Best_epoch_NDCG@10': 20, 'Best_epoch_HR@20': 20, 'Best_epoch_NDCG@20': 20}
2026/04/09 15:42:42 - __main__ - INFO - 124 - trainer - Epoch: 21
2026/04/09 15:42:43 - __main__ - INFO - 142 - trainer - [0/257] Loss: 7.8294 Loss_contra: 0.0582
2026/04/09 15:42:57 - __main__ - INFO - 142 - trainer - [52/257] Loss: 8.0068 Loss_contra: 0.0511
2026/04/09 15:43:09 - __main__ - INFO - 142 - trainer - [104/257] Loss: 7.9180 Loss_contra: 0.0501
2026/04/09 15:43:20 - __main__ - INFO - 142 - trainer - [156/257] Loss: 7.7719 Loss_contra: 0.0565
2026/04/09 15:43:30 - __main__ - INFO - 142 - trainer - [208/257] Loss: 7.9068 Loss_contra: 0.0523
2026/04/09 15:43:40 - __main__ - INFO - 124 - trainer - Epoch: 22
2026/04/09 15:43:40 - __main__ - INFO - 142 - trainer - [0/257] Loss: 7.8958 Loss_contra: 0.0569
2026/04/09 15:43:50 - __main__ - INFO - 142 - trainer - [52/257] Loss: 7.7588 Loss_contra: 0.0587
2026/04/09 15:44:01 - __main__ - INFO - 142 - trainer - [104/257] Loss: 7.9547 Loss_contra: 0.0639
2026/04/09 15:44:12 - __main__ - INFO - 142 - trainer - [156/257] Loss: 7.7462 Loss_contra: 0.0464
2026/04/09 15:44:28 - __main__ - INFO - 142 - trainer - [208/257] Loss: 7.8560 Loss_contra: 0.0496
2026/04/09 15:44:43 - __main__ - INFO - 152 - trainer - start predicting: 2026-04-09 15:44:43.237658
2026/04/09 15:45:19 - __main__ - INFO - 187 - trainer - {'Best_HR@5': 4.9447, 'Best_NDCG@5': 3.4708, 'Best_HR@10': 6.9273, 'Best_NDCG@10': 4.1062, 'Best_HR@20': 9.6618, 'Best_NDCG@20': 4.7916}
2026/04/09 15:45:19 - __main__ - INFO - 188 - trainer - {'Best_epoch_HR@5': 22, 'Best_epoch_NDCG@5': 22, 'Best_epoch_HR@10': 22, 'Best_epoch_NDCG@10': 22, 'Best_epoch_HR@20': 22, 'Best_epoch_NDCG@20': 22}
2026/04/09 15:45:19 - __main__ - INFO - 124 - trainer - Epoch: 23
2026/04/09 15:45:19 - __main__ - INFO - 142 - trainer - [0/257] Loss: 7.8941 Loss_contra: 0.0521
2026/04/09 15:45:31 - __main__ - INFO - 142 - trainer - [52/257] Loss: 7.8307 Loss_contra: 0.0437
2026/04/09 15:45:42 - __main__ - INFO - 142 - trainer - [104/257] Loss: 7.7975 Loss_contra: 0.0473
2026/04/09 15:45:52 - __main__ - INFO - 142 - trainer - [156/257] Loss: 7.9079 Loss_contra: 0.0451
2026/04/09 15:46:02 - __main__ - INFO - 142 - trainer - [208/257] Loss: 7.7178 Loss_contra: 0.0431
2026/04/09 15:46:14 - __main__ - INFO - 124 - trainer - Epoch: 24
2026/04/09 15:46:14 - __main__ - INFO - 142 - trainer - [0/257] Loss: 7.6565 Loss_contra: 0.0446
2026/04/09 15:46:27 - __main__ - INFO - 142 - trainer - [52/257] Loss: 7.7646 Loss_contra: 0.0385
2026/04/09 15:46:38 - __main__ - INFO - 142 - trainer - [104/257] Loss: 7.9538 Loss_contra: 0.0383
2026/04/09 15:46:50 - __main__ - INFO - 142 - trainer - [156/257] Loss: 7.7690 Loss_contra: 0.0418
2026/04/09 15:47:04 - __main__ - INFO - 142 - trainer - [208/257] Loss: 7.6640 Loss_contra: 0.0584
2026/04/09 15:47:16 - __main__ - INFO - 152 - trainer - start predicting: 2026-04-09 15:47:16.093181
2026/04/09 15:47:51 - __main__ - INFO - 187 - trainer - {'Best_HR@5': 5.0821, 'Best_NDCG@5': 3.586, 'Best_HR@10': 7.2154, 'Best_NDCG@10': 4.2738, 'Best_HR@20': 10.1915, 'Best_NDCG@20': 5.0205}
2026/04/09 15:47:51 - __main__ - INFO - 188 - trainer - {'Best_epoch_HR@5': 24, 'Best_epoch_NDCG@5': 24, 'Best_epoch_HR@10': 24, 'Best_epoch_NDCG@10': 24, 'Best_epoch_HR@20': 24, 'Best_epoch_NDCG@20': 24}
2026/04/09 15:47:51 - __main__ - INFO - 124 - trainer - Epoch: 25
2026/04/09 15:47:52 - __main__ - INFO - 142 - trainer - [0/257] Loss: 7.8060 Loss_contra: 0.0495
2026/04/09 15:48:06 - __main__ - INFO - 142 - trainer - [52/257] Loss: 7.6488 Loss_contra: 0.0442
2026/04/09 15:48:18 - __main__ - INFO - 142 - trainer - [104/257] Loss: 7.7336 Loss_contra: 0.0406
2026/04/09 15:48:30 - __main__ - INFO - 142 - trainer - [156/257] Loss: 7.5909 Loss_contra: 0.0468
2026/04/09 15:48:40 - __main__ - INFO - 142 - trainer - [208/257] Loss: 7.6546 Loss_contra: 0.0442
2026/04/09 15:48:49 - __main__ - INFO - 124 - trainer - Epoch: 26
2026/04/09 15:48:50 - __main__ - INFO - 142 - trainer - [0/257] Loss: 7.8354 Loss_contra: 0.0407
2026/04/09 15:49:00 - __main__ - INFO - 142 - trainer - [52/257] Loss: 7.6820 Loss_contra: 0.0412
2026/04/09 15:49:10 - __main__ - INFO - 142 - trainer - [104/257] Loss: 7.7919 Loss_contra: 0.0387
2026/04/09 15:49:22 - __main__ - INFO - 142 - trainer - [156/257] Loss: 7.7227 Loss_contra: 0.0420
2026/04/09 15:49:37 - __main__ - INFO - 142 - trainer - [208/257] Loss: 7.6645 Loss_contra: 0.0335
2026/04/09 15:49:51 - __main__ - INFO - 152 - trainer - start predicting: 2026-04-09 15:49:51.635004
2026/04/09 15:50:29 - __main__ - INFO - 187 - trainer - {'Best_HR@5': 5.2125, 'Best_NDCG@5': 3.6928, 'Best_HR@10': 7.3944, 'Best_NDCG@10': 4.3995, 'Best_HR@20': 10.417, 'Best_NDCG@20': 5.1593}
2026/04/09 15:50:29 - __main__ - INFO - 188 - trainer - {'Best_epoch_HR@5': 26, 'Best_epoch_NDCG@5': 26, 'Best_epoch_HR@10': 26, 'Best_epoch_NDCG@10': 26, 'Best_epoch_HR@20': 26, 'Best_epoch_NDCG@20': 26}
2026/04/09 15:50:29 - __main__ - INFO - 124 - trainer - Epoch: 27
2026/04/09 15:50:29 - __main__ - INFO - 142 - trainer - [0/257] Loss: 7.7338 Loss_contra: 0.0344
2026/04/09 15:50:41 - __main__ - INFO - 142 - trainer - [52/257] Loss: 7.6296 Loss_contra: 0.0446
2026/04/09 15:50:52 - __main__ - INFO - 142 - trainer - [104/257] Loss: 7.7172 Loss_contra: 0.0425
2026/04/09 15:51:02 - __main__ - INFO - 142 - trainer - [156/257] Loss: 7.8040 Loss_contra: 0.0432
2026/04/09 15:51:12 - __main__ - INFO - 142 - trainer - [208/257] Loss: 7.6688 Loss_contra: 0.0427
2026/04/09 15:51:23 - __main__ - INFO - 124 - trainer - Epoch: 28
2026/04/09 15:51:23 - __main__ - INFO - 142 - trainer - [0/257] Loss: 7.5083 Loss_contra: 0.0417
2026/04/09 15:51:36 - __main__ - INFO - 142 - trainer - [52/257] Loss: 7.5851 Loss_contra: 0.0450
2026/04/09 15:51:48 - __main__ - INFO - 142 - trainer - [104/257] Loss: 7.5944 Loss_contra: 0.0402
2026/04/09 15:52:00 - __main__ - INFO - 142 - trainer - [156/257] Loss: 7.5416 Loss_contra: 0.0337
2026/04/09 15:52:14 - __main__ - INFO - 142 - trainer - [208/257] Loss: 7.5202 Loss_contra: 0.0361
2026/04/09 15:52:26 - __main__ - INFO - 152 - trainer - start predicting: 2026-04-09 15:52:26.170541
2026/04/09 15:53:02 - __main__ - INFO - 187 - trainer - {'Best_HR@5': 5.3526, 'Best_NDCG@5': 3.7855, 'Best_HR@10': 7.6054, 'Best_NDCG@10': 4.5092, 'Best_HR@20': 10.5531, 'Best_NDCG@20': 5.2504}
2026/04/09 15:53:02 - __main__ - INFO - 188 - trainer - {'Best_epoch_HR@5': 28, 'Best_epoch_NDCG@5': 28, 'Best_epoch_HR@10': 28, 'Best_epoch_NDCG@10': 28, 'Best_epoch_HR@20': 28, 'Best_epoch_NDCG@20': 28}
2026/04/09 15:53:02 - __main__ - INFO - 124 - trainer - Epoch: 29
2026/04/09 15:53:02 - __main__ - INFO - 142 - trainer - [0/257] Loss: 7.7064 Loss_contra: 0.0350
2026/04/09 15:53:14 - __main__ - INFO - 142 - trainer - [52/257] Loss: 7.4569 Loss_contra: 0.0374
2026/04/09 15:53:27 - __main__ - INFO - 142 - trainer - [104/257] Loss: 7.5054 Loss_contra: 0.0362
2026/04/09 15:53:40 - __main__ - INFO - 142 - trainer - [156/257] Loss: 7.7298 Loss_contra: 0.0366
2026/04/09 15:53:50 - __main__ - INFO - 142 - trainer - [208/257] Loss: 7.7205 Loss_contra: 0.0387
2026/04/09 15:54:00 - __main__ - INFO - 124 - trainer - Epoch: 30
2026/04/09 15:54:00 - __main__ - INFO - 142 - trainer - [0/257] Loss: 7.4605 Loss_contra: 0.0368
2026/04/09 15:54:10 - __main__ - INFO - 142 - trainer - [52/257] Loss: 7.6014 Loss_contra: 0.0376
2026/04/09 15:54:21 - __main__ - INFO - 142 - trainer - [104/257] Loss: 7.5071 Loss_contra: 0.0307
2026/04/09 15:54:33 - __main__ - INFO - 142 - trainer - [156/257] Loss: 7.6335 Loss_contra: 0.0347
2026/04/09 15:54:46 - __main__ - INFO - 142 - trainer - [208/257] Loss: 7.5211 Loss_contra: 0.0333
2026/04/09 15:55:00 - __main__ - INFO - 152 - trainer - start predicting: 2026-04-09 15:55:00.513230
2026/04/09 15:55:39 - __main__ - INFO - 187 - trainer - {'Best_HR@5': 5.6612, 'Best_NDCG@5': 3.9879, 'Best_HR@10': 7.8108, 'Best_NDCG@10': 4.6791, 'Best_HR@20': 10.8364, 'Best_NDCG@20': 5.4375}
2026/04/09 15:55:39 - __main__ - INFO - 188 - trainer - {'Best_epoch_HR@5': 30, 'Best_epoch_NDCG@5': 30, 'Best_epoch_HR@10': 30, 'Best_epoch_NDCG@10': 30, 'Best_epoch_HR@20': 30, 'Best_epoch_NDCG@20': 30}
2026/04/09 15:55:39 - __main__ - INFO - 124 - trainer - Epoch: 31
2026/04/09 15:55:39 - __main__ - INFO - 142 - trainer - [0/257] Loss: 7.5883 Loss_contra: 0.0348
2026/04/09 15:55:51 - __main__ - INFO - 142 - trainer - [52/257] Loss: 7.5141 Loss_contra: 0.0337
2026/04/09 15:56:02 - __main__ - INFO - 142 - trainer - [104/257] Loss: 7.4490 Loss_contra: 0.0350
2026/04/09 15:56:12 - __main__ - INFO - 142 - trainer - [156/257] Loss: 7.6154 Loss_contra: 0.0289
2026/04/09 15:56:22 - __main__ - INFO - 142 - trainer - [208/257] Loss: 7.6553 Loss_contra: 0.0287
2026/04/09 15:56:32 - __main__ - INFO - 124 - trainer - Epoch: 32
2026/04/09 15:56:32 - __main__ - INFO - 142 - trainer - [0/257] Loss: 7.4621 Loss_contra: 0.0409
2026/04/09 15:56:44 - __main__ - INFO - 142 - trainer - [52/257] Loss: 7.5489 Loss_contra: 0.0309
2026/04/09 15:56:57 - __main__ - INFO - 142 - trainer - [104/257] Loss: 7.4463 Loss_contra: 0.0342
2026/04/09 15:57:10 - __main__ - INFO - 142 - trainer - [156/257] Loss: 7.2278 Loss_contra: 0.0302
2026/04/09 15:57:24 - __main__ - INFO - 142 - trainer - [208/257] Loss: 7.3399 Loss_contra: 0.0370
2026/04/09 15:57:35 - __main__ - INFO - 152 - trainer - start predicting: 2026-04-09 15:57:35.894085
2026/04/09 15:58:11 - __main__ - INFO - 187 - trainer - {'Best_HR@5': 5.738, 'Best_NDCG@5': 4.0432, 'Best_HR@10': 7.9662, 'Best_NDCG@10': 4.763, 'Best_HR@20': 10.9885, 'Best_NDCG@20': 5.5221}
2026/04/09 15:58:11 - __main__ - INFO - 188 - trainer - {'Best_epoch_HR@5': 32, 'Best_epoch_NDCG@5': 32, 'Best_epoch_HR@10': 32, 'Best_epoch_NDCG@10': 32, 'Best_epoch_HR@20': 32, 'Best_epoch_NDCG@20': 32}
2026/04/09 15:58:11 - __main__ - INFO - 124 - trainer - Epoch: 33
2026/04/09 15:58:11 - __main__ - INFO - 142 - trainer - [0/257] Loss: 7.3476 Loss_contra: 0.0381
2026/04/09 15:58:23 - __main__ - INFO - 142 - trainer - [52/257] Loss: 7.5898 Loss_contra: 0.0305
2026/04/09 15:58:36 - __main__ - INFO - 142 - trainer - [104/257] Loss: 7.5436 Loss_contra: 0.0284
2026/04/09 15:58:49 - __main__ - INFO - 142 - trainer - [156/257] Loss: 7.2739 Loss_contra: 0.0317
2026/04/09 15:59:00 - __main__ - INFO - 142 - trainer - [208/257] Loss: 7.3212 Loss_contra: 0.0380
2026/04/09 15:59:10 - __main__ - INFO - 124 - trainer - Epoch: 34
2026/04/09 15:59:10 - __main__ - INFO - 142 - trainer - [0/257] Loss: 7.2557 Loss_contra: 0.0361
2026/04/09 15:59:20 - __main__ - INFO - 142 - trainer - [52/257] Loss: 7.6175 Loss_contra: 0.0252
2026/04/09 15:59:30 - __main__ - INFO - 142 - trainer - [104/257] Loss: 7.4868 Loss_contra: 0.0303
2026/04/09 15:59:42 - __main__ - INFO - 142 - trainer - [156/257] Loss: 7.2915 Loss_contra: 0.0301
2026/04/09 15:59:56 - __main__ - INFO - 142 - trainer - [208/257] Loss: 7.5259 Loss_contra: 0.0267
2026/04/09 16:00:09 - __main__ - INFO - 152 - trainer - start predicting: 2026-04-09 16:00:09.189790
2026/04/09 16:00:49 - __main__ - INFO - 187 - trainer - {'Best_HR@5': 5.8417, 'Best_NDCG@5': 4.1315, 'Best_HR@10': 8.283, 'Best_NDCG@10': 4.9185, 'Best_HR@20': 11.3168, 'Best_NDCG@20': 5.6785}
2026/04/09 16:00:49 - __main__ - INFO - 188 - trainer - {'Best_epoch_HR@5': 34, 'Best_epoch_NDCG@5': 34, 'Best_epoch_HR@10': 34, 'Best_epoch_NDCG@10': 34, 'Best_epoch_HR@20': 34, 'Best_epoch_NDCG@20': 34}
2026/04/09 16:00:49 - __main__ - INFO - 124 - trainer - Epoch: 35
2026/04/09 16:00:49 - __main__ - INFO - 142 - trainer - [0/257] Loss: 7.1888 Loss_contra: 0.0314
2026/04/09 16:01:01 - __main__ - INFO - 142 - trainer - [52/257] Loss: 7.2762 Loss_contra: 0.0289
2026/04/09 16:01:12 - __main__ - INFO - 142 - trainer - [104/257] Loss: 7.4490 Loss_contra: 0.0235
2026/04/09 16:01:22 - __main__ - INFO - 142 - trainer - [156/257] Loss: 7.2135 Loss_contra: 0.0311
2026/04/09 16:01:32 - __main__ - INFO - 142 - trainer - [208/257] Loss: 7.3647 Loss_contra: 0.0349
2026/04/09 16:01:42 - __main__ - INFO - 124 - trainer - Epoch: 36
2026/04/09 16:01:42 - __main__ - INFO - 142 - trainer - [0/257] Loss: 7.3806 Loss_contra: 0.0262
2026/04/09 16:01:53 - __main__ - INFO - 142 - trainer - [52/257] Loss: 7.3197 Loss_contra: 0.0303
2026/04/09 16:02:06 - __main__ - INFO - 142 - trainer - [104/257] Loss: 7.5979 Loss_contra: 0.0240
2026/04/09 16:02:20 - __main__ - INFO - 142 - trainer - [156/257] Loss: 7.3068 Loss_contra: 0.0272
2026/04/09 16:02:33 - __main__ - INFO - 142 - trainer - [208/257] Loss: 7.3625 Loss_contra: 0.0236
2026/04/09 16:02:45 - __main__ - INFO - 152 - trainer - start predicting: 2026-04-09 16:02:45.902206
2026/04/09 16:03:21 - __main__ - INFO - 187 - trainer - {'Best_HR@5': 6.0396, 'Best_NDCG@5': 4.2823, 'Best_HR@10': 8.4181, 'Best_NDCG@10': 5.0485, 'Best_HR@20': 11.514, 'Best_NDCG@20': 5.8248}
2026/04/09 16:03:21 - __main__ - INFO - 188 - trainer - {'Best_epoch_HR@5': 36, 'Best_epoch_NDCG@5': 36, 'Best_epoch_HR@10': 36, 'Best_epoch_NDCG@10': 36, 'Best_epoch_HR@20': 36, 'Best_epoch_NDCG@20': 36}
2026/04/09 16:03:21 - __main__ - INFO - 124 - trainer - Epoch: 37
2026/04/09 16:03:21 - __main__ - INFO - 142 - trainer - [0/257] Loss: 7.3536 Loss_contra: 0.0244
2026/04/09 16:03:33 - __main__ - INFO - 142 - trainer - [52/257] Loss: 7.1776 Loss_contra: 0.0296
2026/04/09 16:03:44 - __main__ - INFO - 142 - trainer - [104/257] Loss: 7.4217 Loss_contra: 0.0266
2026/04/09 16:03:57 - __main__ - INFO - 142 - trainer - [156/257] Loss: 7.3424 Loss_contra: 0.0243
2026/04/09 16:04:10 - __main__ - INFO - 142 - trainer - [208/257] Loss: 7.4324 Loss_contra: 0.0236
2026/04/09 16:04:19 - __main__ - INFO - 124 - trainer - Epoch: 38
2026/04/09 16:04:19 - __main__ - INFO - 142 - trainer - [0/257] Loss: 7.3048 Loss_contra: 0.0285
2026/04/09 16:04:30 - __main__ - INFO - 142 - trainer - [52/257] Loss: 7.2892 Loss_contra: 0.0243
2026/04/09 16:04:40 - __main__ - INFO - 142 - trainer - [104/257] Loss: 7.2921 Loss_contra: 0.0244
2026/04/09 16:04:52 - __main__ - INFO - 142 - trainer - [156/257] Loss: 7.2464 Loss_contra: 0.0308
2026/04/09 16:05:05 - __main__ - INFO - 142 - trainer - [208/257] Loss: 7.2782 Loss_contra: 0.0246
2026/04/09 16:05:17 - __main__ - INFO - 152 - trainer - start predicting: 2026-04-09 16:05:17.966740
2026/04/09 16:05:58 - __main__ - INFO - 187 - trainer - {'Best_HR@5': 6.2108, 'Best_NDCG@5': 4.4251, 'Best_HR@10': 8.4829, 'Best_NDCG@10': 5.1578, 'Best_HR@20': 11.7697, 'Best_NDCG@20': 5.986}
2026/04/09 16:05:58 - __main__ - INFO - 188 - trainer - {'Best_epoch_HR@5': 38, 'Best_epoch_NDCG@5': 38, 'Best_epoch_HR@10': 38, 'Best_epoch_NDCG@10': 38, 'Best_epoch_HR@20': 38, 'Best_epoch_NDCG@20': 38}
2026/04/09 16:05:58 - __main__ - INFO - 124 - trainer - Epoch: 39
2026/04/09 16:05:59 - __main__ - INFO - 142 - trainer - [0/257] Loss: 7.0439 Loss_contra: 0.0231
2026/04/09 16:06:11 - __main__ - INFO - 142 - trainer - [52/257] Loss: 7.1556 Loss_contra: 0.0238
2026/04/09 16:06:21 - __main__ - INFO - 142 - trainer - [104/257] Loss: 7.1820 Loss_contra: 0.0232
2026/04/09 16:06:32 - __main__ - INFO - 142 - trainer - [156/257] Loss: 7.3542 Loss_contra: 0.0239
2026/04/09 16:06:42 - __main__ - INFO - 142 - trainer - [208/257] Loss: 7.6295 Loss_contra: 0.0258
2026/04/09 16:06:51 - __main__ - INFO - 124 - trainer - Epoch: 40
2026/04/09 16:06:52 - __main__ - INFO - 142 - trainer - [0/257] Loss: 7.2623 Loss_contra: 0.0231
2026/04/09 16:07:02 - __main__ - INFO - 142 - trainer - [52/257] Loss: 7.1461 Loss_contra: 0.0216
2026/04/09 16:07:14 - __main__ - INFO - 142 - trainer - [104/257] Loss: 7.2391 Loss_contra: 0.0269
2026/04/09 16:07:29 - __main__ - INFO - 142 - trainer - [156/257] Loss: 6.9689 Loss_contra: 0.0249
2026/04/09 16:07:43 - __main__ - INFO - 142 - trainer - [208/257] Loss: 7.1493 Loss_contra: 0.0243
2026/04/09 16:07:55 - __main__ - INFO - 152 - trainer - start predicting: 2026-04-09 16:07:55.597740
2026/04/09 16:08:31 - __main__ - INFO - 187 - trainer - {'Best_HR@5': 6.2108, 'Best_NDCG@5': 4.4251, 'Best_HR@10': 8.637, 'Best_NDCG@10': 5.215, 'Best_HR@20': 11.7697, 'Best_NDCG@20': 5.9876}
2026/04/09 16:08:31 - __main__ - INFO - 188 - trainer - {'Best_epoch_HR@5': 38, 'Best_epoch_NDCG@5': 38, 'Best_epoch_HR@10': 40, 'Best_epoch_NDCG@10': 40, 'Best_epoch_HR@20': 38, 'Best_epoch_NDCG@20': 40}
2026/04/09 16:08:31 - __main__ - INFO - 124 - trainer - Epoch: 41
2026/04/09 16:08:31 - __main__ - INFO - 142 - trainer - [0/257] Loss: 7.2564 Loss_contra: 0.0221
2026/04/09 16:08:43 - __main__ - INFO - 142 - trainer - [52/257] Loss: 7.1698 Loss_contra: 0.0237
2026/04/09 16:08:54 - __main__ - INFO - 142 - trainer - [104/257] Loss: 7.4095 Loss_contra: 0.0226
2026/04/09 16:09:06 - __main__ - INFO - 142 - trainer - [156/257] Loss: 7.3468 Loss_contra: 0.0210
2026/04/09 16:09:19 - __main__ - INFO - 142 - trainer - [208/257] Loss: 7.4000 Loss_contra: 0.0199
2026/04/09 16:09:29 - __main__ - INFO - 124 - trainer - Epoch: 42
2026/04/09 16:09:30 - __main__ - INFO - 142 - trainer - [0/257] Loss: 7.2112 Loss_contra: 0.0227
2026/04/09 16:09:40 - __main__ - INFO - 142 - trainer - [52/257] Loss: 7.2489 Loss_contra: 0.0228
2026/04/09 16:09:50 - __main__ - INFO - 142 - trainer - [104/257] Loss: 7.0664 Loss_contra: 0.0237
2026/04/09 16:10:02 - __main__ - INFO - 142 - trainer - [156/257] Loss: 7.0791 Loss_contra: 0.0244
2026/04/09 16:10:15 - __main__ - INFO - 142 - trainer - [208/257] Loss: 7.2085 Loss_contra: 0.0228
2026/04/09 16:10:28 - __main__ - INFO - 152 - trainer - start predicting: 2026-04-09 16:10:28.112304
2026/04/09 16:11:07 - __main__ - INFO - 187 - trainer - {'Best_HR@5': 6.2549, 'Best_NDCG@5': 4.4835, 'Best_HR@10': 8.7539, 'Best_NDCG@10': 5.2923, 'Best_HR@20': 11.9061, 'Best_NDCG@20': 6.0839}
2026/04/09 16:11:07 - __main__ - INFO - 188 - trainer - {'Best_epoch_HR@5': 42, 'Best_epoch_NDCG@5': 42, 'Best_epoch_HR@10': 42, 'Best_epoch_NDCG@10': 42, 'Best_epoch_HR@20': 42, 'Best_epoch_NDCG@20': 42}
2026/04/09 16:11:07 - __main__ - INFO - 124 - trainer - Epoch: 43
2026/04/09 16:11:08 - __main__ - INFO - 142 - trainer - [0/257] Loss: 7.1488 Loss_contra: 0.0237
2026/04/09 16:11:21 - __main__ - INFO - 142 - trainer - [52/257] Loss: 7.1529 Loss_contra: 0.0216
2026/04/09 16:11:31 - __main__ - INFO - 142 - trainer - [104/257] Loss: 7.2241 Loss_contra: 0.0208
2026/04/09 16:11:42 - __main__ - INFO - 142 - trainer - [156/257] Loss: 7.2644 Loss_contra: 0.0182
2026/04/09 16:11:52 - __main__ - INFO - 142 - trainer - [208/257] Loss: 7.2412 Loss_contra: 0.0198
2026/04/09 16:12:02 - __main__ - INFO - 124 - trainer - Epoch: 44
2026/04/09 16:12:02 - __main__ - INFO - 142 - trainer - [0/257] Loss: 7.0118 Loss_contra: 0.0236
2026/04/09 16:12:12 - __main__ - INFO - 142 - trainer - [52/257] Loss: 7.2099 Loss_contra: 0.0246
2026/04/09 16:12:23 - __main__ - INFO - 142 - trainer - [104/257] Loss: 7.1920 Loss_contra: 0.0187
2026/04/09 16:12:38 - __main__ - INFO - 142 - trainer - [156/257] Loss: 7.0277 Loss_contra: 0.0187
2026/04/09 16:12:53 - __main__ - INFO - 142 - trainer - [208/257] Loss: 7.3260 Loss_contra: 0.0202
2026/04/09 16:13:05 - __main__ - INFO - 152 - trainer - start predicting: 2026-04-09 16:13:05.693279
2026/04/09 16:13:41 - __main__ - INFO - 187 - trainer - {'Best_HR@5': 6.4105, 'Best_NDCG@5': 4.5614, 'Best_HR@10': 8.7539, 'Best_NDCG@10': 5.3053, 'Best_HR@20': 11.9314, 'Best_NDCG@20': 6.115}
2026/04/09 16:13:41 - __main__ - INFO - 188 - trainer - {'Best_epoch_HR@5': 44, 'Best_epoch_NDCG@5': 44, 'Best_epoch_HR@10': 42, 'Best_epoch_NDCG@10': 44, 'Best_epoch_HR@20': 44, 'Best_epoch_NDCG@20': 44}
2026/04/09 16:13:41 - __main__ - INFO - 124 - trainer - Epoch: 45
2026/04/09 16:13:41 - __main__ - INFO - 142 - trainer - [0/257] Loss: 7.0505 Loss_contra: 0.0209
2026/04/09 16:13:53 - __main__ - INFO - 142 - trainer - [52/257] Loss: 7.1617 Loss_contra: 0.0196
2026/04/09 16:14:03 - __main__ - INFO - 142 - trainer - [104/257] Loss: 7.1419 Loss_contra: 0.0185
2026/04/09 16:14:14 - __main__ - INFO - 142 - trainer - [156/257] Loss: 7.2431 Loss_contra: 0.0208
2026/04/09 16:14:27 - __main__ - INFO - 142 - trainer - [208/257] Loss: 7.1134 Loss_contra: 0.0211
2026/04/09 16:14:39 - __main__ - INFO - 124 - trainer - Epoch: 46
2026/04/09 16:14:39 - __main__ - INFO - 142 - trainer - [0/257] Loss: 7.0265 Loss_contra: 0.0201
2026/04/09 16:14:50 - __main__ - INFO - 142 - trainer - [52/257] Loss: 6.9513 Loss_contra: 0.0186
2026/04/09 16:15:00 - __main__ - INFO - 142 - trainer - [104/257] Loss: 7.0838 Loss_contra: 0.0222
2026/04/09 16:15:12 - __main__ - INFO - 142 - trainer - [156/257] Loss: 7.0005 Loss_contra: 0.0193
2026/04/09 16:15:25 - __main__ - INFO - 142 - trainer - [208/257] Loss: 6.9676 Loss_contra: 0.0199
2026/04/09 16:15:38 - __main__ - INFO - 152 - trainer - start predicting: 2026-04-09 16:15:38.034084
2026/04/09 16:16:16 - __main__ - INFO - 187 - trainer - {'Best_HR@5': 6.5075, 'Best_NDCG@5': 4.6196, 'Best_HR@10': 8.9403, 'Best_NDCG@10': 5.3999, 'Best_HR@20': 12.1001, 'Best_NDCG@20': 6.1951}
2026/04/09 16:16:16 - __main__ - INFO - 188 - trainer - {'Best_epoch_HR@5': 46, 'Best_epoch_NDCG@5': 46, 'Best_epoch_HR@10': 46, 'Best_epoch_NDCG@10': 46, 'Best_epoch_HR@20': 46, 'Best_epoch_NDCG@20': 46}
2026/04/09 16:16:16 - __main__ - INFO - 124 - trainer - Epoch: 47
2026/04/09 16:16:16 - __main__ - INFO - 142 - trainer - [0/257] Loss: 6.9889 Loss_contra: 0.0194
2026/04/09 16:16:31 - __main__ - INFO - 142 - trainer - [52/257] Loss: 7.0436 Loss_contra: 0.0175
2026/04/09 16:16:41 - __main__ - INFO - 142 - trainer - [104/257] Loss: 7.2610 Loss_contra: 0.0191
2026/04/09 16:16:52 - __main__ - INFO - 142 - trainer - [156/257] Loss: 7.0337 Loss_contra: 0.0191
2026/04/09 16:17:02 - __main__ - INFO - 142 - trainer - [208/257] Loss: 7.1270 Loss_contra: 0.0221
2026/04/09 16:17:11 - __main__ - INFO - 124 - trainer - Epoch: 48
2026/04/09 16:17:12 - __main__ - INFO - 142 - trainer - [0/257] Loss: 7.0562 Loss_contra: 0.0179
2026/04/09 16:17:22 - __main__ - INFO - 142 - trainer - [52/257] Loss: 7.0055 Loss_contra: 0.0158
2026/04/09 16:17:32 - __main__ - INFO - 142 - trainer - [104/257] Loss: 6.9648 Loss_contra: 0.0210
2026/04/09 16:17:46 - __main__ - INFO - 142 - trainer - [156/257] Loss: 7.0875 Loss_contra: 0.0184
2026/04/09 16:18:03 - __main__ - INFO - 142 - trainer - [208/257] Loss: 6.7618 Loss_contra: 0.0191
2026/04/09 16:18:15 - __main__ - INFO - 152 - trainer - start predicting: 2026-04-09 16:18:15.749713
2026/04/09 16:18:51 - __main__ - INFO - 187 - trainer - {'Best_HR@5': 6.7271, 'Best_NDCG@5': 4.7165, 'Best_HR@10': 9.0293, 'Best_NDCG@10': 5.4538, 'Best_HR@20': 12.2895, 'Best_NDCG@20': 6.2764}
2026/04/09 16:18:51 - __main__ - INFO - 188 - trainer - {'Best_epoch_HR@5': 48, 'Best_epoch_NDCG@5': 48, 'Best_epoch_HR@10': 48, 'Best_epoch_NDCG@10': 48, 'Best_epoch_HR@20': 48, 'Best_epoch_NDCG@20': 48}
2026/04/09 16:18:51 - __main__ - INFO - 124 - trainer - Epoch: 49
2026/04/09 16:18:51 - __main__ - INFO - 142 - trainer - [0/257] Loss: 7.0119 Loss_contra: 0.0196
2026/04/09 16:19:03 - __main__ - INFO - 142 - trainer - [52/257] Loss: 7.0958 Loss_contra: 0.0194
2026/04/09 16:19:14 - __main__ - INFO - 142 - trainer - [104/257] Loss: 6.8991 Loss_contra: 0.0174
2026/04/09 16:19:24 - __main__ - INFO - 142 - trainer - [156/257] Loss: 7.0415 Loss_contra: 0.0210
2026/04/09 16:19:37 - __main__ - INFO - 142 - trainer - [208/257] Loss: 7.1003 Loss_contra: 0.0140
2026/04/09 16:19:49 - __main__ - INFO - 124 - trainer - Epoch: 50
2026/04/09 16:19:49 - __main__ - INFO - 142 - trainer - [0/257] Loss: 6.9050 Loss_contra: 0.0159
2026/04/09 16:20:00 - __main__ - INFO - 142 - trainer - [52/257] Loss: 7.0102 Loss_contra: 0.0164
2026/04/09 16:20:10 - __main__ - INFO - 142 - trainer - [104/257] Loss: 6.9671 Loss_contra: 0.0187
2026/04/09 16:20:22 - __main__ - INFO - 142 - trainer - [156/257] Loss: 6.9743 Loss_contra: 0.0151
2026/04/09 16:20:36 - __main__ - INFO - 142 - trainer - [208/257] Loss: 6.9419 Loss_contra: 0.0201
2026/04/09 16:20:48 - __main__ - INFO - 152 - trainer - start predicting: 2026-04-09 16:20:48.317438
2026/04/09 16:21:25 - __main__ - INFO - 187 - trainer - {'Best_HR@5': 6.7271, 'Best_NDCG@5': 4.7165, 'Best_HR@10': 9.1333, 'Best_NDCG@10': 5.4849, 'Best_HR@20': 12.2895, 'Best_NDCG@20': 6.2764}
2026/04/09 16:21:25 - __main__ - INFO - 188 - trainer - {'Best_epoch_HR@5': 48, 'Best_epoch_NDCG@5': 48, 'Best_epoch_HR@10': 50, 'Best_epoch_NDCG@10': 50, 'Best_epoch_HR@20': 48, 'Best_epoch_NDCG@20': 48}
2026/04/09 16:21:25 - __main__ - INFO - 124 - trainer - Epoch: 51
2026/04/09 16:21:25 - __main__ - INFO - 142 - trainer - [0/257] Loss: 6.9788 Loss_contra: 0.0135
2026/04/09 16:21:40 - __main__ - INFO - 142 - trainer - [52/257] Loss: 6.8535 Loss_contra: 0.0176
2026/04/09 16:21:52 - __main__ - INFO - 142 - trainer - [104/257] Loss: 6.8693 Loss_contra: 0.0176
2026/04/09 16:22:02 - __main__ - INFO - 142 - trainer - [156/257] Loss: 6.9229 Loss_contra: 0.0172
2026/04/09 16:22:12 - __main__ - INFO - 142 - trainer - [208/257] Loss: 6.9861 Loss_contra: 0.0184
2026/04/09 16:22:22 - __main__ - INFO - 124 - trainer - Epoch: 52
2026/04/09 16:22:22 - __main__ - INFO - 142 - trainer - [0/257] Loss: 6.7215 Loss_contra: 0.0179
2026/04/09 16:22:32 - __main__ - INFO - 142 - trainer - [52/257] Loss: 6.8975 Loss_contra: 0.0183
2026/04/09 16:22:43 - __main__ - INFO - 142 - trainer - [104/257] Loss: 7.0941 Loss_contra: 0.0161
2026/04/09 16:22:55 - __main__ - INFO - 142 - trainer - [156/257] Loss: 7.0671 Loss_contra: 0.0147
2026/04/09 16:23:12 - __main__ - INFO - 142 - trainer - [208/257] Loss: 7.1882 Loss_contra: 0.0171
2026/04/09 16:23:25 - __main__ - INFO - 152 - trainer - start predicting: 2026-04-09 16:23:25.944733
2026/04/09 16:24:01 - __main__ - INFO - 187 - trainer - {'Best_HR@5': 6.7489, 'Best_NDCG@5': 4.8523, 'Best_HR@10': 9.2544, 'Best_NDCG@10': 5.6591, 'Best_HR@20': 12.3903, 'Best_NDCG@20': 6.4492}
2026/04/09 16:24:01 - __main__ - INFO - 188 - trainer - {'Best_epoch_HR@5': 52, 'Best_epoch_NDCG@5': 52, 'Best_epoch_HR@10': 52, 'Best_epoch_NDCG@10': 52, 'Best_epoch_HR@20': 52, 'Best_epoch_NDCG@20': 52}
2026/04/09 16:24:01 - __main__ - INFO - 124 - trainer - Epoch: 53
2026/04/09 16:24:01 - __main__ - INFO - 142 - trainer - [0/257] Loss: 6.9548 Loss_contra: 0.0151
2026/04/09 16:24:14 - __main__ - INFO - 142 - trainer - [52/257] Loss: 6.8739 Loss_contra: 0.0157
2026/04/09 16:24:24 - __main__ - INFO - 142 - trainer - [104/257] Loss: 6.8399 Loss_contra: 0.0160
2026/04/09 16:24:34 - __main__ - INFO - 142 - trainer - [156/257] Loss: 6.9347 Loss_contra: 0.0151
2026/04/09 16:24:45 - __main__ - INFO - 142 - trainer - [208/257] Loss: 6.8825 Loss_contra: 0.0142
2026/04/09 16:24:57 - __main__ - INFO - 124 - trainer - Epoch: 54
2026/04/09 16:24:57 - __main__ - INFO - 142 - trainer - [0/257] Loss: 6.7703 Loss_contra: 0.0143
2026/04/09 16:25:10 - __main__ - INFO - 142 - trainer - [52/257] Loss: 6.8037 Loss_contra: 0.0157
2026/04/09 16:25:20 - __main__ - INFO - 142 - trainer - [104/257] Loss: 6.8837 Loss_contra: 0.0166
2026/04/09 16:25:32 - __main__ - INFO - 142 - trainer - [156/257] Loss: 7.0101 Loss_contra: 0.0160
2026/04/09 16:25:46 - __main__ - INFO - 142 - trainer - [208/257] Loss: 6.8834 Loss_contra: 0.0190
2026/04/09 16:25:58 - __main__ - INFO - 152 - trainer - start predicting: 2026-04-09 16:25:58.092842
2026/04/09 16:26:33 - __main__ - INFO - 187 - trainer - {'Best_HR@5': 6.837, 'Best_NDCG@5': 4.8523, 'Best_HR@10': 9.2832, 'Best_NDCG@10': 5.6591, 'Best_HR@20': 12.5746, 'Best_NDCG@20': 6.4566}
2026/04/09 16:26:33 - __main__ - INFO - 188 - trainer - {'Best_epoch_HR@5': 54, 'Best_epoch_NDCG@5': 52, 'Best_epoch_HR@10': 54, 'Best_epoch_NDCG@10': 52, 'Best_epoch_HR@20': 54, 'Best_epoch_NDCG@20': 54}
2026/04/09 16:26:33 - __main__ - INFO - 124 - trainer - Epoch: 55
2026/04/09 16:26:34 - __main__ - INFO - 142 - trainer - [0/257] Loss: 6.8347 Loss_contra: 0.0133
2026/04/09 16:26:49 - __main__ - INFO - 142 - trainer - [52/257] Loss: 6.6409 Loss_contra: 0.0130
2026/04/09 16:27:01 - __main__ - INFO - 142 - trainer - [104/257] Loss: 6.8337 Loss_contra: 0.0148
2026/04/09 16:27:12 - __main__ - INFO - 142 - trainer - [156/257] Loss: 6.6693 Loss_contra: 0.0143
2026/04/09 16:27:22 - __main__ - INFO - 142 - trainer - [208/257] Loss: 6.7564 Loss_contra: 0.0166
2026/04/09 16:27:32 - __main__ - INFO - 124 - trainer - Epoch: 56
2026/04/09 16:27:32 - __main__ - INFO - 142 - trainer - [0/257] Loss: 6.7852 Loss_contra: 0.0166
2026/04/09 16:27:42 - __main__ - INFO - 142 - trainer - [52/257] Loss: 6.7443 Loss_contra: 0.0118
2026/04/09 16:27:52 - __main__ - INFO - 142 - trainer - [104/257] Loss: 6.8438 Loss_contra: 0.0145
2026/04/09 16:28:04 - __main__ - INFO - 142 - trainer - [156/257] Loss: 6.8344 Loss_contra: 0.0145
2026/04/09 16:28:20 - __main__ - INFO - 142 - trainer - [208/257] Loss: 6.8606 Loss_contra: 0.0158
2026/04/09 16:28:34 - __main__ - INFO - 152 - trainer - start predicting: 2026-04-09 16:28:34.781741
2026/04/09 16:29:10 - __main__ - INFO - 187 - trainer - {'Best_HR@5': 6.837, 'Best_NDCG@5': 4.8916, 'Best_HR@10': 9.3946, 'Best_NDCG@10': 5.7195, 'Best_HR@20': 12.6139, 'Best_NDCG@20': 6.5313}
2026/04/09 16:29:10 - __main__ - INFO - 188 - trainer - {'Best_epoch_HR@5': 54, 'Best_epoch_NDCG@5': 56, 'Best_epoch_HR@10': 56, 'Best_epoch_NDCG@10': 56, 'Best_epoch_HR@20': 56, 'Best_epoch_NDCG@20': 56}
2026/04/09 16:29:10 - __main__ - INFO - 124 - trainer - Epoch: 57
2026/04/09 16:29:11 - __main__ - INFO - 142 - trainer - [0/257] Loss: 6.7947 Loss_contra: 0.0184
2026/04/09 16:29:23 - __main__ - INFO - 142 - trainer - [52/257] Loss: 6.7852 Loss_contra: 0.0164
2026/04/09 16:29:34 - __main__ - INFO - 142 - trainer - [104/257] Loss: 6.9805 Loss_contra: 0.0152
2026/04/09 16:29:44 - __main__ - INFO - 142 - trainer - [156/257] Loss: 6.8114 Loss_contra: 0.0163
2026/04/09 16:29:54 - __main__ - INFO - 142 - trainer - [208/257] Loss: 6.7902 Loss_contra: 0.0151
2026/04/09 16:30:06 - __main__ - INFO - 124 - trainer - Epoch: 58
2026/04/09 16:30:06 - __main__ - INFO - 142 - trainer - [0/257] Loss: 6.9482 Loss_contra: 0.0133
2026/04/09 16:30:19 - __main__ - INFO - 142 - trainer - [52/257] Loss: 6.6378 Loss_contra: 0.0165
2026/04/09 16:30:30 - __main__ - INFO - 142 - trainer - [104/257] Loss: 6.9850 Loss_contra: 0.0156
2026/04/09 16:30:42 - __main__ - INFO - 142 - trainer - [156/257] Loss: 6.7772 Loss_contra: 0.0152
2026/04/09 16:30:55 - __main__ - INFO - 142 - trainer - [208/257] Loss: 6.9248 Loss_contra: 0.0161
2026/04/09 16:31:07 - __main__ - INFO - 152 - trainer - start predicting: 2026-04-09 16:31:07.788640
2026/04/09 16:31:42 - __main__ - INFO - 187 - trainer - {'Best_HR@5': 6.9368, 'Best_NDCG@5': 4.9607, 'Best_HR@10': 9.4252, 'Best_NDCG@10': 5.7626, 'Best_HR@20': 12.6547, 'Best_NDCG@20': 6.5792}
2026/04/09 16:31:42 - __main__ - INFO - 188 - trainer - {'Best_epoch_HR@5': 58, 'Best_epoch_NDCG@5': 58, 'Best_epoch_HR@10': 58, 'Best_epoch_NDCG@10': 58, 'Best_epoch_HR@20': 58, 'Best_epoch_NDCG@20': 58}
2026/04/09 16:31:42 - __main__ - INFO - 124 - trainer - Epoch: 59
2026/04/09 16:31:43 - __main__ - INFO - 142 - trainer - [0/257] Loss: 6.7269 Loss_contra: 0.0136
2026/04/09 16:31:57 - __main__ - INFO - 142 - trainer - [52/257] Loss: 6.8778 Loss_contra: 0.0114
2026/04/09 16:32:10 - __main__ - INFO - 142 - trainer - [104/257] Loss: 6.7697 Loss_contra: 0.0115
2026/04/09 16:32:21 - __main__ - INFO - 142 - trainer - [156/257] Loss: 6.8901 Loss_contra: 0.0134
2026/04/09 16:32:32 - __main__ - INFO - 142 - trainer - [208/257] Loss: 6.8555 Loss_contra: 0.0155
2026/04/09 16:32:41 - __main__ - INFO - 124 - trainer - Epoch: 60
2026/04/09 16:32:42 - __main__ - INFO - 142 - trainer - [0/257] Loss: 6.7847 Loss_contra: 0.0138
2026/04/09 16:32:52 - __main__ - INFO - 142 - trainer - [52/257] Loss: 6.8123 Loss_contra: 0.0142
2026/04/09 16:33:02 - __main__ - INFO - 142 - trainer - [104/257] Loss: 6.7568 Loss_contra: 0.0156
2026/04/09 16:33:14 - __main__ - INFO - 142 - trainer - [156/257] Loss: 6.8343 Loss_contra: 0.0126
2026/04/09 16:33:28 - __main__ - INFO - 142 - trainer - [208/257] Loss: 6.6474 Loss_contra: 0.0150
2026/04/09 16:33:43 - __main__ - INFO - 152 - trainer - start predicting: 2026-04-09 16:33:43.356523
2026/04/09 16:34:20 - __main__ - INFO - 187 - trainer - {'Best_HR@5': 6.9368, 'Best_NDCG@5': 4.9607, 'Best_HR@10': 9.5806, 'Best_NDCG@10': 5.7731, 'Best_HR@20': 12.6811, 'Best_NDCG@20': 6.5792}
2026/04/09 16:34:20 - __main__ - INFO - 188 - trainer - {'Best_epoch_HR@5': 58, 'Best_epoch_NDCG@5': 58, 'Best_epoch_HR@10': 60, 'Best_epoch_NDCG@10': 60, 'Best_epoch_HR@20': 60, 'Best_epoch_NDCG@20': 58}
2026/04/09 16:34:20 - __main__ - INFO - 124 - trainer - Epoch: 61
2026/04/09 16:34:20 - __main__ - INFO - 142 - trainer - [0/257] Loss: 6.7653 Loss_contra: 0.0130
2026/04/09 16:34:33 - __main__ - INFO - 142 - trainer - [52/257] Loss: 6.9565 Loss_contra: 0.0110
2026/04/09 16:34:43 - __main__ - INFO - 142 - trainer - [104/257] Loss: 6.8505 Loss_contra: 0.0127
2026/04/09 16:34:54 - __main__ - INFO - 142 - trainer - [156/257] Loss: 6.7409 Loss_contra: 0.0121
2026/04/09 16:35:04 - __main__ - INFO - 142 - trainer - [208/257] Loss: 6.6209 Loss_contra: 0.0134
2026/04/09 16:35:14 - __main__ - INFO - 124 - trainer - Epoch: 62
2026/04/09 16:35:14 - __main__ - INFO - 142 - trainer - [0/257] Loss: 6.6999 Loss_contra: 0.0108
2026/04/09 16:35:27 - __main__ - INFO - 142 - trainer - [52/257] Loss: 6.6804 Loss_contra: 0.0125
2026/04/09 16:35:40 - __main__ - INFO - 142 - trainer - [104/257] Loss: 6.6415 Loss_contra: 0.0130
2026/04/09 16:35:52 - __main__ - INFO - 142 - trainer - [156/257] Loss: 6.9207 Loss_contra: 0.0130
2026/04/09 16:36:05 - __main__ - INFO - 142 - trainer - [208/257] Loss: 6.7206 Loss_contra: 0.0139
2026/04/09 16:36:17 - __main__ - INFO - 152 - trainer - start predicting: 2026-04-09 16:36:17.772812
2026/04/09 16:36:52 - __main__ - INFO - 187 - trainer - {'Best_HR@5': 6.9368, 'Best_NDCG@5': 4.9607, 'Best_HR@10': 9.5806, 'Best_NDCG@10': 5.7836, 'Best_HR@20': 12.7354, 'Best_NDCG@20': 6.5896}
2026/04/09 16:36:52 - __main__ - INFO - 188 - trainer - {'Best_epoch_HR@5': 58, 'Best_epoch_NDCG@5': 58, 'Best_epoch_HR@10': 60, 'Best_epoch_NDCG@10': 62, 'Best_epoch_HR@20': 62, 'Best_epoch_NDCG@20': 62}
2026/04/09 16:36:52 - __main__ - INFO - 124 - trainer - Epoch: 63
2026/04/09 16:36:53 - __main__ - INFO - 142 - trainer - [0/257] Loss: 6.6387 Loss_contra: 0.0121
2026/04/09 16:37:06 - __main__ - INFO - 142 - trainer - [52/257] Loss: 6.5535 Loss_contra: 0.0135
2026/04/09 16:37:19 - __main__ - INFO - 142 - trainer - [104/257] Loss: 6.7314 Loss_contra: 0.0127
2026/04/09 16:37:31 - __main__ - INFO - 142 - trainer - [156/257] Loss: 6.7043 Loss_contra: 0.0118
2026/04/09 16:37:42 - __main__ - INFO - 142 - trainer - [208/257] Loss: 6.6723 Loss_contra: 0.0131
2026/04/09 16:37:51 - __main__ - INFO - 124 - trainer - Epoch: 64
2026/04/09 16:37:51 - __main__ - INFO - 142 - trainer - [0/257] Loss: 6.7644 Loss_contra: 0.0127
2026/04/09 16:38:02 - __main__ - INFO - 142 - trainer - [52/257] Loss: 6.5938 Loss_contra: 0.0123
2026/04/09 16:38:12 - __main__ - INFO - 142 - trainer - [104/257] Loss: 6.6239 Loss_contra: 0.0140
2026/04/09 16:38:24 - __main__ - INFO - 142 - trainer - [156/257] Loss: 6.7067 Loss_contra: 0.0116
2026/04/09 16:38:37 - __main__ - INFO - 142 - trainer - [208/257] Loss: 6.8044 Loss_contra: 0.0143
2026/04/09 16:38:51 - __main__ - INFO - 152 - trainer - start predicting: 2026-04-09 16:38:51.922837
2026/04/09 16:39:30 - __main__ - INFO - 187 - trainer - {'Best_HR@5': 7.0571, 'Best_NDCG@5': 5.0102, 'Best_HR@10': 9.7706, 'Best_NDCG@10': 5.8808, 'Best_HR@20': 13.0172, 'Best_NDCG@20': 6.6978}
2026/04/09 16:39:30 - __main__ - INFO - 188 - trainer - {'Best_epoch_HR@5': 64, 'Best_epoch_NDCG@5': 64, 'Best_epoch_HR@10': 64, 'Best_epoch_NDCG@10': 64, 'Best_epoch_HR@20': 64, 'Best_epoch_NDCG@20': 64}
2026/04/09 16:39:30 - __main__ - INFO - 124 - trainer - Epoch: 65
2026/04/09 16:39:30 - __main__ - INFO - 142 - trainer - [0/257] Loss: 6.6569 Loss_contra: 0.0099
2026/04/09 16:39:43 - __main__ - INFO - 142 - trainer - [52/257] Loss: 6.5298 Loss_contra: 0.0128
2026/04/09 16:39:53 - __main__ - INFO - 142 - trainer - [104/257] Loss: 6.6205 Loss_contra: 0.0107
2026/04/09 16:40:03 - __main__ - INFO - 142 - trainer - [156/257] Loss: 6.5348 Loss_contra: 0.0134
2026/04/09 16:40:14 - __main__ - INFO - 142 - trainer - [208/257] Loss: 6.6898 Loss_contra: 0.0129
2026/04/09 16:40:23 - __main__ - INFO - 124 - trainer - Epoch: 66
2026/04/09 16:40:24 - __main__ - INFO - 142 - trainer - [0/257] Loss: 6.5528 Loss_contra: 0.0142
2026/04/09 16:40:36 - __main__ - INFO - 142 - trainer - [52/257] Loss: 6.6924 Loss_contra: 0.0107
2026/04/09 16:40:49 - __main__ - INFO - 142 - trainer - [104/257] Loss: 6.5490 Loss_contra: 0.0116
2026/04/09 16:41:01 - __main__ - INFO - 142 - trainer - [156/257] Loss: 6.6259 Loss_contra: 0.0116
2026/04/09 16:41:15 - __main__ - INFO - 142 - trainer - [208/257] Loss: 6.6887 Loss_contra: 0.0109
2026/04/09 16:41:27 - __main__ - INFO - 152 - trainer - start predicting: 2026-04-09 16:41:27.506490
2026/04/09 16:42:02 - __main__ - INFO - 124 - trainer - Epoch: 67
2026/04/09 16:42:02 - __main__ - INFO - 142 - trainer - [0/257] Loss: 6.5468 Loss_contra: 0.0101
2026/04/09 16:42:15 - __main__ - INFO - 142 - trainer - [52/257] Loss: 6.4939 Loss_contra: 0.0108
2026/04/09 16:42:27 - __main__ - INFO - 142 - trainer - [104/257] Loss: 6.5737 Loss_contra: 0.0122
2026/04/09 16:42:40 - __main__ - INFO - 142 - trainer - [156/257] Loss: 6.6171 Loss_contra: 0.0109
2026/04/09 16:42:51 - __main__ - INFO - 142 - trainer - [208/257] Loss: 6.6971 Loss_contra: 0.0124
2026/04/09 16:43:01 - __main__ - INFO - 124 - trainer - Epoch: 68
2026/04/09 16:43:01 - __main__ - INFO - 142 - trainer - [0/257] Loss: 6.2750 Loss_contra: 0.0111
2026/04/09 16:43:12 - __main__ - INFO - 142 - trainer - [52/257] Loss: 6.4110 Loss_contra: 0.0117
2026/04/09 16:43:22 - __main__ - INFO - 142 - trainer - [104/257] Loss: 6.7308 Loss_contra: 0.0117
2026/04/09 16:43:33 - __main__ - INFO - 142 - trainer - [156/257] Loss: 6.4436 Loss_contra: 0.0114
2026/04/09 16:43:47 - __main__ - INFO - 142 - trainer - [208/257] Loss: 6.6560 Loss_contra: 0.0117
2026/04/09 16:44:00 - __main__ - INFO - 152 - trainer - start predicting: 2026-04-09 16:44:00.316618
2026/04/09 16:44:39 - __main__ - INFO - 187 - trainer - {'Best_HR@5': 7.0571, 'Best_NDCG@5': 5.0307, 'Best_HR@10': 9.7706, 'Best_NDCG@10': 5.8808, 'Best_HR@20': 13.0172, 'Best_NDCG@20': 6.6978}
2026/04/09 16:44:39 - __main__ - INFO - 188 - trainer - {'Best_epoch_HR@5': 64, 'Best_epoch_NDCG@5': 68, 'Best_epoch_HR@10': 64, 'Best_epoch_NDCG@10': 64, 'Best_epoch_HR@20': 64, 'Best_epoch_NDCG@20': 64}
2026/04/09 16:44:39 - __main__ - INFO - 124 - trainer - Epoch: 69
2026/04/09 16:44:40 - __main__ - INFO - 142 - trainer - [0/257] Loss: 6.5400 Loss_contra: 0.0108
2026/04/09 16:44:53 - __main__ - INFO - 142 - trainer - [52/257] Loss: 6.3906 Loss_contra: 0.0107
2026/04/09 16:45:03 - __main__ - INFO - 142 - trainer - [104/257] Loss: 6.3133 Loss_contra: 0.0120
2026/04/09 16:45:13 - __main__ - INFO - 142 - trainer - [156/257] Loss: 6.5793 Loss_contra: 0.0129
2026/04/09 16:45:24 - __main__ - INFO - 142 - trainer - [208/257] Loss: 6.7141 Loss_contra: 0.0098
2026/04/09 16:45:33 - __main__ - INFO - 124 - trainer - Epoch: 70
2026/04/09 16:45:33 - __main__ - INFO - 142 - trainer - [0/257] Loss: 6.5294 Loss_contra: 0.0138
2026/04/09 16:45:44 - __main__ - INFO - 142 - trainer - [52/257] Loss: 6.5264 Loss_contra: 0.0086
2026/04/09 16:45:57 - __main__ - INFO - 142 - trainer - [104/257] Loss: 6.6001 Loss_contra: 0.0112
2026/04/09 16:46:10 - __main__ - INFO - 142 - trainer - [156/257] Loss: 6.6226 Loss_contra: 0.0106
2026/04/09 16:46:24 - __main__ - INFO - 142 - trainer - [208/257] Loss: 6.6627 Loss_contra: 0.0087
2026/04/09 16:46:36 - __main__ - INFO - 152 - trainer - start predicting: 2026-04-09 16:46:36.921821
2026/04/09 16:47:11 - __main__ - INFO - 187 - trainer - {'Best_HR@5': 7.0571, 'Best_NDCG@5': 5.0318, 'Best_HR@10': 9.7706, 'Best_NDCG@10': 5.8808, 'Best_HR@20': 13.0172, 'Best_NDCG@20': 6.7156}
2026/04/09 16:47:11 - __main__ - INFO - 188 - trainer - {'Best_epoch_HR@5': 64, 'Best_epoch_NDCG@5': 70, 'Best_epoch_HR@10': 64, 'Best_epoch_NDCG@10': 64, 'Best_epoch_HR@20': 64, 'Best_epoch_NDCG@20': 70}
2026/04/09 16:47:11 - __main__ - INFO - 124 - trainer - Epoch: 71
2026/04/09 16:47:11 - __main__ - INFO - 142 - trainer - [0/257] Loss: 6.3870 Loss_contra: 0.0110
2026/04/09 16:47:25 - __main__ - INFO - 142 - trainer - [52/257] Loss: 6.7308 Loss_contra: 0.0120
2026/04/09 16:47:35 - __main__ - INFO - 142 - trainer - [104/257] Loss: 6.4348 Loss_contra: 0.0111
2026/04/09 16:47:48 - __main__ - INFO - 142 - trainer - [156/257] Loss: 6.8081 Loss_contra: 0.0116
2026/04/09 16:48:01 - __main__ - INFO - 142 - trainer - [208/257] Loss: 6.3287 Loss_contra: 0.0113
2026/04/09 16:48:11 - __main__ - INFO - 124 - trainer - Epoch: 72
2026/04/09 16:48:11 - __main__ - INFO - 142 - trainer - [0/257] Loss: 6.4352 Loss_contra: 0.0120
2026/04/09 16:48:21 - __main__ - INFO - 142 - trainer - [52/257] Loss: 6.4277 Loss_contra: 0.0120
2026/04/09 16:48:32 - __main__ - INFO - 142 - trainer - [104/257] Loss: 6.6094 Loss_contra: 0.0096
2026/04/09 16:48:43 - __main__ - INFO - 142 - trainer - [156/257] Loss: 6.6689 Loss_contra: 0.0092
2026/04/09 16:48:56 - __main__ - INFO - 142 - trainer - [208/257] Loss: 6.3713 Loss_contra: 0.0105
2026/04/09 16:49:09 - __main__ - INFO - 152 - trainer - start predicting: 2026-04-09 16:49:09.318789
2026/04/09 16:49:48 - __main__ - INFO - 187 - trainer - {'Best_HR@5': 7.1816, 'Best_NDCG@5': 5.1357, 'Best_HR@10': 9.7706, 'Best_NDCG@10': 5.9457, 'Best_HR@20': 13.1172, 'Best_NDCG@20': 6.8059}
2026/04/09 16:49:48 - __main__ - INFO - 188 - trainer - {'Best_epoch_HR@5': 72, 'Best_epoch_NDCG@5': 72, 'Best_epoch_HR@10': 64, 'Best_epoch_NDCG@10': 72, 'Best_epoch_HR@20': 72, 'Best_epoch_NDCG@20': 72}
2026/04/09 16:49:48 - __main__ - INFO - 124 - trainer - Epoch: 73
2026/04/09 16:49:49 - __main__ - INFO - 142 - trainer - [0/257] Loss: 6.5424 Loss_contra: 0.0110
2026/04/09 16:50:02 - __main__ - INFO - 142 - trainer - [52/257] Loss: 6.3320 Loss_contra: 0.0122
2026/04/09 16:50:13 - __main__ - INFO - 142 - trainer - [104/257] Loss: 6.6080 Loss_contra: 0.0107
2026/04/09 16:50:23 - __main__ - INFO - 142 - trainer - [156/257] Loss: 6.3936 Loss_contra: 0.0108
2026/04/09 16:50:33 - __main__ - INFO - 142 - trainer - [208/257] Loss: 6.3697 Loss_contra: 0.0109
2026/04/09 16:50:43 - __main__ - INFO - 124 - trainer - Epoch: 74
2026/04/09 16:50:43 - __main__ - INFO - 142 - trainer - [0/257] Loss: 6.4044 Loss_contra: 0.0121
2026/04/09 16:50:53 - __main__ - INFO - 142 - trainer - [52/257] Loss: 6.3079 Loss_contra: 0.0113
2026/04/09 16:51:05 - __main__ - INFO - 142 - trainer - [104/257] Loss: 6.4854 Loss_contra: 0.0097
2026/04/09 16:51:19 - __main__ - INFO - 142 - trainer - [156/257] Loss: 6.5658 Loss_contra: 0.0103
2026/04/09 16:51:34 - __main__ - INFO - 142 - trainer - [208/257] Loss: 6.3942 Loss_contra: 0.0122
2026/04/09 16:51:46 - __main__ - INFO - 152 - trainer - start predicting: 2026-04-09 16:51:46.501139
2026/04/09 16:52:21 - __main__ - INFO - 187 - trainer - {'Best_HR@5': 7.1816, 'Best_NDCG@5': 5.1406, 'Best_HR@10': 9.8091, 'Best_NDCG@10': 5.9896, 'Best_HR@20': 13.1172, 'Best_NDCG@20': 6.8114}
2026/04/09 16:52:21 - __main__ - INFO - 188 - trainer - {'Best_epoch_HR@5': 72, 'Best_epoch_NDCG@5': 74, 'Best_epoch_HR@10': 74, 'Best_epoch_NDCG@10': 74, 'Best_epoch_HR@20': 72, 'Best_epoch_NDCG@20': 74}
2026/04/09 16:52:21 - __main__ - INFO - 124 - trainer - Epoch: 75
2026/04/09 16:52:21 - __main__ - INFO - 142 - trainer - [0/257] Loss: 6.4874 Loss_contra: 0.0124
2026/04/09 16:52:34 - __main__ - INFO - 142 - trainer - [52/257] Loss: 6.2947 Loss_contra: 0.0112
2026/04/09 16:52:45 - __main__ - INFO - 142 - trainer - [104/257] Loss: 6.4251 Loss_contra: 0.0111
2026/04/09 16:52:56 - __main__ - INFO - 142 - trainer - [156/257] Loss: 6.4630 Loss_contra: 0.0113
2026/04/09 16:53:09 - __main__ - INFO - 142 - trainer - [208/257] Loss: 6.5161 Loss_contra: 0.0102
2026/04/09 16:53:20 - __main__ - INFO - 124 - trainer - Epoch: 76
2026/04/09 16:53:20 - __main__ - INFO - 142 - trainer - [0/257] Loss: 6.2955 Loss_contra: 0.0122
2026/04/09 16:53:31 - __main__ - INFO - 142 - trainer - [52/257] Loss: 6.3397 Loss_contra: 0.0109
2026/04/09 16:53:41 - __main__ - INFO - 142 - trainer - [104/257] Loss: 6.3972 Loss_contra: 0.0127
2026/04/09 16:53:52 - __main__ - INFO - 142 - trainer - [156/257] Loss: 6.5132 Loss_contra: 0.0098
2026/04/09 16:54:06 - __main__ - INFO - 142 - trainer - [208/257] Loss: 6.7599 Loss_contra: 0.0107
2026/04/09 16:54:18 - __main__ - INFO - 152 - trainer - start predicting: 2026-04-09 16:54:18.652065
2026/04/09 16:54:56 - __main__ - INFO - 187 - trainer - {'Best_HR@5': 7.1816, 'Best_NDCG@5': 5.1406, 'Best_HR@10': 9.8114, 'Best_NDCG@10': 5.9896, 'Best_HR@20': 13.1349, 'Best_NDCG@20': 6.823}
2026/04/09 16:54:56 - __main__ - INFO - 188 - trainer - {'Best_epoch_HR@5': 72, 'Best_epoch_NDCG@5': 74, 'Best_epoch_HR@10': 76, 'Best_epoch_NDCG@10': 74, 'Best_epoch_HR@20': 76, 'Best_epoch_NDCG@20': 76}
2026/04/09 16:54:56 - __main__ - INFO - 124 - trainer - Epoch: 77
2026/04/09 16:54:57 - __main__ - INFO - 142 - trainer - [0/257] Loss: 6.2128 Loss_contra: 0.0090
2026/04/09 16:55:12 - __main__ - INFO - 142 - trainer - [52/257] Loss: 6.3750 Loss_contra: 0.0095
2026/04/09 16:55:22 - __main__ - INFO - 142 - trainer - [104/257] Loss: 6.4986 Loss_contra: 0.0097
2026/04/09 16:55:32 - __main__ - INFO - 142 - trainer - [156/257] Loss: 6.5417 Loss_contra: 0.0090
2026/04/09 16:55:43 - __main__ - INFO - 142 - trainer - [208/257] Loss: 6.4955 Loss_contra: 0.0116
2026/04/09 16:55:52 - __main__ - INFO - 124 - trainer - Epoch: 78
2026/04/09 16:55:52 - __main__ - INFO - 142 - trainer - [0/257] Loss: 6.3092 Loss_contra: 0.0100
2026/04/09 16:56:03 - __main__ - INFO - 142 - trainer - [52/257] Loss: 6.2915 Loss_contra: 0.0111
2026/04/09 16:56:13 - __main__ - INFO - 142 - trainer - [104/257] Loss: 6.1665 Loss_contra: 0.0096
2026/04/09 16:56:27 - __main__ - INFO - 142 - trainer - [156/257] Loss: 6.3650 Loss_contra: 0.0093
2026/04/09 16:56:43 - __main__ - INFO - 142 - trainer - [208/257] Loss: 6.3364 Loss_contra: 0.0094
2026/04/09 16:56:56 - __main__ - INFO - 152 - trainer - start predicting: 2026-04-09 16:56:56.342336
2026/04/09 16:57:30 - __main__ - INFO - 187 - trainer - {'Best_HR@5': 7.1816, 'Best_NDCG@5': 5.1827, 'Best_HR@10': 9.8154, 'Best_NDCG@10': 6.0368, 'Best_HR@20': 13.1747, 'Best_NDCG@20': 6.8817}
2026/04/09 16:57:30 - __main__ - INFO - 188 - trainer - {'Best_epoch_HR@5': 72, 'Best_epoch_NDCG@5': 78, 'Best_epoch_HR@10': 78, 'Best_epoch_NDCG@10': 78, 'Best_epoch_HR@20': 78, 'Best_epoch_NDCG@20': 78}
2026/04/09 16:57:30 - __main__ - INFO - 124 - trainer - Epoch: 79
2026/04/09 16:57:31 - __main__ - INFO - 142 - trainer - [0/257] Loss: 6.3307 Loss_contra: 0.0102
2026/04/09 16:57:44 - __main__ - INFO - 142 - trainer - [52/257] Loss: 6.5437 Loss_contra: 0.0095
2026/04/09 16:57:54 - __main__ - INFO - 142 - trainer - [104/257] Loss: 6.2725 Loss_contra: 0.0095
2026/04/09 16:58:05 - __main__ - INFO - 142 - trainer - [156/257] Loss: 6.4293 Loss_contra: 0.0098
2026/04/09 16:58:18 - __main__ - INFO - 142 - trainer - [208/257] Loss: 6.5774 Loss_contra: 0.0094
2026/04/09 16:58:30 - __main__ - INFO - 124 - trainer - Epoch: 80
2026/04/09 16:58:30 - __main__ - INFO - 142 - trainer - [0/257] Loss: 6.4449 Loss_contra: 0.0095
2026/04/09 16:58:41 - __main__ - INFO - 142 - trainer - [52/257] Loss: 6.3513 Loss_contra: 0.0113
2026/04/09 16:58:51 - __main__ - INFO - 142 - trainer - [104/257] Loss: 6.4031 Loss_contra: 0.0091
2026/04/09 16:59:02 - __main__ - INFO - 142 - trainer - [156/257] Loss: 6.3729 Loss_contra: 0.0098
2026/04/09 16:59:16 - __main__ - INFO - 142 - trainer - [208/257] Loss: 6.2977 Loss_contra: 0.0100
2026/04/09 16:59:28 - __main__ - INFO - 152 - trainer - start predicting: 2026-04-09 16:59:28.607687
2026/04/09 17:00:04 - __main__ - INFO - 187 - trainer - {'Best_HR@5': 7.2769, 'Best_NDCG@5': 5.2022, 'Best_HR@10': 9.9602, 'Best_NDCG@10': 6.0665, 'Best_HR@20': 13.1747, 'Best_NDCG@20': 6.8817}
2026/04/09 17:00:04 - __main__ - INFO - 188 - trainer - {'Best_epoch_HR@5': 80, 'Best_epoch_NDCG@5': 80, 'Best_epoch_HR@10': 80, 'Best_epoch_NDCG@10': 80, 'Best_epoch_HR@20': 78, 'Best_epoch_NDCG@20': 78}
2026/04/09 17:00:04 - __main__ - INFO - 124 - trainer - Epoch: 81
2026/04/09 17:00:05 - __main__ - INFO - 142 - trainer - [0/257] Loss: 6.2958 Loss_contra: 0.0101
2026/04/09 17:00:21 - __main__ - INFO - 142 - trainer - [52/257] Loss: 6.2084 Loss_contra: 0.0105
2026/04/09 17:00:32 - __main__ - INFO - 142 - trainer - [104/257] Loss: 6.3433 Loss_contra: 0.0116
2026/04/09 17:00:42 - __main__ - INFO - 142 - trainer - [156/257] Loss: 6.3167 Loss_contra: 0.0098
2026/04/09 17:00:53 - __main__ - INFO - 142 - trainer - [208/257] Loss: 6.1283 Loss_contra: 0.0095
2026/04/09 17:01:02 - __main__ - INFO - 124 - trainer - Epoch: 82
2026/04/09 17:01:02 - __main__ - INFO - 142 - trainer - [0/257] Loss: 6.2877 Loss_contra: 0.0089
2026/04/09 17:01:13 - __main__ - INFO - 142 - trainer - [52/257] Loss: 6.1666 Loss_contra: 0.0097
2026/04/09 17:01:23 - __main__ - INFO - 142 - trainer - [104/257] Loss: 6.2341 Loss_contra: 0.0094
2026/04/09 17:01:36 - __main__ - INFO - 142 - trainer - [156/257] Loss: 6.3271 Loss_contra: 0.0106
2026/04/09 17:01:52 - __main__ - INFO - 142 - trainer - [208/257] Loss: 6.2054 Loss_contra: 0.0094
2026/04/09 17:02:06 - __main__ - INFO - 152 - trainer - start predicting: 2026-04-09 17:02:06.180730
2026/04/09 17:02:40 - __main__ - INFO - 187 - trainer - {'Best_HR@5': 7.2769, 'Best_NDCG@5': 5.2322, 'Best_HR@10': 9.9602, 'Best_NDCG@10': 6.0997, 'Best_HR@20': 13.3539, 'Best_NDCG@20': 6.9552}
2026/04/09 17:02:40 - __main__ - INFO - 188 - trainer - {'Best_epoch_HR@5': 80, 'Best_epoch_NDCG@5': 82, 'Best_epoch_HR@10': 80, 'Best_epoch_NDCG@10': 82, 'Best_epoch_HR@20': 82, 'Best_epoch_NDCG@20': 82}
2026/04/09 17:02:40 - __main__ - INFO - 124 - trainer - Epoch: 83
2026/04/09 17:02:40 - __main__ - INFO - 142 - trainer - [0/257] Loss: 6.1707 Loss_contra: 0.0088
2026/04/09 17:02:54 - __main__ - INFO - 142 - trainer - [52/257] Loss: 6.2636 Loss_contra: 0.0096
2026/04/09 17:03:04 - __main__ - INFO - 142 - trainer - [104/257] Loss: 6.2714 Loss_contra: 0.0095
2026/04/09 17:03:15 - __main__ - INFO - 142 - trainer - [156/257] Loss: 6.3169 Loss_contra: 0.0085
2026/04/09 17:03:26 - __main__ - INFO - 142 - trainer - [208/257] Loss: 6.3060 Loss_contra: 0.0086
2026/04/09 17:03:38 - __main__ - INFO - 124 - trainer - Epoch: 84
2026/04/09 17:03:38 - __main__ - INFO - 142 - trainer - [0/257] Loss: 6.3458 Loss_contra: 0.0083
2026/04/09 17:03:50 - __main__ - INFO - 142 - trainer - [52/257] Loss: 6.1075 Loss_contra: 0.0085
2026/04/09 17:04:01 - __main__ - INFO - 142 - trainer - [104/257] Loss: 6.1688 Loss_contra: 0.0090
2026/04/09 17:04:12 - __main__ - INFO - 142 - trainer - [156/257] Loss: 6.4777 Loss_contra: 0.0074
2026/04/09 17:04:26 - __main__ - INFO - 142 - trainer - [208/257] Loss: 6.1036 Loss_contra: 0.0118
2026/04/09 17:04:38 - __main__ - INFO - 152 - trainer - start predicting: 2026-04-09 17:04:38.465259
2026/04/09 17:05:13 - __main__ - INFO - 187 - trainer - {'Best_HR@5': 7.312, 'Best_NDCG@5': 5.273, 'Best_HR@10': 9.9602, 'Best_NDCG@10': 6.0997, 'Best_HR@20': 13.3539, 'Best_NDCG@20': 6.9552}
2026/04/09 17:05:13 - __main__ - INFO - 188 - trainer - {'Best_epoch_HR@5': 84, 'Best_epoch_NDCG@5': 84, 'Best_epoch_HR@10': 80, 'Best_epoch_NDCG@10': 82, 'Best_epoch_HR@20': 82, 'Best_epoch_NDCG@20': 82}
2026/04/09 17:05:13 - __main__ - INFO - 124 - trainer - Epoch: 85
2026/04/09 17:05:13 - __main__ - INFO - 142 - trainer - [0/257] Loss: 6.3471 Loss_contra: 0.0082
2026/04/09 17:05:30 - __main__ - INFO - 142 - trainer - [52/257] Loss: 6.4146 Loss_contra: 0.0102
2026/04/09 17:05:42 - __main__ - INFO - 142 - trainer - [104/257] Loss: 6.3037 Loss_contra: 0.0086
2026/04/09 17:05:52 - __main__ - INFO - 142 - trainer - [156/257] Loss: 6.2289 Loss_contra: 0.0086
2026/04/09 17:06:03 - __main__ - INFO - 142 - trainer - [208/257] Loss: 6.2625 Loss_contra: 0.0090
2026/04/09 17:06:12 - __main__ - INFO - 124 - trainer - Epoch: 86
2026/04/09 17:06:12 - __main__ - INFO - 142 - trainer - [0/257] Loss: 6.2594 Loss_contra: 0.0098
2026/04/09 17:06:23 - __main__ - INFO - 142 - trainer - [52/257] Loss: 6.0658 Loss_contra: 0.0089
2026/04/09 17:06:33 - __main__ - INFO - 142 - trainer - [104/257] Loss: 6.2153 Loss_contra: 0.0088
2026/04/09 17:06:44 - __main__ - INFO - 142 - trainer - [156/257] Loss: 6.2490 Loss_contra: 0.0105
2026/04/09 17:07:01 - __main__ - INFO - 142 - trainer - [208/257] Loss: 6.0698 Loss_contra: 0.0091
2026/04/09 17:07:15 - __main__ - INFO - 152 - trainer - start predicting: 2026-04-09 17:07:15.898386
2026/04/09 17:07:50 - __main__ - INFO - 187 - trainer - {'Best_HR@5': 7.3813, 'Best_NDCG@5': 5.3241, 'Best_HR@10': 10.0946, 'Best_NDCG@10': 6.1956, 'Best_HR@20': 13.3539, 'Best_NDCG@20': 7.0112}
2026/04/09 17:07:50 - __main__ - INFO - 188 - trainer - {'Best_epoch_HR@5': 86, 'Best_epoch_NDCG@5': 86, 'Best_epoch_HR@10': 86, 'Best_epoch_NDCG@10': 86, 'Best_epoch_HR@20': 82, 'Best_epoch_NDCG@20': 86}
2026/04/09 17:07:50 - __main__ - INFO - 124 - trainer - Epoch: 87
2026/04/09 17:07:50 - __main__ - INFO - 142 - trainer - [0/257] Loss: 6.2784 Loss_contra: 0.0091
2026/04/09 17:08:04 - __main__ - INFO - 142 - trainer - [52/257] Loss: 6.1508 Loss_contra: 0.0096
2026/04/09 17:08:14 - __main__ - INFO - 142 - trainer - [104/257] Loss: 6.1422 Loss_contra: 0.0091
2026/04/09 17:08:25 - __main__ - INFO - 142 - trainer - [156/257] Loss: 6.3769 Loss_contra: 0.0071
2026/04/09 17:08:35 - __main__ - INFO - 142 - trainer - [208/257] Loss: 6.0997 Loss_contra: 0.0087
2026/04/09 17:08:47 - __main__ - INFO - 124 - trainer - Epoch: 88
2026/04/09 17:08:47 - __main__ - INFO - 142 - trainer - [0/257] Loss: 5.9477 Loss_contra: 0.0103
2026/04/09 17:09:00 - __main__ - INFO - 142 - trainer - [52/257] Loss: 6.2670 Loss_contra: 0.0077
2026/04/09 17:09:11 - __main__ - INFO - 142 - trainer - [104/257] Loss: 6.3748 Loss_contra: 0.0097
2026/04/09 17:09:22 - __main__ - INFO - 142 - trainer - [156/257] Loss: 6.3003 Loss_contra: 0.0087
2026/04/09 17:09:36 - __main__ - INFO - 142 - trainer - [208/257] Loss: 6.1605 Loss_contra: 0.0098
2026/04/09 17:09:48 - __main__ - INFO - 152 - trainer - start predicting: 2026-04-09 17:09:48.775205
2026/04/09 17:10:22 - __main__ - INFO - 124 - trainer - Epoch: 89
2026/04/09 17:10:23 - __main__ - INFO - 142 - trainer - [0/257] Loss: 6.1543 Loss_contra: 0.0089
2026/04/09 17:10:38 - __main__ - INFO - 142 - trainer - [52/257] Loss: 6.1193 Loss_contra: 0.0086
2026/04/09 17:10:52 - __main__ - INFO - 142 - trainer - [104/257] Loss: 6.2294 Loss_contra: 0.0089
2026/04/09 17:11:02 - __main__ - INFO - 142 - trainer - [156/257] Loss: 6.2112 Loss_contra: 0.0086
2026/04/09 17:11:13 - __main__ - INFO - 142 - trainer - [208/257] Loss: 6.4088 Loss_contra: 0.0100
2026/04/09 17:11:22 - __main__ - INFO - 124 - trainer - Epoch: 90
2026/04/09 17:11:23 - __main__ - INFO - 142 - trainer - [0/257] Loss: 6.1023 Loss_contra: 0.0094
2026/04/09 17:11:33 - __main__ - INFO - 142 - trainer - [52/257] Loss: 6.1956 Loss_contra: 0.0090
2026/04/09 17:11:43 - __main__ - INFO - 142 - trainer - [104/257] Loss: 6.2105 Loss_contra: 0.0083
2026/04/09 17:11:55 - __main__ - INFO - 142 - trainer - [156/257] Loss: 6.2744 Loss_contra: 0.0079
2026/04/09 17:12:10 - __main__ - INFO - 142 - trainer - [208/257] Loss: 6.2052 Loss_contra: 0.0103
2026/04/09 17:12:24 - __main__ - INFO - 152 - trainer - start predicting: 2026-04-09 17:12:24.971887
2026/04/09 17:13:04 - __main__ - INFO - 124 - trainer - Epoch: 91
2026/04/09 17:13:04 - __main__ - INFO - 142 - trainer - [0/257] Loss: 6.1747 Loss_contra: 0.0080
2026/04/09 17:13:17 - __main__ - INFO - 142 - trainer - [52/257] Loss: 6.1697 Loss_contra: 0.0075
2026/04/09 17:13:24 - __main__ - INFO - 142 - trainer - [104/257] Loss: 5.9958 Loss_contra: 0.0086
2026/04/09 17:13:31 - __main__ - INFO - 142 - trainer - [156/257] Loss: 6.0842 Loss_contra: 0.0104
2026/04/09 17:13:38 - __main__ - INFO - 142 - trainer - [208/257] Loss: 6.1092 Loss_contra: 0.0087
2026/04/09 17:13:45 - __main__ - INFO - 124 - trainer - Epoch: 92
2026/04/09 17:13:45 - __main__ - INFO - 142 - trainer - [0/257] Loss: 6.2979 Loss_contra: 0.0091
2026/04/09 17:13:52 - __main__ - INFO - 142 - trainer - [52/257] Loss: 6.3764 Loss_contra: 0.0073
2026/04/09 17:13:59 - __main__ - INFO - 142 - trainer - [104/257] Loss: 5.8130 Loss_contra: 0.0110
2026/04/09 17:14:07 - __main__ - INFO - 142 - trainer - [156/257] Loss: 6.1269 Loss_contra: 0.0080
2026/04/09 17:14:17 - __main__ - INFO - 142 - trainer - [208/257] Loss: 6.1212 Loss_contra: 0.0087
2026/04/09 17:14:26 - __main__ - INFO - 152 - trainer - start predicting: 2026-04-09 17:14:26.649808
2026/04/09 17:14:52 - __main__ - INFO - 124 - trainer - Epoch: 93
2026/04/09 17:14:52 - __main__ - INFO - 142 - trainer - [0/257] Loss: 6.0575 Loss_contra: 0.0083
2026/04/09 17:15:02 - __main__ - INFO - 142 - trainer - [52/257] Loss: 6.0582 Loss_contra: 0.0087
2026/04/09 17:15:10 - __main__ - INFO - 142 - trainer - [104/257] Loss: 6.0133 Loss_contra: 0.0096
2026/04/09 17:15:17 - __main__ - INFO - 142 - trainer - [156/257] Loss: 6.1239 Loss_contra: 0.0084
2026/04/09 17:15:24 - __main__ - INFO - 142 - trainer - [208/257] Loss: 6.0006 Loss_contra: 0.0082
2026/04/09 17:15:30 - __main__ - INFO - 124 - trainer - Epoch: 94
2026/04/09 17:15:30 - __main__ - INFO - 142 - trainer - [0/257] Loss: 5.9419 Loss_contra: 0.0090
2026/04/09 17:15:37 - __main__ - INFO - 142 - trainer - [52/257] Loss: 5.9380 Loss_contra: 0.0096
2026/04/09 17:15:44 - __main__ - INFO - 142 - trainer - [104/257] Loss: 6.2463 Loss_contra: 0.0073
2026/04/09 17:15:52 - __main__ - INFO - 142 - trainer - [156/257] Loss: 5.9376 Loss_contra: 0.0078
2026/04/09 17:16:02 - __main__ - INFO - 142 - trainer - [208/257] Loss: 6.0580 Loss_contra: 0.0106
2026/04/09 17:16:12 - __main__ - INFO - 152 - trainer - start predicting: 2026-04-09 17:16:12.034297
2026/04/09 17:16:37 - __main__ - INFO - 124 - trainer - Epoch: 95
2026/04/09 17:16:37 - __main__ - INFO - 142 - trainer - [0/257] Loss: 6.1413 Loss_contra: 0.0089
2026/04/09 17:16:47 - __main__ - INFO - 142 - trainer - [52/257] Loss: 5.9593 Loss_contra: 0.0075
2026/04/09 17:16:55 - __main__ - INFO - 142 - trainer - [104/257] Loss: 6.1935 Loss_contra: 0.0079
2026/04/09 17:17:02 - __main__ - INFO - 142 - trainer - [156/257] Loss: 6.0021 Loss_contra: 0.0079
2026/04/09 17:17:09 - __main__ - INFO - 142 - trainer - [208/257] Loss: 6.1316 Loss_contra: 0.0095
2026/04/09 17:17:16 - __main__ - INFO - 124 - trainer - Epoch: 96
2026/04/09 17:17:16 - __main__ - INFO - 142 - trainer - [0/257] Loss: 6.0752 Loss_contra: 0.0074
2026/04/09 17:17:23 - __main__ - INFO - 142 - trainer - [52/257] Loss: 5.9910 Loss_contra: 0.0079
2026/04/09 17:17:30 - __main__ - INFO - 142 - trainer - [104/257] Loss: 5.9546 Loss_contra: 0.0084
2026/04/09 17:17:37 - __main__ - INFO - 142 - trainer - [156/257] Loss: 6.1050 Loss_contra: 0.0086
2026/04/09 17:17:47 - __main__ - INFO - 142 - trainer - [208/257] Loss: 5.9957 Loss_contra: 0.0103
2026/04/09 17:17:57 - __main__ - INFO - 152 - trainer - start predicting: 2026-04-09 17:17:57.373853
2026/04/09 17:18:23 - __main__ - INFO - 124 - trainer - Epoch: 97
2026/04/09 17:18:23 - __main__ - INFO - 142 - trainer - [0/257] Loss: 5.9042 Loss_contra: 0.0100
2026/04/09 17:18:33 - __main__ - INFO - 142 - trainer - [52/257] Loss: 5.9646 Loss_contra: 0.0080
2026/04/09 17:18:41 - __main__ - INFO - 142 - trainer - [104/257] Loss: 6.0439 Loss_contra: 0.0096
2026/04/09 17:18:48 - __main__ - INFO - 142 - trainer - [156/257] Loss: 6.0829 Loss_contra: 0.0084
2026/04/09 17:18:55 - __main__ - INFO - 142 - trainer - [208/257] Loss: 6.0628 Loss_contra: 0.0084
2026/04/09 17:19:01 - __main__ - INFO - 124 - trainer - Epoch: 98
2026/04/09 17:19:01 - __main__ - INFO - 142 - trainer - [0/257] Loss: 5.9768 Loss_contra: 0.0074
2026/04/09 17:19:08 - __main__ - INFO - 142 - trainer - [52/257] Loss: 6.0532 Loss_contra: 0.0067
2026/04/09 17:19:15 - __main__ - INFO - 142 - trainer - [104/257] Loss: 5.8358 Loss_contra: 0.0077
2026/04/09 17:19:23 - __main__ - INFO - 142 - trainer - [156/257] Loss: 5.9635 Loss_contra: 0.0073
2026/04/09 17:19:33 - __main__ - INFO - 142 - trainer - [208/257] Loss: 6.0651 Loss_contra: 0.0079
2026/04/09 17:19:43 - __main__ - INFO - 152 - trainer - start predicting: 2026-04-09 17:19:43.034667
2026/04/09 17:20:08 - __main__ - INFO - 187 - trainer - {'Best_HR@5': 7.4631, 'Best_NDCG@5': 5.3586, 'Best_HR@10': 10.0946, 'Best_NDCG@10': 6.1956, 'Best_HR@20': 13.3539, 'Best_NDCG@20': 7.0112}
2026/04/09 17:20:08 - __main__ - INFO - 188 - trainer - {'Best_epoch_HR@5': 98, 'Best_epoch_NDCG@5': 98, 'Best_epoch_HR@10': 86, 'Best_epoch_NDCG@10': 86, 'Best_epoch_HR@20': 82, 'Best_epoch_NDCG@20': 86}
2026/04/09 17:20:08 - __main__ - INFO - 124 - trainer - Epoch: 99
2026/04/09 17:20:09 - __main__ - INFO - 142 - trainer - [0/257] Loss: 6.0562 Loss_contra: 0.0078
2026/04/09 17:20:18 - __main__ - INFO - 142 - trainer - [52/257] Loss: 5.9567 Loss_contra: 0.0105
2026/04/09 17:20:26 - __main__ - INFO - 142 - trainer - [104/257] Loss: 5.9288 Loss_contra: 0.0072
2026/04/09 17:20:33 - __main__ - INFO - 142 - trainer - [156/257] Loss: 6.0398 Loss_contra: 0.0085
2026/04/09 17:20:40 - __main__ - INFO - 142 - trainer - [208/257] Loss: 6.1350 Loss_contra: 0.0083
2026/04/09 17:20:47 - __main__ - INFO - 124 - trainer - Epoch: 100
2026/04/09 17:20:47 - __main__ - INFO - 142 - trainer - [0/257] Loss: 5.7568 Loss_contra: 0.0080
2026/04/09 17:20:54 - __main__ - INFO - 142 - trainer - [52/257] Loss: 6.0835 Loss_contra: 0.0081
2026/04/09 17:21:01 - __main__ - INFO - 142 - trainer - [104/257] Loss: 5.9901 Loss_contra: 0.0082
2026/04/09 17:21:09 - __main__ - INFO - 142 - trainer - [156/257] Loss: 5.9621 Loss_contra: 0.0071
2026/04/09 17:21:19 - __main__ - INFO - 142 - trainer - [208/257] Loss: 6.1487 Loss_contra: 0.0073
2026/04/09 17:21:28 - __main__ - INFO - 152 - trainer - start predicting: 2026-04-09 17:21:28.894845
2026/04/09 17:21:54 - __main__ - INFO - 124 - trainer - Epoch: 101
2026/04/09 17:21:54 - __main__ - INFO - 142 - trainer - [0/257] Loss: 5.8370 Loss_contra: 0.0079
2026/04/09 17:22:04 - __main__ - INFO - 142 - trainer - [52/257] Loss: 5.9622 Loss_contra: 0.0076
2026/04/09 17:22:12 - __main__ - INFO - 142 - trainer - [104/257] Loss: 6.0992 Loss_contra: 0.0075
2026/04/09 17:22:19 - __main__ - INFO - 142 - trainer - [156/257] Loss: 5.8197 Loss_contra: 0.0084
2026/04/09 17:22:26 - __main__ - INFO - 142 - trainer - [208/257] Loss: 5.9244 Loss_contra: 0.0069
2026/04/09 17:22:32 - __main__ - INFO - 124 - trainer - Epoch: 102
2026/04/09 17:22:33 - __main__ - INFO - 142 - trainer - [0/257] Loss: 5.8085 Loss_contra: 0.0085
2026/04/09 17:22:40 - __main__ - INFO - 142 - trainer - [52/257] Loss: 5.7593 Loss_contra: 0.0063
2026/04/09 17:22:46 - __main__ - INFO - 142 - trainer - [104/257] Loss: 5.9321 Loss_contra: 0.0077
2026/04/09 17:22:54 - __main__ - INFO - 142 - trainer - [156/257] Loss: 5.9200 Loss_contra: 0.0082
2026/04/09 17:23:05 - __main__ - INFO - 142 - trainer - [208/257] Loss: 5.9110 Loss_contra: 0.0082
2026/04/09 17:23:14 - __main__ - INFO - 152 - trainer - start predicting: 2026-04-09 17:23:14.515957
2026/04/09 17:23:39 - __main__ - INFO - 124 - trainer - Epoch: 103
2026/04/09 17:23:40 - __main__ - INFO - 142 - trainer - [0/257] Loss: 5.8157 Loss_contra: 0.0076
2026/04/09 17:23:49 - __main__ - INFO - 142 - trainer - [52/257] Loss: 5.8915 Loss_contra: 0.0065
2026/04/09 17:23:58 - __main__ - INFO - 142 - trainer - [104/257] Loss: 5.9277 Loss_contra: 0.0072
2026/04/09 17:24:05 - __main__ - INFO - 142 - trainer - [156/257] Loss: 5.7954 Loss_contra: 0.0077
2026/04/09 17:24:12 - __main__ - INFO - 142 - trainer - [208/257] Loss: 5.9105 Loss_contra: 0.0078
2026/04/09 17:24:18 - __main__ - INFO - 124 - trainer - Epoch: 104
2026/04/09 17:24:18 - __main__ - INFO - 142 - trainer - [0/257] Loss: 5.8700 Loss_contra: 0.0073
2026/04/09 17:24:25 - __main__ - INFO - 142 - trainer - [52/257] Loss: 5.8321 Loss_contra: 0.0083
2026/04/09 17:24:32 - __main__ - INFO - 142 - trainer - [104/257] Loss: 5.9200 Loss_contra: 0.0069
2026/04/09 17:24:40 - __main__ - INFO - 142 - trainer - [156/257] Loss: 5.9220 Loss_contra: 0.0078
2026/04/09 17:24:50 - __main__ - INFO - 142 - trainer - [208/257] Loss: 5.9795 Loss_contra: 0.0078
2026/04/09 17:24:59 - __main__ - INFO - 152 - trainer - start predicting: 2026-04-09 17:24:59.812148
2026/04/09 17:25:24 - __main__ - INFO - 124 - trainer - Epoch: 105
2026/04/09 17:25:24 - __main__ - INFO - 142 - trainer - [0/257] Loss: 5.8018 Loss_contra: 0.0071
2026/04/09 17:25:35 - __main__ - INFO - 142 - trainer - [52/257] Loss: 5.9355 Loss_contra: 0.0073
2026/04/09 17:25:43 - __main__ - INFO - 142 - trainer - [104/257] Loss: 5.9048 Loss_contra: 0.0079
2026/04/09 17:25:50 - __main__ - INFO - 142 - trainer - [156/257] Loss: 5.7175 Loss_contra: 0.0082
2026/04/09 17:25:57 - __main__ - INFO - 142 - trainer - [208/257] Loss: 5.8010 Loss_contra: 0.0068
2026/04/09 17:26:03 - __main__ - INFO - 124 - trainer - Epoch: 106
2026/04/09 17:26:04 - __main__ - INFO - 142 - trainer - [0/257] Loss: 5.8010 Loss_contra: 0.0073
2026/04/09 17:26:10 - __main__ - INFO - 142 - trainer - [52/257] Loss: 5.8369 Loss_contra: 0.0076
2026/04/09 17:26:17 - __main__ - INFO - 142 - trainer - [104/257] Loss: 5.9480 Loss_contra: 0.0071
2026/04/09 17:26:25 - __main__ - INFO - 142 - trainer - [156/257] Loss: 5.8779 Loss_contra: 0.0071
2026/04/09 17:26:36 - __main__ - INFO - 142 - trainer - [208/257] Loss: 5.7637 Loss_contra: 0.0084
2026/04/09 17:26:45 - __main__ - INFO - 152 - trainer - start predicting: 2026-04-09 17:26:45.422345
2026/04/09 17:27:10 - __main__ - INFO - 124 - trainer - Epoch: 107
2026/04/09 17:27:10 - __main__ - INFO - 142 - trainer - [0/257] Loss: 5.7726 Loss_contra: 0.0077
2026/04/09 17:27:20 - __main__ - INFO - 142 - trainer - [52/257] Loss: 5.8916 Loss_contra: 0.0075
2026/04/09 17:27:29 - __main__ - INFO - 142 - trainer - [104/257] Loss: 5.9483 Loss_contra: 0.0073
2026/04/09 17:27:36 - __main__ - INFO - 142 - trainer - [156/257] Loss: 5.9054 Loss_contra: 0.0070
2026/04/09 17:27:43 - __main__ - INFO - 142 - trainer - [208/257] Loss: 5.7686 Loss_contra: 0.0068
2026/04/09 17:27:49 - __main__ - INFO - 124 - trainer - Epoch: 108
2026/04/09 17:27:49 - __main__ - INFO - 142 - trainer - [0/257] Loss: 5.7748 Loss_contra: 0.0071
2026/04/09 17:27:56 - __main__ - INFO - 142 - trainer - [52/257] Loss: 5.9453 Loss_contra: 0.0070
2026/04/09 17:28:03 - __main__ - INFO - 142 - trainer - [104/257] Loss: 5.8081 Loss_contra: 0.0068
2026/04/09 17:28:11 - __main__ - INFO - 142 - trainer - [156/257] Loss: 5.8099 Loss_contra: 0.0079
2026/04/09 17:28:21 - __main__ - INFO - 142 - trainer - [208/257] Loss: 5.8310 Loss_contra: 0.0078
2026/04/09 17:28:31 - __main__ - INFO - 152 - trainer - start predicting: 2026-04-09 17:28:31.012845
2026/04/09 17:28:55 - __main__ - INFO - 124 - trainer - Epoch: 109
2026/04/09 17:28:55 - __main__ - INFO - 142 - trainer - [0/257] Loss: 5.8780 Loss_contra: 0.0060
2026/04/09 17:29:05 - __main__ - INFO - 142 - trainer - [52/257] Loss: 5.8876 Loss_contra: 0.0075
2026/04/09 17:29:14 - __main__ - INFO - 142 - trainer - [104/257] Loss: 5.8160 Loss_contra: 0.0076
2026/04/09 17:29:21 - __main__ - INFO - 142 - trainer - [156/257] Loss: 5.8519 Loss_contra: 0.0074
2026/04/09 17:29:28 - __main__ - INFO - 142 - trainer - [208/257] Loss: 5.8584 Loss_contra: 0.0079
2026/04/09 17:29:34 - __main__ - INFO - 124 - trainer - Epoch: 110
2026/04/09 17:29:35 - __main__ - INFO - 142 - trainer - [0/257] Loss: 5.9044 Loss_contra: 0.0072
2026/04/09 17:29:42 - __main__ - INFO - 142 - trainer - [52/257] Loss: 5.8844 Loss_contra: 0.0073
2026/04/09 17:29:49 - __main__ - INFO - 142 - trainer - [104/257] Loss: 5.9646 Loss_contra: 0.0073
2026/04/09 17:29:56 - __main__ - INFO - 142 - trainer - [156/257] Loss: 5.6652 Loss_contra: 0.0076
2026/04/09 17:30:07 - __main__ - INFO - 142 - trainer - [208/257] Loss: 6.0290 Loss_contra: 0.0070
2026/04/09 17:30:16 - __main__ - INFO - 152 - trainer - start predicting: 2026-04-09 17:30:16.567597
2026/04/09 17:30:41 - __main__ - INFO - 124 - trainer - Epoch: 111
2026/04/09 17:30:41 - __main__ - INFO - 142 - trainer - [0/257] Loss: 5.8061 Loss_contra: 0.0074
2026/04/09 17:30:51 - __main__ - INFO - 142 - trainer - [52/257] Loss: 5.9246 Loss_contra: 0.0079
2026/04/09 17:31:00 - __main__ - INFO - 142 - trainer - [104/257] Loss: 5.9644 Loss_contra: 0.0067
2026/04/09 17:31:07 - __main__ - INFO - 142 - trainer - [156/257] Loss: 5.7171 Loss_contra: 0.0069
2026/04/09 17:31:14 - __main__ - INFO - 142 - trainer - [208/257] Loss: 5.9362 Loss_contra: 0.0069
2026/04/09 17:31:20 - __main__ - INFO - 124 - trainer - Epoch: 112
2026/04/09 17:31:20 - __main__ - INFO - 142 - trainer - [0/257] Loss: 5.8161 Loss_contra: 0.0078
2026/04/09 17:31:27 - __main__ - INFO - 142 - trainer - [52/257] Loss: 5.8904 Loss_contra: 0.0089
2026/04/09 17:31:34 - __main__ - INFO - 142 - trainer - [104/257] Loss: 5.7802 Loss_contra: 0.0071
2026/04/09 17:31:42 - __main__ - INFO - 142 - trainer - [156/257] Loss: 5.6566 Loss_contra: 0.0069
2026/04/09 17:31:52 - __main__ - INFO - 142 - trainer - [208/257] Loss: 6.0133 Loss_contra: 0.0076
2026/04/09 17:32:02 - __main__ - INFO - 152 - trainer - start predicting: 2026-04-09 17:32:02.233708
2026/04/09 17:32:27 - __main__ - INFO - 124 - trainer - Epoch: 113
2026/04/09 17:32:27 - __main__ - INFO - 142 - trainer - [0/257] Loss: 5.7504 Loss_contra: 0.0067
2026/04/09 17:32:37 - __main__ - INFO - 142 - trainer - [52/257] Loss: 5.7351 Loss_contra: 0.0074
2026/04/09 17:32:46 - __main__ - INFO - 142 - trainer - [104/257] Loss: 5.9089 Loss_contra: 0.0069
2026/04/09 17:32:53 - __main__ - INFO - 142 - trainer - [156/257] Loss: 5.9384 Loss_contra: 0.0083
2026/04/09 17:33:00 - __main__ - INFO - 142 - trainer - [208/257] Loss: 5.6417 Loss_contra: 0.0072
2026/04/09 17:33:06 - __main__ - INFO - 124 - trainer - Epoch: 114
2026/04/09 17:33:06 - __main__ - INFO - 142 - trainer - [0/257] Loss: 5.7205 Loss_contra: 0.0075
2026/04/09 17:33:13 - __main__ - INFO - 142 - trainer - [52/257] Loss: 5.8521 Loss_contra: 0.0072
2026/04/09 17:33:20 - __main__ - INFO - 142 - trainer - [104/257] Loss: 5.8336 Loss_contra: 0.0075
2026/04/09 17:33:28 - __main__ - INFO - 142 - trainer - [156/257] Loss: 5.7909 Loss_contra: 0.0087
2026/04/09 17:33:38 - __main__ - INFO - 142 - trainer - [208/257] Loss: 5.8081 Loss_contra: 0.0070
2026/04/09 17:33:48 - __main__ - INFO - 152 - trainer - start predicting: 2026-04-09 17:33:48.255785
2026/04/09 17:34:13 - __main__ - INFO - 124 - trainer - Epoch: 115
2026/04/09 17:34:13 - __main__ - INFO - 142 - trainer - [0/257] Loss: 5.7153 Loss_contra: 0.0071
2026/04/09 17:34:24 - __main__ - INFO - 142 - trainer - [52/257] Loss: 5.8917 Loss_contra: 0.0070
2026/04/09 17:34:32 - __main__ - INFO - 142 - trainer - [104/257] Loss: 5.7805 Loss_contra: 0.0071
2026/04/09 17:34:39 - __main__ - INFO - 142 - trainer - [156/257] Loss: 5.8426 Loss_contra: 0.0077
2026/04/09 17:34:46 - __main__ - INFO - 142 - trainer - [208/257] Loss: 5.8645 Loss_contra: 0.0066
2026/04/09 17:34:52 - __main__ - INFO - 124 - trainer - Epoch: 116
2026/04/09 17:34:52 - __main__ - INFO - 142 - trainer - [0/257] Loss: 5.8393 Loss_contra: 0.0074
2026/04/09 17:34:59 - __main__ - INFO - 142 - trainer - [52/257] Loss: 5.7853 Loss_contra: 0.0087
2026/04/09 17:35:06 - __main__ - INFO - 142 - trainer - [104/257] Loss: 5.9254 Loss_contra: 0.0078
2026/04/09 17:35:15 - __main__ - INFO - 142 - trainer - [156/257] Loss: 6.0116 Loss_contra: 0.0074
2026/04/09 17:35:25 - __main__ - INFO - 142 - trainer - [208/257] Loss: 5.8172 Loss_contra: 0.0068
2026/04/09 17:35:34 - __main__ - INFO - 152 - trainer - start predicting: 2026-04-09 17:35:34.329746
2026/04/09 17:35:59 - __main__ - INFO - 124 - trainer - Epoch: 117
2026/04/09 17:35:59 - __main__ - INFO - 142 - trainer - [0/257] Loss: 5.6684 Loss_contra: 0.0074
2026/04/09 17:36:09 - __main__ - INFO - 142 - trainer - [52/257] Loss: 5.8908 Loss_contra: 0.0067
2026/04/09 17:36:18 - __main__ - INFO - 142 - trainer - [104/257] Loss: 5.8699 Loss_contra: 0.0081
2026/04/09 17:36:25 - __main__ - INFO - 142 - trainer - [156/257] Loss: 5.7246 Loss_contra: 0.0059
2026/04/09 17:36:31 - __main__ - INFO - 142 - trainer - [208/257] Loss: 6.1233 Loss_contra: 0.0064
2026/04/09 17:36:38 - __main__ - INFO - 124 - trainer - Epoch: 118
2026/04/09 17:36:38 - __main__ - INFO - 142 - trainer - [0/257] Loss: 5.8342 Loss_contra: 0.0079
2026/04/09 17:36:45 - __main__ - INFO - 142 - trainer - [52/257] Loss: 5.7959 Loss_contra: 0.0089
2026/04/09 17:36:52 - __main__ - INFO - 142 - trainer - [104/257] Loss: 5.6993 Loss_contra: 0.0085
2026/04/09 17:37:00 - __main__ - INFO - 142 - trainer - [156/257] Loss: 5.8202 Loss_contra: 0.0084
2026/04/09 17:37:10 - __main__ - INFO - 142 - trainer - [208/257] Loss: 5.8500 Loss_contra: 0.0068
2026/04/09 17:37:19 - __main__ - INFO - 152 - trainer - start predicting: 2026-04-09 17:37:19.870619
2026/04/09 17:37:44 - __main__ - INFO - 195 - trainer - {'Best_HR@5': 7.4631, 'Best_NDCG@5': 5.3586, 'Best_HR@10': 10.0946, 'Best_NDCG@10': 6.1956, 'Best_HR@20': 13.3539, 'Best_NDCG@20': 7.0112}
2026/04/09 17:37:44 - __main__ - INFO - 196 - trainer - {'Best_epoch_HR@5': 98, 'Best_epoch_NDCG@5': 98, 'Best_epoch_HR@10': 86, 'Best_epoch_NDCG@10': 86, 'Best_epoch_HR@20': 82, 'Best_epoch_NDCG@20': 86}
2026/04/09 17:38:12 - __main__ - INFO - 223 - trainer - Test------------------------------------------------------
2026/04/09 17:38:12 - __main__ - INFO - 225 - trainer - {'HR@5': 5.46, 'NDCG@5': 3.9731, 'HR@10': 7.5534, 'NDCG@10': 4.6496, 'HR@20': 10.5622, 'NDCG@20': 5.4117}
2026/04/09 17:38:12 - __main__ - INFO - 227 - trainer - Best Eval---------------------------------------------------------
2026/04/09 17:38:12 - __main__ - INFO - 230 - trainer - {'Best_HR@5': 7.4631, 'Best_NDCG@5': 5.3586, 'Best_HR@10': 10.0946, 'Best_NDCG@10': 6.1956, 'Best_HR@20': 13.3539, 'Best_NDCG@20': 7.0112}
2026/04/09 17:38:12 - __main__ - INFO - 231 - trainer - {'Best_epoch_HR@5': 98, 'Best_epoch_NDCG@5': 98, 'Best_epoch_HR@10': 86, 'Best_epoch_NDCG@10': 86, 'Best_epoch_HR@20': 82, 'Best_epoch_NDCG@20': 86}
