2026/03/22 20:06:08 - __main__ - INFO - 168 - main - Namespace(batch_size=1024, dataset='amazon_beauty', decay_step=100, description='Diffu_norm_score', device='cuda', diffusion_steps=32, diversity_measure=False, dropout=0.1, emb_dropout=0.3, epoch_time_avg=False, epochs=300, eval_interval=1, gamma=0.1, hidden_act='gelu', hidden_size=128, item_num=12101, lambda_contra=1, lambda_history=1, lambda_intent=1, log_file='log/', long_head=False, loss_lambda=0.001, lr=0.001, max_len=50, metric_ks=[5, 10, 20], momentum=None, noise_schedule='trunc_lin', num_blocks=4, num_cluster=2, num_gpu=1, num_hidden_layers=1, num_iter=20, optimizer='Adam', patience=10, random_seed=1997, rep_pad=True, rep_pad_delimiter=False, rep_pad_fixed_num=1, rep_pad_mode='rand_1_max', rescale_timesteps=True, schedule_sampler_name='lossaware', weight_decay=0)
2026/03/22 20:06:09 - __main__ - INFO - 124 - trainer - Epoch: 0
2026/03/22 20:06:10 - __main__ - INFO - 142 - trainer - [0/129] Loss: 53.7145 Loss_contra: 0.0095
2026/03/22 20:06:18 - __main__ - INFO - 142 - trainer - [26/129] Loss: 38.0430 Loss_contra: 3.1956
2026/03/22 20:06:26 - __main__ - INFO - 142 - trainer - [52/129] Loss: 33.9540 Loss_contra: 3.3492
2026/03/22 20:06:34 - __main__ - INFO - 142 - trainer - [78/129] Loss: 30.8626 Loss_contra: 3.4420
2026/03/22 20:06:41 - __main__ - INFO - 142 - trainer - [104/129] Loss: 28.4956 Loss_contra: 3.3925
2026/03/22 20:06:48 - __main__ - INFO - 124 - trainer - Epoch: 1
2026/03/22 20:06:48 - __main__ - INFO - 142 - trainer - [0/129] Loss: 26.5523 Loss_contra: 3.2452
2026/03/22 20:06:55 - __main__ - INFO - 142 - trainer - [26/129] Loss: 25.3406 Loss_contra: 3.1405
2026/03/22 20:07:02 - __main__ - INFO - 142 - trainer - [52/129] Loss: 24.0569 Loss_contra: 2.9859
2026/03/22 20:07:09 - __main__ - INFO - 142 - trainer - [78/129] Loss: 22.5620 Loss_contra: 2.8072
2026/03/22 20:07:17 - __main__ - INFO - 142 - trainer - [104/129] Loss: 20.9591 Loss_contra: 2.5771
2026/03/22 20:07:24 - __main__ - INFO - 152 - trainer - start predicting: 2026-03-22 20:07:24.231583
2026/03/22 20:07:56 - __main__ - INFO - 187 - trainer - {'Best_HR@5': 0.5308, 'Best_NDCG@5': 0.3098, 'Best_HR@10': 0.955, 'Best_NDCG@10': 0.4455, 'Best_HR@20': 1.6543, 'Best_NDCG@20': 0.6212}
2026/03/22 20:07:56 - __main__ - INFO - 188 - trainer - {'Best_epoch_HR@5': 1, 'Best_epoch_NDCG@5': 1, 'Best_epoch_HR@10': 1, 'Best_epoch_NDCG@10': 1, 'Best_epoch_HR@20': 1, 'Best_epoch_NDCG@20': 1}
2026/03/22 20:07:56 - __main__ - INFO - 124 - trainer - Epoch: 2
2026/03/22 20:07:56 - __main__ - INFO - 142 - trainer - [0/129] Loss: 19.6163 Loss_contra: 2.3787
2026/03/22 20:08:04 - __main__ - INFO - 142 - trainer - [26/129] Loss: 18.8471 Loss_contra: 2.1548
2026/03/22 20:08:11 - __main__ - INFO - 142 - trainer - [52/129] Loss: 17.4637 Loss_contra: 1.8081
2026/03/22 20:08:18 - __main__ - INFO - 142 - trainer - [78/129] Loss: 16.2543 Loss_contra: 1.4129
2026/03/22 20:08:26 - __main__ - INFO - 142 - trainer - [104/129] Loss: 14.9294 Loss_contra: 0.9732
2026/03/22 20:08:34 - __main__ - INFO - 152 - trainer - start predicting: 2026-03-22 20:08:34.160982
2026/03/22 20:09:06 - __main__ - INFO - 187 - trainer - {'Best_HR@5': 0.5465, 'Best_NDCG@5': 0.3098, 'Best_HR@10': 0.9822, 'Best_NDCG@10': 0.4455, 'Best_HR@20': 1.6565, 'Best_NDCG@20': 0.6212}
2026/03/22 20:09:06 - __main__ - INFO - 188 - trainer - {'Best_epoch_HR@5': 2, 'Best_epoch_NDCG@5': 1, 'Best_epoch_HR@10': 2, 'Best_epoch_NDCG@10': 1, 'Best_epoch_HR@20': 2, 'Best_epoch_NDCG@20': 1}
2026/03/22 20:09:06 - __main__ - INFO - 124 - trainer - Epoch: 3
2026/03/22 20:09:07 - __main__ - INFO - 142 - trainer - [0/129] Loss: 13.7496 Loss_contra: 0.5746
2026/03/22 20:09:15 - __main__ - INFO - 142 - trainer - [26/129] Loss: 12.9541 Loss_contra: 0.2690
2026/03/22 20:09:21 - __main__ - INFO - 142 - trainer - [52/129] Loss: 12.1090 Loss_contra: 0.1102
2026/03/22 20:09:28 - __main__ - INFO - 142 - trainer - [78/129] Loss: 11.4986 Loss_contra: 0.0466
2026/03/22 20:09:35 - __main__ - INFO - 142 - trainer - [104/129] Loss: 10.9462 Loss_contra: 0.0261
2026/03/22 20:09:41 - __main__ - INFO - 152 - trainer - start predicting: 2026-03-22 20:09:41.538169
2026/03/22 20:10:13 - __main__ - INFO - 124 - trainer - Epoch: 4
2026/03/22 20:10:13 - __main__ - INFO - 142 - trainer - [0/129] Loss: 10.8439 Loss_contra: 0.0217
2026/03/22 20:10:20 - __main__ - INFO - 142 - trainer - [26/129] Loss: 10.7568 Loss_contra: 0.0200
2026/03/22 20:10:27 - __main__ - INFO - 142 - trainer - [52/129] Loss: 10.5949 Loss_contra: 0.0197
2026/03/22 20:10:33 - __main__ - INFO - 142 - trainer - [78/129] Loss: 10.3772 Loss_contra: 0.0200
2026/03/22 20:10:40 - __main__ - INFO - 142 - trainer - [104/129] Loss: 10.4354 Loss_contra: 0.0245
2026/03/22 20:10:46 - __main__ - INFO - 152 - trainer - start predicting: 2026-03-22 20:10:46.253578
2026/03/22 20:11:16 - __main__ - INFO - 187 - trainer - {'Best_HR@5': 0.5465, 'Best_NDCG@5': 0.3229, 'Best_HR@10': 0.9822, 'Best_NDCG@10': 0.4455, 'Best_HR@20': 1.6565, 'Best_NDCG@20': 0.6212}
2026/03/22 20:11:16 - __main__ - INFO - 188 - trainer - {'Best_epoch_HR@5': 2, 'Best_epoch_NDCG@5': 4, 'Best_epoch_HR@10': 2, 'Best_epoch_NDCG@10': 1, 'Best_epoch_HR@20': 2, 'Best_epoch_NDCG@20': 1}
2026/03/22 20:11:16 - __main__ - INFO - 124 - trainer - Epoch: 5
2026/03/22 20:11:17 - __main__ - INFO - 142 - trainer - [0/129] Loss: 10.3218 Loss_contra: 0.0289
2026/03/22 20:11:24 - __main__ - INFO - 142 - trainer - [26/129] Loss: 10.1993 Loss_contra: 0.0281
2026/03/22 20:11:31 - __main__ - INFO - 142 - trainer - [52/129] Loss: 10.1906 Loss_contra: 0.0307
2026/03/22 20:11:38 - __main__ - INFO - 142 - trainer - [78/129] Loss: 10.0757 Loss_contra: 0.0296
2026/03/22 20:11:45 - __main__ - INFO - 142 - trainer - [104/129] Loss: 9.9810 Loss_contra: 0.0301
2026/03/22 20:11:51 - __main__ - INFO - 152 - trainer - start predicting: 2026-03-22 20:11:51.891184
2026/03/22 20:12:22 - __main__ - INFO - 187 - trainer - {'Best_HR@5': 0.7824, 'Best_NDCG@5': 0.5256, 'Best_HR@10': 1.02, 'Best_NDCG@10': 0.6035, 'Best_HR@20': 1.6565, 'Best_NDCG@20': 0.7308}
2026/03/22 20:12:22 - __main__ - INFO - 188 - trainer - {'Best_epoch_HR@5': 5, 'Best_epoch_NDCG@5': 5, 'Best_epoch_HR@10': 5, 'Best_epoch_NDCG@10': 5, 'Best_epoch_HR@20': 2, 'Best_epoch_NDCG@20': 5}
2026/03/22 20:12:22 - __main__ - INFO - 124 - trainer - Epoch: 6
2026/03/22 20:12:22 - __main__ - INFO - 142 - trainer - [0/129] Loss: 9.9253 Loss_contra: 0.0366
2026/03/22 20:12:29 - __main__ - INFO - 142 - trainer - [26/129] Loss: 9.8229 Loss_contra: 0.0378
2026/03/22 20:12:36 - __main__ - INFO - 142 - trainer - [52/129] Loss: 9.7857 Loss_contra: 0.0352
2026/03/22 20:12:43 - __main__ - INFO - 142 - trainer - [78/129] Loss: 9.7725 Loss_contra: 0.0444
2026/03/22 20:12:50 - __main__ - INFO - 142 - trainer - [104/129] Loss: 9.7267 Loss_contra: 0.0457
2026/03/22 20:12:55 - __main__ - INFO - 152 - trainer - start predicting: 2026-03-22 20:12:55.893152
2026/03/22 20:13:25 - __main__ - INFO - 187 - trainer - {'Best_HR@5': 1.248, 'Best_NDCG@5': 0.8447, 'Best_HR@10': 1.5962, 'Best_NDCG@10': 0.9574, 'Best_HR@20': 2.0939, 'Best_NDCG@20': 1.0806}
2026/03/22 20:13:25 - __main__ - INFO - 188 - trainer - {'Best_epoch_HR@5': 6, 'Best_epoch_NDCG@5': 6, 'Best_epoch_HR@10': 6, 'Best_epoch_NDCG@10': 6, 'Best_epoch_HR@20': 6, 'Best_epoch_NDCG@20': 6}
2026/03/22 20:13:25 - __main__ - INFO - 124 - trainer - Epoch: 7
2026/03/22 20:13:25 - __main__ - INFO - 142 - trainer - [0/129] Loss: 9.6668 Loss_contra: 0.0443
2026/03/22 20:13:33 - __main__ - INFO - 142 - trainer - [26/129] Loss: 9.6378 Loss_contra: 0.0433
2026/03/22 20:13:40 - __main__ - INFO - 142 - trainer - [52/129] Loss: 9.6281 Loss_contra: 0.0679
2026/03/22 20:13:47 - __main__ - INFO - 142 - trainer - [78/129] Loss: 9.5886 Loss_contra: 0.0581
2026/03/22 20:13:54 - __main__ - INFO - 142 - trainer - [104/129] Loss: 9.5621 Loss_contra: 0.0518
2026/03/22 20:14:00 - __main__ - INFO - 152 - trainer - start predicting: 2026-03-22 20:14:00.383257
2026/03/22 20:14:30 - __main__ - INFO - 187 - trainer - {'Best_HR@5': 1.522, 'Best_NDCG@5': 1.0173, 'Best_HR@10': 2.069, 'Best_NDCG@10': 1.1949, 'Best_HR@20': 2.7225, 'Best_NDCG@20': 1.3599}
2026/03/22 20:14:30 - __main__ - INFO - 188 - trainer - {'Best_epoch_HR@5': 7, 'Best_epoch_NDCG@5': 7, 'Best_epoch_HR@10': 7, 'Best_epoch_NDCG@10': 7, 'Best_epoch_HR@20': 7, 'Best_epoch_NDCG@20': 7}
2026/03/22 20:14:30 - __main__ - INFO - 124 - trainer - Epoch: 8
2026/03/22 20:14:30 - __main__ - INFO - 142 - trainer - [0/129] Loss: 9.5670 Loss_contra: 0.0610
2026/03/22 20:14:37 - __main__ - INFO - 142 - trainer - [26/129] Loss: 9.4025 Loss_contra: 0.0552
2026/03/22 20:14:44 - __main__ - INFO - 142 - trainer - [52/129] Loss: 9.4572 Loss_contra: 0.0513
2026/03/22 20:14:51 - __main__ - INFO - 142 - trainer - [78/129] Loss: 9.4151 Loss_contra: 0.0576
2026/03/22 20:14:58 - __main__ - INFO - 142 - trainer - [104/129] Loss: 9.3831 Loss_contra: 0.0705
2026/03/22 20:15:04 - __main__ - INFO - 152 - trainer - start predicting: 2026-03-22 20:15:04.887919
2026/03/22 20:15:34 - __main__ - INFO - 187 - trainer - {'Best_HR@5': 1.7444, 'Best_NDCG@5': 1.1963, 'Best_HR@10': 2.3723, 'Best_NDCG@10': 1.3985, 'Best_HR@20': 3.1339, 'Best_NDCG@20': 1.5899}
2026/03/22 20:15:34 - __main__ - INFO - 188 - trainer - {'Best_epoch_HR@5': 8, 'Best_epoch_NDCG@5': 8, 'Best_epoch_HR@10': 8, 'Best_epoch_NDCG@10': 8, 'Best_epoch_HR@20': 8, 'Best_epoch_NDCG@20': 8}
2026/03/22 20:15:34 - __main__ - INFO - 124 - trainer - Epoch: 9
2026/03/22 20:15:35 - __main__ - INFO - 142 - trainer - [0/129] Loss: 9.3410 Loss_contra: 0.0531
2026/03/22 20:15:41 - __main__ - INFO - 142 - trainer - [26/129] Loss: 9.2916 Loss_contra: 0.0486
2026/03/22 20:15:48 - __main__ - INFO - 142 - trainer - [52/129] Loss: 9.3077 Loss_contra: 0.0542
2026/03/22 20:15:55 - __main__ - INFO - 142 - trainer - [78/129] Loss: 9.2519 Loss_contra: 0.0617
2026/03/22 20:16:01 - __main__ - INFO - 142 - trainer - [104/129] Loss: 9.2599 Loss_contra: 0.0572
2026/03/22 20:16:08 - __main__ - INFO - 152 - trainer - start predicting: 2026-03-22 20:16:08.446324
2026/03/22 20:16:38 - __main__ - INFO - 187 - trainer - {'Best_HR@5': 2.0205, 'Best_NDCG@5': 1.3604, 'Best_HR@10': 2.7349, 'Best_NDCG@10': 1.5879, 'Best_HR@20': 3.4982, 'Best_NDCG@20': 1.7801}
2026/03/22 20:16:38 - __main__ - INFO - 188 - trainer - {'Best_epoch_HR@5': 9, 'Best_epoch_NDCG@5': 9, 'Best_epoch_HR@10': 9, 'Best_epoch_NDCG@10': 9, 'Best_epoch_HR@20': 9, 'Best_epoch_NDCG@20': 9}
2026/03/22 20:16:38 - __main__ - INFO - 124 - trainer - Epoch: 10
2026/03/22 20:16:38 - __main__ - INFO - 142 - trainer - [0/129] Loss: 9.1900 Loss_contra: 0.0545
2026/03/22 20:16:45 - __main__ - INFO - 142 - trainer - [26/129] Loss: 9.1784 Loss_contra: 0.0519
2026/03/22 20:16:51 - __main__ - INFO - 142 - trainer - [52/129] Loss: 9.1160 Loss_contra: 0.0619
2026/03/22 20:16:58 - __main__ - INFO - 142 - trainer - [78/129] Loss: 8.9836 Loss_contra: 0.0695
2026/03/22 20:17:05 - __main__ - INFO - 142 - trainer - [104/129] Loss: 9.0676 Loss_contra: 0.0732
2026/03/22 20:17:11 - __main__ - INFO - 152 - trainer - start predicting: 2026-03-22 20:17:11.818507
2026/03/22 20:17:41 - __main__ - INFO - 187 - trainer - {'Best_HR@5': 2.2414, 'Best_NDCG@5': 1.5226, 'Best_HR@10': 2.9753, 'Best_NDCG@10': 1.7624, 'Best_HR@20': 3.8213, 'Best_NDCG@20': 1.9761}
2026/03/22 20:17:41 - __main__ - INFO - 188 - trainer - {'Best_epoch_HR@5': 10, 'Best_epoch_NDCG@5': 10, 'Best_epoch_HR@10': 10, 'Best_epoch_NDCG@10': 10, 'Best_epoch_HR@20': 10, 'Best_epoch_NDCG@20': 10}
2026/03/22 20:17:41 - __main__ - INFO - 124 - trainer - Epoch: 11
2026/03/22 20:17:41 - __main__ - INFO - 142 - trainer - [0/129] Loss: 9.0026 Loss_contra: 0.0721
2026/03/22 20:17:49 - __main__ - INFO - 142 - trainer - [26/129] Loss: 8.9329 Loss_contra: 0.0676
2026/03/22 20:17:56 - __main__ - INFO - 142 - trainer - [52/129] Loss: 8.9241 Loss_contra: 0.0603
2026/03/22 20:18:03 - __main__ - INFO - 142 - trainer - [78/129] Loss: 8.9775 Loss_contra: 0.0671
2026/03/22 20:18:10 - __main__ - INFO - 142 - trainer - [104/129] Loss: 8.9574 Loss_contra: 0.0621
2026/03/22 20:18:16 - __main__ - INFO - 152 - trainer - start predicting: 2026-03-22 20:18:16.515182
2026/03/22 20:18:46 - __main__ - INFO - 187 - trainer - {'Best_HR@5': 2.3991, 'Best_NDCG@5': 1.6754, 'Best_HR@10': 3.3373, 'Best_NDCG@10': 1.9801, 'Best_HR@20': 4.3346, 'Best_NDCG@20': 2.2315}
2026/03/22 20:18:46 - __main__ - INFO - 188 - trainer - {'Best_epoch_HR@5': 11, 'Best_epoch_NDCG@5': 11, 'Best_epoch_HR@10': 11, 'Best_epoch_NDCG@10': 11, 'Best_epoch_HR@20': 11, 'Best_epoch_NDCG@20': 11}
2026/03/22 20:18:46 - __main__ - INFO - 124 - trainer - Epoch: 12
2026/03/22 20:18:46 - __main__ - INFO - 142 - trainer - [0/129] Loss: 8.8394 Loss_contra: 0.0637
2026/03/22 20:18:53 - __main__ - INFO - 142 - trainer - [26/129] Loss: 8.9013 Loss_contra: 0.0595
2026/03/22 20:19:00 - __main__ - INFO - 142 - trainer - [52/129] Loss: 8.8040 Loss_contra: 0.0578
2026/03/22 20:19:08 - __main__ - INFO - 142 - trainer - [78/129] Loss: 8.9624 Loss_contra: 0.0617
2026/03/22 20:19:15 - __main__ - INFO - 142 - trainer - [104/129] Loss: 8.9285 Loss_contra: 0.0602
2026/03/22 20:19:21 - __main__ - INFO - 152 - trainer - start predicting: 2026-03-22 20:19:21.475617
2026/03/22 20:19:51 - __main__ - INFO - 187 - trainer - {'Best_HR@5': 2.527, 'Best_NDCG@5': 1.8155, 'Best_HR@10': 3.5075, 'Best_NDCG@10': 2.1312, 'Best_HR@20': 4.5352, 'Best_NDCG@20': 2.3906}
2026/03/22 20:19:51 - __main__ - INFO - 188 - trainer - {'Best_epoch_HR@5': 12, 'Best_epoch_NDCG@5': 12, 'Best_epoch_HR@10': 12, 'Best_epoch_NDCG@10': 12, 'Best_epoch_HR@20': 12, 'Best_epoch_NDCG@20': 12}
2026/03/22 20:19:51 - __main__ - INFO - 124 - trainer - Epoch: 13
2026/03/22 20:19:51 - __main__ - INFO - 142 - trainer - [0/129] Loss: 8.8319 Loss_contra: 0.0663
2026/03/22 20:19:58 - __main__ - INFO - 142 - trainer - [26/129] Loss: 8.8002 Loss_contra: 0.0625
2026/03/22 20:20:05 - __main__ - INFO - 142 - trainer - [52/129] Loss: 8.8712 Loss_contra: 0.0514
2026/03/22 20:20:11 - __main__ - INFO - 142 - trainer - [78/129] Loss: 8.7474 Loss_contra: 0.0654
2026/03/22 20:20:18 - __main__ - INFO - 142 - trainer - [104/129] Loss: 8.7291 Loss_contra: 0.0542
2026/03/22 20:20:24 - __main__ - INFO - 152 - trainer - start predicting: 2026-03-22 20:20:24.857333
2026/03/22 20:20:57 - __main__ - INFO - 187 - trainer - {'Best_HR@5': 2.7515, 'Best_NDCG@5': 1.9495, 'Best_HR@10': 3.802, 'Best_NDCG@10': 2.2879, 'Best_HR@20': 4.9193, 'Best_NDCG@20': 2.5711}
2026/03/22 20:20:57 - __main__ - INFO - 188 - trainer - {'Best_epoch_HR@5': 13, 'Best_epoch_NDCG@5': 13, 'Best_epoch_HR@10': 13, 'Best_epoch_NDCG@10': 13, 'Best_epoch_HR@20': 13, 'Best_epoch_NDCG@20': 13}
2026/03/22 20:20:57 - __main__ - INFO - 124 - trainer - Epoch: 14
2026/03/22 20:20:57 - __main__ - INFO - 142 - trainer - [0/129] Loss: 8.7311 Loss_contra: 0.0805
2026/03/22 20:21:06 - __main__ - INFO - 142 - trainer - [26/129] Loss: 8.7070 Loss_contra: 0.0642
2026/03/22 20:21:14 - __main__ - INFO - 142 - trainer - [52/129] Loss: 8.7509 Loss_contra: 0.0592
2026/03/22 20:21:20 - __main__ - INFO - 142 - trainer - [78/129] Loss: 8.6776 Loss_contra: 0.0582
2026/03/22 20:21:27 - __main__ - INFO - 142 - trainer - [104/129] Loss: 8.7436 Loss_contra: 0.0579
2026/03/22 20:21:33 - __main__ - INFO - 152 - trainer - start predicting: 2026-03-22 20:21:33.049780
2026/03/22 20:22:03 - __main__ - INFO - 187 - trainer - {'Best_HR@5': 3.0078, 'Best_NDCG@5': 2.1289, 'Best_HR@10': 4.0212, 'Best_NDCG@10': 2.4578, 'Best_HR@20': 5.3636, 'Best_NDCG@20': 2.7982}
2026/03/22 20:22:03 - __main__ - INFO - 188 - trainer - {'Best_epoch_HR@5': 14, 'Best_epoch_NDCG@5': 14, 'Best_epoch_HR@10': 14, 'Best_epoch_NDCG@10': 14, 'Best_epoch_HR@20': 14, 'Best_epoch_NDCG@20': 14}
2026/03/22 20:22:03 - __main__ - INFO - 124 - trainer - Epoch: 15
2026/03/22 20:22:04 - __main__ - INFO - 142 - trainer - [0/129] Loss: 8.6624 Loss_contra: 0.0675
2026/03/22 20:22:10 - __main__ - INFO - 142 - trainer - [26/129] Loss: 8.7172 Loss_contra: 0.0582
2026/03/22 20:22:18 - __main__ - INFO - 142 - trainer - [52/129] Loss: 8.6468 Loss_contra: 0.0617
2026/03/22 20:22:27 - __main__ - INFO - 142 - trainer - [78/129] Loss: 8.5950 Loss_contra: 0.0495
2026/03/22 20:22:36 - __main__ - INFO - 142 - trainer - [104/129] Loss: 8.6233 Loss_contra: 0.0570
2026/03/22 20:22:43 - __main__ - INFO - 152 - trainer - start predicting: 2026-03-22 20:22:43.702373
2026/03/22 20:23:15 - __main__ - INFO - 187 - trainer - {'Best_HR@5': 3.0522, 'Best_NDCG@5': 2.1701, 'Best_HR@10': 4.3508, 'Best_NDCG@10': 2.5891, 'Best_HR@20': 5.7928, 'Best_NDCG@20': 2.9532}
2026/03/22 20:23:15 - __main__ - INFO - 188 - trainer - {'Best_epoch_HR@5': 15, 'Best_epoch_NDCG@5': 15, 'Best_epoch_HR@10': 15, 'Best_epoch_NDCG@10': 15, 'Best_epoch_HR@20': 15, 'Best_epoch_NDCG@20': 15}
2026/03/22 20:23:15 - __main__ - INFO - 124 - trainer - Epoch: 16
2026/03/22 20:23:15 - __main__ - INFO - 142 - trainer - [0/129] Loss: 8.5767 Loss_contra: 0.0716
2026/03/22 20:23:24 - __main__ - INFO - 142 - trainer - [26/129] Loss: 8.5418 Loss_contra: 0.0587
2026/03/22 20:23:32 - __main__ - INFO - 142 - trainer - [52/129] Loss: 8.3693 Loss_contra: 0.0611
2026/03/22 20:23:40 - __main__ - INFO - 142 - trainer - [78/129] Loss: 8.4603 Loss_contra: 0.0529
2026/03/22 20:23:49 - __main__ - INFO - 142 - trainer - [104/129] Loss: 8.5358 Loss_contra: 0.0634
2026/03/22 20:23:57 - __main__ - INFO - 152 - trainer - start predicting: 2026-03-22 20:23:57.071283
2026/03/22 20:24:29 - __main__ - INFO - 187 - trainer - {'Best_HR@5': 3.2958, 'Best_NDCG@5': 2.3657, 'Best_HR@10': 4.4526, 'Best_NDCG@10': 2.7372, 'Best_HR@20': 5.9706, 'Best_NDCG@20': 3.1184}
2026/03/22 20:24:29 - __main__ - INFO - 188 - trainer - {'Best_epoch_HR@5': 16, 'Best_epoch_NDCG@5': 16, 'Best_epoch_HR@10': 16, 'Best_epoch_NDCG@10': 16, 'Best_epoch_HR@20': 16, 'Best_epoch_NDCG@20': 16}
2026/03/22 20:24:29 - __main__ - INFO - 124 - trainer - Epoch: 17
2026/03/22 20:24:29 - __main__ - INFO - 142 - trainer - [0/129] Loss: 8.4915 Loss_contra: 0.0550
2026/03/22 20:24:37 - __main__ - INFO - 142 - trainer - [26/129] Loss: 8.4281 Loss_contra: 0.0621
2026/03/22 20:24:44 - __main__ - INFO - 142 - trainer - [52/129] Loss: 8.4517 Loss_contra: 0.0599
2026/03/22 20:24:51 - __main__ - INFO - 142 - trainer - [78/129] Loss: 8.4429 Loss_contra: 0.0547
2026/03/22 20:25:00 - __main__ - INFO - 142 - trainer - [104/129] Loss: 8.4237 Loss_contra: 0.0596
2026/03/22 20:25:08 - __main__ - INFO - 152 - trainer - start predicting: 2026-03-22 20:25:08.023857
2026/03/22 20:25:40 - __main__ - INFO - 187 - trainer - {'Best_HR@5': 3.3509, 'Best_NDCG@5': 2.3758, 'Best_HR@10': 4.7314, 'Best_NDCG@10': 2.8212, 'Best_HR@20': 6.4214, 'Best_NDCG@20': 3.2452}
2026/03/22 20:25:40 - __main__ - INFO - 188 - trainer - {'Best_epoch_HR@5': 17, 'Best_epoch_NDCG@5': 17, 'Best_epoch_HR@10': 17, 'Best_epoch_NDCG@10': 17, 'Best_epoch_HR@20': 17, 'Best_epoch_NDCG@20': 17}
2026/03/22 20:25:40 - __main__ - INFO - 124 - trainer - Epoch: 18
2026/03/22 20:25:40 - __main__ - INFO - 142 - trainer - [0/129] Loss: 8.3733 Loss_contra: 0.0749
2026/03/22 20:25:48 - __main__ - INFO - 142 - trainer - [26/129] Loss: 8.4665 Loss_contra: 0.0582
2026/03/22 20:25:56 - __main__ - INFO - 142 - trainer - [52/129] Loss: 8.4549 Loss_contra: 0.0500
2026/03/22 20:26:03 - __main__ - INFO - 142 - trainer - [78/129] Loss: 8.4635 Loss_contra: 0.0584
2026/03/22 20:26:10 - __main__ - INFO - 142 - trainer - [104/129] Loss: 8.2842 Loss_contra: 0.0649
2026/03/22 20:26:17 - __main__ - INFO - 152 - trainer - start predicting: 2026-03-22 20:26:17.730042
2026/03/22 20:26:49 - __main__ - INFO - 187 - trainer - {'Best_HR@5': 3.6292, 'Best_NDCG@5': 2.5282, 'Best_HR@10': 5.0496, 'Best_NDCG@10': 2.9848, 'Best_HR@20': 6.7717, 'Best_NDCG@20': 3.4161}
2026/03/22 20:26:49 - __main__ - INFO - 188 - trainer - {'Best_epoch_HR@5': 18, 'Best_epoch_NDCG@5': 18, 'Best_epoch_HR@10': 18, 'Best_epoch_NDCG@10': 18, 'Best_epoch_HR@20': 18, 'Best_epoch_NDCG@20': 18}
2026/03/22 20:26:49 - __main__ - INFO - 124 - trainer - Epoch: 19
2026/03/22 20:26:50 - __main__ - INFO - 142 - trainer - [0/129] Loss: 8.3229 Loss_contra: 0.0591
2026/03/22 20:26:58 - __main__ - INFO - 142 - trainer - [26/129] Loss: 8.2558 Loss_contra: 0.0604
2026/03/22 20:27:06 - __main__ - INFO - 142 - trainer - [52/129] Loss: 8.3148 Loss_contra: 0.0513
2026/03/22 20:27:14 - __main__ - INFO - 142 - trainer - [78/129] Loss: 8.2430 Loss_contra: 0.0647
2026/03/22 20:27:22 - __main__ - INFO - 142 - trainer - [104/129] Loss: 8.2398 Loss_contra: 0.0574
2026/03/22 20:27:28 - __main__ - INFO - 152 - trainer - start predicting: 2026-03-22 20:27:28.985803
2026/03/22 20:27:59 - __main__ - INFO - 187 - trainer - {'Best_HR@5': 3.8673, 'Best_NDCG@5': 2.7363, 'Best_HR@10': 5.262, 'Best_NDCG@10': 3.1864, 'Best_HR@20': 7.15, 'Best_NDCG@20': 3.6602}
2026/03/22 20:27:59 - __main__ - INFO - 188 - trainer - {'Best_epoch_HR@5': 19, 'Best_epoch_NDCG@5': 19, 'Best_epoch_HR@10': 19, 'Best_epoch_NDCG@10': 19, 'Best_epoch_HR@20': 19, 'Best_epoch_NDCG@20': 19}
2026/03/22 20:27:59 - __main__ - INFO - 124 - trainer - Epoch: 20
2026/03/22 20:28:00 - __main__ - INFO - 142 - trainer - [0/129] Loss: 8.2453 Loss_contra: 0.0595
2026/03/22 20:28:08 - __main__ - INFO - 142 - trainer - [26/129] Loss: 8.2863 Loss_contra: 0.0528
2026/03/22 20:28:16 - __main__ - INFO - 142 - trainer - [52/129] Loss: 8.2636 Loss_contra: 0.0621
2026/03/22 20:28:25 - __main__ - INFO - 142 - trainer - [78/129] Loss: 8.3934 Loss_contra: 0.0515
2026/03/22 20:28:33 - __main__ - INFO - 142 - trainer - [104/129] Loss: 8.2465 Loss_contra: 0.0497
2026/03/22 20:28:41 - __main__ - INFO - 152 - trainer - start predicting: 2026-03-22 20:28:41.500297
2026/03/22 20:29:12 - __main__ - INFO - 187 - trainer - {'Best_HR@5': 3.8673, 'Best_NDCG@5': 2.7363, 'Best_HR@10': 5.3885, 'Best_NDCG@10': 3.2014, 'Best_HR@20': 7.3016, 'Best_NDCG@20': 3.6824}
2026/03/22 20:29:12 - __main__ - INFO - 188 - trainer - {'Best_epoch_HR@5': 19, 'Best_epoch_NDCG@5': 19, 'Best_epoch_HR@10': 20, 'Best_epoch_NDCG@10': 20, 'Best_epoch_HR@20': 20, 'Best_epoch_NDCG@20': 20}
2026/03/22 20:29:12 - __main__ - INFO - 124 - trainer - Epoch: 21
2026/03/22 20:29:13 - __main__ - INFO - 142 - trainer - [0/129] Loss: 8.1301 Loss_contra: 0.0515
2026/03/22 20:29:20 - __main__ - INFO - 142 - trainer - [26/129] Loss: 8.2066 Loss_contra: 0.0519
2026/03/22 20:29:28 - __main__ - INFO - 142 - trainer - [52/129] Loss: 8.2440 Loss_contra: 0.0500
2026/03/22 20:29:37 - __main__ - INFO - 142 - trainer - [78/129] Loss: 8.2946 Loss_contra: 0.0482
2026/03/22 20:29:45 - __main__ - INFO - 142 - trainer - [104/129] Loss: 8.1893 Loss_contra: 0.0659
2026/03/22 20:29:53 - __main__ - INFO - 152 - trainer - start predicting: 2026-03-22 20:29:53.121969
2026/03/22 20:30:25 - __main__ - INFO - 187 - trainer - {'Best_HR@5': 3.9642, 'Best_NDCG@5': 2.819, 'Best_HR@10': 5.4933, 'Best_NDCG@10': 3.3158, 'Best_HR@20': 7.5695, 'Best_NDCG@20': 3.8383}
2026/03/22 20:30:25 - __main__ - INFO - 188 - trainer - {'Best_epoch_HR@5': 21, 'Best_epoch_NDCG@5': 21, 'Best_epoch_HR@10': 21, 'Best_epoch_NDCG@10': 21, 'Best_epoch_HR@20': 21, 'Best_epoch_NDCG@20': 21}
2026/03/22 20:30:25 - __main__ - INFO - 124 - trainer - Epoch: 22
2026/03/22 20:30:25 - __main__ - INFO - 142 - trainer - [0/129] Loss: 8.0027 Loss_contra: 0.0554
2026/03/22 20:30:33 - __main__ - INFO - 142 - trainer - [26/129] Loss: 8.0620 Loss_contra: 0.0592
2026/03/22 20:30:40 - __main__ - INFO - 142 - trainer - [52/129] Loss: 8.1921 Loss_contra: 0.0574
2026/03/22 20:30:48 - __main__ - INFO - 142 - trainer - [78/129] Loss: 8.0690 Loss_contra: 0.0531
2026/03/22 20:30:55 - __main__ - INFO - 142 - trainer - [104/129] Loss: 8.1394 Loss_contra: 0.0628
2026/03/22 20:31:03 - __main__ - INFO - 152 - trainer - start predicting: 2026-03-22 20:31:03.745444
2026/03/22 20:31:37 - __main__ - INFO - 187 - trainer - {'Best_HR@5': 4.1494, 'Best_NDCG@5': 2.9372, 'Best_HR@10': 5.6949, 'Best_NDCG@10': 3.4362, 'Best_HR@20': 7.8882, 'Best_NDCG@20': 3.9851}
2026/03/22 20:31:37 - __main__ - INFO - 188 - trainer - {'Best_epoch_HR@5': 22, 'Best_epoch_NDCG@5': 22, 'Best_epoch_HR@10': 22, 'Best_epoch_NDCG@10': 22, 'Best_epoch_HR@20': 22, 'Best_epoch_NDCG@20': 22}
2026/03/22 20:31:37 - __main__ - INFO - 124 - trainer - Epoch: 23
2026/03/22 20:31:37 - __main__ - INFO - 142 - trainer - [0/129] Loss: 8.1372 Loss_contra: 0.0576
2026/03/22 20:31:45 - __main__ - INFO - 142 - trainer - [26/129] Loss: 8.0740 Loss_contra: 0.0438
2026/03/22 20:31:53 - __main__ - INFO - 142 - trainer - [52/129] Loss: 8.1968 Loss_contra: 0.0632
2026/03/22 20:32:00 - __main__ - INFO - 142 - trainer - [78/129] Loss: 8.1827 Loss_contra: 0.0592
2026/03/22 20:32:08 - __main__ - INFO - 142 - trainer - [104/129] Loss: 8.0871 Loss_contra: 0.0639
2026/03/22 20:32:15 - __main__ - INFO - 152 - trainer - start predicting: 2026-03-22 20:32:15.154703
2026/03/22 20:32:48 - __main__ - INFO - 187 - trainer - {'Best_HR@5': 4.2185, 'Best_NDCG@5': 2.9723, 'Best_HR@10': 5.8624, 'Best_NDCG@10': 3.5038, 'Best_HR@20': 7.9927, 'Best_NDCG@20': 4.0404}
2026/03/22 20:32:48 - __main__ - INFO - 188 - trainer - {'Best_epoch_HR@5': 23, 'Best_epoch_NDCG@5': 23, 'Best_epoch_HR@10': 23, 'Best_epoch_NDCG@10': 23, 'Best_epoch_HR@20': 23, 'Best_epoch_NDCG@20': 23}
2026/03/22 20:32:48 - __main__ - INFO - 124 - trainer - Epoch: 24
2026/03/22 20:32:49 - __main__ - INFO - 142 - trainer - [0/129] Loss: 7.9654 Loss_contra: 0.0621
2026/03/22 20:32:57 - __main__ - INFO - 142 - trainer - [26/129] Loss: 7.9903 Loss_contra: 0.0528
2026/03/22 20:33:05 - __main__ - INFO - 142 - trainer - [52/129] Loss: 7.9890 Loss_contra: 0.0491
2026/03/22 20:33:13 - __main__ - INFO - 142 - trainer - [78/129] Loss: 8.1597 Loss_contra: 0.0500
2026/03/22 20:33:21 - __main__ - INFO - 142 - trainer - [104/129] Loss: 8.0572 Loss_contra: 0.0550
2026/03/22 20:33:28 - __main__ - INFO - 152 - trainer - start predicting: 2026-03-22 20:33:28.231688
2026/03/22 20:33:59 - __main__ - INFO - 187 - trainer - {'Best_HR@5': 4.3355, 'Best_NDCG@5': 3.0694, 'Best_HR@10': 5.9962, 'Best_NDCG@10': 3.6026, 'Best_HR@20': 8.1168, 'Best_NDCG@20': 4.1366}
2026/03/22 20:33:59 - __main__ - INFO - 188 - trainer - {'Best_epoch_HR@5': 24, 'Best_epoch_NDCG@5': 24, 'Best_epoch_HR@10': 24, 'Best_epoch_NDCG@10': 24, 'Best_epoch_HR@20': 24, 'Best_epoch_NDCG@20': 24}
2026/03/22 20:34:00 - __main__ - INFO - 124 - trainer - Epoch: 25
2026/03/22 20:34:00 - __main__ - INFO - 142 - trainer - [0/129] Loss: 8.0287 Loss_contra: 0.0556
2026/03/22 20:34:08 - __main__ - INFO - 142 - trainer - [26/129] Loss: 8.0187 Loss_contra: 0.0528
2026/03/22 20:34:17 - __main__ - INFO - 142 - trainer - [52/129] Loss: 7.9729 Loss_contra: 0.0473
2026/03/22 20:34:25 - __main__ - INFO - 142 - trainer - [78/129] Loss: 8.0626 Loss_contra: 0.0489
2026/03/22 20:34:33 - __main__ - INFO - 142 - trainer - [104/129] Loss: 8.0971 Loss_contra: 0.0497
2026/03/22 20:34:41 - __main__ - INFO - 152 - trainer - start predicting: 2026-03-22 20:34:41.543259
2026/03/22 20:35:13 - __main__ - INFO - 187 - trainer - {'Best_HR@5': 4.364, 'Best_NDCG@5': 3.0954, 'Best_HR@10': 6.2037, 'Best_NDCG@10': 3.6906, 'Best_HR@20': 8.5462, 'Best_NDCG@20': 4.2776}
2026/03/22 20:35:13 - __main__ - INFO - 188 - trainer - {'Best_epoch_HR@5': 25, 'Best_epoch_NDCG@5': 25, 'Best_epoch_HR@10': 25, 'Best_epoch_NDCG@10': 25, 'Best_epoch_HR@20': 25, 'Best_epoch_NDCG@20': 25}
2026/03/22 20:35:13 - __main__ - INFO - 124 - trainer - Epoch: 26
2026/03/22 20:35:13 - __main__ - INFO - 142 - trainer - [0/129] Loss: 7.8945 Loss_contra: 0.0547
2026/03/22 20:35:20 - __main__ - INFO - 142 - trainer - [26/129] Loss: 7.8119 Loss_contra: 0.0478
2026/03/22 20:35:29 - __main__ - INFO - 142 - trainer - [52/129] Loss: 7.9953 Loss_contra: 0.0491
2026/03/22 20:35:37 - __main__ - INFO - 142 - trainer - [78/129] Loss: 8.0820 Loss_contra: 0.0477
2026/03/22 20:35:45 - __main__ - INFO - 142 - trainer - [104/129] Loss: 8.0140 Loss_contra: 0.0457
2026/03/22 20:35:53 - __main__ - INFO - 152 - trainer - start predicting: 2026-03-22 20:35:53.321454
2026/03/22 20:36:26 - __main__ - INFO - 187 - trainer - {'Best_HR@5': 4.5403, 'Best_NDCG@5': 3.2185, 'Best_HR@10': 6.3848, 'Best_NDCG@10': 3.8123, 'Best_HR@20': 8.5711, 'Best_NDCG@20': 4.3605}
2026/03/22 20:36:26 - __main__ - INFO - 188 - trainer - {'Best_epoch_HR@5': 26, 'Best_epoch_NDCG@5': 26, 'Best_epoch_HR@10': 26, 'Best_epoch_NDCG@10': 26, 'Best_epoch_HR@20': 26, 'Best_epoch_NDCG@20': 26}
2026/03/22 20:36:26 - __main__ - INFO - 124 - trainer - Epoch: 27
2026/03/22 20:36:26 - __main__ - INFO - 142 - trainer - [0/129] Loss: 7.8664 Loss_contra: 0.0521
2026/03/22 20:36:34 - __main__ - INFO - 142 - trainer - [26/129] Loss: 7.9132 Loss_contra: 0.0458
2026/03/22 20:36:42 - __main__ - INFO - 142 - trainer - [52/129] Loss: 7.8591 Loss_contra: 0.0510
2026/03/22 20:36:50 - __main__ - INFO - 142 - trainer - [78/129] Loss: 7.8139 Loss_contra: 0.0495
2026/03/22 20:36:59 - __main__ - INFO - 142 - trainer - [104/129] Loss: 7.8832 Loss_contra: 0.0473
2026/03/22 20:37:06 - __main__ - INFO - 152 - trainer - start predicting: 2026-03-22 20:37:06.844927
2026/03/22 20:37:40 - __main__ - INFO - 187 - trainer - {'Best_HR@5': 4.5403, 'Best_NDCG@5': 3.2459, 'Best_HR@10': 6.3848, 'Best_NDCG@10': 3.8241, 'Best_HR@20': 8.609, 'Best_NDCG@20': 4.4043}
2026/03/22 20:37:40 - __main__ - INFO - 188 - trainer - {'Best_epoch_HR@5': 26, 'Best_epoch_NDCG@5': 27, 'Best_epoch_HR@10': 26, 'Best_epoch_NDCG@10': 27, 'Best_epoch_HR@20': 27, 'Best_epoch_NDCG@20': 27}
2026/03/22 20:37:40 - __main__ - INFO - 124 - trainer - Epoch: 28
2026/03/22 20:37:40 - __main__ - INFO - 142 - trainer - [0/129] Loss: 7.6877 Loss_contra: 0.0512
2026/03/22 20:37:49 - __main__ - INFO - 142 - trainer - [26/129] Loss: 7.8202 Loss_contra: 0.0390
2026/03/22 20:37:57 - __main__ - INFO - 142 - trainer - [52/129] Loss: 7.7319 Loss_contra: 0.0443
2026/03/22 20:38:05 - __main__ - INFO - 142 - trainer - [78/129] Loss: 7.8146 Loss_contra: 0.0462
2026/03/22 20:38:13 - __main__ - INFO - 142 - trainer - [104/129] Loss: 7.8391 Loss_contra: 0.0458
2026/03/22 20:38:20 - __main__ - INFO - 152 - trainer - start predicting: 2026-03-22 20:38:20.769222
2026/03/22 20:38:53 - __main__ - INFO - 187 - trainer - {'Best_HR@5': 4.6235, 'Best_NDCG@5': 3.3078, 'Best_HR@10': 6.4767, 'Best_NDCG@10': 3.9016, 'Best_HR@20': 8.7191, 'Best_NDCG@20': 4.4629}
2026/03/22 20:38:53 - __main__ - INFO - 188 - trainer - {'Best_epoch_HR@5': 28, 'Best_epoch_NDCG@5': 28, 'Best_epoch_HR@10': 28, 'Best_epoch_NDCG@10': 28, 'Best_epoch_HR@20': 28, 'Best_epoch_NDCG@20': 28}
2026/03/22 20:38:53 - __main__ - INFO - 124 - trainer - Epoch: 29
2026/03/22 20:38:54 - __main__ - INFO - 142 - trainer - [0/129] Loss: 7.7677 Loss_contra: 0.0452
2026/03/22 20:39:02 - __main__ - INFO - 142 - trainer - [26/129] Loss: 7.8187 Loss_contra: 0.0429
2026/03/22 20:39:10 - __main__ - INFO - 142 - trainer - [52/129] Loss: 7.8167 Loss_contra: 0.0407
2026/03/22 20:39:18 - __main__ - INFO - 142 - trainer - [78/129] Loss: 7.8171 Loss_contra: 0.0419
2026/03/22 20:39:26 - __main__ - INFO - 142 - trainer - [104/129] Loss: 7.6659 Loss_contra: 0.0436
2026/03/22 20:39:33 - __main__ - INFO - 152 - trainer - start predicting: 2026-03-22 20:39:33.928149
2026/03/22 20:40:06 - __main__ - INFO - 187 - trainer - {'Best_HR@5': 4.6491, 'Best_NDCG@5': 3.3078, 'Best_HR@10': 6.5069, 'Best_NDCG@10': 3.9016, 'Best_HR@20': 8.9463, 'Best_NDCG@20': 4.5083}
2026/03/22 20:40:06 - __main__ - INFO - 188 - trainer - {'Best_epoch_HR@5': 29, 'Best_epoch_NDCG@5': 28, 'Best_epoch_HR@10': 29, 'Best_epoch_NDCG@10': 28, 'Best_epoch_HR@20': 29, 'Best_epoch_NDCG@20': 29}
2026/03/22 20:40:06 - __main__ - INFO - 124 - trainer - Epoch: 30
2026/03/22 20:40:07 - __main__ - INFO - 142 - trainer - [0/129] Loss: 7.7315 Loss_contra: 0.0455
2026/03/22 20:40:15 - __main__ - INFO - 142 - trainer - [26/129] Loss: 7.6042 Loss_contra: 0.0392
2026/03/22 20:40:23 - __main__ - INFO - 142 - trainer - [52/129] Loss: 7.7515 Loss_contra: 0.0399
2026/03/22 20:40:32 - __main__ - INFO - 142 - trainer - [78/129] Loss: 7.8044 Loss_contra: 0.0351
2026/03/22 20:40:41 - __main__ - INFO - 142 - trainer - [104/129] Loss: 7.8035 Loss_contra: 0.0419
2026/03/22 20:40:48 - __main__ - INFO - 152 - trainer - start predicting: 2026-03-22 20:40:48.900870
2026/03/22 20:41:21 - __main__ - INFO - 187 - trainer - {'Best_HR@5': 4.6491, 'Best_NDCG@5': 3.3089, 'Best_HR@10': 6.5356, 'Best_NDCG@10': 3.9169, 'Best_HR@20': 8.9463, 'Best_NDCG@20': 4.5235}
2026/03/22 20:41:21 - __main__ - INFO - 188 - trainer - {'Best_epoch_HR@5': 29, 'Best_epoch_NDCG@5': 30, 'Best_epoch_HR@10': 30, 'Best_epoch_NDCG@10': 30, 'Best_epoch_HR@20': 29, 'Best_epoch_NDCG@20': 30}
2026/03/22 20:41:21 - __main__ - INFO - 124 - trainer - Epoch: 31
2026/03/22 20:41:21 - __main__ - INFO - 142 - trainer - [0/129] Loss: 7.6073 Loss_contra: 0.0438
2026/03/22 20:41:29 - __main__ - INFO - 142 - trainer - [26/129] Loss: 7.7815 Loss_contra: 0.0425
2026/03/22 20:41:37 - __main__ - INFO - 142 - trainer - [52/129] Loss: 7.6767 Loss_contra: 0.0387
2026/03/22 20:41:46 - __main__ - INFO - 142 - trainer - [78/129] Loss: 7.7103 Loss_contra: 0.0424
2026/03/22 20:41:53 - __main__ - INFO - 142 - trainer - [104/129] Loss: 7.7511 Loss_contra: 0.0383
2026/03/22 20:42:01 - __main__ - INFO - 152 - trainer - start predicting: 2026-03-22 20:42:01.811455
2026/03/22 20:42:36 - __main__ - INFO - 187 - trainer - {'Best_HR@5': 4.7379, 'Best_NDCG@5': 3.4047, 'Best_HR@10': 6.6595, 'Best_NDCG@10': 4.0236, 'Best_HR@20': 9.0824, 'Best_NDCG@20': 4.6329}
2026/03/22 20:42:36 - __main__ - INFO - 188 - trainer - {'Best_epoch_HR@5': 31, 'Best_epoch_NDCG@5': 31, 'Best_epoch_HR@10': 31, 'Best_epoch_NDCG@10': 31, 'Best_epoch_HR@20': 31, 'Best_epoch_NDCG@20': 31}
2026/03/22 20:42:36 - __main__ - INFO - 124 - trainer - Epoch: 32
2026/03/22 20:42:36 - __main__ - INFO - 142 - trainer - [0/129] Loss: 7.5095 Loss_contra: 0.0396
2026/03/22 20:42:44 - __main__ - INFO - 142 - trainer - [26/129] Loss: 7.6959 Loss_contra: 0.0428
2026/03/22 20:42:53 - __main__ - INFO - 142 - trainer - [52/129] Loss: 7.7089 Loss_contra: 0.0366
2026/03/22 20:43:01 - __main__ - INFO - 142 - trainer - [78/129] Loss: 7.6468 Loss_contra: 0.0380
2026/03/22 20:43:10 - __main__ - INFO - 142 - trainer - [104/129] Loss: 7.5921 Loss_contra: 0.0383
2026/03/22 20:43:17 - __main__ - INFO - 152 - trainer - start predicting: 2026-03-22 20:43:17.906908
2026/03/22 20:43:51 - __main__ - INFO - 187 - trainer - {'Best_HR@5': 4.851, 'Best_NDCG@5': 3.5076, 'Best_HR@10': 6.6878, 'Best_NDCG@10': 4.0998, 'Best_HR@20': 9.2127, 'Best_NDCG@20': 4.7334}
2026/03/22 20:43:51 - __main__ - INFO - 188 - trainer - {'Best_epoch_HR@5': 32, 'Best_epoch_NDCG@5': 32, 'Best_epoch_HR@10': 32, 'Best_epoch_NDCG@10': 32, 'Best_epoch_HR@20': 32, 'Best_epoch_NDCG@20': 32}
2026/03/22 20:43:51 - __main__ - INFO - 124 - trainer - Epoch: 33
2026/03/22 20:43:52 - __main__ - INFO - 142 - trainer - [0/129] Loss: 7.5080 Loss_contra: 0.0410
2026/03/22 20:44:01 - __main__ - INFO - 142 - trainer - [26/129] Loss: 7.6293 Loss_contra: 0.0382
2026/03/22 20:44:09 - __main__ - INFO - 142 - trainer - [52/129] Loss: 7.7279 Loss_contra: 0.0363
2026/03/22 20:44:17 - __main__ - INFO - 142 - trainer - [78/129] Loss: 7.6969 Loss_contra: 0.0386
2026/03/22 20:44:26 - __main__ - INFO - 142 - trainer - [104/129] Loss: 7.7714 Loss_contra: 0.0346
2026/03/22 20:44:34 - __main__ - INFO - 152 - trainer - start predicting: 2026-03-22 20:44:34.308529
2026/03/22 20:45:08 - __main__ - INFO - 187 - trainer - {'Best_HR@5': 4.9034, 'Best_NDCG@5': 3.5076, 'Best_HR@10': 6.6882, 'Best_NDCG@10': 4.0998, 'Best_HR@20': 9.382, 'Best_NDCG@20': 4.7415}
2026/03/22 20:45:08 - __main__ - INFO - 188 - trainer - {'Best_epoch_HR@5': 33, 'Best_epoch_NDCG@5': 32, 'Best_epoch_HR@10': 33, 'Best_epoch_NDCG@10': 32, 'Best_epoch_HR@20': 33, 'Best_epoch_NDCG@20': 33}
2026/03/22 20:45:08 - __main__ - INFO - 124 - trainer - Epoch: 34
2026/03/22 20:45:08 - __main__ - INFO - 142 - trainer - [0/129] Loss: 7.4783 Loss_contra: 0.0426
2026/03/22 20:45:17 - __main__ - INFO - 142 - trainer - [26/129] Loss: 7.6246 Loss_contra: 0.0382
2026/03/22 20:45:26 - __main__ - INFO - 142 - trainer - [52/129] Loss: 7.5501 Loss_contra: 0.0345
2026/03/22 20:45:34 - __main__ - INFO - 142 - trainer - [78/129] Loss: 7.6090 Loss_contra: 0.0332
2026/03/22 20:45:42 - __main__ - INFO - 142 - trainer - [104/129] Loss: 7.5517 Loss_contra: 0.0388
2026/03/22 20:45:49 - __main__ - INFO - 152 - trainer - start predicting: 2026-03-22 20:45:49.808882
2026/03/22 20:46:22 - __main__ - INFO - 187 - trainer - {'Best_HR@5': 4.9453, 'Best_NDCG@5': 3.5247, 'Best_HR@10': 6.8553, 'Best_NDCG@10': 4.1387, 'Best_HR@20': 9.382, 'Best_NDCG@20': 4.758}
2026/03/22 20:46:22 - __main__ - INFO - 188 - trainer - {'Best_epoch_HR@5': 34, 'Best_epoch_NDCG@5': 34, 'Best_epoch_HR@10': 34, 'Best_epoch_NDCG@10': 34, 'Best_epoch_HR@20': 33, 'Best_epoch_NDCG@20': 34}
2026/03/22 20:46:22 - __main__ - INFO - 124 - trainer - Epoch: 35
2026/03/22 20:46:23 - __main__ - INFO - 142 - trainer - [0/129] Loss: 7.3861 Loss_contra: 0.0377
2026/03/22 20:46:31 - __main__ - INFO - 142 - trainer - [26/129] Loss: 7.5051 Loss_contra: 0.0344
2026/03/22 20:46:39 - __main__ - INFO - 142 - trainer - [52/129] Loss: 7.5496 Loss_contra: 0.0278
2026/03/22 20:46:48 - __main__ - INFO - 142 - trainer - [78/129] Loss: 7.4059 Loss_contra: 0.0355
2026/03/22 20:46:56 - __main__ - INFO - 142 - trainer - [104/129] Loss: 7.6265 Loss_contra: 0.0357
2026/03/22 20:47:03 - __main__ - INFO - 152 - trainer - start predicting: 2026-03-22 20:47:03.961979
2026/03/22 20:47:36 - __main__ - INFO - 187 - trainer - {'Best_HR@5': 4.953, 'Best_NDCG@5': 3.5386, 'Best_HR@10': 6.8896, 'Best_NDCG@10': 4.1633, 'Best_HR@20': 9.4346, 'Best_NDCG@20': 4.8034}
2026/03/22 20:47:36 - __main__ - INFO - 188 - trainer - {'Best_epoch_HR@5': 35, 'Best_epoch_NDCG@5': 35, 'Best_epoch_HR@10': 35, 'Best_epoch_NDCG@10': 35, 'Best_epoch_HR@20': 35, 'Best_epoch_NDCG@20': 35}
2026/03/22 20:47:36 - __main__ - INFO - 124 - trainer - Epoch: 36
2026/03/22 20:47:36 - __main__ - INFO - 142 - trainer - [0/129] Loss: 7.4317 Loss_contra: 0.0386
2026/03/22 20:47:45 - __main__ - INFO - 142 - trainer - [26/129] Loss: 7.2653 Loss_contra: 0.0341
2026/03/22 20:47:54 - __main__ - INFO - 142 - trainer - [52/129] Loss: 7.4886 Loss_contra: 0.0301
2026/03/22 20:48:03 - __main__ - INFO - 142 - trainer - [78/129] Loss: 7.5830 Loss_contra: 0.0338
2026/03/22 20:48:12 - __main__ - INFO - 142 - trainer - [104/129] Loss: 7.5899 Loss_contra: 0.0314
2026/03/22 20:48:19 - __main__ - INFO - 152 - trainer - start predicting: 2026-03-22 20:48:19.871910
2026/03/22 20:48:52 - __main__ - INFO - 187 - trainer - {'Best_HR@5': 5.0197, 'Best_NDCG@5': 3.5619, 'Best_HR@10': 6.8896, 'Best_NDCG@10': 4.1633, 'Best_HR@20': 9.5871, 'Best_NDCG@20': 4.8467}
2026/03/22 20:48:52 - __main__ - INFO - 188 - trainer - {'Best_epoch_HR@5': 36, 'Best_epoch_NDCG@5': 36, 'Best_epoch_HR@10': 35, 'Best_epoch_NDCG@10': 35, 'Best_epoch_HR@20': 36, 'Best_epoch_NDCG@20': 36}
2026/03/22 20:48:52 - __main__ - INFO - 124 - trainer - Epoch: 37
2026/03/22 20:48:52 - __main__ - INFO - 142 - trainer - [0/129] Loss: 7.3395 Loss_contra: 0.0361
2026/03/22 20:49:01 - __main__ - INFO - 142 - trainer - [26/129] Loss: 7.4140 Loss_contra: 0.0331
2026/03/22 20:49:09 - __main__ - INFO - 142 - trainer - [52/129] Loss: 7.5012 Loss_contra: 0.0302
2026/03/22 20:49:17 - __main__ - INFO - 142 - trainer - [78/129] Loss: 7.5400 Loss_contra: 0.0341
2026/03/22 20:49:26 - __main__ - INFO - 142 - trainer - [104/129] Loss: 7.2870 Loss_contra: 0.0333
2026/03/22 20:49:33 - __main__ - INFO - 152 - trainer - start predicting: 2026-03-22 20:49:33.599788
2026/03/22 20:50:06 - __main__ - INFO - 187 - trainer - {'Best_HR@5': 5.0197, 'Best_NDCG@5': 3.5905, 'Best_HR@10': 6.8896, 'Best_NDCG@10': 4.2015, 'Best_HR@20': 9.5871, 'Best_NDCG@20': 4.8752}
2026/03/22 20:50:06 - __main__ - INFO - 188 - trainer - {'Best_epoch_HR@5': 36, 'Best_epoch_NDCG@5': 37, 'Best_epoch_HR@10': 35, 'Best_epoch_NDCG@10': 37, 'Best_epoch_HR@20': 36, 'Best_epoch_NDCG@20': 37}
2026/03/22 20:50:06 - __main__ - INFO - 124 - trainer - Epoch: 38
2026/03/22 20:50:06 - __main__ - INFO - 142 - trainer - [0/129] Loss: 7.1832 Loss_contra: 0.0359
2026/03/22 20:50:15 - __main__ - INFO - 142 - trainer - [26/129] Loss: 7.3956 Loss_contra: 0.0287
2026/03/22 20:50:23 - __main__ - INFO - 142 - trainer - [52/129] Loss: 7.3373 Loss_contra: 0.0295
2026/03/22 20:50:31 - __main__ - INFO - 142 - trainer - [78/129] Loss: 7.5662 Loss_contra: 0.0283
2026/03/22 20:50:39 - __main__ - INFO - 142 - trainer - [104/129] Loss: 7.5056 Loss_contra: 0.0284
2026/03/22 20:50:47 - __main__ - INFO - 152 - trainer - start predicting: 2026-03-22 20:50:47.008001
2026/03/22 20:51:19 - __main__ - INFO - 187 - trainer - {'Best_HR@5': 5.1165, 'Best_NDCG@5': 3.6802, 'Best_HR@10': 7.0574, 'Best_NDCG@10': 4.3037, 'Best_HR@20': 9.8378, 'Best_NDCG@20': 5.0008}
2026/03/22 20:51:19 - __main__ - INFO - 188 - trainer - {'Best_epoch_HR@5': 38, 'Best_epoch_NDCG@5': 38, 'Best_epoch_HR@10': 38, 'Best_epoch_NDCG@10': 38, 'Best_epoch_HR@20': 38, 'Best_epoch_NDCG@20': 38}
2026/03/22 20:51:19 - __main__ - INFO - 124 - trainer - Epoch: 39
2026/03/22 20:51:20 - __main__ - INFO - 142 - trainer - [0/129] Loss: 7.2823 Loss_contra: 0.0318
2026/03/22 20:51:28 - __main__ - INFO - 142 - trainer - [26/129] Loss: 7.2795 Loss_contra: 0.0323
2026/03/22 20:51:37 - __main__ - INFO - 142 - trainer - [52/129] Loss: 7.2781 Loss_contra: 0.0284
2026/03/22 20:51:45 - __main__ - INFO - 142 - trainer - [78/129] Loss: 7.2666 Loss_contra: 0.0301
2026/03/22 20:51:53 - __main__ - INFO - 142 - trainer - [104/129] Loss: 7.4960 Loss_contra: 0.0300
2026/03/22 20:52:01 - __main__ - INFO - 152 - trainer - start predicting: 2026-03-22 20:52:01.225534
2026/03/22 20:52:34 - __main__ - INFO - 187 - trainer - {'Best_HR@5': 5.1165, 'Best_NDCG@5': 3.6802, 'Best_HR@10': 7.1496, 'Best_NDCG@10': 4.3037, 'Best_HR@20': 9.8378, 'Best_NDCG@20': 5.0008}
2026/03/22 20:52:34 - __main__ - INFO - 188 - trainer - {'Best_epoch_HR@5': 38, 'Best_epoch_NDCG@5': 38, 'Best_epoch_HR@10': 39, 'Best_epoch_NDCG@10': 38, 'Best_epoch_HR@20': 38, 'Best_epoch_NDCG@20': 38}
2026/03/22 20:52:34 - __main__ - INFO - 124 - trainer - Epoch: 40
2026/03/22 20:52:35 - __main__ - INFO - 142 - trainer - [0/129] Loss: 7.2349 Loss_contra: 0.0300
2026/03/22 20:52:44 - __main__ - INFO - 142 - trainer - [26/129] Loss: 7.1483 Loss_contra: 0.0240
2026/03/22 20:52:53 - __main__ - INFO - 142 - trainer - [52/129] Loss: 7.1842 Loss_contra: 0.0291
2026/03/22 20:53:01 - __main__ - INFO - 142 - trainer - [78/129] Loss: 7.2804 Loss_contra: 0.0324
2026/03/22 20:53:09 - __main__ - INFO - 142 - trainer - [104/129] Loss: 7.3126 Loss_contra: 0.0280
2026/03/22 20:53:16 - __main__ - INFO - 152 - trainer - start predicting: 2026-03-22 20:53:16.505424
2026/03/22 20:53:49 - __main__ - INFO - 187 - trainer - {'Best_HR@5': 5.2403, 'Best_NDCG@5': 3.7116, 'Best_HR@10': 7.1964, 'Best_NDCG@10': 4.3408, 'Best_HR@20': 9.9742, 'Best_NDCG@20': 5.0374}
2026/03/22 20:53:49 - __main__ - INFO - 188 - trainer - {'Best_epoch_HR@5': 40, 'Best_epoch_NDCG@5': 40, 'Best_epoch_HR@10': 40, 'Best_epoch_NDCG@10': 40, 'Best_epoch_HR@20': 40, 'Best_epoch_NDCG@20': 40}
2026/03/22 20:53:49 - __main__ - INFO - 124 - trainer - Epoch: 41
2026/03/22 20:53:50 - __main__ - INFO - 142 - trainer - [0/129] Loss: 7.2065 Loss_contra: 0.0320
2026/03/22 20:53:58 - __main__ - INFO - 142 - trainer - [26/129] Loss: 7.2766 Loss_contra: 0.0259
2026/03/22 20:54:06 - __main__ - INFO - 142 - trainer - [52/129] Loss: 7.1918 Loss_contra: 0.0304
2026/03/22 20:54:15 - __main__ - INFO - 142 - trainer - [78/129] Loss: 7.1658 Loss_contra: 0.0267
2026/03/22 20:54:23 - __main__ - INFO - 142 - trainer - [104/129] Loss: 7.1774 Loss_contra: 0.0313
2026/03/22 20:54:31 - __main__ - INFO - 152 - trainer - start predicting: 2026-03-22 20:54:31.109488
2026/03/22 20:55:03 - __main__ - INFO - 187 - trainer - {'Best_HR@5': 5.2802, 'Best_NDCG@5': 3.7116, 'Best_HR@10': 7.3907, 'Best_NDCG@10': 4.3857, 'Best_HR@20': 10.0285, 'Best_NDCG@20': 5.0484}
2026/03/22 20:55:03 - __main__ - INFO - 188 - trainer - {'Best_epoch_HR@5': 41, 'Best_epoch_NDCG@5': 40, 'Best_epoch_HR@10': 41, 'Best_epoch_NDCG@10': 41, 'Best_epoch_HR@20': 41, 'Best_epoch_NDCG@20': 41}
2026/03/22 20:55:03 - __main__ - INFO - 124 - trainer - Epoch: 42
2026/03/22 20:55:04 - __main__ - INFO - 142 - trainer - [0/129] Loss: 7.1391 Loss_contra: 0.0327
2026/03/22 20:55:12 - __main__ - INFO - 142 - trainer - [26/129] Loss: 7.2784 Loss_contra: 0.0249
2026/03/22 20:55:21 - __main__ - INFO - 142 - trainer - [52/129] Loss: 7.2013 Loss_contra: 0.0279
2026/03/22 20:55:29 - __main__ - INFO - 142 - trainer - [78/129] Loss: 7.2078 Loss_contra: 0.0253
2026/03/22 20:55:37 - __main__ - INFO - 142 - trainer - [104/129] Loss: 7.1392 Loss_contra: 0.0269
2026/03/22 20:55:45 - __main__ - INFO - 152 - trainer - start predicting: 2026-03-22 20:55:45.447788
2026/03/22 20:56:18 - __main__ - INFO - 187 - trainer - {'Best_HR@5': 5.3449, 'Best_NDCG@5': 3.7904, 'Best_HR@10': 7.3907, 'Best_NDCG@10': 4.4123, 'Best_HR@20': 10.0285, 'Best_NDCG@20': 5.0841}
2026/03/22 20:56:18 - __main__ - INFO - 188 - trainer - {'Best_epoch_HR@5': 42, 'Best_epoch_NDCG@5': 42, 'Best_epoch_HR@10': 41, 'Best_epoch_NDCG@10': 42, 'Best_epoch_HR@20': 41, 'Best_epoch_NDCG@20': 42}
2026/03/22 20:56:18 - __main__ - INFO - 124 - trainer - Epoch: 43
2026/03/22 20:56:19 - __main__ - INFO - 142 - trainer - [0/129] Loss: 6.9928 Loss_contra: 0.0301
2026/03/22 20:56:26 - __main__ - INFO - 142 - trainer - [26/129] Loss: 7.0343 Loss_contra: 0.0260
2026/03/22 20:56:35 - __main__ - INFO - 142 - trainer - [52/129] Loss: 7.1076 Loss_contra: 0.0251
2026/03/22 20:56:43 - __main__ - INFO - 142 - trainer - [78/129] Loss: 7.3245 Loss_contra: 0.0262
2026/03/22 20:56:52 - __main__ - INFO - 142 - trainer - [104/129] Loss: 7.1216 Loss_contra: 0.0252
2026/03/22 20:57:00 - __main__ - INFO - 152 - trainer - start predicting: 2026-03-22 20:57:00.598376
2026/03/22 20:57:34 - __main__ - INFO - 187 - trainer - {'Best_HR@5': 5.3449, 'Best_NDCG@5': 3.7904, 'Best_HR@10': 7.3907, 'Best_NDCG@10': 4.4123, 'Best_HR@20': 10.0285, 'Best_NDCG@20': 5.087}
2026/03/22 20:57:34 - __main__ - INFO - 188 - trainer - {'Best_epoch_HR@5': 42, 'Best_epoch_NDCG@5': 42, 'Best_epoch_HR@10': 41, 'Best_epoch_NDCG@10': 42, 'Best_epoch_HR@20': 41, 'Best_epoch_NDCG@20': 43}
2026/03/22 20:57:34 - __main__ - INFO - 124 - trainer - Epoch: 44
2026/03/22 20:57:34 - __main__ - INFO - 142 - trainer - [0/129] Loss: 7.0935 Loss_contra: 0.0279
2026/03/22 20:57:42 - __main__ - INFO - 142 - trainer - [26/129] Loss: 7.1237 Loss_contra: 0.0233
2026/03/22 20:57:51 - __main__ - INFO - 142 - trainer - [52/129] Loss: 7.1392 Loss_contra: 0.0266
2026/03/22 20:57:59 - __main__ - INFO - 142 - trainer - [78/129] Loss: 7.1162 Loss_contra: 0.0292
2026/03/22 20:58:07 - __main__ - INFO - 142 - trainer - [104/129] Loss: 7.0112 Loss_contra: 0.0279
2026/03/22 20:58:15 - __main__ - INFO - 152 - trainer - start predicting: 2026-03-22 20:58:15.889793
2026/03/22 20:58:49 - __main__ - INFO - 187 - trainer - {'Best_HR@5': 5.3449, 'Best_NDCG@5': 3.7904, 'Best_HR@10': 7.3924, 'Best_NDCG@10': 4.415, 'Best_HR@20': 10.117, 'Best_NDCG@20': 5.1003}
2026/03/22 20:58:49 - __main__ - INFO - 188 - trainer - {'Best_epoch_HR@5': 42, 'Best_epoch_NDCG@5': 42, 'Best_epoch_HR@10': 44, 'Best_epoch_NDCG@10': 44, 'Best_epoch_HR@20': 44, 'Best_epoch_NDCG@20': 44}
2026/03/22 20:58:49 - __main__ - INFO - 124 - trainer - Epoch: 45
2026/03/22 20:58:50 - __main__ - INFO - 142 - trainer - [0/129] Loss: 6.8889 Loss_contra: 0.0315
2026/03/22 20:58:58 - __main__ - INFO - 142 - trainer - [26/129] Loss: 7.0564 Loss_contra: 0.0234
2026/03/22 20:59:06 - __main__ - INFO - 142 - trainer - [52/129] Loss: 7.0906 Loss_contra: 0.0209
2026/03/22 20:59:14 - __main__ - INFO - 142 - trainer - [78/129] Loss: 7.0322 Loss_contra: 0.0250
2026/03/22 20:59:22 - __main__ - INFO - 142 - trainer - [104/129] Loss: 7.0676 Loss_contra: 0.0261
2026/03/22 20:59:30 - __main__ - INFO - 152 - trainer - start predicting: 2026-03-22 20:59:30.516006
2026/03/22 21:00:04 - __main__ - INFO - 187 - trainer - {'Best_HR@5': 5.3798, 'Best_NDCG@5': 3.8247, 'Best_HR@10': 7.3924, 'Best_NDCG@10': 4.4498, 'Best_HR@20': 10.2097, 'Best_NDCG@20': 5.1798}
2026/03/22 21:00:04 - __main__ - INFO - 188 - trainer - {'Best_epoch_HR@5': 45, 'Best_epoch_NDCG@5': 45, 'Best_epoch_HR@10': 44, 'Best_epoch_NDCG@10': 45, 'Best_epoch_HR@20': 45, 'Best_epoch_NDCG@20': 45}
2026/03/22 21:00:04 - __main__ - INFO - 124 - trainer - Epoch: 46
2026/03/22 21:00:05 - __main__ - INFO - 142 - trainer - [0/129] Loss: 6.9541 Loss_contra: 0.0259
2026/03/22 21:00:13 - __main__ - INFO - 142 - trainer - [26/129] Loss: 6.8181 Loss_contra: 0.0254
2026/03/22 21:00:21 - __main__ - INFO - 142 - trainer - [52/129] Loss: 7.0091 Loss_contra: 0.0234
2026/03/22 21:00:29 - __main__ - INFO - 142 - trainer - [78/129] Loss: 7.0243 Loss_contra: 0.0248
2026/03/22 21:00:38 - __main__ - INFO - 142 - trainer - [104/129] Loss: 7.1438 Loss_contra: 0.0262
2026/03/22 21:00:46 - __main__ - INFO - 152 - trainer - start predicting: 2026-03-22 21:00:46.573823
2026/03/22 21:01:20 - __main__ - INFO - 187 - trainer - {'Best_HR@5': 5.4477, 'Best_NDCG@5': 3.8551, 'Best_HR@10': 7.4375, 'Best_NDCG@10': 4.4914, 'Best_HR@20': 10.3353, 'Best_NDCG@20': 5.2176}
2026/03/22 21:01:20 - __main__ - INFO - 188 - trainer - {'Best_epoch_HR@5': 46, 'Best_epoch_NDCG@5': 46, 'Best_epoch_HR@10': 46, 'Best_epoch_NDCG@10': 46, 'Best_epoch_HR@20': 46, 'Best_epoch_NDCG@20': 46}
2026/03/22 21:01:20 - __main__ - INFO - 124 - trainer - Epoch: 47
2026/03/22 21:01:21 - __main__ - INFO - 142 - trainer - [0/129] Loss: 6.8802 Loss_contra: 0.0211
2026/03/22 21:01:29 - __main__ - INFO - 142 - trainer - [26/129] Loss: 6.9981 Loss_contra: 0.0210
2026/03/22 21:01:37 - __main__ - INFO - 142 - trainer - [52/129] Loss: 7.0419 Loss_contra: 0.0191
2026/03/22 21:01:45 - __main__ - INFO - 142 - trainer - [78/129] Loss: 7.1547 Loss_contra: 0.0274
2026/03/22 21:01:53 - __main__ - INFO - 142 - trainer - [104/129] Loss: 6.9481 Loss_contra: 0.0209
2026/03/22 21:02:01 - __main__ - INFO - 152 - trainer - start predicting: 2026-03-22 21:02:01.811766
2026/03/22 21:02:35 - __main__ - INFO - 187 - trainer - {'Best_HR@5': 5.4477, 'Best_NDCG@5': 3.8551, 'Best_HR@10': 7.4375, 'Best_NDCG@10': 4.4914, 'Best_HR@20': 10.376, 'Best_NDCG@20': 5.2176}
2026/03/22 21:02:35 - __main__ - INFO - 188 - trainer - {'Best_epoch_HR@5': 46, 'Best_epoch_NDCG@5': 46, 'Best_epoch_HR@10': 46, 'Best_epoch_NDCG@10': 46, 'Best_epoch_HR@20': 47, 'Best_epoch_NDCG@20': 46}
2026/03/22 21:02:35 - __main__ - INFO - 124 - trainer - Epoch: 48
2026/03/22 21:02:35 - __main__ - INFO - 142 - trainer - [0/129] Loss: 6.7817 Loss_contra: 0.0256
2026/03/22 21:02:43 - __main__ - INFO - 142 - trainer - [26/129] Loss: 6.7726 Loss_contra: 0.0241
2026/03/22 21:02:51 - __main__ - INFO - 142 - trainer - [52/129] Loss: 6.9306 Loss_contra: 0.0221
2026/03/22 21:03:00 - __main__ - INFO - 142 - trainer - [78/129] Loss: 7.0886 Loss_contra: 0.0221
2026/03/22 21:03:08 - __main__ - INFO - 142 - trainer - [104/129] Loss: 6.9272 Loss_contra: 0.0249
2026/03/22 21:03:17 - __main__ - INFO - 152 - trainer - start predicting: 2026-03-22 21:03:17.177984
2026/03/22 21:03:50 - __main__ - INFO - 187 - trainer - {'Best_HR@5': 5.4477, 'Best_NDCG@5': 3.8551, 'Best_HR@10': 7.4375, 'Best_NDCG@10': 4.4933, 'Best_HR@20': 10.376, 'Best_NDCG@20': 5.2176}
2026/03/22 21:03:50 - __main__ - INFO - 188 - trainer - {'Best_epoch_HR@5': 46, 'Best_epoch_NDCG@5': 46, 'Best_epoch_HR@10': 46, 'Best_epoch_NDCG@10': 48, 'Best_epoch_HR@20': 47, 'Best_epoch_NDCG@20': 46}
2026/03/22 21:03:51 - __main__ - INFO - 124 - trainer - Epoch: 49
2026/03/22 21:03:51 - __main__ - INFO - 142 - trainer - [0/129] Loss: 6.7350 Loss_contra: 0.0262
2026/03/22 21:03:59 - __main__ - INFO - 142 - trainer - [26/129] Loss: 6.7930 Loss_contra: 0.0230
2026/03/22 21:04:07 - __main__ - INFO - 142 - trainer - [52/129] Loss: 6.8533 Loss_contra: 0.0232
2026/03/22 21:04:15 - __main__ - INFO - 142 - trainer - [78/129] Loss: 6.8950 Loss_contra: 0.0258
2026/03/22 21:04:23 - __main__ - INFO - 142 - trainer - [104/129] Loss: 6.8378 Loss_contra: 0.0230
2026/03/22 21:04:31 - __main__ - INFO - 152 - trainer - start predicting: 2026-03-22 21:04:31.690136
2026/03/22 21:05:05 - __main__ - INFO - 187 - trainer - {'Best_HR@5': 5.5051, 'Best_NDCG@5': 3.8873, 'Best_HR@10': 7.6546, 'Best_NDCG@10': 4.5815, 'Best_HR@20': 10.376, 'Best_NDCG@20': 5.2484}
2026/03/22 21:05:05 - __main__ - INFO - 188 - trainer - {'Best_epoch_HR@5': 49, 'Best_epoch_NDCG@5': 49, 'Best_epoch_HR@10': 49, 'Best_epoch_NDCG@10': 49, 'Best_epoch_HR@20': 47, 'Best_epoch_NDCG@20': 49}
2026/03/22 21:05:05 - __main__ - INFO - 124 - trainer - Epoch: 50
2026/03/22 21:05:06 - __main__ - INFO - 142 - trainer - [0/129] Loss: 6.8312 Loss_contra: 0.0224
2026/03/22 21:05:15 - __main__ - INFO - 142 - trainer - [26/129] Loss: 6.6336 Loss_contra: 0.0214
2026/03/22 21:05:23 - __main__ - INFO - 142 - trainer - [52/129] Loss: 6.8165 Loss_contra: 0.0212
2026/03/22 21:05:32 - __main__ - INFO - 142 - trainer - [78/129] Loss: 6.8752 Loss_contra: 0.0214
2026/03/22 21:05:40 - __main__ - INFO - 142 - trainer - [104/129] Loss: 6.9473 Loss_contra: 0.0241
2026/03/22 21:05:47 - __main__ - INFO - 152 - trainer - start predicting: 2026-03-22 21:05:47.837531
2026/03/22 21:06:21 - __main__ - INFO - 124 - trainer - Epoch: 51
2026/03/22 21:06:22 - __main__ - INFO - 142 - trainer - [0/129] Loss: 6.5967 Loss_contra: 0.0231
2026/03/22 21:06:30 - __main__ - INFO - 142 - trainer - [26/129] Loss: 6.7873 Loss_contra: 0.0203
2026/03/22 21:06:39 - __main__ - INFO - 142 - trainer - [52/129] Loss: 6.6869 Loss_contra: 0.0213
2026/03/22 21:06:47 - __main__ - INFO - 142 - trainer - [78/129] Loss: 6.8557 Loss_contra: 0.0212
2026/03/22 21:06:55 - __main__ - INFO - 142 - trainer - [104/129] Loss: 6.7657 Loss_contra: 0.0225
2026/03/22 21:07:02 - __main__ - INFO - 152 - trainer - start predicting: 2026-03-22 21:07:02.605756
2026/03/22 21:07:35 - __main__ - INFO - 124 - trainer - Epoch: 52
2026/03/22 21:07:35 - __main__ - INFO - 142 - trainer - [0/129] Loss: 6.6984 Loss_contra: 0.0217
2026/03/22 21:07:43 - __main__ - INFO - 142 - trainer - [26/129] Loss: 6.5869 Loss_contra: 0.0191
2026/03/22 21:07:52 - __main__ - INFO - 142 - trainer - [52/129] Loss: 6.6669 Loss_contra: 0.0212
2026/03/22 21:08:01 - __main__ - INFO - 142 - trainer - [78/129] Loss: 6.7058 Loss_contra: 0.0212
2026/03/22 21:08:09 - __main__ - INFO - 142 - trainer - [104/129] Loss: 6.7696 Loss_contra: 0.0214
2026/03/22 21:08:17 - __main__ - INFO - 152 - trainer - start predicting: 2026-03-22 21:08:17.395539
2026/03/22 21:08:49 - __main__ - INFO - 187 - trainer - {'Best_HR@5': 5.5476, 'Best_NDCG@5': 3.9106, 'Best_HR@10': 7.6546, 'Best_NDCG@10': 4.5824, 'Best_HR@20': 10.376, 'Best_NDCG@20': 5.2641}
2026/03/22 21:08:49 - __main__ - INFO - 188 - trainer - {'Best_epoch_HR@5': 52, 'Best_epoch_NDCG@5': 52, 'Best_epoch_HR@10': 49, 'Best_epoch_NDCG@10': 52, 'Best_epoch_HR@20': 47, 'Best_epoch_NDCG@20': 52}
2026/03/22 21:08:49 - __main__ - INFO - 124 - trainer - Epoch: 53
2026/03/22 21:08:50 - __main__ - INFO - 142 - trainer - [0/129] Loss: 6.6621 Loss_contra: 0.0230
2026/03/22 21:08:58 - __main__ - INFO - 142 - trainer - [26/129] Loss: 6.6450 Loss_contra: 0.0227
2026/03/22 21:09:06 - __main__ - INFO - 142 - trainer - [52/129] Loss: 6.7716 Loss_contra: 0.0188
2026/03/22 21:09:15 - __main__ - INFO - 142 - trainer - [78/129] Loss: 6.7731 Loss_contra: 0.0221
2026/03/22 21:09:24 - __main__ - INFO - 142 - trainer - [104/129] Loss: 6.8007 Loss_contra: 0.0196
2026/03/22 21:09:31 - __main__ - INFO - 152 - trainer - start predicting: 2026-03-22 21:09:31.872480
2026/03/22 21:10:04 - __main__ - INFO - 187 - trainer - {'Best_HR@5': 5.579, 'Best_NDCG@5': 3.9365, 'Best_HR@10': 7.6546, 'Best_NDCG@10': 4.5933, 'Best_HR@20': 10.4808, 'Best_NDCG@20': 5.3101}
2026/03/22 21:10:04 - __main__ - INFO - 188 - trainer - {'Best_epoch_HR@5': 53, 'Best_epoch_NDCG@5': 53, 'Best_epoch_HR@10': 49, 'Best_epoch_NDCG@10': 53, 'Best_epoch_HR@20': 53, 'Best_epoch_NDCG@20': 53}
2026/03/22 21:10:04 - __main__ - INFO - 124 - trainer - Epoch: 54
2026/03/22 21:10:05 - __main__ - INFO - 142 - trainer - [0/129] Loss: 6.7131 Loss_contra: 0.0201
2026/03/22 21:10:13 - __main__ - INFO - 142 - trainer - [26/129] Loss: 6.5907 Loss_contra: 0.0211
2026/03/22 21:10:21 - __main__ - INFO - 142 - trainer - [52/129] Loss: 6.7842 Loss_contra: 0.0213
2026/03/22 21:10:30 - __main__ - INFO - 142 - trainer - [78/129] Loss: 6.7595 Loss_contra: 0.0182
2026/03/22 21:10:38 - __main__ - INFO - 142 - trainer - [104/129] Loss: 6.6606 Loss_contra: 0.0204
2026/03/22 21:10:46 - __main__ - INFO - 152 - trainer - start predicting: 2026-03-22 21:10:46.440540
2026/03/22 21:11:19 - __main__ - INFO - 124 - trainer - Epoch: 55
2026/03/22 21:11:19 - __main__ - INFO - 142 - trainer - [0/129] Loss: 6.5757 Loss_contra: 0.0209
2026/03/22 21:11:28 - __main__ - INFO - 142 - trainer - [26/129] Loss: 6.6246 Loss_contra: 0.0182
2026/03/22 21:11:36 - __main__ - INFO - 142 - trainer - [52/129] Loss: 6.6833 Loss_contra: 0.0214
2026/03/22 21:11:44 - __main__ - INFO - 142 - trainer - [78/129] Loss: 6.6593 Loss_contra: 0.0177
2026/03/22 21:11:52 - __main__ - INFO - 142 - trainer - [104/129] Loss: 6.6290 Loss_contra: 0.0190
2026/03/22 21:12:00 - __main__ - INFO - 152 - trainer - start predicting: 2026-03-22 21:12:00.138590
2026/03/22 21:12:34 - __main__ - INFO - 187 - trainer - {'Best_HR@5': 5.579, 'Best_NDCG@5': 3.9379, 'Best_HR@10': 7.6546, 'Best_NDCG@10': 4.5933, 'Best_HR@20': 10.4808, 'Best_NDCG@20': 5.3208}
2026/03/22 21:12:34 - __main__ - INFO - 188 - trainer - {'Best_epoch_HR@5': 53, 'Best_epoch_NDCG@5': 55, 'Best_epoch_HR@10': 49, 'Best_epoch_NDCG@10': 53, 'Best_epoch_HR@20': 53, 'Best_epoch_NDCG@20': 55}
2026/03/22 21:12:34 - __main__ - INFO - 124 - trainer - Epoch: 56
2026/03/22 21:12:34 - __main__ - INFO - 142 - trainer - [0/129] Loss: 6.5122 Loss_contra: 0.0212
2026/03/22 21:12:42 - __main__ - INFO - 142 - trainer - [26/129] Loss: 6.5962 Loss_contra: 0.0197
2026/03/22 21:12:50 - __main__ - INFO - 142 - trainer - [52/129] Loss: 6.4335 Loss_contra: 0.0177
2026/03/22 21:12:58 - __main__ - INFO - 142 - trainer - [78/129] Loss: 6.4806 Loss_contra: 0.0196
2026/03/22 21:13:06 - __main__ - INFO - 142 - trainer - [104/129] Loss: 6.6506 Loss_contra: 0.0215
2026/03/22 21:13:13 - __main__ - INFO - 152 - trainer - start predicting: 2026-03-22 21:13:13.957777
2026/03/22 21:13:47 - __main__ - INFO - 187 - trainer - {'Best_HR@5': 5.579, 'Best_NDCG@5': 3.9379, 'Best_HR@10': 7.6546, 'Best_NDCG@10': 4.6042, 'Best_HR@20': 10.4808, 'Best_NDCG@20': 5.3208}
2026/03/22 21:13:47 - __main__ - INFO - 188 - trainer - {'Best_epoch_HR@5': 53, 'Best_epoch_NDCG@5': 55, 'Best_epoch_HR@10': 49, 'Best_epoch_NDCG@10': 56, 'Best_epoch_HR@20': 53, 'Best_epoch_NDCG@20': 55}
2026/03/22 21:13:47 - __main__ - INFO - 124 - trainer - Epoch: 57
2026/03/22 21:13:48 - __main__ - INFO - 142 - trainer - [0/129] Loss: 6.5978 Loss_contra: 0.0189
2026/03/22 21:13:57 - __main__ - INFO - 142 - trainer - [26/129] Loss: 6.5877 Loss_contra: 0.0202
2026/03/22 21:14:05 - __main__ - INFO - 142 - trainer - [52/129] Loss: 6.4596 Loss_contra: 0.0182
2026/03/22 21:14:13 - __main__ - INFO - 142 - trainer - [78/129] Loss: 6.5742 Loss_contra: 0.0180
2026/03/22 21:14:22 - __main__ - INFO - 142 - trainer - [104/129] Loss: 6.4867 Loss_contra: 0.0184
2026/03/22 21:14:29 - __main__ - INFO - 152 - trainer - start predicting: 2026-03-22 21:14:29.003765
2026/03/22 21:15:02 - __main__ - INFO - 124 - trainer - Epoch: 58
2026/03/22 21:15:02 - __main__ - INFO - 142 - trainer - [0/129] Loss: 6.4808 Loss_contra: 0.0193
2026/03/22 21:15:11 - __main__ - INFO - 142 - trainer - [26/129] Loss: 6.5865 Loss_contra: 0.0163
2026/03/22 21:15:19 - __main__ - INFO - 142 - trainer - [52/129] Loss: 6.4217 Loss_contra: 0.0183
2026/03/22 21:15:28 - __main__ - INFO - 142 - trainer - [78/129] Loss: 6.4977 Loss_contra: 0.0180
2026/03/22 21:15:36 - __main__ - INFO - 142 - trainer - [104/129] Loss: 6.5902 Loss_contra: 0.0176
2026/03/22 21:15:43 - __main__ - INFO - 152 - trainer - start predicting: 2026-03-22 21:15:43.527442
2026/03/22 21:16:16 - __main__ - INFO - 187 - trainer - {'Best_HR@5': 5.579, 'Best_NDCG@5': 3.974, 'Best_HR@10': 7.6546, 'Best_NDCG@10': 4.6351, 'Best_HR@20': 10.4808, 'Best_NDCG@20': 5.3449}
2026/03/22 21:16:16 - __main__ - INFO - 188 - trainer - {'Best_epoch_HR@5': 53, 'Best_epoch_NDCG@5': 58, 'Best_epoch_HR@10': 49, 'Best_epoch_NDCG@10': 58, 'Best_epoch_HR@20': 53, 'Best_epoch_NDCG@20': 58}
2026/03/22 21:16:16 - __main__ - INFO - 124 - trainer - Epoch: 59
2026/03/22 21:16:16 - __main__ - INFO - 142 - trainer - [0/129] Loss: 6.4430 Loss_contra: 0.0203
2026/03/22 21:16:25 - __main__ - INFO - 142 - trainer - [26/129] Loss: 6.4132 Loss_contra: 0.0179
2026/03/22 21:16:34 - __main__ - INFO - 142 - trainer - [52/129] Loss: 6.4663 Loss_contra: 0.0162
2026/03/22 21:16:42 - __main__ - INFO - 142 - trainer - [78/129] Loss: 6.4235 Loss_contra: 0.0167
2026/03/22 21:16:50 - __main__ - INFO - 142 - trainer - [104/129] Loss: 6.5537 Loss_contra: 0.0168
2026/03/22 21:16:58 - __main__ - INFO - 152 - trainer - start predicting: 2026-03-22 21:16:58.821796
2026/03/22 21:17:31 - __main__ - INFO - 124 - trainer - Epoch: 60
2026/03/22 21:17:31 - __main__ - INFO - 142 - trainer - [0/129] Loss: 6.3621 Loss_contra: 0.0177
2026/03/22 21:17:39 - __main__ - INFO - 142 - trainer - [26/129] Loss: 6.3517 Loss_contra: 0.0176
2026/03/22 21:17:47 - __main__ - INFO - 142 - trainer - [52/129] Loss: 6.3941 Loss_contra: 0.0180
2026/03/22 21:17:55 - __main__ - INFO - 142 - trainer - [78/129] Loss: 6.4899 Loss_contra: 0.0179
2026/03/22 21:18:03 - __main__ - INFO - 142 - trainer - [104/129] Loss: 6.4260 Loss_contra: 0.0175
2026/03/22 21:18:11 - __main__ - INFO - 152 - trainer - start predicting: 2026-03-22 21:18:11.247629
2026/03/22 21:18:44 - __main__ - INFO - 124 - trainer - Epoch: 61
2026/03/22 21:18:44 - __main__ - INFO - 142 - trainer - [0/129] Loss: 6.4306 Loss_contra: 0.0183
2026/03/22 21:18:52 - __main__ - INFO - 142 - trainer - [26/129] Loss: 6.3515 Loss_contra: 0.0160
2026/03/22 21:19:00 - __main__ - INFO - 142 - trainer - [52/129] Loss: 6.3002 Loss_contra: 0.0164
2026/03/22 21:19:08 - __main__ - INFO - 142 - trainer - [78/129] Loss: 6.4727 Loss_contra: 0.0190
2026/03/22 21:19:16 - __main__ - INFO - 142 - trainer - [104/129] Loss: 6.3047 Loss_contra: 0.0154
2026/03/22 21:19:23 - __main__ - INFO - 152 - trainer - start predicting: 2026-03-22 21:19:23.208125
2026/03/22 21:19:56 - __main__ - INFO - 124 - trainer - Epoch: 62
2026/03/22 21:19:57 - __main__ - INFO - 142 - trainer - [0/129] Loss: 6.3645 Loss_contra: 0.0172
2026/03/22 21:20:05 - __main__ - INFO - 142 - trainer - [26/129] Loss: 6.2661 Loss_contra: 0.0154
2026/03/22 21:20:13 - __main__ - INFO - 142 - trainer - [52/129] Loss: 6.3168 Loss_contra: 0.0171
2026/03/22 21:20:20 - __main__ - INFO - 142 - trainer - [78/129] Loss: 6.3414 Loss_contra: 0.0175
2026/03/22 21:20:28 - __main__ - INFO - 142 - trainer - [104/129] Loss: 6.5284 Loss_contra: 0.0160
2026/03/22 21:20:35 - __main__ - INFO - 152 - trainer - start predicting: 2026-03-22 21:20:35.489116
2026/03/22 21:21:08 - __main__ - INFO - 187 - trainer - {'Best_HR@5': 5.6389, 'Best_NDCG@5': 3.9811, 'Best_HR@10': 7.6546, 'Best_NDCG@10': 4.6351, 'Best_HR@20': 10.4808, 'Best_NDCG@20': 5.3449}
2026/03/22 21:21:08 - __main__ - INFO - 188 - trainer - {'Best_epoch_HR@5': 62, 'Best_epoch_NDCG@5': 62, 'Best_epoch_HR@10': 49, 'Best_epoch_NDCG@10': 58, 'Best_epoch_HR@20': 53, 'Best_epoch_NDCG@20': 58}
2026/03/22 21:21:08 - __main__ - INFO - 124 - trainer - Epoch: 63
2026/03/22 21:21:08 - __main__ - INFO - 142 - trainer - [0/129] Loss: 6.2860 Loss_contra: 0.0171
2026/03/22 21:21:17 - __main__ - INFO - 142 - trainer - [26/129] Loss: 6.3842 Loss_contra: 0.0154
2026/03/22 21:21:25 - __main__ - INFO - 142 - trainer - [52/129] Loss: 6.2546 Loss_contra: 0.0156
2026/03/22 21:21:34 - __main__ - INFO - 142 - trainer - [78/129] Loss: 6.2367 Loss_contra: 0.0169
2026/03/22 21:21:42 - __main__ - INFO - 142 - trainer - [104/129] Loss: 6.4456 Loss_contra: 0.0173
2026/03/22 21:21:49 - __main__ - INFO - 152 - trainer - start predicting: 2026-03-22 21:21:49.821652
2026/03/22 21:22:22 - __main__ - INFO - 124 - trainer - Epoch: 64
2026/03/22 21:22:22 - __main__ - INFO - 142 - trainer - [0/129] Loss: 6.1706 Loss_contra: 0.0179
2026/03/22 21:22:31 - __main__ - INFO - 142 - trainer - [26/129] Loss: 6.2818 Loss_contra: 0.0170
2026/03/22 21:22:39 - __main__ - INFO - 142 - trainer - [52/129] Loss: 6.3302 Loss_contra: 0.0157
2026/03/22 21:22:47 - __main__ - INFO - 142 - trainer - [78/129] Loss: 6.3977 Loss_contra: 0.0156
2026/03/22 21:22:55 - __main__ - INFO - 142 - trainer - [104/129] Loss: 6.3517 Loss_contra: 0.0139
2026/03/22 21:23:03 - __main__ - INFO - 152 - trainer - start predicting: 2026-03-22 21:23:03.157019
2026/03/22 21:23:35 - __main__ - INFO - 124 - trainer - Epoch: 65
2026/03/22 21:23:36 - __main__ - INFO - 142 - trainer - [0/129] Loss: 6.0389 Loss_contra: 0.0164
2026/03/22 21:23:44 - __main__ - INFO - 142 - trainer - [26/129] Loss: 6.2810 Loss_contra: 0.0155
2026/03/22 21:23:52 - __main__ - INFO - 142 - trainer - [52/129] Loss: 6.1578 Loss_contra: 0.0204
2026/03/22 21:24:00 - __main__ - INFO - 142 - trainer - [78/129] Loss: 6.3038 Loss_contra: 0.0173
2026/03/22 21:24:08 - __main__ - INFO - 142 - trainer - [104/129] Loss: 6.2847 Loss_contra: 0.0177
2026/03/22 21:24:16 - __main__ - INFO - 152 - trainer - start predicting: 2026-03-22 21:24:16.259479
2026/03/22 21:24:49 - __main__ - INFO - 124 - trainer - Epoch: 66
2026/03/22 21:24:49 - __main__ - INFO - 142 - trainer - [0/129] Loss: 6.1282 Loss_contra: 0.0152
2026/03/22 21:24:57 - __main__ - INFO - 142 - trainer - [26/129] Loss: 6.2238 Loss_contra: 0.0164
2026/03/22 21:25:05 - __main__ - INFO - 142 - trainer - [52/129] Loss: 6.0300 Loss_contra: 0.0169
2026/03/22 21:25:12 - __main__ - INFO - 142 - trainer - [78/129] Loss: 6.3408 Loss_contra: 0.0152
2026/03/22 21:25:20 - __main__ - INFO - 142 - trainer - [104/129] Loss: 6.1615 Loss_contra: 0.0160
2026/03/22 21:25:27 - __main__ - INFO - 152 - trainer - start predicting: 2026-03-22 21:25:27.561346
2026/03/22 21:26:00 - __main__ - INFO - 124 - trainer - Epoch: 67
2026/03/22 21:26:01 - __main__ - INFO - 142 - trainer - [0/129] Loss: 6.2303 Loss_contra: 0.0168
2026/03/22 21:26:09 - __main__ - INFO - 142 - trainer - [26/129] Loss: 6.1033 Loss_contra: 0.0145
2026/03/22 21:26:17 - __main__ - INFO - 142 - trainer - [52/129] Loss: 6.0756 Loss_contra: 0.0133
2026/03/22 21:26:26 - __main__ - INFO - 142 - trainer - [78/129] Loss: 6.0754 Loss_contra: 0.0155
2026/03/22 21:26:33 - __main__ - INFO - 142 - trainer - [104/129] Loss: 6.2713 Loss_contra: 0.0170
2026/03/22 21:26:41 - __main__ - INFO - 152 - trainer - start predicting: 2026-03-22 21:26:41.099401
2026/03/22 21:27:14 - __main__ - INFO - 124 - trainer - Epoch: 68
2026/03/22 21:27:14 - __main__ - INFO - 142 - trainer - [0/129] Loss: 6.0423 Loss_contra: 0.0160
2026/03/22 21:27:23 - __main__ - INFO - 142 - trainer - [26/129] Loss: 5.9930 Loss_contra: 0.0124
2026/03/22 21:27:31 - __main__ - INFO - 142 - trainer - [52/129] Loss: 5.9695 Loss_contra: 0.0164
2026/03/22 21:27:40 - __main__ - INFO - 142 - trainer - [78/129] Loss: 6.1411 Loss_contra: 0.0154
2026/03/22 21:27:49 - __main__ - INFO - 142 - trainer - [104/129] Loss: 6.2281 Loss_contra: 0.0130
2026/03/22 21:27:56 - __main__ - INFO - 152 - trainer - start predicting: 2026-03-22 21:27:56.923449
2026/03/22 21:28:30 - __main__ - INFO - 124 - trainer - Epoch: 69
2026/03/22 21:28:31 - __main__ - INFO - 142 - trainer - [0/129] Loss: 6.0533 Loss_contra: 0.0143
2026/03/22 21:28:39 - __main__ - INFO - 142 - trainer - [26/129] Loss: 6.0352 Loss_contra: 0.0155
2026/03/22 21:28:48 - __main__ - INFO - 142 - trainer - [52/129] Loss: 6.1137 Loss_contra: 0.0158
2026/03/22 21:28:57 - __main__ - INFO - 142 - trainer - [78/129] Loss: 6.0016 Loss_contra: 0.0152
2026/03/22 21:29:05 - __main__ - INFO - 142 - trainer - [104/129] Loss: 6.1164 Loss_contra: 0.0147
2026/03/22 21:29:13 - __main__ - INFO - 152 - trainer - start predicting: 2026-03-22 21:29:13.564931
2026/03/22 21:29:45 - __main__ - INFO - 187 - trainer - {'Best_HR@5': 5.6389, 'Best_NDCG@5': 3.9811, 'Best_HR@10': 7.7309, 'Best_NDCG@10': 4.648, 'Best_HR@20': 10.4808, 'Best_NDCG@20': 5.3449}
2026/03/22 21:29:45 - __main__ - INFO - 188 - trainer - {'Best_epoch_HR@5': 62, 'Best_epoch_NDCG@5': 62, 'Best_epoch_HR@10': 69, 'Best_epoch_NDCG@10': 69, 'Best_epoch_HR@20': 53, 'Best_epoch_NDCG@20': 58}
2026/03/22 21:29:45 - __main__ - INFO - 124 - trainer - Epoch: 70
2026/03/22 21:29:45 - __main__ - INFO - 142 - trainer - [0/129] Loss: 5.9689 Loss_contra: 0.0176
2026/03/22 21:29:53 - __main__ - INFO - 142 - trainer - [26/129] Loss: 5.7228 Loss_contra: 0.0143
2026/03/22 21:30:00 - __main__ - INFO - 142 - trainer - [52/129] Loss: 6.1556 Loss_contra: 0.0159
2026/03/22 21:30:09 - __main__ - INFO - 142 - trainer - [78/129] Loss: 6.1102 Loss_contra: 0.0166
2026/03/22 21:30:18 - __main__ - INFO - 142 - trainer - [104/129] Loss: 6.1381 Loss_contra: 0.0138
2026/03/22 21:30:25 - __main__ - INFO - 152 - trainer - start predicting: 2026-03-22 21:30:25.396572
2026/03/22 21:30:58 - __main__ - INFO - 124 - trainer - Epoch: 71
2026/03/22 21:30:58 - __main__ - INFO - 142 - trainer - [0/129] Loss: 5.9144 Loss_contra: 0.0141
2026/03/22 21:31:06 - __main__ - INFO - 142 - trainer - [26/129] Loss: 5.8718 Loss_contra: 0.0148
2026/03/22 21:31:14 - __main__ - INFO - 142 - trainer - [52/129] Loss: 6.1177 Loss_contra: 0.0142
2026/03/22 21:31:21 - __main__ - INFO - 142 - trainer - [78/129] Loss: 5.9440 Loss_contra: 0.0134
2026/03/22 21:31:29 - __main__ - INFO - 142 - trainer - [104/129] Loss: 5.9798 Loss_contra: 0.0160
2026/03/22 21:31:36 - __main__ - INFO - 152 - trainer - start predicting: 2026-03-22 21:31:36.403547
2026/03/22 21:32:09 - __main__ - INFO - 187 - trainer - {'Best_HR@5': 5.7004, 'Best_NDCG@5': 4.0359, 'Best_HR@10': 7.7309, 'Best_NDCG@10': 4.6776, 'Best_HR@20': 10.5328, 'Best_NDCG@20': 5.3935}
2026/03/22 21:32:09 - __main__ - INFO - 188 - trainer - {'Best_epoch_HR@5': 71, 'Best_epoch_NDCG@5': 71, 'Best_epoch_HR@10': 69, 'Best_epoch_NDCG@10': 71, 'Best_epoch_HR@20': 71, 'Best_epoch_NDCG@20': 71}
2026/03/22 21:32:09 - __main__ - INFO - 124 - trainer - Epoch: 72
2026/03/22 21:32:09 - __main__ - INFO - 142 - trainer - [0/129] Loss: 6.0133 Loss_contra: 0.0141
2026/03/22 21:32:18 - __main__ - INFO - 142 - trainer - [26/129] Loss: 5.9379 Loss_contra: 0.0138
2026/03/22 21:32:26 - __main__ - INFO - 142 - trainer - [52/129] Loss: 6.0002 Loss_contra: 0.0138
2026/03/22 21:32:34 - __main__ - INFO - 142 - trainer - [78/129] Loss: 5.8750 Loss_contra: 0.0157
2026/03/22 21:32:42 - __main__ - INFO - 142 - trainer - [104/129] Loss: 5.9060 Loss_contra: 0.0137
2026/03/22 21:32:48 - __main__ - INFO - 152 - trainer - start predicting: 2026-03-22 21:32:48.790148
2026/03/22 21:33:20 - __main__ - INFO - 124 - trainer - Epoch: 73
2026/03/22 21:33:21 - __main__ - INFO - 142 - trainer - [0/129] Loss: 5.9471 Loss_contra: 0.0145
2026/03/22 21:33:29 - __main__ - INFO - 142 - trainer - [26/129] Loss: 5.8476 Loss_contra: 0.0135
2026/03/22 21:33:37 - __main__ - INFO - 142 - trainer - [52/129] Loss: 6.1441 Loss_contra: 0.0129
2026/03/22 21:33:44 - __main__ - INFO - 142 - trainer - [78/129] Loss: 6.0253 Loss_contra: 0.0142
2026/03/22 21:33:52 - __main__ - INFO - 142 - trainer - [104/129] Loss: 6.1085 Loss_contra: 0.0129
2026/03/22 21:34:00 - __main__ - INFO - 152 - trainer - start predicting: 2026-03-22 21:34:00.317840
2026/03/22 21:34:33 - __main__ - INFO - 124 - trainer - Epoch: 74
2026/03/22 21:34:33 - __main__ - INFO - 142 - trainer - [0/129] Loss: 5.7920 Loss_contra: 0.0152
2026/03/22 21:34:40 - __main__ - INFO - 142 - trainer - [26/129] Loss: 5.9233 Loss_contra: 0.0153
2026/03/22 21:34:48 - __main__ - INFO - 142 - trainer - [52/129] Loss: 5.8713 Loss_contra: 0.0132
2026/03/22 21:34:55 - __main__ - INFO - 142 - trainer - [78/129] Loss: 6.0152 Loss_contra: 0.0143
2026/03/22 21:35:03 - __main__ - INFO - 142 - trainer - [104/129] Loss: 5.9155 Loss_contra: 0.0153
2026/03/22 21:35:11 - __main__ - INFO - 152 - trainer - start predicting: 2026-03-22 21:35:11.268665
2026/03/22 21:35:43 - __main__ - INFO - 124 - trainer - Epoch: 75
2026/03/22 21:35:43 - __main__ - INFO - 142 - trainer - [0/129] Loss: 5.6620 Loss_contra: 0.0136
2026/03/22 21:35:50 - __main__ - INFO - 142 - trainer - [26/129] Loss: 5.7726 Loss_contra: 0.0134
2026/03/22 21:35:58 - __main__ - INFO - 142 - trainer - [52/129] Loss: 5.8041 Loss_contra: 0.0133
2026/03/22 21:36:05 - __main__ - INFO - 142 - trainer - [78/129] Loss: 5.8212 Loss_contra: 0.0153
2026/03/22 21:36:13 - __main__ - INFO - 142 - trainer - [104/129] Loss: 6.0558 Loss_contra: 0.0126
2026/03/22 21:36:19 - __main__ - INFO - 152 - trainer - start predicting: 2026-03-22 21:36:19.516289
2026/03/22 21:36:52 - __main__ - INFO - 124 - trainer - Epoch: 76
2026/03/22 21:36:52 - __main__ - INFO - 142 - trainer - [0/129] Loss: 5.6131 Loss_contra: 0.0164
2026/03/22 21:37:00 - __main__ - INFO - 142 - trainer - [26/129] Loss: 5.7757 Loss_contra: 0.0123
2026/03/22 21:37:09 - __main__ - INFO - 142 - trainer - [52/129] Loss: 5.7868 Loss_contra: 0.0136
2026/03/22 21:37:16 - __main__ - INFO - 142 - trainer - [78/129] Loss: 5.9550 Loss_contra: 0.0158
2026/03/22 21:37:24 - __main__ - INFO - 142 - trainer - [104/129] Loss: 5.9429 Loss_contra: 0.0154
2026/03/22 21:37:31 - __main__ - INFO - 152 - trainer - start predicting: 2026-03-22 21:37:31.396198
2026/03/22 21:38:04 - __main__ - INFO - 124 - trainer - Epoch: 77
2026/03/22 21:38:05 - __main__ - INFO - 142 - trainer - [0/129] Loss: 5.6442 Loss_contra: 0.0136
2026/03/22 21:38:12 - __main__ - INFO - 142 - trainer - [26/129] Loss: 5.6849 Loss_contra: 0.0124
2026/03/22 21:38:20 - __main__ - INFO - 142 - trainer - [52/129] Loss: 5.9656 Loss_contra: 0.0143
2026/03/22 21:38:28 - __main__ - INFO - 142 - trainer - [78/129] Loss: 5.7234 Loss_contra: 0.0143
2026/03/22 21:38:36 - __main__ - INFO - 142 - trainer - [104/129] Loss: 5.7033 Loss_contra: 0.0142
2026/03/22 21:38:43 - __main__ - INFO - 152 - trainer - start predicting: 2026-03-22 21:38:43.315703
2026/03/22 21:39:15 - __main__ - INFO - 124 - trainer - Epoch: 78
2026/03/22 21:39:16 - __main__ - INFO - 142 - trainer - [0/129] Loss: 5.4252 Loss_contra: 0.0133
2026/03/22 21:39:23 - __main__ - INFO - 142 - trainer - [26/129] Loss: 5.5854 Loss_contra: 0.0118
2026/03/22 21:39:31 - __main__ - INFO - 142 - trainer - [52/129] Loss: 5.7084 Loss_contra: 0.0135
2026/03/22 21:39:39 - __main__ - INFO - 142 - trainer - [78/129] Loss: 5.6112 Loss_contra: 0.0133
2026/03/22 21:39:47 - __main__ - INFO - 142 - trainer - [104/129] Loss: 5.9613 Loss_contra: 0.0127
2026/03/22 21:39:54 - __main__ - INFO - 152 - trainer - start predicting: 2026-03-22 21:39:54.840583
2026/03/22 21:40:27 - __main__ - INFO - 124 - trainer - Epoch: 79
2026/03/22 21:40:27 - __main__ - INFO - 142 - trainer - [0/129] Loss: 5.6147 Loss_contra: 0.0155
2026/03/22 21:40:35 - __main__ - INFO - 142 - trainer - [26/129] Loss: 5.7920 Loss_contra: 0.0125
2026/03/22 21:40:43 - __main__ - INFO - 142 - trainer - [52/129] Loss: 5.6777 Loss_contra: 0.0154
2026/03/22 21:40:50 - __main__ - INFO - 142 - trainer - [78/129] Loss: 5.7280 Loss_contra: 0.0139
2026/03/22 21:40:58 - __main__ - INFO - 142 - trainer - [104/129] Loss: 5.9039 Loss_contra: 0.0124
2026/03/22 21:41:04 - __main__ - INFO - 152 - trainer - start predicting: 2026-03-22 21:41:04.966480
2026/03/22 21:41:38 - __main__ - INFO - 124 - trainer - Epoch: 80
2026/03/22 21:41:38 - __main__ - INFO - 142 - trainer - [0/129] Loss: 5.6403 Loss_contra: 0.0135
2026/03/22 21:41:47 - __main__ - INFO - 142 - trainer - [26/129] Loss: 5.7173 Loss_contra: 0.0112
2026/03/22 21:41:54 - __main__ - INFO - 142 - trainer - [52/129] Loss: 5.7363 Loss_contra: 0.0136
2026/03/22 21:42:02 - __main__ - INFO - 142 - trainer - [78/129] Loss: 5.6545 Loss_contra: 0.0127
2026/03/22 21:42:09 - __main__ - INFO - 142 - trainer - [104/129] Loss: 5.7452 Loss_contra: 0.0124
2026/03/22 21:42:16 - __main__ - INFO - 152 - trainer - start predicting: 2026-03-22 21:42:16.828842
2026/03/22 21:42:50 - __main__ - INFO - 124 - trainer - Epoch: 81
2026/03/22 21:42:50 - __main__ - INFO - 142 - trainer - [0/129] Loss: 5.4812 Loss_contra: 0.0128
2026/03/22 21:42:58 - __main__ - INFO - 142 - trainer - [26/129] Loss: 5.6249 Loss_contra: 0.0126
2026/03/22 21:43:06 - __main__ - INFO - 142 - trainer - [52/129] Loss: 5.5720 Loss_contra: 0.0135
2026/03/22 21:43:13 - __main__ - INFO - 142 - trainer - [78/129] Loss: 5.6191 Loss_contra: 0.0145
2026/03/22 21:43:21 - __main__ - INFO - 142 - trainer - [104/129] Loss: 5.7586 Loss_contra: 0.0136
2026/03/22 21:43:29 - __main__ - INFO - 152 - trainer - start predicting: 2026-03-22 21:43:29.072377
2026/03/22 21:44:01 - __main__ - INFO - 195 - trainer - {'Best_HR@5': 5.7004, 'Best_NDCG@5': 4.0359, 'Best_HR@10': 7.7309, 'Best_NDCG@10': 4.6776, 'Best_HR@20': 10.5328, 'Best_NDCG@20': 5.3935}
2026/03/22 21:44:01 - __main__ - INFO - 196 - trainer - {'Best_epoch_HR@5': 71, 'Best_epoch_NDCG@5': 71, 'Best_epoch_HR@10': 69, 'Best_epoch_NDCG@10': 71, 'Best_epoch_HR@20': 71, 'Best_epoch_NDCG@20': 71}
2026/03/22 21:44:34 - __main__ - INFO - 223 - trainer - Test------------------------------------------------------
2026/03/22 21:44:34 - __main__ - INFO - 225 - trainer - {'HR@5': 4.1173, 'NDCG@5': 3.0205, 'HR@10': 5.9114, 'NDCG@10': 3.6016, 'HR@20': 8.2933, 'NDCG@20': 4.2033}
2026/03/22 21:44:34 - __main__ - INFO - 227 - trainer - Best Eval---------------------------------------------------------
2026/03/22 21:44:34 - __main__ - INFO - 230 - trainer - {'Best_HR@5': 5.7004, 'Best_NDCG@5': 4.0359, 'Best_HR@10': 7.7309, 'Best_NDCG@10': 4.6776, 'Best_HR@20': 10.5328, 'Best_NDCG@20': 5.3935}
2026/03/22 21:44:34 - __main__ - INFO - 231 - trainer - {'Best_epoch_HR@5': 71, 'Best_epoch_NDCG@5': 71, 'Best_epoch_HR@10': 69, 'Best_epoch_NDCG@10': 71, 'Best_epoch_HR@20': 71, 'Best_epoch_NDCG@20': 71}
