2026/03/22 19:59:40 - __main__ - INFO - 168 - main - Namespace(batch_size=1024, dataset='amazon_beauty', decay_step=100, description='Diffu_norm_score', device='cuda', diffusion_steps=32, diversity_measure=False, dropout=0.1, emb_dropout=0.3, epoch_time_avg=False, epochs=300, eval_interval=1, gamma=0.1, hidden_act='gelu', hidden_size=128, item_num=12101, lambda_contra=1, lambda_history=1, lambda_intent=1, log_file='log/', long_head=False, loss_lambda=0.001, lr=0.001, max_len=50, metric_ks=[5, 10, 20], momentum=None, noise_schedule='trunc_lin', num_blocks=4, num_cluster=2, num_gpu=1, num_hidden_layers=1, num_iter=20, optimizer='Adam', patience=10, random_seed=1997, rep_pad=True, rep_pad_delimiter=False, rep_pad_fixed_num=1, rep_pad_mode='rand_0_max', rescale_timesteps=True, schedule_sampler_name='lossaware', weight_decay=0)
2026/03/22 19:59:42 - __main__ - INFO - 124 - trainer - Epoch: 0
2026/03/22 19:59:44 - __main__ - INFO - 142 - trainer - [0/129] Loss: 53.3085 Loss_contra: 0.0122
2026/03/22 19:59:53 - __main__ - INFO - 142 - trainer - [26/129] Loss: 38.0218 Loss_contra: 3.1664
2026/03/22 20:00:02 - __main__ - INFO - 142 - trainer - [52/129] Loss: 33.8869 Loss_contra: 3.3461
2026/03/22 20:00:10 - __main__ - INFO - 142 - trainer - [78/129] Loss: 30.6832 Loss_contra: 3.4367
2026/03/22 20:00:19 - __main__ - INFO - 142 - trainer - [104/129] Loss: 28.3257 Loss_contra: 3.3861
2026/03/22 20:00:27 - __main__ - INFO - 124 - trainer - Epoch: 1
2026/03/22 20:00:27 - __main__ - INFO - 142 - trainer - [0/129] Loss: 26.4867 Loss_contra: 3.2344
2026/03/22 20:00:36 - __main__ - INFO - 142 - trainer - [26/129] Loss: 25.2013 Loss_contra: 3.1300
2026/03/22 20:00:45 - __main__ - INFO - 142 - trainer - [52/129] Loss: 24.0194 Loss_contra: 2.9781
2026/03/22 20:00:53 - __main__ - INFO - 142 - trainer - [78/129] Loss: 22.5143 Loss_contra: 2.7981
2026/03/22 20:01:02 - __main__ - INFO - 142 - trainer - [104/129] Loss: 20.8969 Loss_contra: 2.5792
2026/03/22 20:01:09 - __main__ - INFO - 152 - trainer - start predicting: 2026-03-22 20:01:09.461205
2026/03/22 20:01:51 - __main__ - INFO - 187 - trainer - {'Best_HR@5': 0.3835, 'Best_NDCG@5': 0.2092, 'Best_HR@10': 0.9523, 'Best_NDCG@10': 0.3914, 'Best_HR@20': 1.5355, 'Best_NDCG@20': 0.5373}
2026/03/22 20:01:51 - __main__ - INFO - 188 - trainer - {'Best_epoch_HR@5': 1, 'Best_epoch_NDCG@5': 1, 'Best_epoch_HR@10': 1, 'Best_epoch_NDCG@10': 1, 'Best_epoch_HR@20': 1, 'Best_epoch_NDCG@20': 1}
2026/03/22 20:01:51 - __main__ - INFO - 124 - trainer - Epoch: 2
2026/03/22 20:01:51 - __main__ - INFO - 142 - trainer - [0/129] Loss: 19.5702 Loss_contra: 2.3908
2026/03/22 20:02:00 - __main__ - INFO - 142 - trainer - [26/129] Loss: 18.8556 Loss_contra: 2.1452
2026/03/22 20:02:09 - __main__ - INFO - 142 - trainer - [52/129] Loss: 17.5702 Loss_contra: 1.8339
2026/03/22 20:02:17 - __main__ - INFO - 142 - trainer - [78/129] Loss: 16.2932 Loss_contra: 1.4315
2026/03/22 20:02:26 - __main__ - INFO - 142 - trainer - [104/129] Loss: 15.0017 Loss_contra: 1.0078
2026/03/22 20:02:34 - __main__ - INFO - 152 - trainer - start predicting: 2026-03-22 20:02:34.314449
2026/03/22 20:03:15 - __main__ - INFO - 187 - trainer - {'Best_HR@5': 0.6076, 'Best_NDCG@5': 0.3315, 'Best_HR@10': 1.0122, 'Best_NDCG@10': 0.4614, 'Best_HR@20': 1.6202, 'Best_NDCG@20': 0.6145}
2026/03/22 20:03:15 - __main__ - INFO - 188 - trainer - {'Best_epoch_HR@5': 2, 'Best_epoch_NDCG@5': 2, 'Best_epoch_HR@10': 2, 'Best_epoch_NDCG@10': 2, 'Best_epoch_HR@20': 2, 'Best_epoch_NDCG@20': 2}
2026/03/22 20:03:15 - __main__ - INFO - 124 - trainer - Epoch: 3
2026/03/22 20:03:15 - __main__ - INFO - 142 - trainer - [0/129] Loss: 13.8541 Loss_contra: 0.6094
2026/03/22 20:03:24 - __main__ - INFO - 142 - trainer - [26/129] Loss: 13.0798 Loss_contra: 0.2887
2026/03/22 20:03:32 - __main__ - INFO - 142 - trainer - [52/129] Loss: 12.1941 Loss_contra: 0.1218
2026/03/22 20:03:41 - __main__ - INFO - 142 - trainer - [78/129] Loss: 11.5289 Loss_contra: 0.0518
2026/03/22 20:03:49 - __main__ - INFO - 142 - trainer - [104/129] Loss: 11.0014 Loss_contra: 0.0265
2026/03/22 20:03:57 - __main__ - INFO - 152 - trainer - start predicting: 2026-03-22 20:03:57.511981
2026/03/22 20:04:39 - __main__ - INFO - 124 - trainer - Epoch: 4
2026/03/22 20:04:39 - __main__ - INFO - 142 - trainer - [0/129] Loss: 10.8753 Loss_contra: 0.0233
2026/03/22 20:04:48 - __main__ - INFO - 142 - trainer - [26/129] Loss: 10.7748 Loss_contra: 0.0225
2026/03/22 20:04:56 - __main__ - INFO - 142 - trainer - [52/129] Loss: 10.6363 Loss_contra: 0.0232
2026/03/22 20:05:05 - __main__ - INFO - 142 - trainer - [78/129] Loss: 10.4230 Loss_contra: 0.0203
2026/03/22 20:05:13 - __main__ - INFO - 142 - trainer - [104/129] Loss: 10.4354 Loss_contra: 0.0243
2026/03/22 20:05:21 - __main__ - INFO - 152 - trainer - start predicting: 2026-03-22 20:05:21.488471
2026/03/22 20:06:00 - __main__ - INFO - 124 - trainer - Epoch: 5
2026/03/22 20:06:01 - __main__ - INFO - 142 - trainer - [0/129] Loss: 10.3019 Loss_contra: 0.0267
2026/03/22 20:06:08 - __main__ - INFO - 142 - trainer - [26/129] Loss: 10.1839 Loss_contra: 0.0233
2026/03/22 20:06:15 - __main__ - INFO - 142 - trainer - [52/129] Loss: 10.1635 Loss_contra: 0.0286
2026/03/22 20:06:23 - __main__ - INFO - 142 - trainer - [78/129] Loss: 10.1140 Loss_contra: 0.0258
2026/03/22 20:06:31 - __main__ - INFO - 142 - trainer - [104/129] Loss: 9.9448 Loss_contra: 0.0268
2026/03/22 20:06:38 - __main__ - INFO - 152 - trainer - start predicting: 2026-03-22 20:06:38.930023
2026/03/22 20:07:13 - __main__ - INFO - 187 - trainer - {'Best_HR@5': 0.6779, 'Best_NDCG@5': 0.4658, 'Best_HR@10': 1.0122, 'Best_NDCG@10': 0.565, 'Best_HR@20': 1.6202, 'Best_NDCG@20': 0.683}
2026/03/22 20:07:13 - __main__ - INFO - 188 - trainer - {'Best_epoch_HR@5': 5, 'Best_epoch_NDCG@5': 5, 'Best_epoch_HR@10': 2, 'Best_epoch_NDCG@10': 5, 'Best_epoch_HR@20': 2, 'Best_epoch_NDCG@20': 5}
2026/03/22 20:07:13 - __main__ - INFO - 124 - trainer - Epoch: 6
2026/03/22 20:07:13 - __main__ - INFO - 142 - trainer - [0/129] Loss: 9.9195 Loss_contra: 0.0316
2026/03/22 20:07:21 - __main__ - INFO - 142 - trainer - [26/129] Loss: 9.8251 Loss_contra: 0.0356
2026/03/22 20:07:29 - __main__ - INFO - 142 - trainer - [52/129] Loss: 9.8038 Loss_contra: 0.0316
2026/03/22 20:07:37 - __main__ - INFO - 142 - trainer - [78/129] Loss: 9.7492 Loss_contra: 0.0380
2026/03/22 20:07:44 - __main__ - INFO - 142 - trainer - [104/129] Loss: 9.7079 Loss_contra: 0.0346
2026/03/22 20:07:51 - __main__ - INFO - 152 - trainer - start predicting: 2026-03-22 20:07:51.488899
2026/03/22 20:08:26 - __main__ - INFO - 187 - trainer - {'Best_HR@5': 1.0725, 'Best_NDCG@5': 0.7194, 'Best_HR@10': 1.4455, 'Best_NDCG@10': 0.8394, 'Best_HR@20': 1.9971, 'Best_NDCG@20': 0.9783}
2026/03/22 20:08:26 - __main__ - INFO - 188 - trainer - {'Best_epoch_HR@5': 6, 'Best_epoch_NDCG@5': 6, 'Best_epoch_HR@10': 6, 'Best_epoch_NDCG@10': 6, 'Best_epoch_HR@20': 6, 'Best_epoch_NDCG@20': 6}
2026/03/22 20:08:26 - __main__ - INFO - 124 - trainer - Epoch: 7
2026/03/22 20:08:26 - __main__ - INFO - 142 - trainer - [0/129] Loss: 9.6864 Loss_contra: 0.0425
2026/03/22 20:08:34 - __main__ - INFO - 142 - trainer - [26/129] Loss: 9.6223 Loss_contra: 0.0386
2026/03/22 20:08:42 - __main__ - INFO - 142 - trainer - [52/129] Loss: 9.6202 Loss_contra: 0.0500
2026/03/22 20:08:49 - __main__ - INFO - 142 - trainer - [78/129] Loss: 9.5877 Loss_contra: 0.0484
2026/03/22 20:08:57 - __main__ - INFO - 142 - trainer - [104/129] Loss: 9.5446 Loss_contra: 0.0519
2026/03/22 20:09:04 - __main__ - INFO - 152 - trainer - start predicting: 2026-03-22 20:09:04.397415
2026/03/22 20:09:38 - __main__ - INFO - 187 - trainer - {'Best_HR@5': 1.4714, 'Best_NDCG@5': 0.967, 'Best_HR@10': 1.9438, 'Best_NDCG@10': 1.1194, 'Best_HR@20': 2.5227, 'Best_NDCG@20': 1.266}
2026/03/22 20:09:38 - __main__ - INFO - 188 - trainer - {'Best_epoch_HR@5': 7, 'Best_epoch_NDCG@5': 7, 'Best_epoch_HR@10': 7, 'Best_epoch_NDCG@10': 7, 'Best_epoch_HR@20': 7, 'Best_epoch_NDCG@20': 7}
2026/03/22 20:09:38 - __main__ - INFO - 124 - trainer - Epoch: 8
2026/03/22 20:09:39 - __main__ - INFO - 142 - trainer - [0/129] Loss: 9.5227 Loss_contra: 0.0458
2026/03/22 20:09:46 - __main__ - INFO - 142 - trainer - [26/129] Loss: 9.4246 Loss_contra: 0.0510
2026/03/22 20:09:53 - __main__ - INFO - 142 - trainer - [52/129] Loss: 9.4527 Loss_contra: 0.0508
2026/03/22 20:10:00 - __main__ - INFO - 142 - trainer - [78/129] Loss: 9.4326 Loss_contra: 0.0537
2026/03/22 20:10:07 - __main__ - INFO - 142 - trainer - [104/129] Loss: 9.3836 Loss_contra: 0.0615
2026/03/22 20:10:14 - __main__ - INFO - 152 - trainer - start predicting: 2026-03-22 20:10:14.487788
2026/03/22 20:10:48 - __main__ - INFO - 187 - trainer - {'Best_HR@5': 1.6078, 'Best_NDCG@5': 1.1355, 'Best_HR@10': 2.2639, 'Best_NDCG@10': 1.3472, 'Best_HR@20': 2.9562, 'Best_NDCG@20': 1.5239}
2026/03/22 20:10:48 - __main__ - INFO - 188 - trainer - {'Best_epoch_HR@5': 8, 'Best_epoch_NDCG@5': 8, 'Best_epoch_HR@10': 8, 'Best_epoch_NDCG@10': 8, 'Best_epoch_HR@20': 8, 'Best_epoch_NDCG@20': 8}
2026/03/22 20:10:48 - __main__ - INFO - 124 - trainer - Epoch: 9
2026/03/22 20:10:49 - __main__ - INFO - 142 - trainer - [0/129] Loss: 9.3383 Loss_contra: 0.0467
2026/03/22 20:10:56 - __main__ - INFO - 142 - trainer - [26/129] Loss: 9.2745 Loss_contra: 0.0449
2026/03/22 20:11:03 - __main__ - INFO - 142 - trainer - [52/129] Loss: 9.3151 Loss_contra: 0.0513
2026/03/22 20:11:10 - __main__ - INFO - 142 - trainer - [78/129] Loss: 9.2622 Loss_contra: 0.0520
2026/03/22 20:11:18 - __main__ - INFO - 142 - trainer - [104/129] Loss: 9.2299 Loss_contra: 0.0539
2026/03/22 20:11:25 - __main__ - INFO - 152 - trainer - start predicting: 2026-03-22 20:11:25.479246
2026/03/22 20:12:00 - __main__ - INFO - 187 - trainer - {'Best_HR@5': 2.0266, 'Best_NDCG@5': 1.3824, 'Best_HR@10': 2.6603, 'Best_NDCG@10': 1.5867, 'Best_HR@20': 3.4615, 'Best_NDCG@20': 1.7883}
2026/03/22 20:12:00 - __main__ - INFO - 188 - trainer - {'Best_epoch_HR@5': 9, 'Best_epoch_NDCG@5': 9, 'Best_epoch_HR@10': 9, 'Best_epoch_NDCG@10': 9, 'Best_epoch_HR@20': 9, 'Best_epoch_NDCG@20': 9}
2026/03/22 20:12:00 - __main__ - INFO - 124 - trainer - Epoch: 10
2026/03/22 20:12:00 - __main__ - INFO - 142 - trainer - [0/129] Loss: 9.1784 Loss_contra: 0.0489
2026/03/22 20:12:08 - __main__ - INFO - 142 - trainer - [26/129] Loss: 9.1635 Loss_contra: 0.0484
2026/03/22 20:12:15 - __main__ - INFO - 142 - trainer - [52/129] Loss: 9.1060 Loss_contra: 0.0587
2026/03/22 20:12:22 - __main__ - INFO - 142 - trainer - [78/129] Loss: 9.0078 Loss_contra: 0.0654
2026/03/22 20:12:30 - __main__ - INFO - 142 - trainer - [104/129] Loss: 9.0502 Loss_contra: 0.0656
2026/03/22 20:12:37 - __main__ - INFO - 152 - trainer - start predicting: 2026-03-22 20:12:37.625845
2026/03/22 20:13:11 - __main__ - INFO - 187 - trainer - {'Best_HR@5': 2.1332, 'Best_NDCG@5': 1.4823, 'Best_HR@10': 2.8422, 'Best_NDCG@10': 1.7124, 'Best_HR@20': 3.7043, 'Best_NDCG@20': 1.9298}
2026/03/22 20:13:11 - __main__ - INFO - 188 - trainer - {'Best_epoch_HR@5': 10, 'Best_epoch_NDCG@5': 10, 'Best_epoch_HR@10': 10, 'Best_epoch_NDCG@10': 10, 'Best_epoch_HR@20': 10, 'Best_epoch_NDCG@20': 10}
2026/03/22 20:13:11 - __main__ - INFO - 124 - trainer - Epoch: 11
2026/03/22 20:13:11 - __main__ - INFO - 142 - trainer - [0/129] Loss: 8.9837 Loss_contra: 0.0748
2026/03/22 20:13:18 - __main__ - INFO - 142 - trainer - [26/129] Loss: 8.9420 Loss_contra: 0.0649
2026/03/22 20:13:25 - __main__ - INFO - 142 - trainer - [52/129] Loss: 8.9074 Loss_contra: 0.0648
2026/03/22 20:13:33 - __main__ - INFO - 142 - trainer - [78/129] Loss: 8.9614 Loss_contra: 0.0521
2026/03/22 20:13:42 - __main__ - INFO - 142 - trainer - [104/129] Loss: 8.9573 Loss_contra: 0.0588
2026/03/22 20:13:50 - __main__ - INFO - 152 - trainer - start predicting: 2026-03-22 20:13:50.468300
2026/03/22 20:14:33 - __main__ - INFO - 187 - trainer - {'Best_HR@5': 2.4009, 'Best_NDCG@5': 1.6606, 'Best_HR@10': 3.2389, 'Best_NDCG@10': 1.9334, 'Best_HR@20': 4.1449, 'Best_NDCG@20': 2.1619}
2026/03/22 20:14:33 - __main__ - INFO - 188 - trainer - {'Best_epoch_HR@5': 11, 'Best_epoch_NDCG@5': 11, 'Best_epoch_HR@10': 11, 'Best_epoch_NDCG@10': 11, 'Best_epoch_HR@20': 11, 'Best_epoch_NDCG@20': 11}
2026/03/22 20:14:33 - __main__ - INFO - 124 - trainer - Epoch: 12
2026/03/22 20:14:34 - __main__ - INFO - 142 - trainer - [0/129] Loss: 8.8894 Loss_contra: 0.0651
2026/03/22 20:14:43 - __main__ - INFO - 142 - trainer - [26/129] Loss: 8.8668 Loss_contra: 0.0554
2026/03/22 20:14:52 - __main__ - INFO - 142 - trainer - [52/129] Loss: 8.8275 Loss_contra: 0.0534
2026/03/22 20:15:01 - __main__ - INFO - 142 - trainer - [78/129] Loss: 8.9805 Loss_contra: 0.0557
2026/03/22 20:15:10 - __main__ - INFO - 142 - trainer - [104/129] Loss: 8.9487 Loss_contra: 0.0488
2026/03/22 20:15:18 - __main__ - INFO - 152 - trainer - start predicting: 2026-03-22 20:15:18.130498
2026/03/22 20:16:02 - __main__ - INFO - 187 - trainer - {'Best_HR@5': 2.6359, 'Best_NDCG@5': 1.8398, 'Best_HR@10': 3.4429, 'Best_NDCG@10': 2.1026, 'Best_HR@20': 4.3606, 'Best_NDCG@20': 2.3333}
2026/03/22 20:16:02 - __main__ - INFO - 188 - trainer - {'Best_epoch_HR@5': 12, 'Best_epoch_NDCG@5': 12, 'Best_epoch_HR@10': 12, 'Best_epoch_NDCG@10': 12, 'Best_epoch_HR@20': 12, 'Best_epoch_NDCG@20': 12}
2026/03/22 20:16:02 - __main__ - INFO - 124 - trainer - Epoch: 13
2026/03/22 20:16:03 - __main__ - INFO - 142 - trainer - [0/129] Loss: 8.8438 Loss_contra: 0.0620
2026/03/22 20:16:11 - __main__ - INFO - 142 - trainer - [26/129] Loss: 8.8356 Loss_contra: 0.0620
2026/03/22 20:16:20 - __main__ - INFO - 142 - trainer - [52/129] Loss: 8.8675 Loss_contra: 0.0524
2026/03/22 20:16:29 - __main__ - INFO - 142 - trainer - [78/129] Loss: 8.7707 Loss_contra: 0.0620
2026/03/22 20:16:37 - __main__ - INFO - 142 - trainer - [104/129] Loss: 8.7457 Loss_contra: 0.0491
2026/03/22 20:16:45 - __main__ - INFO - 152 - trainer - start predicting: 2026-03-22 20:16:45.536898
2026/03/22 20:17:28 - __main__ - INFO - 187 - trainer - {'Best_HR@5': 2.7329, 'Best_NDCG@5': 1.9506, 'Best_HR@10': 3.6522, 'Best_NDCG@10': 2.2497, 'Best_HR@20': 4.68, 'Best_NDCG@20': 2.5092}
2026/03/22 20:17:28 - __main__ - INFO - 188 - trainer - {'Best_epoch_HR@5': 13, 'Best_epoch_NDCG@5': 13, 'Best_epoch_HR@10': 13, 'Best_epoch_NDCG@10': 13, 'Best_epoch_HR@20': 13, 'Best_epoch_NDCG@20': 13}
2026/03/22 20:17:28 - __main__ - INFO - 124 - trainer - Epoch: 14
2026/03/22 20:17:29 - __main__ - INFO - 142 - trainer - [0/129] Loss: 8.7444 Loss_contra: 0.0679
2026/03/22 20:17:38 - __main__ - INFO - 142 - trainer - [26/129] Loss: 8.7366 Loss_contra: 0.0626
2026/03/22 20:17:47 - __main__ - INFO - 142 - trainer - [52/129] Loss: 8.7590 Loss_contra: 0.0536
2026/03/22 20:17:56 - __main__ - INFO - 142 - trainer - [78/129] Loss: 8.7129 Loss_contra: 0.0543
2026/03/22 20:18:04 - __main__ - INFO - 142 - trainer - [104/129] Loss: 8.7658 Loss_contra: 0.0516
2026/03/22 20:18:12 - __main__ - INFO - 152 - trainer - start predicting: 2026-03-22 20:18:12.914903
2026/03/22 20:18:54 - __main__ - INFO - 187 - trainer - {'Best_HR@5': 2.9535, 'Best_NDCG@5': 2.0705, 'Best_HR@10': 3.9942, 'Best_NDCG@10': 2.4091, 'Best_HR@20': 5.1107, 'Best_NDCG@20': 2.6903}
2026/03/22 20:18:54 - __main__ - INFO - 188 - trainer - {'Best_epoch_HR@5': 14, 'Best_epoch_NDCG@5': 14, 'Best_epoch_HR@10': 14, 'Best_epoch_NDCG@10': 14, 'Best_epoch_HR@20': 14, 'Best_epoch_NDCG@20': 14}
2026/03/22 20:18:54 - __main__ - INFO - 124 - trainer - Epoch: 15
2026/03/22 20:18:54 - __main__ - INFO - 142 - trainer - [0/129] Loss: 8.6997 Loss_contra: 0.0571
2026/03/22 20:19:03 - __main__ - INFO - 142 - trainer - [26/129] Loss: 8.6889 Loss_contra: 0.0528
2026/03/22 20:19:12 - __main__ - INFO - 142 - trainer - [52/129] Loss: 8.6590 Loss_contra: 0.0552
2026/03/22 20:19:21 - __main__ - INFO - 142 - trainer - [78/129] Loss: 8.6501 Loss_contra: 0.0481
2026/03/22 20:19:30 - __main__ - INFO - 142 - trainer - [104/129] Loss: 8.6159 Loss_contra: 0.0541
2026/03/22 20:19:38 - __main__ - INFO - 152 - trainer - start predicting: 2026-03-22 20:19:38.843264
2026/03/22 20:20:21 - __main__ - INFO - 187 - trainer - {'Best_HR@5': 3.0563, 'Best_NDCG@5': 2.1531, 'Best_HR@10': 4.2265, 'Best_NDCG@10': 2.5288, 'Best_HR@20': 5.5524, 'Best_NDCG@20': 2.8635}
2026/03/22 20:20:21 - __main__ - INFO - 188 - trainer - {'Best_epoch_HR@5': 15, 'Best_epoch_NDCG@5': 15, 'Best_epoch_HR@10': 15, 'Best_epoch_NDCG@10': 15, 'Best_epoch_HR@20': 15, 'Best_epoch_NDCG@20': 15}
2026/03/22 20:20:21 - __main__ - INFO - 124 - trainer - Epoch: 16
2026/03/22 20:20:21 - __main__ - INFO - 142 - trainer - [0/129] Loss: 8.6078 Loss_contra: 0.0644
2026/03/22 20:20:31 - __main__ - INFO - 142 - trainer - [26/129] Loss: 8.6097 Loss_contra: 0.0572
2026/03/22 20:20:39 - __main__ - INFO - 142 - trainer - [52/129] Loss: 8.4314 Loss_contra: 0.0580
2026/03/22 20:20:48 - __main__ - INFO - 142 - trainer - [78/129] Loss: 8.4807 Loss_contra: 0.0501
2026/03/22 20:20:58 - __main__ - INFO - 142 - trainer - [104/129] Loss: 8.5834 Loss_contra: 0.0583
2026/03/22 20:21:07 - __main__ - INFO - 152 - trainer - start predicting: 2026-03-22 20:21:07.454107
2026/03/22 20:21:50 - __main__ - INFO - 187 - trainer - {'Best_HR@5': 3.0795, 'Best_NDCG@5': 2.2209, 'Best_HR@10': 4.2996, 'Best_NDCG@10': 2.6149, 'Best_HR@20': 5.7953, 'Best_NDCG@20': 2.99}
2026/03/22 20:21:50 - __main__ - INFO - 188 - trainer - {'Best_epoch_HR@5': 16, 'Best_epoch_NDCG@5': 16, 'Best_epoch_HR@10': 16, 'Best_epoch_NDCG@10': 16, 'Best_epoch_HR@20': 16, 'Best_epoch_NDCG@20': 16}
2026/03/22 20:21:50 - __main__ - INFO - 124 - trainer - Epoch: 17
2026/03/22 20:21:51 - __main__ - INFO - 142 - trainer - [0/129] Loss: 8.5297 Loss_contra: 0.0529
2026/03/22 20:22:00 - __main__ - INFO - 142 - trainer - [26/129] Loss: 8.4879 Loss_contra: 0.0581
2026/03/22 20:22:09 - __main__ - INFO - 142 - trainer - [52/129] Loss: 8.4572 Loss_contra: 0.0577
2026/03/22 20:22:18 - __main__ - INFO - 142 - trainer - [78/129] Loss: 8.4872 Loss_contra: 0.0516
2026/03/22 20:22:27 - __main__ - INFO - 142 - trainer - [104/129] Loss: 8.4635 Loss_contra: 0.0618
2026/03/22 20:22:36 - __main__ - INFO - 152 - trainer - start predicting: 2026-03-22 20:22:36.800174
2026/03/22 20:23:20 - __main__ - INFO - 187 - trainer - {'Best_HR@5': 3.3846, 'Best_NDCG@5': 2.3648, 'Best_HR@10': 4.6303, 'Best_NDCG@10': 2.7668, 'Best_HR@20': 6.2342, 'Best_NDCG@20': 3.1698}
2026/03/22 20:23:20 - __main__ - INFO - 188 - trainer - {'Best_epoch_HR@5': 17, 'Best_epoch_NDCG@5': 17, 'Best_epoch_HR@10': 17, 'Best_epoch_NDCG@10': 17, 'Best_epoch_HR@20': 17, 'Best_epoch_NDCG@20': 17}
2026/03/22 20:23:20 - __main__ - INFO - 124 - trainer - Epoch: 18
2026/03/22 20:23:21 - __main__ - INFO - 142 - trainer - [0/129] Loss: 8.4176 Loss_contra: 0.0677
2026/03/22 20:23:31 - __main__ - INFO - 142 - trainer - [26/129] Loss: 8.5178 Loss_contra: 0.0527
2026/03/22 20:23:41 - __main__ - INFO - 142 - trainer - [52/129] Loss: 8.4556 Loss_contra: 0.0475
2026/03/22 20:23:51 - __main__ - INFO - 142 - trainer - [78/129] Loss: 8.4654 Loss_contra: 0.0506
2026/03/22 20:24:00 - __main__ - INFO - 142 - trainer - [104/129] Loss: 8.3049 Loss_contra: 0.0639
2026/03/22 20:24:09 - __main__ - INFO - 152 - trainer - start predicting: 2026-03-22 20:24:09.543819
2026/03/22 20:24:52 - __main__ - INFO - 187 - trainer - {'Best_HR@5': 3.5184, 'Best_NDCG@5': 2.4671, 'Best_HR@10': 4.7782, 'Best_NDCG@10': 2.8727, 'Best_HR@20': 6.595, 'Best_NDCG@20': 3.3295}
2026/03/22 20:24:52 - __main__ - INFO - 188 - trainer - {'Best_epoch_HR@5': 18, 'Best_epoch_NDCG@5': 18, 'Best_epoch_HR@10': 18, 'Best_epoch_NDCG@10': 18, 'Best_epoch_HR@20': 18, 'Best_epoch_NDCG@20': 18}
2026/03/22 20:24:52 - __main__ - INFO - 124 - trainer - Epoch: 19
2026/03/22 20:24:52 - __main__ - INFO - 142 - trainer - [0/129] Loss: 8.3502 Loss_contra: 0.0575
2026/03/22 20:25:02 - __main__ - INFO - 142 - trainer - [26/129] Loss: 8.3176 Loss_contra: 0.0620
2026/03/22 20:25:12 - __main__ - INFO - 142 - trainer - [52/129] Loss: 8.3551 Loss_contra: 0.0493
2026/03/22 20:25:21 - __main__ - INFO - 142 - trainer - [78/129] Loss: 8.2777 Loss_contra: 0.0610
2026/03/22 20:25:30 - __main__ - INFO - 142 - trainer - [104/129] Loss: 8.2722 Loss_contra: 0.0598
2026/03/22 20:25:39 - __main__ - INFO - 152 - trainer - start predicting: 2026-03-22 20:25:39.673998
2026/03/22 20:26:23 - __main__ - INFO - 187 - trainer - {'Best_HR@5': 3.7468, 'Best_NDCG@5': 2.6468, 'Best_HR@10': 5.1022, 'Best_NDCG@10': 3.0823, 'Best_HR@20': 6.9622, 'Best_NDCG@20': 3.5511}
2026/03/22 20:26:23 - __main__ - INFO - 188 - trainer - {'Best_epoch_HR@5': 19, 'Best_epoch_NDCG@5': 19, 'Best_epoch_HR@10': 19, 'Best_epoch_NDCG@10': 19, 'Best_epoch_HR@20': 19, 'Best_epoch_NDCG@20': 19}
2026/03/22 20:26:23 - __main__ - INFO - 124 - trainer - Epoch: 20
2026/03/22 20:26:24 - __main__ - INFO - 142 - trainer - [0/129] Loss: 8.2566 Loss_contra: 0.0621
2026/03/22 20:26:33 - __main__ - INFO - 142 - trainer - [26/129] Loss: 8.2885 Loss_contra: 0.0502
2026/03/22 20:26:42 - __main__ - INFO - 142 - trainer - [52/129] Loss: 8.2906 Loss_contra: 0.0591
2026/03/22 20:26:52 - __main__ - INFO - 142 - trainer - [78/129] Loss: 8.4530 Loss_contra: 0.0537
2026/03/22 20:27:02 - __main__ - INFO - 142 - trainer - [104/129] Loss: 8.3038 Loss_contra: 0.0489
2026/03/22 20:27:11 - __main__ - INFO - 152 - trainer - start predicting: 2026-03-22 20:27:11.177631
2026/03/22 20:27:53 - __main__ - INFO - 187 - trainer - {'Best_HR@5': 3.7752, 'Best_NDCG@5': 2.6891, 'Best_HR@10': 5.1892, 'Best_NDCG@10': 3.1465, 'Best_HR@20': 7.0622, 'Best_NDCG@20': 3.6156}
2026/03/22 20:27:53 - __main__ - INFO - 188 - trainer - {'Best_epoch_HR@5': 20, 'Best_epoch_NDCG@5': 20, 'Best_epoch_HR@10': 20, 'Best_epoch_NDCG@10': 20, 'Best_epoch_HR@20': 20, 'Best_epoch_NDCG@20': 20}
2026/03/22 20:27:54 - __main__ - INFO - 124 - trainer - Epoch: 21
2026/03/22 20:27:54 - __main__ - INFO - 142 - trainer - [0/129] Loss: 8.1926 Loss_contra: 0.0469
2026/03/22 20:28:03 - __main__ - INFO - 142 - trainer - [26/129] Loss: 8.2610 Loss_contra: 0.0520
2026/03/22 20:28:13 - __main__ - INFO - 142 - trainer - [52/129] Loss: 8.2692 Loss_contra: 0.0456
2026/03/22 20:28:23 - __main__ - INFO - 142 - trainer - [78/129] Loss: 8.3093 Loss_contra: 0.0459
2026/03/22 20:28:33 - __main__ - INFO - 142 - trainer - [104/129] Loss: 8.2078 Loss_contra: 0.0596
2026/03/22 20:28:41 - __main__ - INFO - 152 - trainer - start predicting: 2026-03-22 20:28:41.992122
2026/03/22 20:29:26 - __main__ - INFO - 187 - trainer - {'Best_HR@5': 3.9954, 'Best_NDCG@5': 2.7962, 'Best_HR@10': 5.5256, 'Best_NDCG@10': 3.2905, 'Best_HR@20': 7.4167, 'Best_NDCG@20': 3.7665}
2026/03/22 20:29:26 - __main__ - INFO - 188 - trainer - {'Best_epoch_HR@5': 21, 'Best_epoch_NDCG@5': 21, 'Best_epoch_HR@10': 21, 'Best_epoch_NDCG@10': 21, 'Best_epoch_HR@20': 21, 'Best_epoch_NDCG@20': 21}
2026/03/22 20:29:26 - __main__ - INFO - 124 - trainer - Epoch: 22
2026/03/22 20:29:26 - __main__ - INFO - 142 - trainer - [0/129] Loss: 8.0368 Loss_contra: 0.0543
2026/03/22 20:29:36 - __main__ - INFO - 142 - trainer - [26/129] Loss: 8.0832 Loss_contra: 0.0578
2026/03/22 20:29:46 - __main__ - INFO - 142 - trainer - [52/129] Loss: 8.2362 Loss_contra: 0.0553
2026/03/22 20:29:56 - __main__ - INFO - 142 - trainer - [78/129] Loss: 8.0952 Loss_contra: 0.0525
2026/03/22 20:30:05 - __main__ - INFO - 142 - trainer - [104/129] Loss: 8.1428 Loss_contra: 0.0605
2026/03/22 20:30:13 - __main__ - INFO - 152 - trainer - start predicting: 2026-03-22 20:30:13.911817
2026/03/22 20:30:58 - __main__ - INFO - 187 - trainer - {'Best_HR@5': 4.0014, 'Best_NDCG@5': 2.8246, 'Best_HR@10': 5.5611, 'Best_NDCG@10': 3.3248, 'Best_HR@20': 7.5915, 'Best_NDCG@20': 3.8352}
2026/03/22 20:30:58 - __main__ - INFO - 188 - trainer - {'Best_epoch_HR@5': 22, 'Best_epoch_NDCG@5': 22, 'Best_epoch_HR@10': 22, 'Best_epoch_NDCG@10': 22, 'Best_epoch_HR@20': 22, 'Best_epoch_NDCG@20': 22}
2026/03/22 20:30:58 - __main__ - INFO - 124 - trainer - Epoch: 23
2026/03/22 20:30:59 - __main__ - INFO - 142 - trainer - [0/129] Loss: 8.1681 Loss_contra: 0.0632
2026/03/22 20:31:08 - __main__ - INFO - 142 - trainer - [26/129] Loss: 8.1055 Loss_contra: 0.0414
2026/03/22 20:31:17 - __main__ - INFO - 142 - trainer - [52/129] Loss: 8.2429 Loss_contra: 0.0634
2026/03/22 20:31:26 - __main__ - INFO - 142 - trainer - [78/129] Loss: 8.1772 Loss_contra: 0.0545
2026/03/22 20:31:36 - __main__ - INFO - 142 - trainer - [104/129] Loss: 8.1292 Loss_contra: 0.0618
2026/03/22 20:31:45 - __main__ - INFO - 152 - trainer - start predicting: 2026-03-22 20:31:45.036259
2026/03/22 20:32:30 - __main__ - INFO - 187 - trainer - {'Best_HR@5': 4.1803, 'Best_NDCG@5': 2.9408, 'Best_HR@10': 5.851, 'Best_NDCG@10': 3.4824, 'Best_HR@20': 7.9003, 'Best_NDCG@20': 3.998}
2026/03/22 20:32:30 - __main__ - INFO - 188 - trainer - {'Best_epoch_HR@5': 23, 'Best_epoch_NDCG@5': 23, 'Best_epoch_HR@10': 23, 'Best_epoch_NDCG@10': 23, 'Best_epoch_HR@20': 23, 'Best_epoch_NDCG@20': 23}
2026/03/22 20:32:30 - __main__ - INFO - 124 - trainer - Epoch: 24
2026/03/22 20:32:31 - __main__ - INFO - 142 - trainer - [0/129] Loss: 7.9942 Loss_contra: 0.0578
2026/03/22 20:32:40 - __main__ - INFO - 142 - trainer - [26/129] Loss: 8.0424 Loss_contra: 0.0533
2026/03/22 20:32:49 - __main__ - INFO - 142 - trainer - [52/129] Loss: 8.0242 Loss_contra: 0.0484
2026/03/22 20:32:59 - __main__ - INFO - 142 - trainer - [78/129] Loss: 8.1895 Loss_contra: 0.0495
2026/03/22 20:33:08 - __main__ - INFO - 142 - trainer - [104/129] Loss: 8.1144 Loss_contra: 0.0518
2026/03/22 20:33:17 - __main__ - INFO - 152 - trainer - start predicting: 2026-03-22 20:33:17.976998
2026/03/22 20:33:59 - __main__ - INFO - 187 - trainer - {'Best_HR@5': 4.2363, 'Best_NDCG@5': 3.02, 'Best_HR@10': 5.8738, 'Best_NDCG@10': 3.5507, 'Best_HR@20': 8.0465, 'Best_NDCG@20': 4.0943}
2026/03/22 20:33:59 - __main__ - INFO - 188 - trainer - {'Best_epoch_HR@5': 24, 'Best_epoch_NDCG@5': 24, 'Best_epoch_HR@10': 24, 'Best_epoch_NDCG@10': 24, 'Best_epoch_HR@20': 24, 'Best_epoch_NDCG@20': 24}
2026/03/22 20:33:59 - __main__ - INFO - 124 - trainer - Epoch: 25
2026/03/22 20:34:00 - __main__ - INFO - 142 - trainer - [0/129] Loss: 8.0599 Loss_contra: 0.0535
2026/03/22 20:34:09 - __main__ - INFO - 142 - trainer - [26/129] Loss: 8.0594 Loss_contra: 0.0514
2026/03/22 20:34:19 - __main__ - INFO - 142 - trainer - [52/129] Loss: 8.0577 Loss_contra: 0.0436
2026/03/22 20:34:29 - __main__ - INFO - 142 - trainer - [78/129] Loss: 8.1363 Loss_contra: 0.0455
2026/03/22 20:34:38 - __main__ - INFO - 142 - trainer - [104/129] Loss: 8.1524 Loss_contra: 0.0493
2026/03/22 20:34:47 - __main__ - INFO - 152 - trainer - start predicting: 2026-03-22 20:34:47.412429
2026/03/22 20:35:31 - __main__ - INFO - 187 - trainer - {'Best_HR@5': 4.3131, 'Best_NDCG@5': 3.0728, 'Best_HR@10': 6.0633, 'Best_NDCG@10': 3.6369, 'Best_HR@20': 8.3889, 'Best_NDCG@20': 4.2193}
2026/03/22 20:35:31 - __main__ - INFO - 188 - trainer - {'Best_epoch_HR@5': 25, 'Best_epoch_NDCG@5': 25, 'Best_epoch_HR@10': 25, 'Best_epoch_NDCG@10': 25, 'Best_epoch_HR@20': 25, 'Best_epoch_NDCG@20': 25}
2026/03/22 20:35:31 - __main__ - INFO - 124 - trainer - Epoch: 26
2026/03/22 20:35:31 - __main__ - INFO - 142 - trainer - [0/129] Loss: 7.9768 Loss_contra: 0.0522
2026/03/22 20:35:41 - __main__ - INFO - 142 - trainer - [26/129] Loss: 7.8999 Loss_contra: 0.0514
2026/03/22 20:35:51 - __main__ - INFO - 142 - trainer - [52/129] Loss: 8.0222 Loss_contra: 0.0492
2026/03/22 20:36:01 - __main__ - INFO - 142 - trainer - [78/129] Loss: 8.0767 Loss_contra: 0.0483
2026/03/22 20:36:10 - __main__ - INFO - 142 - trainer - [104/129] Loss: 8.0538 Loss_contra: 0.0474
2026/03/22 20:36:19 - __main__ - INFO - 152 - trainer - start predicting: 2026-03-22 20:36:19.008286
2026/03/22 20:37:02 - __main__ - INFO - 187 - trainer - {'Best_HR@5': 4.434, 'Best_NDCG@5': 3.1694, 'Best_HR@10': 6.1649, 'Best_NDCG@10': 3.7257, 'Best_HR@20': 8.4617, 'Best_NDCG@20': 4.3058}
2026/03/22 20:37:02 - __main__ - INFO - 188 - trainer - {'Best_epoch_HR@5': 26, 'Best_epoch_NDCG@5': 26, 'Best_epoch_HR@10': 26, 'Best_epoch_NDCG@10': 26, 'Best_epoch_HR@20': 26, 'Best_epoch_NDCG@20': 26}
2026/03/22 20:37:02 - __main__ - INFO - 124 - trainer - Epoch: 27
2026/03/22 20:37:02 - __main__ - INFO - 142 - trainer - [0/129] Loss: 7.9328 Loss_contra: 0.0573
2026/03/22 20:37:12 - __main__ - INFO - 142 - trainer - [26/129] Loss: 7.9165 Loss_contra: 0.0432
2026/03/22 20:37:21 - __main__ - INFO - 142 - trainer - [52/129] Loss: 7.9450 Loss_contra: 0.0483
2026/03/22 20:37:31 - __main__ - INFO - 142 - trainer - [78/129] Loss: 7.7722 Loss_contra: 0.0535
2026/03/22 20:37:40 - __main__ - INFO - 142 - trainer - [104/129] Loss: 7.9077 Loss_contra: 0.0492
2026/03/22 20:37:49 - __main__ - INFO - 152 - trainer - start predicting: 2026-03-22 20:37:49.476456
2026/03/22 20:38:33 - __main__ - INFO - 187 - trainer - {'Best_HR@5': 4.5046, 'Best_NDCG@5': 3.1942, 'Best_HR@10': 6.2349, 'Best_NDCG@10': 3.7525, 'Best_HR@20': 8.5938, 'Best_NDCG@20': 4.3487}
2026/03/22 20:38:33 - __main__ - INFO - 188 - trainer - {'Best_epoch_HR@5': 27, 'Best_epoch_NDCG@5': 27, 'Best_epoch_HR@10': 27, 'Best_epoch_NDCG@10': 27, 'Best_epoch_HR@20': 27, 'Best_epoch_NDCG@20': 27}
2026/03/22 20:38:33 - __main__ - INFO - 124 - trainer - Epoch: 28
2026/03/22 20:38:33 - __main__ - INFO - 142 - trainer - [0/129] Loss: 7.7221 Loss_contra: 0.0531
2026/03/22 20:38:42 - __main__ - INFO - 142 - trainer - [26/129] Loss: 7.8376 Loss_contra: 0.0396
2026/03/22 20:38:51 - __main__ - INFO - 142 - trainer - [52/129] Loss: 7.7975 Loss_contra: 0.0469
2026/03/22 20:39:01 - __main__ - INFO - 142 - trainer - [78/129] Loss: 7.8183 Loss_contra: 0.0498
2026/03/22 20:39:11 - __main__ - INFO - 142 - trainer - [104/129] Loss: 7.8887 Loss_contra: 0.0448
2026/03/22 20:39:20 - __main__ - INFO - 152 - trainer - start predicting: 2026-03-22 20:39:20.102417
2026/03/22 20:40:02 - __main__ - INFO - 187 - trainer - {'Best_HR@5': 4.7015, 'Best_NDCG@5': 3.3269, 'Best_HR@10': 6.476, 'Best_NDCG@10': 3.8985, 'Best_HR@20': 8.7908, 'Best_NDCG@20': 4.481}
2026/03/22 20:40:02 - __main__ - INFO - 188 - trainer - {'Best_epoch_HR@5': 28, 'Best_epoch_NDCG@5': 28, 'Best_epoch_HR@10': 28, 'Best_epoch_NDCG@10': 28, 'Best_epoch_HR@20': 28, 'Best_epoch_NDCG@20': 28}
2026/03/22 20:40:02 - __main__ - INFO - 124 - trainer - Epoch: 29
2026/03/22 20:40:03 - __main__ - INFO - 142 - trainer - [0/129] Loss: 7.8041 Loss_contra: 0.0487
2026/03/22 20:40:13 - __main__ - INFO - 142 - trainer - [26/129] Loss: 7.8923 Loss_contra: 0.0440
2026/03/22 20:40:22 - __main__ - INFO - 142 - trainer - [52/129] Loss: 7.8944 Loss_contra: 0.0422
2026/03/22 20:40:32 - __main__ - INFO - 142 - trainer - [78/129] Loss: 7.8564 Loss_contra: 0.0387
2026/03/22 20:40:42 - __main__ - INFO - 142 - trainer - [104/129] Loss: 7.6920 Loss_contra: 0.0457
2026/03/22 20:40:50 - __main__ - INFO - 152 - trainer - start predicting: 2026-03-22 20:40:50.992688
2026/03/22 20:41:34 - __main__ - INFO - 187 - trainer - {'Best_HR@5': 4.7776, 'Best_NDCG@5': 3.3877, 'Best_HR@10': 6.6757, 'Best_NDCG@10': 3.9992, 'Best_HR@20': 9.084, 'Best_NDCG@20': 4.6067}
2026/03/22 20:41:34 - __main__ - INFO - 188 - trainer - {'Best_epoch_HR@5': 29, 'Best_epoch_NDCG@5': 29, 'Best_epoch_HR@10': 29, 'Best_epoch_NDCG@10': 29, 'Best_epoch_HR@20': 29, 'Best_epoch_NDCG@20': 29}
2026/03/22 20:41:34 - __main__ - INFO - 124 - trainer - Epoch: 30
2026/03/22 20:41:34 - __main__ - INFO - 142 - trainer - [0/129] Loss: 7.7424 Loss_contra: 0.0477
2026/03/22 20:41:44 - __main__ - INFO - 142 - trainer - [26/129] Loss: 7.6711 Loss_contra: 0.0419
2026/03/22 20:41:53 - __main__ - INFO - 142 - trainer - [52/129] Loss: 7.7691 Loss_contra: 0.0404
2026/03/22 20:42:03 - __main__ - INFO - 142 - trainer - [78/129] Loss: 7.8695 Loss_contra: 0.0369
2026/03/22 20:42:12 - __main__ - INFO - 142 - trainer - [104/129] Loss: 7.8081 Loss_contra: 0.0447
2026/03/22 20:42:21 - __main__ - INFO - 152 - trainer - start predicting: 2026-03-22 20:42:21.304144
2026/03/22 20:43:03 - __main__ - INFO - 124 - trainer - Epoch: 31
2026/03/22 20:43:03 - __main__ - INFO - 142 - trainer - [0/129] Loss: 7.6895 Loss_contra: 0.0487
2026/03/22 20:43:13 - __main__ - INFO - 142 - trainer - [26/129] Loss: 7.7861 Loss_contra: 0.0445
2026/03/22 20:43:22 - __main__ - INFO - 142 - trainer - [52/129] Loss: 7.7163 Loss_contra: 0.0423
2026/03/22 20:43:31 - __main__ - INFO - 142 - trainer - [78/129] Loss: 7.7089 Loss_contra: 0.0416
2026/03/22 20:43:40 - __main__ - INFO - 142 - trainer - [104/129] Loss: 7.8197 Loss_contra: 0.0392
2026/03/22 20:43:49 - __main__ - INFO - 152 - trainer - start predicting: 2026-03-22 20:43:49.160961
2026/03/22 20:44:33 - __main__ - INFO - 187 - trainer - {'Best_HR@5': 4.8565, 'Best_NDCG@5': 3.4716, 'Best_HR@10': 6.687, 'Best_NDCG@10': 4.0586, 'Best_HR@20': 9.151, 'Best_NDCG@20': 4.6778}
2026/03/22 20:44:33 - __main__ - INFO - 188 - trainer - {'Best_epoch_HR@5': 31, 'Best_epoch_NDCG@5': 31, 'Best_epoch_HR@10': 31, 'Best_epoch_NDCG@10': 31, 'Best_epoch_HR@20': 31, 'Best_epoch_NDCG@20': 31}
2026/03/22 20:44:33 - __main__ - INFO - 124 - trainer - Epoch: 32
2026/03/22 20:44:33 - __main__ - INFO - 142 - trainer - [0/129] Loss: 7.5619 Loss_contra: 0.0405
2026/03/22 20:44:43 - __main__ - INFO - 142 - trainer - [26/129] Loss: 7.7262 Loss_contra: 0.0439
2026/03/22 20:44:52 - __main__ - INFO - 142 - trainer - [52/129] Loss: 7.7891 Loss_contra: 0.0353
2026/03/22 20:45:02 - __main__ - INFO - 142 - trainer - [78/129] Loss: 7.6946 Loss_contra: 0.0386
2026/03/22 20:45:12 - __main__ - INFO - 142 - trainer - [104/129] Loss: 7.6909 Loss_contra: 0.0394
2026/03/22 20:45:21 - __main__ - INFO - 152 - trainer - start predicting: 2026-03-22 20:45:21.529570
2026/03/22 20:46:05 - __main__ - INFO - 187 - trainer - {'Best_HR@5': 4.9837, 'Best_NDCG@5': 3.5524, 'Best_HR@10': 6.7073, 'Best_NDCG@10': 4.1043, 'Best_HR@20': 9.2033, 'Best_NDCG@20': 4.7325}
2026/03/22 20:46:05 - __main__ - INFO - 188 - trainer - {'Best_epoch_HR@5': 32, 'Best_epoch_NDCG@5': 32, 'Best_epoch_HR@10': 32, 'Best_epoch_NDCG@10': 32, 'Best_epoch_HR@20': 32, 'Best_epoch_NDCG@20': 32}
2026/03/22 20:46:05 - __main__ - INFO - 124 - trainer - Epoch: 33
2026/03/22 20:46:05 - __main__ - INFO - 142 - trainer - [0/129] Loss: 7.5877 Loss_contra: 0.0457
2026/03/22 20:46:14 - __main__ - INFO - 142 - trainer - [26/129] Loss: 7.7034 Loss_contra: 0.0399
2026/03/22 20:46:23 - __main__ - INFO - 142 - trainer - [52/129] Loss: 7.7720 Loss_contra: 0.0368
2026/03/22 20:46:34 - __main__ - INFO - 142 - trainer - [78/129] Loss: 7.7454 Loss_contra: 0.0424
2026/03/22 20:46:42 - __main__ - INFO - 142 - trainer - [104/129] Loss: 7.8080 Loss_contra: 0.0380
2026/03/22 20:46:51 - __main__ - INFO - 152 - trainer - start predicting: 2026-03-22 20:46:51.602375
2026/03/22 20:47:35 - __main__ - INFO - 187 - trainer - {'Best_HR@5': 4.9837, 'Best_NDCG@5': 3.5638, 'Best_HR@10': 6.8217, 'Best_NDCG@10': 4.1596, 'Best_HR@20': 9.4276, 'Best_NDCG@20': 4.8162}
2026/03/22 20:47:35 - __main__ - INFO - 188 - trainer - {'Best_epoch_HR@5': 32, 'Best_epoch_NDCG@5': 33, 'Best_epoch_HR@10': 33, 'Best_epoch_NDCG@10': 33, 'Best_epoch_HR@20': 33, 'Best_epoch_NDCG@20': 33}
2026/03/22 20:47:35 - __main__ - INFO - 124 - trainer - Epoch: 34
2026/03/22 20:47:36 - __main__ - INFO - 142 - trainer - [0/129] Loss: 7.4979 Loss_contra: 0.0414
2026/03/22 20:47:46 - __main__ - INFO - 142 - trainer - [26/129] Loss: 7.6679 Loss_contra: 0.0407
2026/03/22 20:47:55 - __main__ - INFO - 142 - trainer - [52/129] Loss: 7.5863 Loss_contra: 0.0360
2026/03/22 20:48:05 - __main__ - INFO - 142 - trainer - [78/129] Loss: 7.6446 Loss_contra: 0.0371
2026/03/22 20:48:14 - __main__ - INFO - 142 - trainer - [104/129] Loss: 7.6050 Loss_contra: 0.0416
2026/03/22 20:48:23 - __main__ - INFO - 152 - trainer - start predicting: 2026-03-22 20:48:23.132369
2026/03/22 20:49:06 - __main__ - INFO - 187 - trainer - {'Best_HR@5': 5.1112, 'Best_NDCG@5': 3.6148, 'Best_HR@10': 6.9728, 'Best_NDCG@10': 4.2155, 'Best_HR@20': 9.4896, 'Best_NDCG@20': 4.8516}
2026/03/22 20:49:06 - __main__ - INFO - 188 - trainer - {'Best_epoch_HR@5': 34, 'Best_epoch_NDCG@5': 34, 'Best_epoch_HR@10': 34, 'Best_epoch_NDCG@10': 34, 'Best_epoch_HR@20': 34, 'Best_epoch_NDCG@20': 34}
2026/03/22 20:49:06 - __main__ - INFO - 124 - trainer - Epoch: 35
2026/03/22 20:49:06 - __main__ - INFO - 142 - trainer - [0/129] Loss: 7.4219 Loss_contra: 0.0399
2026/03/22 20:49:16 - __main__ - INFO - 142 - trainer - [26/129] Loss: 7.5785 Loss_contra: 0.0346
2026/03/22 20:49:26 - __main__ - INFO - 142 - trainer - [52/129] Loss: 7.6169 Loss_contra: 0.0282
2026/03/22 20:49:36 - __main__ - INFO - 142 - trainer - [78/129] Loss: 7.4617 Loss_contra: 0.0393
2026/03/22 20:49:45 - __main__ - INFO - 142 - trainer - [104/129] Loss: 7.6540 Loss_contra: 0.0380
2026/03/22 20:49:54 - __main__ - INFO - 152 - trainer - start predicting: 2026-03-22 20:49:54.395349
2026/03/22 20:50:37 - __main__ - INFO - 187 - trainer - {'Best_HR@5': 5.1112, 'Best_NDCG@5': 3.6148, 'Best_HR@10': 7.0281, 'Best_NDCG@10': 4.2413, 'Best_HR@20': 9.5917, 'Best_NDCG@20': 4.8873}
2026/03/22 20:50:37 - __main__ - INFO - 188 - trainer - {'Best_epoch_HR@5': 34, 'Best_epoch_NDCG@5': 34, 'Best_epoch_HR@10': 35, 'Best_epoch_NDCG@10': 35, 'Best_epoch_HR@20': 35, 'Best_epoch_NDCG@20': 35}
2026/03/22 20:50:37 - __main__ - INFO - 124 - trainer - Epoch: 36
2026/03/22 20:50:38 - __main__ - INFO - 142 - trainer - [0/129] Loss: 7.5255 Loss_contra: 0.0398
2026/03/22 20:50:48 - __main__ - INFO - 142 - trainer - [26/129] Loss: 7.3454 Loss_contra: 0.0380
2026/03/22 20:50:58 - __main__ - INFO - 142 - trainer - [52/129] Loss: 7.5471 Loss_contra: 0.0315
2026/03/22 20:51:07 - __main__ - INFO - 142 - trainer - [78/129] Loss: 7.6295 Loss_contra: 0.0309
2026/03/22 20:51:17 - __main__ - INFO - 142 - trainer - [104/129] Loss: 7.6011 Loss_contra: 0.0326
2026/03/22 20:51:26 - __main__ - INFO - 152 - trainer - start predicting: 2026-03-22 20:51:26.510000
2026/03/22 20:52:10 - __main__ - INFO - 187 - trainer - {'Best_HR@5': 5.1112, 'Best_NDCG@5': 3.629, 'Best_HR@10': 7.0824, 'Best_NDCG@10': 4.2871, 'Best_HR@20': 9.5917, 'Best_NDCG@20': 4.8873}
2026/03/22 20:52:10 - __main__ - INFO - 188 - trainer - {'Best_epoch_HR@5': 34, 'Best_epoch_NDCG@5': 36, 'Best_epoch_HR@10': 36, 'Best_epoch_NDCG@10': 36, 'Best_epoch_HR@20': 35, 'Best_epoch_NDCG@20': 35}
2026/03/22 20:52:10 - __main__ - INFO - 124 - trainer - Epoch: 37
2026/03/22 20:52:10 - __main__ - INFO - 142 - trainer - [0/129] Loss: 7.4415 Loss_contra: 0.0385
2026/03/22 20:52:20 - __main__ - INFO - 142 - trainer - [26/129] Loss: 7.4751 Loss_contra: 0.0336
2026/03/22 20:52:29 - __main__ - INFO - 142 - trainer - [52/129] Loss: 7.5640 Loss_contra: 0.0318
2026/03/22 20:52:38 - __main__ - INFO - 142 - trainer - [78/129] Loss: 7.5896 Loss_contra: 0.0339
2026/03/22 20:52:47 - __main__ - INFO - 142 - trainer - [104/129] Loss: 7.3666 Loss_contra: 0.0351
2026/03/22 20:52:56 - __main__ - INFO - 152 - trainer - start predicting: 2026-03-22 20:52:56.499875
2026/03/22 20:53:39 - __main__ - INFO - 187 - trainer - {'Best_HR@5': 5.2056, 'Best_NDCG@5': 3.7065, 'Best_HR@10': 7.0824, 'Best_NDCG@10': 4.2995, 'Best_HR@20': 9.6792, 'Best_NDCG@20': 4.9595}
2026/03/22 20:53:39 - __main__ - INFO - 188 - trainer - {'Best_epoch_HR@5': 37, 'Best_epoch_NDCG@5': 37, 'Best_epoch_HR@10': 36, 'Best_epoch_NDCG@10': 37, 'Best_epoch_HR@20': 37, 'Best_epoch_NDCG@20': 37}
2026/03/22 20:53:39 - __main__ - INFO - 124 - trainer - Epoch: 38
2026/03/22 20:53:40 - __main__ - INFO - 142 - trainer - [0/129] Loss: 7.2446 Loss_contra: 0.0387
2026/03/22 20:53:49 - __main__ - INFO - 142 - trainer - [26/129] Loss: 7.4604 Loss_contra: 0.0294
2026/03/22 20:53:59 - __main__ - INFO - 142 - trainer - [52/129] Loss: 7.4374 Loss_contra: 0.0292
2026/03/22 20:54:09 - __main__ - INFO - 142 - trainer - [78/129] Loss: 7.6595 Loss_contra: 0.0287
2026/03/22 20:54:18 - __main__ - INFO - 142 - trainer - [104/129] Loss: 7.5374 Loss_contra: 0.0293
2026/03/22 20:54:27 - __main__ - INFO - 152 - trainer - start predicting: 2026-03-22 20:54:27.845745
2026/03/22 20:55:11 - __main__ - INFO - 187 - trainer - {'Best_HR@5': 5.2726, 'Best_NDCG@5': 3.7506, 'Best_HR@10': 7.1356, 'Best_NDCG@10': 4.3486, 'Best_HR@20': 9.842, 'Best_NDCG@20': 5.0289}
2026/03/22 20:55:11 - __main__ - INFO - 188 - trainer - {'Best_epoch_HR@5': 38, 'Best_epoch_NDCG@5': 38, 'Best_epoch_HR@10': 38, 'Best_epoch_NDCG@10': 38, 'Best_epoch_HR@20': 38, 'Best_epoch_NDCG@20': 38}
2026/03/22 20:55:11 - __main__ - INFO - 124 - trainer - Epoch: 39
2026/03/22 20:55:11 - __main__ - INFO - 142 - trainer - [0/129] Loss: 7.3857 Loss_contra: 0.0354
2026/03/22 20:55:20 - __main__ - INFO - 142 - trainer - [26/129] Loss: 7.3264 Loss_contra: 0.0335
2026/03/22 20:55:29 - __main__ - INFO - 142 - trainer - [52/129] Loss: 7.3630 Loss_contra: 0.0285
2026/03/22 20:55:39 - __main__ - INFO - 142 - trainer - [78/129] Loss: 7.3605 Loss_contra: 0.0340
2026/03/22 20:55:49 - __main__ - INFO - 142 - trainer - [104/129] Loss: 7.5677 Loss_contra: 0.0308
2026/03/22 20:55:57 - __main__ - INFO - 152 - trainer - start predicting: 2026-03-22 20:55:57.928603
2026/03/22 20:56:40 - __main__ - INFO - 187 - trainer - {'Best_HR@5': 5.2726, 'Best_NDCG@5': 3.7506, 'Best_HR@10': 7.2555, 'Best_NDCG@10': 4.4, 'Best_HR@20': 9.9515, 'Best_NDCG@20': 5.0759}
2026/03/22 20:56:40 - __main__ - INFO - 188 - trainer - {'Best_epoch_HR@5': 38, 'Best_epoch_NDCG@5': 38, 'Best_epoch_HR@10': 39, 'Best_epoch_NDCG@10': 39, 'Best_epoch_HR@20': 39, 'Best_epoch_NDCG@20': 39}
2026/03/22 20:56:40 - __main__ - INFO - 124 - trainer - Epoch: 40
2026/03/22 20:56:40 - __main__ - INFO - 142 - trainer - [0/129] Loss: 7.3306 Loss_contra: 0.0307
2026/03/22 20:56:50 - __main__ - INFO - 142 - trainer - [26/129] Loss: 7.2430 Loss_contra: 0.0263
2026/03/22 20:56:59 - __main__ - INFO - 142 - trainer - [52/129] Loss: 7.2575 Loss_contra: 0.0316
2026/03/22 20:57:09 - __main__ - INFO - 142 - trainer - [78/129] Loss: 7.3389 Loss_contra: 0.0357
2026/03/22 20:57:18 - __main__ - INFO - 142 - trainer - [104/129] Loss: 7.4286 Loss_contra: 0.0315
2026/03/22 20:57:26 - __main__ - INFO - 152 - trainer - start predicting: 2026-03-22 20:57:26.335408
2026/03/22 20:58:02 - __main__ - INFO - 187 - trainer - {'Best_HR@5': 5.2726, 'Best_NDCG@5': 3.7506, 'Best_HR@10': 7.3122, 'Best_NDCG@10': 4.4, 'Best_HR@20': 9.9922, 'Best_NDCG@20': 5.0759}
2026/03/22 20:58:02 - __main__ - INFO - 188 - trainer - {'Best_epoch_HR@5': 38, 'Best_epoch_NDCG@5': 38, 'Best_epoch_HR@10': 40, 'Best_epoch_NDCG@10': 39, 'Best_epoch_HR@20': 40, 'Best_epoch_NDCG@20': 39}
2026/03/22 20:58:02 - __main__ - INFO - 124 - trainer - Epoch: 41
2026/03/22 20:58:02 - __main__ - INFO - 142 - trainer - [0/129] Loss: 7.2040 Loss_contra: 0.0318
2026/03/22 20:58:12 - __main__ - INFO - 142 - trainer - [26/129] Loss: 7.3407 Loss_contra: 0.0277
2026/03/22 20:58:20 - __main__ - INFO - 142 - trainer - [52/129] Loss: 7.2665 Loss_contra: 0.0328
2026/03/22 20:58:28 - __main__ - INFO - 142 - trainer - [78/129] Loss: 7.2682 Loss_contra: 0.0263
2026/03/22 20:58:37 - __main__ - INFO - 142 - trainer - [104/129] Loss: 7.2599 Loss_contra: 0.0320
2026/03/22 20:58:44 - __main__ - INFO - 152 - trainer - start predicting: 2026-03-22 20:58:44.375819
2026/03/22 20:59:20 - __main__ - INFO - 187 - trainer - {'Best_HR@5': 5.3233, 'Best_NDCG@5': 3.7838, 'Best_HR@10': 7.3122, 'Best_NDCG@10': 4.4219, 'Best_HR@20': 10.1183, 'Best_NDCG@20': 5.1297}
2026/03/22 20:59:20 - __main__ - INFO - 188 - trainer - {'Best_epoch_HR@5': 41, 'Best_epoch_NDCG@5': 41, 'Best_epoch_HR@10': 40, 'Best_epoch_NDCG@10': 41, 'Best_epoch_HR@20': 41, 'Best_epoch_NDCG@20': 41}
2026/03/22 20:59:20 - __main__ - INFO - 124 - trainer - Epoch: 42
2026/03/22 20:59:21 - __main__ - INFO - 142 - trainer - [0/129] Loss: 7.1894 Loss_contra: 0.0338
2026/03/22 20:59:30 - __main__ - INFO - 142 - trainer - [26/129] Loss: 7.3481 Loss_contra: 0.0258
2026/03/22 20:59:38 - __main__ - INFO - 142 - trainer - [52/129] Loss: 7.2588 Loss_contra: 0.0303
2026/03/22 20:59:46 - __main__ - INFO - 142 - trainer - [78/129] Loss: 7.3012 Loss_contra: 0.0310
2026/03/22 20:59:54 - __main__ - INFO - 142 - trainer - [104/129] Loss: 7.1756 Loss_contra: 0.0282
2026/03/22 21:00:01 - __main__ - INFO - 152 - trainer - start predicting: 2026-03-22 21:00:01.785328
2026/03/22 21:00:37 - __main__ - INFO - 187 - trainer - {'Best_HR@5': 5.3275, 'Best_NDCG@5': 3.8347, 'Best_HR@10': 7.3496, 'Best_NDCG@10': 4.4887, 'Best_HR@20': 10.2283, 'Best_NDCG@20': 5.2098}
2026/03/22 21:00:37 - __main__ - INFO - 188 - trainer - {'Best_epoch_HR@5': 42, 'Best_epoch_NDCG@5': 42, 'Best_epoch_HR@10': 42, 'Best_epoch_NDCG@10': 42, 'Best_epoch_HR@20': 42, 'Best_epoch_NDCG@20': 42}
2026/03/22 21:00:37 - __main__ - INFO - 124 - trainer - Epoch: 43
2026/03/22 21:00:38 - __main__ - INFO - 142 - trainer - [0/129] Loss: 7.1029 Loss_contra: 0.0340
2026/03/22 21:00:46 - __main__ - INFO - 142 - trainer - [26/129] Loss: 7.1443 Loss_contra: 0.0277
2026/03/22 21:00:54 - __main__ - INFO - 142 - trainer - [52/129] Loss: 7.1625 Loss_contra: 0.0258
2026/03/22 21:01:02 - __main__ - INFO - 142 - trainer - [78/129] Loss: 7.3518 Loss_contra: 0.0271
2026/03/22 21:01:10 - __main__ - INFO - 142 - trainer - [104/129] Loss: 7.2195 Loss_contra: 0.0289
2026/03/22 21:01:17 - __main__ - INFO - 152 - trainer - start predicting: 2026-03-22 21:01:17.969070
2026/03/22 21:01:53 - __main__ - INFO - 187 - trainer - {'Best_HR@5': 5.3301, 'Best_NDCG@5': 3.8347, 'Best_HR@10': 7.3963, 'Best_NDCG@10': 4.4887, 'Best_HR@20': 10.23, 'Best_NDCG@20': 5.2098}
2026/03/22 21:01:53 - __main__ - INFO - 188 - trainer - {'Best_epoch_HR@5': 43, 'Best_epoch_NDCG@5': 42, 'Best_epoch_HR@10': 43, 'Best_epoch_NDCG@10': 42, 'Best_epoch_HR@20': 43, 'Best_epoch_NDCG@20': 42}
2026/03/22 21:01:53 - __main__ - INFO - 124 - trainer - Epoch: 44
2026/03/22 21:01:54 - __main__ - INFO - 142 - trainer - [0/129] Loss: 7.0989 Loss_contra: 0.0294
2026/03/22 21:02:03 - __main__ - INFO - 142 - trainer - [26/129] Loss: 7.2530 Loss_contra: 0.0222
2026/03/22 21:02:12 - __main__ - INFO - 142 - trainer - [52/129] Loss: 7.1558 Loss_contra: 0.0275
2026/03/22 21:02:20 - __main__ - INFO - 142 - trainer - [78/129] Loss: 7.1774 Loss_contra: 0.0292
2026/03/22 21:02:28 - __main__ - INFO - 142 - trainer - [104/129] Loss: 7.0617 Loss_contra: 0.0299
2026/03/22 21:02:36 - __main__ - INFO - 152 - trainer - start predicting: 2026-03-22 21:02:36.579710
2026/03/22 21:03:13 - __main__ - INFO - 187 - trainer - {'Best_HR@5': 5.4516, 'Best_NDCG@5': 3.8829, 'Best_HR@10': 7.4015, 'Best_NDCG@10': 4.5088, 'Best_HR@20': 10.3073, 'Best_NDCG@20': 5.2379}
2026/03/22 21:03:13 - __main__ - INFO - 188 - trainer - {'Best_epoch_HR@5': 44, 'Best_epoch_NDCG@5': 44, 'Best_epoch_HR@10': 44, 'Best_epoch_NDCG@10': 44, 'Best_epoch_HR@20': 44, 'Best_epoch_NDCG@20': 44}
2026/03/22 21:03:13 - __main__ - INFO - 124 - trainer - Epoch: 45
2026/03/22 21:03:13 - __main__ - INFO - 142 - trainer - [0/129] Loss: 6.9733 Loss_contra: 0.0329
2026/03/22 21:03:22 - __main__ - INFO - 142 - trainer - [26/129] Loss: 7.1141 Loss_contra: 0.0248
2026/03/22 21:03:30 - __main__ - INFO - 142 - trainer - [52/129] Loss: 7.2286 Loss_contra: 0.0256
2026/03/22 21:03:38 - __main__ - INFO - 142 - trainer - [78/129] Loss: 7.1315 Loss_contra: 0.0267
2026/03/22 21:03:46 - __main__ - INFO - 142 - trainer - [104/129] Loss: 7.1300 Loss_contra: 0.0278
2026/03/22 21:03:54 - __main__ - INFO - 152 - trainer - start predicting: 2026-03-22 21:03:54.252311
2026/03/22 21:04:31 - __main__ - INFO - 187 - trainer - {'Best_HR@5': 5.4516, 'Best_NDCG@5': 3.8829, 'Best_HR@10': 7.4399, 'Best_NDCG@10': 4.5088, 'Best_HR@20': 10.3073, 'Best_NDCG@20': 5.2379}
2026/03/22 21:04:31 - __main__ - INFO - 188 - trainer - {'Best_epoch_HR@5': 44, 'Best_epoch_NDCG@5': 44, 'Best_epoch_HR@10': 45, 'Best_epoch_NDCG@10': 44, 'Best_epoch_HR@20': 44, 'Best_epoch_NDCG@20': 44}
2026/03/22 21:04:31 - __main__ - INFO - 124 - trainer - Epoch: 46
2026/03/22 21:04:31 - __main__ - INFO - 142 - trainer - [0/129] Loss: 7.1187 Loss_contra: 0.0276
2026/03/22 21:04:40 - __main__ - INFO - 142 - trainer - [26/129] Loss: 6.9209 Loss_contra: 0.0262
2026/03/22 21:04:48 - __main__ - INFO - 142 - trainer - [52/129] Loss: 7.1043 Loss_contra: 0.0243
2026/03/22 21:04:56 - __main__ - INFO - 142 - trainer - [78/129] Loss: 7.0799 Loss_contra: 0.0238
2026/03/22 21:05:04 - __main__ - INFO - 142 - trainer - [104/129] Loss: 7.2231 Loss_contra: 0.0293
2026/03/22 21:05:12 - __main__ - INFO - 152 - trainer - start predicting: 2026-03-22 21:05:12.022918
2026/03/22 21:05:47 - __main__ - INFO - 187 - trainer - {'Best_HR@5': 5.4974, 'Best_NDCG@5': 3.9157, 'Best_HR@10': 7.5005, 'Best_NDCG@10': 4.5567, 'Best_HR@20': 10.3816, 'Best_NDCG@20': 5.2795}
2026/03/22 21:05:47 - __main__ - INFO - 188 - trainer - {'Best_epoch_HR@5': 46, 'Best_epoch_NDCG@5': 46, 'Best_epoch_HR@10': 46, 'Best_epoch_NDCG@10': 46, 'Best_epoch_HR@20': 46, 'Best_epoch_NDCG@20': 46}
2026/03/22 21:05:47 - __main__ - INFO - 124 - trainer - Epoch: 47
2026/03/22 21:05:48 - __main__ - INFO - 142 - trainer - [0/129] Loss: 7.0371 Loss_contra: 0.0248
2026/03/22 21:05:57 - __main__ - INFO - 142 - trainer - [26/129] Loss: 7.0734 Loss_contra: 0.0241
2026/03/22 21:06:06 - __main__ - INFO - 142 - trainer - [52/129] Loss: 7.1124 Loss_contra: 0.0197
2026/03/22 21:06:15 - __main__ - INFO - 142 - trainer - [78/129] Loss: 7.2203 Loss_contra: 0.0277
2026/03/22 21:06:24 - __main__ - INFO - 142 - trainer - [104/129] Loss: 7.0817 Loss_contra: 0.0220
2026/03/22 21:06:33 - __main__ - INFO - 152 - trainer - start predicting: 2026-03-22 21:06:33.540649
2026/03/22 21:07:18 - __main__ - INFO - 187 - trainer - {'Best_HR@5': 5.5401, 'Best_NDCG@5': 3.9157, 'Best_HR@10': 7.5005, 'Best_NDCG@10': 4.5567, 'Best_HR@20': 10.3816, 'Best_NDCG@20': 5.2795}
2026/03/22 21:07:18 - __main__ - INFO - 188 - trainer - {'Best_epoch_HR@5': 47, 'Best_epoch_NDCG@5': 46, 'Best_epoch_HR@10': 46, 'Best_epoch_NDCG@10': 46, 'Best_epoch_HR@20': 46, 'Best_epoch_NDCG@20': 46}
2026/03/22 21:07:18 - __main__ - INFO - 124 - trainer - Epoch: 48
2026/03/22 21:07:18 - __main__ - INFO - 142 - trainer - [0/129] Loss: 6.8409 Loss_contra: 0.0273
2026/03/22 21:07:27 - __main__ - INFO - 142 - trainer - [26/129] Loss: 6.8541 Loss_contra: 0.0241
2026/03/22 21:07:37 - __main__ - INFO - 142 - trainer - [52/129] Loss: 7.0294 Loss_contra: 0.0224
2026/03/22 21:07:46 - __main__ - INFO - 142 - trainer - [78/129] Loss: 7.1237 Loss_contra: 0.0233
2026/03/22 21:07:55 - __main__ - INFO - 142 - trainer - [104/129] Loss: 7.0673 Loss_contra: 0.0269
2026/03/22 21:08:04 - __main__ - INFO - 152 - trainer - start predicting: 2026-03-22 21:08:04.739491
2026/03/22 21:08:47 - __main__ - INFO - 187 - trainer - {'Best_HR@5': 5.5851, 'Best_NDCG@5': 3.9865, 'Best_HR@10': 7.5771, 'Best_NDCG@10': 4.6284, 'Best_HR@20': 10.3816, 'Best_NDCG@20': 5.3241}
2026/03/22 21:08:47 - __main__ - INFO - 188 - trainer - {'Best_epoch_HR@5': 48, 'Best_epoch_NDCG@5': 48, 'Best_epoch_HR@10': 48, 'Best_epoch_NDCG@10': 48, 'Best_epoch_HR@20': 46, 'Best_epoch_NDCG@20': 48}
2026/03/22 21:08:47 - __main__ - INFO - 124 - trainer - Epoch: 49
2026/03/22 21:08:47 - __main__ - INFO - 142 - trainer - [0/129] Loss: 6.8699 Loss_contra: 0.0274
2026/03/22 21:08:57 - __main__ - INFO - 142 - trainer - [26/129] Loss: 6.9220 Loss_contra: 0.0242
2026/03/22 21:09:07 - __main__ - INFO - 142 - trainer - [52/129] Loss: 6.9470 Loss_contra: 0.0247
2026/03/22 21:09:17 - __main__ - INFO - 142 - trainer - [78/129] Loss: 6.8930 Loss_contra: 0.0242
2026/03/22 21:09:26 - __main__ - INFO - 142 - trainer - [104/129] Loss: 6.9701 Loss_contra: 0.0246
2026/03/22 21:09:35 - __main__ - INFO - 152 - trainer - start predicting: 2026-03-22 21:09:35.285010
2026/03/22 21:10:17 - __main__ - INFO - 187 - trainer - {'Best_HR@5': 5.5851, 'Best_NDCG@5': 3.9865, 'Best_HR@10': 7.5932, 'Best_NDCG@10': 4.6284, 'Best_HR@20': 10.3816, 'Best_NDCG@20': 5.3241}
2026/03/22 21:10:17 - __main__ - INFO - 188 - trainer - {'Best_epoch_HR@5': 48, 'Best_epoch_NDCG@5': 48, 'Best_epoch_HR@10': 49, 'Best_epoch_NDCG@10': 48, 'Best_epoch_HR@20': 46, 'Best_epoch_NDCG@20': 48}
2026/03/22 21:10:17 - __main__ - INFO - 124 - trainer - Epoch: 50
2026/03/22 21:10:17 - __main__ - INFO - 142 - trainer - [0/129] Loss: 6.8841 Loss_contra: 0.0240
2026/03/22 21:10:27 - __main__ - INFO - 142 - trainer - [26/129] Loss: 6.7520 Loss_contra: 0.0233
2026/03/22 21:10:36 - __main__ - INFO - 142 - trainer - [52/129] Loss: 6.8730 Loss_contra: 0.0226
2026/03/22 21:10:46 - __main__ - INFO - 142 - trainer - [78/129] Loss: 6.9826 Loss_contra: 0.0239
2026/03/22 21:10:55 - __main__ - INFO - 142 - trainer - [104/129] Loss: 7.0450 Loss_contra: 0.0241
2026/03/22 21:11:03 - __main__ - INFO - 152 - trainer - start predicting: 2026-03-22 21:11:03.436277
2026/03/22 21:11:46 - __main__ - INFO - 187 - trainer - {'Best_HR@5': 5.6299, 'Best_NDCG@5': 4.0365, 'Best_HR@10': 7.6304, 'Best_NDCG@10': 4.6768, 'Best_HR@20': 10.4639, 'Best_NDCG@20': 5.3902}
2026/03/22 21:11:46 - __main__ - INFO - 188 - trainer - {'Best_epoch_HR@5': 50, 'Best_epoch_NDCG@5': 50, 'Best_epoch_HR@10': 50, 'Best_epoch_NDCG@10': 50, 'Best_epoch_HR@20': 50, 'Best_epoch_NDCG@20': 50}
2026/03/22 21:11:47 - __main__ - INFO - 124 - trainer - Epoch: 51
2026/03/22 21:11:47 - __main__ - INFO - 142 - trainer - [0/129] Loss: 6.7669 Loss_contra: 0.0244
2026/03/22 21:11:57 - __main__ - INFO - 142 - trainer - [26/129] Loss: 6.9174 Loss_contra: 0.0214
2026/03/22 21:12:06 - __main__ - INFO - 142 - trainer - [52/129] Loss: 6.8043 Loss_contra: 0.0228
2026/03/22 21:12:15 - __main__ - INFO - 142 - trainer - [78/129] Loss: 6.8315 Loss_contra: 0.0233
2026/03/22 21:12:24 - __main__ - INFO - 142 - trainer - [104/129] Loss: 6.8729 Loss_contra: 0.0236
2026/03/22 21:12:32 - __main__ - INFO - 152 - trainer - start predicting: 2026-03-22 21:12:32.559387
2026/03/22 21:13:16 - __main__ - INFO - 187 - trainer - {'Best_HR@5': 5.6341, 'Best_NDCG@5': 4.0416, 'Best_HR@10': 7.6304, 'Best_NDCG@10': 4.6786, 'Best_HR@20': 10.4639, 'Best_NDCG@20': 5.3936}
2026/03/22 21:13:16 - __main__ - INFO - 188 - trainer - {'Best_epoch_HR@5': 51, 'Best_epoch_NDCG@5': 51, 'Best_epoch_HR@10': 50, 'Best_epoch_NDCG@10': 51, 'Best_epoch_HR@20': 50, 'Best_epoch_NDCG@20': 51}
2026/03/22 21:13:16 - __main__ - INFO - 124 - trainer - Epoch: 52
2026/03/22 21:13:16 - __main__ - INFO - 142 - trainer - [0/129] Loss: 6.8370 Loss_contra: 0.0239
2026/03/22 21:13:26 - __main__ - INFO - 142 - trainer - [26/129] Loss: 6.6927 Loss_contra: 0.0214
2026/03/22 21:13:35 - __main__ - INFO - 142 - trainer - [52/129] Loss: 6.8328 Loss_contra: 0.0218
2026/03/22 21:13:43 - __main__ - INFO - 142 - trainer - [78/129] Loss: 6.7800 Loss_contra: 0.0225
2026/03/22 21:13:52 - __main__ - INFO - 142 - trainer - [104/129] Loss: 6.8641 Loss_contra: 0.0221
2026/03/22 21:14:01 - __main__ - INFO - 152 - trainer - start predicting: 2026-03-22 21:14:01.491709
2026/03/22 21:14:46 - __main__ - INFO - 187 - trainer - {'Best_HR@5': 5.6341, 'Best_NDCG@5': 4.0416, 'Best_HR@10': 7.7408, 'Best_NDCG@10': 4.6786, 'Best_HR@20': 10.6225, 'Best_NDCG@20': 5.3936}
2026/03/22 21:14:46 - __main__ - INFO - 188 - trainer - {'Best_epoch_HR@5': 51, 'Best_epoch_NDCG@5': 51, 'Best_epoch_HR@10': 52, 'Best_epoch_NDCG@10': 51, 'Best_epoch_HR@20': 52, 'Best_epoch_NDCG@20': 51}
2026/03/22 21:14:46 - __main__ - INFO - 124 - trainer - Epoch: 53
2026/03/22 21:14:46 - __main__ - INFO - 142 - trainer - [0/129] Loss: 6.7431 Loss_contra: 0.0246
2026/03/22 21:14:55 - __main__ - INFO - 142 - trainer - [26/129] Loss: 6.6987 Loss_contra: 0.0220
2026/03/22 21:15:05 - __main__ - INFO - 142 - trainer - [52/129] Loss: 6.8588 Loss_contra: 0.0215
2026/03/22 21:15:13 - __main__ - INFO - 142 - trainer - [78/129] Loss: 6.8849 Loss_contra: 0.0247
2026/03/22 21:15:23 - __main__ - INFO - 142 - trainer - [104/129] Loss: 6.8534 Loss_contra: 0.0217
2026/03/22 21:15:31 - __main__ - INFO - 152 - trainer - start predicting: 2026-03-22 21:15:31.625143
2026/03/22 21:16:13 - __main__ - INFO - 187 - trainer - {'Best_HR@5': 5.6341, 'Best_NDCG@5': 4.0416, 'Best_HR@10': 7.7408, 'Best_NDCG@10': 4.6982, 'Best_HR@20': 10.6225, 'Best_NDCG@20': 5.3998}
2026/03/22 21:16:13 - __main__ - INFO - 188 - trainer - {'Best_epoch_HR@5': 51, 'Best_epoch_NDCG@5': 51, 'Best_epoch_HR@10': 52, 'Best_epoch_NDCG@10': 53, 'Best_epoch_HR@20': 52, 'Best_epoch_NDCG@20': 53}
2026/03/22 21:16:13 - __main__ - INFO - 124 - trainer - Epoch: 54
2026/03/22 21:16:13 - __main__ - INFO - 142 - trainer - [0/129] Loss: 6.7990 Loss_contra: 0.0207
2026/03/22 21:16:24 - __main__ - INFO - 142 - trainer - [26/129] Loss: 6.7977 Loss_contra: 0.0224
2026/03/22 21:16:34 - __main__ - INFO - 142 - trainer - [52/129] Loss: 6.8484 Loss_contra: 0.0204
2026/03/22 21:16:44 - __main__ - INFO - 142 - trainer - [78/129] Loss: 6.8623 Loss_contra: 0.0211
2026/03/22 21:16:55 - __main__ - INFO - 142 - trainer - [104/129] Loss: 6.7917 Loss_contra: 0.0213
2026/03/22 21:17:03 - __main__ - INFO - 152 - trainer - start predicting: 2026-03-22 21:17:03.736823
2026/03/22 21:17:48 - __main__ - INFO - 187 - trainer - {'Best_HR@5': 5.643, 'Best_NDCG@5': 4.0416, 'Best_HR@10': 7.7408, 'Best_NDCG@10': 4.6982, 'Best_HR@20': 10.6554, 'Best_NDCG@20': 5.4109}
2026/03/22 21:17:48 - __main__ - INFO - 188 - trainer - {'Best_epoch_HR@5': 54, 'Best_epoch_NDCG@5': 51, 'Best_epoch_HR@10': 52, 'Best_epoch_NDCG@10': 53, 'Best_epoch_HR@20': 54, 'Best_epoch_NDCG@20': 54}
2026/03/22 21:17:48 - __main__ - INFO - 124 - trainer - Epoch: 55
2026/03/22 21:17:49 - __main__ - INFO - 142 - trainer - [0/129] Loss: 6.6390 Loss_contra: 0.0214
2026/03/22 21:17:59 - __main__ - INFO - 142 - trainer - [26/129] Loss: 6.7008 Loss_contra: 0.0204
2026/03/22 21:18:09 - __main__ - INFO - 142 - trainer - [52/129] Loss: 6.8140 Loss_contra: 0.0224
2026/03/22 21:18:18 - __main__ - INFO - 142 - trainer - [78/129] Loss: 6.6845 Loss_contra: 0.0185
2026/03/22 21:18:28 - __main__ - INFO - 142 - trainer - [104/129] Loss: 6.6965 Loss_contra: 0.0196
2026/03/22 21:18:37 - __main__ - INFO - 152 - trainer - start predicting: 2026-03-22 21:18:37.591150
2026/03/22 21:19:22 - __main__ - INFO - 187 - trainer - {'Best_HR@5': 5.7164, 'Best_NDCG@5': 4.1671, 'Best_HR@10': 7.7408, 'Best_NDCG@10': 4.8147, 'Best_HR@20': 10.6607, 'Best_NDCG@20': 5.5535}
2026/03/22 21:19:22 - __main__ - INFO - 188 - trainer - {'Best_epoch_HR@5': 55, 'Best_epoch_NDCG@5': 55, 'Best_epoch_HR@10': 52, 'Best_epoch_NDCG@10': 55, 'Best_epoch_HR@20': 55, 'Best_epoch_NDCG@20': 55}
2026/03/22 21:19:22 - __main__ - INFO - 124 - trainer - Epoch: 56
2026/03/22 21:19:22 - __main__ - INFO - 142 - trainer - [0/129] Loss: 6.5766 Loss_contra: 0.0224
2026/03/22 21:19:31 - __main__ - INFO - 142 - trainer - [26/129] Loss: 6.6230 Loss_contra: 0.0207
2026/03/22 21:19:41 - __main__ - INFO - 142 - trainer - [52/129] Loss: 6.5401 Loss_contra: 0.0184
2026/03/22 21:19:50 - __main__ - INFO - 142 - trainer - [78/129] Loss: 6.6436 Loss_contra: 0.0234
2026/03/22 21:20:00 - __main__ - INFO - 142 - trainer - [104/129] Loss: 6.8236 Loss_contra: 0.0226
2026/03/22 21:20:09 - __main__ - INFO - 152 - trainer - start predicting: 2026-03-22 21:20:09.667827
2026/03/22 21:20:53 - __main__ - INFO - 187 - trainer - {'Best_HR@5': 5.7164, 'Best_NDCG@5': 4.1671, 'Best_HR@10': 7.7704, 'Best_NDCG@10': 4.8147, 'Best_HR@20': 10.6607, 'Best_NDCG@20': 5.5535}
2026/03/22 21:20:53 - __main__ - INFO - 188 - trainer - {'Best_epoch_HR@5': 55, 'Best_epoch_NDCG@5': 55, 'Best_epoch_HR@10': 56, 'Best_epoch_NDCG@10': 55, 'Best_epoch_HR@20': 55, 'Best_epoch_NDCG@20': 55}
2026/03/22 21:20:53 - __main__ - INFO - 124 - trainer - Epoch: 57
2026/03/22 21:20:53 - __main__ - INFO - 142 - trainer - [0/129] Loss: 6.7173 Loss_contra: 0.0201
2026/03/22 21:21:03 - __main__ - INFO - 142 - trainer - [26/129] Loss: 6.7377 Loss_contra: 0.0227
2026/03/22 21:21:12 - __main__ - INFO - 142 - trainer - [52/129] Loss: 6.5866 Loss_contra: 0.0185
2026/03/22 21:21:22 - __main__ - INFO - 142 - trainer - [78/129] Loss: 6.7217 Loss_contra: 0.0195
2026/03/22 21:21:32 - __main__ - INFO - 142 - trainer - [104/129] Loss: 6.6014 Loss_contra: 0.0198
2026/03/22 21:21:41 - __main__ - INFO - 152 - trainer - start predicting: 2026-03-22 21:21:41.167518
2026/03/22 21:22:24 - __main__ - INFO - 187 - trainer - {'Best_HR@5': 5.8048, 'Best_NDCG@5': 4.1671, 'Best_HR@10': 7.851, 'Best_NDCG@10': 4.8147, 'Best_HR@20': 10.8212, 'Best_NDCG@20': 5.5535}
2026/03/22 21:22:24 - __main__ - INFO - 188 - trainer - {'Best_epoch_HR@5': 57, 'Best_epoch_NDCG@5': 55, 'Best_epoch_HR@10': 57, 'Best_epoch_NDCG@10': 55, 'Best_epoch_HR@20': 57, 'Best_epoch_NDCG@20': 55}
2026/03/22 21:22:24 - __main__ - INFO - 124 - trainer - Epoch: 58
2026/03/22 21:22:25 - __main__ - INFO - 142 - trainer - [0/129] Loss: 6.5329 Loss_contra: 0.0204
2026/03/22 21:22:35 - __main__ - INFO - 142 - trainer - [26/129] Loss: 6.5664 Loss_contra: 0.0175
2026/03/22 21:22:44 - __main__ - INFO - 142 - trainer - [52/129] Loss: 6.5485 Loss_contra: 0.0193
2026/03/22 21:22:54 - __main__ - INFO - 142 - trainer - [78/129] Loss: 6.6726 Loss_contra: 0.0204
2026/03/22 21:23:04 - __main__ - INFO - 142 - trainer - [104/129] Loss: 6.7323 Loss_contra: 0.0198
2026/03/22 21:23:13 - __main__ - INFO - 152 - trainer - start predicting: 2026-03-22 21:23:13.113654
2026/03/22 21:23:57 - __main__ - INFO - 187 - trainer - {'Best_HR@5': 5.8725, 'Best_NDCG@5': 4.1844, 'Best_HR@10': 7.992, 'Best_NDCG@10': 4.864, 'Best_HR@20': 10.8212, 'Best_NDCG@20': 5.5686}
2026/03/22 21:23:57 - __main__ - INFO - 188 - trainer - {'Best_epoch_HR@5': 58, 'Best_epoch_NDCG@5': 58, 'Best_epoch_HR@10': 58, 'Best_epoch_NDCG@10': 58, 'Best_epoch_HR@20': 57, 'Best_epoch_NDCG@20': 58}
2026/03/22 21:23:58 - __main__ - INFO - 124 - trainer - Epoch: 59
2026/03/22 21:23:58 - __main__ - INFO - 142 - trainer - [0/129] Loss: 6.6121 Loss_contra: 0.0217
2026/03/22 21:24:08 - __main__ - INFO - 142 - trainer - [26/129] Loss: 6.5832 Loss_contra: 0.0188
2026/03/22 21:24:18 - __main__ - INFO - 142 - trainer - [52/129] Loss: 6.6466 Loss_contra: 0.0177
2026/03/22 21:24:28 - __main__ - INFO - 142 - trainer - [78/129] Loss: 6.5663 Loss_contra: 0.0194
2026/03/22 21:24:37 - __main__ - INFO - 142 - trainer - [104/129] Loss: 6.6916 Loss_contra: 0.0176
2026/03/22 21:24:45 - __main__ - INFO - 152 - trainer - start predicting: 2026-03-22 21:24:45.839988
2026/03/22 21:25:30 - __main__ - INFO - 187 - trainer - {'Best_HR@5': 5.8725, 'Best_NDCG@5': 4.1844, 'Best_HR@10': 7.992, 'Best_NDCG@10': 4.864, 'Best_HR@20': 10.8789, 'Best_NDCG@20': 5.5859}
2026/03/22 21:25:30 - __main__ - INFO - 188 - trainer - {'Best_epoch_HR@5': 58, 'Best_epoch_NDCG@5': 58, 'Best_epoch_HR@10': 58, 'Best_epoch_NDCG@10': 58, 'Best_epoch_HR@20': 59, 'Best_epoch_NDCG@20': 59}
2026/03/22 21:25:30 - __main__ - INFO - 124 - trainer - Epoch: 60
2026/03/22 21:25:31 - __main__ - INFO - 142 - trainer - [0/129] Loss: 6.5322 Loss_contra: 0.0178
2026/03/22 21:25:40 - __main__ - INFO - 142 - trainer - [26/129] Loss: 6.4838 Loss_contra: 0.0177
2026/03/22 21:25:50 - __main__ - INFO - 142 - trainer - [52/129] Loss: 6.5253 Loss_contra: 0.0197
2026/03/22 21:25:59 - __main__ - INFO - 142 - trainer - [78/129] Loss: 6.5653 Loss_contra: 0.0197
2026/03/22 21:26:09 - __main__ - INFO - 142 - trainer - [104/129] Loss: 6.5535 Loss_contra: 0.0177
2026/03/22 21:26:18 - __main__ - INFO - 152 - trainer - start predicting: 2026-03-22 21:26:18.958076
2026/03/22 21:27:04 - __main__ - INFO - 124 - trainer - Epoch: 61
2026/03/22 21:27:04 - __main__ - INFO - 142 - trainer - [0/129] Loss: 6.5719 Loss_contra: 0.0191
2026/03/22 21:27:14 - __main__ - INFO - 142 - trainer - [26/129] Loss: 6.4660 Loss_contra: 0.0185
2026/03/22 21:27:25 - __main__ - INFO - 142 - trainer - [52/129] Loss: 6.4411 Loss_contra: 0.0185
2026/03/22 21:27:35 - __main__ - INFO - 142 - trainer - [78/129] Loss: 6.5873 Loss_contra: 0.0193
2026/03/22 21:27:45 - __main__ - INFO - 142 - trainer - [104/129] Loss: 6.4704 Loss_contra: 0.0158
2026/03/22 21:27:54 - __main__ - INFO - 152 - trainer - start predicting: 2026-03-22 21:27:54.948477
2026/03/22 21:28:40 - __main__ - INFO - 187 - trainer - {'Best_HR@5': 5.894, 'Best_NDCG@5': 4.1911, 'Best_HR@10': 7.992, 'Best_NDCG@10': 4.864, 'Best_HR@20': 10.8789, 'Best_NDCG@20': 5.5859}
2026/03/22 21:28:40 - __main__ - INFO - 188 - trainer - {'Best_epoch_HR@5': 61, 'Best_epoch_NDCG@5': 61, 'Best_epoch_HR@10': 58, 'Best_epoch_NDCG@10': 58, 'Best_epoch_HR@20': 59, 'Best_epoch_NDCG@20': 59}
2026/03/22 21:28:40 - __main__ - INFO - 124 - trainer - Epoch: 62
2026/03/22 21:28:40 - __main__ - INFO - 142 - trainer - [0/129] Loss: 6.4694 Loss_contra: 0.0193
2026/03/22 21:28:51 - __main__ - INFO - 142 - trainer - [26/129] Loss: 6.4015 Loss_contra: 0.0164
2026/03/22 21:29:01 - __main__ - INFO - 142 - trainer - [52/129] Loss: 6.3491 Loss_contra: 0.0168
2026/03/22 21:29:11 - __main__ - INFO - 142 - trainer - [78/129] Loss: 6.4961 Loss_contra: 0.0183
2026/03/22 21:29:19 - __main__ - INFO - 142 - trainer - [104/129] Loss: 6.6108 Loss_contra: 0.0174
2026/03/22 21:29:27 - __main__ - INFO - 152 - trainer - start predicting: 2026-03-22 21:29:27.869046
2026/03/22 21:30:12 - __main__ - INFO - 124 - trainer - Epoch: 63
2026/03/22 21:30:13 - __main__ - INFO - 142 - trainer - [0/129] Loss: 6.4581 Loss_contra: 0.0172
2026/03/22 21:30:23 - __main__ - INFO - 142 - trainer - [26/129] Loss: 6.4805 Loss_contra: 0.0170
2026/03/22 21:30:33 - __main__ - INFO - 142 - trainer - [52/129] Loss: 6.4559 Loss_contra: 0.0184
2026/03/22 21:30:42 - __main__ - INFO - 142 - trainer - [78/129] Loss: 6.3447 Loss_contra: 0.0182
2026/03/22 21:30:51 - __main__ - INFO - 142 - trainer - [104/129] Loss: 6.5795 Loss_contra: 0.0178
2026/03/22 21:31:00 - __main__ - INFO - 152 - trainer - start predicting: 2026-03-22 21:31:00.409779
2026/03/22 21:31:46 - __main__ - INFO - 124 - trainer - Epoch: 64
2026/03/22 21:31:47 - __main__ - INFO - 142 - trainer - [0/129] Loss: 6.3711 Loss_contra: 0.0180
2026/03/22 21:31:56 - __main__ - INFO - 142 - trainer - [26/129] Loss: 6.3390 Loss_contra: 0.0162
2026/03/22 21:32:05 - __main__ - INFO - 142 - trainer - [52/129] Loss: 6.4274 Loss_contra: 0.0159
2026/03/22 21:32:15 - __main__ - INFO - 142 - trainer - [78/129] Loss: 6.5122 Loss_contra: 0.0161
2026/03/22 21:32:25 - __main__ - INFO - 142 - trainer - [104/129] Loss: 6.4093 Loss_contra: 0.0157
2026/03/22 21:32:34 - __main__ - INFO - 152 - trainer - start predicting: 2026-03-22 21:32:34.762689
2026/03/22 21:33:18 - __main__ - INFO - 124 - trainer - Epoch: 65
2026/03/22 21:33:19 - __main__ - INFO - 142 - trainer - [0/129] Loss: 6.1340 Loss_contra: 0.0189
2026/03/22 21:33:28 - __main__ - INFO - 142 - trainer - [26/129] Loss: 6.4038 Loss_contra: 0.0162
2026/03/22 21:33:38 - __main__ - INFO - 142 - trainer - [52/129] Loss: 6.2496 Loss_contra: 0.0231
2026/03/22 21:33:48 - __main__ - INFO - 142 - trainer - [78/129] Loss: 6.4368 Loss_contra: 0.0183
2026/03/22 21:33:57 - __main__ - INFO - 142 - trainer - [104/129] Loss: 6.3765 Loss_contra: 0.0187
2026/03/22 21:34:06 - __main__ - INFO - 152 - trainer - start predicting: 2026-03-22 21:34:06.659796
2026/03/22 21:34:49 - __main__ - INFO - 187 - trainer - {'Best_HR@5': 5.894, 'Best_NDCG@5': 4.1911, 'Best_HR@10': 7.992, 'Best_NDCG@10': 4.864, 'Best_HR@20': 10.8789, 'Best_NDCG@20': 5.5997}
2026/03/22 21:34:49 - __main__ - INFO - 188 - trainer - {'Best_epoch_HR@5': 61, 'Best_epoch_NDCG@5': 61, 'Best_epoch_HR@10': 58, 'Best_epoch_NDCG@10': 58, 'Best_epoch_HR@20': 59, 'Best_epoch_NDCG@20': 65}
2026/03/22 21:34:49 - __main__ - INFO - 124 - trainer - Epoch: 66
2026/03/22 21:34:49 - __main__ - INFO - 142 - trainer - [0/129] Loss: 6.2260 Loss_contra: 0.0156
2026/03/22 21:35:00 - __main__ - INFO - 142 - trainer - [26/129] Loss: 6.3578 Loss_contra: 0.0177
2026/03/22 21:35:09 - __main__ - INFO - 142 - trainer - [52/129] Loss: 6.1501 Loss_contra: 0.0192
2026/03/22 21:35:19 - __main__ - INFO - 142 - trainer - [78/129] Loss: 6.4166 Loss_contra: 0.0166
2026/03/22 21:35:29 - __main__ - INFO - 142 - trainer - [104/129] Loss: 6.3070 Loss_contra: 0.0177
2026/03/22 21:35:37 - __main__ - INFO - 152 - trainer - start predicting: 2026-03-22 21:35:37.262709
2026/03/22 21:36:22 - __main__ - INFO - 187 - trainer - {'Best_HR@5': 5.894, 'Best_NDCG@5': 4.1911, 'Best_HR@10': 7.9922, 'Best_NDCG@10': 4.864, 'Best_HR@20': 10.8789, 'Best_NDCG@20': 5.5997}
2026/03/22 21:36:22 - __main__ - INFO - 188 - trainer - {'Best_epoch_HR@5': 61, 'Best_epoch_NDCG@5': 61, 'Best_epoch_HR@10': 66, 'Best_epoch_NDCG@10': 58, 'Best_epoch_HR@20': 59, 'Best_epoch_NDCG@20': 65}
2026/03/22 21:36:22 - __main__ - INFO - 124 - trainer - Epoch: 67
2026/03/22 21:36:22 - __main__ - INFO - 142 - trainer - [0/129] Loss: 6.3155 Loss_contra: 0.0171
2026/03/22 21:36:32 - __main__ - INFO - 142 - trainer - [26/129] Loss: 6.2372 Loss_contra: 0.0151
2026/03/22 21:36:41 - __main__ - INFO - 142 - trainer - [52/129] Loss: 6.2219 Loss_contra: 0.0142
2026/03/22 21:36:50 - __main__ - INFO - 142 - trainer - [78/129] Loss: 6.1718 Loss_contra: 0.0183
2026/03/22 21:36:59 - __main__ - INFO - 142 - trainer - [104/129] Loss: 6.3543 Loss_contra: 0.0173
2026/03/22 21:37:09 - __main__ - INFO - 152 - trainer - start predicting: 2026-03-22 21:37:09.180551
2026/03/22 21:37:52 - __main__ - INFO - 124 - trainer - Epoch: 68
2026/03/22 21:37:52 - __main__ - INFO - 142 - trainer - [0/129] Loss: 6.0878 Loss_contra: 0.0166
2026/03/22 21:38:01 - __main__ - INFO - 142 - trainer - [26/129] Loss: 6.2511 Loss_contra: 0.0142
2026/03/22 21:38:11 - __main__ - INFO - 142 - trainer - [52/129] Loss: 6.2004 Loss_contra: 0.0164
2026/03/22 21:38:21 - __main__ - INFO - 142 - trainer - [78/129] Loss: 6.2811 Loss_contra: 0.0167
2026/03/22 21:38:30 - __main__ - INFO - 142 - trainer - [104/129] Loss: 6.3149 Loss_contra: 0.0139
2026/03/22 21:38:39 - __main__ - INFO - 152 - trainer - start predicting: 2026-03-22 21:38:39.533563
2026/03/22 21:39:27 - __main__ - INFO - 124 - trainer - Epoch: 69
2026/03/22 21:39:27 - __main__ - INFO - 142 - trainer - [0/129] Loss: 6.2745 Loss_contra: 0.0159
2026/03/22 21:39:37 - __main__ - INFO - 142 - trainer - [26/129] Loss: 6.1242 Loss_contra: 0.0171
2026/03/22 21:39:46 - __main__ - INFO - 142 - trainer - [52/129] Loss: 6.2295 Loss_contra: 0.0180
2026/03/22 21:39:56 - __main__ - INFO - 142 - trainer - [78/129] Loss: 6.1036 Loss_contra: 0.0156
2026/03/22 21:40:06 - __main__ - INFO - 142 - trainer - [104/129] Loss: 6.2715 Loss_contra: 0.0160
2026/03/22 21:40:15 - __main__ - INFO - 152 - trainer - start predicting: 2026-03-22 21:40:15.169341
2026/03/22 21:41:00 - __main__ - INFO - 187 - trainer - {'Best_HR@5': 5.9418, 'Best_NDCG@5': 4.214, 'Best_HR@10': 8.0355, 'Best_NDCG@10': 4.8866, 'Best_HR@20': 10.8789, 'Best_NDCG@20': 5.5997}
2026/03/22 21:41:00 - __main__ - INFO - 188 - trainer - {'Best_epoch_HR@5': 69, 'Best_epoch_NDCG@5': 69, 'Best_epoch_HR@10': 69, 'Best_epoch_NDCG@10': 69, 'Best_epoch_HR@20': 59, 'Best_epoch_NDCG@20': 65}
2026/03/22 21:41:00 - __main__ - INFO - 124 - trainer - Epoch: 70
2026/03/22 21:41:00 - __main__ - INFO - 142 - trainer - [0/129] Loss: 6.0664 Loss_contra: 0.0194
2026/03/22 21:41:10 - __main__ - INFO - 142 - trainer - [26/129] Loss: 5.9924 Loss_contra: 0.0145
2026/03/22 21:41:19 - __main__ - INFO - 142 - trainer - [52/129] Loss: 6.2612 Loss_contra: 0.0164
2026/03/22 21:41:29 - __main__ - INFO - 142 - trainer - [78/129] Loss: 6.2391 Loss_contra: 0.0181
2026/03/22 21:41:38 - __main__ - INFO - 142 - trainer - [104/129] Loss: 6.2690 Loss_contra: 0.0147
2026/03/22 21:41:48 - __main__ - INFO - 152 - trainer - start predicting: 2026-03-22 21:41:48.000224
2026/03/22 21:42:33 - __main__ - INFO - 124 - trainer - Epoch: 71
2026/03/22 21:42:33 - __main__ - INFO - 142 - trainer - [0/129] Loss: 6.1104 Loss_contra: 0.0155
2026/03/22 21:42:43 - __main__ - INFO - 142 - trainer - [26/129] Loss: 6.0639 Loss_contra: 0.0159
2026/03/22 21:42:53 - __main__ - INFO - 142 - trainer - [52/129] Loss: 6.2544 Loss_contra: 0.0153
2026/03/22 21:43:02 - __main__ - INFO - 142 - trainer - [78/129] Loss: 6.1192 Loss_contra: 0.0150
2026/03/22 21:43:12 - __main__ - INFO - 142 - trainer - [104/129] Loss: 6.1450 Loss_contra: 0.0175
2026/03/22 21:43:21 - __main__ - INFO - 152 - trainer - start predicting: 2026-03-22 21:43:21.071523
2026/03/22 21:44:06 - __main__ - INFO - 187 - trainer - {'Best_HR@5': 5.9418, 'Best_NDCG@5': 4.2156, 'Best_HR@10': 8.0355, 'Best_NDCG@10': 4.8996, 'Best_HR@20': 11.0215, 'Best_NDCG@20': 5.6577}
2026/03/22 21:44:06 - __main__ - INFO - 188 - trainer - {'Best_epoch_HR@5': 69, 'Best_epoch_NDCG@5': 71, 'Best_epoch_HR@10': 69, 'Best_epoch_NDCG@10': 71, 'Best_epoch_HR@20': 71, 'Best_epoch_NDCG@20': 71}
2026/03/22 21:44:06 - __main__ - INFO - 124 - trainer - Epoch: 72
2026/03/22 21:44:06 - __main__ - INFO - 142 - trainer - [0/129] Loss: 6.0721 Loss_contra: 0.0147
2026/03/22 21:44:16 - __main__ - INFO - 142 - trainer - [26/129] Loss: 6.0733 Loss_contra: 0.0146
2026/03/22 21:44:26 - __main__ - INFO - 142 - trainer - [52/129] Loss: 6.1237 Loss_contra: 0.0143
2026/03/22 21:44:34 - __main__ - INFO - 142 - trainer - [78/129] Loss: 5.9400 Loss_contra: 0.0165
2026/03/22 21:44:44 - __main__ - INFO - 142 - trainer - [104/129] Loss: 6.0082 Loss_contra: 0.0149
2026/03/22 21:44:53 - __main__ - INFO - 152 - trainer - start predicting: 2026-03-22 21:44:53.264456
2026/03/22 21:45:37 - __main__ - INFO - 124 - trainer - Epoch: 73
2026/03/22 21:45:37 - __main__ - INFO - 142 - trainer - [0/129] Loss: 6.0657 Loss_contra: 0.0164
2026/03/22 21:45:46 - __main__ - INFO - 142 - trainer - [26/129] Loss: 6.0815 Loss_contra: 0.0141
2026/03/22 21:45:55 - __main__ - INFO - 142 - trainer - [52/129] Loss: 6.1214 Loss_contra: 0.0139
2026/03/22 21:46:04 - __main__ - INFO - 142 - trainer - [78/129] Loss: 6.1889 Loss_contra: 0.0157
2026/03/22 21:46:14 - __main__ - INFO - 142 - trainer - [104/129] Loss: 6.2212 Loss_contra: 0.0144
2026/03/22 21:46:23 - __main__ - INFO - 152 - trainer - start predicting: 2026-03-22 21:46:23.073197
2026/03/22 21:47:05 - __main__ - INFO - 187 - trainer - {'Best_HR@5': 5.9973, 'Best_NDCG@5': 4.2272, 'Best_HR@10': 8.051, 'Best_NDCG@10': 4.8996, 'Best_HR@20': 11.0215, 'Best_NDCG@20': 5.6577}
2026/03/22 21:47:05 - __main__ - INFO - 188 - trainer - {'Best_epoch_HR@5': 73, 'Best_epoch_NDCG@5': 73, 'Best_epoch_HR@10': 73, 'Best_epoch_NDCG@10': 71, 'Best_epoch_HR@20': 71, 'Best_epoch_NDCG@20': 71}
2026/03/22 21:47:05 - __main__ - INFO - 124 - trainer - Epoch: 74
2026/03/22 21:47:06 - __main__ - INFO - 142 - trainer - [0/129] Loss: 5.8599 Loss_contra: 0.0161
2026/03/22 21:47:15 - __main__ - INFO - 142 - trainer - [26/129] Loss: 6.0736 Loss_contra: 0.0184
2026/03/22 21:47:24 - __main__ - INFO - 142 - trainer - [52/129] Loss: 5.9785 Loss_contra: 0.0142
2026/03/22 21:47:33 - __main__ - INFO - 142 - trainer - [78/129] Loss: 6.1570 Loss_contra: 0.0156
2026/03/22 21:47:43 - __main__ - INFO - 142 - trainer - [104/129] Loss: 6.0823 Loss_contra: 0.0164
2026/03/22 21:47:52 - __main__ - INFO - 152 - trainer - start predicting: 2026-03-22 21:47:52.256395
2026/03/22 21:48:35 - __main__ - INFO - 187 - trainer - {'Best_HR@5': 5.9973, 'Best_NDCG@5': 4.2272, 'Best_HR@10': 8.0666, 'Best_NDCG@10': 4.8996, 'Best_HR@20': 11.0215, 'Best_NDCG@20': 5.6577}
2026/03/22 21:48:35 - __main__ - INFO - 188 - trainer - {'Best_epoch_HR@5': 73, 'Best_epoch_NDCG@5': 73, 'Best_epoch_HR@10': 74, 'Best_epoch_NDCG@10': 71, 'Best_epoch_HR@20': 71, 'Best_epoch_NDCG@20': 71}
2026/03/22 21:48:35 - __main__ - INFO - 124 - trainer - Epoch: 75
2026/03/22 21:48:35 - __main__ - INFO - 142 - trainer - [0/129] Loss: 5.8252 Loss_contra: 0.0136
2026/03/22 21:48:44 - __main__ - INFO - 142 - trainer - [26/129] Loss: 5.9399 Loss_contra: 0.0156
2026/03/22 21:48:53 - __main__ - INFO - 142 - trainer - [52/129] Loss: 5.9812 Loss_contra: 0.0147
2026/03/22 21:49:02 - __main__ - INFO - 142 - trainer - [78/129] Loss: 5.9218 Loss_contra: 0.0150
2026/03/22 21:49:11 - __main__ - INFO - 142 - trainer - [104/129] Loss: 6.1275 Loss_contra: 0.0148
2026/03/22 21:49:19 - __main__ - INFO - 152 - trainer - start predicting: 2026-03-22 21:49:19.913599
2026/03/22 21:50:04 - __main__ - INFO - 187 - trainer - {'Best_HR@5': 5.9973, 'Best_NDCG@5': 4.2272, 'Best_HR@10': 8.1438, 'Best_NDCG@10': 4.9108, 'Best_HR@20': 11.0215, 'Best_NDCG@20': 5.6577}
2026/03/22 21:50:04 - __main__ - INFO - 188 - trainer - {'Best_epoch_HR@5': 73, 'Best_epoch_NDCG@5': 73, 'Best_epoch_HR@10': 75, 'Best_epoch_NDCG@10': 75, 'Best_epoch_HR@20': 71, 'Best_epoch_NDCG@20': 71}
2026/03/22 21:50:04 - __main__ - INFO - 124 - trainer - Epoch: 76
2026/03/22 21:50:05 - __main__ - INFO - 142 - trainer - [0/129] Loss: 5.7633 Loss_contra: 0.0161
2026/03/22 21:50:14 - __main__ - INFO - 142 - trainer - [26/129] Loss: 6.0697 Loss_contra: 0.0140
2026/03/22 21:50:23 - __main__ - INFO - 142 - trainer - [52/129] Loss: 6.0115 Loss_contra: 0.0140
2026/03/22 21:50:33 - __main__ - INFO - 142 - trainer - [78/129] Loss: 6.1511 Loss_contra: 0.0169
2026/03/22 21:50:41 - __main__ - INFO - 142 - trainer - [104/129] Loss: 5.9887 Loss_contra: 0.0161
2026/03/22 21:50:48 - __main__ - INFO - 152 - trainer - start predicting: 2026-03-22 21:50:48.724399
2026/03/22 21:51:24 - __main__ - INFO - 124 - trainer - Epoch: 77
2026/03/22 21:51:24 - __main__ - INFO - 142 - trainer - [0/129] Loss: 5.8363 Loss_contra: 0.0146
2026/03/22 21:51:33 - __main__ - INFO - 142 - trainer - [26/129] Loss: 5.8207 Loss_contra: 0.0136
2026/03/22 21:51:40 - __main__ - INFO - 142 - trainer - [52/129] Loss: 6.0745 Loss_contra: 0.0156
2026/03/22 21:51:48 - __main__ - INFO - 142 - trainer - [78/129] Loss: 5.8605 Loss_contra: 0.0150
2026/03/22 21:51:56 - __main__ - INFO - 142 - trainer - [104/129] Loss: 5.9599 Loss_contra: 0.0136
2026/03/22 21:52:04 - __main__ - INFO - 152 - trainer - start predicting: 2026-03-22 21:52:04.161159
2026/03/22 21:52:39 - __main__ - INFO - 187 - trainer - {'Best_HR@5': 5.9973, 'Best_NDCG@5': 4.2272, 'Best_HR@10': 8.1438, 'Best_NDCG@10': 4.9108, 'Best_HR@20': 11.0472, 'Best_NDCG@20': 5.6577}
2026/03/22 21:52:39 - __main__ - INFO - 188 - trainer - {'Best_epoch_HR@5': 73, 'Best_epoch_NDCG@5': 73, 'Best_epoch_HR@10': 75, 'Best_epoch_NDCG@10': 75, 'Best_epoch_HR@20': 77, 'Best_epoch_NDCG@20': 71}
2026/03/22 21:52:39 - __main__ - INFO - 124 - trainer - Epoch: 78
2026/03/22 21:52:40 - __main__ - INFO - 142 - trainer - [0/129] Loss: 5.6626 Loss_contra: 0.0142
2026/03/22 21:52:48 - __main__ - INFO - 142 - trainer - [26/129] Loss: 5.6391 Loss_contra: 0.0133
2026/03/22 21:52:56 - __main__ - INFO - 142 - trainer - [52/129] Loss: 5.8951 Loss_contra: 0.0151
2026/03/22 21:53:04 - __main__ - INFO - 142 - trainer - [78/129] Loss: 5.7892 Loss_contra: 0.0139
2026/03/22 21:53:12 - __main__ - INFO - 142 - trainer - [104/129] Loss: 6.0583 Loss_contra: 0.0128
2026/03/22 21:53:19 - __main__ - INFO - 152 - trainer - start predicting: 2026-03-22 21:53:19.482940
2026/03/22 21:53:54 - __main__ - INFO - 124 - trainer - Epoch: 79
2026/03/22 21:53:54 - __main__ - INFO - 142 - trainer - [0/129] Loss: 5.8588 Loss_contra: 0.0160
2026/03/22 21:54:02 - __main__ - INFO - 142 - trainer - [26/129] Loss: 5.9486 Loss_contra: 0.0140
2026/03/22 21:54:10 - __main__ - INFO - 142 - trainer - [52/129] Loss: 5.8934 Loss_contra: 0.0155
2026/03/22 21:54:18 - __main__ - INFO - 142 - trainer - [78/129] Loss: 5.9758 Loss_contra: 0.0152
2026/03/22 21:54:26 - __main__ - INFO - 142 - trainer - [104/129] Loss: 6.0412 Loss_contra: 0.0131
2026/03/22 21:54:33 - __main__ - INFO - 152 - trainer - start predicting: 2026-03-22 21:54:33.135992
2026/03/22 21:55:08 - __main__ - INFO - 124 - trainer - Epoch: 80
2026/03/22 21:55:08 - __main__ - INFO - 142 - trainer - [0/129] Loss: 5.8122 Loss_contra: 0.0144
2026/03/22 21:55:17 - __main__ - INFO - 142 - trainer - [26/129] Loss: 5.8683 Loss_contra: 0.0130
2026/03/22 21:55:25 - __main__ - INFO - 142 - trainer - [52/129] Loss: 5.8237 Loss_contra: 0.0148
2026/03/22 21:55:33 - __main__ - INFO - 142 - trainer - [78/129] Loss: 5.7979 Loss_contra: 0.0143
2026/03/22 21:55:41 - __main__ - INFO - 142 - trainer - [104/129] Loss: 5.9551 Loss_contra: 0.0136
2026/03/22 21:55:49 - __main__ - INFO - 152 - trainer - start predicting: 2026-03-22 21:55:49.624510
2026/03/22 21:56:24 - __main__ - INFO - 124 - trainer - Epoch: 81
2026/03/22 21:56:25 - __main__ - INFO - 142 - trainer - [0/129] Loss: 5.6174 Loss_contra: 0.0153
2026/03/22 21:56:33 - __main__ - INFO - 142 - trainer - [26/129] Loss: 5.6865 Loss_contra: 0.0134
2026/03/22 21:56:41 - __main__ - INFO - 142 - trainer - [52/129] Loss: 5.6868 Loss_contra: 0.0147
2026/03/22 21:56:49 - __main__ - INFO - 142 - trainer - [78/129] Loss: 5.8258 Loss_contra: 0.0167
2026/03/22 21:56:57 - __main__ - INFO - 142 - trainer - [104/129] Loss: 5.8824 Loss_contra: 0.0156
2026/03/22 21:57:05 - __main__ - INFO - 152 - trainer - start predicting: 2026-03-22 21:57:05.031853
2026/03/22 21:57:41 - __main__ - INFO - 124 - trainer - Epoch: 82
2026/03/22 21:57:41 - __main__ - INFO - 142 - trainer - [0/129] Loss: 5.7740 Loss_contra: 0.0129
2026/03/22 21:57:49 - __main__ - INFO - 142 - trainer - [26/129] Loss: 5.8572 Loss_contra: 0.0118
2026/03/22 21:57:57 - __main__ - INFO - 142 - trainer - [52/129] Loss: 5.7399 Loss_contra: 0.0122
2026/03/22 21:58:05 - __main__ - INFO - 142 - trainer - [78/129] Loss: 5.8727 Loss_contra: 0.0152
2026/03/22 21:58:13 - __main__ - INFO - 142 - trainer - [104/129] Loss: 5.7832 Loss_contra: 0.0133
2026/03/22 21:58:20 - __main__ - INFO - 152 - trainer - start predicting: 2026-03-22 21:58:20.517505
2026/03/22 21:59:00 - __main__ - INFO - 124 - trainer - Epoch: 83
2026/03/22 21:59:00 - __main__ - INFO - 142 - trainer - [0/129] Loss: 5.5712 Loss_contra: 0.0143
2026/03/22 21:59:09 - __main__ - INFO - 142 - trainer - [26/129] Loss: 5.7456 Loss_contra: 0.0145
2026/03/22 21:59:18 - __main__ - INFO - 142 - trainer - [52/129] Loss: 5.6874 Loss_contra: 0.0129
2026/03/22 21:59:27 - __main__ - INFO - 142 - trainer - [78/129] Loss: 5.8101 Loss_contra: 0.0144
2026/03/22 21:59:37 - __main__ - INFO - 142 - trainer - [104/129] Loss: 5.8279 Loss_contra: 0.0136
2026/03/22 21:59:45 - __main__ - INFO - 152 - trainer - start predicting: 2026-03-22 21:59:45.400728
2026/03/22 22:00:28 - __main__ - INFO - 124 - trainer - Epoch: 84
2026/03/22 22:00:29 - __main__ - INFO - 142 - trainer - [0/129] Loss: 5.6627 Loss_contra: 0.0141
2026/03/22 22:00:37 - __main__ - INFO - 142 - trainer - [26/129] Loss: 5.7622 Loss_contra: 0.0137
2026/03/22 22:00:46 - __main__ - INFO - 142 - trainer - [52/129] Loss: 5.8349 Loss_contra: 0.0125
2026/03/22 22:00:55 - __main__ - INFO - 142 - trainer - [78/129] Loss: 5.7259 Loss_contra: 0.0143
2026/03/22 22:01:04 - __main__ - INFO - 142 - trainer - [104/129] Loss: 5.8328 Loss_contra: 0.0154
2026/03/22 22:01:12 - __main__ - INFO - 152 - trainer - start predicting: 2026-03-22 22:01:12.232594
2026/03/22 22:01:56 - __main__ - INFO - 124 - trainer - Epoch: 85
2026/03/22 22:01:56 - __main__ - INFO - 142 - trainer - [0/129] Loss: 5.7075 Loss_contra: 0.0134
2026/03/22 22:02:06 - __main__ - INFO - 142 - trainer - [26/129] Loss: 5.6558 Loss_contra: 0.0131
2026/03/22 22:02:15 - __main__ - INFO - 142 - trainer - [52/129] Loss: 5.7237 Loss_contra: 0.0123
2026/03/22 22:02:24 - __main__ - INFO - 142 - trainer - [78/129] Loss: 5.7609 Loss_contra: 0.0142
2026/03/22 22:02:33 - __main__ - INFO - 142 - trainer - [104/129] Loss: 5.7097 Loss_contra: 0.0137
2026/03/22 22:02:41 - __main__ - INFO - 152 - trainer - start predicting: 2026-03-22 22:02:41.712155
2026/03/22 22:03:27 - __main__ - INFO - 124 - trainer - Epoch: 86
2026/03/22 22:03:27 - __main__ - INFO - 142 - trainer - [0/129] Loss: 5.5685 Loss_contra: 0.0138
2026/03/22 22:03:36 - __main__ - INFO - 142 - trainer - [26/129] Loss: 5.6173 Loss_contra: 0.0125
2026/03/22 22:03:45 - __main__ - INFO - 142 - trainer - [52/129] Loss: 5.5658 Loss_contra: 0.0155
2026/03/22 22:03:54 - __main__ - INFO - 142 - trainer - [78/129] Loss: 5.6735 Loss_contra: 0.0140
2026/03/22 22:04:04 - __main__ - INFO - 142 - trainer - [104/129] Loss: 5.6793 Loss_contra: 0.0132
2026/03/22 22:04:11 - __main__ - INFO - 152 - trainer - start predicting: 2026-03-22 22:04:11.751748
2026/03/22 22:04:56 - __main__ - INFO - 124 - trainer - Epoch: 87
2026/03/22 22:04:56 - __main__ - INFO - 142 - trainer - [0/129] Loss: 5.6121 Loss_contra: 0.0144
2026/03/22 22:05:06 - __main__ - INFO - 142 - trainer - [26/129] Loss: 5.5929 Loss_contra: 0.0126
2026/03/22 22:05:15 - __main__ - INFO - 142 - trainer - [52/129] Loss: 5.7644 Loss_contra: 0.0127
2026/03/22 22:05:24 - __main__ - INFO - 142 - trainer - [78/129] Loss: 5.6441 Loss_contra: 0.0133
2026/03/22 22:05:34 - __main__ - INFO - 142 - trainer - [104/129] Loss: 5.6634 Loss_contra: 0.0152
2026/03/22 22:05:42 - __main__ - INFO - 152 - trainer - start predicting: 2026-03-22 22:05:42.281435
2026/03/22 22:06:26 - __main__ - INFO - 195 - trainer - {'Best_HR@5': 5.9973, 'Best_NDCG@5': 4.2272, 'Best_HR@10': 8.1438, 'Best_NDCG@10': 4.9108, 'Best_HR@20': 11.0472, 'Best_NDCG@20': 5.6577}
2026/03/22 22:06:26 - __main__ - INFO - 196 - trainer - {'Best_epoch_HR@5': 73, 'Best_epoch_NDCG@5': 73, 'Best_epoch_HR@10': 75, 'Best_epoch_NDCG@10': 75, 'Best_epoch_HR@20': 77, 'Best_epoch_NDCG@20': 71}
2026/03/22 22:07:10 - __main__ - INFO - 223 - trainer - Test------------------------------------------------------
2026/03/22 22:07:10 - __main__ - INFO - 225 - trainer - {'HR@5': 4.1417, 'NDCG@5': 2.9367, 'HR@10': 5.9362, 'NDCG@10': 3.5163, 'HR@20': 8.4984, 'NDCG@20': 4.1608}
2026/03/22 22:07:10 - __main__ - INFO - 227 - trainer - Best Eval---------------------------------------------------------
2026/03/22 22:07:10 - __main__ - INFO - 230 - trainer - {'Best_HR@5': 5.9973, 'Best_NDCG@5': 4.2272, 'Best_HR@10': 8.1438, 'Best_NDCG@10': 4.9108, 'Best_HR@20': 11.0472, 'Best_NDCG@20': 5.6577}
2026/03/22 22:07:10 - __main__ - INFO - 231 - trainer - {'Best_epoch_HR@5': 73, 'Best_epoch_NDCG@5': 73, 'Best_epoch_HR@10': 75, 'Best_epoch_NDCG@10': 75, 'Best_epoch_HR@20': 77, 'Best_epoch_NDCG@20': 71}
