2026/04/09 15:20:58 - __main__ - INFO - 170 - main - Namespace(batch_size=512, dataset='amazon_beauty', decay_step=100, description='Diffu_norm_score', device='cuda', diffusion_steps=32, diversity_measure=False, dropout=0.1, emb_dropout=0.3, epoch_time_avg=False, epochs=300, eval_interval=2, gamma=0.1, hidden_act='gelu', hidden_size=128, item_num=12101, lambda_contra=0.6, lambda_history=0.6, lambda_intent=0.4, log_file='log/', long_head=False, loss_lambda=0.001, lr=0.001, max_len=50, metric_ks=[5, 10, 20], momentum=None, noise_schedule='trunc_lin', num_blocks=4, num_cluster=16, num_gpu=1, num_hidden_layers=1, num_iter=20, optimizer='Adam', patience=10, random_seed=1997, rep_pad=False, rep_pad_delimiter=False, rep_pad_fixed_num=1, rep_pad_mode='rand_1_max', rescale_timesteps=True, schedule_sampler_name='lossaware', use_last_item_for_code=False, weight_decay=0)
2026/04/09 15:20:58 - __main__ - INFO - 124 - trainer - Epoch: 0
2026/04/09 15:20:59 - __main__ - INFO - 142 - trainer - [0/257] Loss: 45.0445 Loss_contra: 0.0813
2026/04/09 15:21:05 - __main__ - INFO - 142 - trainer - [52/257] Loss: 31.9815 Loss_contra: 2.8849
2026/04/09 15:21:12 - __main__ - INFO - 142 - trainer - [104/257] Loss: 26.8084 Loss_contra: 2.7719
2026/04/09 15:21:22 - __main__ - INFO - 142 - trainer - [156/257] Loss: 24.2587 Loss_contra: 2.6287
2026/04/09 15:21:32 - __main__ - INFO - 142 - trainer - [208/257] Loss: 22.2274 Loss_contra: 2.3563
2026/04/09 15:21:42 - __main__ - INFO - 124 - trainer - Epoch: 1
2026/04/09 15:21:42 - __main__ - INFO - 142 - trainer - [0/257] Loss: 19.6985 Loss_contra: 2.0423
2026/04/09 15:21:52 - __main__ - INFO - 142 - trainer - [52/257] Loss: 17.6494 Loss_contra: 1.6954
2026/04/09 15:21:59 - __main__ - INFO - 142 - trainer - [104/257] Loss: 15.9898 Loss_contra: 1.1693
2026/04/09 15:22:05 - __main__ - INFO - 142 - trainer - [156/257] Loss: 13.5258 Loss_contra: 0.6861
2026/04/09 15:22:12 - __main__ - INFO - 142 - trainer - [208/257] Loss: 11.5637 Loss_contra: 0.1161
2026/04/09 15:22:18 - __main__ - INFO - 124 - trainer - Epoch: 2
2026/04/09 15:22:18 - __main__ - INFO - 142 - trainer - [0/257] Loss: 10.6632 Loss_contra: 0.0243
2026/04/09 15:22:25 - __main__ - INFO - 142 - trainer - [52/257] Loss: 10.3855 Loss_contra: 0.0218
2026/04/09 15:22:31 - __main__ - INFO - 142 - trainer - [104/257] Loss: 10.1652 Loss_contra: 0.0226
2026/04/09 15:22:38 - __main__ - INFO - 142 - trainer - [156/257] Loss: 10.1340 Loss_contra: 0.0219
2026/04/09 15:22:44 - __main__ - INFO - 142 - trainer - [208/257] Loss: 9.9741 Loss_contra: 0.0340
2026/04/09 15:22:50 - __main__ - INFO - 152 - trainer - start predicting: 2026-04-09 15:22:50.945755
2026/04/09 15:23:19 - __main__ - INFO - 187 - trainer - {'Best_HR@5': 0.4058, 'Best_NDCG@5': 0.277, 'Best_HR@10': 0.5079, 'Best_NDCG@10': 0.3092, 'Best_HR@20': 0.7271, 'Best_NDCG@20': 0.3647}
2026/04/09 15:23:19 - __main__ - INFO - 188 - trainer - {'Best_epoch_HR@5': 2, 'Best_epoch_NDCG@5': 2, 'Best_epoch_HR@10': 2, 'Best_epoch_NDCG@10': 2, 'Best_epoch_HR@20': 2, 'Best_epoch_NDCG@20': 2}
2026/04/09 15:23:19 - __main__ - INFO - 124 - trainer - Epoch: 3
2026/04/09 15:23:20 - __main__ - INFO - 142 - trainer - [0/257] Loss: 9.9043 Loss_contra: 0.0335
2026/04/09 15:23:28 - __main__ - INFO - 142 - trainer - [52/257] Loss: 9.8005 Loss_contra: 0.0338
2026/04/09 15:23:37 - __main__ - INFO - 142 - trainer - [104/257] Loss: 9.7655 Loss_contra: 0.0501
2026/04/09 15:23:45 - __main__ - INFO - 142 - trainer - [156/257] Loss: 9.7404 Loss_contra: 0.0459
2026/04/09 15:23:54 - __main__ - INFO - 142 - trainer - [208/257] Loss: 9.6696 Loss_contra: 0.0576
2026/04/09 15:24:03 - __main__ - INFO - 124 - trainer - Epoch: 4
2026/04/09 15:24:04 - __main__ - INFO - 142 - trainer - [0/257] Loss: 9.6135 Loss_contra: 0.0624
2026/04/09 15:24:14 - __main__ - INFO - 142 - trainer - [52/257] Loss: 9.4974 Loss_contra: 0.0794
2026/04/09 15:24:24 - __main__ - INFO - 142 - trainer - [104/257] Loss: 9.4954 Loss_contra: 0.0726
2026/04/09 15:24:32 - __main__ - INFO - 142 - trainer - [156/257] Loss: 9.3713 Loss_contra: 0.0651
2026/04/09 15:24:38 - __main__ - INFO - 142 - trainer - [208/257] Loss: 9.3838 Loss_contra: 0.0872
2026/04/09 15:24:44 - __main__ - INFO - 152 - trainer - start predicting: 2026-04-09 15:24:44.976098
2026/04/09 15:25:12 - __main__ - INFO - 187 - trainer - {'Best_HR@5': 1.2217, 'Best_NDCG@5': 0.8489, 'Best_HR@10': 1.7706, 'Best_NDCG@10': 1.0251, 'Best_HR@20': 2.4085, 'Best_NDCG@20': 1.1861}
2026/04/09 15:25:12 - __main__ - INFO - 188 - trainer - {'Best_epoch_HR@5': 4, 'Best_epoch_NDCG@5': 4, 'Best_epoch_HR@10': 4, 'Best_epoch_NDCG@10': 4, 'Best_epoch_HR@20': 4, 'Best_epoch_NDCG@20': 4}
2026/04/09 15:25:12 - __main__ - INFO - 124 - trainer - Epoch: 5
2026/04/09 15:25:12 - __main__ - INFO - 142 - trainer - [0/257] Loss: 9.3381 Loss_contra: 0.0921
2026/04/09 15:25:19 - __main__ - INFO - 142 - trainer - [52/257] Loss: 9.3463 Loss_contra: 0.0697
2026/04/09 15:25:25 - __main__ - INFO - 142 - trainer - [104/257] Loss: 9.2807 Loss_contra: 0.0666
2026/04/09 15:25:32 - __main__ - INFO - 142 - trainer - [156/257] Loss: 9.2011 Loss_contra: 0.0820
2026/04/09 15:25:39 - __main__ - INFO - 142 - trainer - [208/257] Loss: 9.0911 Loss_contra: 0.0795
2026/04/09 15:25:45 - __main__ - INFO - 124 - trainer - Epoch: 6
2026/04/09 15:25:45 - __main__ - INFO - 142 - trainer - [0/257] Loss: 9.0547 Loss_contra: 0.0885
2026/04/09 15:25:53 - __main__ - INFO - 142 - trainer - [52/257] Loss: 9.1529 Loss_contra: 0.0850
2026/04/09 15:26:02 - __main__ - INFO - 142 - trainer - [104/257] Loss: 9.1230 Loss_contra: 0.1144
2026/04/09 15:26:10 - __main__ - INFO - 142 - trainer - [156/257] Loss: 8.9978 Loss_contra: 0.1032
2026/04/09 15:26:19 - __main__ - INFO - 142 - trainer - [208/257] Loss: 8.9317 Loss_contra: 0.0785
2026/04/09 15:26:26 - __main__ - INFO - 152 - trainer - start predicting: 2026-04-09 15:26:26.753325
2026/04/09 15:27:06 - __main__ - INFO - 187 - trainer - {'Best_HR@5': 1.9925, 'Best_NDCG@5': 1.4434, 'Best_HR@10': 2.6015, 'Best_NDCG@10': 1.6389, 'Best_HR@20': 3.4055, 'Best_NDCG@20': 1.84}
2026/04/09 15:27:06 - __main__ - INFO - 188 - trainer - {'Best_epoch_HR@5': 6, 'Best_epoch_NDCG@5': 6, 'Best_epoch_HR@10': 6, 'Best_epoch_NDCG@10': 6, 'Best_epoch_HR@20': 6, 'Best_epoch_NDCG@20': 6}
2026/04/09 15:27:06 - __main__ - INFO - 124 - trainer - Epoch: 7
2026/04/09 15:27:06 - __main__ - INFO - 142 - trainer - [0/257] Loss: 8.8478 Loss_contra: 0.0823
2026/04/09 15:27:13 - __main__ - INFO - 142 - trainer - [52/257] Loss: 9.0415 Loss_contra: 0.0797
2026/04/09 15:27:20 - __main__ - INFO - 142 - trainer - [104/257] Loss: 8.8497 Loss_contra: 0.0707
2026/04/09 15:27:26 - __main__ - INFO - 142 - trainer - [156/257] Loss: 8.9049 Loss_contra: 0.0980
2026/04/09 15:27:33 - __main__ - INFO - 142 - trainer - [208/257] Loss: 8.9028 Loss_contra: 0.0808
2026/04/09 15:27:39 - __main__ - INFO - 124 - trainer - Epoch: 8
2026/04/09 15:27:39 - __main__ - INFO - 142 - trainer - [0/257] Loss: 8.7889 Loss_contra: 0.1096
2026/04/09 15:27:46 - __main__ - INFO - 142 - trainer - [52/257] Loss: 8.8642 Loss_contra: 0.0884
2026/04/09 15:27:53 - __main__ - INFO - 142 - trainer - [104/257] Loss: 8.6942 Loss_contra: 0.0768
2026/04/09 15:27:59 - __main__ - INFO - 142 - trainer - [156/257] Loss: 8.8356 Loss_contra: 0.0717
2026/04/09 15:28:06 - __main__ - INFO - 142 - trainer - [208/257] Loss: 8.7899 Loss_contra: 0.1050
2026/04/09 15:28:12 - __main__ - INFO - 152 - trainer - start predicting: 2026-04-09 15:28:12.521725
2026/04/09 15:28:43 - __main__ - INFO - 187 - trainer - {'Best_HR@5': 2.6163, 'Best_NDCG@5': 1.9119, 'Best_HR@10': 3.6065, 'Best_NDCG@10': 2.232, 'Best_HR@20': 4.8027, 'Best_NDCG@20': 2.5351}
2026/04/09 15:28:43 - __main__ - INFO - 188 - trainer - {'Best_epoch_HR@5': 8, 'Best_epoch_NDCG@5': 8, 'Best_epoch_HR@10': 8, 'Best_epoch_NDCG@10': 8, 'Best_epoch_HR@20': 8, 'Best_epoch_NDCG@20': 8}
2026/04/09 15:28:43 - __main__ - INFO - 124 - trainer - Epoch: 9
2026/04/09 15:28:43 - __main__ - INFO - 142 - trainer - [0/257] Loss: 8.7199 Loss_contra: 0.0968
2026/04/09 15:28:52 - __main__ - INFO - 142 - trainer - [52/257] Loss: 8.7235 Loss_contra: 0.0716
2026/04/09 15:29:00 - __main__ - INFO - 142 - trainer - [104/257] Loss: 8.5534 Loss_contra: 0.0879
2026/04/09 15:29:09 - __main__ - INFO - 142 - trainer - [156/257] Loss: 8.8172 Loss_contra: 0.1025
2026/04/09 15:29:19 - __main__ - INFO - 142 - trainer - [208/257] Loss: 8.5757 Loss_contra: 0.0819
2026/04/09 15:29:29 - __main__ - INFO - 124 - trainer - Epoch: 10
2026/04/09 15:29:29 - __main__ - INFO - 142 - trainer - [0/257] Loss: 8.7143 Loss_contra: 0.0872
2026/04/09 15:29:39 - __main__ - INFO - 142 - trainer - [52/257] Loss: 8.6121 Loss_contra: 0.0810
2026/04/09 15:29:47 - __main__ - INFO - 142 - trainer - [104/257] Loss: 8.5585 Loss_contra: 0.0771
2026/04/09 15:29:54 - __main__ - INFO - 142 - trainer - [156/257] Loss: 8.4336 Loss_contra: 0.0923
2026/04/09 15:30:01 - __main__ - INFO - 142 - trainer - [208/257] Loss: 8.6134 Loss_contra: 0.0737
2026/04/09 15:30:07 - __main__ - INFO - 152 - trainer - start predicting: 2026-04-09 15:30:07.231218
2026/04/09 15:30:34 - __main__ - INFO - 187 - trainer - {'Best_HR@5': 3.0088, 'Best_NDCG@5': 2.1723, 'Best_HR@10': 4.3339, 'Best_NDCG@10': 2.6009, 'Best_HR@20': 5.9922, 'Best_NDCG@20': 3.018}
2026/04/09 15:30:34 - __main__ - INFO - 188 - trainer - {'Best_epoch_HR@5': 10, 'Best_epoch_NDCG@5': 10, 'Best_epoch_HR@10': 10, 'Best_epoch_NDCG@10': 10, 'Best_epoch_HR@20': 10, 'Best_epoch_NDCG@20': 10}
2026/04/09 15:30:34 - __main__ - INFO - 124 - trainer - Epoch: 11
2026/04/09 15:30:34 - __main__ - INFO - 142 - trainer - [0/257] Loss: 8.5998 Loss_contra: 0.0745
2026/04/09 15:30:41 - __main__ - INFO - 142 - trainer - [52/257] Loss: 8.4502 Loss_contra: 0.0898
2026/04/09 15:30:48 - __main__ - INFO - 142 - trainer - [104/257] Loss: 8.2814 Loss_contra: 0.0758
2026/04/09 15:30:54 - __main__ - INFO - 142 - trainer - [156/257] Loss: 8.4826 Loss_contra: 0.0813
2026/04/09 15:31:01 - __main__ - INFO - 142 - trainer - [208/257] Loss: 8.4107 Loss_contra: 0.0733
2026/04/09 15:31:08 - __main__ - INFO - 124 - trainer - Epoch: 12
2026/04/09 15:31:08 - __main__ - INFO - 142 - trainer - [0/257] Loss: 8.4252 Loss_contra: 0.0775
2026/04/09 15:31:17 - __main__ - INFO - 142 - trainer - [52/257] Loss: 8.4689 Loss_contra: 0.0610
2026/04/09 15:31:25 - __main__ - INFO - 142 - trainer - [104/257] Loss: 8.3969 Loss_contra: 0.0650
2026/04/09 15:31:34 - __main__ - INFO - 142 - trainer - [156/257] Loss: 8.3126 Loss_contra: 0.0903
2026/04/09 15:31:42 - __main__ - INFO - 142 - trainer - [208/257] Loss: 8.3611 Loss_contra: 0.0774
2026/04/09 15:31:51 - __main__ - INFO - 152 - trainer - start predicting: 2026-04-09 15:31:51.994836
2026/04/09 15:32:29 - __main__ - INFO - 187 - trainer - {'Best_HR@5': 3.6362, 'Best_NDCG@5': 2.561, 'Best_HR@10': 5.1592, 'Best_NDCG@10': 3.053, 'Best_HR@20': 7.1664, 'Best_NDCG@20': 3.5589}
2026/04/09 15:32:29 - __main__ - INFO - 188 - trainer - {'Best_epoch_HR@5': 12, 'Best_epoch_NDCG@5': 12, 'Best_epoch_HR@10': 12, 'Best_epoch_NDCG@10': 12, 'Best_epoch_HR@20': 12, 'Best_epoch_NDCG@20': 12}
2026/04/09 15:32:29 - __main__ - INFO - 124 - trainer - Epoch: 13
2026/04/09 15:32:29 - __main__ - INFO - 142 - trainer - [0/257] Loss: 8.2322 Loss_contra: 0.0754
2026/04/09 15:32:35 - __main__ - INFO - 142 - trainer - [52/257] Loss: 8.2963 Loss_contra: 0.0787
2026/04/09 15:32:42 - __main__ - INFO - 142 - trainer - [104/257] Loss: 8.2275 Loss_contra: 0.0791
2026/04/09 15:32:49 - __main__ - INFO - 142 - trainer - [156/257] Loss: 8.2733 Loss_contra: 0.0799
2026/04/09 15:32:55 - __main__ - INFO - 142 - trainer - [208/257] Loss: 8.2678 Loss_contra: 0.0576
2026/04/09 15:33:01 - __main__ - INFO - 124 - trainer - Epoch: 14
2026/04/09 15:33:01 - __main__ - INFO - 142 - trainer - [0/257] Loss: 8.3447 Loss_contra: 0.0914
2026/04/09 15:33:08 - __main__ - INFO - 142 - trainer - [52/257] Loss: 8.3118 Loss_contra: 0.0508
2026/04/09 15:33:15 - __main__ - INFO - 142 - trainer - [104/257] Loss: 8.2565 Loss_contra: 0.0860
2026/04/09 15:33:21 - __main__ - INFO - 142 - trainer - [156/257] Loss: 8.1797 Loss_contra: 0.0823
2026/04/09 15:33:28 - __main__ - INFO - 142 - trainer - [208/257] Loss: 8.2250 Loss_contra: 0.0814
2026/04/09 15:33:34 - __main__ - INFO - 152 - trainer - start predicting: 2026-04-09 15:33:34.552172
2026/04/09 15:34:06 - __main__ - INFO - 187 - trainer - {'Best_HR@5': 3.9039, 'Best_NDCG@5': 2.8013, 'Best_HR@10': 5.4389, 'Best_NDCG@10': 3.3014, 'Best_HR@20': 7.6496, 'Best_NDCG@20': 3.8532}
2026/04/09 15:34:06 - __main__ - INFO - 188 - trainer - {'Best_epoch_HR@5': 14, 'Best_epoch_NDCG@5': 14, 'Best_epoch_HR@10': 14, 'Best_epoch_NDCG@10': 14, 'Best_epoch_HR@20': 14, 'Best_epoch_NDCG@20': 14}
2026/04/09 15:34:06 - __main__ - INFO - 124 - trainer - Epoch: 15
2026/04/09 15:34:06 - __main__ - INFO - 142 - trainer - [0/257] Loss: 8.1604 Loss_contra: 0.0662
2026/04/09 15:34:15 - __main__ - INFO - 142 - trainer - [52/257] Loss: 8.1923 Loss_contra: 0.0815
2026/04/09 15:34:23 - __main__ - INFO - 142 - trainer - [104/257] Loss: 8.2077 Loss_contra: 0.0763
2026/04/09 15:34:34 - __main__ - INFO - 142 - trainer - [156/257] Loss: 8.2500 Loss_contra: 0.0780
2026/04/09 15:34:44 - __main__ - INFO - 142 - trainer - [208/257] Loss: 8.3148 Loss_contra: 0.0630
2026/04/09 15:34:54 - __main__ - INFO - 124 - trainer - Epoch: 16
2026/04/09 15:34:54 - __main__ - INFO - 142 - trainer - [0/257] Loss: 8.1212 Loss_contra: 0.0782
2026/04/09 15:35:03 - __main__ - INFO - 142 - trainer - [52/257] Loss: 8.0721 Loss_contra: 0.0618
2026/04/09 15:35:09 - __main__ - INFO - 142 - trainer - [104/257] Loss: 8.2523 Loss_contra: 0.0665
2026/04/09 15:35:16 - __main__ - INFO - 142 - trainer - [156/257] Loss: 7.9221 Loss_contra: 0.0624
2026/04/09 15:35:22 - __main__ - INFO - 142 - trainer - [208/257] Loss: 7.9600 Loss_contra: 0.0656
2026/04/09 15:35:28 - __main__ - INFO - 152 - trainer - start predicting: 2026-04-09 15:35:28.970172
2026/04/09 15:35:56 - __main__ - INFO - 187 - trainer - {'Best_HR@5': 4.2461, 'Best_NDCG@5': 3.0211, 'Best_HR@10': 5.9455, 'Best_NDCG@10': 3.5676, 'Best_HR@20': 8.2771, 'Best_NDCG@20': 4.1564}
2026/04/09 15:35:56 - __main__ - INFO - 188 - trainer - {'Best_epoch_HR@5': 16, 'Best_epoch_NDCG@5': 16, 'Best_epoch_HR@10': 16, 'Best_epoch_NDCG@10': 16, 'Best_epoch_HR@20': 16, 'Best_epoch_NDCG@20': 16}
2026/04/09 15:35:56 - __main__ - INFO - 124 - trainer - Epoch: 17
2026/04/09 15:35:56 - __main__ - INFO - 142 - trainer - [0/257] Loss: 8.0907 Loss_contra: 0.0717
2026/04/09 15:36:03 - __main__ - INFO - 142 - trainer - [52/257] Loss: 8.0125 Loss_contra: 0.0638
2026/04/09 15:36:10 - __main__ - INFO - 142 - trainer - [104/257] Loss: 8.1431 Loss_contra: 0.0651
2026/04/09 15:36:16 - __main__ - INFO - 142 - trainer - [156/257] Loss: 8.0281 Loss_contra: 0.0602
2026/04/09 15:36:24 - __main__ - INFO - 142 - trainer - [208/257] Loss: 7.9662 Loss_contra: 0.0798
2026/04/09 15:36:32 - __main__ - INFO - 124 - trainer - Epoch: 18
2026/04/09 15:36:32 - __main__ - INFO - 142 - trainer - [0/257] Loss: 8.0852 Loss_contra: 0.0638
2026/04/09 15:36:41 - __main__ - INFO - 142 - trainer - [52/257] Loss: 7.9320 Loss_contra: 0.0623
2026/04/09 15:36:49 - __main__ - INFO - 142 - trainer - [104/257] Loss: 8.0107 Loss_contra: 0.0626
2026/04/09 15:36:57 - __main__ - INFO - 142 - trainer - [156/257] Loss: 8.0408 Loss_contra: 0.0693
2026/04/09 15:37:07 - __main__ - INFO - 142 - trainer - [208/257] Loss: 7.9688 Loss_contra: 0.0580
2026/04/09 15:37:17 - __main__ - INFO - 152 - trainer - start predicting: 2026-04-09 15:37:17.326745
2026/04/09 15:37:51 - __main__ - INFO - 187 - trainer - {'Best_HR@5': 4.3398, 'Best_NDCG@5': 3.1228, 'Best_HR@10': 6.3308, 'Best_NDCG@10': 3.7652, 'Best_HR@20': 8.8935, 'Best_NDCG@20': 4.4095}
2026/04/09 15:37:51 - __main__ - INFO - 188 - trainer - {'Best_epoch_HR@5': 18, 'Best_epoch_NDCG@5': 18, 'Best_epoch_HR@10': 18, 'Best_epoch_NDCG@10': 18, 'Best_epoch_HR@20': 18, 'Best_epoch_NDCG@20': 18}
2026/04/09 15:37:51 - __main__ - INFO - 124 - trainer - Epoch: 19
2026/04/09 15:37:51 - __main__ - INFO - 142 - trainer - [0/257] Loss: 8.1164 Loss_contra: 0.0677
2026/04/09 15:37:58 - __main__ - INFO - 142 - trainer - [52/257] Loss: 7.8052 Loss_contra: 0.0613
2026/04/09 15:38:04 - __main__ - INFO - 142 - trainer - [104/257] Loss: 7.8995 Loss_contra: 0.0558
2026/04/09 15:38:11 - __main__ - INFO - 142 - trainer - [156/257] Loss: 7.9105 Loss_contra: 0.0527
2026/04/09 15:38:18 - __main__ - INFO - 142 - trainer - [208/257] Loss: 8.0387 Loss_contra: 0.0592
2026/04/09 15:38:24 - __main__ - INFO - 124 - trainer - Epoch: 20
2026/04/09 15:38:24 - __main__ - INFO - 142 - trainer - [0/257] Loss: 7.9666 Loss_contra: 0.0587
2026/04/09 15:38:30 - __main__ - INFO - 142 - trainer - [52/257] Loss: 7.7630 Loss_contra: 0.0571
2026/04/09 15:38:37 - __main__ - INFO - 142 - trainer - [104/257] Loss: 8.0125 Loss_contra: 0.0566
2026/04/09 15:38:44 - __main__ - INFO - 142 - trainer - [156/257] Loss: 7.7134 Loss_contra: 0.0525
2026/04/09 15:38:50 - __main__ - INFO - 142 - trainer - [208/257] Loss: 8.0656 Loss_contra: 0.0474
2026/04/09 15:38:57 - __main__ - INFO - 152 - trainer - start predicting: 2026-04-09 15:38:57.050893
2026/04/09 15:39:30 - __main__ - INFO - 187 - trainer - {'Best_HR@5': 4.6936, 'Best_NDCG@5': 3.3298, 'Best_HR@10': 6.6191, 'Best_NDCG@10': 3.9505, 'Best_HR@20': 9.3984, 'Best_NDCG@20': 4.6463}
2026/04/09 15:39:30 - __main__ - INFO - 188 - trainer - {'Best_epoch_HR@5': 20, 'Best_epoch_NDCG@5': 20, 'Best_epoch_HR@10': 20, 'Best_epoch_NDCG@10': 20, 'Best_epoch_HR@20': 20, 'Best_epoch_NDCG@20': 20}
2026/04/09 15:39:30 - __main__ - INFO - 124 - trainer - Epoch: 21
2026/04/09 15:39:30 - __main__ - INFO - 142 - trainer - [0/257] Loss: 7.9242 Loss_contra: 0.0658
2026/04/09 15:39:38 - __main__ - INFO - 142 - trainer - [52/257] Loss: 7.8064 Loss_contra: 0.0527
2026/04/09 15:39:48 - __main__ - INFO - 142 - trainer - [104/257] Loss: 7.9582 Loss_contra: 0.0577
2026/04/09 15:39:58 - __main__ - INFO - 142 - trainer - [156/257] Loss: 7.9085 Loss_contra: 0.0502
2026/04/09 15:40:09 - __main__ - INFO - 142 - trainer - [208/257] Loss: 7.8818 Loss_contra: 0.0450
2026/04/09 15:40:17 - __main__ - INFO - 124 - trainer - Epoch: 22
2026/04/09 15:40:17 - __main__ - INFO - 142 - trainer - [0/257] Loss: 7.7455 Loss_contra: 0.0504
2026/04/09 15:40:23 - __main__ - INFO - 142 - trainer - [52/257] Loss: 8.1038 Loss_contra: 0.0518
2026/04/09 15:40:30 - __main__ - INFO - 142 - trainer - [104/257] Loss: 7.9386 Loss_contra: 0.0534
2026/04/09 15:40:36 - __main__ - INFO - 142 - trainer - [156/257] Loss: 7.8097 Loss_contra: 0.0480
2026/04/09 15:40:43 - __main__ - INFO - 142 - trainer - [208/257] Loss: 7.8442 Loss_contra: 0.0586
2026/04/09 15:40:49 - __main__ - INFO - 152 - trainer - start predicting: 2026-04-09 15:40:49.115592
2026/04/09 15:41:16 - __main__ - INFO - 187 - trainer - {'Best_HR@5': 4.9001, 'Best_NDCG@5': 3.4744, 'Best_HR@10': 6.9184, 'Best_NDCG@10': 4.1212, 'Best_HR@20': 9.7193, 'Best_NDCG@20': 4.8232}
2026/04/09 15:41:16 - __main__ - INFO - 188 - trainer - {'Best_epoch_HR@5': 22, 'Best_epoch_NDCG@5': 22, 'Best_epoch_HR@10': 22, 'Best_epoch_NDCG@10': 22, 'Best_epoch_HR@20': 22, 'Best_epoch_NDCG@20': 22}
2026/04/09 15:41:16 - __main__ - INFO - 124 - trainer - Epoch: 23
2026/04/09 15:41:16 - __main__ - INFO - 142 - trainer - [0/257] Loss: 7.7435 Loss_contra: 0.0503
2026/04/09 15:41:22 - __main__ - INFO - 142 - trainer - [52/257] Loss: 7.8058 Loss_contra: 0.0499
2026/04/09 15:41:29 - __main__ - INFO - 142 - trainer - [104/257] Loss: 7.9598 Loss_contra: 0.0403
2026/04/09 15:41:35 - __main__ - INFO - 142 - trainer - [156/257] Loss: 7.7987 Loss_contra: 0.0521
2026/04/09 15:41:44 - __main__ - INFO - 142 - trainer - [208/257] Loss: 7.8486 Loss_contra: 0.0418
2026/04/09 15:41:52 - __main__ - INFO - 124 - trainer - Epoch: 24
2026/04/09 15:41:52 - __main__ - INFO - 142 - trainer - [0/257] Loss: 7.8123 Loss_contra: 0.0417
2026/04/09 15:42:00 - __main__ - INFO - 142 - trainer - [52/257] Loss: 7.7365 Loss_contra: 0.0436
2026/04/09 15:42:08 - __main__ - INFO - 142 - trainer - [104/257] Loss: 7.7174 Loss_contra: 0.0401
2026/04/09 15:42:17 - __main__ - INFO - 142 - trainer - [156/257] Loss: 7.7216 Loss_contra: 0.0452
2026/04/09 15:42:28 - __main__ - INFO - 142 - trainer - [208/257] Loss: 7.7492 Loss_contra: 0.0348
2026/04/09 15:42:37 - __main__ - INFO - 152 - trainer - start predicting: 2026-04-09 15:42:37.638633
2026/04/09 15:43:08 - __main__ - INFO - 187 - trainer - {'Best_HR@5': 5.0973, 'Best_NDCG@5': 3.6154, 'Best_HR@10': 7.2503, 'Best_NDCG@10': 4.3049, 'Best_HR@20': 10.1517, 'Best_NDCG@20': 5.0358}
2026/04/09 15:43:08 - __main__ - INFO - 188 - trainer - {'Best_epoch_HR@5': 24, 'Best_epoch_NDCG@5': 24, 'Best_epoch_HR@10': 24, 'Best_epoch_NDCG@10': 24, 'Best_epoch_HR@20': 24, 'Best_epoch_NDCG@20': 24}
2026/04/09 15:43:08 - __main__ - INFO - 124 - trainer - Epoch: 25
2026/04/09 15:43:08 - __main__ - INFO - 142 - trainer - [0/257] Loss: 7.6185 Loss_contra: 0.0470
2026/04/09 15:43:15 - __main__ - INFO - 142 - trainer - [52/257] Loss: 7.8873 Loss_contra: 0.0400
2026/04/09 15:43:21 - __main__ - INFO - 142 - trainer - [104/257] Loss: 7.8674 Loss_contra: 0.0381
2026/04/09 15:43:28 - __main__ - INFO - 142 - trainer - [156/257] Loss: 7.6504 Loss_contra: 0.0394
2026/04/09 15:43:34 - __main__ - INFO - 142 - trainer - [208/257] Loss: 7.6920 Loss_contra: 0.0389
2026/04/09 15:43:40 - __main__ - INFO - 124 - trainer - Epoch: 26
2026/04/09 15:43:40 - __main__ - INFO - 142 - trainer - [0/257] Loss: 7.7483 Loss_contra: 0.0418
2026/04/09 15:43:47 - __main__ - INFO - 142 - trainer - [52/257] Loss: 7.6932 Loss_contra: 0.0444
2026/04/09 15:43:53 - __main__ - INFO - 142 - trainer - [104/257] Loss: 7.7369 Loss_contra: 0.0340
2026/04/09 15:44:00 - __main__ - INFO - 142 - trainer - [156/257] Loss: 7.7647 Loss_contra: 0.0396
2026/04/09 15:44:06 - __main__ - INFO - 142 - trainer - [208/257] Loss: 7.7105 Loss_contra: 0.0404
2026/04/09 15:44:14 - __main__ - INFO - 152 - trainer - start predicting: 2026-04-09 15:44:14.288439
2026/04/09 15:44:47 - __main__ - INFO - 187 - trainer - {'Best_HR@5': 5.2146, 'Best_NDCG@5': 3.7118, 'Best_HR@10': 7.435, 'Best_NDCG@10': 4.4249, 'Best_HR@20': 10.2957, 'Best_NDCG@20': 5.1422}
2026/04/09 15:44:47 - __main__ - INFO - 188 - trainer - {'Best_epoch_HR@5': 26, 'Best_epoch_NDCG@5': 26, 'Best_epoch_HR@10': 26, 'Best_epoch_NDCG@10': 26, 'Best_epoch_HR@20': 26, 'Best_epoch_NDCG@20': 26}
2026/04/09 15:44:47 - __main__ - INFO - 124 - trainer - Epoch: 27
2026/04/09 15:44:47 - __main__ - INFO - 142 - trainer - [0/257] Loss: 7.6274 Loss_contra: 0.0388
2026/04/09 15:44:56 - __main__ - INFO - 142 - trainer - [52/257] Loss: 7.7110 Loss_contra: 0.0318
2026/04/09 15:45:06 - __main__ - INFO - 142 - trainer - [104/257] Loss: 7.8646 Loss_contra: 0.0369
2026/04/09 15:45:17 - __main__ - INFO - 142 - trainer - [156/257] Loss: 7.8694 Loss_contra: 0.0423
2026/04/09 15:45:26 - __main__ - INFO - 142 - trainer - [208/257] Loss: 7.5579 Loss_contra: 0.0382
2026/04/09 15:45:32 - __main__ - INFO - 124 - trainer - Epoch: 28
2026/04/09 15:45:32 - __main__ - INFO - 142 - trainer - [0/257] Loss: 7.5921 Loss_contra: 0.0392
2026/04/09 15:45:38 - __main__ - INFO - 142 - trainer - [52/257] Loss: 7.5495 Loss_contra: 0.0377
2026/04/09 15:45:45 - __main__ - INFO - 142 - trainer - [104/257] Loss: 7.7205 Loss_contra: 0.0339
2026/04/09 15:45:51 - __main__ - INFO - 142 - trainer - [156/257] Loss: 7.4563 Loss_contra: 0.0391
2026/04/09 15:45:58 - __main__ - INFO - 142 - trainer - [208/257] Loss: 7.6734 Loss_contra: 0.0377
2026/04/09 15:46:04 - __main__ - INFO - 152 - trainer - start predicting: 2026-04-09 15:46:04.298412
2026/04/09 15:46:31 - __main__ - INFO - 187 - trainer - {'Best_HR@5': 5.3662, 'Best_NDCG@5': 3.8301, 'Best_HR@10': 7.435, 'Best_NDCG@10': 4.4864, 'Best_HR@20': 10.5732, 'Best_NDCG@20': 5.2796}
2026/04/09 15:46:31 - __main__ - INFO - 188 - trainer - {'Best_epoch_HR@5': 28, 'Best_epoch_NDCG@5': 28, 'Best_epoch_HR@10': 26, 'Best_epoch_NDCG@10': 28, 'Best_epoch_HR@20': 28, 'Best_epoch_NDCG@20': 28}
2026/04/09 15:46:31 - __main__ - INFO - 124 - trainer - Epoch: 29
2026/04/09 15:46:31 - __main__ - INFO - 142 - trainer - [0/257] Loss: 7.3954 Loss_contra: 0.0397
2026/04/09 15:46:38 - __main__ - INFO - 142 - trainer - [52/257] Loss: 7.6515 Loss_contra: 0.0314
2026/04/09 15:46:44 - __main__ - INFO - 142 - trainer - [104/257] Loss: 7.5283 Loss_contra: 0.0427
2026/04/09 15:46:53 - __main__ - INFO - 142 - trainer - [156/257] Loss: 7.6845 Loss_contra: 0.0378
2026/04/09 15:47:01 - __main__ - INFO - 142 - trainer - [208/257] Loss: 7.5812 Loss_contra: 0.0307
2026/04/09 15:47:09 - __main__ - INFO - 124 - trainer - Epoch: 30
2026/04/09 15:47:09 - __main__ - INFO - 142 - trainer - [0/257] Loss: 7.4816 Loss_contra: 0.0353
2026/04/09 15:47:17 - __main__ - INFO - 142 - trainer - [52/257] Loss: 7.5821 Loss_contra: 0.0350
2026/04/09 15:47:26 - __main__ - INFO - 142 - trainer - [104/257] Loss: 7.5151 Loss_contra: 0.0306
2026/04/09 15:47:36 - __main__ - INFO - 142 - trainer - [156/257] Loss: 7.4366 Loss_contra: 0.0365
2026/04/09 15:47:46 - __main__ - INFO - 142 - trainer - [208/257] Loss: 7.6260 Loss_contra: 0.0356
2026/04/09 15:47:55 - __main__ - INFO - 152 - trainer - start predicting: 2026-04-09 15:47:55.563414
2026/04/09 15:48:23 - __main__ - INFO - 187 - trainer - {'Best_HR@5': 5.6648, 'Best_NDCG@5': 4.0128, 'Best_HR@10': 7.8075, 'Best_NDCG@10': 4.7014, 'Best_HR@20': 10.7512, 'Best_NDCG@20': 5.4409}
2026/04/09 15:48:23 - __main__ - INFO - 188 - trainer - {'Best_epoch_HR@5': 30, 'Best_epoch_NDCG@5': 30, 'Best_epoch_HR@10': 30, 'Best_epoch_NDCG@10': 30, 'Best_epoch_HR@20': 30, 'Best_epoch_NDCG@20': 30}
2026/04/09 15:48:23 - __main__ - INFO - 124 - trainer - Epoch: 31
2026/04/09 15:48:23 - __main__ - INFO - 142 - trainer - [0/257] Loss: 7.5373 Loss_contra: 0.0381
2026/04/09 15:48:30 - __main__ - INFO - 142 - trainer - [52/257] Loss: 7.5097 Loss_contra: 0.0305
2026/04/09 15:48:36 - __main__ - INFO - 142 - trainer - [104/257] Loss: 7.4184 Loss_contra: 0.0346
2026/04/09 15:48:43 - __main__ - INFO - 142 - trainer - [156/257] Loss: 7.6056 Loss_contra: 0.0365
2026/04/09 15:48:49 - __main__ - INFO - 142 - trainer - [208/257] Loss: 7.5318 Loss_contra: 0.0317
2026/04/09 15:48:55 - __main__ - INFO - 124 - trainer - Epoch: 32
2026/04/09 15:48:55 - __main__ - INFO - 142 - trainer - [0/257] Loss: 7.4009 Loss_contra: 0.0369
2026/04/09 15:49:02 - __main__ - INFO - 142 - trainer - [52/257] Loss: 7.6790 Loss_contra: 0.0302
2026/04/09 15:49:08 - __main__ - INFO - 142 - trainer - [104/257] Loss: 7.4226 Loss_contra: 0.0307
2026/04/09 15:49:15 - __main__ - INFO - 142 - trainer - [156/257] Loss: 7.4787 Loss_contra: 0.0363
2026/04/09 15:49:23 - __main__ - INFO - 142 - trainer - [208/257] Loss: 7.4081 Loss_contra: 0.0342
2026/04/09 15:49:31 - __main__ - INFO - 152 - trainer - start predicting: 2026-04-09 15:49:31.152435
2026/04/09 15:50:05 - __main__ - INFO - 187 - trainer - {'Best_HR@5': 5.78, 'Best_NDCG@5': 4.1521, 'Best_HR@10': 7.9956, 'Best_NDCG@10': 4.8652, 'Best_HR@20': 10.9205, 'Best_NDCG@20': 5.5998}
2026/04/09 15:50:05 - __main__ - INFO - 188 - trainer - {'Best_epoch_HR@5': 32, 'Best_epoch_NDCG@5': 32, 'Best_epoch_HR@10': 32, 'Best_epoch_NDCG@10': 32, 'Best_epoch_HR@20': 32, 'Best_epoch_NDCG@20': 32}
2026/04/09 15:50:05 - __main__ - INFO - 124 - trainer - Epoch: 33
2026/04/09 15:50:05 - __main__ - INFO - 142 - trainer - [0/257] Loss: 7.5265 Loss_contra: 0.0296
2026/04/09 15:50:15 - __main__ - INFO - 142 - trainer - [52/257] Loss: 7.5551 Loss_contra: 0.0224
2026/04/09 15:50:26 - __main__ - INFO - 142 - trainer - [104/257] Loss: 7.4795 Loss_contra: 0.0347
2026/04/09 15:50:35 - __main__ - INFO - 142 - trainer - [156/257] Loss: 7.5291 Loss_contra: 0.0302
2026/04/09 15:50:41 - __main__ - INFO - 142 - trainer - [208/257] Loss: 7.4532 Loss_contra: 0.0268
2026/04/09 15:50:47 - __main__ - INFO - 124 - trainer - Epoch: 34
2026/04/09 15:50:48 - __main__ - INFO - 142 - trainer - [0/257] Loss: 7.3720 Loss_contra: 0.0321
2026/04/09 15:50:54 - __main__ - INFO - 142 - trainer - [52/257] Loss: 7.3026 Loss_contra: 0.0301
2026/04/09 15:51:00 - __main__ - INFO - 142 - trainer - [104/257] Loss: 7.3539 Loss_contra: 0.0316
2026/04/09 15:51:07 - __main__ - INFO - 142 - trainer - [156/257] Loss: 7.3943 Loss_contra: 0.0326
2026/04/09 15:51:13 - __main__ - INFO - 142 - trainer - [208/257] Loss: 7.3479 Loss_contra: 0.0284
2026/04/09 15:51:19 - __main__ - INFO - 152 - trainer - start predicting: 2026-04-09 15:51:19.826095
2026/04/09 15:51:46 - __main__ - INFO - 187 - trainer - {'Best_HR@5': 5.8895, 'Best_NDCG@5': 4.2199, 'Best_HR@10': 8.0404, 'Best_NDCG@10': 4.9116, 'Best_HR@20': 11.1665, 'Best_NDCG@20': 5.6968}
2026/04/09 15:51:46 - __main__ - INFO - 188 - trainer - {'Best_epoch_HR@5': 34, 'Best_epoch_NDCG@5': 34, 'Best_epoch_HR@10': 34, 'Best_epoch_NDCG@10': 34, 'Best_epoch_HR@20': 34, 'Best_epoch_NDCG@20': 34}
2026/04/09 15:51:46 - __main__ - INFO - 124 - trainer - Epoch: 35
2026/04/09 15:51:46 - __main__ - INFO - 142 - trainer - [0/257] Loss: 7.2798 Loss_contra: 0.0275
2026/04/09 15:51:53 - __main__ - INFO - 142 - trainer - [52/257] Loss: 7.3438 Loss_contra: 0.0214
2026/04/09 15:52:01 - __main__ - INFO - 142 - trainer - [104/257] Loss: 7.4386 Loss_contra: 0.0261
2026/04/09 15:52:10 - __main__ - INFO - 142 - trainer - [156/257] Loss: 7.3324 Loss_contra: 0.0253
2026/04/09 15:52:18 - __main__ - INFO - 142 - trainer - [208/257] Loss: 7.4009 Loss_contra: 0.0276
2026/04/09 15:52:25 - __main__ - INFO - 124 - trainer - Epoch: 36
2026/04/09 15:52:25 - __main__ - INFO - 142 - trainer - [0/257] Loss: 7.1568 Loss_contra: 0.0302
2026/04/09 15:52:34 - __main__ - INFO - 142 - trainer - [52/257] Loss: 7.3183 Loss_contra: 0.0233
2026/04/09 15:52:44 - __main__ - INFO - 142 - trainer - [104/257] Loss: 7.4096 Loss_contra: 0.0265
2026/04/09 15:52:54 - __main__ - INFO - 142 - trainer - [156/257] Loss: 7.3809 Loss_contra: 0.0216
2026/04/09 15:53:04 - __main__ - INFO - 142 - trainer - [208/257] Loss: 7.3109 Loss_contra: 0.0231
2026/04/09 15:53:11 - __main__ - INFO - 152 - trainer - start predicting: 2026-04-09 15:53:11.792974
2026/04/09 15:53:38 - __main__ - INFO - 187 - trainer - {'Best_HR@5': 6.1937, 'Best_NDCG@5': 4.3762, 'Best_HR@10': 8.2997, 'Best_NDCG@10': 5.0506, 'Best_HR@20': 11.3227, 'Best_NDCG@20': 5.8124}
2026/04/09 15:53:38 - __main__ - INFO - 188 - trainer - {'Best_epoch_HR@5': 36, 'Best_epoch_NDCG@5': 36, 'Best_epoch_HR@10': 36, 'Best_epoch_NDCG@10': 36, 'Best_epoch_HR@20': 36, 'Best_epoch_NDCG@20': 36}
2026/04/09 15:53:38 - __main__ - INFO - 124 - trainer - Epoch: 37
2026/04/09 15:53:38 - __main__ - INFO - 142 - trainer - [0/257] Loss: 7.2230 Loss_contra: 0.0291
2026/04/09 15:53:45 - __main__ - INFO - 142 - trainer - [52/257] Loss: 7.2356 Loss_contra: 0.0257
2026/04/09 15:53:51 - __main__ - INFO - 142 - trainer - [104/257] Loss: 7.2642 Loss_contra: 0.0227
2026/04/09 15:53:58 - __main__ - INFO - 142 - trainer - [156/257] Loss: 7.5087 Loss_contra: 0.0239
2026/04/09 15:54:04 - __main__ - INFO - 142 - trainer - [208/257] Loss: 7.2660 Loss_contra: 0.0248
2026/04/09 15:54:10 - __main__ - INFO - 124 - trainer - Epoch: 38
2026/04/09 15:54:10 - __main__ - INFO - 142 - trainer - [0/257] Loss: 7.4422 Loss_contra: 0.0268
2026/04/09 15:54:17 - __main__ - INFO - 142 - trainer - [52/257] Loss: 7.3729 Loss_contra: 0.0236
2026/04/09 15:54:23 - __main__ - INFO - 142 - trainer - [104/257] Loss: 7.4070 Loss_contra: 0.0226
2026/04/09 15:54:31 - __main__ - INFO - 142 - trainer - [156/257] Loss: 7.3079 Loss_contra: 0.0272
2026/04/09 15:54:39 - __main__ - INFO - 142 - trainer - [208/257] Loss: 7.3063 Loss_contra: 0.0238
2026/04/09 15:54:47 - __main__ - INFO - 152 - trainer - start predicting: 2026-04-09 15:54:47.646801
2026/04/09 15:55:23 - __main__ - INFO - 187 - trainer - {'Best_HR@5': 6.1937, 'Best_NDCG@5': 4.3762, 'Best_HR@10': 8.4206, 'Best_NDCG@10': 5.1064, 'Best_HR@20': 11.6154, 'Best_NDCG@20': 5.9104}
2026/04/09 15:55:23 - __main__ - INFO - 188 - trainer - {'Best_epoch_HR@5': 36, 'Best_epoch_NDCG@5': 36, 'Best_epoch_HR@10': 38, 'Best_epoch_NDCG@10': 38, 'Best_epoch_HR@20': 38, 'Best_epoch_NDCG@20': 38}
2026/04/09 15:55:23 - __main__ - INFO - 124 - trainer - Epoch: 39
2026/04/09 15:55:23 - __main__ - INFO - 142 - trainer - [0/257] Loss: 7.2870 Loss_contra: 0.0229
2026/04/09 15:55:33 - __main__ - INFO - 142 - trainer - [52/257] Loss: 7.3885 Loss_contra: 0.0236
2026/04/09 15:55:43 - __main__ - INFO - 142 - trainer - [104/257] Loss: 7.2536 Loss_contra: 0.0176
2026/04/09 15:55:50 - __main__ - INFO - 142 - trainer - [156/257] Loss: 7.5550 Loss_contra: 0.0216
2026/04/09 15:55:56 - __main__ - INFO - 142 - trainer - [208/257] Loss: 7.3875 Loss_contra: 0.0237
2026/04/09 15:56:02 - __main__ - INFO - 124 - trainer - Epoch: 40
2026/04/09 15:56:03 - __main__ - INFO - 142 - trainer - [0/257] Loss: 7.2317 Loss_contra: 0.0230
2026/04/09 15:56:09 - __main__ - INFO - 142 - trainer - [52/257] Loss: 7.2698 Loss_contra: 0.0234
2026/04/09 15:56:15 - __main__ - INFO - 142 - trainer - [104/257] Loss: 6.9528 Loss_contra: 0.0274
2026/04/09 15:56:22 - __main__ - INFO - 142 - trainer - [156/257] Loss: 7.2106 Loss_contra: 0.0224
2026/04/09 15:56:28 - __main__ - INFO - 142 - trainer - [208/257] Loss: 7.4773 Loss_contra: 0.0237
2026/04/09 15:56:34 - __main__ - INFO - 152 - trainer - start predicting: 2026-04-09 15:56:34.857026
2026/04/09 15:57:01 - __main__ - INFO - 187 - trainer - {'Best_HR@5': 6.2913, 'Best_NDCG@5': 4.5331, 'Best_HR@10': 8.5552, 'Best_NDCG@10': 5.2591, 'Best_HR@20': 11.6327, 'Best_NDCG@20': 6.0327}
2026/04/09 15:57:01 - __main__ - INFO - 188 - trainer - {'Best_epoch_HR@5': 40, 'Best_epoch_NDCG@5': 40, 'Best_epoch_HR@10': 40, 'Best_epoch_NDCG@10': 40, 'Best_epoch_HR@20': 40, 'Best_epoch_NDCG@20': 40}
2026/04/09 15:57:01 - __main__ - INFO - 124 - trainer - Epoch: 41
2026/04/09 15:57:01 - __main__ - INFO - 142 - trainer - [0/257] Loss: 7.0185 Loss_contra: 0.0243
2026/04/09 15:57:09 - __main__ - INFO - 142 - trainer - [52/257] Loss: 7.0515 Loss_contra: 0.0182
2026/04/09 15:57:18 - __main__ - INFO - 142 - trainer - [104/257] Loss: 7.2499 Loss_contra: 0.0230
2026/04/09 15:57:26 - __main__ - INFO - 142 - trainer - [156/257] Loss: 7.4064 Loss_contra: 0.0193
2026/04/09 15:57:34 - __main__ - INFO - 142 - trainer - [208/257] Loss: 6.9654 Loss_contra: 0.0214
2026/04/09 15:57:42 - __main__ - INFO - 124 - trainer - Epoch: 42
2026/04/09 15:57:42 - __main__ - INFO - 142 - trainer - [0/257] Loss: 7.3510 Loss_contra: 0.0206
2026/04/09 15:57:52 - __main__ - INFO - 142 - trainer - [52/257] Loss: 7.2471 Loss_contra: 0.0192
2026/04/09 15:58:02 - __main__ - INFO - 142 - trainer - [104/257] Loss: 7.2198 Loss_contra: 0.0238
2026/04/09 15:58:12 - __main__ - INFO - 142 - trainer - [156/257] Loss: 7.2842 Loss_contra: 0.0194
2026/04/09 15:58:20 - __main__ - INFO - 142 - trainer - [208/257] Loss: 7.0697 Loss_contra: 0.0216
2026/04/09 15:58:26 - __main__ - INFO - 152 - trainer - start predicting: 2026-04-09 15:58:26.915432
2026/04/09 15:58:53 - __main__ - INFO - 187 - trainer - {'Best_HR@5': 6.3327, 'Best_NDCG@5': 4.5661, 'Best_HR@10': 8.6569, 'Best_NDCG@10': 5.318, 'Best_HR@20': 11.7894, 'Best_NDCG@20': 6.1067}
2026/04/09 15:58:53 - __main__ - INFO - 188 - trainer - {'Best_epoch_HR@5': 42, 'Best_epoch_NDCG@5': 42, 'Best_epoch_HR@10': 42, 'Best_epoch_NDCG@10': 42, 'Best_epoch_HR@20': 42, 'Best_epoch_NDCG@20': 42}
2026/04/09 15:58:53 - __main__ - INFO - 124 - trainer - Epoch: 43
2026/04/09 15:58:53 - __main__ - INFO - 142 - trainer - [0/257] Loss: 7.1819 Loss_contra: 0.0203
2026/04/09 15:59:00 - __main__ - INFO - 142 - trainer - [52/257] Loss: 7.0973 Loss_contra: 0.0200
2026/04/09 15:59:06 - __main__ - INFO - 142 - trainer - [104/257] Loss: 7.3385 Loss_contra: 0.0225
2026/04/09 15:59:13 - __main__ - INFO - 142 - trainer - [156/257] Loss: 7.1775 Loss_contra: 0.0202
2026/04/09 15:59:19 - __main__ - INFO - 142 - trainer - [208/257] Loss: 7.2671 Loss_contra: 0.0200
2026/04/09 15:59:25 - __main__ - INFO - 124 - trainer - Epoch: 44
2026/04/09 15:59:26 - __main__ - INFO - 142 - trainer - [0/257] Loss: 7.0993 Loss_contra: 0.0213
2026/04/09 15:59:32 - __main__ - INFO - 142 - trainer - [52/257] Loss: 7.2702 Loss_contra: 0.0180
2026/04/09 15:59:39 - __main__ - INFO - 142 - trainer - [104/257] Loss: 7.0898 Loss_contra: 0.0215
2026/04/09 15:59:48 - __main__ - INFO - 142 - trainer - [156/257] Loss: 7.0115 Loss_contra: 0.0198
2026/04/09 15:59:56 - __main__ - INFO - 142 - trainer - [208/257] Loss: 7.0822 Loss_contra: 0.0206
2026/04/09 16:00:04 - __main__ - INFO - 152 - trainer - start predicting: 2026-04-09 16:00:04.429670
2026/04/09 16:00:40 - __main__ - INFO - 187 - trainer - {'Best_HR@5': 6.4479, 'Best_NDCG@5': 4.6021, 'Best_HR@10': 8.7137, 'Best_NDCG@10': 5.3325, 'Best_HR@20': 11.9633, 'Best_NDCG@20': 6.1511}
2026/04/09 16:00:40 - __main__ - INFO - 188 - trainer - {'Best_epoch_HR@5': 44, 'Best_epoch_NDCG@5': 44, 'Best_epoch_HR@10': 44, 'Best_epoch_NDCG@10': 44, 'Best_epoch_HR@20': 44, 'Best_epoch_NDCG@20': 44}
2026/04/09 16:00:40 - __main__ - INFO - 124 - trainer - Epoch: 45
2026/04/09 16:00:40 - __main__ - INFO - 142 - trainer - [0/257] Loss: 7.0524 Loss_contra: 0.0199
2026/04/09 16:00:50 - __main__ - INFO - 142 - trainer - [52/257] Loss: 7.0958 Loss_contra: 0.0175
2026/04/09 16:00:58 - __main__ - INFO - 142 - trainer - [104/257] Loss: 7.3810 Loss_contra: 0.0191
2026/04/09 16:01:05 - __main__ - INFO - 142 - trainer - [156/257] Loss: 6.9334 Loss_contra: 0.0226
2026/04/09 16:01:11 - __main__ - INFO - 142 - trainer - [208/257] Loss: 6.9766 Loss_contra: 0.0218
2026/04/09 16:01:17 - __main__ - INFO - 124 - trainer - Epoch: 46
2026/04/09 16:01:17 - __main__ - INFO - 142 - trainer - [0/257] Loss: 6.8352 Loss_contra: 0.0227
2026/04/09 16:01:24 - __main__ - INFO - 142 - trainer - [52/257] Loss: 6.9440 Loss_contra: 0.0169
2026/04/09 16:01:30 - __main__ - INFO - 142 - trainer - [104/257] Loss: 7.2426 Loss_contra: 0.0222
2026/04/09 16:01:37 - __main__ - INFO - 142 - trainer - [156/257] Loss: 7.1617 Loss_contra: 0.0201
2026/04/09 16:01:43 - __main__ - INFO - 142 - trainer - [208/257] Loss: 7.0682 Loss_contra: 0.0196
2026/04/09 16:01:49 - __main__ - INFO - 152 - trainer - start predicting: 2026-04-09 16:01:49.895723
2026/04/09 16:02:18 - __main__ - INFO - 187 - trainer - {'Best_HR@5': 6.7489, 'Best_NDCG@5': 4.8229, 'Best_HR@10': 9.046, 'Best_NDCG@10': 5.5609, 'Best_HR@20': 12.3129, 'Best_NDCG@20': 6.3799}
2026/04/09 16:02:18 - __main__ - INFO - 188 - trainer - {'Best_epoch_HR@5': 46, 'Best_epoch_NDCG@5': 46, 'Best_epoch_HR@10': 46, 'Best_epoch_NDCG@10': 46, 'Best_epoch_HR@20': 46, 'Best_epoch_NDCG@20': 46}
2026/04/09 16:02:18 - __main__ - INFO - 124 - trainer - Epoch: 47
2026/04/09 16:02:18 - __main__ - INFO - 142 - trainer - [0/257] Loss: 7.0368 Loss_contra: 0.0209
2026/04/09 16:02:26 - __main__ - INFO - 142 - trainer - [52/257] Loss: 6.9322 Loss_contra: 0.0211
2026/04/09 16:02:35 - __main__ - INFO - 142 - trainer - [104/257] Loss: 7.0192 Loss_contra: 0.0181
2026/04/09 16:02:43 - __main__ - INFO - 142 - trainer - [156/257] Loss: 7.0706 Loss_contra: 0.0194
2026/04/09 16:02:51 - __main__ - INFO - 142 - trainer - [208/257] Loss: 6.9671 Loss_contra: 0.0190
2026/04/09 16:03:00 - __main__ - INFO - 124 - trainer - Epoch: 48
2026/04/09 16:03:00 - __main__ - INFO - 142 - trainer - [0/257] Loss: 7.2176 Loss_contra: 0.0185
2026/04/09 16:03:11 - __main__ - INFO - 142 - trainer - [52/257] Loss: 6.9956 Loss_contra: 0.0151
2026/04/09 16:03:21 - __main__ - INFO - 142 - trainer - [104/257] Loss: 7.1192 Loss_contra: 0.0159
2026/04/09 16:03:29 - __main__ - INFO - 142 - trainer - [156/257] Loss: 6.9258 Loss_contra: 0.0194
2026/04/09 16:03:36 - __main__ - INFO - 142 - trainer - [208/257] Loss: 7.0413 Loss_contra: 0.0191
2026/04/09 16:03:42 - __main__ - INFO - 152 - trainer - start predicting: 2026-04-09 16:03:42.298326
2026/04/09 16:04:09 - __main__ - INFO - 187 - trainer - {'Best_HR@5': 6.7489, 'Best_NDCG@5': 4.8229, 'Best_HR@10': 9.0572, 'Best_NDCG@10': 5.5802, 'Best_HR@20': 12.3129, 'Best_NDCG@20': 6.3919}
2026/04/09 16:04:09 - __main__ - INFO - 188 - trainer - {'Best_epoch_HR@5': 46, 'Best_epoch_NDCG@5': 46, 'Best_epoch_HR@10': 48, 'Best_epoch_NDCG@10': 48, 'Best_epoch_HR@20': 46, 'Best_epoch_NDCG@20': 48}
2026/04/09 16:04:09 - __main__ - INFO - 124 - trainer - Epoch: 49
2026/04/09 16:04:09 - __main__ - INFO - 142 - trainer - [0/257] Loss: 7.0068 Loss_contra: 0.0184
2026/04/09 16:04:15 - __main__ - INFO - 142 - trainer - [52/257] Loss: 7.0909 Loss_contra: 0.0181
2026/04/09 16:04:22 - __main__ - INFO - 142 - trainer - [104/257] Loss: 6.7237 Loss_contra: 0.0192
2026/04/09 16:04:28 - __main__ - INFO - 142 - trainer - [156/257] Loss: 7.1670 Loss_contra: 0.0185
2026/04/09 16:04:35 - __main__ - INFO - 142 - trainer - [208/257] Loss: 7.0636 Loss_contra: 0.0167
2026/04/09 16:04:41 - __main__ - INFO - 124 - trainer - Epoch: 50
2026/04/09 16:04:41 - __main__ - INFO - 142 - trainer - [0/257] Loss: 6.9285 Loss_contra: 0.0155
2026/04/09 16:04:48 - __main__ - INFO - 142 - trainer - [52/257] Loss: 6.9943 Loss_contra: 0.0188
2026/04/09 16:04:56 - __main__ - INFO - 142 - trainer - [104/257] Loss: 7.0051 Loss_contra: 0.0178
2026/04/09 16:05:05 - __main__ - INFO - 142 - trainer - [156/257] Loss: 7.2277 Loss_contra: 0.0163
2026/04/09 16:05:13 - __main__ - INFO - 142 - trainer - [208/257] Loss: 6.9102 Loss_contra: 0.0173
2026/04/09 16:05:21 - __main__ - INFO - 152 - trainer - start predicting: 2026-04-09 16:05:21.164986
2026/04/09 16:05:59 - __main__ - INFO - 187 - trainer - {'Best_HR@5': 6.9355, 'Best_NDCG@5': 4.9494, 'Best_HR@10': 9.3011, 'Best_NDCG@10': 5.7118, 'Best_HR@20': 12.5788, 'Best_NDCG@20': 6.5332}
2026/04/09 16:05:59 - __main__ - INFO - 188 - trainer - {'Best_epoch_HR@5': 50, 'Best_epoch_NDCG@5': 50, 'Best_epoch_HR@10': 50, 'Best_epoch_NDCG@10': 50, 'Best_epoch_HR@20': 50, 'Best_epoch_NDCG@20': 50}
2026/04/09 16:05:59 - __main__ - INFO - 124 - trainer - Epoch: 51
2026/04/09 16:05:59 - __main__ - INFO - 142 - trainer - [0/257] Loss: 6.9839 Loss_contra: 0.0188
2026/04/09 16:06:07 - __main__ - INFO - 142 - trainer - [52/257] Loss: 6.8417 Loss_contra: 0.0152
2026/04/09 16:06:14 - __main__ - INFO - 142 - trainer - [104/257] Loss: 6.8438 Loss_contra: 0.0196
2026/04/09 16:06:20 - __main__ - INFO - 142 - trainer - [156/257] Loss: 6.8634 Loss_contra: 0.0160
2026/04/09 16:06:27 - __main__ - INFO - 142 - trainer - [208/257] Loss: 6.9113 Loss_contra: 0.0164
2026/04/09 16:06:33 - __main__ - INFO - 124 - trainer - Epoch: 52
2026/04/09 16:06:33 - __main__ - INFO - 142 - trainer - [0/257] Loss: 7.0230 Loss_contra: 0.0153
2026/04/09 16:06:39 - __main__ - INFO - 142 - trainer - [52/257] Loss: 6.9140 Loss_contra: 0.0151
2026/04/09 16:06:46 - __main__ - INFO - 142 - trainer - [104/257] Loss: 6.9243 Loss_contra: 0.0145
2026/04/09 16:06:52 - __main__ - INFO - 142 - trainer - [156/257] Loss: 6.9132 Loss_contra: 0.0173
2026/04/09 16:06:59 - __main__ - INFO - 142 - trainer - [208/257] Loss: 6.9930 Loss_contra: 0.0152
2026/04/09 16:07:05 - __main__ - INFO - 152 - trainer - start predicting: 2026-04-09 16:07:05.297031
2026/04/09 16:07:34 - __main__ - INFO - 187 - trainer - {'Best_HR@5': 6.9951, 'Best_NDCG@5': 5.0136, 'Best_HR@10': 9.3011, 'Best_NDCG@10': 5.7484, 'Best_HR@20': 12.5788, 'Best_NDCG@20': 6.5648}
2026/04/09 16:07:34 - __main__ - INFO - 188 - trainer - {'Best_epoch_HR@5': 52, 'Best_epoch_NDCG@5': 52, 'Best_epoch_HR@10': 50, 'Best_epoch_NDCG@10': 52, 'Best_epoch_HR@20': 50, 'Best_epoch_NDCG@20': 52}
2026/04/09 16:07:34 - __main__ - INFO - 124 - trainer - Epoch: 53
2026/04/09 16:07:34 - __main__ - INFO - 142 - trainer - [0/257] Loss: 6.7169 Loss_contra: 0.0166
2026/04/09 16:07:43 - __main__ - INFO - 142 - trainer - [52/257] Loss: 6.9925 Loss_contra: 0.0163
2026/04/09 16:07:51 - __main__ - INFO - 142 - trainer - [104/257] Loss: 6.8419 Loss_contra: 0.0166
2026/04/09 16:07:59 - __main__ - INFO - 142 - trainer - [156/257] Loss: 7.0040 Loss_contra: 0.0167
2026/04/09 16:08:08 - __main__ - INFO - 142 - trainer - [208/257] Loss: 6.7347 Loss_contra: 0.0221
2026/04/09 16:08:18 - __main__ - INFO - 124 - trainer - Epoch: 54
2026/04/09 16:08:18 - __main__ - INFO - 142 - trainer - [0/257] Loss: 6.8297 Loss_contra: 0.0173
2026/04/09 16:08:28 - __main__ - INFO - 142 - trainer - [52/257] Loss: 6.8652 Loss_contra: 0.0140
2026/04/09 16:08:37 - __main__ - INFO - 142 - trainer - [104/257] Loss: 6.8112 Loss_contra: 0.0135
2026/04/09 16:08:44 - __main__ - INFO - 142 - trainer - [156/257] Loss: 6.9902 Loss_contra: 0.0148
2026/04/09 16:08:51 - __main__ - INFO - 142 - trainer - [208/257] Loss: 6.9195 Loss_contra: 0.0142
2026/04/09 16:08:56 - __main__ - INFO - 152 - trainer - start predicting: 2026-04-09 16:08:56.991615
2026/04/09 16:09:23 - __main__ - INFO - 124 - trainer - Epoch: 55
2026/04/09 16:09:24 - __main__ - INFO - 142 - trainer - [0/257] Loss: 6.8589 Loss_contra: 0.0174
2026/04/09 16:09:30 - __main__ - INFO - 142 - trainer - [52/257] Loss: 6.7880 Loss_contra: 0.0170
2026/04/09 16:09:37 - __main__ - INFO - 142 - trainer - [104/257] Loss: 6.8593 Loss_contra: 0.0120
2026/04/09 16:09:43 - __main__ - INFO - 142 - trainer - [156/257] Loss: 6.7468 Loss_contra: 0.0143
2026/04/09 16:09:50 - __main__ - INFO - 142 - trainer - [208/257] Loss: 6.9539 Loss_contra: 0.0139
2026/04/09 16:09:56 - __main__ - INFO - 124 - trainer - Epoch: 56
2026/04/09 16:09:56 - __main__ - INFO - 142 - trainer - [0/257] Loss: 6.8190 Loss_contra: 0.0162
2026/04/09 16:10:04 - __main__ - INFO - 142 - trainer - [52/257] Loss: 6.7907 Loss_contra: 0.0149
2026/04/09 16:10:12 - __main__ - INFO - 142 - trainer - [104/257] Loss: 7.0345 Loss_contra: 0.0119
2026/04/09 16:10:21 - __main__ - INFO - 142 - trainer - [156/257] Loss: 6.8984 Loss_contra: 0.0160
2026/04/09 16:10:29 - __main__ - INFO - 142 - trainer - [208/257] Loss: 6.8135 Loss_contra: 0.0138
2026/04/09 16:10:37 - __main__ - INFO - 152 - trainer - start predicting: 2026-04-09 16:10:37.130895
2026/04/09 16:11:15 - __main__ - INFO - 187 - trainer - {'Best_HR@5': 6.9951, 'Best_NDCG@5': 5.0136, 'Best_HR@10': 9.596, 'Best_NDCG@10': 5.8416, 'Best_HR@20': 12.6987, 'Best_NDCG@20': 6.6235}
2026/04/09 16:11:15 - __main__ - INFO - 188 - trainer - {'Best_epoch_HR@5': 52, 'Best_epoch_NDCG@5': 52, 'Best_epoch_HR@10': 56, 'Best_epoch_NDCG@10': 56, 'Best_epoch_HR@20': 56, 'Best_epoch_NDCG@20': 56}
2026/04/09 16:11:15 - __main__ - INFO - 124 - trainer - Epoch: 57
2026/04/09 16:11:15 - __main__ - INFO - 142 - trainer - [0/257] Loss: 6.9761 Loss_contra: 0.0141
2026/04/09 16:11:22 - __main__ - INFO - 142 - trainer - [52/257] Loss: 6.8580 Loss_contra: 0.0135
2026/04/09 16:11:28 - __main__ - INFO - 142 - trainer - [104/257] Loss: 6.7019 Loss_contra: 0.0166
2026/04/09 16:11:35 - __main__ - INFO - 142 - trainer - [156/257] Loss: 6.8745 Loss_contra: 0.0127
2026/04/09 16:11:41 - __main__ - INFO - 142 - trainer - [208/257] Loss: 6.9355 Loss_contra: 0.0144
2026/04/09 16:11:47 - __main__ - INFO - 124 - trainer - Epoch: 58
2026/04/09 16:11:48 - __main__ - INFO - 142 - trainer - [0/257] Loss: 6.6335 Loss_contra: 0.0143
2026/04/09 16:11:54 - __main__ - INFO - 142 - trainer - [52/257] Loss: 6.8318 Loss_contra: 0.0133
2026/04/09 16:12:00 - __main__ - INFO - 142 - trainer - [104/257] Loss: 6.7573 Loss_contra: 0.0131
2026/04/09 16:12:07 - __main__ - INFO - 142 - trainer - [156/257] Loss: 6.8871 Loss_contra: 0.0117
2026/04/09 16:12:13 - __main__ - INFO - 142 - trainer - [208/257] Loss: 6.8363 Loss_contra: 0.0124
2026/04/09 16:12:19 - __main__ - INFO - 152 - trainer - start predicting: 2026-04-09 16:12:19.820367
2026/04/09 16:12:50 - __main__ - INFO - 187 - trainer - {'Best_HR@5': 6.9951, 'Best_NDCG@5': 5.0136, 'Best_HR@10': 9.596, 'Best_NDCG@10': 5.8416, 'Best_HR@20': 12.7716, 'Best_NDCG@20': 6.6235}
2026/04/09 16:12:50 - __main__ - INFO - 188 - trainer - {'Best_epoch_HR@5': 52, 'Best_epoch_NDCG@5': 52, 'Best_epoch_HR@10': 56, 'Best_epoch_NDCG@10': 56, 'Best_epoch_HR@20': 58, 'Best_epoch_NDCG@20': 56}
2026/04/09 16:12:50 - __main__ - INFO - 124 - trainer - Epoch: 59
2026/04/09 16:12:50 - __main__ - INFO - 142 - trainer - [0/257] Loss: 6.8822 Loss_contra: 0.0164
2026/04/09 16:12:59 - __main__ - INFO - 142 - trainer - [52/257] Loss: 6.8444 Loss_contra: 0.0139
2026/04/09 16:13:07 - __main__ - INFO - 142 - trainer - [104/257] Loss: 6.8785 Loss_contra: 0.0122
2026/04/09 16:13:16 - __main__ - INFO - 142 - trainer - [156/257] Loss: 6.6878 Loss_contra: 0.0119
2026/04/09 16:13:26 - __main__ - INFO - 142 - trainer - [208/257] Loss: 6.7274 Loss_contra: 0.0122
2026/04/09 16:13:36 - __main__ - INFO - 124 - trainer - Epoch: 60
2026/04/09 16:13:36 - __main__ - INFO - 142 - trainer - [0/257] Loss: 6.6750 Loss_contra: 0.0155
2026/04/09 16:13:45 - __main__ - INFO - 142 - trainer - [52/257] Loss: 6.8474 Loss_contra: 0.0123
2026/04/09 16:13:53 - __main__ - INFO - 142 - trainer - [104/257] Loss: 6.7145 Loss_contra: 0.0110
2026/04/09 16:13:59 - __main__ - INFO - 142 - trainer - [156/257] Loss: 6.7237 Loss_contra: 0.0138
2026/04/09 16:14:06 - __main__ - INFO - 142 - trainer - [208/257] Loss: 6.8673 Loss_contra: 0.0142
2026/04/09 16:14:12 - __main__ - INFO - 152 - trainer - start predicting: 2026-04-09 16:14:12.206639
2026/04/09 16:14:39 - __main__ - INFO - 187 - trainer - {'Best_HR@5': 7.1089, 'Best_NDCG@5': 5.0878, 'Best_HR@10': 9.596, 'Best_NDCG@10': 5.8773, 'Best_HR@20': 12.7765, 'Best_NDCG@20': 6.6886}
2026/04/09 16:14:39 - __main__ - INFO - 188 - trainer - {'Best_epoch_HR@5': 60, 'Best_epoch_NDCG@5': 60, 'Best_epoch_HR@10': 56, 'Best_epoch_NDCG@10': 60, 'Best_epoch_HR@20': 60, 'Best_epoch_NDCG@20': 60}
2026/04/09 16:14:39 - __main__ - INFO - 124 - trainer - Epoch: 61
2026/04/09 16:14:39 - __main__ - INFO - 142 - trainer - [0/257] Loss: 6.7750 Loss_contra: 0.0140
2026/04/09 16:14:45 - __main__ - INFO - 142 - trainer - [52/257] Loss: 6.5695 Loss_contra: 0.0132
2026/04/09 16:14:52 - __main__ - INFO - 142 - trainer - [104/257] Loss: 6.7342 Loss_contra: 0.0121
2026/04/09 16:14:58 - __main__ - INFO - 142 - trainer - [156/257] Loss: 6.6912 Loss_contra: 0.0139
2026/04/09 16:15:05 - __main__ - INFO - 142 - trainer - [208/257] Loss: 6.7487 Loss_contra: 0.0118
2026/04/09 16:15:12 - __main__ - INFO - 124 - trainer - Epoch: 62
2026/04/09 16:15:12 - __main__ - INFO - 142 - trainer - [0/257] Loss: 6.5217 Loss_contra: 0.0119
2026/04/09 16:15:21 - __main__ - INFO - 142 - trainer - [52/257] Loss: 6.6490 Loss_contra: 0.0094
2026/04/09 16:15:29 - __main__ - INFO - 142 - trainer - [104/257] Loss: 6.6386 Loss_contra: 0.0110
2026/04/09 16:15:37 - __main__ - INFO - 142 - trainer - [156/257] Loss: 6.6516 Loss_contra: 0.0120
2026/04/09 16:15:46 - __main__ - INFO - 142 - trainer - [208/257] Loss: 6.6055 Loss_contra: 0.0132
2026/04/09 16:15:55 - __main__ - INFO - 152 - trainer - start predicting: 2026-04-09 16:15:55.368018
2026/04/09 16:16:31 - __main__ - INFO - 187 - trainer - {'Best_HR@5': 7.1089, 'Best_NDCG@5': 5.0886, 'Best_HR@10': 9.596, 'Best_NDCG@10': 5.8914, 'Best_HR@20': 12.7765, 'Best_NDCG@20': 6.6972}
2026/04/09 16:16:31 - __main__ - INFO - 188 - trainer - {'Best_epoch_HR@5': 60, 'Best_epoch_NDCG@5': 62, 'Best_epoch_HR@10': 56, 'Best_epoch_NDCG@10': 62, 'Best_epoch_HR@20': 60, 'Best_epoch_NDCG@20': 62}
2026/04/09 16:16:31 - __main__ - INFO - 124 - trainer - Epoch: 63
2026/04/09 16:16:31 - __main__ - INFO - 142 - trainer - [0/257] Loss: 6.6391 Loss_contra: 0.0132
2026/04/09 16:16:37 - __main__ - INFO - 142 - trainer - [52/257] Loss: 6.5064 Loss_contra: 0.0118
2026/04/09 16:16:44 - __main__ - INFO - 142 - trainer - [104/257] Loss: 6.6806 Loss_contra: 0.0133
2026/04/09 16:16:50 - __main__ - INFO - 142 - trainer - [156/257] Loss: 6.7044 Loss_contra: 0.0135
2026/04/09 16:16:57 - __main__ - INFO - 142 - trainer - [208/257] Loss: 6.7889 Loss_contra: 0.0122
2026/04/09 16:17:03 - __main__ - INFO - 124 - trainer - Epoch: 64
2026/04/09 16:17:03 - __main__ - INFO - 142 - trainer - [0/257] Loss: 6.6404 Loss_contra: 0.0123
2026/04/09 16:17:09 - __main__ - INFO - 142 - trainer - [52/257] Loss: 6.6903 Loss_contra: 0.0111
2026/04/09 16:17:16 - __main__ - INFO - 142 - trainer - [104/257] Loss: 6.6699 Loss_contra: 0.0120
2026/04/09 16:17:22 - __main__ - INFO - 142 - trainer - [156/257] Loss: 6.6182 Loss_contra: 0.0113
2026/04/09 16:17:29 - __main__ - INFO - 142 - trainer - [208/257] Loss: 6.7106 Loss_contra: 0.0112
2026/04/09 16:17:35 - __main__ - INFO - 152 - trainer - start predicting: 2026-04-09 16:17:35.060176
2026/04/09 16:18:07 - __main__ - INFO - 187 - trainer - {'Best_HR@5': 7.1089, 'Best_NDCG@5': 5.0886, 'Best_HR@10': 9.6404, 'Best_NDCG@10': 5.8914, 'Best_HR@20': 12.8959, 'Best_NDCG@20': 6.7015}
2026/04/09 16:18:07 - __main__ - INFO - 188 - trainer - {'Best_epoch_HR@5': 60, 'Best_epoch_NDCG@5': 62, 'Best_epoch_HR@10': 64, 'Best_epoch_NDCG@10': 62, 'Best_epoch_HR@20': 64, 'Best_epoch_NDCG@20': 64}
2026/04/09 16:18:07 - __main__ - INFO - 124 - trainer - Epoch: 65
2026/04/09 16:18:07 - __main__ - INFO - 142 - trainer - [0/257] Loss: 6.5502 Loss_contra: 0.0119
2026/04/09 16:18:15 - __main__ - INFO - 142 - trainer - [52/257] Loss: 6.7338 Loss_contra: 0.0108
2026/04/09 16:18:24 - __main__ - INFO - 142 - trainer - [104/257] Loss: 6.4344 Loss_contra: 0.0130
2026/04/09 16:18:34 - __main__ - INFO - 142 - trainer - [156/257] Loss: 6.4888 Loss_contra: 0.0112
2026/04/09 16:18:44 - __main__ - INFO - 142 - trainer - [208/257] Loss: 6.5326 Loss_contra: 0.0131
2026/04/09 16:18:53 - __main__ - INFO - 124 - trainer - Epoch: 66
2026/04/09 16:18:53 - __main__ - INFO - 142 - trainer - [0/257] Loss: 6.3686 Loss_contra: 0.0129
2026/04/09 16:19:01 - __main__ - INFO - 142 - trainer - [52/257] Loss: 6.6317 Loss_contra: 0.0120
2026/04/09 16:19:08 - __main__ - INFO - 142 - trainer - [104/257] Loss: 6.3932 Loss_contra: 0.0115
2026/04/09 16:19:14 - __main__ - INFO - 142 - trainer - [156/257] Loss: 6.6242 Loss_contra: 0.0123
2026/04/09 16:19:21 - __main__ - INFO - 142 - trainer - [208/257] Loss: 6.6834 Loss_contra: 0.0123
2026/04/09 16:19:27 - __main__ - INFO - 152 - trainer - start predicting: 2026-04-09 16:19:27.128613
2026/04/09 16:19:54 - __main__ - INFO - 187 - trainer - {'Best_HR@5': 7.1089, 'Best_NDCG@5': 5.1118, 'Best_HR@10': 9.6404, 'Best_NDCG@10': 5.929, 'Best_HR@20': 12.8982, 'Best_NDCG@20': 6.7551}
2026/04/09 16:19:54 - __main__ - INFO - 188 - trainer - {'Best_epoch_HR@5': 60, 'Best_epoch_NDCG@5': 66, 'Best_epoch_HR@10': 64, 'Best_epoch_NDCG@10': 66, 'Best_epoch_HR@20': 66, 'Best_epoch_NDCG@20': 66}
2026/04/09 16:19:54 - __main__ - INFO - 124 - trainer - Epoch: 67
2026/04/09 16:19:54 - __main__ - INFO - 142 - trainer - [0/257] Loss: 6.5397 Loss_contra: 0.0122
2026/04/09 16:20:00 - __main__ - INFO - 142 - trainer - [52/257] Loss: 6.5932 Loss_contra: 0.0107
2026/04/09 16:20:07 - __main__ - INFO - 142 - trainer - [104/257] Loss: 6.6049 Loss_contra: 0.0102
2026/04/09 16:20:13 - __main__ - INFO - 142 - trainer - [156/257] Loss: 6.6785 Loss_contra: 0.0106
2026/04/09 16:20:21 - __main__ - INFO - 142 - trainer - [208/257] Loss: 6.6326 Loss_contra: 0.0114
2026/04/09 16:20:28 - __main__ - INFO - 124 - trainer - Epoch: 68
2026/04/09 16:20:29 - __main__ - INFO - 142 - trainer - [0/257] Loss: 6.6100 Loss_contra: 0.0114
2026/04/09 16:20:37 - __main__ - INFO - 142 - trainer - [52/257] Loss: 6.5142 Loss_contra: 0.0105
2026/04/09 16:20:45 - __main__ - INFO - 142 - trainer - [104/257] Loss: 6.4146 Loss_contra: 0.0141
2026/04/09 16:20:53 - __main__ - INFO - 142 - trainer - [156/257] Loss: 6.4644 Loss_contra: 0.0132
2026/04/09 16:21:03 - __main__ - INFO - 142 - trainer - [208/257] Loss: 6.7514 Loss_contra: 0.0109
2026/04/09 16:21:13 - __main__ - INFO - 152 - trainer - start predicting: 2026-04-09 16:21:13.024471
2026/04/09 16:21:46 - __main__ - INFO - 187 - trainer - {'Best_HR@5': 7.1089, 'Best_NDCG@5': 5.1246, 'Best_HR@10': 9.6611, 'Best_NDCG@10': 5.9592, 'Best_HR@20': 12.9403, 'Best_NDCG@20': 6.7882}
2026/04/09 16:21:46 - __main__ - INFO - 188 - trainer - {'Best_epoch_HR@5': 60, 'Best_epoch_NDCG@5': 68, 'Best_epoch_HR@10': 68, 'Best_epoch_NDCG@10': 68, 'Best_epoch_HR@20': 68, 'Best_epoch_NDCG@20': 68}
2026/04/09 16:21:46 - __main__ - INFO - 124 - trainer - Epoch: 69
2026/04/09 16:21:46 - __main__ - INFO - 142 - trainer - [0/257] Loss: 6.3555 Loss_contra: 0.0116
2026/04/09 16:21:52 - __main__ - INFO - 142 - trainer - [52/257] Loss: 6.5834 Loss_contra: 0.0103
2026/04/09 16:21:59 - __main__ - INFO - 142 - trainer - [104/257] Loss: 6.4762 Loss_contra: 0.0124
2026/04/09 16:22:05 - __main__ - INFO - 142 - trainer - [156/257] Loss: 6.7267 Loss_contra: 0.0119
2026/04/09 16:22:12 - __main__ - INFO - 142 - trainer - [208/257] Loss: 6.7355 Loss_contra: 0.0095
2026/04/09 16:22:18 - __main__ - INFO - 124 - trainer - Epoch: 70
2026/04/09 16:22:18 - __main__ - INFO - 142 - trainer - [0/257] Loss: 6.4225 Loss_contra: 0.0103
2026/04/09 16:22:24 - __main__ - INFO - 142 - trainer - [52/257] Loss: 6.3787 Loss_contra: 0.0107
2026/04/09 16:22:31 - __main__ - INFO - 142 - trainer - [104/257] Loss: 6.6455 Loss_contra: 0.0125
2026/04/09 16:22:37 - __main__ - INFO - 142 - trainer - [156/257] Loss: 6.6178 Loss_contra: 0.0118
2026/04/09 16:22:44 - __main__ - INFO - 142 - trainer - [208/257] Loss: 6.6252 Loss_contra: 0.0117
2026/04/09 16:22:50 - __main__ - INFO - 152 - trainer - start predicting: 2026-04-09 16:22:50.500502
2026/04/09 16:23:24 - __main__ - INFO - 187 - trainer - {'Best_HR@5': 7.2236, 'Best_NDCG@5': 5.1644, 'Best_HR@10': 9.7533, 'Best_NDCG@10': 5.9821, 'Best_HR@20': 13.1265, 'Best_NDCG@20': 6.8349}
2026/04/09 16:23:24 - __main__ - INFO - 188 - trainer - {'Best_epoch_HR@5': 70, 'Best_epoch_NDCG@5': 70, 'Best_epoch_HR@10': 70, 'Best_epoch_NDCG@10': 70, 'Best_epoch_HR@20': 70, 'Best_epoch_NDCG@20': 70}
2026/04/09 16:23:24 - __main__ - INFO - 124 - trainer - Epoch: 71
2026/04/09 16:23:24 - __main__ - INFO - 142 - trainer - [0/257] Loss: 6.5042 Loss_contra: 0.0114
2026/04/09 16:23:32 - __main__ - INFO - 142 - trainer - [52/257] Loss: 6.4852 Loss_contra: 0.0101
2026/04/09 16:23:41 - __main__ - INFO - 142 - trainer - [104/257] Loss: 6.5984 Loss_contra: 0.0103
2026/04/09 16:23:52 - __main__ - INFO - 142 - trainer - [156/257] Loss: 6.4893 Loss_contra: 0.0125
2026/04/09 16:24:02 - __main__ - INFO - 142 - trainer - [208/257] Loss: 6.7352 Loss_contra: 0.0100
2026/04/09 16:24:10 - __main__ - INFO - 124 - trainer - Epoch: 72
2026/04/09 16:24:10 - __main__ - INFO - 142 - trainer - [0/257] Loss: 6.3958 Loss_contra: 0.0119
2026/04/09 16:24:16 - __main__ - INFO - 142 - trainer - [52/257] Loss: 6.4145 Loss_contra: 0.0138
2026/04/09 16:24:23 - __main__ - INFO - 142 - trainer - [104/257] Loss: 6.4270 Loss_contra: 0.0109
2026/04/09 16:24:29 - __main__ - INFO - 142 - trainer - [156/257] Loss: 6.5746 Loss_contra: 0.0111
2026/04/09 16:24:36 - __main__ - INFO - 142 - trainer - [208/257] Loss: 6.4562 Loss_contra: 0.0089
2026/04/09 16:24:42 - __main__ - INFO - 152 - trainer - start predicting: 2026-04-09 16:24:42.300720
2026/04/09 16:25:09 - __main__ - INFO - 187 - trainer - {'Best_HR@5': 7.2236, 'Best_NDCG@5': 5.1644, 'Best_HR@10': 9.7626, 'Best_NDCG@10': 5.9821, 'Best_HR@20': 13.1774, 'Best_NDCG@20': 6.8349}
2026/04/09 16:25:09 - __main__ - INFO - 188 - trainer - {'Best_epoch_HR@5': 70, 'Best_epoch_NDCG@5': 70, 'Best_epoch_HR@10': 72, 'Best_epoch_NDCG@10': 70, 'Best_epoch_HR@20': 72, 'Best_epoch_NDCG@20': 70}
2026/04/09 16:25:09 - __main__ - INFO - 124 - trainer - Epoch: 73
2026/04/09 16:25:09 - __main__ - INFO - 142 - trainer - [0/257] Loss: 6.2485 Loss_contra: 0.0105
2026/04/09 16:25:15 - __main__ - INFO - 142 - trainer - [52/257] Loss: 6.5177 Loss_contra: 0.0092
2026/04/09 16:25:22 - __main__ - INFO - 142 - trainer - [104/257] Loss: 6.5359 Loss_contra: 0.0099
2026/04/09 16:25:29 - __main__ - INFO - 142 - trainer - [156/257] Loss: 6.3894 Loss_contra: 0.0110
2026/04/09 16:25:37 - __main__ - INFO - 142 - trainer - [208/257] Loss: 6.3688 Loss_contra: 0.0134
2026/04/09 16:25:45 - __main__ - INFO - 124 - trainer - Epoch: 74
2026/04/09 16:25:45 - __main__ - INFO - 142 - trainer - [0/257] Loss: 6.3104 Loss_contra: 0.0123
2026/04/09 16:25:54 - __main__ - INFO - 142 - trainer - [52/257] Loss: 6.2192 Loss_contra: 0.0093
2026/04/09 16:26:02 - __main__ - INFO - 142 - trainer - [104/257] Loss: 6.2792 Loss_contra: 0.0115
2026/04/09 16:26:11 - __main__ - INFO - 142 - trainer - [156/257] Loss: 6.3327 Loss_contra: 0.0099
2026/04/09 16:26:21 - __main__ - INFO - 142 - trainer - [208/257] Loss: 6.3593 Loss_contra: 0.0120
2026/04/09 16:26:31 - __main__ - INFO - 152 - trainer - start predicting: 2026-04-09 16:26:31.439427
2026/04/09 16:27:01 - __main__ - INFO - 187 - trainer - {'Best_HR@5': 7.3454, 'Best_NDCG@5': 5.2869, 'Best_HR@10': 9.9131, 'Best_NDCG@10': 6.1126, 'Best_HR@20': 13.1774, 'Best_NDCG@20': 6.9246}
2026/04/09 16:27:01 - __main__ - INFO - 188 - trainer - {'Best_epoch_HR@5': 74, 'Best_epoch_NDCG@5': 74, 'Best_epoch_HR@10': 74, 'Best_epoch_NDCG@10': 74, 'Best_epoch_HR@20': 72, 'Best_epoch_NDCG@20': 74}
2026/04/09 16:27:01 - __main__ - INFO - 124 - trainer - Epoch: 75
2026/04/09 16:27:01 - __main__ - INFO - 142 - trainer - [0/257] Loss: 6.3436 Loss_contra: 0.0094
2026/04/09 16:27:07 - __main__ - INFO - 142 - trainer - [52/257] Loss: 6.6212 Loss_contra: 0.0096
2026/04/09 16:27:14 - __main__ - INFO - 142 - trainer - [104/257] Loss: 6.2393 Loss_contra: 0.0113
2026/04/09 16:27:20 - __main__ - INFO - 142 - trainer - [156/257] Loss: 6.3594 Loss_contra: 0.0095
2026/04/09 16:27:27 - __main__ - INFO - 142 - trainer - [208/257] Loss: 6.2117 Loss_contra: 0.0107
2026/04/09 16:27:33 - __main__ - INFO - 124 - trainer - Epoch: 76
2026/04/09 16:27:33 - __main__ - INFO - 142 - trainer - [0/257] Loss: 6.4247 Loss_contra: 0.0103
2026/04/09 16:27:39 - __main__ - INFO - 142 - trainer - [52/257] Loss: 6.5717 Loss_contra: 0.0094
2026/04/09 16:27:46 - __main__ - INFO - 142 - trainer - [104/257] Loss: 6.5342 Loss_contra: 0.0107
2026/04/09 16:27:52 - __main__ - INFO - 142 - trainer - [156/257] Loss: 6.4878 Loss_contra: 0.0094
2026/04/09 16:27:59 - __main__ - INFO - 142 - trainer - [208/257] Loss: 6.3983 Loss_contra: 0.0103
2026/04/09 16:28:07 - __main__ - INFO - 152 - trainer - start predicting: 2026-04-09 16:28:07.230468
2026/04/09 16:28:40 - __main__ - INFO - 187 - trainer - {'Best_HR@5': 7.3454, 'Best_NDCG@5': 5.2869, 'Best_HR@10': 9.9131, 'Best_NDCG@10': 6.1126, 'Best_HR@20': 13.2398, 'Best_NDCG@20': 6.9246}
2026/04/09 16:28:40 - __main__ - INFO - 188 - trainer - {'Best_epoch_HR@5': 74, 'Best_epoch_NDCG@5': 74, 'Best_epoch_HR@10': 74, 'Best_epoch_NDCG@10': 74, 'Best_epoch_HR@20': 76, 'Best_epoch_NDCG@20': 74}
2026/04/09 16:28:40 - __main__ - INFO - 124 - trainer - Epoch: 77
2026/04/09 16:28:40 - __main__ - INFO - 142 - trainer - [0/257] Loss: 6.4865 Loss_contra: 0.0099
2026/04/09 16:28:49 - __main__ - INFO - 142 - trainer - [52/257] Loss: 6.4848 Loss_contra: 0.0124
2026/04/09 16:29:00 - __main__ - INFO - 142 - trainer - [104/257] Loss: 6.5240 Loss_contra: 0.0117
2026/04/09 16:29:10 - __main__ - INFO - 142 - trainer - [156/257] Loss: 6.4199 Loss_contra: 0.0093
2026/04/09 16:29:18 - __main__ - INFO - 142 - trainer - [208/257] Loss: 6.6744 Loss_contra: 0.0089
2026/04/09 16:29:25 - __main__ - INFO - 124 - trainer - Epoch: 78
2026/04/09 16:29:25 - __main__ - INFO - 142 - trainer - [0/257] Loss: 6.2275 Loss_contra: 0.0081
2026/04/09 16:29:31 - __main__ - INFO - 142 - trainer - [52/257] Loss: 6.4516 Loss_contra: 0.0094
2026/04/09 16:29:38 - __main__ - INFO - 142 - trainer - [104/257] Loss: 6.4943 Loss_contra: 0.0095
2026/04/09 16:29:44 - __main__ - INFO - 142 - trainer - [156/257] Loss: 6.3585 Loss_contra: 0.0109
2026/04/09 16:29:51 - __main__ - INFO - 142 - trainer - [208/257] Loss: 6.4437 Loss_contra: 0.0108
2026/04/09 16:29:57 - __main__ - INFO - 152 - trainer - start predicting: 2026-04-09 16:29:57.247083
2026/04/09 16:30:24 - __main__ - INFO - 187 - trainer - {'Best_HR@5': 7.3454, 'Best_NDCG@5': 5.2869, 'Best_HR@10': 9.9927, 'Best_NDCG@10': 6.1294, 'Best_HR@20': 13.4366, 'Best_NDCG@20': 6.9983}
2026/04/09 16:30:24 - __main__ - INFO - 188 - trainer - {'Best_epoch_HR@5': 74, 'Best_epoch_NDCG@5': 74, 'Best_epoch_HR@10': 78, 'Best_epoch_NDCG@10': 78, 'Best_epoch_HR@20': 78, 'Best_epoch_NDCG@20': 78}
2026/04/09 16:30:24 - __main__ - INFO - 124 - trainer - Epoch: 79
2026/04/09 16:30:24 - __main__ - INFO - 142 - trainer - [0/257] Loss: 6.1758 Loss_contra: 0.0101
2026/04/09 16:30:30 - __main__ - INFO - 142 - trainer - [52/257] Loss: 6.5275 Loss_contra: 0.0103
2026/04/09 16:30:37 - __main__ - INFO - 142 - trainer - [104/257] Loss: 6.3298 Loss_contra: 0.0084
2026/04/09 16:30:46 - __main__ - INFO - 142 - trainer - [156/257] Loss: 6.3070 Loss_contra: 0.0098
2026/04/09 16:30:54 - __main__ - INFO - 142 - trainer - [208/257] Loss: 6.1757 Loss_contra: 0.0107
2026/04/09 16:31:02 - __main__ - INFO - 124 - trainer - Epoch: 80
2026/04/09 16:31:02 - __main__ - INFO - 142 - trainer - [0/257] Loss: 6.2576 Loss_contra: 0.0102
2026/04/09 16:31:10 - __main__ - INFO - 142 - trainer - [52/257] Loss: 6.4065 Loss_contra: 0.0085
2026/04/09 16:31:19 - __main__ - INFO - 142 - trainer - [104/257] Loss: 6.3957 Loss_contra: 0.0093
2026/04/09 16:31:29 - __main__ - INFO - 142 - trainer - [156/257] Loss: 6.4416 Loss_contra: 0.0097
2026/04/09 16:31:40 - __main__ - INFO - 142 - trainer - [208/257] Loss: 6.1933 Loss_contra: 0.0096
2026/04/09 16:31:48 - __main__ - INFO - 152 - trainer - start predicting: 2026-04-09 16:31:48.399659
2026/04/09 16:32:16 - __main__ - INFO - 187 - trainer - {'Best_HR@5': 7.3454, 'Best_NDCG@5': 5.2968, 'Best_HR@10': 10.0189, 'Best_NDCG@10': 6.1629, 'Best_HR@20': 13.4366, 'Best_NDCG@20': 6.9983}
2026/04/09 16:32:16 - __main__ - INFO - 188 - trainer - {'Best_epoch_HR@5': 74, 'Best_epoch_NDCG@5': 80, 'Best_epoch_HR@10': 80, 'Best_epoch_NDCG@10': 80, 'Best_epoch_HR@20': 78, 'Best_epoch_NDCG@20': 78}
2026/04/09 16:32:16 - __main__ - INFO - 124 - trainer - Epoch: 81
2026/04/09 16:32:16 - __main__ - INFO - 142 - trainer - [0/257] Loss: 6.3409 Loss_contra: 0.0079
2026/04/09 16:32:22 - __main__ - INFO - 142 - trainer - [52/257] Loss: 6.2889 Loss_contra: 0.0095
2026/04/09 16:32:29 - __main__ - INFO - 142 - trainer - [104/257] Loss: 6.1944 Loss_contra: 0.0092
2026/04/09 16:32:35 - __main__ - INFO - 142 - trainer - [156/257] Loss: 6.3426 Loss_contra: 0.0086
2026/04/09 16:32:42 - __main__ - INFO - 142 - trainer - [208/257] Loss: 6.4879 Loss_contra: 0.0100
2026/04/09 16:32:48 - __main__ - INFO - 124 - trainer - Epoch: 82
2026/04/09 16:32:48 - __main__ - INFO - 142 - trainer - [0/257] Loss: 6.1216 Loss_contra: 0.0125
2026/04/09 16:32:54 - __main__ - INFO - 142 - trainer - [52/257] Loss: 6.2947 Loss_contra: 0.0111
2026/04/09 16:33:01 - __main__ - INFO - 142 - trainer - [104/257] Loss: 6.2263 Loss_contra: 0.0093
2026/04/09 16:33:07 - __main__ - INFO - 142 - trainer - [156/257] Loss: 6.3394 Loss_contra: 0.0077
2026/04/09 16:33:15 - __main__ - INFO - 142 - trainer - [208/257] Loss: 6.3086 Loss_contra: 0.0094
2026/04/09 16:33:23 - __main__ - INFO - 152 - trainer - start predicting: 2026-04-09 16:33:23.644753
2026/04/09 16:33:57 - __main__ - INFO - 124 - trainer - Epoch: 83
2026/04/09 16:33:57 - __main__ - INFO - 142 - trainer - [0/257] Loss: 6.2042 Loss_contra: 0.0104
2026/04/09 16:34:08 - __main__ - INFO - 142 - trainer - [52/257] Loss: 6.2960 Loss_contra: 0.0084
2026/04/09 16:34:18 - __main__ - INFO - 142 - trainer - [104/257] Loss: 6.1530 Loss_contra: 0.0086
2026/04/09 16:34:27 - __main__ - INFO - 142 - trainer - [156/257] Loss: 6.2979 Loss_contra: 0.0081
2026/04/09 16:34:34 - __main__ - INFO - 142 - trainer - [208/257] Loss: 5.9865 Loss_contra: 0.0092
2026/04/09 16:34:40 - __main__ - INFO - 124 - trainer - Epoch: 84
2026/04/09 16:34:40 - __main__ - INFO - 142 - trainer - [0/257] Loss: 6.4009 Loss_contra: 0.0089
2026/04/09 16:34:47 - __main__ - INFO - 142 - trainer - [52/257] Loss: 6.1545 Loss_contra: 0.0089
2026/04/09 16:34:53 - __main__ - INFO - 142 - trainer - [104/257] Loss: 6.3335 Loss_contra: 0.0085
2026/04/09 16:35:00 - __main__ - INFO - 142 - trainer - [156/257] Loss: 6.4048 Loss_contra: 0.0090
2026/04/09 16:35:06 - __main__ - INFO - 142 - trainer - [208/257] Loss: 6.5284 Loss_contra: 0.0096
2026/04/09 16:35:12 - __main__ - INFO - 152 - trainer - start predicting: 2026-04-09 16:35:12.566030
2026/04/09 16:35:39 - __main__ - INFO - 187 - trainer - {'Best_HR@5': 7.3454, 'Best_NDCG@5': 5.3431, 'Best_HR@10': 10.0189, 'Best_NDCG@10': 6.1771, 'Best_HR@20': 13.4366, 'Best_NDCG@20': 7.0215}
2026/04/09 16:35:39 - __main__ - INFO - 188 - trainer - {'Best_epoch_HR@5': 74, 'Best_epoch_NDCG@5': 84, 'Best_epoch_HR@10': 80, 'Best_epoch_NDCG@10': 84, 'Best_epoch_HR@20': 78, 'Best_epoch_NDCG@20': 84}
2026/04/09 16:35:39 - __main__ - INFO - 124 - trainer - Epoch: 85
2026/04/09 16:35:39 - __main__ - INFO - 142 - trainer - [0/257] Loss: 6.2118 Loss_contra: 0.0092
2026/04/09 16:35:46 - __main__ - INFO - 142 - trainer - [52/257] Loss: 6.3408 Loss_contra: 0.0089
2026/04/09 16:35:54 - __main__ - INFO - 142 - trainer - [104/257] Loss: 6.2821 Loss_contra: 0.0088
2026/04/09 16:36:02 - __main__ - INFO - 142 - trainer - [156/257] Loss: 6.2855 Loss_contra: 0.0086
2026/04/09 16:36:11 - __main__ - INFO - 142 - trainer - [208/257] Loss: 6.3651 Loss_contra: 0.0099
2026/04/09 16:36:18 - __main__ - INFO - 124 - trainer - Epoch: 86
2026/04/09 16:36:18 - __main__ - INFO - 142 - trainer - [0/257] Loss: 6.2134 Loss_contra: 0.0094
2026/04/09 16:36:27 - __main__ - INFO - 142 - trainer - [52/257] Loss: 6.1752 Loss_contra: 0.0098
2026/04/09 16:36:37 - __main__ - INFO - 142 - trainer - [104/257] Loss: 6.2374 Loss_contra: 0.0090
2026/04/09 16:36:47 - __main__ - INFO - 142 - trainer - [156/257] Loss: 6.2355 Loss_contra: 0.0091
2026/04/09 16:36:57 - __main__ - INFO - 142 - trainer - [208/257] Loss: 6.3321 Loss_contra: 0.0087
2026/04/09 16:37:04 - __main__ - INFO - 152 - trainer - start predicting: 2026-04-09 16:37:04.559070
2026/04/09 16:37:31 - __main__ - INFO - 124 - trainer - Epoch: 87
2026/04/09 16:37:31 - __main__ - INFO - 142 - trainer - [0/257] Loss: 6.0860 Loss_contra: 0.0090
2026/04/09 16:37:38 - __main__ - INFO - 142 - trainer - [52/257] Loss: 6.1660 Loss_contra: 0.0082
2026/04/09 16:37:44 - __main__ - INFO - 142 - trainer - [104/257] Loss: 6.3858 Loss_contra: 0.0086
2026/04/09 16:37:51 - __main__ - INFO - 142 - trainer - [156/257] Loss: 6.1522 Loss_contra: 0.0084
2026/04/09 16:37:57 - __main__ - INFO - 142 - trainer - [208/257] Loss: 6.3709 Loss_contra: 0.0093
2026/04/09 16:38:03 - __main__ - INFO - 124 - trainer - Epoch: 88
2026/04/09 16:38:03 - __main__ - INFO - 142 - trainer - [0/257] Loss: 6.1270 Loss_contra: 0.0088
2026/04/09 16:38:10 - __main__ - INFO - 142 - trainer - [52/257] Loss: 6.0533 Loss_contra: 0.0088
2026/04/09 16:38:16 - __main__ - INFO - 142 - trainer - [104/257] Loss: 6.0242 Loss_contra: 0.0089
2026/04/09 16:38:24 - __main__ - INFO - 142 - trainer - [156/257] Loss: 6.3352 Loss_contra: 0.0072
2026/04/09 16:38:32 - __main__ - INFO - 142 - trainer - [208/257] Loss: 6.3014 Loss_contra: 0.0090
2026/04/09 16:38:40 - __main__ - INFO - 152 - trainer - start predicting: 2026-04-09 16:38:40.805998
2026/04/09 16:39:15 - __main__ - INFO - 187 - trainer - {'Best_HR@5': 7.3454, 'Best_NDCG@5': 5.3431, 'Best_HR@10': 10.0544, 'Best_NDCG@10': 6.195, 'Best_HR@20': 13.4366, 'Best_NDCG@20': 7.0215}
2026/04/09 16:39:15 - __main__ - INFO - 188 - trainer - {'Best_epoch_HR@5': 74, 'Best_epoch_NDCG@5': 84, 'Best_epoch_HR@10': 88, 'Best_epoch_NDCG@10': 88, 'Best_epoch_HR@20': 78, 'Best_epoch_NDCG@20': 84}
2026/04/09 16:39:15 - __main__ - INFO - 124 - trainer - Epoch: 89
2026/04/09 16:39:15 - __main__ - INFO - 142 - trainer - [0/257] Loss: 6.0253 Loss_contra: 0.0095
2026/04/09 16:39:26 - __main__ - INFO - 142 - trainer - [52/257] Loss: 6.1806 Loss_contra: 0.0098
2026/04/09 16:39:35 - __main__ - INFO - 142 - trainer - [104/257] Loss: 6.1234 Loss_contra: 0.0089
2026/04/09 16:39:43 - __main__ - INFO - 142 - trainer - [156/257] Loss: 6.4464 Loss_contra: 0.0091
2026/04/09 16:39:49 - __main__ - INFO - 142 - trainer - [208/257] Loss: 6.2954 Loss_contra: 0.0089
2026/04/09 16:39:55 - __main__ - INFO - 124 - trainer - Epoch: 90
2026/04/09 16:39:55 - __main__ - INFO - 142 - trainer - [0/257] Loss: 6.2667 Loss_contra: 0.0077
2026/04/09 16:40:02 - __main__ - INFO - 142 - trainer - [52/257] Loss: 6.1451 Loss_contra: 0.0082
2026/04/09 16:40:08 - __main__ - INFO - 142 - trainer - [104/257] Loss: 6.2853 Loss_contra: 0.0079
2026/04/09 16:40:15 - __main__ - INFO - 142 - trainer - [156/257] Loss: 6.0212 Loss_contra: 0.0080
2026/04/09 16:40:21 - __main__ - INFO - 142 - trainer - [208/257] Loss: 6.3824 Loss_contra: 0.0082
2026/04/09 16:40:27 - __main__ - INFO - 152 - trainer - start predicting: 2026-04-09 16:40:27.821700
2026/04/09 16:40:54 - __main__ - INFO - 187 - trainer - {'Best_HR@5': 7.4141, 'Best_NDCG@5': 5.3431, 'Best_HR@10': 10.0544, 'Best_NDCG@10': 6.195, 'Best_HR@20': 13.4366, 'Best_NDCG@20': 7.0215}
2026/04/09 16:40:54 - __main__ - INFO - 188 - trainer - {'Best_epoch_HR@5': 90, 'Best_epoch_NDCG@5': 84, 'Best_epoch_HR@10': 88, 'Best_epoch_NDCG@10': 88, 'Best_epoch_HR@20': 78, 'Best_epoch_NDCG@20': 84}
2026/04/09 16:40:54 - __main__ - INFO - 124 - trainer - Epoch: 91
2026/04/09 16:40:55 - __main__ - INFO - 142 - trainer - [0/257] Loss: 6.0780 Loss_contra: 0.0081
2026/04/09 16:41:02 - __main__ - INFO - 142 - trainer - [52/257] Loss: 6.1569 Loss_contra: 0.0085
2026/04/09 16:41:11 - __main__ - INFO - 142 - trainer - [104/257] Loss: 6.0187 Loss_contra: 0.0092
2026/04/09 16:41:19 - __main__ - INFO - 142 - trainer - [156/257] Loss: 6.3176 Loss_contra: 0.0079
2026/04/09 16:41:27 - __main__ - INFO - 142 - trainer - [208/257] Loss: 6.2139 Loss_contra: 0.0077
2026/04/09 16:41:35 - __main__ - INFO - 124 - trainer - Epoch: 92
2026/04/09 16:41:35 - __main__ - INFO - 142 - trainer - [0/257] Loss: 6.0771 Loss_contra: 0.0092
2026/04/09 16:41:45 - __main__ - INFO - 142 - trainer - [52/257] Loss: 6.0763 Loss_contra: 0.0080
2026/04/09 16:41:55 - __main__ - INFO - 142 - trainer - [104/257] Loss: 6.1964 Loss_contra: 0.0073
2026/04/09 16:42:05 - __main__ - INFO - 142 - trainer - [156/257] Loss: 6.2213 Loss_contra: 0.0092
2026/04/09 16:42:13 - __main__ - INFO - 142 - trainer - [208/257] Loss: 6.1998 Loss_contra: 0.0073
2026/04/09 16:42:19 - __main__ - INFO - 152 - trainer - start predicting: 2026-04-09 16:42:19.700738
2026/04/09 16:42:46 - __main__ - INFO - 187 - trainer - {'Best_HR@5': 7.5204, 'Best_NDCG@5': 5.4102, 'Best_HR@10': 10.1297, 'Best_NDCG@10': 6.2483, 'Best_HR@20': 13.4366, 'Best_NDCG@20': 7.0563}
2026/04/09 16:42:46 - __main__ - INFO - 188 - trainer - {'Best_epoch_HR@5': 92, 'Best_epoch_NDCG@5': 92, 'Best_epoch_HR@10': 92, 'Best_epoch_NDCG@10': 92, 'Best_epoch_HR@20': 78, 'Best_epoch_NDCG@20': 92}
2026/04/09 16:42:46 - __main__ - INFO - 124 - trainer - Epoch: 93
2026/04/09 16:42:46 - __main__ - INFO - 142 - trainer - [0/257] Loss: 6.0652 Loss_contra: 0.0078
2026/04/09 16:42:53 - __main__ - INFO - 142 - trainer - [52/257] Loss: 6.1132 Loss_contra: 0.0101
2026/04/09 16:42:59 - __main__ - INFO - 142 - trainer - [104/257] Loss: 6.1578 Loss_contra: 0.0074
2026/04/09 16:43:06 - __main__ - INFO - 142 - trainer - [156/257] Loss: 5.9457 Loss_contra: 0.0082
2026/04/09 16:43:12 - __main__ - INFO - 142 - trainer - [208/257] Loss: 6.1767 Loss_contra: 0.0104
2026/04/09 16:43:18 - __main__ - INFO - 124 - trainer - Epoch: 94
2026/04/09 16:43:18 - __main__ - INFO - 142 - trainer - [0/257] Loss: 5.9698 Loss_contra: 0.0093
2026/04/09 16:43:25 - __main__ - INFO - 142 - trainer - [52/257] Loss: 5.9380 Loss_contra: 0.0072
2026/04/09 16:43:32 - __main__ - INFO - 142 - trainer - [104/257] Loss: 6.1846 Loss_contra: 0.0074
2026/04/09 16:43:40 - __main__ - INFO - 142 - trainer - [156/257] Loss: 6.2438 Loss_contra: 0.0068
2026/04/09 16:43:49 - __main__ - INFO - 142 - trainer - [208/257] Loss: 5.8376 Loss_contra: 0.0091
2026/04/09 16:43:57 - __main__ - INFO - 152 - trainer - start predicting: 2026-04-09 16:43:57.145721
2026/04/09 16:44:33 - __main__ - INFO - 187 - trainer - {'Best_HR@5': 7.5204, 'Best_NDCG@5': 5.4102, 'Best_HR@10': 10.1297, 'Best_NDCG@10': 6.2483, 'Best_HR@20': 13.4778, 'Best_NDCG@20': 7.0701}
2026/04/09 16:44:33 - __main__ - INFO - 188 - trainer - {'Best_epoch_HR@5': 92, 'Best_epoch_NDCG@5': 92, 'Best_epoch_HR@10': 92, 'Best_epoch_NDCG@10': 92, 'Best_epoch_HR@20': 94, 'Best_epoch_NDCG@20': 94}
2026/04/09 16:44:33 - __main__ - INFO - 124 - trainer - Epoch: 95
2026/04/09 16:44:33 - __main__ - INFO - 142 - trainer - [0/257] Loss: 6.0240 Loss_contra: 0.0074
2026/04/09 16:44:43 - __main__ - INFO - 142 - trainer - [52/257] Loss: 6.1571 Loss_contra: 0.0074
2026/04/09 16:44:51 - __main__ - INFO - 142 - trainer - [104/257] Loss: 5.9941 Loss_contra: 0.0079
2026/04/09 16:44:58 - __main__ - INFO - 142 - trainer - [156/257] Loss: 6.0465 Loss_contra: 0.0070
2026/04/09 16:45:04 - __main__ - INFO - 142 - trainer - [208/257] Loss: 6.2676 Loss_contra: 0.0081
2026/04/09 16:45:10 - __main__ - INFO - 124 - trainer - Epoch: 96
2026/04/09 16:45:10 - __main__ - INFO - 142 - trainer - [0/257] Loss: 5.7500 Loss_contra: 0.0090
2026/04/09 16:45:17 - __main__ - INFO - 142 - trainer - [52/257] Loss: 5.9805 Loss_contra: 0.0075
2026/04/09 16:45:23 - __main__ - INFO - 142 - trainer - [104/257] Loss: 6.2283 Loss_contra: 0.0063
2026/04/09 16:45:30 - __main__ - INFO - 142 - trainer - [156/257] Loss: 6.0901 Loss_contra: 0.0078
2026/04/09 16:45:36 - __main__ - INFO - 142 - trainer - [208/257] Loss: 6.1046 Loss_contra: 0.0076
2026/04/09 16:45:42 - __main__ - INFO - 152 - trainer - start predicting: 2026-04-09 16:45:42.518543
2026/04/09 16:46:10 - __main__ - INFO - 124 - trainer - Epoch: 97
2026/04/09 16:46:10 - __main__ - INFO - 142 - trainer - [0/257] Loss: 6.0058 Loss_contra: 0.0070
2026/04/09 16:46:19 - __main__ - INFO - 142 - trainer - [52/257] Loss: 6.0345 Loss_contra: 0.0089
2026/04/09 16:46:27 - __main__ - INFO - 142 - trainer - [104/257] Loss: 5.9428 Loss_contra: 0.0088
2026/04/09 16:46:36 - __main__ - INFO - 142 - trainer - [156/257] Loss: 5.9565 Loss_contra: 0.0084
2026/04/09 16:46:44 - __main__ - INFO - 142 - trainer - [208/257] Loss: 6.0286 Loss_contra: 0.0073
2026/04/09 16:46:52 - __main__ - INFO - 124 - trainer - Epoch: 98
2026/04/09 16:46:53 - __main__ - INFO - 142 - trainer - [0/257] Loss: 6.0523 Loss_contra: 0.0079
2026/04/09 16:47:03 - __main__ - INFO - 142 - trainer - [52/257] Loss: 6.1304 Loss_contra: 0.0077
2026/04/09 16:47:13 - __main__ - INFO - 142 - trainer - [104/257] Loss: 5.8342 Loss_contra: 0.0079
2026/04/09 16:47:21 - __main__ - INFO - 142 - trainer - [156/257] Loss: 5.8777 Loss_contra: 0.0070
2026/04/09 16:47:28 - __main__ - INFO - 142 - trainer - [208/257] Loss: 6.3013 Loss_contra: 0.0079
2026/04/09 16:47:34 - __main__ - INFO - 152 - trainer - start predicting: 2026-04-09 16:47:34.715124
2026/04/09 16:48:01 - __main__ - INFO - 124 - trainer - Epoch: 99
2026/04/09 16:48:01 - __main__ - INFO - 142 - trainer - [0/257] Loss: 5.9334 Loss_contra: 0.0079
2026/04/09 16:48:08 - __main__ - INFO - 142 - trainer - [52/257] Loss: 6.0736 Loss_contra: 0.0084
2026/04/09 16:48:14 - __main__ - INFO - 142 - trainer - [104/257] Loss: 6.0855 Loss_contra: 0.0072
2026/04/09 16:48:21 - __main__ - INFO - 142 - trainer - [156/257] Loss: 6.1401 Loss_contra: 0.0080
2026/04/09 16:48:27 - __main__ - INFO - 142 - trainer - [208/257] Loss: 5.9631 Loss_contra: 0.0078
2026/04/09 16:48:33 - __main__ - INFO - 124 - trainer - Epoch: 100
2026/04/09 16:48:33 - __main__ - INFO - 142 - trainer - [0/257] Loss: 6.0560 Loss_contra: 0.0077
2026/04/09 16:48:40 - __main__ - INFO - 142 - trainer - [52/257] Loss: 5.8960 Loss_contra: 0.0070
2026/04/09 16:48:48 - __main__ - INFO - 142 - trainer - [104/257] Loss: 5.8984 Loss_contra: 0.0075
2026/04/09 16:48:57 - __main__ - INFO - 142 - trainer - [156/257] Loss: 5.7519 Loss_contra: 0.0088
2026/04/09 16:49:05 - __main__ - INFO - 142 - trainer - [208/257] Loss: 5.8664 Loss_contra: 0.0068
2026/04/09 16:49:13 - __main__ - INFO - 152 - trainer - start predicting: 2026-04-09 16:49:13.640374
2026/04/09 16:49:51 - __main__ - INFO - 187 - trainer - {'Best_HR@5': 7.5204, 'Best_NDCG@5': 5.4102, 'Best_HR@10': 10.1297, 'Best_NDCG@10': 6.2483, 'Best_HR@20': 13.5249, 'Best_NDCG@20': 7.0701}
2026/04/09 16:49:51 - __main__ - INFO - 188 - trainer - {'Best_epoch_HR@5': 92, 'Best_epoch_NDCG@5': 92, 'Best_epoch_HR@10': 92, 'Best_epoch_NDCG@10': 92, 'Best_epoch_HR@20': 100, 'Best_epoch_NDCG@20': 94}
2026/04/09 16:49:51 - __main__ - INFO - 124 - trainer - Epoch: 101
2026/04/09 16:49:51 - __main__ - INFO - 142 - trainer - [0/257] Loss: 5.6862 Loss_contra: 0.0082
2026/04/09 16:49:59 - __main__ - INFO - 142 - trainer - [52/257] Loss: 5.8105 Loss_contra: 0.0090
2026/04/09 16:50:06 - __main__ - INFO - 142 - trainer - [104/257] Loss: 6.0205 Loss_contra: 0.0087
2026/04/09 16:50:13 - __main__ - INFO - 142 - trainer - [156/257] Loss: 5.6511 Loss_contra: 0.0065
2026/04/09 16:50:19 - __main__ - INFO - 142 - trainer - [208/257] Loss: 5.8951 Loss_contra: 0.0077
2026/04/09 16:50:25 - __main__ - INFO - 124 - trainer - Epoch: 102
2026/04/09 16:50:26 - __main__ - INFO - 142 - trainer - [0/257] Loss: 5.9399 Loss_contra: 0.0068
2026/04/09 16:50:32 - __main__ - INFO - 142 - trainer - [52/257] Loss: 5.8115 Loss_contra: 0.0073
2026/04/09 16:50:38 - __main__ - INFO - 142 - trainer - [104/257] Loss: 5.9283 Loss_contra: 0.0078
2026/04/09 16:50:45 - __main__ - INFO - 142 - trainer - [156/257] Loss: 5.9141 Loss_contra: 0.0084
2026/04/09 16:50:51 - __main__ - INFO - 142 - trainer - [208/257] Loss: 5.8983 Loss_contra: 0.0071
2026/04/09 16:50:57 - __main__ - INFO - 152 - trainer - start predicting: 2026-04-09 16:50:57.882579
2026/04/09 16:51:27 - __main__ - INFO - 187 - trainer - {'Best_HR@5': 7.5204, 'Best_NDCG@5': 5.4102, 'Best_HR@10': 10.1297, 'Best_NDCG@10': 6.2483, 'Best_HR@20': 13.5782, 'Best_NDCG@20': 7.0701}
2026/04/09 16:51:27 - __main__ - INFO - 188 - trainer - {'Best_epoch_HR@5': 92, 'Best_epoch_NDCG@5': 92, 'Best_epoch_HR@10': 92, 'Best_epoch_NDCG@10': 92, 'Best_epoch_HR@20': 102, 'Best_epoch_NDCG@20': 94}
2026/04/09 16:51:27 - __main__ - INFO - 124 - trainer - Epoch: 103
2026/04/09 16:51:27 - __main__ - INFO - 142 - trainer - [0/257] Loss: 6.1817 Loss_contra: 0.0074
2026/04/09 16:51:36 - __main__ - INFO - 142 - trainer - [52/257] Loss: 5.6449 Loss_contra: 0.0085
2026/04/09 16:51:44 - __main__ - INFO - 142 - trainer - [104/257] Loss: 5.9059 Loss_contra: 0.0061
2026/04/09 16:51:53 - __main__ - INFO - 142 - trainer - [156/257] Loss: 5.9997 Loss_contra: 0.0076
2026/04/09 16:52:02 - __main__ - INFO - 142 - trainer - [208/257] Loss: 5.7801 Loss_contra: 0.0066
2026/04/09 16:52:11 - __main__ - INFO - 124 - trainer - Epoch: 104
2026/04/09 16:52:11 - __main__ - INFO - 142 - trainer - [0/257] Loss: 5.8837 Loss_contra: 0.0069
2026/04/09 16:52:21 - __main__ - INFO - 142 - trainer - [52/257] Loss: 6.0220 Loss_contra: 0.0078
2026/04/09 16:52:30 - __main__ - INFO - 142 - trainer - [104/257] Loss: 6.0907 Loss_contra: 0.0069
2026/04/09 16:52:37 - __main__ - INFO - 142 - trainer - [156/257] Loss: 5.9376 Loss_contra: 0.0078
2026/04/09 16:52:44 - __main__ - INFO - 142 - trainer - [208/257] Loss: 6.0110 Loss_contra: 0.0084
2026/04/09 16:52:50 - __main__ - INFO - 152 - trainer - start predicting: 2026-04-09 16:52:50.063247
2026/04/09 16:53:17 - __main__ - INFO - 187 - trainer - {'Best_HR@5': 7.5204, 'Best_NDCG@5': 5.4102, 'Best_HR@10': 10.1297, 'Best_NDCG@10': 6.2483, 'Best_HR@20': 13.5782, 'Best_NDCG@20': 7.0763}
2026/04/09 16:53:17 - __main__ - INFO - 188 - trainer - {'Best_epoch_HR@5': 92, 'Best_epoch_NDCG@5': 92, 'Best_epoch_HR@10': 92, 'Best_epoch_NDCG@10': 92, 'Best_epoch_HR@20': 102, 'Best_epoch_NDCG@20': 104}
2026/04/09 16:53:17 - __main__ - INFO - 124 - trainer - Epoch: 105
2026/04/09 16:53:17 - __main__ - INFO - 142 - trainer - [0/257] Loss: 5.8381 Loss_contra: 0.0070
2026/04/09 16:53:23 - __main__ - INFO - 142 - trainer - [52/257] Loss: 6.0703 Loss_contra: 0.0070
2026/04/09 16:53:30 - __main__ - INFO - 142 - trainer - [104/257] Loss: 5.7941 Loss_contra: 0.0073
2026/04/09 16:53:36 - __main__ - INFO - 142 - trainer - [156/257] Loss: 5.9228 Loss_contra: 0.0074
2026/04/09 16:53:43 - __main__ - INFO - 142 - trainer - [208/257] Loss: 5.8529 Loss_contra: 0.0082
2026/04/09 16:53:49 - __main__ - INFO - 124 - trainer - Epoch: 106
2026/04/09 16:53:49 - __main__ - INFO - 142 - trainer - [0/257] Loss: 5.8831 Loss_contra: 0.0074
2026/04/09 16:53:57 - __main__ - INFO - 142 - trainer - [52/257] Loss: 5.9366 Loss_contra: 0.0071
2026/04/09 16:54:06 - __main__ - INFO - 142 - trainer - [104/257] Loss: 5.9353 Loss_contra: 0.0073
2026/04/09 16:54:14 - __main__ - INFO - 142 - trainer - [156/257] Loss: 5.7559 Loss_contra: 0.0078
2026/04/09 16:54:23 - __main__ - INFO - 142 - trainer - [208/257] Loss: 5.8092 Loss_contra: 0.0085
2026/04/09 16:54:31 - __main__ - INFO - 152 - trainer - start predicting: 2026-04-09 16:54:31.145056
2026/04/09 16:55:08 - __main__ - INFO - 187 - trainer - {'Best_HR@5': 7.5204, 'Best_NDCG@5': 5.4102, 'Best_HR@10': 10.1297, 'Best_NDCG@10': 6.2483, 'Best_HR@20': 13.587, 'Best_NDCG@20': 7.0793}
2026/04/09 16:55:08 - __main__ - INFO - 188 - trainer - {'Best_epoch_HR@5': 92, 'Best_epoch_NDCG@5': 92, 'Best_epoch_HR@10': 92, 'Best_epoch_NDCG@10': 92, 'Best_epoch_HR@20': 106, 'Best_epoch_NDCG@20': 106}
2026/04/09 16:55:08 - __main__ - INFO - 124 - trainer - Epoch: 107
2026/04/09 16:55:08 - __main__ - INFO - 142 - trainer - [0/257] Loss: 5.7153 Loss_contra: 0.0074
2026/04/09 16:55:15 - __main__ - INFO - 142 - trainer - [52/257] Loss: 5.8174 Loss_contra: 0.0069
2026/04/09 16:55:22 - __main__ - INFO - 142 - trainer - [104/257] Loss: 6.0615 Loss_contra: 0.0069
2026/04/09 16:55:28 - __main__ - INFO - 142 - trainer - [156/257] Loss: 5.6978 Loss_contra: 0.0082
2026/04/09 16:55:35 - __main__ - INFO - 142 - trainer - [208/257] Loss: 5.9777 Loss_contra: 0.0065
2026/04/09 16:55:41 - __main__ - INFO - 124 - trainer - Epoch: 108
2026/04/09 16:55:41 - __main__ - INFO - 142 - trainer - [0/257] Loss: 5.6385 Loss_contra: 0.0077
2026/04/09 16:55:47 - __main__ - INFO - 142 - trainer - [52/257] Loss: 5.7085 Loss_contra: 0.0071
2026/04/09 16:55:54 - __main__ - INFO - 142 - trainer - [104/257] Loss: 5.9196 Loss_contra: 0.0068
2026/04/09 16:56:00 - __main__ - INFO - 142 - trainer - [156/257] Loss: 5.8708 Loss_contra: 0.0080
2026/04/09 16:56:07 - __main__ - INFO - 142 - trainer - [208/257] Loss: 5.7512 Loss_contra: 0.0074
2026/04/09 16:56:13 - __main__ - INFO - 152 - trainer - start predicting: 2026-04-09 16:56:13.290692
2026/04/09 16:56:45 - __main__ - INFO - 124 - trainer - Epoch: 109
2026/04/09 16:56:45 - __main__ - INFO - 142 - trainer - [0/257] Loss: 5.8837 Loss_contra: 0.0076
2026/04/09 16:56:53 - __main__ - INFO - 142 - trainer - [52/257] Loss: 5.9478 Loss_contra: 0.0074
2026/04/09 16:57:02 - __main__ - INFO - 142 - trainer - [104/257] Loss: 5.8717 Loss_contra: 0.0074
2026/04/09 16:57:10 - __main__ - INFO - 142 - trainer - [156/257] Loss: 5.7346 Loss_contra: 0.0074
2026/04/09 16:57:20 - __main__ - INFO - 142 - trainer - [208/257] Loss: 5.8579 Loss_contra: 0.0071
2026/04/09 16:57:30 - __main__ - INFO - 124 - trainer - Epoch: 110
2026/04/09 16:57:30 - __main__ - INFO - 142 - trainer - [0/257] Loss: 5.6296 Loss_contra: 0.0077
2026/04/09 16:57:39 - __main__ - INFO - 142 - trainer - [52/257] Loss: 5.8414 Loss_contra: 0.0076
2026/04/09 16:57:46 - __main__ - INFO - 142 - trainer - [104/257] Loss: 6.0601 Loss_contra: 0.0074
2026/04/09 16:57:53 - __main__ - INFO - 142 - trainer - [156/257] Loss: 5.9159 Loss_contra: 0.0066
2026/04/09 16:58:00 - __main__ - INFO - 142 - trainer - [208/257] Loss: 6.0308 Loss_contra: 0.0084
2026/04/09 16:58:06 - __main__ - INFO - 152 - trainer - start predicting: 2026-04-09 16:58:06.021124
2026/04/09 16:58:33 - __main__ - INFO - 124 - trainer - Epoch: 111
2026/04/09 16:58:33 - __main__ - INFO - 142 - trainer - [0/257] Loss: 5.8005 Loss_contra: 0.0067
2026/04/09 16:58:39 - __main__ - INFO - 142 - trainer - [52/257] Loss: 5.7731 Loss_contra: 0.0080
2026/04/09 16:58:46 - __main__ - INFO - 142 - trainer - [104/257] Loss: 5.8325 Loss_contra: 0.0084
2026/04/09 16:58:52 - __main__ - INFO - 142 - trainer - [156/257] Loss: 6.0420 Loss_contra: 0.0070
2026/04/09 16:58:59 - __main__ - INFO - 142 - trainer - [208/257] Loss: 5.7730 Loss_contra: 0.0065
2026/04/09 16:59:07 - __main__ - INFO - 124 - trainer - Epoch: 112
2026/04/09 16:59:07 - __main__ - INFO - 142 - trainer - [0/257] Loss: 5.6674 Loss_contra: 0.0068
2026/04/09 16:59:15 - __main__ - INFO - 142 - trainer - [52/257] Loss: 5.7856 Loss_contra: 0.0085
2026/04/09 16:59:24 - __main__ - INFO - 142 - trainer - [104/257] Loss: 5.9236 Loss_contra: 0.0066
2026/04/09 16:59:32 - __main__ - INFO - 142 - trainer - [156/257] Loss: 5.8063 Loss_contra: 0.0067
2026/04/09 16:59:41 - __main__ - INFO - 142 - trainer - [208/257] Loss: 5.9781 Loss_contra: 0.0060
2026/04/09 16:59:50 - __main__ - INFO - 152 - trainer - start predicting: 2026-04-09 16:59:50.378480
2026/04/09 17:00:25 - __main__ - INFO - 124 - trainer - Epoch: 113
2026/04/09 17:00:25 - __main__ - INFO - 142 - trainer - [0/257] Loss: 5.8650 Loss_contra: 0.0071
2026/04/09 17:00:31 - __main__ - INFO - 142 - trainer - [52/257] Loss: 5.7630 Loss_contra: 0.0079
2026/04/09 17:00:38 - __main__ - INFO - 142 - trainer - [104/257] Loss: 5.7559 Loss_contra: 0.0072
2026/04/09 17:00:44 - __main__ - INFO - 142 - trainer - [156/257] Loss: 6.0624 Loss_contra: 0.0081
2026/04/09 17:00:51 - __main__ - INFO - 142 - trainer - [208/257] Loss: 5.8243 Loss_contra: 0.0076
2026/04/09 17:00:57 - __main__ - INFO - 124 - trainer - Epoch: 114
2026/04/09 17:00:57 - __main__ - INFO - 142 - trainer - [0/257] Loss: 5.9375 Loss_contra: 0.0063
2026/04/09 17:01:03 - __main__ - INFO - 142 - trainer - [52/257] Loss: 5.8069 Loss_contra: 0.0063
2026/04/09 17:01:10 - __main__ - INFO - 142 - trainer - [104/257] Loss: 5.8619 Loss_contra: 0.0076
2026/04/09 17:01:16 - __main__ - INFO - 142 - trainer - [156/257] Loss: 5.8793 Loss_contra: 0.0068
2026/04/09 17:01:23 - __main__ - INFO - 142 - trainer - [208/257] Loss: 6.0159 Loss_contra: 0.0065
2026/04/09 17:01:29 - __main__ - INFO - 152 - trainer - start predicting: 2026-04-09 17:01:29.186974
2026/04/09 17:02:02 - __main__ - INFO - 124 - trainer - Epoch: 115
2026/04/09 17:02:02 - __main__ - INFO - 142 - trainer - [0/257] Loss: 5.9673 Loss_contra: 0.0067
2026/04/09 17:02:10 - __main__ - INFO - 142 - trainer - [52/257] Loss: 5.8367 Loss_contra: 0.0065
2026/04/09 17:02:19 - __main__ - INFO - 142 - trainer - [104/257] Loss: 5.7943 Loss_contra: 0.0066
2026/04/09 17:02:29 - __main__ - INFO - 142 - trainer - [156/257] Loss: 5.9711 Loss_contra: 0.0074
2026/04/09 17:02:39 - __main__ - INFO - 142 - trainer - [208/257] Loss: 5.9320 Loss_contra: 0.0073
2026/04/09 17:02:47 - __main__ - INFO - 124 - trainer - Epoch: 116
2026/04/09 17:02:47 - __main__ - INFO - 142 - trainer - [0/257] Loss: 5.7779 Loss_contra: 0.0070
2026/04/09 17:02:55 - __main__ - INFO - 142 - trainer - [52/257] Loss: 5.8343 Loss_contra: 0.0078
2026/04/09 17:03:02 - __main__ - INFO - 142 - trainer - [104/257] Loss: 5.7266 Loss_contra: 0.0081
2026/04/09 17:03:08 - __main__ - INFO - 142 - trainer - [156/257] Loss: 5.8916 Loss_contra: 0.0069
2026/04/09 17:03:15 - __main__ - INFO - 142 - trainer - [208/257] Loss: 5.7120 Loss_contra: 0.0071
2026/04/09 17:03:21 - __main__ - INFO - 152 - trainer - start predicting: 2026-04-09 17:03:21.008178
2026/04/09 17:03:48 - __main__ - INFO - 124 - trainer - Epoch: 117
2026/04/09 17:03:48 - __main__ - INFO - 142 - trainer - [0/257] Loss: 5.9233 Loss_contra: 0.0068
2026/04/09 17:03:54 - __main__ - INFO - 142 - trainer - [52/257] Loss: 5.9713 Loss_contra: 0.0075
2026/04/09 17:04:01 - __main__ - INFO - 142 - trainer - [104/257] Loss: 5.7962 Loss_contra: 0.0063
2026/04/09 17:04:07 - __main__ - INFO - 142 - trainer - [156/257] Loss: 5.9273 Loss_contra: 0.0059
2026/04/09 17:04:15 - __main__ - INFO - 142 - trainer - [208/257] Loss: 5.5600 Loss_contra: 0.0083
2026/04/09 17:04:23 - __main__ - INFO - 124 - trainer - Epoch: 118
2026/04/09 17:04:23 - __main__ - INFO - 142 - trainer - [0/257] Loss: 5.7975 Loss_contra: 0.0076
2026/04/09 17:04:32 - __main__ - INFO - 142 - trainer - [52/257] Loss: 5.8085 Loss_contra: 0.0075
2026/04/09 17:04:40 - __main__ - INFO - 142 - trainer - [104/257] Loss: 5.8298 Loss_contra: 0.0072
2026/04/09 17:04:49 - __main__ - INFO - 142 - trainer - [156/257] Loss: 5.6910 Loss_contra: 0.0085
2026/04/09 17:04:58 - __main__ - INFO - 142 - trainer - [208/257] Loss: 5.8415 Loss_contra: 0.0067
2026/04/09 17:05:07 - __main__ - INFO - 152 - trainer - start predicting: 2026-04-09 17:05:07.729589
2026/04/09 17:05:40 - __main__ - INFO - 124 - trainer - Epoch: 119
2026/04/09 17:05:40 - __main__ - INFO - 142 - trainer - [0/257] Loss: 5.6465 Loss_contra: 0.0068
2026/04/09 17:05:46 - __main__ - INFO - 142 - trainer - [52/257] Loss: 5.8573 Loss_contra: 0.0061
2026/04/09 17:05:53 - __main__ - INFO - 142 - trainer - [104/257] Loss: 5.8710 Loss_contra: 0.0063
2026/04/09 17:05:59 - __main__ - INFO - 142 - trainer - [156/257] Loss: 5.6901 Loss_contra: 0.0078
2026/04/09 17:06:06 - __main__ - INFO - 142 - trainer - [208/257] Loss: 5.9004 Loss_contra: 0.0083
2026/04/09 17:06:12 - __main__ - INFO - 124 - trainer - Epoch: 120
2026/04/09 17:06:12 - __main__ - INFO - 142 - trainer - [0/257] Loss: 5.8130 Loss_contra: 0.0075
2026/04/09 17:06:18 - __main__ - INFO - 142 - trainer - [52/257] Loss: 5.6883 Loss_contra: 0.0072
2026/04/09 17:06:25 - __main__ - INFO - 142 - trainer - [104/257] Loss: 5.7626 Loss_contra: 0.0066
2026/04/09 17:06:31 - __main__ - INFO - 142 - trainer - [156/257] Loss: 5.8596 Loss_contra: 0.0067
2026/04/09 17:06:38 - __main__ - INFO - 142 - trainer - [208/257] Loss: 5.9010 Loss_contra: 0.0073
2026/04/09 17:06:45 - __main__ - INFO - 152 - trainer - start predicting: 2026-04-09 17:06:45.137802
2026/04/09 17:07:18 - __main__ - INFO - 124 - trainer - Epoch: 121
2026/04/09 17:07:19 - __main__ - INFO - 142 - trainer - [0/257] Loss: 5.8229 Loss_contra: 0.0083
2026/04/09 17:07:27 - __main__ - INFO - 142 - trainer - [52/257] Loss: 5.9494 Loss_contra: 0.0071
2026/04/09 17:07:36 - __main__ - INFO - 142 - trainer - [104/257] Loss: 5.9583 Loss_contra: 0.0070
2026/04/09 17:07:47 - __main__ - INFO - 142 - trainer - [156/257] Loss: 5.7470 Loss_contra: 0.0065
2026/04/09 17:07:56 - __main__ - INFO - 142 - trainer - [208/257] Loss: 5.7830 Loss_contra: 0.0072
2026/04/09 17:08:03 - __main__ - INFO - 124 - trainer - Epoch: 122
2026/04/09 17:08:04 - __main__ - INFO - 142 - trainer - [0/257] Loss: 5.8801 Loss_contra: 0.0065
2026/04/09 17:08:10 - __main__ - INFO - 142 - trainer - [52/257] Loss: 5.9722 Loss_contra: 0.0079
2026/04/09 17:08:17 - __main__ - INFO - 142 - trainer - [104/257] Loss: 5.7522 Loss_contra: 0.0068
2026/04/09 17:08:23 - __main__ - INFO - 142 - trainer - [156/257] Loss: 5.8563 Loss_contra: 0.0068
2026/04/09 17:08:30 - __main__ - INFO - 142 - trainer - [208/257] Loss: 5.8047 Loss_contra: 0.0075
2026/04/09 17:08:36 - __main__ - INFO - 152 - trainer - start predicting: 2026-04-09 17:08:36.271163
2026/04/09 17:09:03 - __main__ - INFO - 124 - trainer - Epoch: 123
2026/04/09 17:09:03 - __main__ - INFO - 142 - trainer - [0/257] Loss: 5.7784 Loss_contra: 0.0072
2026/04/09 17:09:09 - __main__ - INFO - 142 - trainer - [52/257] Loss: 5.8902 Loss_contra: 0.0077
2026/04/09 17:09:16 - __main__ - INFO - 142 - trainer - [104/257] Loss: 5.9625 Loss_contra: 0.0060
2026/04/09 17:09:24 - __main__ - INFO - 142 - trainer - [156/257] Loss: 5.8435 Loss_contra: 0.0069
2026/04/09 17:09:32 - __main__ - INFO - 142 - trainer - [208/257] Loss: 5.7663 Loss_contra: 0.0065
2026/04/09 17:09:40 - __main__ - INFO - 124 - trainer - Epoch: 124
2026/04/09 17:09:40 - __main__ - INFO - 142 - trainer - [0/257] Loss: 6.0169 Loss_contra: 0.0073
2026/04/09 17:09:48 - __main__ - INFO - 142 - trainer - [52/257] Loss: 5.8812 Loss_contra: 0.0065
2026/04/09 17:09:57 - __main__ - INFO - 142 - trainer - [104/257] Loss: 5.9609 Loss_contra: 0.0066
2026/04/09 17:10:06 - __main__ - INFO - 142 - trainer - [156/257] Loss: 5.8974 Loss_contra: 0.0070
2026/04/09 17:10:16 - __main__ - INFO - 142 - trainer - [208/257] Loss: 5.8853 Loss_contra: 0.0072
2026/04/09 17:10:25 - __main__ - INFO - 152 - trainer - start predicting: 2026-04-09 17:10:25.354889
2026/04/09 17:10:55 - __main__ - INFO - 124 - trainer - Epoch: 125
2026/04/09 17:10:55 - __main__ - INFO - 142 - trainer - [0/257] Loss: 5.6967 Loss_contra: 0.0064
2026/04/09 17:11:01 - __main__ - INFO - 142 - trainer - [52/257] Loss: 5.7235 Loss_contra: 0.0067
2026/04/09 17:11:08 - __main__ - INFO - 142 - trainer - [104/257] Loss: 5.7938 Loss_contra: 0.0065
2026/04/09 17:11:14 - __main__ - INFO - 142 - trainer - [156/257] Loss: 5.9772 Loss_contra: 0.0072
2026/04/09 17:11:21 - __main__ - INFO - 142 - trainer - [208/257] Loss: 6.0570 Loss_contra: 0.0077
2026/04/09 17:11:27 - __main__ - INFO - 124 - trainer - Epoch: 126
2026/04/09 17:11:27 - __main__ - INFO - 142 - trainer - [0/257] Loss: 5.8192 Loss_contra: 0.0074
2026/04/09 17:11:33 - __main__ - INFO - 142 - trainer - [52/257] Loss: 5.8023 Loss_contra: 0.0071
2026/04/09 17:11:40 - __main__ - INFO - 142 - trainer - [104/257] Loss: 5.9480 Loss_contra: 0.0060
2026/04/09 17:11:46 - __main__ - INFO - 142 - trainer - [156/257] Loss: 5.8949 Loss_contra: 0.0063
2026/04/09 17:11:53 - __main__ - INFO - 142 - trainer - [208/257] Loss: 5.9711 Loss_contra: 0.0066
2026/04/09 17:12:01 - __main__ - INFO - 152 - trainer - start predicting: 2026-04-09 17:12:01.707270
2026/04/09 17:12:35 - __main__ - INFO - 195 - trainer - {'Best_HR@5': 7.5204, 'Best_NDCG@5': 5.4102, 'Best_HR@10': 10.1297, 'Best_NDCG@10': 6.2483, 'Best_HR@20': 13.587, 'Best_NDCG@20': 7.0793}
2026/04/09 17:12:35 - __main__ - INFO - 196 - trainer - {'Best_epoch_HR@5': 92, 'Best_epoch_NDCG@5': 92, 'Best_epoch_HR@10': 92, 'Best_epoch_NDCG@10': 92, 'Best_epoch_HR@20': 106, 'Best_epoch_NDCG@20': 106}
2026/04/09 17:13:12 - __main__ - INFO - 223 - trainer - Test------------------------------------------------------
2026/04/09 17:13:12 - __main__ - INFO - 225 - trainer - {'HR@5': 5.5635, 'NDCG@5': 3.9972, 'HR@10': 7.6144, 'NDCG@10': 4.6549, 'HR@20': 10.5697, 'NDCG@20': 5.3965}
2026/04/09 17:13:12 - __main__ - INFO - 227 - trainer - Best Eval---------------------------------------------------------
2026/04/09 17:13:12 - __main__ - INFO - 230 - trainer - {'Best_HR@5': 7.5204, 'Best_NDCG@5': 5.4102, 'Best_HR@10': 10.1297, 'Best_NDCG@10': 6.2483, 'Best_HR@20': 13.587, 'Best_NDCG@20': 7.0793}
2026/04/09 17:13:12 - __main__ - INFO - 231 - trainer - {'Best_epoch_HR@5': 92, 'Best_epoch_NDCG@5': 92, 'Best_epoch_HR@10': 92, 'Best_epoch_NDCG@10': 92, 'Best_epoch_HR@20': 106, 'Best_epoch_NDCG@20': 106}
