2026/04/17 21:29:11 - __main__ - INFO - 184 - main - Namespace(batch_size=512, dataset='amazon_beauty', decay_step=100, description='Diffu_norm_score', device='cuda', diffusion_steps=32, diversity_measure=False, dropout=0.1, emb_dropout=0.3, epoch_time_avg=False, epochs=300, eval_interval=2, gamma=0.1, hidden_act='gelu', hidden_size=128, history_medium_threshold=50, history_short_threshold=10, history_weight_long=0.05, history_weight_medium=0.2, history_weight_mode='piecewise', history_weight_short=0.5, item_num=12101, lambda_contra=0.6, lambda_history=0.8, lambda_intent=0.4, last_item_weight=1.0, log_file='log/', long_head=False, loss_lambda=0.001, lr=0.001, max_len=50, metric_ks=[5, 10, 20], momentum=None, noise_schedule='trunc_lin', num_blocks=4, num_cluster=32, num_gpu=1, num_hidden_layers=1, num_iter=20, optimizer='Adam', patience=10, random_seed=1997, rep_pad=False, rep_pad_delimiter=False, rep_pad_fixed_num=1, rep_pad_mode='rand_1_max', rescale_timesteps=True, schedule_sampler_name='lossaware', use_last_item_for_code=False, weight_decay=0)
2026/04/17 21:29:12 - __main__ - INFO - 124 - trainer - Epoch: 0
2026/04/17 21:29:12 - __main__ - INFO - 142 - trainer - [0/257] Loss: 44.4960 Loss_contra: 0.1720
2026/04/17 21:29:20 - __main__ - INFO - 142 - trainer - [52/257] Loss: 33.2225 Loss_contra: 2.8489
2026/04/17 21:29:27 - __main__ - INFO - 142 - trainer - [104/257] Loss: 28.2301 Loss_contra: 2.7553
2026/04/17 21:29:34 - __main__ - INFO - 142 - trainer - [156/257] Loss: 24.0223 Loss_contra: 2.6857
2026/04/17 21:29:40 - __main__ - INFO - 142 - trainer - [208/257] Loss: 21.5780 Loss_contra: 2.3589
2026/04/17 21:29:47 - __main__ - INFO - 124 - trainer - Epoch: 1
2026/04/17 21:29:47 - __main__ - INFO - 142 - trainer - [0/257] Loss: 19.8669 Loss_contra: 2.1174
2026/04/17 21:29:54 - __main__ - INFO - 142 - trainer - [52/257] Loss: 17.3910 Loss_contra: 1.8520
2026/04/17 21:30:11 - __main__ - INFO - 142 - trainer - [104/257] Loss: 15.1349 Loss_contra: 1.2924
2026/04/17 21:30:27 - __main__ - INFO - 142 - trainer - [156/257] Loss: 12.6272 Loss_contra: 0.6534
2026/04/17 21:30:45 - __main__ - INFO - 142 - trainer - [208/257] Loss: 10.9351 Loss_contra: 0.0737
2026/04/17 21:31:02 - __main__ - INFO - 124 - trainer - Epoch: 2
2026/04/17 21:31:02 - __main__ - INFO - 142 - trainer - [0/257] Loss: 10.4595 Loss_contra: 0.0352
2026/04/17 21:31:20 - __main__ - INFO - 142 - trainer - [52/257] Loss: 10.3204 Loss_contra: 0.0350
2026/04/17 21:31:37 - __main__ - INFO - 142 - trainer - [104/257] Loss: 10.1163 Loss_contra: 0.0320
2026/04/17 21:31:55 - __main__ - INFO - 142 - trainer - [156/257] Loss: 10.0388 Loss_contra: 0.0359
2026/04/17 21:32:11 - __main__ - INFO - 142 - trainer - [208/257] Loss: 9.9418 Loss_contra: 0.0494
2026/04/17 21:32:27 - __main__ - INFO - 152 - trainer - start predicting: 2026-04-17 21:32:27.971636
2026/04/17 21:33:14 - __main__ - INFO - 187 - trainer - {'Best_HR@5': 0.2219, 'Best_NDCG@5': 0.1339, 'Best_HR@10': 0.4126, 'Best_NDCG@10': 0.1961, 'Best_HR@20': 0.6631, 'Best_NDCG@20': 0.2589}
2026/04/17 21:33:14 - __main__ - INFO - 188 - trainer - {'Best_epoch_HR@5': 2, 'Best_epoch_NDCG@5': 2, 'Best_epoch_HR@10': 2, 'Best_epoch_NDCG@10': 2, 'Best_epoch_HR@20': 2, 'Best_epoch_NDCG@20': 2}
2026/04/17 21:33:14 - __main__ - INFO - 124 - trainer - Epoch: 3
2026/04/17 21:33:15 - __main__ - INFO - 142 - trainer - [0/257] Loss: 9.8764 Loss_contra: 0.0485
2026/04/17 21:33:33 - __main__ - INFO - 142 - trainer - [52/257] Loss: 9.8618 Loss_contra: 0.0623
2026/04/17 21:33:51 - __main__ - INFO - 142 - trainer - [104/257] Loss: 9.7533 Loss_contra: 0.0636
2026/04/17 21:34:08 - __main__ - INFO - 142 - trainer - [156/257] Loss: 9.6914 Loss_contra: 0.0669
2026/04/17 21:34:26 - __main__ - INFO - 142 - trainer - [208/257] Loss: 9.7194 Loss_contra: 0.0711
2026/04/17 21:34:42 - __main__ - INFO - 124 - trainer - Epoch: 4
2026/04/17 21:34:42 - __main__ - INFO - 142 - trainer - [0/257] Loss: 9.6803 Loss_contra: 0.0678
2026/04/17 21:34:59 - __main__ - INFO - 142 - trainer - [52/257] Loss: 9.5617 Loss_contra: 0.0699
2026/04/17 21:35:18 - __main__ - INFO - 142 - trainer - [104/257] Loss: 9.5598 Loss_contra: 0.0920
2026/04/17 21:35:36 - __main__ - INFO - 142 - trainer - [156/257] Loss: 9.5048 Loss_contra: 0.0788
2026/04/17 21:35:53 - __main__ - INFO - 142 - trainer - [208/257] Loss: 9.5101 Loss_contra: 0.0730
2026/04/17 21:36:10 - __main__ - INFO - 152 - trainer - start predicting: 2026-04-17 21:36:10.196325
2026/04/17 21:36:57 - __main__ - INFO - 187 - trainer - {'Best_HR@5': 0.963, 'Best_NDCG@5': 0.6624, 'Best_HR@10': 1.3796, 'Best_NDCG@10': 0.797, 'Best_HR@20': 1.9156, 'Best_NDCG@20': 0.9303}
2026/04/17 21:36:57 - __main__ - INFO - 188 - trainer - {'Best_epoch_HR@5': 4, 'Best_epoch_NDCG@5': 4, 'Best_epoch_HR@10': 4, 'Best_epoch_NDCG@10': 4, 'Best_epoch_HR@20': 4, 'Best_epoch_NDCG@20': 4}
2026/04/17 21:36:57 - __main__ - INFO - 124 - trainer - Epoch: 5
2026/04/17 21:36:57 - __main__ - INFO - 142 - trainer - [0/257] Loss: 9.5275 Loss_contra: 0.0762
2026/04/17 21:37:15 - __main__ - INFO - 142 - trainer - [52/257] Loss: 9.4495 Loss_contra: 0.0687
2026/04/17 21:37:32 - __main__ - INFO - 142 - trainer - [104/257] Loss: 9.3526 Loss_contra: 0.0811
2026/04/17 21:37:50 - __main__ - INFO - 142 - trainer - [156/257] Loss: 9.3705 Loss_contra: 0.0821
2026/04/17 21:38:07 - __main__ - INFO - 142 - trainer - [208/257] Loss: 9.4339 Loss_contra: 0.0828
2026/04/17 21:38:23 - __main__ - INFO - 124 - trainer - Epoch: 6
2026/04/17 21:38:24 - __main__ - INFO - 142 - trainer - [0/257] Loss: 9.2415 Loss_contra: 0.0852
2026/04/17 21:38:42 - __main__ - INFO - 142 - trainer - [52/257] Loss: 9.2469 Loss_contra: 0.0739
2026/04/17 21:38:59 - __main__ - INFO - 142 - trainer - [104/257] Loss: 9.1722 Loss_contra: 0.0661
2026/04/17 21:39:17 - __main__ - INFO - 142 - trainer - [156/257] Loss: 9.0997 Loss_contra: 0.0891
2026/04/17 21:39:34 - __main__ - INFO - 142 - trainer - [208/257] Loss: 9.1162 Loss_contra: 0.0934
2026/04/17 21:39:50 - __main__ - INFO - 152 - trainer - start predicting: 2026-04-17 21:39:50.666388
2026/04/17 21:40:37 - __main__ - INFO - 187 - trainer - {'Best_HR@5': 1.8046, 'Best_NDCG@5': 1.2268, 'Best_HR@10': 2.436, 'Best_NDCG@10': 1.4313, 'Best_HR@20': 3.344, 'Best_NDCG@20': 1.6584}
2026/04/17 21:40:37 - __main__ - INFO - 188 - trainer - {'Best_epoch_HR@5': 6, 'Best_epoch_NDCG@5': 6, 'Best_epoch_HR@10': 6, 'Best_epoch_NDCG@10': 6, 'Best_epoch_HR@20': 6, 'Best_epoch_NDCG@20': 6}
2026/04/17 21:40:37 - __main__ - INFO - 124 - trainer - Epoch: 7
2026/04/17 21:40:38 - __main__ - INFO - 142 - trainer - [0/257] Loss: 9.1956 Loss_contra: 0.0690
2026/04/17 21:40:55 - __main__ - INFO - 142 - trainer - [52/257] Loss: 9.0728 Loss_contra: 0.0885
2026/04/17 21:41:13 - __main__ - INFO - 142 - trainer - [104/257] Loss: 9.0175 Loss_contra: 0.0935
2026/04/17 21:41:30 - __main__ - INFO - 142 - trainer - [156/257] Loss: 8.9217 Loss_contra: 0.0962
2026/04/17 21:41:47 - __main__ - INFO - 142 - trainer - [208/257] Loss: 8.9901 Loss_contra: 0.0711
2026/04/17 21:42:04 - __main__ - INFO - 124 - trainer - Epoch: 8
2026/04/17 21:42:04 - __main__ - INFO - 142 - trainer - [0/257] Loss: 8.9556 Loss_contra: 0.1100
2026/04/17 21:42:22 - __main__ - INFO - 142 - trainer - [52/257] Loss: 8.8560 Loss_contra: 0.1313
2026/04/17 21:42:39 - __main__ - INFO - 142 - trainer - [104/257] Loss: 8.8641 Loss_contra: 0.0662
2026/04/17 21:42:57 - __main__ - INFO - 142 - trainer - [156/257] Loss: 8.9036 Loss_contra: 0.0859
2026/04/17 21:43:15 - __main__ - INFO - 142 - trainer - [208/257] Loss: 8.8383 Loss_contra: 0.0985
2026/04/17 21:43:30 - __main__ - INFO - 152 - trainer - start predicting: 2026-04-17 21:43:30.912996
2026/04/17 21:44:18 - __main__ - INFO - 187 - trainer - {'Best_HR@5': 2.281, 'Best_NDCG@5': 1.535, 'Best_HR@10': 3.1458, 'Best_NDCG@10': 1.8151, 'Best_HR@20': 4.3748, 'Best_NDCG@20': 2.1257}
2026/04/17 21:44:18 - __main__ - INFO - 188 - trainer - {'Best_epoch_HR@5': 8, 'Best_epoch_NDCG@5': 8, 'Best_epoch_HR@10': 8, 'Best_epoch_NDCG@10': 8, 'Best_epoch_HR@20': 8, 'Best_epoch_NDCG@20': 8}
2026/04/17 21:44:18 - __main__ - INFO - 124 - trainer - Epoch: 9
2026/04/17 21:44:18 - __main__ - INFO - 142 - trainer - [0/257] Loss: 8.8374 Loss_contra: 0.0761
2026/04/17 21:44:36 - __main__ - INFO - 142 - trainer - [52/257] Loss: 8.7210 Loss_contra: 0.0844
2026/04/17 21:44:54 - __main__ - INFO - 142 - trainer - [104/257] Loss: 8.5874 Loss_contra: 0.1034
2026/04/17 21:45:11 - __main__ - INFO - 142 - trainer - [156/257] Loss: 8.6207 Loss_contra: 0.0883
2026/04/17 21:45:29 - __main__ - INFO - 142 - trainer - [208/257] Loss: 8.6825 Loss_contra: 0.1088
2026/04/17 21:45:46 - __main__ - INFO - 124 - trainer - Epoch: 10
2026/04/17 21:45:46 - __main__ - INFO - 142 - trainer - [0/257] Loss: 8.7269 Loss_contra: 0.1072
2026/04/17 21:46:03 - __main__ - INFO - 142 - trainer - [52/257] Loss: 8.7264 Loss_contra: 0.0831
2026/04/17 21:46:21 - __main__ - INFO - 142 - trainer - [104/257] Loss: 8.6769 Loss_contra: 0.0871
2026/04/17 21:46:39 - __main__ - INFO - 142 - trainer - [156/257] Loss: 8.5944 Loss_contra: 0.1046
2026/04/17 21:46:56 - __main__ - INFO - 142 - trainer - [208/257] Loss: 8.5440 Loss_contra: 0.0747
2026/04/17 21:47:11 - __main__ - INFO - 152 - trainer - start predicting: 2026-04-17 21:47:11.596279
2026/04/17 21:47:58 - __main__ - INFO - 187 - trainer - {'Best_HR@5': 2.9053, 'Best_NDCG@5': 1.9907, 'Best_HR@10': 4.1208, 'Best_NDCG@10': 2.3792, 'Best_HR@20': 5.642, 'Best_NDCG@20': 2.7635}
2026/04/17 21:47:58 - __main__ - INFO - 188 - trainer - {'Best_epoch_HR@5': 10, 'Best_epoch_NDCG@5': 10, 'Best_epoch_HR@10': 10, 'Best_epoch_NDCG@10': 10, 'Best_epoch_HR@20': 10, 'Best_epoch_NDCG@20': 10}
2026/04/17 21:47:58 - __main__ - INFO - 124 - trainer - Epoch: 11
2026/04/17 21:47:59 - __main__ - INFO - 142 - trainer - [0/257] Loss: 8.3996 Loss_contra: 0.0854
2026/04/17 21:48:16 - __main__ - INFO - 142 - trainer - [52/257] Loss: 8.4495 Loss_contra: 0.0921
2026/04/17 21:48:33 - __main__ - INFO - 142 - trainer - [104/257] Loss: 8.4593 Loss_contra: 0.0756
2026/04/17 21:48:50 - __main__ - INFO - 142 - trainer - [156/257] Loss: 8.4859 Loss_contra: 0.0960
2026/04/17 21:49:07 - __main__ - INFO - 142 - trainer - [208/257] Loss: 8.5724 Loss_contra: 0.0883
2026/04/17 21:49:24 - __main__ - INFO - 124 - trainer - Epoch: 12
2026/04/17 21:49:24 - __main__ - INFO - 142 - trainer - [0/257] Loss: 8.2825 Loss_contra: 0.1039
2026/04/17 21:49:42 - __main__ - INFO - 142 - trainer - [52/257] Loss: 8.5845 Loss_contra: 0.0609
2026/04/17 21:50:00 - __main__ - INFO - 142 - trainer - [104/257] Loss: 8.4646 Loss_contra: 0.0956
2026/04/17 21:50:18 - __main__ - INFO - 142 - trainer - [156/257] Loss: 8.6407 Loss_contra: 0.0788
2026/04/17 21:50:35 - __main__ - INFO - 142 - trainer - [208/257] Loss: 8.5197 Loss_contra: 0.0845
2026/04/17 21:50:52 - __main__ - INFO - 152 - trainer - start predicting: 2026-04-17 21:50:52.025764
2026/04/17 21:51:39 - __main__ - INFO - 187 - trainer - {'Best_HR@5': 3.0693, 'Best_NDCG@5': 2.1262, 'Best_HR@10': 4.5998, 'Best_NDCG@10': 2.6179, 'Best_HR@20': 6.4776, 'Best_NDCG@20': 3.0905}
2026/04/17 21:51:39 - __main__ - INFO - 188 - trainer - {'Best_epoch_HR@5': 12, 'Best_epoch_NDCG@5': 12, 'Best_epoch_HR@10': 12, 'Best_epoch_NDCG@10': 12, 'Best_epoch_HR@20': 12, 'Best_epoch_NDCG@20': 12}
2026/04/17 21:51:39 - __main__ - INFO - 124 - trainer - Epoch: 13
2026/04/17 21:51:40 - __main__ - INFO - 142 - trainer - [0/257] Loss: 8.4704 Loss_contra: 0.0853
2026/04/17 21:51:57 - __main__ - INFO - 142 - trainer - [52/257] Loss: 8.3937 Loss_contra: 0.0801
2026/04/17 21:52:14 - __main__ - INFO - 142 - trainer - [104/257] Loss: 8.5153 Loss_contra: 0.0759
2026/04/17 21:52:32 - __main__ - INFO - 142 - trainer - [156/257] Loss: 8.4754 Loss_contra: 0.0669
2026/04/17 21:52:50 - __main__ - INFO - 142 - trainer - [208/257] Loss: 8.3843 Loss_contra: 0.0747
2026/04/17 21:53:06 - __main__ - INFO - 124 - trainer - Epoch: 14
2026/04/17 21:53:07 - __main__ - INFO - 142 - trainer - [0/257] Loss: 8.2806 Loss_contra: 0.1052
2026/04/17 21:53:24 - __main__ - INFO - 142 - trainer - [52/257] Loss: 8.2064 Loss_contra: 0.0862
2026/04/17 21:53:42 - __main__ - INFO - 142 - trainer - [104/257] Loss: 8.4213 Loss_contra: 0.0710
2026/04/17 21:54:00 - __main__ - INFO - 142 - trainer - [156/257] Loss: 8.3506 Loss_contra: 0.0980
2026/04/17 21:54:17 - __main__ - INFO - 142 - trainer - [208/257] Loss: 8.2381 Loss_contra: 0.0733
2026/04/17 21:54:33 - __main__ - INFO - 152 - trainer - start predicting: 2026-04-17 21:54:33.664218
2026/04/17 21:55:20 - __main__ - INFO - 187 - trainer - {'Best_HR@5': 3.5178, 'Best_NDCG@5': 2.441, 'Best_HR@10': 5.1529, 'Best_NDCG@10': 2.9681, 'Best_HR@20': 7.2936, 'Best_NDCG@20': 3.5059}
2026/04/17 21:55:20 - __main__ - INFO - 188 - trainer - {'Best_epoch_HR@5': 14, 'Best_epoch_NDCG@5': 14, 'Best_epoch_HR@10': 14, 'Best_epoch_NDCG@10': 14, 'Best_epoch_HR@20': 14, 'Best_epoch_NDCG@20': 14}
2026/04/17 21:55:20 - __main__ - INFO - 124 - trainer - Epoch: 15
2026/04/17 21:55:21 - __main__ - INFO - 142 - trainer - [0/257] Loss: 8.1956 Loss_contra: 0.0671
2026/04/17 21:55:38 - __main__ - INFO - 142 - trainer - [52/257] Loss: 8.2022 Loss_contra: 0.0797
2026/04/17 21:55:55 - __main__ - INFO - 142 - trainer - [104/257] Loss: 8.2866 Loss_contra: 0.0764
2026/04/17 21:56:13 - __main__ - INFO - 142 - trainer - [156/257] Loss: 8.2913 Loss_contra: 0.0757
2026/04/17 21:56:31 - __main__ - INFO - 142 - trainer - [208/257] Loss: 8.1890 Loss_contra: 0.0685
2026/04/17 21:56:47 - __main__ - INFO - 124 - trainer - Epoch: 16
2026/04/17 21:56:48 - __main__ - INFO - 142 - trainer - [0/257] Loss: 8.0674 Loss_contra: 0.0912
2026/04/17 21:57:05 - __main__ - INFO - 142 - trainer - [52/257] Loss: 8.3410 Loss_contra: 0.0616
2026/04/17 21:57:23 - __main__ - INFO - 142 - trainer - [104/257] Loss: 8.3112 Loss_contra: 0.0692
2026/04/17 21:57:41 - __main__ - INFO - 142 - trainer - [156/257] Loss: 8.0780 Loss_contra: 0.0690
2026/04/17 21:57:59 - __main__ - INFO - 142 - trainer - [208/257] Loss: 8.0102 Loss_contra: 0.0640
2026/04/17 21:58:14 - __main__ - INFO - 152 - trainer - start predicting: 2026-04-17 21:58:14.718645
2026/04/17 21:59:02 - __main__ - INFO - 187 - trainer - {'Best_HR@5': 3.7027, 'Best_NDCG@5': 2.5773, 'Best_HR@10': 5.471, 'Best_NDCG@10': 3.1509, 'Best_HR@20': 7.8221, 'Best_NDCG@20': 3.7418}
2026/04/17 21:59:02 - __main__ - INFO - 188 - trainer - {'Best_epoch_HR@5': 16, 'Best_epoch_NDCG@5': 16, 'Best_epoch_HR@10': 16, 'Best_epoch_NDCG@10': 16, 'Best_epoch_HR@20': 16, 'Best_epoch_NDCG@20': 16}
2026/04/17 21:59:02 - __main__ - INFO - 124 - trainer - Epoch: 17
2026/04/17 21:59:02 - __main__ - INFO - 142 - trainer - [0/257] Loss: 8.1125 Loss_contra: 0.0673
2026/04/17 21:59:20 - __main__ - INFO - 142 - trainer - [52/257] Loss: 8.2318 Loss_contra: 0.0667
2026/04/17 21:59:37 - __main__ - INFO - 142 - trainer - [104/257] Loss: 8.0911 Loss_contra: 0.0765
2026/04/17 21:59:55 - __main__ - INFO - 142 - trainer - [156/257] Loss: 8.0427 Loss_contra: 0.0833
2026/04/17 22:00:13 - __main__ - INFO - 142 - trainer - [208/257] Loss: 8.0780 Loss_contra: 0.0737
2026/04/17 22:00:29 - __main__ - INFO - 124 - trainer - Epoch: 18
2026/04/17 22:00:29 - __main__ - INFO - 142 - trainer - [0/257] Loss: 8.1710 Loss_contra: 0.0700
2026/04/17 22:00:47 - __main__ - INFO - 142 - trainer - [52/257] Loss: 8.0730 Loss_contra: 0.0644
2026/04/17 22:01:05 - __main__ - INFO - 142 - trainer - [104/257] Loss: 8.1525 Loss_contra: 0.0543
2026/04/17 22:01:22 - __main__ - INFO - 142 - trainer - [156/257] Loss: 8.1985 Loss_contra: 0.0596
2026/04/17 22:01:40 - __main__ - INFO - 142 - trainer - [208/257] Loss: 8.1200 Loss_contra: 0.0698
2026/04/17 22:01:55 - __main__ - INFO - 152 - trainer - start predicting: 2026-04-17 22:01:55.465769
2026/04/17 22:02:43 - __main__ - INFO - 187 - trainer - {'Best_HR@5': 4.0407, 'Best_NDCG@5': 2.8534, 'Best_HR@10': 5.8978, 'Best_NDCG@10': 3.4574, 'Best_HR@20': 8.4502, 'Best_NDCG@20': 4.0981}
2026/04/17 22:02:43 - __main__ - INFO - 188 - trainer - {'Best_epoch_HR@5': 18, 'Best_epoch_NDCG@5': 18, 'Best_epoch_HR@10': 18, 'Best_epoch_NDCG@10': 18, 'Best_epoch_HR@20': 18, 'Best_epoch_NDCG@20': 18}
2026/04/17 22:02:43 - __main__ - INFO - 124 - trainer - Epoch: 19
2026/04/17 22:02:43 - __main__ - INFO - 142 - trainer - [0/257] Loss: 7.9590 Loss_contra: 0.0722
2026/04/17 22:03:00 - __main__ - INFO - 142 - trainer - [52/257] Loss: 7.8461 Loss_contra: 0.0649
2026/04/17 22:03:17 - __main__ - INFO - 142 - trainer - [104/257] Loss: 7.9855 Loss_contra: 0.0668
2026/04/17 22:03:35 - __main__ - INFO - 142 - trainer - [156/257] Loss: 8.0373 Loss_contra: 0.0598
2026/04/17 22:03:52 - __main__ - INFO - 142 - trainer - [208/257] Loss: 8.0351 Loss_contra: 0.0602
2026/04/17 22:04:09 - __main__ - INFO - 124 - trainer - Epoch: 20
2026/04/17 22:04:09 - __main__ - INFO - 142 - trainer - [0/257] Loss: 7.9971 Loss_contra: 0.0558
2026/04/17 22:04:26 - __main__ - INFO - 142 - trainer - [52/257] Loss: 7.9165 Loss_contra: 0.0531
2026/04/17 22:04:43 - __main__ - INFO - 142 - trainer - [104/257] Loss: 7.9226 Loss_contra: 0.0644
2026/04/17 22:05:01 - __main__ - INFO - 142 - trainer - [156/257] Loss: 7.9973 Loss_contra: 0.0531
2026/04/17 22:05:18 - __main__ - INFO - 142 - trainer - [208/257] Loss: 8.2490 Loss_contra: 0.0588
2026/04/17 22:05:34 - __main__ - INFO - 152 - trainer - start predicting: 2026-04-17 22:05:34.584090
2026/04/17 22:06:22 - __main__ - INFO - 187 - trainer - {'Best_HR@5': 4.266, 'Best_NDCG@5': 2.9894, 'Best_HR@10': 6.1696, 'Best_NDCG@10': 3.6029, 'Best_HR@20': 8.7535, 'Best_NDCG@20': 4.251}
2026/04/17 22:06:22 - __main__ - INFO - 188 - trainer - {'Best_epoch_HR@5': 20, 'Best_epoch_NDCG@5': 20, 'Best_epoch_HR@10': 20, 'Best_epoch_NDCG@10': 20, 'Best_epoch_HR@20': 20, 'Best_epoch_NDCG@20': 20}
2026/04/17 22:06:22 - __main__ - INFO - 124 - trainer - Epoch: 21
2026/04/17 22:06:22 - __main__ - INFO - 142 - trainer - [0/257] Loss: 7.8128 Loss_contra: 0.0571
2026/04/17 22:06:39 - __main__ - INFO - 142 - trainer - [52/257] Loss: 8.0395 Loss_contra: 0.0515
2026/04/17 22:06:57 - __main__ - INFO - 142 - trainer - [104/257] Loss: 7.9365 Loss_contra: 0.0600
2026/04/17 22:07:15 - __main__ - INFO - 142 - trainer - [156/257] Loss: 7.8198 Loss_contra: 0.0632
2026/04/17 22:07:32 - __main__ - INFO - 142 - trainer - [208/257] Loss: 7.9976 Loss_contra: 0.0615
2026/04/17 22:07:48 - __main__ - INFO - 124 - trainer - Epoch: 22
2026/04/17 22:07:48 - __main__ - INFO - 142 - trainer - [0/257] Loss: 7.9596 Loss_contra: 0.0642
2026/04/17 22:08:06 - __main__ - INFO - 142 - trainer - [52/257] Loss: 7.7879 Loss_contra: 0.0604
2026/04/17 22:08:24 - __main__ - INFO - 142 - trainer - [104/257] Loss: 7.9489 Loss_contra: 0.0631
2026/04/17 22:08:42 - __main__ - INFO - 142 - trainer - [156/257] Loss: 7.7781 Loss_contra: 0.0556
2026/04/17 22:08:59 - __main__ - INFO - 142 - trainer - [208/257] Loss: 7.9303 Loss_contra: 0.0512
2026/04/17 22:09:15 - __main__ - INFO - 152 - trainer - start predicting: 2026-04-17 22:09:15.918921
2026/04/17 22:10:03 - __main__ - INFO - 187 - trainer - {'Best_HR@5': 4.4619, 'Best_NDCG@5': 3.1399, 'Best_HR@10': 6.4165, 'Best_NDCG@10': 3.7654, 'Best_HR@20': 9.2351, 'Best_NDCG@20': 4.4754}
2026/04/17 22:10:03 - __main__ - INFO - 188 - trainer - {'Best_epoch_HR@5': 22, 'Best_epoch_NDCG@5': 22, 'Best_epoch_HR@10': 22, 'Best_epoch_NDCG@10': 22, 'Best_epoch_HR@20': 22, 'Best_epoch_NDCG@20': 22}
2026/04/17 22:10:03 - __main__ - INFO - 124 - trainer - Epoch: 23
2026/04/17 22:10:03 - __main__ - INFO - 142 - trainer - [0/257] Loss: 7.8921 Loss_contra: 0.0594
2026/04/17 22:10:20 - __main__ - INFO - 142 - trainer - [52/257] Loss: 7.8658 Loss_contra: 0.0479
2026/04/17 22:10:38 - __main__ - INFO - 142 - trainer - [104/257] Loss: 7.7815 Loss_contra: 0.0505
2026/04/17 22:10:55 - __main__ - INFO - 142 - trainer - [156/257] Loss: 7.9873 Loss_contra: 0.0475
2026/04/17 22:11:13 - __main__ - INFO - 142 - trainer - [208/257] Loss: 7.7639 Loss_contra: 0.0428
2026/04/17 22:11:29 - __main__ - INFO - 124 - trainer - Epoch: 24
2026/04/17 22:11:30 - __main__ - INFO - 142 - trainer - [0/257] Loss: 7.6969 Loss_contra: 0.0528
2026/04/17 22:11:47 - __main__ - INFO - 142 - trainer - [52/257] Loss: 7.8305 Loss_contra: 0.0414
2026/04/17 22:12:05 - __main__ - INFO - 142 - trainer - [104/257] Loss: 8.0082 Loss_contra: 0.0464
2026/04/17 22:12:23 - __main__ - INFO - 142 - trainer - [156/257] Loss: 7.8428 Loss_contra: 0.0424
2026/04/17 22:12:40 - __main__ - INFO - 142 - trainer - [208/257] Loss: 7.6785 Loss_contra: 0.0618
2026/04/17 22:12:56 - __main__ - INFO - 152 - trainer - start predicting: 2026-04-17 22:12:56.486792
2026/04/17 22:13:44 - __main__ - INFO - 187 - trainer - {'Best_HR@5': 4.6505, 'Best_NDCG@5': 3.3053, 'Best_HR@10': 6.8329, 'Best_NDCG@10': 4.0081, 'Best_HR@20': 9.6381, 'Best_NDCG@20': 4.7108}
2026/04/17 22:13:44 - __main__ - INFO - 188 - trainer - {'Best_epoch_HR@5': 24, 'Best_epoch_NDCG@5': 24, 'Best_epoch_HR@10': 24, 'Best_epoch_NDCG@10': 24, 'Best_epoch_HR@20': 24, 'Best_epoch_NDCG@20': 24}
2026/04/17 22:13:44 - __main__ - INFO - 124 - trainer - Epoch: 25
2026/04/17 22:13:44 - __main__ - INFO - 142 - trainer - [0/257] Loss: 7.7983 Loss_contra: 0.0530
2026/04/17 22:14:02 - __main__ - INFO - 142 - trainer - [52/257] Loss: 7.5843 Loss_contra: 0.0415
2026/04/17 22:14:19 - __main__ - INFO - 142 - trainer - [104/257] Loss: 7.7729 Loss_contra: 0.0421
2026/04/17 22:14:36 - __main__ - INFO - 142 - trainer - [156/257] Loss: 7.6529 Loss_contra: 0.0427
2026/04/17 22:14:54 - __main__ - INFO - 142 - trainer - [208/257] Loss: 7.6886 Loss_contra: 0.0500
2026/04/17 22:15:10 - __main__ - INFO - 124 - trainer - Epoch: 26
2026/04/17 22:15:11 - __main__ - INFO - 142 - trainer - [0/257] Loss: 7.8490 Loss_contra: 0.0438
2026/04/17 22:15:28 - __main__ - INFO - 142 - trainer - [52/257] Loss: 7.7175 Loss_contra: 0.0391
2026/04/17 22:15:46 - __main__ - INFO - 142 - trainer - [104/257] Loss: 7.8306 Loss_contra: 0.0362
2026/04/17 22:16:03 - __main__ - INFO - 142 - trainer - [156/257] Loss: 7.8307 Loss_contra: 0.0424
2026/04/17 22:16:20 - __main__ - INFO - 142 - trainer - [208/257] Loss: 7.7187 Loss_contra: 0.0383
2026/04/17 22:16:36 - __main__ - INFO - 152 - trainer - start predicting: 2026-04-17 22:16:36.745511
2026/04/17 22:17:23 - __main__ - INFO - 187 - trainer - {'Best_HR@5': 4.8304, 'Best_NDCG@5': 3.4489, 'Best_HR@10': 7.0649, 'Best_NDCG@10': 4.1641, 'Best_HR@20': 9.9721, 'Best_NDCG@20': 4.8929}
2026/04/17 22:17:23 - __main__ - INFO - 188 - trainer - {'Best_epoch_HR@5': 26, 'Best_epoch_NDCG@5': 26, 'Best_epoch_HR@10': 26, 'Best_epoch_NDCG@10': 26, 'Best_epoch_HR@20': 26, 'Best_epoch_NDCG@20': 26}
2026/04/17 22:17:23 - __main__ - INFO - 124 - trainer - Epoch: 27
2026/04/17 22:17:24 - __main__ - INFO - 142 - trainer - [0/257] Loss: 7.7074 Loss_contra: 0.0434
2026/04/17 22:17:42 - __main__ - INFO - 142 - trainer - [52/257] Loss: 7.6551 Loss_contra: 0.0437
2026/04/17 22:17:59 - __main__ - INFO - 142 - trainer - [104/257] Loss: 7.7371 Loss_contra: 0.0422
2026/04/17 22:18:16 - __main__ - INFO - 142 - trainer - [156/257] Loss: 7.8066 Loss_contra: 0.0420
2026/04/17 22:18:33 - __main__ - INFO - 142 - trainer - [208/257] Loss: 7.7063 Loss_contra: 0.0515
2026/04/17 22:18:50 - __main__ - INFO - 124 - trainer - Epoch: 28
2026/04/17 22:18:50 - __main__ - INFO - 142 - trainer - [0/257] Loss: 7.4713 Loss_contra: 0.0425
2026/04/17 22:19:07 - __main__ - INFO - 142 - trainer - [52/257] Loss: 7.5518 Loss_contra: 0.0427
2026/04/17 22:19:25 - __main__ - INFO - 142 - trainer - [104/257] Loss: 7.7011 Loss_contra: 0.0428
2026/04/17 22:19:43 - __main__ - INFO - 142 - trainer - [156/257] Loss: 7.5863 Loss_contra: 0.0375
2026/04/17 22:20:01 - __main__ - INFO - 142 - trainer - [208/257] Loss: 7.5702 Loss_contra: 0.0332
2026/04/17 22:20:17 - __main__ - INFO - 152 - trainer - start predicting: 2026-04-17 22:20:17.416419
2026/04/17 22:21:04 - __main__ - INFO - 187 - trainer - {'Best_HR@5': 5.0853, 'Best_NDCG@5': 3.61, 'Best_HR@10': 7.2495, 'Best_NDCG@10': 4.3075, 'Best_HR@20': 10.3655, 'Best_NDCG@20': 5.0895}
2026/04/17 22:21:04 - __main__ - INFO - 188 - trainer - {'Best_epoch_HR@5': 28, 'Best_epoch_NDCG@5': 28, 'Best_epoch_HR@10': 28, 'Best_epoch_NDCG@10': 28, 'Best_epoch_HR@20': 28, 'Best_epoch_NDCG@20': 28}
2026/04/17 22:21:04 - __main__ - INFO - 124 - trainer - Epoch: 29
2026/04/17 22:21:05 - __main__ - INFO - 142 - trainer - [0/257] Loss: 7.7711 Loss_contra: 0.0345
2026/04/17 22:21:23 - __main__ - INFO - 142 - trainer - [52/257] Loss: 7.5245 Loss_contra: 0.0419
2026/04/17 22:21:41 - __main__ - INFO - 142 - trainer - [104/257] Loss: 7.5183 Loss_contra: 0.0346
2026/04/17 22:21:58 - __main__ - INFO - 142 - trainer - [156/257] Loss: 7.7678 Loss_contra: 0.0317
2026/04/17 22:22:17 - __main__ - INFO - 142 - trainer - [208/257] Loss: 7.8018 Loss_contra: 0.0411
2026/04/17 22:22:33 - __main__ - INFO - 124 - trainer - Epoch: 30
2026/04/17 22:22:34 - __main__ - INFO - 142 - trainer - [0/257] Loss: 7.5069 Loss_contra: 0.0390
2026/04/17 22:22:51 - __main__ - INFO - 142 - trainer - [52/257] Loss: 7.6498 Loss_contra: 0.0394
2026/04/17 22:23:08 - __main__ - INFO - 142 - trainer - [104/257] Loss: 7.5918 Loss_contra: 0.0346
2026/04/17 22:23:25 - __main__ - INFO - 142 - trainer - [156/257] Loss: 7.6773 Loss_contra: 0.0396
2026/04/17 22:23:43 - __main__ - INFO - 142 - trainer - [208/257] Loss: 7.5585 Loss_contra: 0.0334
2026/04/17 22:23:59 - __main__ - INFO - 152 - trainer - start predicting: 2026-04-17 22:23:59.800868
2026/04/17 22:24:46 - __main__ - INFO - 187 - trainer - {'Best_HR@5': 5.1863, 'Best_NDCG@5': 3.6732, 'Best_HR@10': 7.3387, 'Best_NDCG@10': 4.3655, 'Best_HR@20': 10.5821, 'Best_NDCG@20': 5.1809}
2026/04/17 22:24:46 - __main__ - INFO - 188 - trainer - {'Best_epoch_HR@5': 30, 'Best_epoch_NDCG@5': 30, 'Best_epoch_HR@10': 30, 'Best_epoch_NDCG@10': 30, 'Best_epoch_HR@20': 30, 'Best_epoch_NDCG@20': 30}
2026/04/17 22:24:46 - __main__ - INFO - 124 - trainer - Epoch: 31
2026/04/17 22:24:47 - __main__ - INFO - 142 - trainer - [0/257] Loss: 7.6012 Loss_contra: 0.0374
2026/04/17 22:25:05 - __main__ - INFO - 142 - trainer - [52/257] Loss: 7.6038 Loss_contra: 0.0373
2026/04/17 22:25:22 - __main__ - INFO - 142 - trainer - [104/257] Loss: 7.4281 Loss_contra: 0.0385
2026/04/17 22:25:40 - __main__ - INFO - 142 - trainer - [156/257] Loss: 7.6044 Loss_contra: 0.0280
2026/04/17 22:25:57 - __main__ - INFO - 142 - trainer - [208/257] Loss: 7.7042 Loss_contra: 0.0317
2026/04/17 22:26:13 - __main__ - INFO - 124 - trainer - Epoch: 32
2026/04/17 22:26:13 - __main__ - INFO - 142 - trainer - [0/257] Loss: 7.5096 Loss_contra: 0.0404
2026/04/17 22:26:31 - __main__ - INFO - 142 - trainer - [52/257] Loss: 7.5763 Loss_contra: 0.0351
2026/04/17 22:26:49 - __main__ - INFO - 142 - trainer - [104/257] Loss: 7.5043 Loss_contra: 0.0332
2026/04/17 22:27:06 - __main__ - INFO - 142 - trainer - [156/257] Loss: 7.2657 Loss_contra: 0.0286
2026/04/17 22:27:24 - __main__ - INFO - 142 - trainer - [208/257] Loss: 7.4067 Loss_contra: 0.0361
2026/04/17 22:27:40 - __main__ - INFO - 152 - trainer - start predicting: 2026-04-17 22:27:40.633529
2026/04/17 22:28:27 - __main__ - INFO - 187 - trainer - {'Best_HR@5': 5.2645, 'Best_NDCG@5': 3.7178, 'Best_HR@10': 7.5397, 'Best_NDCG@10': 4.4521, 'Best_HR@20': 10.7195, 'Best_NDCG@20': 5.2502}
2026/04/17 22:28:27 - __main__ - INFO - 188 - trainer - {'Best_epoch_HR@5': 32, 'Best_epoch_NDCG@5': 32, 'Best_epoch_HR@10': 32, 'Best_epoch_NDCG@10': 32, 'Best_epoch_HR@20': 32, 'Best_epoch_NDCG@20': 32}
2026/04/17 22:28:27 - __main__ - INFO - 124 - trainer - Epoch: 33
2026/04/17 22:28:28 - __main__ - INFO - 142 - trainer - [0/257] Loss: 7.3212 Loss_contra: 0.0384
2026/04/17 22:28:46 - __main__ - INFO - 142 - trainer - [52/257] Loss: 7.6341 Loss_contra: 0.0316
2026/04/17 22:29:03 - __main__ - INFO - 142 - trainer - [104/257] Loss: 7.5880 Loss_contra: 0.0292
2026/04/17 22:29:20 - __main__ - INFO - 142 - trainer - [156/257] Loss: 7.2790 Loss_contra: 0.0365
2026/04/17 22:29:38 - __main__ - INFO - 142 - trainer - [208/257] Loss: 7.3356 Loss_contra: 0.0387
2026/04/17 22:29:55 - __main__ - INFO - 124 - trainer - Epoch: 34
2026/04/17 22:29:56 - __main__ - INFO - 142 - trainer - [0/257] Loss: 7.2598 Loss_contra: 0.0389
2026/04/17 22:30:13 - __main__ - INFO - 142 - trainer - [52/257] Loss: 7.6397 Loss_contra: 0.0284
2026/04/17 22:30:31 - __main__ - INFO - 142 - trainer - [104/257] Loss: 7.4856 Loss_contra: 0.0313
2026/04/17 22:30:48 - __main__ - INFO - 142 - trainer - [156/257] Loss: 7.3739 Loss_contra: 0.0346
2026/04/17 22:31:06 - __main__ - INFO - 142 - trainer - [208/257] Loss: 7.4710 Loss_contra: 0.0304
2026/04/17 22:31:22 - __main__ - INFO - 152 - trainer - start predicting: 2026-04-17 22:31:22.726467
2026/04/17 22:32:09 - __main__ - INFO - 187 - trainer - {'Best_HR@5': 5.4414, 'Best_NDCG@5': 3.901, 'Best_HR@10': 7.6661, 'Best_NDCG@10': 4.6147, 'Best_HR@20': 11.0221, 'Best_NDCG@20': 5.46}
2026/04/17 22:32:09 - __main__ - INFO - 188 - trainer - {'Best_epoch_HR@5': 34, 'Best_epoch_NDCG@5': 34, 'Best_epoch_HR@10': 34, 'Best_epoch_NDCG@10': 34, 'Best_epoch_HR@20': 34, 'Best_epoch_NDCG@20': 34}
2026/04/17 22:32:09 - __main__ - INFO - 124 - trainer - Epoch: 35
2026/04/17 22:32:10 - __main__ - INFO - 142 - trainer - [0/257] Loss: 7.2006 Loss_contra: 0.0340
2026/04/17 22:32:27 - __main__ - INFO - 142 - trainer - [52/257] Loss: 7.3712 Loss_contra: 0.0336
2026/04/17 22:32:45 - __main__ - INFO - 142 - trainer - [104/257] Loss: 7.5187 Loss_contra: 0.0234
2026/04/17 22:33:02 - __main__ - INFO - 142 - trainer - [156/257] Loss: 7.2722 Loss_contra: 0.0307
2026/04/17 22:33:20 - __main__ - INFO - 142 - trainer - [208/257] Loss: 7.4360 Loss_contra: 0.0364
2026/04/17 22:33:36 - __main__ - INFO - 124 - trainer - Epoch: 36
2026/04/17 22:33:36 - __main__ - INFO - 142 - trainer - [0/257] Loss: 7.3718 Loss_contra: 0.0273
2026/04/17 22:33:54 - __main__ - INFO - 142 - trainer - [52/257] Loss: 7.3502 Loss_contra: 0.0294
2026/04/17 22:34:12 - __main__ - INFO - 142 - trainer - [104/257] Loss: 7.6079 Loss_contra: 0.0224
2026/04/17 22:34:30 - __main__ - INFO - 142 - trainer - [156/257] Loss: 7.3831 Loss_contra: 0.0303
2026/04/17 22:34:48 - __main__ - INFO - 142 - trainer - [208/257] Loss: 7.3985 Loss_contra: 0.0271
2026/04/17 22:35:04 - __main__ - INFO - 152 - trainer - start predicting: 2026-04-17 22:35:04.718135
2026/04/17 22:35:51 - __main__ - INFO - 187 - trainer - {'Best_HR@5': 5.6938, 'Best_NDCG@5': 4.0396, 'Best_HR@10': 8.0074, 'Best_NDCG@10': 4.7829, 'Best_HR@20': 11.1966, 'Best_NDCG@20': 5.583}
2026/04/17 22:35:51 - __main__ - INFO - 188 - trainer - {'Best_epoch_HR@5': 36, 'Best_epoch_NDCG@5': 36, 'Best_epoch_HR@10': 36, 'Best_epoch_NDCG@10': 36, 'Best_epoch_HR@20': 36, 'Best_epoch_NDCG@20': 36}
2026/04/17 22:35:51 - __main__ - INFO - 124 - trainer - Epoch: 37
2026/04/17 22:35:51 - __main__ - INFO - 142 - trainer - [0/257] Loss: 7.3343 Loss_contra: 0.0223
2026/04/17 22:36:09 - __main__ - INFO - 142 - trainer - [52/257] Loss: 7.3004 Loss_contra: 0.0286
2026/04/17 22:36:27 - __main__ - INFO - 142 - trainer - [104/257] Loss: 7.4747 Loss_contra: 0.0263
2026/04/17 22:36:45 - __main__ - INFO - 142 - trainer - [156/257] Loss: 7.2672 Loss_contra: 0.0238
2026/04/17 22:37:02 - __main__ - INFO - 142 - trainer - [208/257] Loss: 7.3914 Loss_contra: 0.0233
2026/04/17 22:37:19 - __main__ - INFO - 124 - trainer - Epoch: 38
2026/04/17 22:37:20 - __main__ - INFO - 142 - trainer - [0/257] Loss: 7.3169 Loss_contra: 0.0282
2026/04/17 22:37:37 - __main__ - INFO - 142 - trainer - [52/257] Loss: 7.2780 Loss_contra: 0.0274
2026/04/17 22:37:55 - __main__ - INFO - 142 - trainer - [104/257] Loss: 7.2388 Loss_contra: 0.0275
2026/04/17 22:38:13 - __main__ - INFO - 142 - trainer - [156/257] Loss: 7.2571 Loss_contra: 0.0310
2026/04/17 22:38:31 - __main__ - INFO - 142 - trainer - [208/257] Loss: 7.2183 Loss_contra: 0.0292
2026/04/17 22:38:47 - __main__ - INFO - 152 - trainer - start predicting: 2026-04-17 22:38:47.166801
2026/04/17 22:39:34 - __main__ - INFO - 187 - trainer - {'Best_HR@5': 5.7644, 'Best_NDCG@5': 4.13, 'Best_HR@10': 8.175, 'Best_NDCG@10': 4.9071, 'Best_HR@20': 11.6186, 'Best_NDCG@20': 5.7708}
2026/04/17 22:39:34 - __main__ - INFO - 188 - trainer - {'Best_epoch_HR@5': 38, 'Best_epoch_NDCG@5': 38, 'Best_epoch_HR@10': 38, 'Best_epoch_NDCG@10': 38, 'Best_epoch_HR@20': 38, 'Best_epoch_NDCG@20': 38}
2026/04/17 22:39:34 - __main__ - INFO - 124 - trainer - Epoch: 39
2026/04/17 22:39:34 - __main__ - INFO - 142 - trainer - [0/257] Loss: 7.0835 Loss_contra: 0.0239
2026/04/17 22:39:52 - __main__ - INFO - 142 - trainer - [52/257] Loss: 7.2509 Loss_contra: 0.0243
2026/04/17 22:40:10 - __main__ - INFO - 142 - trainer - [104/257] Loss: 7.2360 Loss_contra: 0.0258
2026/04/17 22:40:27 - __main__ - INFO - 142 - trainer - [156/257] Loss: 7.3691 Loss_contra: 0.0223
2026/04/17 22:40:44 - __main__ - INFO - 142 - trainer - [208/257] Loss: 7.5838 Loss_contra: 0.0242
2026/04/17 22:41:01 - __main__ - INFO - 124 - trainer - Epoch: 40
2026/04/17 22:41:01 - __main__ - INFO - 142 - trainer - [0/257] Loss: 7.3068 Loss_contra: 0.0243
2026/04/17 22:41:18 - __main__ - INFO - 142 - trainer - [52/257] Loss: 7.2043 Loss_contra: 0.0261
2026/04/17 22:41:36 - __main__ - INFO - 142 - trainer - [104/257] Loss: 7.2842 Loss_contra: 0.0294
2026/04/17 22:41:54 - __main__ - INFO - 142 - trainer - [156/257] Loss: 7.1007 Loss_contra: 0.0261
2026/04/17 22:42:12 - __main__ - INFO - 142 - trainer - [208/257] Loss: 7.2007 Loss_contra: 0.0265
2026/04/17 22:42:29 - __main__ - INFO - 152 - trainer - start predicting: 2026-04-17 22:42:29.233264
2026/04/17 22:43:16 - __main__ - INFO - 187 - trainer - {'Best_HR@5': 5.8405, 'Best_NDCG@5': 4.2024, 'Best_HR@10': 8.3965, 'Best_NDCG@10': 5.0258, 'Best_HR@20': 11.6592, 'Best_NDCG@20': 5.8431}
2026/04/17 22:43:16 - __main__ - INFO - 188 - trainer - {'Best_epoch_HR@5': 40, 'Best_epoch_NDCG@5': 40, 'Best_epoch_HR@10': 40, 'Best_epoch_NDCG@10': 40, 'Best_epoch_HR@20': 40, 'Best_epoch_NDCG@20': 40}
2026/04/17 22:43:16 - __main__ - INFO - 124 - trainer - Epoch: 41
2026/04/17 22:43:16 - __main__ - INFO - 142 - trainer - [0/257] Loss: 7.2219 Loss_contra: 0.0238
2026/04/17 22:43:34 - __main__ - INFO - 142 - trainer - [52/257] Loss: 7.2499 Loss_contra: 0.0249
2026/04/17 22:43:52 - __main__ - INFO - 142 - trainer - [104/257] Loss: 7.4222 Loss_contra: 0.0221
2026/04/17 22:44:09 - __main__ - INFO - 142 - trainer - [156/257] Loss: 7.4440 Loss_contra: 0.0228
2026/04/17 22:44:27 - __main__ - INFO - 142 - trainer - [208/257] Loss: 7.4975 Loss_contra: 0.0232
2026/04/17 22:44:44 - __main__ - INFO - 124 - trainer - Epoch: 42
2026/04/17 22:44:45 - __main__ - INFO - 142 - trainer - [0/257] Loss: 7.2530 Loss_contra: 0.0251
2026/04/17 22:45:03 - __main__ - INFO - 142 - trainer - [52/257] Loss: 7.2723 Loss_contra: 0.0226
2026/04/17 22:45:20 - __main__ - INFO - 142 - trainer - [104/257] Loss: 7.0722 Loss_contra: 0.0258
2026/04/17 22:45:38 - __main__ - INFO - 142 - trainer - [156/257] Loss: 7.2037 Loss_contra: 0.0227
2026/04/17 22:45:56 - __main__ - INFO - 142 - trainer - [208/257] Loss: 7.2875 Loss_contra: 0.0254
2026/04/17 22:46:13 - __main__ - INFO - 152 - trainer - start predicting: 2026-04-17 22:46:13.765737
2026/04/17 22:47:01 - __main__ - INFO - 187 - trainer - {'Best_HR@5': 6.1053, 'Best_NDCG@5': 4.3031, 'Best_HR@10': 8.6597, 'Best_NDCG@10': 5.1253, 'Best_HR@20': 11.8953, 'Best_NDCG@20': 5.9396}
2026/04/17 22:47:01 - __main__ - INFO - 188 - trainer - {'Best_epoch_HR@5': 42, 'Best_epoch_NDCG@5': 42, 'Best_epoch_HR@10': 42, 'Best_epoch_NDCG@10': 42, 'Best_epoch_HR@20': 42, 'Best_epoch_NDCG@20': 42}
2026/04/17 22:47:01 - __main__ - INFO - 124 - trainer - Epoch: 43
2026/04/17 22:47:01 - __main__ - INFO - 142 - trainer - [0/257] Loss: 7.1499 Loss_contra: 0.0239
2026/04/17 22:47:18 - __main__ - INFO - 142 - trainer - [52/257] Loss: 7.1653 Loss_contra: 0.0218
2026/04/17 22:47:36 - __main__ - INFO - 142 - trainer - [104/257] Loss: 7.2975 Loss_contra: 0.0201
2026/04/17 22:47:54 - __main__ - INFO - 142 - trainer - [156/257] Loss: 7.2817 Loss_contra: 0.0183
2026/04/17 22:48:12 - __main__ - INFO - 142 - trainer - [208/257] Loss: 7.2932 Loss_contra: 0.0228
2026/04/17 22:48:28 - __main__ - INFO - 124 - trainer - Epoch: 44
2026/04/17 22:48:28 - __main__ - INFO - 142 - trainer - [0/257] Loss: 7.0576 Loss_contra: 0.0247
2026/04/17 22:48:46 - __main__ - INFO - 142 - trainer - [52/257] Loss: 7.1311 Loss_contra: 0.0229
2026/04/17 22:49:04 - __main__ - INFO - 142 - trainer - [104/257] Loss: 7.1900 Loss_contra: 0.0178
2026/04/17 22:49:21 - __main__ - INFO - 142 - trainer - [156/257] Loss: 7.0287 Loss_contra: 0.0213
2026/04/17 22:49:39 - __main__ - INFO - 142 - trainer - [208/257] Loss: 7.3407 Loss_contra: 0.0216
2026/04/17 22:49:56 - __main__ - INFO - 152 - trainer - start predicting: 2026-04-17 22:49:56.518650
2026/04/17 22:50:43 - __main__ - INFO - 187 - trainer - {'Best_HR@5': 6.203, 'Best_NDCG@5': 4.3449, 'Best_HR@10': 8.6597, 'Best_NDCG@10': 5.1253, 'Best_HR@20': 11.8953, 'Best_NDCG@20': 5.9396}
2026/04/17 22:50:43 - __main__ - INFO - 188 - trainer - {'Best_epoch_HR@5': 44, 'Best_epoch_NDCG@5': 44, 'Best_epoch_HR@10': 42, 'Best_epoch_NDCG@10': 42, 'Best_epoch_HR@20': 42, 'Best_epoch_NDCG@20': 42}
2026/04/17 22:50:43 - __main__ - INFO - 124 - trainer - Epoch: 45
2026/04/17 22:50:43 - __main__ - INFO - 142 - trainer - [0/257] Loss: 6.9887 Loss_contra: 0.0203
2026/04/17 22:51:01 - __main__ - INFO - 142 - trainer - [52/257] Loss: 7.1907 Loss_contra: 0.0179
2026/04/17 22:51:19 - __main__ - INFO - 142 - trainer - [104/257] Loss: 7.1323 Loss_contra: 0.0198
2026/04/17 22:51:37 - __main__ - INFO - 142 - trainer - [156/257] Loss: 7.2705 Loss_contra: 0.0213
2026/04/17 22:51:55 - __main__ - INFO - 142 - trainer - [208/257] Loss: 7.1911 Loss_contra: 0.0216
2026/04/17 22:52:12 - __main__ - INFO - 124 - trainer - Epoch: 46
2026/04/17 22:52:12 - __main__ - INFO - 142 - trainer - [0/257] Loss: 7.0723 Loss_contra: 0.0187
2026/04/17 22:52:30 - __main__ - INFO - 142 - trainer - [52/257] Loss: 7.0858 Loss_contra: 0.0219
2026/04/17 22:52:47 - __main__ - INFO - 142 - trainer - [104/257] Loss: 7.1443 Loss_contra: 0.0228
2026/04/17 22:53:05 - __main__ - INFO - 142 - trainer - [156/257] Loss: 7.0368 Loss_contra: 0.0188
2026/04/17 22:53:23 - __main__ - INFO - 142 - trainer - [208/257] Loss: 6.9638 Loss_contra: 0.0225
2026/04/17 22:53:39 - __main__ - INFO - 152 - trainer - start predicting: 2026-04-17 22:53:39.259607
2026/04/17 22:54:26 - __main__ - INFO - 187 - trainer - {'Best_HR@5': 6.203, 'Best_NDCG@5': 4.437, 'Best_HR@10': 8.7134, 'Best_NDCG@10': 5.2603, 'Best_HR@20': 11.9278, 'Best_NDCG@20': 6.0674}
2026/04/17 22:54:26 - __main__ - INFO - 188 - trainer - {'Best_epoch_HR@5': 44, 'Best_epoch_NDCG@5': 46, 'Best_epoch_HR@10': 46, 'Best_epoch_NDCG@10': 46, 'Best_epoch_HR@20': 46, 'Best_epoch_NDCG@20': 46}
2026/04/17 22:54:26 - __main__ - INFO - 124 - trainer - Epoch: 47
2026/04/17 22:54:27 - __main__ - INFO - 142 - trainer - [0/257] Loss: 7.0204 Loss_contra: 0.0202
2026/04/17 22:54:44 - __main__ - INFO - 142 - trainer - [52/257] Loss: 7.0770 Loss_contra: 0.0189
2026/04/17 22:55:02 - __main__ - INFO - 142 - trainer - [104/257] Loss: 7.3561 Loss_contra: 0.0181
2026/04/17 22:55:19 - __main__ - INFO - 142 - trainer - [156/257] Loss: 7.0789 Loss_contra: 0.0187
2026/04/17 22:55:36 - __main__ - INFO - 142 - trainer - [208/257] Loss: 7.1364 Loss_contra: 0.0240
2026/04/17 22:55:53 - __main__ - INFO - 124 - trainer - Epoch: 48
2026/04/17 22:55:53 - __main__ - INFO - 142 - trainer - [0/257] Loss: 7.1001 Loss_contra: 0.0202
2026/04/17 22:56:12 - __main__ - INFO - 142 - trainer - [52/257] Loss: 7.0237 Loss_contra: 0.0173
2026/04/17 22:56:29 - __main__ - INFO - 142 - trainer - [104/257] Loss: 6.9783 Loss_contra: 0.0215
2026/04/17 22:56:46 - __main__ - INFO - 142 - trainer - [156/257] Loss: 7.1314 Loss_contra: 0.0195
2026/04/17 22:57:04 - __main__ - INFO - 142 - trainer - [208/257] Loss: 6.9334 Loss_contra: 0.0193
2026/04/17 22:57:20 - __main__ - INFO - 152 - trainer - start predicting: 2026-04-17 22:57:20.275259
2026/04/17 22:58:07 - __main__ - INFO - 187 - trainer - {'Best_HR@5': 6.4021, 'Best_NDCG@5': 4.531, 'Best_HR@10': 8.9571, 'Best_NDCG@10': 5.3539, 'Best_HR@20': 12.2967, 'Best_NDCG@20': 6.1929}
2026/04/17 22:58:07 - __main__ - INFO - 188 - trainer - {'Best_epoch_HR@5': 48, 'Best_epoch_NDCG@5': 48, 'Best_epoch_HR@10': 48, 'Best_epoch_NDCG@10': 48, 'Best_epoch_HR@20': 48, 'Best_epoch_NDCG@20': 48}
2026/04/17 22:58:07 - __main__ - INFO - 124 - trainer - Epoch: 49
2026/04/17 22:58:08 - __main__ - INFO - 142 - trainer - [0/257] Loss: 6.9947 Loss_contra: 0.0189
2026/04/17 22:58:25 - __main__ - INFO - 142 - trainer - [52/257] Loss: 7.0830 Loss_contra: 0.0202
2026/04/17 22:58:43 - __main__ - INFO - 142 - trainer - [104/257] Loss: 6.8661 Loss_contra: 0.0190
2026/04/17 22:59:00 - __main__ - INFO - 142 - trainer - [156/257] Loss: 7.1071 Loss_contra: 0.0208
2026/04/17 22:59:17 - __main__ - INFO - 142 - trainer - [208/257] Loss: 7.1198 Loss_contra: 0.0159
2026/04/17 22:59:33 - __main__ - INFO - 124 - trainer - Epoch: 50
2026/04/17 22:59:33 - __main__ - INFO - 142 - trainer - [0/257] Loss: 6.9820 Loss_contra: 0.0169
2026/04/17 22:59:52 - __main__ - INFO - 142 - trainer - [52/257] Loss: 7.0973 Loss_contra: 0.0171
2026/04/17 23:00:10 - __main__ - INFO - 142 - trainer - [104/257] Loss: 7.0365 Loss_contra: 0.0160
2026/04/17 23:00:28 - __main__ - INFO - 142 - trainer - [156/257] Loss: 7.0852 Loss_contra: 0.0151
2026/04/17 23:00:45 - __main__ - INFO - 142 - trainer - [208/257] Loss: 6.9433 Loss_contra: 0.0212
2026/04/17 23:01:02 - __main__ - INFO - 152 - trainer - start predicting: 2026-04-17 23:01:02.778309
2026/04/17 23:01:50 - __main__ - INFO - 187 - trainer - {'Best_HR@5': 6.4021, 'Best_NDCG@5': 4.5693, 'Best_HR@10': 8.9571, 'Best_NDCG@10': 5.3766, 'Best_HR@20': 12.2967, 'Best_NDCG@20': 6.1929}
2026/04/17 23:01:50 - __main__ - INFO - 188 - trainer - {'Best_epoch_HR@5': 48, 'Best_epoch_NDCG@5': 50, 'Best_epoch_HR@10': 48, 'Best_epoch_NDCG@10': 50, 'Best_epoch_HR@20': 48, 'Best_epoch_NDCG@20': 48}
2026/04/17 23:01:50 - __main__ - INFO - 124 - trainer - Epoch: 51
2026/04/17 23:01:50 - __main__ - INFO - 142 - trainer - [0/257] Loss: 6.9529 Loss_contra: 0.0148
2026/04/17 23:02:07 - __main__ - INFO - 142 - trainer - [52/257] Loss: 6.9734 Loss_contra: 0.0181
2026/04/17 23:02:25 - __main__ - INFO - 142 - trainer - [104/257] Loss: 6.8107 Loss_contra: 0.0178
2026/04/17 23:02:43 - __main__ - INFO - 142 - trainer - [156/257] Loss: 6.9484 Loss_contra: 0.0167
2026/04/17 23:03:00 - __main__ - INFO - 142 - trainer - [208/257] Loss: 7.0331 Loss_contra: 0.0200
2026/04/17 23:03:17 - __main__ - INFO - 124 - trainer - Epoch: 52
2026/04/17 23:03:17 - __main__ - INFO - 142 - trainer - [0/257] Loss: 6.7028 Loss_contra: 0.0204
2026/04/17 23:03:35 - __main__ - INFO - 142 - trainer - [52/257] Loss: 6.9682 Loss_contra: 0.0205
2026/04/17 23:03:53 - __main__ - INFO - 142 - trainer - [104/257] Loss: 7.1164 Loss_contra: 0.0181
2026/04/17 23:04:11 - __main__ - INFO - 142 - trainer - [156/257] Loss: 7.0952 Loss_contra: 0.0162
2026/04/17 23:04:28 - __main__ - INFO - 142 - trainer - [208/257] Loss: 7.2161 Loss_contra: 0.0162
2026/04/17 23:04:45 - __main__ - INFO - 152 - trainer - start predicting: 2026-04-17 23:04:45.224110
2026/04/17 23:05:32 - __main__ - INFO - 187 - trainer - {'Best_HR@5': 6.4574, 'Best_NDCG@5': 4.5693, 'Best_HR@10': 8.9571, 'Best_NDCG@10': 5.3766, 'Best_HR@20': 12.2967, 'Best_NDCG@20': 6.1929}
2026/04/17 23:05:32 - __main__ - INFO - 188 - trainer - {'Best_epoch_HR@5': 52, 'Best_epoch_NDCG@5': 50, 'Best_epoch_HR@10': 48, 'Best_epoch_NDCG@10': 50, 'Best_epoch_HR@20': 48, 'Best_epoch_NDCG@20': 48}
2026/04/17 23:05:32 - __main__ - INFO - 124 - trainer - Epoch: 53
2026/04/17 23:05:32 - __main__ - INFO - 142 - trainer - [0/257] Loss: 6.9336 Loss_contra: 0.0167
2026/04/17 23:05:49 - __main__ - INFO - 142 - trainer - [52/257] Loss: 6.8771 Loss_contra: 0.0158
2026/04/17 23:06:07 - __main__ - INFO - 142 - trainer - [104/257] Loss: 6.9299 Loss_contra: 0.0176
2026/04/17 23:06:25 - __main__ - INFO - 142 - trainer - [156/257] Loss: 6.8662 Loss_contra: 0.0142
2026/04/17 23:06:43 - __main__ - INFO - 142 - trainer - [208/257] Loss: 6.9352 Loss_contra: 0.0147
2026/04/17 23:06:59 - __main__ - INFO - 124 - trainer - Epoch: 54
2026/04/17 23:06:59 - __main__ - INFO - 142 - trainer - [0/257] Loss: 6.8814 Loss_contra: 0.0157
2026/04/17 23:07:18 - __main__ - INFO - 142 - trainer - [52/257] Loss: 6.9295 Loss_contra: 0.0156
2026/04/17 23:07:35 - __main__ - INFO - 142 - trainer - [104/257] Loss: 6.8097 Loss_contra: 0.0151
2026/04/17 23:07:52 - __main__ - INFO - 142 - trainer - [156/257] Loss: 6.9482 Loss_contra: 0.0163
2026/04/17 23:08:10 - __main__ - INFO - 142 - trainer - [208/257] Loss: 6.9251 Loss_contra: 0.0189
2026/04/17 23:08:27 - __main__ - INFO - 152 - trainer - start predicting: 2026-04-17 23:08:27.114604
2026/04/17 23:09:14 - __main__ - INFO - 187 - trainer - {'Best_HR@5': 6.595, 'Best_NDCG@5': 4.64, 'Best_HR@10': 9.0253, 'Best_NDCG@10': 5.4211, 'Best_HR@20': 12.2967, 'Best_NDCG@20': 6.2238}
2026/04/17 23:09:14 - __main__ - INFO - 188 - trainer - {'Best_epoch_HR@5': 54, 'Best_epoch_NDCG@5': 54, 'Best_epoch_HR@10': 54, 'Best_epoch_NDCG@10': 54, 'Best_epoch_HR@20': 48, 'Best_epoch_NDCG@20': 54}
2026/04/17 23:09:14 - __main__ - INFO - 124 - trainer - Epoch: 55
2026/04/17 23:09:14 - __main__ - INFO - 142 - trainer - [0/257] Loss: 6.8558 Loss_contra: 0.0147
2026/04/17 23:09:32 - __main__ - INFO - 142 - trainer - [52/257] Loss: 6.7415 Loss_contra: 0.0146
2026/04/17 23:09:50 - __main__ - INFO - 142 - trainer - [104/257] Loss: 6.8190 Loss_contra: 0.0145
2026/04/17 23:10:07 - __main__ - INFO - 142 - trainer - [156/257] Loss: 6.7712 Loss_contra: 0.0152
2026/04/17 23:10:25 - __main__ - INFO - 142 - trainer - [208/257] Loss: 6.7951 Loss_contra: 0.0162
2026/04/17 23:10:41 - __main__ - INFO - 124 - trainer - Epoch: 56
2026/04/17 23:10:42 - __main__ - INFO - 142 - trainer - [0/257] Loss: 6.8361 Loss_contra: 0.0172
2026/04/17 23:10:59 - __main__ - INFO - 142 - trainer - [52/257] Loss: 6.7679 Loss_contra: 0.0129
2026/04/17 23:11:17 - __main__ - INFO - 142 - trainer - [104/257] Loss: 6.9338 Loss_contra: 0.0151
2026/04/17 23:11:34 - __main__ - INFO - 142 - trainer - [156/257] Loss: 6.8507 Loss_contra: 0.0144
2026/04/17 23:11:51 - __main__ - INFO - 142 - trainer - [208/257] Loss: 6.8776 Loss_contra: 0.0153
2026/04/17 23:12:08 - __main__ - INFO - 152 - trainer - start predicting: 2026-04-17 23:12:08.222134
2026/04/17 23:12:55 - __main__ - INFO - 187 - trainer - {'Best_HR@5': 6.6039, 'Best_NDCG@5': 4.6956, 'Best_HR@10': 9.1739, 'Best_NDCG@10': 5.5227, 'Best_HR@20': 12.589, 'Best_NDCG@20': 6.3785}
2026/04/17 23:12:55 - __main__ - INFO - 188 - trainer - {'Best_epoch_HR@5': 56, 'Best_epoch_NDCG@5': 56, 'Best_epoch_HR@10': 56, 'Best_epoch_NDCG@10': 56, 'Best_epoch_HR@20': 56, 'Best_epoch_NDCG@20': 56}
2026/04/17 23:12:55 - __main__ - INFO - 124 - trainer - Epoch: 57
2026/04/17 23:12:55 - __main__ - INFO - 142 - trainer - [0/257] Loss: 6.8420 Loss_contra: 0.0190
2026/04/17 23:13:13 - __main__ - INFO - 142 - trainer - [52/257] Loss: 6.8494 Loss_contra: 0.0151
2026/04/17 23:13:30 - __main__ - INFO - 142 - trainer - [104/257] Loss: 6.9009 Loss_contra: 0.0155
2026/04/17 23:13:48 - __main__ - INFO - 142 - trainer - [156/257] Loss: 6.8228 Loss_contra: 0.0155
2026/04/17 23:14:06 - __main__ - INFO - 142 - trainer - [208/257] Loss: 6.8369 Loss_contra: 0.0160
2026/04/17 23:14:23 - __main__ - INFO - 124 - trainer - Epoch: 58
2026/04/17 23:14:23 - __main__ - INFO - 142 - trainer - [0/257] Loss: 6.8741 Loss_contra: 0.0121
2026/04/17 23:14:41 - __main__ - INFO - 142 - trainer - [52/257] Loss: 6.7519 Loss_contra: 0.0172
2026/04/17 23:14:59 - __main__ - INFO - 142 - trainer - [104/257] Loss: 6.9823 Loss_contra: 0.0169
2026/04/17 23:15:17 - __main__ - INFO - 142 - trainer - [156/257] Loss: 6.7645 Loss_contra: 0.0165
2026/04/17 23:15:35 - __main__ - INFO - 142 - trainer - [208/257] Loss: 6.9363 Loss_contra: 0.0152
2026/04/17 23:15:51 - __main__ - INFO - 152 - trainer - start predicting: 2026-04-17 23:15:51.981326
2026/04/17 23:16:39 - __main__ - INFO - 187 - trainer - {'Best_HR@5': 6.6231, 'Best_NDCG@5': 4.6981, 'Best_HR@10': 9.3417, 'Best_NDCG@10': 5.5749, 'Best_HR@20': 12.6399, 'Best_NDCG@20': 6.4004}
2026/04/17 23:16:39 - __main__ - INFO - 188 - trainer - {'Best_epoch_HR@5': 58, 'Best_epoch_NDCG@5': 58, 'Best_epoch_HR@10': 58, 'Best_epoch_NDCG@10': 58, 'Best_epoch_HR@20': 58, 'Best_epoch_NDCG@20': 58}
2026/04/17 23:16:39 - __main__ - INFO - 124 - trainer - Epoch: 59
2026/04/17 23:16:39 - __main__ - INFO - 142 - trainer - [0/257] Loss: 6.8581 Loss_contra: 0.0135
2026/04/17 23:16:57 - __main__ - INFO - 142 - trainer - [52/257] Loss: 6.9635 Loss_contra: 0.0130
2026/04/17 23:17:15 - __main__ - INFO - 142 - trainer - [104/257] Loss: 6.8135 Loss_contra: 0.0130
2026/04/17 23:17:33 - __main__ - INFO - 142 - trainer - [156/257] Loss: 6.8996 Loss_contra: 0.0138
2026/04/17 23:17:51 - __main__ - INFO - 142 - trainer - [208/257] Loss: 6.9365 Loss_contra: 0.0145
2026/04/17 23:18:07 - __main__ - INFO - 124 - trainer - Epoch: 60
2026/04/17 23:18:07 - __main__ - INFO - 142 - trainer - [0/257] Loss: 6.8476 Loss_contra: 0.0144
2026/04/17 23:18:25 - __main__ - INFO - 142 - trainer - [52/257] Loss: 6.8345 Loss_contra: 0.0134
2026/04/17 23:18:42 - __main__ - INFO - 142 - trainer - [104/257] Loss: 6.7209 Loss_contra: 0.0166
2026/04/17 23:19:01 - __main__ - INFO - 142 - trainer - [156/257] Loss: 6.8614 Loss_contra: 0.0123
2026/04/17 23:19:18 - __main__ - INFO - 142 - trainer - [208/257] Loss: 6.7380 Loss_contra: 0.0152
2026/04/17 23:19:35 - __main__ - INFO - 152 - trainer - start predicting: 2026-04-17 23:19:35.128219
2026/04/17 23:20:22 - __main__ - INFO - 187 - trainer - {'Best_HR@5': 6.6595, 'Best_NDCG@5': 4.7492, 'Best_HR@10': 9.3616, 'Best_NDCG@10': 5.6171, 'Best_HR@20': 12.7268, 'Best_NDCG@20': 6.4629}
2026/04/17 23:20:22 - __main__ - INFO - 188 - trainer - {'Best_epoch_HR@5': 60, 'Best_epoch_NDCG@5': 60, 'Best_epoch_HR@10': 60, 'Best_epoch_NDCG@10': 60, 'Best_epoch_HR@20': 60, 'Best_epoch_NDCG@20': 60}
2026/04/17 23:20:22 - __main__ - INFO - 124 - trainer - Epoch: 61
2026/04/17 23:20:22 - __main__ - INFO - 142 - trainer - [0/257] Loss: 6.8260 Loss_contra: 0.0148
2026/04/17 23:20:40 - __main__ - INFO - 142 - trainer - [52/257] Loss: 6.8411 Loss_contra: 0.0120
2026/04/17 23:20:58 - __main__ - INFO - 142 - trainer - [104/257] Loss: 6.8879 Loss_contra: 0.0150
2026/04/17 23:21:16 - __main__ - INFO - 142 - trainer - [156/257] Loss: 6.7763 Loss_contra: 0.0139
2026/04/17 23:21:33 - __main__ - INFO - 142 - trainer - [208/257] Loss: 6.5934 Loss_contra: 0.0133
2026/04/17 23:21:49 - __main__ - INFO - 124 - trainer - Epoch: 62
2026/04/17 23:21:49 - __main__ - INFO - 142 - trainer - [0/257] Loss: 6.7076 Loss_contra: 0.0105
2026/04/17 23:22:07 - __main__ - INFO - 142 - trainer - [52/257] Loss: 6.7161 Loss_contra: 0.0131
2026/04/17 23:22:25 - __main__ - INFO - 142 - trainer - [104/257] Loss: 6.6789 Loss_contra: 0.0126
2026/04/17 23:22:43 - __main__ - INFO - 142 - trainer - [156/257] Loss: 6.9889 Loss_contra: 0.0135
2026/04/17 23:23:00 - __main__ - INFO - 142 - trainer - [208/257] Loss: 6.7652 Loss_contra: 0.0139
2026/04/17 23:23:17 - __main__ - INFO - 152 - trainer - start predicting: 2026-04-17 23:23:17.113801
2026/04/17 23:24:04 - __main__ - INFO - 187 - trainer - {'Best_HR@5': 6.7652, 'Best_NDCG@5': 4.8142, 'Best_HR@10': 9.4572, 'Best_NDCG@10': 5.6804, 'Best_HR@20': 12.7268, 'Best_NDCG@20': 6.4942}
2026/04/17 23:24:04 - __main__ - INFO - 188 - trainer - {'Best_epoch_HR@5': 62, 'Best_epoch_NDCG@5': 62, 'Best_epoch_HR@10': 62, 'Best_epoch_NDCG@10': 62, 'Best_epoch_HR@20': 60, 'Best_epoch_NDCG@20': 62}
2026/04/17 23:24:04 - __main__ - INFO - 124 - trainer - Epoch: 63
2026/04/17 23:24:04 - __main__ - INFO - 142 - trainer - [0/257] Loss: 6.7258 Loss_contra: 0.0140
2026/04/17 23:24:22 - __main__ - INFO - 142 - trainer - [52/257] Loss: 6.6595 Loss_contra: 0.0152
2026/04/17 23:24:40 - __main__ - INFO - 142 - trainer - [104/257] Loss: 6.7705 Loss_contra: 0.0125
2026/04/17 23:24:58 - __main__ - INFO - 142 - trainer - [156/257] Loss: 6.6666 Loss_contra: 0.0130
2026/04/17 23:25:16 - __main__ - INFO - 142 - trainer - [208/257] Loss: 6.6531 Loss_contra: 0.0140
2026/04/17 23:25:32 - __main__ - INFO - 124 - trainer - Epoch: 64
2026/04/17 23:25:32 - __main__ - INFO - 142 - trainer - [0/257] Loss: 6.7645 Loss_contra: 0.0138
2026/04/17 23:25:49 - __main__ - INFO - 142 - trainer - [52/257] Loss: 6.5549 Loss_contra: 0.0124
2026/04/17 23:26:08 - __main__ - INFO - 142 - trainer - [104/257] Loss: 6.6957 Loss_contra: 0.0168
2026/04/17 23:26:26 - __main__ - INFO - 142 - trainer - [156/257] Loss: 6.6041 Loss_contra: 0.0111
2026/04/17 23:26:43 - __main__ - INFO - 142 - trainer - [208/257] Loss: 6.7773 Loss_contra: 0.0145
2026/04/17 23:26:59 - __main__ - INFO - 152 - trainer - start predicting: 2026-04-17 23:26:59.843783
2026/04/17 23:27:46 - __main__ - INFO - 187 - trainer - {'Best_HR@5': 6.9248, 'Best_NDCG@5': 4.8864, 'Best_HR@10': 9.506, 'Best_NDCG@10': 5.7155, 'Best_HR@20': 12.8902, 'Best_NDCG@20': 6.5663}
2026/04/17 23:27:46 - __main__ - INFO - 188 - trainer - {'Best_epoch_HR@5': 64, 'Best_epoch_NDCG@5': 64, 'Best_epoch_HR@10': 64, 'Best_epoch_NDCG@10': 64, 'Best_epoch_HR@20': 64, 'Best_epoch_NDCG@20': 64}
2026/04/17 23:27:46 - __main__ - INFO - 124 - trainer - Epoch: 65
2026/04/17 23:27:47 - __main__ - INFO - 142 - trainer - [0/257] Loss: 6.7002 Loss_contra: 0.0109
2026/04/17 23:28:05 - __main__ - INFO - 142 - trainer - [52/257] Loss: 6.6395 Loss_contra: 0.0135
2026/04/17 23:28:23 - __main__ - INFO - 142 - trainer - [104/257] Loss: 6.6505 Loss_contra: 0.0121
2026/04/17 23:28:40 - __main__ - INFO - 142 - trainer - [156/257] Loss: 6.5646 Loss_contra: 0.0149
2026/04/17 23:28:58 - __main__ - INFO - 142 - trainer - [208/257] Loss: 6.6208 Loss_contra: 0.0132
2026/04/17 23:29:15 - __main__ - INFO - 124 - trainer - Epoch: 66
2026/04/17 23:29:15 - __main__ - INFO - 142 - trainer - [0/257] Loss: 6.5799 Loss_contra: 0.0148
2026/04/17 23:29:32 - __main__ - INFO - 142 - trainer - [52/257] Loss: 6.7873 Loss_contra: 0.0126
2026/04/17 23:29:51 - __main__ - INFO - 142 - trainer - [104/257] Loss: 6.5959 Loss_contra: 0.0132
2026/04/17 23:30:09 - __main__ - INFO - 142 - trainer - [156/257] Loss: 6.6589 Loss_contra: 0.0122
2026/04/17 23:30:27 - __main__ - INFO - 142 - trainer - [208/257] Loss: 6.7031 Loss_contra: 0.0135
2026/04/17 23:30:44 - __main__ - INFO - 152 - trainer - start predicting: 2026-04-17 23:30:44.489634
2026/04/17 23:31:31 - __main__ - INFO - 124 - trainer - Epoch: 67
2026/04/17 23:31:31 - __main__ - INFO - 142 - trainer - [0/257] Loss: 6.5277 Loss_contra: 0.0101
2026/04/17 23:31:49 - __main__ - INFO - 142 - trainer - [52/257] Loss: 6.4805 Loss_contra: 0.0116
2026/04/17 23:32:06 - __main__ - INFO - 142 - trainer - [104/257] Loss: 6.5290 Loss_contra: 0.0115
2026/04/17 23:32:24 - __main__ - INFO - 142 - trainer - [156/257] Loss: 6.6171 Loss_contra: 0.0121
2026/04/17 23:32:42 - __main__ - INFO - 142 - trainer - [208/257] Loss: 6.6348 Loss_contra: 0.0135
2026/04/17 23:32:58 - __main__ - INFO - 124 - trainer - Epoch: 68
2026/04/17 23:32:58 - __main__ - INFO - 142 - trainer - [0/257] Loss: 6.3045 Loss_contra: 0.0120
2026/04/17 23:33:16 - __main__ - INFO - 142 - trainer - [52/257] Loss: 6.4525 Loss_contra: 0.0111
2026/04/17 23:33:34 - __main__ - INFO - 142 - trainer - [104/257] Loss: 6.6984 Loss_contra: 0.0105
2026/04/17 23:33:51 - __main__ - INFO - 142 - trainer - [156/257] Loss: 6.4831 Loss_contra: 0.0118
2026/04/17 23:34:09 - __main__ - INFO - 142 - trainer - [208/257] Loss: 6.7170 Loss_contra: 0.0129
2026/04/17 23:34:25 - __main__ - INFO - 152 - trainer - start predicting: 2026-04-17 23:34:25.783475
2026/04/17 23:35:13 - __main__ - INFO - 187 - trainer - {'Best_HR@5': 6.9248, 'Best_NDCG@5': 4.8864, 'Best_HR@10': 9.506, 'Best_NDCG@10': 5.7155, 'Best_HR@20': 12.9115, 'Best_NDCG@20': 6.5663}
2026/04/17 23:35:13 - __main__ - INFO - 188 - trainer - {'Best_epoch_HR@5': 64, 'Best_epoch_NDCG@5': 64, 'Best_epoch_HR@10': 64, 'Best_epoch_NDCG@10': 64, 'Best_epoch_HR@20': 68, 'Best_epoch_NDCG@20': 64}
2026/04/17 23:35:13 - __main__ - INFO - 124 - trainer - Epoch: 69
2026/04/17 23:35:13 - __main__ - INFO - 142 - trainer - [0/257] Loss: 6.5905 Loss_contra: 0.0103
2026/04/17 23:35:30 - __main__ - INFO - 142 - trainer - [52/257] Loss: 6.4140 Loss_contra: 0.0110
2026/04/17 23:35:48 - __main__ - INFO - 142 - trainer - [104/257] Loss: 6.4301 Loss_contra: 0.0151
2026/04/17 23:36:06 - __main__ - INFO - 142 - trainer - [156/257] Loss: 6.5945 Loss_contra: 0.0128
2026/04/17 23:36:24 - __main__ - INFO - 142 - trainer - [208/257] Loss: 6.7913 Loss_contra: 0.0114
2026/04/17 23:36:40 - __main__ - INFO - 124 - trainer - Epoch: 70
2026/04/17 23:36:40 - __main__ - INFO - 142 - trainer - [0/257] Loss: 6.5313 Loss_contra: 0.0134
2026/04/17 23:36:58 - __main__ - INFO - 142 - trainer - [52/257] Loss: 6.5782 Loss_contra: 0.0102
2026/04/17 23:37:17 - __main__ - INFO - 142 - trainer - [104/257] Loss: 6.5374 Loss_contra: 0.0118
2026/04/17 23:37:26 - __main__ - INFO - 142 - trainer - [156/257] Loss: 6.6870 Loss_contra: 0.0141
2026/04/17 23:37:34 - __main__ - INFO - 142 - trainer - [208/257] Loss: 6.7165 Loss_contra: 0.0091
2026/04/17 23:37:40 - __main__ - INFO - 152 - trainer - start predicting: 2026-04-17 23:37:40.530310
2026/04/17 23:38:10 - __main__ - INFO - 187 - trainer - {'Best_HR@5': 7.0647, 'Best_NDCG@5': 4.9515, 'Best_HR@10': 9.506, 'Best_NDCG@10': 5.7359, 'Best_HR@20': 12.9251, 'Best_NDCG@20': 6.5964}
2026/04/17 23:38:10 - __main__ - INFO - 188 - trainer - {'Best_epoch_HR@5': 70, 'Best_epoch_NDCG@5': 70, 'Best_epoch_HR@10': 64, 'Best_epoch_NDCG@10': 70, 'Best_epoch_HR@20': 70, 'Best_epoch_NDCG@20': 70}
2026/04/17 23:38:10 - __main__ - INFO - 124 - trainer - Epoch: 71
2026/04/17 23:38:10 - __main__ - INFO - 142 - trainer - [0/257] Loss: 6.4485 Loss_contra: 0.0113
2026/04/17 23:38:18 - __main__ - INFO - 142 - trainer - [52/257] Loss: 6.6993 Loss_contra: 0.0114
2026/04/17 23:38:25 - __main__ - INFO - 142 - trainer - [104/257] Loss: 6.4746 Loss_contra: 0.0102
2026/04/17 23:38:32 - __main__ - INFO - 142 - trainer - [156/257] Loss: 6.6937 Loss_contra: 0.0116
2026/04/17 23:38:39 - __main__ - INFO - 142 - trainer - [208/257] Loss: 6.3265 Loss_contra: 0.0122
2026/04/17 23:38:46 - __main__ - INFO - 124 - trainer - Epoch: 72
2026/04/17 23:38:46 - __main__ - INFO - 142 - trainer - [0/257] Loss: 6.4984 Loss_contra: 0.0129
2026/04/17 23:38:56 - __main__ - INFO - 142 - trainer - [52/257] Loss: 6.4624 Loss_contra: 0.0122
2026/04/17 23:39:03 - __main__ - INFO - 142 - trainer - [104/257] Loss: 6.6570 Loss_contra: 0.0097
2026/04/17 23:39:10 - __main__ - INFO - 142 - trainer - [156/257] Loss: 6.7322 Loss_contra: 0.0106
2026/04/17 23:39:17 - __main__ - INFO - 142 - trainer - [208/257] Loss: 6.4730 Loss_contra: 0.0104
2026/04/17 23:39:24 - __main__ - INFO - 152 - trainer - start predicting: 2026-04-17 23:39:24.466624
2026/04/17 23:39:54 - __main__ - INFO - 187 - trainer - {'Best_HR@5': 7.0647, 'Best_NDCG@5': 4.9558, 'Best_HR@10': 9.5994, 'Best_NDCG@10': 5.8011, 'Best_HR@20': 12.9257, 'Best_NDCG@20': 6.639}
2026/04/17 23:39:54 - __main__ - INFO - 188 - trainer - {'Best_epoch_HR@5': 70, 'Best_epoch_NDCG@5': 72, 'Best_epoch_HR@10': 72, 'Best_epoch_NDCG@10': 72, 'Best_epoch_HR@20': 72, 'Best_epoch_NDCG@20': 72}
2026/04/17 23:39:54 - __main__ - INFO - 124 - trainer - Epoch: 73
2026/04/17 23:39:54 - __main__ - INFO - 142 - trainer - [0/257] Loss: 6.4945 Loss_contra: 0.0122
2026/04/17 23:40:01 - __main__ - INFO - 142 - trainer - [52/257] Loss: 6.2585 Loss_contra: 0.0123
2026/04/17 23:40:08 - __main__ - INFO - 142 - trainer - [104/257] Loss: 6.5872 Loss_contra: 0.0095
2026/04/17 23:40:15 - __main__ - INFO - 142 - trainer - [156/257] Loss: 6.3978 Loss_contra: 0.0132
2026/04/17 23:40:23 - __main__ - INFO - 142 - trainer - [208/257] Loss: 6.2873 Loss_contra: 0.0114
2026/04/17 23:40:32 - __main__ - INFO - 124 - trainer - Epoch: 74
2026/04/17 23:40:32 - __main__ - INFO - 142 - trainer - [0/257] Loss: 6.3819 Loss_contra: 0.0113
2026/04/17 23:40:40 - __main__ - INFO - 142 - trainer - [52/257] Loss: 6.3406 Loss_contra: 0.0101
2026/04/17 23:40:47 - __main__ - INFO - 142 - trainer - [104/257] Loss: 6.4881 Loss_contra: 0.0100
2026/04/17 23:40:54 - __main__ - INFO - 142 - trainer - [156/257] Loss: 6.5882 Loss_contra: 0.0099
2026/04/17 23:41:01 - __main__ - INFO - 142 - trainer - [208/257] Loss: 6.4076 Loss_contra: 0.0117
2026/04/17 23:41:09 - __main__ - INFO - 152 - trainer - start predicting: 2026-04-17 23:41:09.629555
2026/04/17 23:41:38 - __main__ - INFO - 187 - trainer - {'Best_HR@5': 7.0647, 'Best_NDCG@5': 4.9749, 'Best_HR@10': 9.6301, 'Best_NDCG@10': 5.825, 'Best_HR@20': 13.0498, 'Best_NDCG@20': 6.6846}
2026/04/17 23:41:38 - __main__ - INFO - 188 - trainer - {'Best_epoch_HR@5': 70, 'Best_epoch_NDCG@5': 74, 'Best_epoch_HR@10': 74, 'Best_epoch_NDCG@10': 74, 'Best_epoch_HR@20': 74, 'Best_epoch_NDCG@20': 74}
2026/04/17 23:41:38 - __main__ - INFO - 124 - trainer - Epoch: 75
2026/04/17 23:41:38 - __main__ - INFO - 142 - trainer - [0/257] Loss: 6.5325 Loss_contra: 0.0127
2026/04/17 23:41:46 - __main__ - INFO - 142 - trainer - [52/257] Loss: 6.3380 Loss_contra: 0.0112
2026/04/17 23:41:53 - __main__ - INFO - 142 - trainer - [104/257] Loss: 6.4166 Loss_contra: 0.0122
2026/04/17 23:42:02 - __main__ - INFO - 142 - trainer - [156/257] Loss: 6.4398 Loss_contra: 0.0120
2026/04/17 23:42:11 - __main__ - INFO - 142 - trainer - [208/257] Loss: 6.5999 Loss_contra: 0.0098
2026/04/17 23:42:17 - __main__ - INFO - 124 - trainer - Epoch: 76
2026/04/17 23:42:17 - __main__ - INFO - 142 - trainer - [0/257] Loss: 6.3511 Loss_contra: 0.0125
2026/04/17 23:42:25 - __main__ - INFO - 142 - trainer - [52/257] Loss: 6.3553 Loss_contra: 0.0106
2026/04/17 23:42:32 - __main__ - INFO - 142 - trainer - [104/257] Loss: 6.4204 Loss_contra: 0.0138
2026/04/17 23:42:39 - __main__ - INFO - 142 - trainer - [156/257] Loss: 6.4920 Loss_contra: 0.0095
2026/04/17 23:42:49 - __main__ - INFO - 142 - trainer - [208/257] Loss: 6.7595 Loss_contra: 0.0103
2026/04/17 23:42:56 - __main__ - INFO - 152 - trainer - start predicting: 2026-04-17 23:42:56.528533
2026/04/17 23:43:25 - __main__ - INFO - 124 - trainer - Epoch: 77
2026/04/17 23:43:25 - __main__ - INFO - 142 - trainer - [0/257] Loss: 6.2757 Loss_contra: 0.0090
2026/04/17 23:43:34 - __main__ - INFO - 142 - trainer - [52/257] Loss: 6.2613 Loss_contra: 0.0096
2026/04/17 23:43:43 - __main__ - INFO - 142 - trainer - [104/257] Loss: 6.5136 Loss_contra: 0.0097
2026/04/17 23:43:50 - __main__ - INFO - 142 - trainer - [156/257] Loss: 6.5034 Loss_contra: 0.0098
2026/04/17 23:43:57 - __main__ - INFO - 142 - trainer - [208/257] Loss: 6.5218 Loss_contra: 0.0114
2026/04/17 23:44:03 - __main__ - INFO - 124 - trainer - Epoch: 78
2026/04/17 23:44:03 - __main__ - INFO - 142 - trainer - [0/257] Loss: 6.3869 Loss_contra: 0.0101
2026/04/17 23:44:11 - __main__ - INFO - 142 - trainer - [52/257] Loss: 6.4667 Loss_contra: 0.0115
2026/04/17 23:44:20 - __main__ - INFO - 142 - trainer - [104/257] Loss: 6.2544 Loss_contra: 0.0102
2026/04/17 23:44:29 - __main__ - INFO - 142 - trainer - [156/257] Loss: 6.3950 Loss_contra: 0.0085
2026/04/17 23:44:36 - __main__ - INFO - 142 - trainer - [208/257] Loss: 6.3724 Loss_contra: 0.0101
2026/04/17 23:44:42 - __main__ - INFO - 152 - trainer - start predicting: 2026-04-17 23:44:42.827462
2026/04/17 23:45:12 - __main__ - INFO - 124 - trainer - Epoch: 79
2026/04/17 23:45:12 - __main__ - INFO - 142 - trainer - [0/257] Loss: 6.3310 Loss_contra: 0.0098
2026/04/17 23:45:21 - __main__ - INFO - 142 - trainer - [52/257] Loss: 6.5262 Loss_contra: 0.0092
2026/04/17 23:45:30 - __main__ - INFO - 142 - trainer - [104/257] Loss: 6.3481 Loss_contra: 0.0107
2026/04/17 23:45:34 - __main__ - INFO - 142 - trainer - [156/257] Loss: 6.3056 Loss_contra: 0.0097
2026/04/17 23:45:36 - __main__ - INFO - 142 - trainer - [208/257] Loss: 6.5845 Loss_contra: 0.0093
2026/04/17 23:45:38 - __main__ - INFO - 124 - trainer - Epoch: 80
2026/04/17 23:45:38 - __main__ - INFO - 142 - trainer - [0/257] Loss: 6.3629 Loss_contra: 0.0100
2026/04/17 23:45:40 - __main__ - INFO - 142 - trainer - [52/257] Loss: 6.4872 Loss_contra: 0.0098
2026/04/17 23:45:42 - __main__ - INFO - 142 - trainer - [104/257] Loss: 6.3701 Loss_contra: 0.0095
2026/04/17 23:45:45 - __main__ - INFO - 142 - trainer - [156/257] Loss: 6.2269 Loss_contra: 0.0097
2026/04/17 23:45:47 - __main__ - INFO - 142 - trainer - [208/257] Loss: 6.3793 Loss_contra: 0.0105
2026/04/17 23:45:49 - __main__ - INFO - 152 - trainer - start predicting: 2026-04-17 23:45:49.147864
2026/04/17 23:46:01 - __main__ - INFO - 187 - trainer - {'Best_HR@5': 7.0647, 'Best_NDCG@5': 5.0067, 'Best_HR@10': 9.6871, 'Best_NDCG@10': 5.8546, 'Best_HR@20': 13.176, 'Best_NDCG@20': 6.7313}
2026/04/17 23:46:01 - __main__ - INFO - 188 - trainer - {'Best_epoch_HR@5': 70, 'Best_epoch_NDCG@5': 80, 'Best_epoch_HR@10': 80, 'Best_epoch_NDCG@10': 80, 'Best_epoch_HR@20': 80, 'Best_epoch_NDCG@20': 80}
2026/04/17 23:46:01 - __main__ - INFO - 124 - trainer - Epoch: 81
2026/04/17 23:46:01 - __main__ - INFO - 142 - trainer - [0/257] Loss: 6.3413 Loss_contra: 0.0105
2026/04/17 23:46:03 - __main__ - INFO - 142 - trainer - [52/257] Loss: 6.1664 Loss_contra: 0.0097
2026/04/17 23:46:05 - __main__ - INFO - 142 - trainer - [104/257] Loss: 6.3008 Loss_contra: 0.0119
2026/04/17 23:46:07 - __main__ - INFO - 142 - trainer - [156/257] Loss: 6.3149 Loss_contra: 0.0109
2026/04/17 23:46:09 - __main__ - INFO - 142 - trainer - [208/257] Loss: 6.1049 Loss_contra: 0.0097
2026/04/17 23:46:11 - __main__ - INFO - 124 - trainer - Epoch: 82
2026/04/17 23:46:11 - __main__ - INFO - 142 - trainer - [0/257] Loss: 6.3321 Loss_contra: 0.0085
2026/04/17 23:46:13 - __main__ - INFO - 142 - trainer - [52/257] Loss: 6.2100 Loss_contra: 0.0116
2026/04/17 23:46:15 - __main__ - INFO - 142 - trainer - [104/257] Loss: 6.1963 Loss_contra: 0.0100
2026/04/17 23:46:18 - __main__ - INFO - 142 - trainer - [156/257] Loss: 6.3254 Loss_contra: 0.0106
2026/04/17 23:46:20 - __main__ - INFO - 142 - trainer - [208/257] Loss: 6.2759 Loss_contra: 0.0111
2026/04/17 23:46:22 - __main__ - INFO - 152 - trainer - start predicting: 2026-04-17 23:46:22.089179
2026/04/17 23:46:34 - __main__ - INFO - 187 - trainer - {'Best_HR@5': 7.0647, 'Best_NDCG@5': 5.0067, 'Best_HR@10': 9.7209, 'Best_NDCG@10': 5.8712, 'Best_HR@20': 13.176, 'Best_NDCG@20': 6.7313}
2026/04/17 23:46:34 - __main__ - INFO - 188 - trainer - {'Best_epoch_HR@5': 70, 'Best_epoch_NDCG@5': 80, 'Best_epoch_HR@10': 82, 'Best_epoch_NDCG@10': 82, 'Best_epoch_HR@20': 80, 'Best_epoch_NDCG@20': 80}
2026/04/17 23:46:34 - __main__ - INFO - 124 - trainer - Epoch: 83
2026/04/17 23:46:34 - __main__ - INFO - 142 - trainer - [0/257] Loss: 6.1776 Loss_contra: 0.0091
2026/04/17 23:46:36 - __main__ - INFO - 142 - trainer - [52/257] Loss: 6.2777 Loss_contra: 0.0089
2026/04/17 23:46:38 - __main__ - INFO - 142 - trainer - [104/257] Loss: 6.1940 Loss_contra: 0.0092
2026/04/17 23:46:40 - __main__ - INFO - 142 - trainer - [156/257] Loss: 6.3194 Loss_contra: 0.0100
2026/04/17 23:46:42 - __main__ - INFO - 142 - trainer - [208/257] Loss: 6.3421 Loss_contra: 0.0089
2026/04/17 23:46:44 - __main__ - INFO - 124 - trainer - Epoch: 84
2026/04/17 23:46:44 - __main__ - INFO - 142 - trainer - [0/257] Loss: 6.3867 Loss_contra: 0.0083
2026/04/17 23:46:46 - __main__ - INFO - 142 - trainer - [52/257] Loss: 6.1320 Loss_contra: 0.0085
2026/04/17 23:46:48 - __main__ - INFO - 142 - trainer - [104/257] Loss: 6.2367 Loss_contra: 0.0092
2026/04/17 23:46:50 - __main__ - INFO - 142 - trainer - [156/257] Loss: 6.4428 Loss_contra: 0.0082
2026/04/17 23:46:53 - __main__ - INFO - 142 - trainer - [208/257] Loss: 6.2554 Loss_contra: 0.0105
2026/04/17 23:46:54 - __main__ - INFO - 152 - trainer - start predicting: 2026-04-17 23:46:54.989882
2026/04/17 23:47:07 - __main__ - INFO - 187 - trainer - {'Best_HR@5': 7.1701, 'Best_NDCG@5': 5.0617, 'Best_HR@10': 9.7209, 'Best_NDCG@10': 5.8712, 'Best_HR@20': 13.176, 'Best_NDCG@20': 6.7313}
2026/04/17 23:47:07 - __main__ - INFO - 188 - trainer - {'Best_epoch_HR@5': 84, 'Best_epoch_NDCG@5': 84, 'Best_epoch_HR@10': 82, 'Best_epoch_NDCG@10': 82, 'Best_epoch_HR@20': 80, 'Best_epoch_NDCG@20': 80}
2026/04/17 23:47:07 - __main__ - INFO - 124 - trainer - Epoch: 85
2026/04/17 23:47:07 - __main__ - INFO - 142 - trainer - [0/257] Loss: 6.3521 Loss_contra: 0.0084
2026/04/17 23:47:09 - __main__ - INFO - 142 - trainer - [52/257] Loss: 6.3897 Loss_contra: 0.0086
2026/04/17 23:47:11 - __main__ - INFO - 142 - trainer - [104/257] Loss: 6.3748 Loss_contra: 0.0097
2026/04/17 23:47:13 - __main__ - INFO - 142 - trainer - [156/257] Loss: 6.2065 Loss_contra: 0.0089
2026/04/17 23:47:15 - __main__ - INFO - 142 - trainer - [208/257] Loss: 6.4234 Loss_contra: 0.0086
2026/04/17 23:47:17 - __main__ - INFO - 124 - trainer - Epoch: 86
2026/04/17 23:47:17 - __main__ - INFO - 142 - trainer - [0/257] Loss: 6.2728 Loss_contra: 0.0104
2026/04/17 23:47:19 - __main__ - INFO - 142 - trainer - [52/257] Loss: 6.1101 Loss_contra: 0.0099
2026/04/17 23:47:21 - __main__ - INFO - 142 - trainer - [104/257] Loss: 6.2057 Loss_contra: 0.0090
2026/04/17 23:47:23 - __main__ - INFO - 142 - trainer - [156/257] Loss: 6.4219 Loss_contra: 0.0103
2026/04/17 23:47:26 - __main__ - INFO - 142 - trainer - [208/257] Loss: 6.0780 Loss_contra: 0.0096
2026/04/17 23:47:27 - __main__ - INFO - 152 - trainer - start predicting: 2026-04-17 23:47:27.957780
2026/04/17 23:47:40 - __main__ - INFO - 187 - trainer - {'Best_HR@5': 7.1701, 'Best_NDCG@5': 5.0617, 'Best_HR@10': 9.7209, 'Best_NDCG@10': 5.8712, 'Best_HR@20': 13.229, 'Best_NDCG@20': 6.7371}
2026/04/17 23:47:40 - __main__ - INFO - 188 - trainer - {'Best_epoch_HR@5': 84, 'Best_epoch_NDCG@5': 84, 'Best_epoch_HR@10': 82, 'Best_epoch_NDCG@10': 82, 'Best_epoch_HR@20': 86, 'Best_epoch_NDCG@20': 86}
2026/04/17 23:47:40 - __main__ - INFO - 124 - trainer - Epoch: 87
2026/04/17 23:47:40 - __main__ - INFO - 142 - trainer - [0/257] Loss: 6.2580 Loss_contra: 0.0100
2026/04/17 23:47:42 - __main__ - INFO - 142 - trainer - [52/257] Loss: 6.2367 Loss_contra: 0.0092
2026/04/17 23:47:44 - __main__ - INFO - 142 - trainer - [104/257] Loss: 6.1344 Loss_contra: 0.0098
2026/04/17 23:47:46 - __main__ - INFO - 142 - trainer - [156/257] Loss: 6.3412 Loss_contra: 0.0081
2026/04/17 23:47:48 - __main__ - INFO - 142 - trainer - [208/257] Loss: 6.2682 Loss_contra: 0.0084
2026/04/17 23:47:50 - __main__ - INFO - 124 - trainer - Epoch: 88
2026/04/17 23:47:50 - __main__ - INFO - 142 - trainer - [0/257] Loss: 6.0296 Loss_contra: 0.0106
2026/04/17 23:47:52 - __main__ - INFO - 142 - trainer - [52/257] Loss: 6.3371 Loss_contra: 0.0078
2026/04/17 23:47:54 - __main__ - INFO - 142 - trainer - [104/257] Loss: 6.3488 Loss_contra: 0.0086
2026/04/17 23:47:56 - __main__ - INFO - 142 - trainer - [156/257] Loss: 6.3950 Loss_contra: 0.0089
2026/04/17 23:47:59 - __main__ - INFO - 142 - trainer - [208/257] Loss: 6.0899 Loss_contra: 0.0089
2026/04/17 23:48:01 - __main__ - INFO - 152 - trainer - start predicting: 2026-04-17 23:48:01.062513
2026/04/17 23:48:13 - __main__ - INFO - 187 - trainer - {'Best_HR@5': 7.1701, 'Best_NDCG@5': 5.0633, 'Best_HR@10': 9.774, 'Best_NDCG@10': 5.9183, 'Best_HR@20': 13.229, 'Best_NDCG@20': 6.7761}
2026/04/17 23:48:13 - __main__ - INFO - 188 - trainer - {'Best_epoch_HR@5': 84, 'Best_epoch_NDCG@5': 88, 'Best_epoch_HR@10': 88, 'Best_epoch_NDCG@10': 88, 'Best_epoch_HR@20': 86, 'Best_epoch_NDCG@20': 88}
2026/04/17 23:48:13 - __main__ - INFO - 124 - trainer - Epoch: 89
2026/04/17 23:48:13 - __main__ - INFO - 142 - trainer - [0/257] Loss: 6.1604 Loss_contra: 0.0083
2026/04/17 23:48:15 - __main__ - INFO - 142 - trainer - [52/257] Loss: 6.0719 Loss_contra: 0.0087
2026/04/17 23:48:17 - __main__ - INFO - 142 - trainer - [104/257] Loss: 6.2084 Loss_contra: 0.0090
2026/04/17 23:48:19 - __main__ - INFO - 142 - trainer - [156/257] Loss: 6.0937 Loss_contra: 0.0101
2026/04/17 23:48:21 - __main__ - INFO - 142 - trainer - [208/257] Loss: 6.3303 Loss_contra: 0.0094
2026/04/17 23:48:23 - __main__ - INFO - 124 - trainer - Epoch: 90
2026/04/17 23:48:23 - __main__ - INFO - 142 - trainer - [0/257] Loss: 6.0317 Loss_contra: 0.0090
2026/04/17 23:48:25 - __main__ - INFO - 142 - trainer - [52/257] Loss: 6.1642 Loss_contra: 0.0109
2026/04/17 23:48:27 - __main__ - INFO - 142 - trainer - [104/257] Loss: 6.1951 Loss_contra: 0.0089
2026/04/17 23:48:30 - __main__ - INFO - 142 - trainer - [156/257] Loss: 6.2355 Loss_contra: 0.0082
2026/04/17 23:48:32 - __main__ - INFO - 142 - trainer - [208/257] Loss: 6.1687 Loss_contra: 0.0094
2026/04/17 23:48:34 - __main__ - INFO - 152 - trainer - start predicting: 2026-04-17 23:48:34.116232
2026/04/17 23:48:46 - __main__ - INFO - 124 - trainer - Epoch: 91
2026/04/17 23:48:46 - __main__ - INFO - 142 - trainer - [0/257] Loss: 6.1192 Loss_contra: 0.0084
2026/04/17 23:48:48 - __main__ - INFO - 142 - trainer - [52/257] Loss: 6.2308 Loss_contra: 0.0076
2026/04/17 23:48:50 - __main__ - INFO - 142 - trainer - [104/257] Loss: 6.0229 Loss_contra: 0.0092
2026/04/17 23:48:52 - __main__ - INFO - 142 - trainer - [156/257] Loss: 6.0724 Loss_contra: 0.0109
2026/04/17 23:48:54 - __main__ - INFO - 142 - trainer - [208/257] Loss: 6.1547 Loss_contra: 0.0091
2026/04/17 23:48:56 - __main__ - INFO - 124 - trainer - Epoch: 92
2026/04/17 23:48:56 - __main__ - INFO - 142 - trainer - [0/257] Loss: 6.2298 Loss_contra: 0.0089
2026/04/17 23:48:58 - __main__ - INFO - 142 - trainer - [52/257] Loss: 6.3165 Loss_contra: 0.0073
2026/04/17 23:49:00 - __main__ - INFO - 142 - trainer - [104/257] Loss: 5.8666 Loss_contra: 0.0111
2026/04/17 23:49:02 - __main__ - INFO - 142 - trainer - [156/257] Loss: 6.1739 Loss_contra: 0.0074
2026/04/17 23:49:05 - __main__ - INFO - 142 - trainer - [208/257] Loss: 6.1328 Loss_contra: 0.0090
2026/04/17 23:49:07 - __main__ - INFO - 152 - trainer - start predicting: 2026-04-17 23:49:07.048114
2026/04/17 23:49:19 - __main__ - INFO - 124 - trainer - Epoch: 93
2026/04/17 23:49:19 - __main__ - INFO - 142 - trainer - [0/257] Loss: 5.9875 Loss_contra: 0.0085
2026/04/17 23:49:21 - __main__ - INFO - 142 - trainer - [52/257] Loss: 6.1655 Loss_contra: 0.0102
2026/04/17 23:49:23 - __main__ - INFO - 142 - trainer - [104/257] Loss: 5.9100 Loss_contra: 0.0103
2026/04/17 23:49:25 - __main__ - INFO - 142 - trainer - [156/257] Loss: 6.0688 Loss_contra: 0.0080
2026/04/17 23:49:27 - __main__ - INFO - 142 - trainer - [208/257] Loss: 6.0574 Loss_contra: 0.0084
2026/04/17 23:49:29 - __main__ - INFO - 124 - trainer - Epoch: 94
2026/04/17 23:49:29 - __main__ - INFO - 142 - trainer - [0/257] Loss: 5.8446 Loss_contra: 0.0095
2026/04/17 23:49:31 - __main__ - INFO - 142 - trainer - [52/257] Loss: 5.9998 Loss_contra: 0.0112
2026/04/17 23:49:34 - __main__ - INFO - 142 - trainer - [104/257] Loss: 6.2345 Loss_contra: 0.0073
2026/04/17 23:49:36 - __main__ - INFO - 142 - trainer - [156/257] Loss: 5.9019 Loss_contra: 0.0084
2026/04/17 23:49:38 - __main__ - INFO - 142 - trainer - [208/257] Loss: 5.9865 Loss_contra: 0.0112
2026/04/17 23:49:40 - __main__ - INFO - 152 - trainer - start predicting: 2026-04-17 23:49:40.212284
2026/04/17 23:49:52 - __main__ - INFO - 187 - trainer - {'Best_HR@5': 7.1701, 'Best_NDCG@5': 5.0633, 'Best_HR@10': 9.774, 'Best_NDCG@10': 5.9183, 'Best_HR@20': 13.3529, 'Best_NDCG@20': 6.7889}
2026/04/17 23:49:52 - __main__ - INFO - 188 - trainer - {'Best_epoch_HR@5': 84, 'Best_epoch_NDCG@5': 88, 'Best_epoch_HR@10': 88, 'Best_epoch_NDCG@10': 88, 'Best_epoch_HR@20': 94, 'Best_epoch_NDCG@20': 94}
2026/04/17 23:49:52 - __main__ - INFO - 124 - trainer - Epoch: 95
2026/04/17 23:49:52 - __main__ - INFO - 142 - trainer - [0/257] Loss: 6.2379 Loss_contra: 0.0099
2026/04/17 23:49:54 - __main__ - INFO - 142 - trainer - [52/257] Loss: 5.8858 Loss_contra: 0.0071
2026/04/17 23:49:56 - __main__ - INFO - 142 - trainer - [104/257] Loss: 6.1261 Loss_contra: 0.0082
2026/04/17 23:49:58 - __main__ - INFO - 142 - trainer - [156/257] Loss: 6.0311 Loss_contra: 0.0078
2026/04/17 23:50:00 - __main__ - INFO - 142 - trainer - [208/257] Loss: 6.1705 Loss_contra: 0.0098
2026/04/17 23:50:02 - __main__ - INFO - 124 - trainer - Epoch: 96
2026/04/17 23:50:02 - __main__ - INFO - 142 - trainer - [0/257] Loss: 6.1103 Loss_contra: 0.0082
2026/04/17 23:50:04 - __main__ - INFO - 142 - trainer - [52/257] Loss: 5.9567 Loss_contra: 0.0083
2026/04/17 23:50:07 - __main__ - INFO - 142 - trainer - [104/257] Loss: 5.9765 Loss_contra: 0.0085
2026/04/17 23:50:09 - __main__ - INFO - 142 - trainer - [156/257] Loss: 6.0289 Loss_contra: 0.0079
2026/04/17 23:50:11 - __main__ - INFO - 142 - trainer - [208/257] Loss: 6.1553 Loss_contra: 0.0099
2026/04/17 23:50:13 - __main__ - INFO - 152 - trainer - start predicting: 2026-04-17 23:50:13.249091
2026/04/17 23:50:25 - __main__ - INFO - 187 - trainer - {'Best_HR@5': 7.1701, 'Best_NDCG@5': 5.0718, 'Best_HR@10': 9.7742, 'Best_NDCG@10': 5.9365, 'Best_HR@20': 13.3529, 'Best_NDCG@20': 6.8232}
2026/04/17 23:50:25 - __main__ - INFO - 188 - trainer - {'Best_epoch_HR@5': 84, 'Best_epoch_NDCG@5': 96, 'Best_epoch_HR@10': 96, 'Best_epoch_NDCG@10': 96, 'Best_epoch_HR@20': 94, 'Best_epoch_NDCG@20': 96}
2026/04/17 23:50:25 - __main__ - INFO - 124 - trainer - Epoch: 97
2026/04/17 23:50:25 - __main__ - INFO - 142 - trainer - [0/257] Loss: 5.8582 Loss_contra: 0.0097
2026/04/17 23:50:27 - __main__ - INFO - 142 - trainer - [52/257] Loss: 5.9157 Loss_contra: 0.0085
2026/04/17 23:50:29 - __main__ - INFO - 142 - trainer - [104/257] Loss: 5.9582 Loss_contra: 0.0090
2026/04/17 23:50:31 - __main__ - INFO - 142 - trainer - [156/257] Loss: 6.1709 Loss_contra: 0.0082
2026/04/17 23:50:33 - __main__ - INFO - 142 - trainer - [208/257] Loss: 6.0593 Loss_contra: 0.0073
2026/04/17 23:50:35 - __main__ - INFO - 124 - trainer - Epoch: 98
2026/04/17 23:50:35 - __main__ - INFO - 142 - trainer - [0/257] Loss: 6.0241 Loss_contra: 0.0076
2026/04/17 23:50:38 - __main__ - INFO - 142 - trainer - [52/257] Loss: 6.0640 Loss_contra: 0.0069
2026/04/17 23:50:40 - __main__ - INFO - 142 - trainer - [104/257] Loss: 5.9135 Loss_contra: 0.0089
2026/04/17 23:50:42 - __main__ - INFO - 142 - trainer - [156/257] Loss: 6.0372 Loss_contra: 0.0078
2026/04/17 23:50:44 - __main__ - INFO - 142 - trainer - [208/257] Loss: 6.1426 Loss_contra: 0.0079
2026/04/17 23:50:46 - __main__ - INFO - 152 - trainer - start predicting: 2026-04-17 23:50:46.572216
2026/04/17 23:50:58 - __main__ - INFO - 187 - trainer - {'Best_HR@5': 7.3253, 'Best_NDCG@5': 5.2109, 'Best_HR@10': 9.8797, 'Best_NDCG@10': 6.0361, 'Best_HR@20': 13.3529, 'Best_NDCG@20': 6.892}
2026/04/17 23:50:58 - __main__ - INFO - 188 - trainer - {'Best_epoch_HR@5': 98, 'Best_epoch_NDCG@5': 98, 'Best_epoch_HR@10': 98, 'Best_epoch_NDCG@10': 98, 'Best_epoch_HR@20': 94, 'Best_epoch_NDCG@20': 98}
2026/04/17 23:50:58 - __main__ - INFO - 124 - trainer - Epoch: 99
2026/04/17 23:50:58 - __main__ - INFO - 142 - trainer - [0/257] Loss: 6.0634 Loss_contra: 0.0077
2026/04/17 23:51:00 - __main__ - INFO - 142 - trainer - [52/257] Loss: 5.9603 Loss_contra: 0.0104
2026/04/17 23:51:02 - __main__ - INFO - 142 - trainer - [104/257] Loss: 5.8693 Loss_contra: 0.0069
2026/04/17 23:51:04 - __main__ - INFO - 142 - trainer - [156/257] Loss: 6.0384 Loss_contra: 0.0080
2026/04/17 23:51:07 - __main__ - INFO - 142 - trainer - [208/257] Loss: 6.0053 Loss_contra: 0.0089
2026/04/17 23:51:08 - __main__ - INFO - 124 - trainer - Epoch: 100
2026/04/17 23:51:09 - __main__ - INFO - 142 - trainer - [0/257] Loss: 5.7987 Loss_contra: 0.0077
2026/04/17 23:51:11 - __main__ - INFO - 142 - trainer - [52/257] Loss: 6.0322 Loss_contra: 0.0081
2026/04/17 23:51:13 - __main__ - INFO - 142 - trainer - [104/257] Loss: 5.9242 Loss_contra: 0.0088
2026/04/17 23:51:15 - __main__ - INFO - 142 - trainer - [156/257] Loss: 5.9271 Loss_contra: 0.0072
2026/04/17 23:51:17 - __main__ - INFO - 142 - trainer - [208/257] Loss: 6.1398 Loss_contra: 0.0074
2026/04/17 23:51:19 - __main__ - INFO - 152 - trainer - start predicting: 2026-04-17 23:51:19.331380
2026/04/17 23:51:31 - __main__ - INFO - 124 - trainer - Epoch: 101
2026/04/17 23:51:31 - __main__ - INFO - 142 - trainer - [0/257] Loss: 5.8137 Loss_contra: 0.0086
2026/04/17 23:51:33 - __main__ - INFO - 142 - trainer - [52/257] Loss: 6.0783 Loss_contra: 0.0078
2026/04/17 23:51:35 - __main__ - INFO - 142 - trainer - [104/257] Loss: 6.0631 Loss_contra: 0.0073
2026/04/17 23:51:37 - __main__ - INFO - 142 - trainer - [156/257] Loss: 5.9074 Loss_contra: 0.0082
2026/04/17 23:51:39 - __main__ - INFO - 142 - trainer - [208/257] Loss: 5.9063 Loss_contra: 0.0070
2026/04/17 23:51:41 - __main__ - INFO - 124 - trainer - Epoch: 102
2026/04/17 23:51:41 - __main__ - INFO - 142 - trainer - [0/257] Loss: 5.9613 Loss_contra: 0.0094
2026/04/17 23:51:43 - __main__ - INFO - 142 - trainer - [52/257] Loss: 5.7628 Loss_contra: 0.0060
2026/04/17 23:51:45 - __main__ - INFO - 142 - trainer - [104/257] Loss: 5.9593 Loss_contra: 0.0077
2026/04/17 23:51:47 - __main__ - INFO - 142 - trainer - [156/257] Loss: 6.0253 Loss_contra: 0.0087
2026/04/17 23:51:50 - __main__ - INFO - 142 - trainer - [208/257] Loss: 5.8809 Loss_contra: 0.0083
2026/04/17 23:51:51 - __main__ - INFO - 152 - trainer - start predicting: 2026-04-17 23:51:51.950212
2026/04/17 23:52:03 - __main__ - INFO - 124 - trainer - Epoch: 103
2026/04/17 23:52:04 - __main__ - INFO - 142 - trainer - [0/257] Loss: 5.7728 Loss_contra: 0.0076
2026/04/17 23:52:06 - __main__ - INFO - 142 - trainer - [52/257] Loss: 5.9180 Loss_contra: 0.0067
2026/04/17 23:52:08 - __main__ - INFO - 142 - trainer - [104/257] Loss: 5.8394 Loss_contra: 0.0072
2026/04/17 23:52:10 - __main__ - INFO - 142 - trainer - [156/257] Loss: 5.7898 Loss_contra: 0.0074
2026/04/17 23:52:12 - __main__ - INFO - 142 - trainer - [208/257] Loss: 6.0139 Loss_contra: 0.0080
2026/04/17 23:52:14 - __main__ - INFO - 124 - trainer - Epoch: 104
2026/04/17 23:52:14 - __main__ - INFO - 142 - trainer - [0/257] Loss: 6.0119 Loss_contra: 0.0079
2026/04/17 23:52:16 - __main__ - INFO - 142 - trainer - [52/257] Loss: 5.8827 Loss_contra: 0.0081
2026/04/17 23:52:18 - __main__ - INFO - 142 - trainer - [104/257] Loss: 5.9204 Loss_contra: 0.0070
2026/04/17 23:52:20 - __main__ - INFO - 142 - trainer - [156/257] Loss: 5.8770 Loss_contra: 0.0081
2026/04/17 23:52:22 - __main__ - INFO - 142 - trainer - [208/257] Loss: 5.9996 Loss_contra: 0.0072
2026/04/17 23:52:24 - __main__ - INFO - 152 - trainer - start predicting: 2026-04-17 23:52:24.727238
2026/04/17 23:52:36 - __main__ - INFO - 124 - trainer - Epoch: 105
2026/04/17 23:52:36 - __main__ - INFO - 142 - trainer - [0/257] Loss: 5.8989 Loss_contra: 0.0072
2026/04/17 23:52:38 - __main__ - INFO - 142 - trainer - [52/257] Loss: 6.0680 Loss_contra: 0.0081
2026/04/17 23:52:40 - __main__ - INFO - 142 - trainer - [104/257] Loss: 5.7973 Loss_contra: 0.0077
2026/04/17 23:52:43 - __main__ - INFO - 142 - trainer - [156/257] Loss: 5.8058 Loss_contra: 0.0084
2026/04/17 23:52:45 - __main__ - INFO - 142 - trainer - [208/257] Loss: 5.7646 Loss_contra: 0.0068
2026/04/17 23:52:47 - __main__ - INFO - 124 - trainer - Epoch: 106
2026/04/17 23:52:47 - __main__ - INFO - 142 - trainer - [0/257] Loss: 5.8014 Loss_contra: 0.0079
2026/04/17 23:52:49 - __main__ - INFO - 142 - trainer - [52/257] Loss: 5.8141 Loss_contra: 0.0079
2026/04/17 23:52:51 - __main__ - INFO - 142 - trainer - [104/257] Loss: 5.9864 Loss_contra: 0.0073
2026/04/17 23:52:53 - __main__ - INFO - 142 - trainer - [156/257] Loss: 5.9908 Loss_contra: 0.0073
2026/04/17 23:52:55 - __main__ - INFO - 142 - trainer - [208/257] Loss: 5.7214 Loss_contra: 0.0092
2026/04/17 23:52:57 - __main__ - INFO - 152 - trainer - start predicting: 2026-04-17 23:52:57.625888
2026/04/17 23:53:09 - __main__ - INFO - 124 - trainer - Epoch: 107
2026/04/17 23:53:09 - __main__ - INFO - 142 - trainer - [0/257] Loss: 5.7459 Loss_contra: 0.0077
2026/04/17 23:53:11 - __main__ - INFO - 142 - trainer - [52/257] Loss: 5.8900 Loss_contra: 0.0078
2026/04/17 23:53:13 - __main__ - INFO - 142 - trainer - [104/257] Loss: 5.8956 Loss_contra: 0.0076
2026/04/17 23:53:15 - __main__ - INFO - 142 - trainer - [156/257] Loss: 5.8272 Loss_contra: 0.0071
2026/04/17 23:53:18 - __main__ - INFO - 142 - trainer - [208/257] Loss: 5.7077 Loss_contra: 0.0067
2026/04/17 23:53:19 - __main__ - INFO - 124 - trainer - Epoch: 108
2026/04/17 23:53:20 - __main__ - INFO - 142 - trainer - [0/257] Loss: 5.6427 Loss_contra: 0.0071
2026/04/17 23:53:22 - __main__ - INFO - 142 - trainer - [52/257] Loss: 5.9425 Loss_contra: 0.0067
2026/04/17 23:53:24 - __main__ - INFO - 142 - trainer - [104/257] Loss: 5.8620 Loss_contra: 0.0066
2026/04/17 23:53:26 - __main__ - INFO - 142 - trainer - [156/257] Loss: 5.8807 Loss_contra: 0.0081
2026/04/17 23:53:28 - __main__ - INFO - 142 - trainer - [208/257] Loss: 5.9016 Loss_contra: 0.0082
2026/04/17 23:53:30 - __main__ - INFO - 152 - trainer - start predicting: 2026-04-17 23:53:30.274065
2026/04/17 23:53:42 - __main__ - INFO - 124 - trainer - Epoch: 109
2026/04/17 23:53:42 - __main__ - INFO - 142 - trainer - [0/257] Loss: 5.8428 Loss_contra: 0.0059
2026/04/17 23:53:44 - __main__ - INFO - 142 - trainer - [52/257] Loss: 5.7850 Loss_contra: 0.0077
2026/04/17 23:53:46 - __main__ - INFO - 142 - trainer - [104/257] Loss: 5.8683 Loss_contra: 0.0069
2026/04/17 23:53:48 - __main__ - INFO - 142 - trainer - [156/257] Loss: 5.9587 Loss_contra: 0.0080
2026/04/17 23:53:50 - __main__ - INFO - 142 - trainer - [208/257] Loss: 5.8541 Loss_contra: 0.0081
2026/04/17 23:53:52 - __main__ - INFO - 124 - trainer - Epoch: 110
2026/04/17 23:53:52 - __main__ - INFO - 142 - trainer - [0/257] Loss: 5.8794 Loss_contra: 0.0080
2026/04/17 23:53:54 - __main__ - INFO - 142 - trainer - [52/257] Loss: 5.7946 Loss_contra: 0.0070
2026/04/17 23:53:56 - __main__ - INFO - 142 - trainer - [104/257] Loss: 5.8835 Loss_contra: 0.0073
2026/04/17 23:53:58 - __main__ - INFO - 142 - trainer - [156/257] Loss: 5.6311 Loss_contra: 0.0072
2026/04/17 23:54:01 - __main__ - INFO - 142 - trainer - [208/257] Loss: 6.0192 Loss_contra: 0.0073
2026/04/17 23:54:02 - __main__ - INFO - 152 - trainer - start predicting: 2026-04-17 23:54:02.953795
2026/04/17 23:54:15 - __main__ - INFO - 124 - trainer - Epoch: 111
2026/04/17 23:54:15 - __main__ - INFO - 142 - trainer - [0/257] Loss: 5.8343 Loss_contra: 0.0075
2026/04/17 23:54:17 - __main__ - INFO - 142 - trainer - [52/257] Loss: 5.9418 Loss_contra: 0.0081
2026/04/17 23:54:19 - __main__ - INFO - 142 - trainer - [104/257] Loss: 5.9807 Loss_contra: 0.0068
2026/04/17 23:54:21 - __main__ - INFO - 142 - trainer - [156/257] Loss: 5.7399 Loss_contra: 0.0073
2026/04/17 23:54:23 - __main__ - INFO - 142 - trainer - [208/257] Loss: 5.9795 Loss_contra: 0.0070
2026/04/17 23:54:25 - __main__ - INFO - 124 - trainer - Epoch: 112
2026/04/17 23:54:25 - __main__ - INFO - 142 - trainer - [0/257] Loss: 5.9260 Loss_contra: 0.0072
2026/04/17 23:54:27 - __main__ - INFO - 142 - trainer - [52/257] Loss: 5.8172 Loss_contra: 0.0089
2026/04/17 23:54:29 - __main__ - INFO - 142 - trainer - [104/257] Loss: 5.7355 Loss_contra: 0.0075
2026/04/17 23:54:31 - __main__ - INFO - 142 - trainer - [156/257] Loss: 5.7271 Loss_contra: 0.0066
2026/04/17 23:54:33 - __main__ - INFO - 142 - trainer - [208/257] Loss: 5.9238 Loss_contra: 0.0080
2026/04/17 23:54:35 - __main__ - INFO - 152 - trainer - start predicting: 2026-04-17 23:54:35.853967
2026/04/17 23:54:47 - __main__ - INFO - 124 - trainer - Epoch: 113
2026/04/17 23:54:47 - __main__ - INFO - 142 - trainer - [0/257] Loss: 5.7751 Loss_contra: 0.0071
2026/04/17 23:54:50 - __main__ - INFO - 142 - trainer - [52/257] Loss: 5.8292 Loss_contra: 0.0081
2026/04/17 23:54:52 - __main__ - INFO - 142 - trainer - [104/257] Loss: 5.8374 Loss_contra: 0.0067
2026/04/17 23:54:54 - __main__ - INFO - 142 - trainer - [156/257] Loss: 5.7894 Loss_contra: 0.0077
2026/04/17 23:54:56 - __main__ - INFO - 142 - trainer - [208/257] Loss: 5.7295 Loss_contra: 0.0074
2026/04/17 23:54:58 - __main__ - INFO - 124 - trainer - Epoch: 114
2026/04/17 23:54:58 - __main__ - INFO - 142 - trainer - [0/257] Loss: 5.7757 Loss_contra: 0.0076
2026/04/17 23:55:00 - __main__ - INFO - 142 - trainer - [52/257] Loss: 5.8192 Loss_contra: 0.0079
2026/04/17 23:55:02 - __main__ - INFO - 142 - trainer - [104/257] Loss: 5.7942 Loss_contra: 0.0075
2026/04/17 23:55:04 - __main__ - INFO - 142 - trainer - [156/257] Loss: 5.8578 Loss_contra: 0.0083
2026/04/17 23:55:06 - __main__ - INFO - 142 - trainer - [208/257] Loss: 5.8134 Loss_contra: 0.0068
2026/04/17 23:55:08 - __main__ - INFO - 152 - trainer - start predicting: 2026-04-17 23:55:08.528036
2026/04/17 23:55:20 - __main__ - INFO - 124 - trainer - Epoch: 115
2026/04/17 23:55:20 - __main__ - INFO - 142 - trainer - [0/257] Loss: 5.8068 Loss_contra: 0.0074
2026/04/17 23:55:22 - __main__ - INFO - 142 - trainer - [52/257] Loss: 5.9153 Loss_contra: 0.0069
2026/04/17 23:55:24 - __main__ - INFO - 142 - trainer - [104/257] Loss: 5.7805 Loss_contra: 0.0072
2026/04/17 23:55:26 - __main__ - INFO - 142 - trainer - [156/257] Loss: 5.6492 Loss_contra: 0.0078
2026/04/17 23:55:28 - __main__ - INFO - 142 - trainer - [208/257] Loss: 5.7288 Loss_contra: 0.0068
2026/04/17 23:55:30 - __main__ - INFO - 124 - trainer - Epoch: 116
2026/04/17 23:55:30 - __main__ - INFO - 142 - trainer - [0/257] Loss: 5.7960 Loss_contra: 0.0072
2026/04/17 23:55:33 - __main__ - INFO - 142 - trainer - [52/257] Loss: 5.7718 Loss_contra: 0.0080
2026/04/17 23:55:35 - __main__ - INFO - 142 - trainer - [104/257] Loss: 5.7908 Loss_contra: 0.0090
2026/04/17 23:55:37 - __main__ - INFO - 142 - trainer - [156/257] Loss: 6.1164 Loss_contra: 0.0080
2026/04/17 23:55:39 - __main__ - INFO - 142 - trainer - [208/257] Loss: 5.9402 Loss_contra: 0.0073
2026/04/17 23:55:41 - __main__ - INFO - 152 - trainer - start predicting: 2026-04-17 23:55:41.321924
2026/04/17 23:55:53 - __main__ - INFO - 124 - trainer - Epoch: 117
2026/04/17 23:55:53 - __main__ - INFO - 142 - trainer - [0/257] Loss: 5.7836 Loss_contra: 0.0080
2026/04/17 23:55:55 - __main__ - INFO - 142 - trainer - [52/257] Loss: 5.9655 Loss_contra: 0.0071
2026/04/17 23:55:57 - __main__ - INFO - 142 - trainer - [104/257] Loss: 5.7519 Loss_contra: 0.0082
2026/04/17 23:55:59 - __main__ - INFO - 142 - trainer - [156/257] Loss: 5.6835 Loss_contra: 0.0059
2026/04/17 23:56:02 - __main__ - INFO - 142 - trainer - [208/257] Loss: 6.0951 Loss_contra: 0.0066
2026/04/17 23:56:03 - __main__ - INFO - 124 - trainer - Epoch: 118
2026/04/17 23:56:03 - __main__ - INFO - 142 - trainer - [0/257] Loss: 5.8564 Loss_contra: 0.0074
2026/04/17 23:56:06 - __main__ - INFO - 142 - trainer - [52/257] Loss: 5.7914 Loss_contra: 0.0086
2026/04/17 23:56:08 - __main__ - INFO - 142 - trainer - [104/257] Loss: 5.7595 Loss_contra: 0.0082
2026/04/17 23:56:10 - __main__ - INFO - 142 - trainer - [156/257] Loss: 5.8117 Loss_contra: 0.0086
2026/04/17 23:56:12 - __main__ - INFO - 142 - trainer - [208/257] Loss: 5.9359 Loss_contra: 0.0075
2026/04/17 23:56:14 - __main__ - INFO - 152 - trainer - start predicting: 2026-04-17 23:56:14.240414
2026/04/17 23:56:26 - __main__ - INFO - 195 - trainer - {'Best_HR@5': 7.3253, 'Best_NDCG@5': 5.2109, 'Best_HR@10': 9.8797, 'Best_NDCG@10': 6.0361, 'Best_HR@20': 13.3529, 'Best_NDCG@20': 6.892}
2026/04/17 23:56:26 - __main__ - INFO - 196 - trainer - {'Best_epoch_HR@5': 98, 'Best_epoch_NDCG@5': 98, 'Best_epoch_HR@10': 98, 'Best_epoch_NDCG@10': 98, 'Best_epoch_HR@20': 94, 'Best_epoch_NDCG@20': 98}
2026/04/17 23:56:38 - __main__ - INFO - 223 - trainer - Test------------------------------------------------------
2026/04/17 23:56:38 - __main__ - INFO - 225 - trainer - {'HR@5': 5.4465, 'NDCG@5': 3.9549, 'HR@10': 7.5443, 'NDCG@10': 4.6295, 'HR@20': 10.3759, 'NDCG@20': 5.3408}
2026/04/17 23:56:38 - __main__ - INFO - 227 - trainer - Best Eval---------------------------------------------------------
2026/04/17 23:56:38 - __main__ - INFO - 230 - trainer - {'Best_HR@5': 7.3253, 'Best_NDCG@5': 5.2109, 'Best_HR@10': 9.8797, 'Best_NDCG@10': 6.0361, 'Best_HR@20': 13.3529, 'Best_NDCG@20': 6.892}
2026/04/17 23:56:38 - __main__ - INFO - 231 - trainer - {'Best_epoch_HR@5': 98, 'Best_epoch_NDCG@5': 98, 'Best_epoch_HR@10': 98, 'Best_epoch_NDCG@10': 98, 'Best_epoch_HR@20': 94, 'Best_epoch_NDCG@20': 98}
